
extDB3: https://bitbucket.org/torndeco/extdb3/wiki/Home
extDB3: Version: 1.031
extDB3: Windows Version
Message: All development for extDB3 is done on a Linux Dedicated Server
Message: If you would like to Donate to extDB3 Development
Message: https://www.paypal.com/cgi-bin/webscr?cmd=_s-xclick&hosted_button_id=2SUEFTGABTAM2
Message: Also leave a message if there is any particular feature you would like to see added.
Message: Thanks for all the people that have donated.
Message: Torndeco: 18/05/15


extDB3: Found extdb3-conf.ini
extDB3: Detected 8 Cores, Setting up 6 Worker Threads
extDB3: ...
extDB3: ...
extDB3: ...
extDB3: ...
extDB3: ...
extDB3: ...


[06:32:33:342026 +01:00] [Thread 3328] extDB3: SQL: Initialized: Add Quotes around TEXT Datatypes mode: 2
[06:32:33:342078 +01:00] [Thread 3328] extDB3: SQL: Initialized: NULL = ""
[06:32:33:342091 +01:00] [Thread 3328] extDB3: Locked
[03:16:55:808977 +01:00] [Thread 4784] extDB3: SQL: Error MariaDBQueryException: Unknown column 'playerid' in 'where clause'
[03:16:55:808999 +01:00] [Thread 4784] extDB3: SQL: Error MariaDBQueryException: Input: UPDATE players SET jail_time='5' WHERE playerid='76561198041233395'
[03:18:12:850850 +01:00] [Thread 5240] extDB3: SQL: Error MariaDBQueryException: Unknown column 'playerid' in 'where clause'
[03:18:12:850872 +01:00] [Thread 5240] extDB3: SQL: Error MariaDBQueryException: Input: UPDATE players SET jail_time='5' WHERE playerid='76561198038112694'
