 0:00:55 BattlEye Server: Initialized (v1.217)
 0:00:55 Game Port: 2302, Steam Query Port: 2303
 0:00:55 Warning: Current Steam AppId:  doesn't match expected value: 107410
 0:00:55 Mission UrbanSky.kelleysisland read from bank.
 0:00:59 Host identity created.
 0:00:59 BattlEye Server: RCon admin #0 (127.0.0.1:56178) logged in
 0:00:59 Roles assigned.
 0:00:59 Reading mission ...
 0:01:56 BattlEye Server: RCon admin #1 (127.0.0.1:49208) logged in
 0:02:05 Mission read.
 0:02:05 Game started.
 0:02:09 Successfull attempt to execute serverCommand '#exec users' by server.
 0:09:56 AL "BIG AL" GAMBINO uses modified data file
 0:09:56 BattlEye Server: Player #0 AL "BIG AL" GAMBINO (74.193.135.12:2304) connected
 0:09:56 Player AL "BIG AL" GAMBINO connecting.
 0:09:56 BattlEye Server: Connected to BE Master
 0:10:09 Player AL "BIG AL" GAMBINO disconnected.
 0:10:09 BattlEye Server: Player #0 AL "BIG AL" GAMBINO disconnected
 0:15:47 Donnie Turbo uses modified data file
 0:15:47 BattlEye Server: Player #0 Donnie Turbo (192.81.45.131:2304) connected
 0:15:47 Player Donnie Turbo connecting.
 0:15:50 BattlEye Server: Player #0 Donnie Turbo - BE GUID: a0a46137167d70778acc68329618c7e6
 0:15:50 Player Donnie Turbo connected (id=76561198041233395).
 0:15:50 BattlEye Server: Verified GUID (a0a46137167d70778acc68329618c7e6) of player #0 Donnie Turbo
 0:18:46 AL "BIG AL" GAMBINO uses modified data file
 0:18:46 BattlEye Server: Player #1 AL "BIG AL" GAMBINO (74.193.135.12:2304) connected
 0:18:46 Player AL "BIG AL" GAMBINO connecting.
 0:18:51 BattlEye Server: Player #1 AL "BIG AL" GAMBINO - BE GUID: 7df6da575da348d57bcde5b09ebf536a
 0:18:51 Player AL "BIG AL" GAMBINO connected (id=76561198361509989).
 0:18:51 BattlEye Server: Verified GUID (7df6da575da348d57bcde5b09ebf536a) of player #1 AL "BIG AL" GAMBINO
 0:18:56 Stanley Thompson [1K-75] uses modified data file
 0:18:56 BattlEye Server: Player #2 Stanley Thompson [1K-75] (174.193.21.99:33269) connected
 0:18:56 Player Stanley Thompson [1K-75] connecting.
 0:19:00 BattlEye Server: Player #2 Stanley Thompson [1K-75] - BE GUID: 1a817c92339e6b8e805de60b179df342
 0:19:00 Player Stanley Thompson [1K-75] connected (id=76561198180893505).
 0:19:00 BattlEye Server: Verified GUID (1a817c92339e6b8e805de60b179df342) of player #2 Stanley Thompson [1K-75]
 0:19:12 Player Stanley Thompson [1K-75] disconnected.
 0:19:12 BattlEye Server: Player #2 Stanley Thompson [1K-75] disconnected
 0:24:25 Amado Carrillo fuentes uses modified data file
 0:24:25 BattlEye Server: Player #2 Amado Carrillo fuentes (131.106.234.177:2304) connected
 0:24:25 Player Amado Carrillo fuentes connecting.
 0:24:30 BattlEye Server: Player #2 Amado Carrillo fuentes - BE GUID: 1de046185bbd5f8815bc88cfd7c332c2
 0:24:31 Player Amado Carrillo fuentes connected (id=76561198354844800).
 0:24:31 BattlEye Server: Verified GUID (1de046185bbd5f8815bc88cfd7c332c2) of player #2 Amado Carrillo fuentes
 0:24:50 John Anderson uses modified data file
 0:24:50 BattlEye Server: Player #3 John Anderson (174.193.21.99:33278) connected
 0:24:50 Player John Anderson connecting.
 0:24:53 BattlEye Server: Player #3 John Anderson - BE GUID: 1a817c92339e6b8e805de60b179df342
 0:24:53 Player John Anderson connected (id=76561198180893505).
 0:24:53 BattlEye Server: Verified GUID (1a817c92339e6b8e805de60b179df342) of player #3 John Anderson
 0:31:25 BattlEye Server: (Unknown) AL "BIG AL" GAMBINO: it was 83 not 56 lol
 0:32:20 BattlEye Server: (Unknown) AL "BIG AL" GAMBINO: xoxo
 0:37:48 BattlEye Server: (Unknown) AL "BIG AL" GAMBINO: if this is what they call a strict rp server then yall fucked
 0:38:06 BattlEye Server: (Unknown) Amado Carrillo fuentes: he started it
 0:38:11 Player AL "BIG AL" GAMBINO disconnected.
 0:38:11 BattlEye Server: Player #1 AL "BIG AL" GAMBINO disconnected
 0:39:59 BattlEye Server: (Unknown) Donnie Turbo: wtf
 0:40:12 BattlEye Server: (Unknown) John Anderson: LOL
 0:45:01 luke uses modified data file
 0:45:01 BattlEye Server: Player #4 luke (47.135.166.94:2304) connected
 0:45:01 Player luke connecting.
 0:45:04 BattlEye Server: Player #4 luke - BE GUID: 1b3b942c0ee67b426e685870cfe6b312
 0:45:04 Player luke connected (id=76561198264871362).
 0:45:04 BattlEye Server: Verified GUID (1b3b942c0ee67b426e685870cfe6b312) of player #4 luke
 0:48:24 Player luke is losing connection
 0:48:29 Player luke disconnected.
 0:48:29 BattlEye Server: Player #4 luke disconnected
 0:50:22 luke uses modified data file
 0:50:22 BattlEye Server: Player #4 luke (47.135.166.94:2304) connected
 0:50:22 Player luke connecting.
 0:50:24 BattlEye Server: Player #4 luke - BE GUID: 1b3b942c0ee67b426e685870cfe6b312
 0:50:24 Player luke connected (id=76561198264871362).
 0:50:25 BattlEye Server: Verified GUID (1b3b942c0ee67b426e685870cfe6b312) of player #4 luke
 0:53:26 BattlEye Server: (Unknown) Amado Carrillo fuentes: y
 0:57:16 BattlEye Server: (Unknown) Amado Carrillo fuentes: cheatin motherfuckers
 1:06:08 Sherman uses modified data file
 1:06:08 BattlEye Server: Player #5 Sherman (184.54.255.68:2304) connected
 1:06:08 Player Sherman connecting.
 1:06:11 BattlEye Server: Player #5 Sherman - BE GUID: f0371387b7fca9ed93f6370adce2e67e
 1:06:41 Player Sherman connected (id=76561198038112694).
 1:06:41 BattlEye Server: Verified GUID (f0371387b7fca9ed93f6370adce2e67e) of player #5 Sherman
 1:06:55 Player Sherman disconnected.
 1:06:55 BattlEye Server: Player #5 Sherman disconnected
 1:09:20 Sherman uses modified data file
 1:09:20 BattlEye Server: Player #5 Sherman (184.54.255.68:2304) connected
 1:09:20 Player Sherman connecting.
 1:09:22 BattlEye Server: Player #5 Sherman - BE GUID: f0371387b7fca9ed93f6370adce2e67e
 1:09:24 Player Sherman connected (id=76561198038112694).
 1:09:24 BattlEye Server: Verified GUID (f0371387b7fca9ed93f6370adce2e67e) of player #5 Sherman
 1:10:23 Player luke kicked off by BattlEye: Query Timeout
 1:10:23 Player luke disconnected.
 1:10:30 luke uses modified data file
 1:10:30 BattlEye Server: Player #6 luke (47.135.166.94:2304) connected
 1:10:30 Player luke connecting.
 1:10:33 Player luke disconnected.
 1:10:33 BattlEye Server: Player #6 luke disconnected
 1:10:52 luke uses modified data file
 1:10:52 BattlEye Server: Player #6 luke (47.135.166.94:2304) connected
 1:10:52 Player luke connecting.
 1:10:55 Player luke disconnected.
 1:10:55 BattlEye Server: Player #6 luke disconnected
 1:12:37 Player John Anderson disconnected.
 1:12:37 BattlEye Server: Player #3 John Anderson disconnected
 1:13:08 luke uses modified data file
 1:13:08 BattlEye Server: Player #6 luke (47.135.166.94:2304) connected
 1:13:08 Player luke connecting.
 1:13:10 BattlEye Server: Player #6 luke - BE GUID: 1b3b942c0ee67b426e685870cfe6b312
 1:13:11 Player luke connected (id=76561198264871362).
 1:13:11 BattlEye Server: Verified GUID (1b3b942c0ee67b426e685870cfe6b312) of player #6 luke
 1:13:43 John Anderson uses modified data file
 1:13:43 BattlEye Server: Player #7 John Anderson (174.193.21.99:33270) connected
 1:13:43 Player John Anderson connecting.
 1:13:46 BattlEye Server: Player #7 John Anderson - BE GUID: 1a817c92339e6b8e805de60b179df342
 1:13:46 Player John Anderson connected (id=76561198180893505).
 1:13:46 BattlEye Server: Verified GUID (1a817c92339e6b8e805de60b179df342) of player #7 John Anderson
 1:17:46 Player luke disconnected.
 1:17:46 BattlEye Server: Player #6 luke disconnected
 1:20:22 luke uses modified data file
 1:20:22 BattlEye Server: Player #8 luke (47.135.166.94:2304) connected
 1:20:22 Player luke connecting.
 1:20:25 BattlEye Server: Player #8 luke - BE GUID: 1b3b942c0ee67b426e685870cfe6b312
 1:20:26 Player luke connected (id=76561198264871362).
 1:20:26 BattlEye Server: Verified GUID (1b3b942c0ee67b426e685870cfe6b312) of player #8 luke
 1:22:47 BattlEye Server: (Unknown) John Anderson: Damn wall 
 1:24:09 Player luke disconnected.
 1:24:09 BattlEye Server: Player #8 luke disconnected
 1:26:23 luke uses modified data file
 1:26:23 BattlEye Server: Player #8 luke (47.135.166.94:2304) connected
 1:26:23 Player luke connecting.
 1:26:26 BattlEye Server: Player #8 luke - BE GUID: 1b3b942c0ee67b426e685870cfe6b312
 1:26:26 Player luke connected (id=76561198264871362).
 1:26:26 BattlEye Server: Verified GUID (1b3b942c0ee67b426e685870cfe6b312) of player #8 luke
 1:31:29 Rogue Tjay uses modified data file
 1:31:29 BattlEye Server: Player #9 Rogue Tjay (99.232.144.252:2304) connected
 1:31:29 Player Rogue Tjay connecting.
 1:31:32 BattlEye Server: Player #9 Rogue Tjay - BE GUID: 1775b6bbb9f6757ed1e4f0f7592af3e5
 1:31:34 Player Rogue Tjay connected (id=76561198883479728).
 1:31:34 BattlEye Server: Verified GUID (1775b6bbb9f6757ed1e4f0f7592af3e5) of player #9 Rogue Tjay
 1:36:09 Player Rogue Tjay disconnected.
 1:36:09 BattlEye Server: Player #9 Rogue Tjay disconnected
 1:39:08 Rogue Tjay uses modified data file
 1:39:08 BattlEye Server: Player #9 Rogue Tjay (99.232.144.252:2304) connected
 1:39:08 Player Rogue Tjay connecting.
 1:39:11 BattlEye Server: Player #9 Rogue Tjay - BE GUID: 1775b6bbb9f6757ed1e4f0f7592af3e5
 1:39:14 Player Rogue Tjay connected (id=76561198883479728).
 1:39:14 BattlEye Server: Verified GUID (1775b6bbb9f6757ed1e4f0f7592af3e5) of player #9 Rogue Tjay
 1:46:23 Player luke kicked off by BattlEye: Query Timeout
 1:46:23 Player luke disconnected.
 1:48:33 luke uses modified data file
 1:48:33 BattlEye Server: Player #10 luke (47.135.166.94:2304) connected
 1:48:33 Player luke connecting.
 1:48:36 BattlEye Server: Player #10 luke - BE GUID: 1b3b942c0ee67b426e685870cfe6b312
 1:48:36 Player luke connected (id=76561198264871362).
 1:48:36 BattlEye Server: Verified GUID (1b3b942c0ee67b426e685870cfe6b312) of player #10 luke
 1:58:01 Player Rogue Tjay kicked off by BattlEye: Query Timeout
 1:58:01 Player Rogue Tjay disconnected.
 1:58:24 BattlEye Server: (Unknown) Amado Carrillo fuentes: I am stuck in this dudes car 
 1:58:28 BattlEye Server: (Unknown) Amado Carrillo fuentes: wow
 1:58:47 BattlEye Server: RCon admin #0 (127.0.0.1:62056) logged in
 2:08:36 Player luke kicked off by BattlEye: Query Timeout
 2:08:36 Player luke disconnected.
 2:09:06 luke uses modified data file
 2:09:06 BattlEye Server: Player #8 luke (47.135.166.94:2304) connected
 2:09:06 Player luke connecting.
 2:09:09 Player luke disconnected.
 2:09:09 BattlEye Server: Player #8 luke disconnected
 2:15:26 Player John Anderson disconnected.
 2:15:26 BattlEye Server: Player #7 John Anderson disconnected
 2:18:39 Player Amado Carrillo fuentes disconnected.
 2:18:40 BattlEye Server: Player #2 Amado Carrillo fuentes disconnected
 2:24:13 Stanley Thompson [1K-75] uses modified data file
 2:24:13 BattlEye Server: Player #6 Stanley Thompson [1K-75] (76.6.151.180:2304) connected
 2:24:13 Player Stanley Thompson [1K-75] connecting.
 2:24:16 BattlEye Server: Player #6 Stanley Thompson [1K-75] - BE GUID: 1a817c92339e6b8e805de60b179df342
 2:24:17 Player Stanley Thompson [1K-75] connected (id=76561198180893505).
 2:24:17 BattlEye Server: Verified GUID (1a817c92339e6b8e805de60b179df342) of player #6 Stanley Thompson [1K-75]
 2:30:11 Player Sherman disconnected.
 2:30:11 BattlEye Server: Player #5 Sherman disconnected
 2:48:29 luke uses modified data file
 2:48:29 BattlEye Server: Player #7 luke (47.135.166.94:2304) connected
 2:48:29 Player luke connecting.
 2:48:31 BattlEye Server: Player #7 luke - BE GUID: 1b3b942c0ee67b426e685870cfe6b312
 2:48:32 Player luke connected (id=76561198264871362).
 2:48:32 BattlEye Server: Verified GUID (1b3b942c0ee67b426e685870cfe6b312) of player #7 luke
 3:01:34 BattlEye Server: RCon admin #1 (127.0.0.1:60150) logged in
 3:20:05 Player Stanley Thompson [1K-75] disconnected.
 3:20:05 BattlEye Server: Player #6 Stanley Thompson [1K-75] disconnected
 3:23:24 Stanley Thompson [1K-75] uses modified data file
 3:23:24 BattlEye Server: Player #8 Stanley Thompson [1K-75] (174.193.21.99:33263) connected
 3:23:24 Player Stanley Thompson [1K-75] connecting.
 3:23:27 BattlEye Server: Player #8 Stanley Thompson [1K-75] - BE GUID: 1a817c92339e6b8e805de60b179df342
 3:23:27 Player Stanley Thompson [1K-75] connected (id=76561198180893505).
 3:23:27 BattlEye Server: Verified GUID (1a817c92339e6b8e805de60b179df342) of player #8 Stanley Thompson [1K-75]
 3:32:31 Player luke disconnected.
 3:3