 9:17:45 BattlEye Server: Initialized (v1.217)
 9:17:45 Game Port: 2302, Steam Query Port: 2303
 9:17:45 Mission UrbanSky.kelleysisland read from bank.
 9:17:46 Host identity created.
 9:17:46 Roles assigned.
 9:17:46 Reading mission ...
 9:17:48 BattlEye Server: RCon admin #0 (127.0.0.1:50148) logged in
 9:18:40 BattlEye Server: RCon admin #1 (127.0.0.1:50161) logged in
 9:18:45 Mission read.
 9:18:45 HoyoBani uses modified data file
 9:18:45 Game started.
 9:18:45 BattlEye Server: Player #0 HoyoBani (162.213.242.232:2304) connected
 9:18:45 Player HoyoBani connecting.
 9:18:46 BattlEye Server: Connected to BE Master
 9:18:48 BattlEye Server: Player #0 HoyoBani - BE GUID: baeaf37751c8cb5ba1e1a73c33957203
 9:18:49 Player HoyoBani connected (id=76561198105940600).
 9:18:49 BattlEye Server: Verified GUID (baeaf37751c8cb5ba1e1a73c33957203) of player #0 HoyoBani
 9:18:49 Successfull attempt to execute serverCommand '#exec users' by server.
 9:24:09 Boyevik Butch-Mac Volkev uses modified data file
 9:24:09 BattlEye Server: Player #1 Boyevik Butch-Mac Volkev (75.129.113.251:2304) connected
 9:24:09 Player Boyevik Butch-Mac Volkev connecting.
 9:24:12 BattlEye Server: Player #1 Boyevik Butch-Mac Volkev - BE GUID: 2171a69b0a8e7bb55eac768fb58f4833
 9:24:12 Player Boyevik Butch-Mac Volkev connected (id=76561198089960350).
 9:24:12 BattlEye Server: Verified GUID (2171a69b0a8e7bb55eac768fb58f4833) of player #1 Boyevik Butch-Mac Volkev
 9:44:39 BattlEye Server: (Unknown) HoyoBani: godmode bish
 9:44:54 BattlEye Server: (Unknown) Boyevik Butch-Mac Volkev: 100 percent I do not havbe it on
 9:45:01 BattlEye Server: (Unknown) Boyevik Butch-Mac Volkev: WOW LMAO
 9:45:07 BattlEye Server: (Unknown) HoyoBani: lol
 9:45:14 BattlEye Server: (Unknown) HoyoBani: whoops misclick
 9:45:15 BattlEye Server: (Unknown) HoyoBani: xd
 9:45:22 BattlEye Server: (Unknown) Boyevik Butch-Mac Volkev: rawr xd
 9:45:33 BattlEye Server: (Unknown) HoyoBani: whoops another misclick
 9:45:37 BattlEye Server: (Unknown) HoyoBani: damn sorry bro
 9:45:40 BattlEye Server: (Unknown) Boyevik Butch-Mac Volkev: roar dx
 9:45:52 BattlEye Server: (Unknown) HoyoBani: well
 9:45:57 BattlEye Server: (Unknown) HoyoBani: this is awkward
 9:46:19 Player HoyoBani disconnected.
 9:46:19 BattlEye Server: Player #0 HoyoBani disconnected
