 5:11:25 BattlEye Server: Initialized (v1.217)
 5:11:26 Game Port: 2302, Steam Query Port: 2303
 5:11:26 Mission UrbanSky.kelleysisland read from bank.
 5:11:27 Host identity created.
 5:11:27 Roles assigned.
 5:11:27 Reading mission ...
 5:11:28 BattlEye Server: RCon admin #0 (127.0.0.1:54777) logged in
 5:12:19 BattlEye Server: RCon admin #1 (127.0.0.1:54788) logged in
 5:12:29 Mission read.
 5:12:29 HoyoBani uses modified data file
 5:12:30 Game started.
 5:12:30 BattlEye Server: Player #0 HoyoBani (162.213.242.232:2304) connected
 5:12:30 Player HoyoBani connecting.
 5:12:30 BattlEye Server: Connected to BE Master
 5:12:32 BattlEye Server: Player #0 HoyoBani - BE GUID: baeaf37751c8cb5ba1e1a73c33957203
 5:12:33 Player HoyoBani connected (id=76561198105940600).
 5:12:33 BattlEye Server: Verified GUID (baeaf37751c8cb5ba1e1a73c33957203) of player #0 HoyoBani
 5:12:33 Successfull attempt to execute serverCommand '#exec users' by server.
 5:19:36 luke uses modified data file
 5:19:36 BattlEye Server: Player #1 luke (47.135.166.94:2304) connected
 5:19:36 Player luke connecting.
 5:19:39 BattlEye Server: Player #1 luke - BE GUID: 1b3b942c0ee67b426e685870cfe6b312
 5:19:39 Player luke connected (id=76561198264871362).
 5:19:39 BattlEye Server: Verified GUID (1b3b942c0ee67b426e685870cfe6b312) of player #1 luke
