12:27:42 BattlEye Server: Initialized (v1.217)
12:27:42 Game Port: 2302, Steam Query Port: 2303
12:27:42 Mission UrbanSky.kelleysisland read from bank.
12:27:43 Host identity created.
12:27:43 Roles assigned.
12:27:43 Reading mission ...
12:27:46 BattlEye Server: RCon admin #0 (127.0.0.1:65067) logged in
12:28:36 BattlEye Server: RCon admin #1 (127.0.0.1:65078) logged in
12:28:40 No entry 'bin\config.bin/CfgWeapons.A3L_CivBluePolo'.
12:28:40 Zander Marino uses modified data file
12:28:41 Mission UrbanSky.kelleysisland read from bank.
12:28:41 BattlEye Server: Player #0 Zander Marino (174.194.11.237:1136) connected
12:28:41 Player Zander Marino connecting.
12:28:41 Roles assigned.
12:28:41 Reading mission ...
12:28:41 BattlEye Server: Connected to BE Master
12:28:47 No entry 'bin\config.bin/CfgWeapons.A3L_CivBluePolo'.
12:28:47 Mission UrbanSky.kelleysisland read from bank.
12:28:48 Roles assigned.
12:28:48 Reading mission ...
12:28:52 No entry 'bin\config.bin/CfgWeapons.A3L_CivBluePolo'.
12:28:52 BattlEye Server: Player #0 Zander Marino - BE GUID: 1a817c92339e6b8e805de60b179df342
12:28:52 Mission UrbanSky.kelleysisland read from bank.
12:28:52 Roles assigned.
12:28:52 Player Zander Marino connected (id=76561198180893505).
12:28:52 BattlEye Server: Verified GUID (1a817c92339e6b8e805de60b179df342) of player #0 Zander Marino
12:28:53 Reading mission ...
12:28:56 No entry 'bin\config.bin/CfgWeapons.A3L_CivBluePolo'.
12:28:57 Mission UrbanSky.kelleysisland read from bank.
12:28:57 Roles assigned.
12:28:57 Reading mission ...
12:29:03 No entry 'bin\config.bin/CfgWeapons.A3L_CivBluePolo'.
12:29:04 Mission UrbanSky.kelleysisland read from bank.
12:29:04 Roles assigned.
12:29:04 Reading mission ...
12:29:08 No entry 'bin\config.bin/CfgWeapons.A3L_CivBluePolo'.
12:29:08 Mission UrbanSky.kelleysisland read from bank.
12:29:09 Roles assigned.
12:29:09 Reading mission ...
12:29:13 No entry 'bin\config.bin/CfgWeapons.A3L_CivBluePolo'.
12:29:13 Rick Cheney uses modified data file
12:29:13 Mission UrbanSky.kelleysisland read from bank.
12:29:14 BattlEye Server: Player #1 Rick Cheney (206.255.128.79:2304) connected
12:29:14 Player Rick Cheney connecting.
12:29:14 Roles assigned.
12:29:14 Reading mission ...
12:29:18 No entry 'bin\config.bin/CfgWeapons.A3L_CivBluePolo'.
12:29:18 Mission UrbanSky.kelleysisland read from bank.
12:29:19 Roles assigned.
12:29:19 Reading mission ...
12:29:22 No entry 'bin\config.bin/CfgWeapons.A3L_CivBluePolo'.
12:29:23 BattlEye Server: Player #1 Rick Cheney - BE GUID: df1f5160cd5d424cdfa5e623564a5824
12:29:23 Mission UrbanSky.kelleysisland read from bank.
12:29:24 Roles assigned.
12:29:24 Player Rick Cheney connected (id=76561198860031547).
12:29:24 BattlEye Server: Verified GUID (df1f5160cd5d424cdfa5e623564a5824) of player #1 Rick Cheney
12:29:24 Reading mission ...
12:29:27 No entry 'bin\config.bin/CfgWeapons.A3L_CivBluePolo'.
12:29:28 Mission UrbanSky.kelleysisland read from bank.
12:29:28 Roles assigned.
12:29:28 Reading mission ...
12:29:32 No entry 'bin\config.bin/CfgWeapons.A3L_CivBluePolo'.
12:29:33 Mission UrbanSky.kelleysisland read from bank.
12:29:33 Roles assigned.
12:29:33 Reading mission ...
12:29:37 No entry 'bin\config.bin/CfgWeapons.A3L_CivBluePolo'.
12:29:37 Mission UrbanSky.kelleysisland read from bank.
12:29:38 Roles assigned.
12:29:38 Reading mission ...
12:29:42 No entry 'bin\config.bin/CfgWeapons.A3L_CivBluePolo'.
12:29:42 Mission UrbanSky.kelleysisland read from bank.
12:29:43 Roles assigned.
12:29:43 Reading mission ...
12:29:47 No entry 'bin\config.bin/CfgWeapons.A3L_CivBluePolo'.
12:29:47 Mission UrbanSky.kelleysisland read from bank.
12:29:48 Roles assigned.
12:29:48 Reading mission ...
12:29:51 No entry 'bin\config.bin/CfgWeapons.A3L_CivBluePolo'.
12:29:52 Mission UrbanSky.kelleysisland read from bank.
12:29:52 Roles assigned.
12:29:52 Reading mission ...
12:29:56 No entry 'bin\config.bin/CfgWeapons.A3L_CivBluePolo'.
12:29:57 Mission UrbanSky.kelleysisland read from bank.
12:29:57 Roles assigned.
12:29:57 Reading mission ...
12:30:01 No entry 'bin\config.bin/CfgWeapons.A3L_Civ