 7:57:39 BattlEye Server: Initialized (v1.217)
 7:57:39 Game Port: 2302, Steam Query Port: 2303
 7:57:39 Mission Urban Sky V1.2 read from bank.
 7:57:40 Host identity created.
 7:57:40 BattlEye Server: RCon admin #0 (127.0.0.1:49430) logged in
 7:57:40 Roles assigned.
 7:57:40 Reading mission ...
 7:58:31 BattlEye Server: RCon admin #1 (127.0.0.1:52074) logged in
 7:58:40 Mission read.
 7:58:40 Game started.
 7:58:43 Successfull attempt to execute serverCommand '#exec users' by server.
 7:59:43 Nino Marino uses modified data file
 7:59:43 BattlEye Server: Player #0 Nino Marino (71.214.112.161:2304) connected
 7:59:43 Player Nino Marino connecting.
 7:59:43 BattlEye Server: Connected to BE Master
 7:59:46 BattlEye Server: Player #0 Nino Marino - BE GUID: f39290998763ee67898235ee2ea502e7
 7:59:46 Player Nino Marino connected (id=76561198206026112).
 7:59:46 BattlEye Server: Verified GUID (f39290998763ee67898235ee2ea502e7) of player #0 Nino Marino
 7:59:47 Boyevik Butch-Mac Volkev uses modified data file
 7:59:47 BattlEye Server: Player #1 Boyevik Butch-Mac Volkev (75.129.113.251:2304) connected
 7:59:47 Player Boyevik Butch-Mac Volkev connecting.
 7:59:49 BattlEye Server: Player #1 Boyevik Butch-Mac Volkev - BE GUID: 2171a69b0a8e7bb55eac768fb58f4833
 7:59:50 Player Boyevik Butch-Mac Volkev connected (id=76561198089960350).
 7:59:50 BattlEye Server: Verified GUID (2171a69b0a8e7bb55eac768fb58f4833) of player #1 Boyevik Butch-Mac Volkev
