 3:40:22 BattlEye Server: Initialized (v1.217)
 3:40:22 Game Port: 2302, Steam Query Port: 2303
 3:40:23 Mission UrbanSky.kelleysisland read from bank.
 3:40:24 Host identity created.
 3:40:24 Roles assigned.
 3:40:24 Reading mission ...
 3:40:24 BattlEye Server: RCon admin #0 (127.0.0.1:57991) logged in
 3:41:19 BattlEye Server: RCon admin #1 (127.0.0.1:57212) logged in
 3:41:26 Mission read.
 3:41:26 HoyoBani uses modified data file
 3:41:26 Game started.
 3:41:26 BattlEye Server: Player #0 HoyoBani (162.213.242.232:2304) connected
 3:41:26 Player HoyoBani connecting.
 3:41:26 BattlEye Server: Connected to BE Master
 3:41:28 BattlEye Server: Player #0 HoyoBani - BE GUID: baeaf37751c8cb5ba1e1a73c33957203
 3:41:29 Player HoyoBani connected (id=76561198105940600).
 3:41:29 BattlEye Server: Verified GUID (baeaf37751c8cb5ba1e1a73c33957203) of player #0 HoyoBani
 3:41:29 Successfull attempt to execute serverCommand '#exec users' by server.
 3:53:40 BattlEye Server: RCon admin #0 (127.0.0.1:59961) logged in
 3:55:29 Peppe Valachi uses modified data file
 3:55:29 BattlEye Server: Player #1 Peppe Valachi (24.181.56.44:2304) connected
 3:55:29 Player Peppe Valachi connecting.
 3:55:32 BattlEye Server: Player #1 Peppe Valachi - BE GUID: 5a97bd202e7b3e58fddadfe80aecf3b2
 3:55:32 Player Peppe Valachi connected (id=76561198272370927).
 3:55:32 BattlEye Server: Verified GUID (5a97bd202e7b3e58fddadfe80aecf3b2) of player #1 Peppe Valachi
 4:10:48 Sig uses modified data file
 4:10:48 BattlEye Server: Player #2 Sig (69.253.102.5:2304) connected
 4:10:48 Player Sig connecting.
 4:10:50 BattlEye Server: Player #2 Sig - BE GUID: 67a50c822bcfef9db1a2c45823f4f953
 4:10:51 Player Sig connected (id=76561198834282526).
 4:10:51 BattlEye Server: Verified GUID (67a50c822bcfef9db1a2c45823f4f953) of player #2 Sig
 4:10:54 Player Sig disconnected.
 4:10:54 BattlEye Server: Player #2 Sig disconnected
 4:16:56 Player HoyoBani disconnected.
 4:16:56 BattlEye Server: Player #0 HoyoBani disconnected
 4:20:51 Player Peppe Valachi disconnected.
 4:20:51 BattlEye Server: Player #1 Peppe Valachi disconnected
 5:26:05 BattlEye Server: RCon admin #1 (127.0.0.1:64070) logged in
 5:31:19 Kyatt Demon uses modified data file
 5:31:19 BattlEye Server: Player #0 Kyatt Demon (74.136.1.94:2304) connected
 5:31:19 Player Kyatt Demon connecting.
 5:31:23 BattlEye Server: Player #0 Kyatt Demon - BE GUID: 926f88f40ee0fb14fd8017c86e10b8c4
 5:31:26 Player Kyatt Demon connected (id=76561198159595292).
 5:31:26 BattlEye Server: Verified GUID (926f88f40ee0fb14fd8017c86e10b8c4) of player #0 Kyatt Demon
 5:53:18 Jackz uses modified data file
 5:53:18 BattlEye Server: Player #1 Jackz (12.71.191.130:2304) connected
 5:53:18 Player Jackz connecting.
 5:53:22 BattlEye Server: Player #1 Jackz - BE GUID: 83c72691f3991bb894e79e64936bb08a
 5:53:23 Player Jackz connected (id=76561198391774624).
 5:53:23 BattlEye Server: Verified GUID (83c72691f3991bb894e79e64936bb08a) of player #1 Jackz
 5:56:14 BattlEye Server: (Group) Jackz: gangs got reset and shit
 5:57:21 BattlEye Server: (Group) Jackz: ye
 5:57:33 BattlEye Server: (Group) Jackz: yeah they changed the gang systems
 5:57:38 BattlEye Server: (Group) Jackz: so all the gangs got disbaned
 5:57:41 BattlEye Server: (Group) Jackz: disbanded*
 5:57:44 BattlEye Server: (Group) Jackz: 1 sec
 5:58:02 BattlEye Server: (Group) Jackz: howdy
 5:58:15 BattlEye Server: (Group) Jackz: oh thats cool
 5:58:17 BattlEye Server: (Group) Jackz: yesir
 5:58:26 BattlEye Server: (Group) Jackz: PMC jobs
 5:58:32 BattlEye Server: (Group) Jackz: Yessir
 5:58:42 BattlEye Server: (Group) Jackz: lmao 
 5:58:48 BattlEye Server: (Group) Jackz: oh nice
 5:58:52 BattlEye Server: (Group) Jackz: true
 5:58:54 BattlEye Server: (Group) Jackz: damn
 5:59:06 BattlEye Server: (Group) Jackz: nice
 5:59:13 BattlEye Server: (Group) Jackz: not bad
 5:59:26 BattlEye Server: (Group) Jackz: well just came on to check the gang and shit
 5:59:35 BattlEye Server: (Group) Jackz: sounds good
 6:04:49 BattlEye Server: (Group) Jackz: so 
 6:04:52 BattlEye Server: (Group) Jackz: you lost the