10:27:19 BattlEye Server: Initialized (v1.217)
10:27:20 Game Port: 2302, Steam Query Port: 2303
10:27:20 Mission UrbanSky.kelleysisland read from bank.
10:27:20 Host identity created.
10:27:20 BattlEye Server: RCon admin #0 (127.0.0.1:57988) logged in
10:27:21 Roles assigned.
10:27:21 Reading mission ...
10:28:16 BattlEye Server: RCon admin #1 (127.0.0.1:63858) logged in
10:28:21 Mission read.
10:28:21 HoyoBani uses modified data file
10:28:21 Game started.
10:28:21 BattlEye Server: Player #0 HoyoBani (162.213.242.232:2304) connected
10:28:21 Player HoyoBani connecting.
10:28:21 BattlEye Server: Connected to BE Master
10:28:24 BattlEye Server: Player #0 HoyoBani - BE GUID: baeaf37751c8cb5ba1e1a73c33957203
10:28:25 Player HoyoBani connected (id=76561198105940600).
10:28:25 BattlEye Server: Verified GUID (baeaf37751c8cb5ba1e1a73c33957203) of player #0 HoyoBani
10:28:25 Successfull attempt to execute serverCommand '#exec users' by server.
10:28:43 Boyevik Butch-Mac Volkev uses modified data file
10:28:43 BattlEye Server: Player #1 Boyevik Butch-Mac Volkev (75.129.113.251:2304) connected
10:28:43 Player Boyevik Butch-Mac Volkev connecting.
10:28:46 BattlEye Server: Player #1 Boyevik Butch-Mac Volkev - BE GUID: 2171a69b0a8e7bb55eac768fb58f4833
10:28:46 Player Boyevik Butch-Mac Volkev connected (id=76561198089960350).
10:28:46 BattlEye Server: Verified GUID (2171a69b0a8e7bb55eac768fb58f4833) of player #1 Boyevik Butch-Mac Volkev
10:30:40 BattlEye Server: (Unknown) HoyoBani: do not tp pliz
10:31:12 BattlEye Server: (Unknown) HoyoBani: where u attt
10:39:38 BattlEye Server: (Unknown) HoyoBani: FIX IT
10:39:39 BattlEye Server: (Unknown) HoyoBani: BITCH
10:40:43 Player Boyevik Butch-Mac Volkev disconnected.
10:40:43 BattlEye Server: Player #1 Boyevik Butch-Mac Volkev disconnected
10:40:49 Player HoyoBani disconnected.
10:40:49 BattlEye Server: Player #0 HoyoBani disconnected
