 0:07:35 BattlEye Server: Initialized (v1.217)
 0:07:35 Game Port: 2302, Steam Query Port: 2303
 0:07:35 Mission UrbanSky.kelleysisland read from bank.
 0:07:37 Host identity created.
 0:07:37 BattlEye Server: RCon admin #0 (127.0.0.1:64015) logged in
 0:07:37 Roles assigned.
 0:07:37 Reading mission ...
 0:08:32 BattlEye Server: RCon admin #1 (127.0.0.1:60877) logged in
 0:08:43 Mission read.
 0:08:43 Game started.
 0:08:47 Successfull attempt to execute serverCommand '#exec users' by server.
 0:09:43 Nino Marino uses modified data file
 0:09:43 BattlEye Server: Player #0 Nino Marino (71.214.112.161:2304) connected
 0:09:43 Player Nino Marino connecting.
 0:09:43 BattlEye Server: Connected to BE Master
 0:09:46 BattlEye Server: Player #0 Nino Marino - BE GUID: f39290998763ee67898235ee2ea502e7
 0:09:46 Player Nino Marino connected (id=76561198206026112).
 0:09:46 BattlEye Server: Verified GUID (f39290998763ee67898235ee2ea502e7) of player #0 Nino Marino
 0:22:05 Player Nino Marino disconnected.
 0:22:05 BattlEye Server: Player #0 Nino Marino disconnected
 0:23:03 Donnie Turbo uses modified data file
 0:23:03 BattlEye Server: Player #0 Donnie Turbo (192.81.45.131:2304) connected
 0:23:03 Player Donnie Turbo connecting.
 0:23:07 BattlEye Server: Player #0 Donnie Turbo - BE GUID: a0a46137167d70778acc68329618c7e6
 0:23:07 Player Donnie Turbo connected (id=76561198041233395).
 0:23:07 BattlEye Server: Verified GUID (a0a46137167d70778acc68329618c7e6) of player #0 Donnie Turbo
 0:43:52 BattlEye Server: RCon admin #0 (127.0.0.1:52792) logged in
 1:03:16 AL "BIG AL" GAMBINO uses modified data file
 1:03:16 BattlEye Server: Player #1 AL "BIG AL" GAMBINO (74.193.135.12:2304) connected
 1:03:16 Player AL "BIG AL" GAMBINO connecting.
 1:03:21 BattlEye Server: Player #1 AL "BIG AL" GAMBINO - BE GUID: 7df6da575da348d57bcde5b09ebf536a
 1:03:21 Player AL "BIG AL" GAMBINO connected (id=76561198361509989).
 1:03:21 BattlEye Server: Verified GUID (7df6da575da348d57bcde5b09ebf536a) of player #1 AL "BIG AL" GAMBINO
 1:03:52 Player AL "BIG AL" GAMBINO disconnected.
 1:03:52 BattlEye Server: Player #1 AL "BIG AL" GAMBINO disconnected
 1:05:02 AL "BIG AL" GAMBINO uses modified data file
 1:05:02 BattlEye Server: Player #1 AL "BIG AL" GAMBINO (74.193.135.12:2304) connected
 1:05:02 Player AL "BIG AL" GAMBINO connecting.
 1:05:07 BattlEye Server: Player #1 AL "BIG AL" GAMBINO - BE GUID: 7df6da575da348d57bcde5b09ebf536a
 1:05:07 Player AL "BIG AL" GAMBINO connected (id=76561198361509989).
 1:05:07 BattlEye Server: Verified GUID (7df6da575da348d57bcde5b09ebf536a) of player #1 AL "BIG AL" GAMBINO
 1:10:53 BattlEye Server: RCon admin #1 (127.0.0.1:50019) logged in
 1:13:50 Joe Montana uses modified data file
 1:13:50 BattlEye Server: Player #2 Joe Montana (76.185.91.51:2304) connected
 1:13:50 Player Joe Montana connecting.
 1:13:54 BattlEye Server: Player #2 Joe Montana - BE GUID: 8d6f9bb67fd0cc205c899d4cdd21011c
 1:13:55 Player Joe Montana connected (id=76561198368248470).
 1:13:55 BattlEye Server: Verified GUID (8d6f9bb67fd0cc205c899d4cdd21011c) of player #2 Joe Montana
 1:15:41 John Anderson uses modified data file
 1:15:42 BattlEye Server: Player #3 John Anderson (76.6.145.223:2304) connected
 1:15:42 Player John Anderson connecting.
 1:15:45 BattlEye Server: Player #3 John Anderson - BE GUID: 1a817c92339e6b8e805de60b179df342
 1:15:46 Player John Anderson connected (id=76561198180893505).
 1:15:46 BattlEye Server: Verified GUID (1a817c92339e6b8e805de60b179df342) of player #3 John Anderson
 1:20:33 Nino Marino uses modified data file
 1:20:33 BattlEye Server: Player #4 Nino Marino (71.214.112.161:2304) connected
 1:20:33 Player Nino Marino connecting.
 1:20:36 BattlEye Server: Player #4 Nino Marino - BE GUID: f39290998763ee67898235ee2ea502e7
 1:20:37 Player Nino Marino connected (id=76561198206026112).
 1:20:37 BattlEye Server: Verified GUID (f39290998763ee67898235ee2ea502e7) of player #4 Nino Marino
 1:32:22 [1K-33] R. Tjay uses modified data file
 1:32:23 BattlEye Server: Player #5 [1K-33] R. Tjay (99.232.144.252:2304) connected
 1:32:23 Playe 7:18:39 BattlEye Server: Initialized (v1.217)
 7:18:39 Game Port: 2302, Steam Query Port: 2303
 7:18:39 Mission UrbanSky.kelleysisland read from bank.
 7:18:40 Host identity created.
 7:18:41 Roles assigned.
 7:18:41 Reading mission ...
 7:18:43 BattlEye Server: RCon admin #0 (127.0.0.1:56331) logged in
 7:19:34 BattlEye Server: RCon admin #1 (127.0.0.1:56342) logged in
 7:19:43 Mission read.
 7:19:43 Melvin Bush uses modified data file
 7:19:43 Game started.
 7:19:43 BattlEye Server: Player #0 Melvin Bush (76.120.21.218:2304) connected
 7:19:43 Player Melvin Bush connecting.
 7:19:43 BattlEye Server: Connected to BE Master
 7:19:45 BattlEye Server: Player #0 Melvin Bush - BE GUID: ee82c3729d5372257d58141db06c50ca
 7:19:47 Player Melvin Bush connected (id=76561198083728776).
 7:19:47 BattlEye Server: Verified GUID (ee82c3729d5372257d58141db06c50ca) of player #0 Melvin Bush
 7:19:47 Successfull attempt to execute serverCommand '#exec users' by server.
 7:22:03 Boyevik Butch-Mac Volkev uses modified data file
 7:22:03 BattlEye Server: Player #1 Boyevik Butch-Mac Volkev (75.129.113.251:2304) connected
 7:22:03 Player Boyevik Butch-Mac Volkev connecting.
 7:22:06 BattlEye Server: Player #1 Boyevik Butch-Mac Volkev - BE GUID: 2171a69b0a8e7bb55eac768fb58f4833
 7:22:06 Player Boyevik Butch-Mac Volkev connected (id=76561198089960350).
 7:22:06 BattlEye Server: Verified GUID (2171a69b0a8e7bb55eac768fb58f4833) of player #1 Boyevik Butch-Mac Volkev
 7:23:54 Nino Marino uses modified data file
 7:23:54 BattlEye Server: Player #2 Nino Marino (71.214.112.161:2304) connected
 7:23:54 Player Nino Marino connecting.
 7:23:57 BattlEye Server: Player #2 Nino Marino - BE GUID: f39290998763ee67898235ee2ea502e7
 7:23:57 Player Nino Marino connected (id=76561198206026112).
 7:23:57 BattlEye Server: Verified GUID (f39290998763ee67898235ee2ea502e7) of player #2 Nino Marino
 7:26:50 John Anderson uses modified data file
 7:26:50 BattlEye Server: Player #3 John Anderson (174.193.27.68:60917) connected
 7:26:50 Player John Anderson connecting.
 7:26:54 BattlEye Server: Player #3 John Anderson - BE GUID: 1a817c92339e6b8e805de60b179df342
 7:26:54 Player John Anderson connected (id=76561198180893505).
 7:26:54 BattlEye Server: Verified GUID (1a817c92339e6b8e805de60b179df342) of player #3 John Anderson
 7:33:01 Gatsby uses modified data file
 7:33:01 BattlEye Server: Player #4 Gatsby (184.54.255.68:2304) connected
 7:33:01 Player Gatsby connecting.
 7:33:04 BattlEye Server: Player #4 Gatsby - BE GUID: f0371387b7fca9ed93f6370adce2e67e
 7:33:04 Player Gatsby connected (id=76561198038112694).
 7:33:04 BattlEye Server: Verified GUID (f0371387b7fca9ed93f6370adce2e67e) of player #4 Gatsby
 7:37:34 Player John Anderson disconnected.
 7:37:34 BattlEye Server: Player #3 John Anderson disconnected
 7:38:34 John Anderson uses modified data file
 7:38:34 BattlEye Server: Player #5 John Anderson (174.193.27.68:60917) connected
 7:38:34 Player John Anderson connecting.
 7:38:37 BattlEye Server: Player #5 John Anderson - BE GUID: 1a817c92339e6b8e805de60b179df342
 7:38:37 Player John Anderson connected (id=76561198180893505).
 7:38:38 BattlEye Server: Verified GUID (1a817c92339e6b8e805de60b179df342) of player #5 John Anderson
 7:39:07 Prescott Bush  uses modified data file
 7:39:07 BattlEye Server: Player #6 Prescott Bush  (206.255.128.79:2304) connected
 7:39:07 Player Prescott Bush  connecting.
 7:39:10 BattlEye Server: Player #6 Prescott Bush  - BE GUID: df1f5160cd5d424cdfa5e623564a5824
 7:39:10 Player Prescott Bush  connected (id=76561198860031547).
 7:39:10 BattlEye Server: Verified GUID (df1f5160cd5d424cdfa5e623564a5824) of player #6 Prescott Bush 
 7:50:34 Player Melvin Bush disconnected.
 7:50:34 BattlEye Server: Player #0 Melvin Bush disconnected
 7:51:28 Melvin Bush uses modified data file
 7:51:28 BattlEye Server: Player #7 Melvin Bush (76.120.21.218:2304) connected
 7:51:28 Player Melvin Bush connecting.
 7:51:31 BattlEye Server: Player #7 Melvin Bush - BE GUID: ee82c3729d5372257d58141db06c50ca
 7:51:31 Player Melvin Bush connected (id=76561198083728776).