 1:21:54 BattlEye Server: Initialized (v1.217)
 1:21:54 Game Port: 2302, Steam Query Port: 2303
 1:21:54 Mission Urban Sky V1.2 read from bank.
 1:21:54 Host identity created.
 1:21:54 Roles assigned.
 1:21:54 Reading mission ...
 1:21:56 BattlEye Server: RCon admin #0 (127.0.0.1:52843) logged in
 1:22:49 BattlEye Server: RCon admin #1 (127.0.0.1:52854) logged in
 1:22:58 Mission read.
 1:22:58 Game started.
 1:23:02 Successfull attempt to execute serverCommand '#exec users' by server.
 1:27:03 Wyclef uses modified data file
 1:27:03 BattlEye Server: Player #0 Wyclef (184.54.255.68:2304) connected
 1:27:03 Player Wyclef connecting.
 1:27:03 BattlEye Server: Connected to BE Master
 1:27:06 BattlEye Server: Player #0 Wyclef - BE GUID: f0371387b7fca9ed93f6370adce2e67e
 1:27:06 Player Wyclef connected (id=76561198038112694).
 1:27:06 BattlEye Server: Verified GUID (f0371387b7fca9ed93f6370adce2e67e) of player #0 Wyclef
 1:27:56 Player Wyclef disconnected.
 1:27:56 BattlEye Server: Player #0 Wyclef disconnected
 1:31:28 Wyclef uses modified data file
 1:31:28 BattlEye Server: Player #0 Wyclef (184.54.255.68:2304) connected
 1:31:28 Player Wyclef connecting.
 1:31:31 BattlEye Server: Player #0 Wyclef - BE GUID: f0371387b7fca9ed93f6370adce2e67e
 1:31:31 Player Wyclef connected (id=76561198038112694).
 1:31:31 BattlEye Server: Verified GUID (f0371387b7fca9ed93f6370adce2e67e) of player #0 Wyclef
 1:51:19 BattlEye Server: RCon admin #0 (127.0.0.1:58453) logged in
 1:51:33 AL "BIG AL" GAMBINO uses modified data file
 1:51:33 BattlEye Server: Player #1 AL "BIG AL" GAMBINO (74.193.135.12:2304) connected
 1:51:34 Player AL "BIG AL" GAMBINO connecting.
 1:51:36 BattlEye Server: Player #1 AL "BIG AL" GAMBINO - BE GUID: 7df6da575da348d57bcde5b09ebf536a
 1:51:37 Player AL "BIG AL" GAMBINO connected (id=76561198361509989).
 1:51:37 BattlEye Server: Verified GUID (7df6da575da348d57bcde5b09ebf536a) of player #1 AL "BIG AL" GAMBINO
 2:27:54 Nino Marino uses modified data file
 2:27:54 BattlEye Server: Player #2 Nino Marino (71.214.112.161:2304) connected
 2:27:54 Player Nino Marino connecting.
 2:27:57 BattlEye Server: Player #2 Nino Marino - BE GUID: f39290998763ee67898235ee2ea502e7
 2:27:58 Player Nino Marino connected (id=76561198206026112).
 2:27:58 BattlEye Server: Verified GUID (f39290998763ee67898235ee2ea502e7) of player #2 Nino Marino
 2:29:27 [1K-33] R. Tjay uses modified data file
 2:29:27 BattlEye Server: Player #3 [1K-33] R. Tjay (99.232.144.252:2304) connected
 2:29:27 Player [1K-33] R. Tjay connecting.
 2:29:30 BattlEye Server: Player #3 [1K-33] R. Tjay - BE GUID: 1775b6bbb9f6757ed1e4f0f7592af3e5
 2:29:31 Player [1K-33] R. Tjay connected (id=76561198883479728).
 2:29:31 BattlEye Server: Verified GUID (1775b6bbb9f6757ed1e4f0f7592af3e5) of player #3 [1K-33] R. Tjay
 2:32:55 John Anderson uses modified data file
 2:32:55 BattlEye Server: Player #4 John Anderson (76.6.145.223:2304) connected
 2:32:55 Player John Anderson connecting.
 2:32:59 BattlEye Server: Player #4 John Anderson - BE GUID: 1a817c92339e6b8e805de60b179df342
 2:32:59 Player John Anderson connected (id=76561198180893505).
 2:33:00 BattlEye Server: Verified GUID (1a817c92339e6b8e805de60b179df342) of player #4 John Anderson
 2:35:13 luke uses modified data file
 2:35:13 BattlEye Server: Player #5 luke (47.135.166.94:2304) connected
 2:35:13 Player luke connecting.
 2:35:16 BattlEye Server: Player #5 luke - BE GUID: 1b3b942c0ee67b426e685870cfe6b312
 2:35:16 Player luke connected (id=76561198264871362).
 2:35:16 BattlEye Server: Verified GUID (1b3b942c0ee67b426e685870cfe6b312) of player #5 luke
 2:35:26 [TAC] Marcus Kroenen uses modified data file
 2:35:26 BattlEye Server: Player #6 [TAC] Marcus Kroenen (142.118.250.190:2304) connected
 2:35:26 Player [TAC] Marcus Kroenen connecting.
 2:35:28 BattlEye Server: Player #6 [TAC] Marcus Kroenen - BE GUID: 1a22dcb0ec3563f3a6526c83cd18dfab
 2:35:29 Player [TAC] Marcus Kroenen connected (id=76561198313832106).
 2:35:29 BattlEye Server: Verified GUID (1a22dcb0ec3563f3a6526c83cd18dfab) of player #6 [TAC] Marcus Kroenen
 2:35:34 