15:52:42 BattlEye Server: Initialized (v1.217)
15:52:42 Game Port: 2302, Steam Query Port: 2303
15:52:42 Mission UrbanSky.kelleysisland read from bank.
15:52:43 Host identity created.
15:52:43 Roles assigned.
15:52:43 Reading mission ...
15:52:44 BattlEye Server: RCon admin #0 (127.0.0.1:59208) logged in
15:53:36 BattlEye Server: RCon admin #1 (127.0.0.1:52503) logged in
15:53:41 Script core\cop\placeables\fn_placeablesMenu.sqf not found
15:53:42 Mission UrbanSky.kelleysisland read from bank.
15:53:42 Roles assigned.
15:53:42 Reading mission ...
15:53:46 Script core\cop\placeables\fn_placeablesMenu.sqf not found
15:53:46 Mission UrbanSky.kelleysisland read from bank.
15:53:47 Roles assigned.
15:53:47 Reading mission ...
15:53:51 Script core\cop\placeables\fn_placeablesMenu.sqf not found
15:53:51 Mission UrbanSky.kelleysisland read from bank.
15:53:52 Roles assigned.
15:53:52 Reading mission ...
15:53:56 Script core\cop\placeables\fn_placeablesMenu.sqf not found
15:53:56 Boyevik Butch-Mac Volkev uses modified data file
15:53:56 Mission UrbanSky.kelleysisland read from bank.
15:53:57 BattlEye Server: Player #0 Boyevik Butch-Mac Volkev (75.129.113.251:2304) connected
15:53:57 Player Boyevik Butch-Mac Volkev connecting.
15:53:57 Roles assigned.
15:53:57 Reading mission ...
15:53:57 BattlEye Server: Connected to BE Master
15:54:01 Script core\cop\placeables\fn_placeablesMenu.sqf not found
15:54:01 Mission UrbanSky.kelleysisland read from bank.
15:54:02 Roles assigned.
15:54:02 Reading mission ...
15:54:08 Script core\cop\placeables\fn_placeablesMenu.sqf not found
15:54:08 BattlEye Server: Player #0 Boyevik Butch-Mac Volkev - BE GUID: 2171a69b0a8e7bb55eac768fb58f4833
15:54:08 Mission UrbanSky.kelleysisland read from bank.
15:54:09 Roles assigned.
15:54:09 Player Boyevik Butch-Mac Volkev connected (id=76561198089960350).
15:54:09 BattlEye Server: Verified GUID (2171a69b0a8e7bb55eac768fb58f4833) of player #0 Boyevik Butch-Mac Volkev
15:54:09 Reading mission ...
15:54:12 Script core\cop\placeables\fn_placeablesMenu.sqf not found
15:54:13 Mission UrbanSky.kelleysisland read from bank.
15:54:13 Roles assigned.
15:54:13 Reading mission ...
15:54:17 Script core\cop\placeables\fn_placeablesMenu.sqf not found
15:54:18 Mission UrbanSky.kelleysisland read from bank.
15:54:18 Roles assigned.
15:54:18 Reading mission ...
15:54:22 Script core\cop\placeables\fn_placeablesMenu.sqf not found
15:54:22 Mission UrbanSky.kelleysisland read from bank.
15:54:23 Roles assigned.
15:54:23 Reading mission ...
15:54:27 Script core\cop\placeables\fn_placeablesMenu.sqf not found
15:54:27 Mission UrbanSky.kelleysisland read from bank.
15:54:28 Roles assigned.
15:54:28 Reading mission ...
15:54:31 Script core\cop\placeables\fn_placeablesMenu.sqf not found
15:54:32 Mission UrbanSky.kelleysisland read from bank.
15:54:33 Roles assigned.
15:54:33 Reading mission ...
15:54:36 Script core\cop\placeables\fn_placeablesMenu.sqf not found
15:54:37 Mission UrbanSky.kelleysisland read from bank.
15:54:38 Roles assigned.
15:54:38 Reading mission ...
15:54:41 Script core\cop\placeables\fn_placeablesMenu.sqf not found
15:54:42 Mission UrbanSky.kelleysisland read from bank.
15:54:42 Roles assigned.
15:54:42 Reading mission ...
15:54:46 Script core\cop\placeables\fn_placeablesMenu.sqf not found
15:54:47 Mission UrbanSky.kelleysisland read from bank.
15:54:47 Roles assigned.
15:54:47 Reading mission ...
15:54:51 Script core\cop\placeables\fn_placeablesMenu.sqf not found
15:54:52 Mission UrbanSky.kelleysisland read from bank.
15:54:52 Roles assigned.
15:54:52 Reading mission ...
15:54:56 Script core\cop\placeables\fn_placeablesMenu.sqf not found
15:54:57 Mission UrbanSky.kelleysisland read from bank.
15:54:57 Roles assigned.
15:54:57 Reading mission ...
15:55:01 Script core\cop\placeables\fn_placeablesMenu.sqf not found
15:55:02 Mission UrbanSky.kelleysisland read from bank.
15:55:02 Roles assigned.
15:55:02 Reading mission ...
15:55:06 Script core\cop\placeables\fn_placeablesMenu.sqf not found
15:55:07 Mission UrbanSky.kelleysisland read from bank.
15:55:08 Roles assigned 7:04:35 BattlEye Server: Initialized (v1.217)
 7:04:35 Game Port: 2302, Steam Query Port: 2303
 7:04:35 Warning: Current Steam AppId:  doesn't match expected value: 107410
 7:04:35 Mission UrbanSky.kelleysisland read from bank.
 7:04:38 Host identity created.
 7:04:38 Roles assigned.
 7:04:38 Reading mission ...
 7:04:39 BattlEye Server: RCon admin #0 (127.0.0.1:59410) logged in
 7:05:38 BattlEye Server: RCon admin #1 (127.0.0.1:54941) logged in
 7:05:44 Mission read.
 7:05:44 Sternn uses modified data file
 7:05:44 Robert Kennedy uses modified data file
 7:05:44 Game started.
 7:05:45 BattlEye Server: Player #0 Sternn (208.66.176.2:11467) connected
 7:05:45 Player Sternn connecting.
 7:05:45 BattlEye Server: Player #1 Robert Kennedy (76.120.21.218:2304) connected
 7:05:45 Player Robert Kennedy connecting.
 7:05:45 BattlEye Server: Connected to BE Master
 7:05:47 BattlEye Server: Player #0 Sternn - BE GUID: 8e76cad1f690cd7f1970f170669bf25b
 7:05:47 BattlEye Server: Player #1 Robert Kennedy - BE GUID: ee82c3729d5372257d58141db06c50ca
 7:05:47 Player Sternn connected (id=76561198087299936).
 7:05:47 BattlEye Server: Verified GUID (8e76cad1f690cd7f1970f170669bf25b) of player #0 Sternn
 7:05:47 Player Robert Kennedy connected (id=76561198083728776).
 7:05:47 BattlEye Server: Verified GUID (ee82c3729d5372257d58141db06c50ca) of player #1 Robert Kennedy
 7:05:48 Successfull attempt to execute serverCommand '#exec users' by server.
 7:06:39 Player Sternn disconnected.
 7:06:39 BattlEye Server: Player #0 Sternn disconnected
 7:06:44 Sternn uses modified data file
 7:06:44 BattlEye Server: Player #2 Sternn (208.66.176.2:11467) connected
 7:06:44 Player Sternn connecting.
 7:06:47 BattlEye Server: Player #2 Sternn - BE GUID: 8e76cad1f690cd7f1970f170669bf25b
 7:06:47 Player Sternn connected (id=76561198087299936).
 7:06:47 BattlEye Server: Verified GUID (8e76cad1f690cd7f1970f170669bf25b) of player #2 Sternn
 7:07:52 Player Sternn disconnected.
 7:07:52 BattlEye Server: Player #2 Sternn disconnected
 7:09:20 Sternn uses modified data file
 7:09:20 BattlEye Server: Player #2 Sternn (208.66.176.2:15666) connected
 7:09:20 Player Sternn connecting.
 7:09:23 BattlEye Server: Player #2 Sternn - BE GUID: 8e76cad1f690cd7f1970f170669bf25b
 7:09:23 Player Sternn connected (id=76561198087299936).
 7:09:23 BattlEye Server: Verified GUID (8e76cad1f690cd7f1970f170669bf25b) of player #2 Sternn
 7:09:47 AL "BIG AL" GAMBINO uses modified data file
 7:09:47 BattlEye Server: Player #3 AL "BIG AL" GAMBINO (74.193.135.12:2304) connected
 7:09:47 Player AL "BIG AL" GAMBINO connecting.
 7:09:59 Player AL "BIG AL" GAMBINO disconnected.
 7:09:59 BattlEye Server: Player #3 AL "BIG AL" GAMBINO disconnected
 7:10:04 Player Sternn disconnected.
 7:10:04 BattlEye Server: Player #2 Sternn disconnected
 7:10:36 Sternn uses modified data file
 7:10:36 BattlEye Server: Player #2 Sternn (208.66.176.2:15666) connected
 7:10:36 Player Sternn connecting.
 7:10:37 AL "BIG AL" GAMBINO uses modified data file
 7:10:37 BattlEye Server: Player #3 AL "BIG AL" GAMBINO (74.193.135.12:2304) connected
 7:10:37 Player AL "BIG AL" GAMBINO connecting.
 7:10:41 BattlEye Server: Player #3 AL "BIG AL" GAMBINO - BE GUID: 7df6da575da348d57bcde5b09ebf536a
 7:10:41 Player AL "BIG AL" GAMBINO connected (id=76561198361509989).
 7:10:41 BattlEye Server: Verified GUID (7df6da575da348d57bcde5b09ebf536a) of player #3 AL "BIG AL" GAMBINO
 7:10:52 Player Sternn disconnected.
 7:10:52 BattlEye Server: Player #2 Sternn disconnected
 7:11:51 Player Robert Kennedy disconnected.
 7:11:51 BattlEye Server: Player #1 Robert Kennedy disconnected
 7:12:26 Sternn uses modified data file
 7:12:26 BattlEye Server: Player #4 Sternn (208.66.176.2:53856) connected
 7:12:27 Player Sternn connecting.
 7:12:29 BattlEye Server: Player #4 Sternn - BE GUID: 8e76cad1f690cd7f1970f170669bf25b
 7:12:29 Player Sternn connected (id=76561198087299936).
 7:12:29 BattlEye Server: Verified GUID (8e76cad1f690cd7f1970f170669bf25b) of player #4 Sternn
 7:13:04 Player AL "BIG AL" GAMBINO disconnected.
 7:13:04 BattlEye Server: Player #3 AL "BIG AL" GAMBINO disconnected
 7:13:22 Robert Kennedy uses modified data file
 7:13:22 BattlEye Server: Player #5 Robert Kennedy (76.120.21.218:2304) connected
 7:13:22 Player Robert Kennedy connecting.
 7:13:25 BattlEye Server: Player #5 Robert Kennedy - BE GUID: ee82c3729d5372257d58141db06c50ca
 7:13:25 Player Robert Kennedy connected (id=76561198083728776).
 7:13:25 BattlEye Server: Verified GUID (ee82c3729d5372257d58141db06c50ca) of player #5 Robert Kennedy
 7:14:31 AL "BIG AL" GAMBINO uses modified data file
 7:14:31 BattlEye Server: Player #6 AL "BIG AL" GAMBINO (74.193.135.12:2304) connected
 7:14:31 Player AL "BIG AL" GAMBINO connecting.
 7:14:34 BattlEye Server: Player #6 AL "BIG AL" GAMBINO - BE GUID: 7df6da575da348d57bcde5b09ebf536a
 7:14:34 Player AL "BIG AL" GAMBINO connected (id=76561198361509989).
 7:14:34 BattlEye Server: Verified GUID (7df6da575da348d57bcde5b09ebf536a) of player #6 AL "BIG AL" GAMBINO
 7:15:02 Player Sternn disconnected.
 7:15:02 BattlEye Server: Player #4 Sternn disconnected
 7:15:38 Player Robert Kennedy disconnected.
 7:15:38 BattlEye Server: Player #5 Robert Kennedy disconnected
 7:16:53 Sternn uses modified data file
 7:16:53 BattlEye Server: Player #7 Sternn (208.66.176.2:46658) connected
 7:16:53 Player Sternn connecting.
 7:16:56 BattlEye Server: Player #7 Sternn - BE GUID: 8e76cad1f690cd7f1970f170669bf25b
 7:16:56 Player Sternn connected (id=76561198087299936).
 7:16:56 BattlEye Server: Verified GUID (8e76cad1f690cd7f1970f170669bf25b) of player #7 Sternn
 7:19:31 BattlEye Server: (Group) Sternn: one sec
 7:19:55 BattlEye Server: (Group) Sternn: move ur car rq
 7:20:03 BattlEye Server: (Group) AL "BIG AL" GAMBINO: MY KEYS NOT WORKING
 7:20:07 BattlEye Server: (Group) Sternn: OH FUK
 7:20:36 BattlEye Server: (Group) Sternn: mine aint either
 7:20:39 Robert Kennedy uses modified data file
 7:20:39 BattlEye Server: Player #8 Robert Kennedy (76.120.21.218:2304) connected
 7:20:39 Player Robert Kennedy connecting.
 7:20:40 BattlEye Server: (Group) Sternn: wtf
 7:20:41 BattlEye Server: (Group) AL "BIG AL" GAMBINO: /NICE
 7:20:42 BattlEye Server: Player #8 Robert Kennedy - BE GUID: ee82c3729d5372257d58141db06c50ca
 7:20:43 Player Robert Kennedy connected (id=76561198083728776).
 7:20:43 BattlEye Server: Verified GUID (ee82c3729d5372257d58141db06c50ca) of player #8 Robert Kennedy
 7:20:45 BattlEye Server: (Group) Sternn: yuh my guy
 7:20:55 BattlEye Server: (Group) Sternn: u can drive it when they fix this shit
 7:21:00 BattlEye Server: (Group) AL "BIG AL" GAMBINO: TELL THEM DUMB ASSESS U IN THE ROOM WITH
 7:21:06 BattlEye Server: (Group) Sternn: i will rn
 7:21:13 BattlEye Server: (Group) AL "BIG AL" GAMBINO:  U BUTTON AND H BUTTON NOTWORKING
 7:21:26 BattlEye Server: (Group) Sternn: they said "the server might be... fuked"
 7:21:43 BattlEye Server: (Group) Sternn: yo thats a crazy gat
 7:22:32 BattlEye Server: (Group) AL "BIG AL" GAMBINO: WELL 9 GUESS WE FUCKED
 7:22:46 BattlEye Server: (Group) Sternn: nah theyre about to roll it back
 7:22:48 BattlEye Server: (Group) Sternn: were chillin
 7:24:09 BattlEye Server: (Group) AL "BIG AL" GAMBINO: BRB FINNA GET SUM WEED RQ
 7:24:12 BattlEye Server: (Group) Sternn: AYEEE
 7:24:15 Player AL "BIG AL" GAMBINO disconnected.
 7:24:15 BattlEye Server: Player #6 AL "BIG AL" GAMBINO disconnected
 7:40:36 Player Robert Kennedy disconnected.
 7:40:36 BattlEye Server: Player #8 Robert Kennedy disconnected
 7:52:49 Player Sternn disconnected.
 7:52:49 BattlEye Server: Player #7 Sternn disconnected
 8:15:44 BattlEye Server: RCon admin #0 (127.0.0.1:57512) logged in
 9:52:55 BattlEye Server: RCon admin #1 (127.0.0.1:58498) logged in
10:42:35 BattlEye Server: RCon admin #0 (127.0.0.1:54290) logged in
11:35:56 BattlEye Server: RCon admin #1 (127.0.0.1:55424) logged in
11:53:21 BattlEye Server: RCon admin #0 (127.0.0.1:61059) logged in
12:29:36 BattlEye Server: RCon admin #1 (127.0.0.1:51442) logged in
13:15:57 BattlEye Server: RCon admin #0 (127.0.0.1:52912) logged in
15:11:42 BattlEye Server: RCon admin #1 (127.0.0.1:58388) logged in
15:27:28 Batt