 8:30:24 BattlEye Server: Initialized (v1.217)
 8:30:24 Game Port: 2302, Steam Query Port: 2303
 8:30:24 Mission UrbanSky.kelleysisland read from bank.
 8:30:26 Host identity created.
 8:30:26 Roles assigned.
 8:30:26 Reading mission ...
 8:30:26 BattlEye Server: RCon admin #0 (127.0.0.1:52276) logged in
 8:31:17 BattlEye Server: RCon admin #1 (127.0.0.1:52287) logged in
 8:31:27 Mission read.
 8:31:27 Game started.
 8:31:31 Successfull attempt to execute serverCommand '#exec users' by server.
 8:37:03 Nino Marino uses modified data file
 8:37:03 BattlEye Server: Player #0 Nino Marino (71.214.112.161:2304) connected
 8:37:03 Player Nino Marino connecting.
 8:37:03 BattlEye Server: Connected to BE Master
 8:37:06 BattlEye Server: Player #0 Nino Marino - BE GUID: f39290998763ee67898235ee2ea502e7
 8:37:06 Player Nino Marino connected (id=76561198206026112).
 8:37:06 BattlEye Server: Verified GUID (f39290998763ee67898235ee2ea502e7) of player #0 Nino Marino
 9:03:33 Player Nino Marino disconnected.
 9:03:33 BattlEye Server: Player #0 Nino Marino disconnected
 9:53:38 BattlEye Server: RCon admin #0 (127.0.0.1:61579) logged in
10:49:45 BattlEye Server: RCon admin #1 (127.0.0.1:50788) logged in
12:57:20 BattlEye Server: Failed to receive from BE Master (0)
12:57:20 BattlEye Server: Disconnected from BE Master
13:33:48 George Clean uses modified data file
13:33:48 BattlEye Server: Player #0 George Clean (94.210.196.7:2304) connected
13:33:48 Player George Clean connecting.
13:33:48 BattlEye Server: Connected to BE Master
13:33:51 BattlEye Server: Player #0 George Clean - BE GUID: 769907aeca4ee1e808ba7f4ee3b0c69f
13:33:51 Player George Clean connected (id=76561198130285673).
13:33:51 BattlEye Server: Verified GUID (769907aeca4ee1e808ba7f4ee3b0c69f) of player #0 George Clean
13:34:34 thomas uses modified data file
13:34:34 BattlEye Server: Player #1 thomas (66.45.237.19:2304) connected
13:34:34 Player thomas connecting.
13:34:38 BattlEye Server: Player #1 thomas - BE GUID: 9524bc64936eadc8d4ce3515019dd9c7
13:34:38 Player thomas connected (id=76561198248187246).
13:34:38 BattlEye Server: Verified GUID (9524bc64936eadc8d4ce3515019dd9c7) of player #1 thomas
14:28:38 BattlEye Server: RCon admin #0 (127.0.0.1:50528) logged in
15:33:27 Player thomas disconnected.
15:33:27 BattlEye Server: Player #1 thomas disconnected
15:38:03 Player George Clean disconnected.
15:38:03 BattlEye Server: Player #0 George Clean disconnected
18:30:00 BattlEye Server: RCon admin #1 (127.0.0.1:62043) logged in
18:48:45 BattlEye Server: RCon admin #0 (127.0.0.1:53215) logged in
19:09:11 BattlEye Server: RCon admin #1 (127.0.0.1:52182) logged in
19:36:09 George Clean uses modified data file
19:36:09 BattlEye Server: Player #0 George Clean (94.210.196.7:2304) connected
19:36:09 Player George Clean connecting.
19:36:11 BattlEye Server: Player #0 George Clean - BE GUID: 769907aeca4ee1e808ba7f4ee3b0c69f
19:36:12 Player George Clean connected (id=76561198130285673).
19:36:12 BattlEye Server: Verified GUID (769907aeca4ee1e808ba7f4ee3b0c69f) of player #0 George Clean
19:39:28 thomas uses modified data file
19:39:28 BattlEye Server: Player #1 thomas (66.45.237.19:2304) connected
19:39:28 Player thomas connecting.
19:39:31 BattlEye Server: Player #1 thomas - BE GUID: 9524bc64936eadc8d4ce3515019dd9c7
19:39:31 Player thomas connected (id=76561198248187246).
19:39:31 BattlEye Server: Verified GUID (9524bc64936eadc8d4ce3515019dd9c7) of player #1 thomas
19:39:36 Player thomas disconnected.
19:39:36 BattlEye Server: Player #1 thomas disconnected
19:40:22 deadrider41 uses modified data file
19:40:22 BattlEye Server: Player #1 deadrider41 (83.82.246.124:2304) connected
19:40:22 Player deadrider41 connecting.
19:40:25 BattlEye Server: Player #1 deadrider41 - BE GUID: 9189ea3f609973a35e5aed7ba13c4e05
19:40:26 Player deadrider41 connected (id=76561198172486071).
19:40:26 BattlEye Server: Verified GUID (9189ea3f609973a35e5aed7ba13c4e05) of player #1 deadrider41
19:42:44 thomas uses modified data file
19:42:44 BattlEye Server: Player #2 thomas (66.45.237.19:2304) connected
19:42:44 Player thomas connecting.
19:42:48 BattlEye Server: Player #2 thomas - BE GUID: 9524bc64936eadc8d4ce3515019dd9c7
19:42:48 Player thomas connected (id=76561198248187246).
19:42:48 BattlEye Server: Verified GUID (9524bc64936eadc8d4ce3515019dd9c7) of player #2 thomas
20:15:24 Donnie Turbo uses modified data file
20:15:24 BattlEye Server: Player #3 Donnie Turbo (192.81.45.131:2304) connected
20:15:24 Player Donnie Turbo connecting.
20:15:27 BattlEye Server: Player #3 Donnie Turbo - BE GUID: a0a46137167d70778acc68329618c7e6
20:15:27 Player Donnie Turbo connected (id=76561198041233395).
20:15:27 BattlEye Server: Verified GUID (a0a46137167d70778acc68329618c7e6) of player #3 Donnie Turbo
20:16:57 BattlEye Server: (Unknown) George Clean: hi donnie
20:17:14 BattlEye Server: (Unknown) George Clean: any chance you could move me from waiting for TFR to TFR channel?
20:25:33 BattlEye Server: (Unknown) George Clean: ty
20:25:46 BattlEye Server: (Unknown) Donnie Turbo: yw
20:30:46 AL "BIG AL" GAMBINO uses modified data file
20:30:46 BattlEye Server: Player #4 AL "BIG AL" GAMBINO (74.193.135.12:2304) connected
20:30:46 Player AL "BIG AL" GAMBINO connecting.
20:30:49 BattlEye Server: Player #4 AL "BIG AL" GAMBINO - BE GUID: 7df6da575da348d57bcde5b09ebf536a
20:30:49 Player AL "BIG AL" GAMBINO connected (id=76561198361509989).
20:30:49 BattlEye Server: Verified GUID (7df6da575da348d57bcde5b09ebf536a) of player #4 AL "BIG AL" GAMBINO
20:46:53 Joe Montana uses modified data file
20:46:53 BattlEye Server: Player #5 Joe Montana (76.185.91.51:2304) connected
20:46:53 Player Joe Montana connecting.
20:47:13 Player Joe Montana disconnected.
20:47:13 BattlEye Server: Player #5 Joe Montana disconnected
20:54:25 Joe Montana uses modified data file
20:54:25 BattlEye Server: Player #5 Joe Montana (76.185.91.51:2304) connected
20:54:25 Player Joe Montana connecting.
20:54:29 BattlEye Server: Player #5 Joe Montana - BE GUID: 8d6f9bb67fd0cc205c899d4cdd21011c
20:54:30 Player Joe Montana connected (id=76561198368248470).
20:54:30 BattlEye Server: Verified GUID (8d6f9bb67fd0cc205c899d4cdd21011c) of player #5 Joe Montana
21:17:59 Nino Marino uses modified data file
21:17:59 BattlEye Server: Player #6 Nino Marino (71.214.112.161:2304) connected
21:17:59 Player Nino Marino connecting.
21:18:03 BattlEye Server: Player #6 Nino Marino - BE GUID: f39290998763ee67898235ee2ea502e7
21:18:03 Player Nino Marino connected (id=76561198206026112).
21:18:03 BattlEye Server: Verified GUID (f39290998763ee67898235ee2ea502e7) of player #6 Nino Marino
21:36:53 HoyoBani uses modified data file
21:36:53 BattlEye Server: Player #7 HoyoBani (162.213.242.232:2304) connected
21:36:53 Player HoyoBani connecting.
21:36:56 BattlEye Server: Player #7 HoyoBani - BE GUID: baeaf37751c8cb5ba1e1a73c33957203
21:36:56 Player HoyoBani connected (id=76561198105940600).
21:36:56 BattlEye Server: Verified GUID (baeaf37751c8cb5ba1e1a73c33957203) of player #7 HoyoBani
21:39:28 Player thomas is losing connection
21:39:33 Player thomas disconnected.
21:39:33 BattlEye Server: Player #2 thomas disconnected
21:42:55 Player deadrider41 disconnected.
21:42:55 BattlEye Server: Player #1 deadrider41 disconnected
21:53:00 [1K-33] R. Tjay uses modified data file
21:53:00 BattlEye Server: Player #8 [1K-33] R. Tjay (99.232.144.252:2304) connected
21:53:00 Player [1K-33] R. Tjay connecting.
21:53:03 BattlEye Server: Player #8 [1K-33] R. Tjay - BE GUID: 1775b6bbb9f6757ed1e4f0f7592af3e5
21:53:03 Player [1K-33] R. Tjay connected (id=76561198883479728).
21:53:03 BattlEye Server: Verified GUID (1775b6bbb9f6757ed1e4f0f7592af3e5) of player #8 [1K-33] R. Tjay
21:54:21 BattlEye Server: (Unknown) HoyoBani: medic is online now
21:56:22 BattlEye Server: RCon admin #0 (127.0.0.1:60386) logged in
22:23:09 Bob Lee Swagger uses modified data file
22:23:09 BattlEye Server: Player #9 Bob Lee Swagger (24.158.128.110:2304) connected
22:23:09 Player Bob Lee Swagger connecting.
22:23:13 BattlEye Server: Player #9 Bob Lee Swagger - BE GUID: 7ab29bd7f803d8aee743507d306e6cba
22:23:14 Player Bob Lee Swagger connected (id=76561198318724805