 6:08:50 BattlEye Server: Initialized (v1.217)
 6:08:50 Game Port: 2302, Steam Query Port: 2303
 6:08:50 Mission UrbanSky.kelleysisland read from bank.
 6:08:51 Host identity created.
 6:08:51 Roles assigned.
 6:08:51 Reading mission ...
 6:08:52 BattlEye Server: RCon admin #0 (127.0.0.1:60264) logged in
 6:09:48 BattlEye Server: RCon admin #1 (127.0.0.1:60727) logged in
 6:09:54 Mission read.
 6:09:54 Game started.
 6:09:58 Successfull attempt to execute serverCommand '#exec users' by server.
 6:10:49 Kyatt Demon uses modified data file
 6:10:49 BattlEye Server: Player #0 Kyatt Demon (74.136.1.94:2304) connected
 6:10:49 Player Kyatt Demon connecting.
 6:10:50 BattlEye Server: Connected to BE Master
 6:10:52 BattlEye Server: Player #0 Kyatt Demon - BE GUID: 926f88f40ee0fb14fd8017c86e10b8c4
 6:10:54 Player Kyatt Demon connected (id=76561198159595292).
 6:10:54 BattlEye Server: Verified GUID (926f88f40ee0fb14fd8017c86e10b8c4) of player #0 Kyatt Demon
 6:11:48 Player Kyatt Demon disconnected.
 6:11:48 BattlEye Server: Player #0 Kyatt Demon disconnected
 6:11:49 TrueSpartacus uses modified data file
 6:11:49 BattlEye Server: Player #0 TrueSpartacus (74.136.1.94:1024) connected
 6:11:49 Player TrueSpartacus connecting.
 6:11:52 BattlEye Server: Player #0 TrueSpartacus - BE GUID: 56fbe4dca7ee901da51b7def5eb4f576
 6:11:54 Player TrueSpartacus connected (id=76561198304771417).
 6:11:54 BattlEye Server: Verified GUID (56fbe4dca7ee901da51b7def5eb4f576) of player #0 TrueSpartacus
 6:12:28 Kyatt Demon uses modified data file
 6:12:28 BattlEye Server: Player #1 Kyatt Demon (74.136.1.94:2304) connected
 6:12:28 Player Kyatt Demon connecting.
 6:12:31 BattlEye Server: Player #1 Kyatt Demon - BE GUID: 926f88f40ee0fb14fd8017c86e10b8c4
 6:14:07 Player Kyatt Demon connected (id=76561198159595292).
 6:14:07 BattlEye Server: Verified GUID (926f88f40ee0fb14fd8017c86e10b8c4) of player #1 Kyatt Demon
 6:14:59 Player Kyatt Demon disconnected.
 6:14:59 BattlEye Server: Player #1 Kyatt Demon disconnected
 6:19:55 Kyatt Demon uses modified data file
 6:19:55 BattlEye Server: Player #1 Kyatt Demon (74.136.1.94:2304) connected
 6:19:55 Player Kyatt Demon connecting.
 6:19:59 BattlEye Server: Player #1 Kyatt Demon - BE GUID: 926f88f40ee0fb14fd8017c86e10b8c4
 6:20:00 Player Kyatt Demon connected (id=76561198159595292).
 6:20:00 BattlEye Server: Verified GUID (926f88f40ee0fb14fd8017c86e10b8c4) of player #1 Kyatt Demon
 6:24:16 Robert Kennedy uses modified data file
 6:24:16 BattlEye Server: Player #2 Robert Kennedy (76.120.21.218:2304) connected
 6:24:16 Player Robert Kennedy connecting.
 6:24:19 BattlEye Server: Player #2 Robert Kennedy - BE GUID: ee82c3729d5372257d58141db06c50ca
 6:24:20 Player Robert Kennedy connected (id=76561198083728776).
 6:24:20 BattlEye Server: Verified GUID (ee82c3729d5372257d58141db06c50ca) of player #2 Robert Kennedy
 6:30:39 AL "BIG AL" GAMBINO uses modified data file
 6:30:39 BattlEye Server: Player #3 AL "BIG AL" GAMBINO (74.193.135.12:2304) connected
 6:30:39 Player AL "BIG AL" GAMBINO connecting.
 6:30:42 BattlEye Server: Player #3 AL "BIG AL" GAMBINO - BE GUID: 7df6da575da348d57bcde5b09ebf536a
 6:30:43 Player AL "BIG AL" GAMBINO connected (id=76561198361509989).
 6:30:43 BattlEye Server: Verified GUID (7df6da575da348d57bcde5b09ebf536a) of player #3 AL "BIG AL" GAMBINO
 6:33:57 k_mer uses modified data file
 6:33:57 BattlEye Server: Player #4 k_mer (71.237.108.56:2304) connected
 6:33:57 Player k_mer connecting.
 6:34:00 BattlEye Server: Player #4 k_mer - BE GUID: 1cc708531b27397047be056c9e06da8d
 6:34:00 Player k_mer connected (id=76561198085015751).
 6:34:00 BattlEye Server: Verified GUID (1cc708531b27397047be056c9e06da8d) of player #4 k_mer
 6:40:33 Player k_mer disconnected.
 6:40:33 BattlEye Server: Player #4 k_mer disconnected
 6:41:20 k_mer uses modified data file
 6:41:20 BattlEye Server: Player #4 k_mer (71.237.108.56:2304) connected
 6:41:20 Player k_mer connecting.
 6:41:23 BattlEye Server: Player #4 k_mer - BE GUID: 1cc708531b27397047be056c9e06da8d
 6:41:23 Player k_mer connected (id=76561198085015751).
 6:41:23 BattlEye Server: Verified GUID (1cc708531b27397047be056c9e06da8d) of player #4 k_mer
 6:42:45 Player k_mer disconnected.
 6:42:45 BattlEye Server: Player #4 k_mer disconnected
 6:49:59 k_mer uses modified data file
 6:49:59 BattlEye Server: Player #4 k_mer (71.237.108.56:2304) connected
 6:49:59 Player k_mer connecting.
 6:50:02 BattlEye Server: Player #4 k_mer - BE GUID: 1cc708531b27397047be056c9e06da8d
 6:50:02 Player k_mer connected (id=76561198085015751).
 6:50:02 BattlEye Server: Verified GUID (1cc708531b27397047be056c9e06da8d) of player #4 k_mer
 7:04:29 Player Robert Kennedy disconnected.
 7:04:29 BattlEye Server: Player #2 Robert Kennedy disconnected
 7:14:06 Player AL "BIG AL" GAMBINO disconnected.
 7:14:06 BattlEye Server: Player #3 AL "BIG AL" GAMBINO disconnected
 7:29:55 Nino Marino uses modified data file
 7:29:55 BattlEye Server: Player #5 Nino Marino (71.214.112.161:2304) connected
 7:29:55 Player Nino Marino connecting.
 7:29:58 BattlEye Server: Player #5 Nino Marino - BE GUID: f39290998763ee67898235ee2ea502e7
 7:29:59 Player Nino Marino connected (id=76561198206026112).
 7:29:59 BattlEye Server: Verified GUID (f39290998763ee67898235ee2ea502e7) of player #5 Nino Marino
 7:59:50 Papa Khan  uses modified data file
 7:59:50 BattlEye Server: Player #6 Papa Khan  (68.37.154.237:2304) connected
 7:59:50 Player Papa Khan  connecting.
 7:59:53 BattlEye Server: Player #6 Papa Khan  - BE GUID: 7af22bcce6767844d2daf786abc019f9
 8:00:24 Player Papa Khan  connected (id=76561198153547715).
 8:00:24 BattlEye Server: Verified GUID (7af22bcce6767844d2daf786abc019f9) of player #6 Papa Khan 
 8:00:37 Player Papa Khan  disconnected.
 8:00:37 BattlEye Server: Player #6 Papa Khan  disconnected
 8:25:23 Player k_mer disconnected.
 8:25:23 BattlEye Server: Player #4 k_mer disconnected
 8:25:34 Player Nino Marino disconnected.
 8:25:34 BattlEye Server: Player #5 Nino Marino disconnected
 8:27:44 BattlEye Server: RCon admin #0 (127.0.0.1:60741) logged in
 8:57:09 BattlEye Server: RCon admin #1 (127.0.0.1:62894) logged in
 9:08:44 Papa Khan  uses modified data file
 9:08:44 BattlEye Server: Player #2 Papa Khan  (68.37.154.237:2304) connected
 9:08:44 Player Papa Khan  connecting.
 9:08:47 BattlEye Server: Player #2 Papa Khan  - BE GUID: 7af22bcce6767844d2daf786abc019f9
 9:08:50 Player Papa Khan  connected (id=76561198153547715).
 9:08:50 BattlEye Server: Verified GUID (7af22bcce6767844d2daf786abc019f9) of player #2 Papa Khan 
 9:13:53 Player Papa Khan  disconnected.
 9:13:53 BattlEye Server: Player #2 Papa Khan  disconnected
 9:56:50 BattlEye Server: RCon admin #0 (127.0.0.1:54072) logged in
10:32:45 BattlEye Server: RCon admin #1 (127.0.0.1:61091) logged in
10:51:45 BattlEye Server: RCon admin #0 (127.0.0.1:49443) logged in
12:16:21 RiZe Cynical uses modified data file
12:16:21 BattlEye Server: Player #2 RiZe Cynical (71.221.32.249:2304) connected
12:16:21 Player RiZe Cynical connecting.
12:16:27 BattlEye Server: Player #2 RiZe Cynical - BE GUID: e7b59116220a555c1a0f3b343279967b
12:16:28 Player RiZe Cynical connected (id=76561198212645507).
12:16:28 BattlEye Server: Verified GUID (e7b59116220a555c1a0f3b343279967b) of player #2 RiZe Cynical
12:16:51 Player RiZe Cynical disconnected.
12:16:51 BattlEye Server: Player #2 RiZe Cynical disconnected
12:42:43 Player TrueSpartacus is losing connection
12:42:48 Player TrueSpartacus disconnected.
12:42:48 BattlEye Server: Player #0 TrueSpartacus disconnected
12:44:23 Player Kyatt Demon disconnected.
12:44:23 BattlEye Server: Player #1 Kyatt Demon disconnected
14:05:47 BattlEye Server: RCon admin #1 (127.0.0.1:50270) logged in
15:00:47 BattlEye Server: RCon admin #0 (127.0.0.1:62654) logged in
15:17:23 WarFire uses modified data file
15:17:23 BattlEye Server: Player #0 WarFire (47.36.145.145:2304) connected
15:17:23 Player WarFire connecting.
15:17:28 BattlEye Server: Player #0 WarFire - BE GUID: 49bfef9dbc9e449692cd9311980923ab
15:17:31 Player WarFire connected (id=76561198150464364).
15:17:31 BattlEye Server: Verified GUID (49bfef9dbc9e449692cd9311980923ab) of player #0 WarFire
17