21:41:20 BattlEye Server: Initialized (v1.217)
21:41:21 Game Port: 2302, Steam Query Port: 2303
21:41:21 Mission UrbanSky.kelleysisland read from bank.
21:41:22 Host identity created.
21:41:22 BattlEye Server: RCon admin #0 (127.0.0.1:50240) logged in
21:41:22 Roles assigned.
21:41:22 Reading mission ...
21:42:18 BattlEye Server: RCon admin #1 (127.0.0.1:49311) logged in
21:42:30 Mission read.
21:42:30 Rogue Tjay uses modified data file
21:42:30 Game started.
21:42:30 BattlEye Server: Player #0 Rogue Tjay (99.232.144.252:2304) connected
21:42:30 Player Rogue Tjay connecting.
21:42:31 BattlEye Server: Connected to BE Master
21:42:36 BattlEye Server: Player #0 Rogue Tjay - BE GUID: 1775b6bbb9f6757ed1e4f0f7592af3e5
21:42:36 Successfull attempt to execute serverCommand '#exec users' by server.
21:42:36 Player Rogue Tjay connected (id=76561198883479728).
21:42:36 BattlEye Server: Verified GUID (1775b6bbb9f6757ed1e4f0f7592af3e5) of player #0 Rogue Tjay
21:46:43 alexs uses modified data file
21:46:43 BattlEye Server: Player #1 alexs (99.232.29.56:2304) connected
21:46:43 Player alexs connecting.
21:46:46 BattlEye Server: Player #1 alexs - BE GUID: bda1b660f5090b9fbe6838b42aacdc73
21:46:46 Player alexs connected (id=76561198002867764).
21:46:46 BattlEye Server: Verified GUID (bda1b660f5090b9fbe6838b42aacdc73) of player #1 alexs
21:58:35 Reece Saunders uses modified data file
21:58:35 BattlEye Server: Player #2 Reece Saunders (45.47.159.224:2304) connected
21:58:35 Player Reece Saunders connecting.
21:58:39 BattlEye Server: Player #2 Reece Saunders - BE GUID: 0b0482a007b0408037b7177feff911aa
21:58:39 Player Reece Saunders connected (id=76561198990354808).
21:58:39 BattlEye Server: Verified GUID (0b0482a007b0408037b7177feff911aa) of player #2 Reece Saunders
21:58:43 Benjamin Holmes uses modified data file
21:58:43 BattlEye Server: Player #3 Benjamin Holmes (45.47.157.49:2304) connected
21:58:43 Player Benjamin Holmes connecting.
21:58:46 BattlEye Server: Player #3 Benjamin Holmes - BE GUID: caaccda049bf966a08e6be47fa0bb5a3
21:58:46 Player Benjamin Holmes connected (id=76561198359176914).
21:58:46 BattlEye Server: Verified GUID (caaccda049bf966a08e6be47fa0bb5a3) of player #3 Benjamin Holmes
21:58:52 Player Benjamin Holmes disconnected.
21:58:52 BattlEye Server: Player #3 Benjamin Holmes disconnected
21:59:00 Player Reece Saunders disconnected.
21:59:00 BattlEye Server: Player #2 Reece Saunders disconnected
22:32:53 Player alexs disconnected.
22:32:53 BattlEye Server: Player #1 alexs disconnected
22:52:11 Qasem Soleimani uses modified data file
22:52:11 BattlEye Server: Player #1 Qasem Soleimani (107.158.145.50:2150) connected
22:52:12 Player Qasem Soleimani connecting.
22:52:13 Player Qasem Soleimani disconnected.
22:52:13 BattlEye Server: Player #1 Qasem Soleimani disconnected
22:53:24 BattlEye Server: RCon admin #0 (127.0.0.1:63713) logged in
23:08:49 smccr uses modified data file
23:08:49 BattlEye Server: Player #1 smccr (66.191.230.106:44179) connected
23:08:49 Player smccr connecting.
23:08:51 BattlEye Server: Player #1 smccr - BE GUID: 115e734763fdb5ab83cb3493d83fc606
23:08:52 Player smccr connected (id=76561198839326777).
23:08:52 BattlEye Server: Verified GUID (115e734763fdb5ab83cb3493d83fc606) of player #1 smccr
23:08:58 Player smccr disconnected.
23:08:58 BattlEye Server: Player #1 smccr disconnected
23:10:20 Player Rogue Tjay disconnected.
23:10:20 BattlEye Server: Player #0 Rogue Tjay disconnected
23:13:34 BattlEye Server: RCon admin #1 (127.0.0.1:64606) logged in
 1:07:00 Rogue Tjay uses modified data file
 1:07:00 BattlEye Server: Player #0 Rogue Tjay (99.232.144.252:2304) connected
 1:07:00 Player Rogue Tjay connecting.
 1:07:04 BattlEye Server: Player #0 Rogue Tjay - BE GUID: 1775b6bbb9f6757ed1e4f0f7592af3e5
 1:07:04 Player Rogue Tjay connected (id=76561198883479728).
 1:07:04 BattlEye Server: Verified GUID (1775b6bbb9f6757ed1e4f0f7592af3e5) of player #0 Rogue Tjay
 1:21:25 gethi uses modified data file
 1:21:25 BattlEye Server: Player #1 gethi (151.230.246.27:2304) connected
 1:21:25 Player gethi connecting.
 1:21:27 BattlEye Server: Player #1 gethi - BE GUID: 65aca519303228734de5d48f2f340093
 1:21:28 Player gethi connected (id=76561198063112269).
 1:21:28 BattlEye Server: Verified GUID (65aca519303228734de5d48f2f340093) of player #1 gethi
 1:21:31 Player gethi disconnected.
 1:21:31 BattlEye Server: Player #1 gethi disconnected
 1:41:52 Sweet Potato uses modified data file
 1:41:52 BattlEye Server: Player #1 Sweet Potato (135.23.169.21:2304) connected
 1:41:52 Player Sweet Potato connecting.
 1:41:55 BattlEye Server: Player #1 Sweet Potato - BE GUID: 23060563776184f5001c73fd153ae24c
 1:41:56 Player Sweet Potato connected (id=76561197962273784).
 1:41:56 BattlEye Server: Verified GUID (23060563776184f5001c73fd153ae24c) of player #1 Sweet Potato
 1:42:02 Player Sweet Potato disconnected.
 1:42:02 BattlEye Server: Player #1 Sweet Potato disconnected
 1:59:50 Player Rogue Tjay disconnected.
 1:59:50 BattlEye Server: Player #0 Rogue Tjay disconnected
 2:09:37 Rogue Tjay uses modified data file
 2:09:37 BattlEye Server: Player #0 Rogue Tjay (99.232.144.252:2304) connected
 2:09:37 Player Rogue Tjay connecting.
 2:09:40 BattlEye Server: Player #0 Rogue Tjay - BE GUID: 1775b6bbb9f6757ed1e4f0f7592af3e5
 2:09:40 Player Rogue Tjay connected (id=76561198883479728).
 2:09:40 BattlEye Server: Verified GUID (1775b6bbb9f6757ed1e4f0f7592af3e5) of player #0 Rogue Tjay
 2:12:26 alexs uses modified data file
 2:12:26 BattlEye Server: Player #1 alexs (99.232.29.56:2304) connected
 2:12:26 Player alexs connecting.
 2:12:29 BattlEye Server: Player #1 alexs - BE GUID: bda1b660f5090b9fbe6838b42aacdc73
 2:12:29 Player alexs connected (id=76561198002867764).
 2:12:29 BattlEye Server: Verified GUID (bda1b660f5090b9fbe6838b42aacdc73) of player #1 alexs
 2:20:37 Dilan uses modified data file
 2:20:37 BattlEye Server: Player #2 Dilan (99.232.29.56:1024) connected
 2:20:37 Player Dilan connecting.
 2:20:40 BattlEye Server: Player #2 Dilan - BE GUID: 824fe730e2f339b29c3d882d41564aef
 2:20:40 Player Dilan connected (id=76561198381615280).
 2:20:40 BattlEye Server: Verified GUID (824fe730e2f339b29c3d882d41564aef) of player #2 Dilan
 2:22:56 BattlEye Server: RCon admin #0 (127.0.0.1:51564) logged in
 2:27:13 PaulAndrews uses modified data file
 2:27:13 BattlEye Server: Player #3 PaulAndrews (65.185.66.48:2304) connected
 2:27:13 Player PaulAndrews connecting.
 2:27:18 BattlEye Server: Player #3 PaulAndrews - BE GUID: 9570425fb39b11b72f4418b112b06873
 2:27:18 Player PaulAndrews connected (id=76561198067336636).
 2:27:18 BattlEye Server: Verified GUID (9570425fb39b11b72f4418b112b06873) of player #3 PaulAndrews
 2:27:23 Player PaulAndrews disconnected.
 2:27:23 BattlEye Server: Player #3 PaulAndrews disconnected
 2:30:11 BattlEye Server: RCon admin #1 (127.0.0.1:62946) logged in
 2:32:13 colin uses modified data file
 2:32:13 BattlEye Server: Player #3 colin (71.80.21.101:2304) connected
 2:32:13 Player colin connecting.
 2:32:16 BattlEye Server: Player #3 colin - BE GUID: 077570d2eebc42311fb74c14a319ce37
 2:32:16 Player colin connected (id=76561197997087925).
 2:32:16 BattlEye Server: Verified GUID (077570d2eebc42311fb74c14a319ce37) of player #3 colin
 2:33:14 Player colin disconnected.
 2:33:14 BattlEye Server: Player #3 colin disconnected
 2:39:53 Player Dilan disconnected.
 2:39:53 BattlEye Server: Player #2 Dilan disconnected
 2:39:58 Dilan uses modified data file
 2:39:58 BattlEye Server: Player #2 Dilan (99.232.29.56:1024) connected
 2:39:58 Player Dilan connecting.
 2:40:00 BattlEye Server: Player #2 Dilan - BE GUID: 824fe730e2f339b29c3d882d41564aef
 2:40:01 Player Dilan connected (id=76561198381615280).
 2:40:01 BattlEye Server: Verified GUID (824fe730e2f339b29c3d882d41564aef) of player #2 Dilan
 2:40:34 Player Dilan disconnected.
 2:40:34 BattlEye Server: Player #2 Dilan disconnected
 2:44:47 Dilan uses modified data file
 2:44:47 BattlEye Server: Player #2 Dilan (99.232.29.56:1024) connected
 2:44:47 Player Dilan connecting.
 2:44:50 BattlEye Server: Player #2 Dilan - BE GUID: 824fe730e2f339b29c3d882d41564aef
 2:44:50 Player Dilan connected (id=765611983