
extDB3: https://bitbucket.org/torndeco/extdb3/wiki/Home
extDB3: Version: 1.031
extDB3: Windows Version
Message: All development for extDB3 is done on a Linux Dedicated Server
Message: If you would like to Donate to extDB3 Development
Message: https://www.paypal.com/cgi-bin/webscr?cmd=_s-xclick&hosted_button_id=2SUEFTGABTAM2
Message: Also leave a message if there is any particular feature you would like to see added.
Message: Thanks for all the people that have donated.
Message: Torndeco: 18/05/15


extDB3: Found extdb3-conf.ini
extDB3: Detected 8 Cores, Setting up 6 Worker Threads
extDB3: ...
extDB3: ...
extDB3: ...
extDB3: ...
extDB3: ...
extDB3: ...


[22:33:41:871024 +01:00] [Thread 7788] extDB3: SQL: Initialized: Add Quotes around TEXT Datatypes mode: 2
[22:33:41:871078 +01:00] [Thread 7788] extDB3: SQL: Initialized: NULL = ""
[22:33:41:871091 +01:00] [Thread 7788] extDB3: Locked
[04:20:59:985681 +01:00] [Thread 6392] extDB3: SQL: Error MariaDBQueryException: Unknown column 'playerid' in 'where clause'
[04:20:59:985701 +01:00] [Thread 6392] extDB3: SQL: Error MariaDBQueryException: Input: UPDATE players SET jail_time='15' WHERE playerid='76561198264871362'
[05:07:42:354241 +01:00] [Thread 6392] extDB3: SQL: Error MariaDBQueryException: Unknown column 'playerid' in 'where clause'
[05:07:42:354261 +01:00] [Thread 6392] extDB3: SQL: Error MariaDBQueryException: Input: UPDATE players SET jail_time='6' WHERE playerid='76561198043298972'
[05:07:58:201689 +01:00] [Thread 6392] extDB3: SQL: Error MariaDBQueryException: Unknown column 'playerid' in 'where clause'
[05:07:58:201708 +01:00] [Thread 6392] extDB3: SQL: Error MariaDBQueryException: Input: UPDATE players SET jail_time='6' WHERE playerid='76561198038112694'
