
extDB3: https://bitbucket.org/torndeco/extdb3/wiki/Home
extDB3: Version: 1.031
extDB3: Windows Version
Message: All development for extDB3 is done on a Linux Dedicated Server
Message: If you would like to Donate to extDB3 Development
Message: https://www.paypal.com/cgi-bin/webscr?cmd=_s-xclick&hosted_button_id=2SUEFTGABTAM2
Message: Also leave a message if there is any particular feature you would like to see added.
Message: Thanks for all the people that have donated.
Message: Torndeco: 18/05/15


extDB3: Found extdb3-conf.ini
extDB3: Detected 8 Cores, Setting up 6 Worker Threads
extDB3: ...
extDB3: ...
extDB3: ...
extDB3: ...
extDB3: ...
extDB3: ...


[17:01:59:764099 -06:00] [Thread 5032] extDB3: SQL: Initialized: Add Quotes around TEXT Datatypes mode: 2
[17:01:59:764153 -06:00] [Thread 5032] extDB3: SQL: Initialized: NULL = ""
[17:01:59:764167 -06:00] [Thread 5032] extDB3: Locked
[17:56:39:441460 -06:00] [Thread 5552] extDB3: SQL: Error MariaDBQueryException: Duplicate entry '76561199028114643' for key 'PRIMARY'
[17:56:39:441479 -06:00] [Thread 5552] extDB3: SQL: Error MariaDBQueryException: Input: INSERT INTO players (pid, name, cash, bankacc, aliases, cop_licenses, med_licenses, civ_licenses, civ_gear, cop_gear, med_gear) VALUES('76561199028114643', 'Chee Ghost', '0', '25000', '"[`Chee Ghost`]"','"[]"','"[]"','"[]"','"[]"','"[]"','"[]"')
[17:56:39:441485 -06:00] [Thread 5612] extDB3: SQL: Error MariaDBQueryException: Duplicate entry '76561199028114643' for key 'PRIMARY'
[17:56:39:441494 -06:00] [Thread 5612] extDB3: SQL: Error MariaDBQueryException: Input: INSERT INTO players (pid, name, cash, bankacc, aliases, cop_licenses, med_licenses, civ_licenses, civ_gear, cop_gear, med_gear) VALUES('76561199028114643', 'Chee Ghost', '0', '25000', '"[`Chee Ghost`]"','"[]"','"[]"','"[]"','"[]"','"[]"','"[]"')
[18:06:22:628626 -06:00] [Thread 2632] extDB3: SQL: Error MariaDBQueryException: Unknown column 'playerid' in 'where clause'
[18:06:22:628642 -06:00] [Thread 2632] extDB3: SQL: Error MariaDBQueryException: Input: SELECT jail_time FROM players WHERE playerid='76561198272370927'
