
extDB3: https://bitbucket.org/torndeco/extdb3/wiki/Home
extDB3: Version: 1.031
extDB3: Windows Version
Message: All development for extDB3 is done on a Linux Dedicated Server
Message: If you would like to Donate to extDB3 Development
Message: https://www.paypal.com/cgi-bin/webscr?cmd=_s-xclick&hosted_button_id=2SUEFTGABTAM2
Message: Also leave a message if there is any particular feature you would like to see added.
Message: Thanks for all the people that have donated.
Message: Torndeco: 18/05/15


extDB3: Found extdb3-conf.ini
extDB3: Detected 8 Cores, Setting up 6 Worker Threads
extDB3: ...
extDB3: ...
extDB3: ...
extDB3: ...
extDB3: ...
extDB3: ...


[00:01:58:748740 +01:00] [Thread 4172] extDB3: SQL: Initialized: Add Quotes around TEXT Datatypes mode: 2
[00:01:58:748823 +01:00] [Thread 4172] extDB3: SQL: Initialized: NULL = ""
[00:01:58:748836 +01:00] [Thread 4172] extDB3: Locked
[00:42:32:691150 +01:00] [Thread 6580] extDB3: SQL: Error MariaDBQueryException: Unknown column 'playerid' in 'where clause'
[00:42:32:691169 +01:00] [Thread 6580] extDB3: SQL: Error MariaDBQueryException: Input: SELECT jail_time FROM players WHERE playerid='76561198883479728'
[03:28:02:645452 +01:00] [Thread 5176] extDB3: SQL: Error MariaDBQueryException: Unknown column 'playerid' in 'where clause'
[03:28:02:645472 +01:00] [Thread 5176] extDB3: SQL: Error MariaDBQueryException: Input: UPDATE players SET jail_time='10' WHERE playerid='76561198119767526'
[03:34:28:825369 +01:00] [Thread 5176] extDB3: SQL: Error MariaDBQueryException: Unknown column 'playerid' in 'where clause'
[03:34:28:825385 +01:00] [Thread 5176] extDB3: SQL: Error MariaDBQueryException: Input: SELECT jail_time FROM players WHERE playerid='76561198119767526'
[03:49:03:035329 +01:00] [Thread 5176] extDB3: SQL: Error MariaDBQueryException: Data too long for column 'civ_position' at row 1
[03:49:03:035361 +01:00] [Thread 5176] extDB3: SQL: Error MariaDBQueryException: Input: UPDATE players SET name='Axel Jones', cash='0', bankacc='110412', civ_licenses='"[[`license_civ_driver`,1],[`license_civ_restrictedlicense`,0],[`license_civ_SurplusShop`,0],[`license_civ_repair`,0],[`license_civ_sport`,0],[`license_civ_bike`,0],[`license_civ_tow`,0],[`license_civ_boat`,1],[`license_civ_pilot`,0],[`license_civ_trucking`,0],[`license_civ_gun`,1],[`license_civ_gundealer`,0],[`license_civ_rifle`,0],[`license_civ_dive`,0],[`license_civ_home`,0],[`license_civ_business`,0],[`license_civ_oil`,0],[`license_civ_diamond`,0],[`license_civ_salt`,0],[`license_civ_sand`,0],[`license_civ_iron`,0],[`license_civ_copper`,0],[`license_civ_cement`,0],[`license_civ_medmarijuana`,0],[`license_civ_cocaine`,0],[`license_civ_heroin`,1],[`license_civ_marijuana`,1],[`license_civ_rebel`,0]]"', civ_gear='"[`U_C_Poloshirt_stripped`,``,``,``,``,[`ItemMap`,`ItemCompass`,`tf_microdagr`],``,``,[],[],[],[],[],[],[``,``,``,``],[``,``,``,``],[]]"', arrested='0', civ_stats='"[100,100,0]"', civ_alive='1', civ_position='"[3931.94,3666.05,-5.81741e-005]"', playtime='"[0,0,88]"' WHERE pid='76561198091943121'
[04:31:43:964811 +01:00] [Thread 5176] extDB3: SQL: Error MariaDBQueryException: Unknown column 'playerid' in 'where clause'
[04:31:43:964830 +01:00] [Thread 5176] extDB3: SQL: Error MariaDBQueryException: Input: UPDATE players SET jail_time='5' WHERE playerid='76561198354844800'
[04:59:18:545363 +01:00] [Thread 4828] extDB3: SQL: Error MariaDBQueryException: Unknown column 'playerid' in 'where clause'
[04:59:18:545384 +01:00] [Thread 4828] extDB3: SQL: Error MariaDBQueryException: Input: UPDATE players SET jail_time='5' WHERE playerid='76561198264871362'
