
extDB3: https://bitbucket.org/torndeco/extdb3/wiki/Home
extDB3: Version: 1.031
extDB3: Windows Version
Message: All development for extDB3 is done on a Linux Dedicated Server
Message: If you would like to Donate to extDB3 Development
Message: https://www.paypal.com/cgi-bin/webscr?cmd=_s-xclick&hosted_button_id=2SUEFTGABTAM2
Message: Also leave a message if there is any particular feature you would like to see added.
Message: Thanks for all the people that have donated.
Message: Torndeco: 18/05/15


extDB3: Found extdb3-conf.ini
extDB3: Detected 8 Cores, Setting up 6 Worker Threads
extDB3: ...
extDB3: ...
extDB3: ...
extDB3: ...
extDB3: ...
extDB3: ...


[17:48:07:733491 +01:00] [Thread 9452] extDB3: SQL: Initialized: Add Quotes around TEXT Datatypes mode: 2
[17:48:07:733574 +01:00] [Thread 9452] extDB3: SQL: Initialized: NULL = ""
[17:48:07:733588 +01:00] [Thread 9452] extDB3: Locked
[19:15:04:658655 +01:00] [Thread 5740] extDB3: SQL: Error MariaDBQueryException: DELETE command denied to user 'arma3'@'localhost' for table 'crafting_stations'
[19:15:04:658679 +01:00] [Thread 5740] extDB3: SQL: Error MariaDBQueryException: Input: DELETE FROM crafting_stations WHERE id='11'
[19:24:10:211042 +01:00] [Thread 5740] extDB3: SQL: Error MariaDBQueryException: DELETE command denied to user 'arma3'@'localhost' for table 'crafting_stations'
[19:24:10:211063 +01:00] [Thread 5740] extDB3: SQL: Error MariaDBQueryException: Input: DELETE FROM crafting_stations WHERE id='3'
[20:59:48:334947 +01:00] [Thread 3016] extDB3: SQL: Error MariaDBQueryException: Unknown column 'playerid' in 'where clause'
[20:59:48:334983 +01:00] [Thread 3016] extDB3: SQL: Error MariaDBQueryException: Input: UPDATE players SET jail_time='10' WHERE playerid='76561198083728776'
[01:18:40:439072 +01:00] [Thread 8260] extDB3: SQL: Error MariaDBQueryException: DELETE command denied to user 'arma3'@'localhost' for table 'crafting_stations'
[01:18:40:439094 +01:00] [Thread 8260] extDB3: SQL: Error MariaDBQueryException: Input: DELETE FROM crafting_stations WHERE id='10'
