20.01.2020 00:28:33: 4h 17min | Connected: Eriden Parker(76561198054085448 - 9) - time: 15341.3 - serverFPS: 45.977
20.01.2020 01:06:03: 4h 54min | Connected: [1k-40] Jose Santana(76561198206026112 - 12) - time: 17590.8 - serverFPS: 46.6472
20.01.2020 01:20:57: 5h 9min | Connected: luke(76561198264871362 - 15) - time: 18483.9 - serverFPS: 45.977
20.01.2020 01:24:23: 5h 13min | Connected: Mike Rivers(76561198134196244 - 17) - time: 18689.8 - serverFPS: 45.7143
20.01.2020 01:24:25: 5h 13min | Disconnected: Mike Rivers(76561198134196244 - 17) - time: 18692 - serverFPS: 46.1095
20.01.2020 01:24:49: 5h 13min | Connected: Mike Rivers(76561198134196244 - 17) - time: 18716.5 - serverFPS: 45.3258
20.01.2020 01:24:51: 5h 13min | Disconnected: Mike Rivers(76561198134196244 - 17) - time: 18718.3 - serverFPS: 45.4545
20.01.2020 01:31:14: 5h 19min | Connected: Stanley Thompson [1K-75](76561198180893505 - 18) - time: 19101.1 - serverFPS: 45.584
20.01.2020 01:31:17: 5h 20min | Disconnected: Stanley Thompson [1K-75](76561198180893505 - 18) - time: 19103.9 - serverFPS: 45.3258
20.01.2020 01:31:45: 5h 20min | Connected: Stanley Thompson [1K-75](76561198180893505 - 18) - time: 19131.8 - serverFPS: 45.584
20.01.2020 01:31:48: 5h 20min | Disconnected: Stanley Thompson [1K-75](76561198180893505 - 18) - time: 19134.9 - serverFPS: 45.584
20.01.2020 01:34:24: 5h 23min | Connected: Stanley Thompson [1K-75](76561198180893505 - 19) - time: 19291 - serverFPS: 46.3768
20.01.2020 01:41:36: 5h 30min | Disconnected: Rogue Tjay(76561198883479728 - 5) - time: 19722.4 - serverFPS: 45.3258
20.01.2020 01:43:42: 5h 32min | Disconnected: alexs(76561198002867764 - 4) - time: 19848.5 - serverFPS: 45.584
20.01.2020 01:46:40: 5h 35min | Connected: Rogue Tjay(76561198883479728 - 20) - time: 20026.2 - serverFPS: 45.7143
20.01.2020 01:53:22: 5h 42min | Disconnected: Rogue Tjay(76561198883479728 - 20) - time: 20427.3 - serverFPS: 45.4545
20.01.2020 01:55:05: 5h 43min | Disconnected: Dilan(76561198381615280 - 6) - time: 20529.9 - serverFPS: 45.584
20.01.2020 01:58:08: 5h 46min | Disconnected: luke(76561198264871362 - 15) - time: 20713.6 - serverFPS: 46.9208
20.01.2020 01:58:29: 5h 47min | Connected: luke(76561198264871362 - 15) - time: 20735 - serverFPS: 45.8453
20.01.2020 02:08:32: 5h 57min | Disconnected: Eriden Parker(76561198054085448 - 9) - time: 21337.3 - serverFPS: 46.2428
20.01.2020 02:27:27: 6h 16min | Disconnected: luke(76561198264871362 - 15) - time: 22471.6 - serverFPS: 46.1095
20.01.2020 02:39:30: 6h 28min | Disconnected: Stanley Thompson [1K-75](76561198180893505 - 19) - time: 23194.6 - serverFPS: 46.1095
20.01.2020 02:40:03: 6h 28min | Connected: Stanley Thompson [1K-75](76561198180893505 - 19) - time: 23227.8 - serverFPS: 46.9208
20.01.2020 02:41:14: 6h 29min | Disconnected: [1k-40] Jose Santana(76561198206026112 - 12) - time: 23298.9 - serverFPS: 45.584
20.01.2020 02:44:18: 6h 33min | Disconnected: Donnie Turbo(76561198041233395 - 7) - time: 23482.9 - serverFPS: 45.584
20.01.2020 02:44:27: 6h 33min | Disconnected: Stanley Thompson [1K-75](76561198180893505 - 19) - time: 23491.2 - serverFPS: 45.4545
20.01.2020 10:10:35: 13h 59min | Connected: Eriden Parker(76561198054085448 - 22) - time: 50258.2 - serverFPS: 46.3768
20.01.2020 11:46:07: 15h 34min | Disconnected: Eriden Parker(76561198054085448 - 22) - time: 55990.3 - serverFPS: 45.4545
20.01.2020 23:11:48: infiSTAR_PlayerConnected_id: 1
20.01.2020 23:11:48: infiSTAR_PlayerDisconnected_id: 0
20.01.2020 23:37:17: 0h 27min | Connected: Nino Marino(76561198206026112 - 4) - time: 1532.01 - serverFPS: 46.5116
