16.02.2020 00:13:20: 6h 33min | Connected: HoyoBani(76561198105940600 - 21) - time: 23511.7 - serverFPS: 45.8453
16.02.2020 00:20:18: 6h 40min | Connected: [3k-66] W.Blades(76561198281290777 - 22) - time: 23929.7 - serverFPS: 46.2428
16.02.2020 00:27:31: 6h 47min | Connected: Simon(76561198139661569 - 24) - time: 24362.6 - serverFPS: 45.584
16.02.2020 00:29:04: 6h 49min | Connected: Sherman(76561198038112694 - 25) - time: 24454.9 - serverFPS: 45.584
16.02.2020 00:32:01: 6h 52min | Disconnected: Sherman(76561198038112694 - 25) - time: 24630.9 - serverFPS: 45.977
16.02.2020 00:35:21: 6h 55min | Connected: Sherman(76561198038112694 - 26) - time: 24830.5 - serverFPS: 45.584
16.02.2020 00:42:14: 7h 2min | Disconnected: mr.bean(76561198883479728 - 20) - time: 25243.8 - serverFPS: 45.584
16.02.2020 00:44:24: 7h 4min | Connected: [1K-33] R. Tjay(76561198883479728 - 27) - time: 25373.9 - serverFPS: 45.584
16.02.2020 01:29:06: 7h 49min | Disconnected: Robert Kennedy(76561198083728776 - 12) - time: 28054.7 - serverFPS: 46.1095
16.02.2020 01:37:50: 7h 58min | Disconnected: Donnie Turbo(76561198041233395 - 9) - time: 28578.4 - serverFPS: 45.4545
16.02.2020 01:38:20: 7h 58min | Connected: Donnie Turbo(76561198041233395 - 9) - time: 28608.4 - serverFPS: 45.1977
16.02.2020 01:48:53: 8h 9min | Connected: Robert Kennedy(76561198083728776 - 30) - time: 29241.6 - serverFPS: 47.3373
16.02.2020 01:49:13: 8h 9min | Connected: Ted Kennedy(76561198042633029 - 29) - time: 29261.4 - serverFPS: 45.7143
16.02.2020 02:09:20: 8h 29min | Connected: K-12 J Shepard(76561198043298972 - 32) - time: 30467.1 - serverFPS: 46.1095
16.02.2020 02:10:37: 8h 30min | Connected: Alexander.Rios(76561198037915534 - 31) - time: 30543.7 - serverFPS: 47.9042
16.02.2020 02:36:38: 8h 56min | Disconnected: HoyoBani(76561198105940600 - 21) - time: 32103.9 - serverFPS: 46.1095
16.02.2020 02:46:25: 9h 6min | Connected: Rick Cheney(76561198860031547 - 35) - time: 32690.8 - serverFPS: 45.7143
16.02.2020 02:53:48: 9h 14min | Connected: EasyA(76561198069647294 - 36) - time: 33134 - serverFPS: 45.4545
16.02.2020 02:54:25: 9h 14min | Disconnected: Jackz(76561198391774624 - 8) - time: 33170.9 - serverFPS: 45.584
16.02.2020 02:54:53: 9h 15min | Connected: Jackz(76561198391774624 - 8) - time: 33198.4 - serverFPS: 45.584
16.02.2020 03:06:03: 9h 26min | Disconnected: [1K-33] R. Tjay(76561198883479728 - 27) - time: 33867.4 - serverFPS: 45.4545
16.02.2020 03:07:47: 9h 28min | Connected: Rogue Tjay(76561198883479728 - 37) - time: 33971.1 - serverFPS: 46.5116
16.02.2020 03:17:51: 9h 38min | Disconnected: Low_Poly_Man(76561198137223112 - 10) - time: 34574.9 - serverFPS: 46.6472
16.02.2020 03:18:19: 9h 38min | Connected: Low_Poly_Man(76561198137223112 - 10) - time: 34602.6 - serverFPS: 45.584
16.02.2020 03:29:20: 9h 49min | Disconnected: EasyA(76561198069647294 - 36) - time: 35263.6 - serverFPS: 46.2428
16.02.2020 03:35:22: 9h 55min | Disconnected: Simon(76561198139661569 - 24) - time: 35624.9 - serverFPS: 45.8453
16.02.2020 03:36:30: 9h 56min | Disconnected: Rogue Tjay(76561198883479728 - 37) - time: 35693.6 - serverFPS: 45.7143
16.02.2020 03:40:43: 10h 0min | Connected: EasyA(76561198069647294 - 38) - time: 35946 - serverFPS: 46.7836
16.02.2020 03:48:27: 10h 8min | Disconnected: Sherman(76561198038112694 - 26) - time: 36409.4 - serverFPS: 45.8453
16.02.2020 03:57:31: 10h 17min | Connected: Sherman(76561198038112694 - 40) - time: 36954.2 - serverFPS: 45.8453
16.02.2020 04:00:04: 10h 20min | Disconnected: S.Kingston(76561198046640450 - 14) - time: 37105.7 - serverFPS: 45.8453
16.02.2020 04:03:45: 10h 24min | Disconnected: WarFire(76561198150464364 - 7) - time: 37327.6 - serverFPS: 45.584
16.02.2020 04:09:45: 10h 30min | Disconnected: Low_Poly_Man(76561198137223112 - 10) - time: 37687.1 - serverFPS: 46.3768
16.02.2020 04:15:54: 10h 36min | Disconnected: Alexander.Rios(76561198037915534 - 31) - time: 38056.6 - serverFPS: 45.7143
16.02.2020 04:24:12: 10h 44min | Disconnected: Sherman(76561198038112694 - 40) - time: 38554.2 - serverFPS: 46.1095
16.02.2020 04:40:37: 11h 0min | Disconnected: Jackz(76561198391774624 - 8) - time: 39539.2 - serverFPS: 45.4545
16.02.2020 04:40:39: 11h 0min | Disconnected: Donnie Turbo(76561198041233395 - 9) - time: 39541.7 - serverFPS: 45.7143
16.02.2020 04:41:11: 11h 1min | Disconnected: Zander Marino(76561198180893505 - 19) - time: 39573.3 - serverFPS: 46.2428
16.02.2020 04:41:33: 11h 1min | Connected: Sherman(76561198038112694 - 42) - time: 39595.7 - serverFPS: 46.7836
16.02.2020 04:42:16: 11h 2min | Connected: John Anderson(76561198180893505 - 43) - time: 39638 - serverFPS: 46.2428
16.02.2020 04:55:46: 11h 16min | Disconnected: Nino Marino(76561198206026112 - 15) - time: 40448 - serverFPS: 47.4777
16.02.2020 05:09:35: 11h 29min | Disconnected: Sherman(76561198038112694 - 42) - time: 41274.7 - serverFPS: 45.584
16.02.2020 05:12:33: 11h 32min | Disconnected: K-12 J Shepard(76561198043298972 - 32) - time: 41453.3 - serverFPS: 47.0588
16.02.2020 05:18:16: 11h 38min | Disconnected: Rick Cheney(76561198860031547 - 35) - time: 41795.9 - serverFPS: 47.0588
16.02.2020 05:21:02: 11h 41min | Disconnected: Ted Kennedy(76561198042633029 - 29) - time: 41962.3 - serverFPS: 45.4545
16.02.2020 05:21:07: 11h 41min | Disconnected: Robert Kennedy(76561198083728776 - 30) - time: 41967.2 - serverFPS: 45.584
16.02.2020 05:21:47: 11h 42min | Disconnected: EasyA(76561198069647294 - 38) - time: 42006.7 - serverFPS: 45.4545
16.02.2020 05:27:53: 11h 48min | Disconnected: [3k-66] W.Blades(76561198281290777 - 22) - time: 42372.4 - serverFPS: 47.619
16.02.2020 06:00:06: 12h 20min | Connected: Nino Marino(76561198206026112 - 44) - time: 44305.5 - serverFPS: 46.2428
16.02.2020 06:45:57: 13h 6min | Disconnected: Nino Marino(76561198206026112 - 44) - time: 47056.5 - serverFPS: 45.7143
16.02.2020 06:45:59: 13h 6min | Disconnected: luke(76561198264871362 - 16) - time: 47058 - serverFPS: 45.7143
16.02.2020 06:46:02: 13h 6min | Disconnected: John Anderson(76561198180893505 - 43) - time: 47060.9 - serverFPS: 45.8453
16.02.2020 15:17:39: 21h 37min | Connected: Ted Kennedy(76561198042633029 - 48) - time: 77757.6 - serverFPS: 45.584
16.02.2020 17:01:29: 23h 21min | Disconnected: Ted Kennedy(76561198042633029 - 48) - time: 83986.8 - serverFPS: 45.4545
16.02.2020 19:21:35: 25h 41min | Connected: Kyatt Demon(76561198159595292 - 50) - time: 92392.9 - serverFPS: 45.7143
16.02.2020 19:24:08: 25h 44min | Connected: TrueSpartacus(76561198304771417 - 51) - time: 92545.1 - serverFPS: 45.7143
16.02.2020 19:46:10: 26h 6min | Disconnected: Kyatt Demon(76561198159595292 - 50) - time: 93866.3 - serverFPS: 45.977
16.02.2020 19:46:44: 26h 7min | Connected: Kyatt Demon(76561198159595292 - 50) - time: 93901.2 - serverFPS: 46.9208
16.02.2020 19:49:16: 26h 9min | Disconnected: Kyatt Demon(76561198159595292 - 50) - time: 94053.1 - serverFPS: 46.7836
16.02.2020 20:20:08: 26h 40min | Disconnected: TrueSpartacus(76561198304771417 - 51) - time: 95905.3 - serverFPS: 45.977
16.02.2020 20:28:14: 26h 48min | Connected: Kyatt Demon(76561198159595292 - 52) - time: 96390.7 - serverFPS: 46.3768
16.02.2020 20:29:53: 26h 50min | Disconnected: Kyatt Demon(76561198159595292 - 52) - time: 96489.5 - serverFPS: 46.3768
16.02.2020 20:33:07: 26h 53min | Connected: Sherman(76561198038112694 - 53) - time: 96683.1 - serverFPS: 45.584
16.02.2020 20:35:36: 26h 55min | Disconnected: Sherman(76561198038112694 - 53) - time: 96832.6 - serverFPS: 45.3258
16.02.2020 20:53:02: 27h 13min | Connected: Jackz(76561198391774624 - 54) - time: 97878.2 - serverFPS: 47.0588
16.02.2020 21:13:54: 27h 34min | Connected: Low_Poly_Man(76561198137223112 - 55) - time: 99129.8 - serverFPS: 45.4545
16.02.2020 21:19:51: 27h 40min | Disconnected: Low_Poly_Man(76561198137223112 - 55) - time: 99486.2 - serverFPS: 45.584
16.02.2020 21:20:40: 27h 40min | Connected: Low_Poly_Man(76561198137223112 - 56) - time: 99535 - serverFPS: 45.3258
16.02.2020 21:26:50: 27h 47min | Connected: AL "BIG AL" GAMBINO(76561198361509989 - 57) - time: 99905.7 - serverFPS: 45.977
16.02.2020 21:26:56: 27h 47min | Connected: WarFire(76561198150464364 - 58) - time: 99910.7 - serverFPS: 45.977
16.02.2020 21:28:48: 27h 49min | Connected: Sherman(76561198038112694 - 59) - time: 100022 - serverFPS: 45.8453
16.02.2020 21:30:04: 27h 50min | Disconnected: Sherman(76561198038112694 - 59) - time: 100099 - serverFPS: 46.1095
16.02.2020 21:52:03: 28h 12min | Connected: Donnie Turbo(76561198041233395 - 61) - time: 101417 - serverFPS: 45.7143
16.02.2020 22:00:53: 28h 21min | Disconnected: Jackz(76561198391774624 - 54) - time: 101946 - serverFPS: 45.4545
16.02.2020 22:03:19: 28h 23min | Disconnected: WarFire(76561198150464364 - 58) - time: 102093 - serverFPS: 45.4545
16.02.2020 22:03:20: 28h 23min | Disconnected: Low_Poly_Man(76561198137223112 - 56) - time: 102094 - serverFPS: 45.584
16.02.2020 22:21:29: 28h 41min | Connected: Gen S.Kingston(76561198046640450 - 60) - time: 103182 - serverFPS: 45.584
16.02.2020 22:23:22: 28h 43min | Disconnected: Gen S.Kingston(76561198046640450 - 60) - time: 103295 - serverFPS: 41.1311
16.02.2020 22:28:44: 28h 49min | Connected: HoyoBani(76561198105940600 - 62) - time: 103617 - serverFPS: 45.7143
16.02.2020 22:43:31: 29h 3min | Disconnected: HoyoBani(76561198105940600 - 62) - time: 104504 - serverFPS: 45.8453
16.02.2020 22:43:58: 29h 4min | Connected: HoyoBani(76561198105940600 - 62) - time: 104530 - serverFPS: 45.7143
16.02.2020 22:49:44: 29h 10min | Connected: Sherman(76561198038112694 - 65) - time: 104876 - serverFPS: 45.3258
16.02.2020 23:08:04: 29h 28min | Connected: S.Kingston(76561198046640450 - 67) - time: 105976 - serverFPS: 47.4777
16.02.2020 23:08:07: 29h 28min | Disconnected: S.Kingston(76561198046640450 - 67) - time: 105979 - serverFPS: 45.7143
16.02.2020 23:08:30: 29h 28min | Connected: S.Kingston(76561198046640450 - 67) - time: 106001 - serverFPS: 45.7143
16.02.2020 23:08:33: 29h 28min | Disconnected: S.Kingston(76561198046640450 - 67) - time: 106004 - serverFPS: 45.0704
16.02.2020 23:09:47: 29h 30min | Connected: S.Kingston(76561198046640450 - 67) - time: 106079 - serverFPS: 45.7143
16.02.2020 23:09:50: 29h 30min | Disconnected: S.Kingston(76561198046640450 - 67) - time: 106082 - serverFPS: 45.7143
16.02.2020 23:21:27: 29h 41min | Connected: S.Kingston(76561198046640450 - 68) - time: 106778 - serverFPS: 46.1095
16.02.2020 23:23:05: 29h 43min | Disconnected: S.Kingston(76561198046640450 - 68) - time: 106876 - serverFPS: 42.2164
16.02.2020 23:28:15: 29h 48min | Connected: S.Kingston(76561198046640450 - 69) - time: 107186 - serverFPS: 46.2428
16.02.2020 23:36:04: 29h 56min | Disconnected: Sherman(76561198038112694 - 65) - time: 107654 - serverFPS: 47.0588
16.02.2020 23:40:55: 30h 1min | Disconnected: S.Kingston(76561198046640450 - 69) - time: 107945 - serverFPS: 44.5682
16.02.2020 23:53:13: infiSTAR_PlayerConnected_id: 1
16.02.2020 23:53:13: infiSTAR_PlayerDisconnected_id: 0
16.02.2020 23:53:31: 0h 2min | Connected: HoyoBani(76561198105940600 - 4) - time: 19.707 - serverFPS: 45.977
