04.03.2020 00:02:00: infiSTAR_PlayerConnected_id: 1
04.03.2020 00:02:00: infiSTAR_PlayerDisconnected_id: 0
04.03.2020 12:02:02: infiSTAR_PlayerConnected_id: 1
04.03.2020 12:02:02: infiSTAR_PlayerDisconnected_id: 0
04.03.2020 12:21:27: 0h 21min | Connected: Axel Jones(76561198091943121 - 5) - time: 1167.93 - serverFPS: 45.4545
04.03.2020 12:25:33: 0h 25min | Disconnected: Axel Jones(76561198091943121 - 5) - time: 1413.28 - serverFPS: 45.7143
04.03.2020 14:16:05: 2h 15min | Connected: Donnie Turbo(76561198041233395 - 6) - time: 8044.83 - serverFPS: 45.977
04.03.2020 14:39:33: 2h 39min | Disconnected: Donnie Turbo(76561198041233395 - 6) - time: 9452.04 - serverFPS: 46.7836
04.03.2020 14:40:23: 2h 40min | Connected: Donnie Turbo(76561198041233395 - 6) - time: 9502.05 - serverFPS: 45.3258
04.03.2020 17:17:23: 5h 17min | Connected: Wyclef(76561198038112694 - 10) - time: 18921.8 - serverFPS: 45.4545
04.03.2020 17:19:38: 5h 19min | Connected: William Romano(76561198149474498 - 8) - time: 19055.7 - serverFPS: 45.584
04.03.2020 17:27:20: 5h 26min | Disconnected: William Romano(76561198149474498 - 8) - time: 19517 - serverFPS: 42.8954
04.03.2020 17:31:37: 5h 31min | Connected: William Romano(76561198149474498 - 12) - time: 19774.4 - serverFPS: 46.1095
04.03.2020 17:42:27: 5h 42min | Connected: AL "BIG AL" GAMBINO(76561198361509989 - 13) - time: 20423.1 - serverFPS: 45.1977
04.03.2020 17:43:46: 5h 43min | Connected: Nino Marino(76561198206026112 - 15) - time: 20501.9 - serverFPS: 45.3258
04.03.2020 17:50:37: 5h 50min | Connected: Peppe Valachi(76561198272370927 - 18) - time: 20913 - serverFPS: 45.584
04.03.2020 17:50:39: 5h 50min | Disconnected: Peppe Valachi(76561198272370927 - 18) - time: 20914.3 - serverFPS: 41.0256
04.03.2020 17:53:27: 5h 53min | Connected: K-12 J. Shepard(76561198043298972 - 19) - time: 21082.5 - serverFPS: 45.4545
04.03.2020 18:00:09: 5h 59min | Connected: Peppe Valachi(76561198272370927 - 20) - time: 21483.9 - serverFPS: 45.8453
04.03.2020 18:25:17: 6h 24min | Connected: Axel Jones(76561198091943121 - 23) - time: 22991.1 - serverFPS: 45.4545
04.03.2020 18:52:12: 6h 51min | Disconnected: AL "BIG AL" GAMBINO(76561198361509989 - 13) - time: 24604.8 - serverFPS: 46.6472
04.03.2020 18:54:01: 6h 53min | Connected: Sternn(76561198087299936 - 24) - time: 24714.1 - serverFPS: 46.2428
04.03.2020 18:55:19: 6h 54min | Disconnected: Sternn(76561198087299936 - 24) - time: 24792.3 - serverFPS: 45.584
04.03.2020 18:55:29: 6h 55min | Connected: Sternn(76561198087299936 - 24) - time: 24802.2 - serverFPS: 45.4545
04.03.2020 18:57:04: 6h 56min | Disconnected: Sternn(76561198087299936 - 24) - time: 24896.4 - serverFPS: 45.977
04.03.2020 18:57:13: 6h 56min | Connected: Sternn(76561198087299936 - 24) - time: 24906.1 - serverFPS: 46.3768
04.03.2020 18:57:36: 6h 57min | Disconnected: Axel Jones(76561198091943121 - 23) - time: 24928.7 - serverFPS: 46.3768
04.03.2020 18:59:00: 6h 58min | Connected: Axel Wolfe(76561198091943121 - 25) - time: 25012.3 - serverFPS: 45.584
04.03.2020 19:27:12: 7h 26min | Connected: AL "BIG AL" GAMBINO(76561198361509989 - 26) - time: 26703.8 - serverFPS: 45.8453
04.03.2020 19:43:44: 7h 43min | Connected: John Ghost(76561199028040015 - 30) - time: 27695.9 - serverFPS: 45.8453
04.03.2020 19:44:25: 7h 44min | Connected: Alex Potato(76561198135028041 - 29) - time: 27736.1 - serverFPS: 43.4783
04.03.2020 19:44:35: 7h 44min | Disconnected: Alex Potato(76561198135028041 - 29) - time: 27746.4 - serverFPS: 45.7143
04.03.2020 19:54:29: 7h 54min | Connected: Alex Potato(76561198135028041 - 32) - time: 28340.6 - serverFPS: 46.9208
04.03.2020 19:54:41: 7h 54min | Connected: Ethan Romano(76561198108391247 - 31) - time: 28352.5 - serverFPS: 45.0704
04.03.2020 19:56:45: 7h 56min | Connected: luke(76561198264871362 - 33) - time: 28475.7 - serverFPS: 46.1095
04.03.2020 19:58:37: 7h 58min | Disconnected: William Romano(76561198149474498 - 12) - time: 28588 - serverFPS: 47.0588
04.03.2020 19:59:04: 7h 58min | Connected: William Romano(76561198149474498 - 12) - time: 28614.4 - serverFPS: 45.1977
04.03.2020 20:08:35: 8h 8min | Connected: William(76561198213286991 - 34) - time: 29184.1 - serverFPS: 45.8453
04.03.2020 20:16:55: 8h 16min | Connected: Zander Marino(76561198180893505 - 35) - time: 29684.1 - serverFPS: 45.1977
04.03.2020 20:18:09: 8h 17min | Disconnected: Axel Wolfe(76561198091943121 - 25) - time: 29757.5 - serverFPS: 45.4545
04.03.2020 20:25:31: 8h 25min | Disconnected: Sternn(76561198087299936 - 24) - time: 30199.7 - serverFPS: 46.3768
04.03.2020 20:26:25: 8h 26min | Disconnected: Donnie Turbo(76561198041233395 - 6) - time: 30253.5 - serverFPS: 45.584
04.03.2020 20:31:46: 8h 31min | Disconnected: Ethan Romano(76561198108391247 - 31) - time: 30574.1 - serverFPS: 45.977
04.03.2020 20:36:16: 8h 35min | Disconnected: Wyclef(76561198038112694 - 10) - time: 30844.4 - serverFPS: 45.8453
04.03.2020 20:36:40: 8h 36min | Connected: Ethan Romano(76561198108391247 - 36) - time: 30868 - serverFPS: 46.5116
04.03.2020 20:54:39: 8h 54min | Connected: John McQueen(76561198018192719 - 39) - time: 31946.5 - serverFPS: 45.8453
04.03.2020 21:07:29: 9h 7min | Disconnected: K-12 J. Shepard(76561198043298972 - 19) - time: 32716.8 - serverFPS: 45.3258
04.03.2020 21:13:23: 9h 13min | Disconnected: William Romano(76561198149474498 - 12) - time: 33070.3 - serverFPS: 45.584
04.03.2020 21:16:20: 9h 15min | Disconnected: Ethan Romano(76561198108391247 - 36) - time: 33247.4 - serverFPS: 45.8453
04.03.2020 21:32:53: 9h 32min | Disconnected: John Ghost(76561199028040015 - 30) - time: 34239.6 - serverFPS: 46.3768
04.03.2020 21:33:40: 9h 33min | Disconnected: John McQueen(76561198018192719 - 39) - time: 34287 - serverFPS: 46.1095
04.03.2020 21:45:57: 9h 45min | Disconnected: Alex Potato(76561198135028041 - 32) - time: 35023.7 - serverFPS: 41.3437
04.03.2020 21:53:38: 9h 53min | Disconnected: luke(76561198264871362 - 33) - time: 35485 - serverFPS: 45.7143
04.03.2020 21:54:05: 9h 53min | Connected: luke(76561198264871362 - 33) - time: 35511.8 - serverFPS: 45.1977
04.03.2020 21:58:46: 9h 58min | Disconnected: Nino Marino(76561198206026112 - 15) - time: 35793.1 - serverFPS: 45.7143
04.03.2020 22:20:09: 10h 19min | Connected: Alex Potato(76561198135028041 - 43) - time: 37075.2 - serverFPS: 45.584
04.03.2020 22:20:19: 10h 19min | Disconnected: Alex Potato(76561198135028041 - 43) - time: 37084.6 - serverFPS: 45.7143
04.03.2020 22:21:40: 10h 21min | Disconnected: luke(76561198264871362 - 33) - time: 37166.1 - serverFPS: 47.1976
04.03.2020 22:25:30: 10h 25min | Connected: Alex Potato(76561198135028041 - 44) - time: 37395.8 - serverFPS: 45.0704
04.03.2020 22:28:04: 10h 27min | Disconnected: Alex Potato(76561198135028041 - 44) - time: 37549.3 - serverFPS: 46.9208
04.03.2020 22:28:39: 10h 28min | Connected: Alex Potato(76561198135028041 - 44) - time: 37584.3 - serverFPS: 47.0588
04.03.2020 22:35:12: 10h 34min | Disconnected: Alex Potato(76561198135028041 - 44) - time: 37977.8 - serverFPS: 46.1095
04.03.2020 22:35:53: 10h 35min | Disconnected: Zander Marino(76561198180893505 - 35) - time: 38018.2 - serverFPS: 46.1095
04.03.2020 22:37:17: 10h 36min | Disconnected: William(76561198213286991 - 34) - time: 38102.8 - serverFPS: 45.584
04.03.2020 22:40:34: 10h 40min | Disconnected: AL "BIG AL" GAMBINO(76561198361509989 - 26) - time: 38299.7 - serverFPS: 45.7143
04.03.2020 22:40:35: 10h 40min | Disconnected: Peppe Valachi(76561198272370927 - 20) - time: 38300.6 - serverFPS: 45.4545
04.03.2020 23:29:35: 11h 29min | Connected: Robert Kennedy(76561198083728776 - 45) - time: 41240.7 - serverFPS: 45.7143
04.03.2020 23:30:46: 11h 30min | Disconnected: Robert Kennedy(76561198083728776 - 45) - time: 41311.5 - serverFPS: 46.6472
