13.01.2020 00:19:37: Donnie Turbo(76561198041233395) CLIENT OWNER ID [14], TOKEN [tu514r268vp9ez1]
13.01.2020 01:00:38: Vincent Fisher(76561198158342072) CLIENT OWNER ID [16], TOKEN [cyz61tuhy6pl37au7]
13.01.2020 01:15:23: [1K-33] R. Tjay(76561198883479728) CLIENT OWNER ID [5], TOKEN [h3my44ebggsk0q3]
13.01.2020 01:15:47: Harold Reginald(76561198355765034) CLIENT OWNER ID [18], TOKEN [lm2fzyrtcgh9afc73]
13.01.2020 01:29:04: Harold Reginald(76561198355765034) CLIENT OWNER ID [18], TOKEN [l3wfl7z72tvf1z6bv]
13.01.2020 01:29:34: Harold Reginald(76561198355765034) CLIENT OWNER ID [18], TOKEN [o1kioe5ko4l1qryo]
13.01.2020 01:31:50: Harold Reginald(76561198355765034) CLIENT OWNER ID [18], TOKEN [yzx0nwx31g5ebcz4g]
13.01.2020 01:34:10: Zander Marino(76561198180893505) CLIENT OWNER ID [22], TOKEN [e6m0mc7gxqitxvh]
13.01.2020 01:40:36: Zander Marino(76561198180893505) CLIENT OWNER ID [23], TOKEN [lt5d0kgdqgfnckd13bk]
13.01.2020 01:46:50: luke(76561198264871362) CLIENT OWNER ID [24], TOKEN [efn4niab1loegf1gzav]
13.01.2020 01:47:21: luke(76561198264871362) CLIENT OWNER ID [24], TOKEN [inhcd0ldde1v818]
13.01.2020 01:56:28: Donnie Turbo(76561198041233395) CLIENT OWNER ID [25], TOKEN [tnwygy6my35g1fermef]
13.01.2020 02:01:29: luke(76561198264871362) CLIENT OWNER ID [26], TOKEN [h04jpi6eow745qgfwx]
13.01.2020 02:07:50: luke(76561198264871362) CLIENT OWNER ID [27], TOKEN [prnvvgi0pbb3qc2dc]
13.01.2020 02:13:22: luke(76561198264871362) CLIENT OWNER ID [27], TOKEN [cx6h4d0x6cem9j3i]
13.01.2020 02:27:25: luke(76561198264871362) CLIENT OWNER ID [27], TOKEN [cemfhlhof2wn8q]
13.01.2020 02:47:53: Donnie Turbo(76561198041233395) CLIENT OWNER ID [4], TOKEN [updugso3e7uimo]
13.01.2020 03:05:24: Bob Lee Swagger(76561198318724805) CLIENT OWNER ID [8], TOKEN [sldt5rn6n874ww6pwp]
13.01.2020 03:06:15: luke(76561198264871362) CLIENT OWNER ID [9], TOKEN [u1utnx2uqmsjr311y]
13.01.2020 03:10:50: Zander Marino(76561198180893505) CLIENT OWNER ID [10], TOKEN [qst8sbxzx0uj8o]
13.01.2020 03:30:34: Nino Marino(76561198206026112) CLIENT OWNER ID [11], TOKEN [ywd15rr89ukjb6ms]
13.01.2020 03:33:32: Nino Marino(76561198206026112) CLIENT OWNER ID [13], TOKEN [pf2n11b17xhwk11xma]
13.01.2020 03:52:43: Harold Reginald(76561198355765034) CLIENT OWNER ID [14], TOKEN [wyxqry1lxzuiv61]
13.01.2020 03:53:42: Harold Reginald(76561198355765034) CLIENT OWNER ID [14], TOKEN [fxpe5ljjsooz3vbk0b]
13.01.2020 04:01:14: Bob Lee Swagger(76561198318724805) CLIENT OWNER ID [8], TOKEN [j2mmonxkfmjebzcim]
13.01.2020 04:09:13: William Jones(76561198166473448) CLIENT OWNER ID [15], TOKEN [bw51htprbdctig]
13.01.2020 05:12:14: Boyevik Butch-Mac Volkev(76561198089960350) CLIENT OWNER ID [16], TOKEN [auu7fpczt3oxny]
13.01.2020 06:10:50: luke(76561198264871362) CLIENT OWNER ID [17], TOKEN [cqufm0d3m0se47qu]
13.01.2020 06:29:58: Wyclef(76561198038112694) CLIENT OWNER ID [18], TOKEN [i00quqygefn3x81]
13.01.2020 07:27:37: Héctor "Lil Loco" Arturo(76561197999316388) CLIENT OWNER ID [19], TOKEN [u2xfm822pfzhetf]
13.01.2020 07:34:56: Héctor "Lil Loco" Arturo(76561197999316388) CLIENT OWNER ID [20], TOKEN [fbsb78foppm0jnr7]
13.01.2020 07:36:56: Héctor "Lil Loco" Arturo(76561197999316388) CLIENT OWNER ID [20], TOKEN [js06kuffwcr2hgb]
13.01.2020 08:42:46: HoyoBani(76561198105940600) CLIENT OWNER ID [4], TOKEN [cogwgtxpr7kcb8my2]
13.01.2020 08:45:00: Boyevik Butch-Mac Volkev(76561198089960350) CLIENT OWNER ID [5], TOKEN [rg95eyo9rqruksg81]
13.01.2020 08:53:55: HoyoBani(76561198105940600) CLIENT OWNER ID [5], TOKEN [ysza23lnw8stn816x7]
13.01.2020 08:56:53: Boyevik Butch-Mac Volkev(76561198089960350) CLIENT OWNER ID [6], TOKEN [snt10pdbey6cpwys6]
13.01.2020 09:14:09: Boyevik Butch-Mac Volkev(76561198089960350) CLIENT OWNER ID [7], TOKEN [ceed32vziu4d0f0]
13.01.2020 23:07:10: Donnie Turbo(76561198041233395) CLIENT OWNER ID [8], TOKEN [ylxgw13ng36t223xj]
13.01.2020 23:21:19: Donnie Turbo(76561198041233395) CLIENT OWNER ID [12], TOKEN [rmd7p5qrkvsfusk6ju]
13.01.2020 23:48:25: SEAGINATOR SUN :)(76561198883479728) CLIENT OWNER ID [14], TOKEN [pqu95zil1sulct5bpw2]
