18.02.2020 00:02:44: 2h 33min | Disconnected: Donnie Turbo(76561198041233395 - 6) - time: 9134.87 - serverFPS: 45.584
18.02.2020 00:02:54: 2h 34min | Disconnected: AL "BIG AL" GAMBINO(76561198361509989 - 5) - time: 9145.16 - serverFPS: 47.3373
18.02.2020 00:54:43: 3h 25min | Connected: Rogue Tjay(76561198883479728 - 9) - time: 12253.9 - serverFPS: 46.2428
18.02.2020 00:55:31: 3h 26min | Disconnected: Rogue Tjay(76561198883479728 - 9) - time: 12301.7 - serverFPS: 46.7836
18.02.2020 00:57:20: 3h 28min | Connected: [220]Para.R.Tjay(76561198883479728 - 10) - time: 12410.8 - serverFPS: 45.3258
18.02.2020 01:42:35: 4h 13min | Connected: Sherman(76561198038112694 - 11) - time: 15125.5 - serverFPS: 45.584
18.02.2020 01:50:22: 4h 21min | Connected: K-12 J Shepard(76561198043298972 - 12) - time: 15591.7 - serverFPS: 45.4545
18.02.2020 01:58:53: 4h 30min | Disconnected: [220]Para.R.Tjay(76561198883479728 - 10) - time: 16102 - serverFPS: 46.5116
18.02.2020 02:04:34: 4h 35min | Disconnected: S.Kingston(76561198046640450 - 7) - time: 16443.3 - serverFPS: 45.584
18.02.2020 02:13:29: 4h 44min | Connected: Javier Escuella(76561198370210333 - 13) - time: 16978.3 - serverFPS: 45.977
18.02.2020 02:17:37: 4h 48min | Disconnected: Javier Escuella(76561198370210333 - 13) - time: 17225.2 - serverFPS: 45.584
18.02.2020 02:29:33: 5h 0min | Disconnected: Sherman(76561198038112694 - 11) - time: 17941.5 - serverFPS: 46.2428
18.02.2020 02:30:06: 5h 1min | Disconnected: K-12 J Shepard(76561198043298972 - 12) - time: 17974.4 - serverFPS: 46.2428
18.02.2020 04:26:26: 6h 57min | Connected: mathi(76561198055052143 - 15) - time: 24954.4 - serverFPS: 45.4545
18.02.2020 04:26:28: 6h 57min | Disconnected: mathi(76561198055052143 - 15) - time: 24957 - serverFPS: 45.977
18.02.2020 04:26:55: 6h 58min | Connected: mathi(76561198055052143 - 15) - time: 24983.7 - serverFPS: 45.4545
18.02.2020 04:27:00: 6h 58min | Disconnected: mathi(76561198055052143 - 15) - time: 24988.9 - serverFPS: 45.584
18.02.2020 04:27:13: 6h 58min | Connected: mathi(76561198055052143 - 15) - time: 25001.5 - serverFPS: 45.4545
18.02.2020 04:27:15: 6h 58min | Disconnected: mathi(76561198055052143 - 15) - time: 25003.3 - serverFPS: 45.4545
18.02.2020 04:27:39: 6h 58min | Connected: mathi(76561198055052143 - 15) - time: 25027.3 - serverFPS: 45.3258
18.02.2020 04:27:41: 6h 58min | Disconnected: mathi(76561198055052143 - 15) - time: 25029.3 - serverFPS: 45.4545
18.02.2020 04:33:07: 7h 4min | Connected: mathi(76561198055052143 - 16) - time: 25355.9 - serverFPS: 46.1095
18.02.2020 04:54:56: 7h 26min | Disconnected: mathi(76561198055052143 - 16) - time: 26664.4 - serverFPS: 45.8453
18.02.2020 07:03:41: 9h 34min | Connected: Kyatt Demon(76561198159595292 - 17) - time: 34389.3 - serverFPS: 45.584
18.02.2020 07:08:23: 9h 39min | Disconnected: Kyatt Demon(76561198159595292 - 17) - time: 34670.9 - serverFPS: 45.3258
18.02.2020 07:10:22: 9h 41min | Connected: Melvin Bush(76561198083728776 - 18) - time: 34789.3 - serverFPS: 45.8453
18.02.2020 07:14:26: 9h 45min | Disconnected: Melvin Bush(76561198083728776 - 18) - time: 35033.4 - serverFPS: 45.4545
18.02.2020 07:49:35: 10h 20min | Connected: Ted Kennedy(76561198042633029 - 19) - time: 37142.8 - serverFPS: 46.1095
18.02.2020 07:53:58: 10h 25min | Connected: Melvin Bush(76561198083728776 - 20) - time: 37404.9 - serverFPS: 45.584
18.02.2020 07:59:18: 10h 30min | Disconnected: Melvin Bush(76561198083728776 - 20) - time: 37724.4 - serverFPS: 45.7143
18.02.2020 07:59:32: 10h 30min | Connected: Melvin Bush(76561198083728776 - 20) - time: 37738.1 - serverFPS: 45.7143
18.02.2020 08:18:29: 10h 49min | Disconnected: Melvin Bush(76561198083728776 - 20) - time: 38875.8 - serverFPS: 45.1977
18.02.2020 08:19:46: 10h 50min | Connected: Melvin Bush(76561198083728776 - 21) - time: 38953 - serverFPS: 45.3258
18.02.2020 08:32:40: 11h 3min | Disconnected: Melvin Bush(76561198083728776 - 21) - time: 39725.2 - serverFPS: 45.4545
18.02.2020 08:32:54: 11h 4min | Connected: Melvin Bush(76561198083728776 - 21) - time: 39739.5 - serverFPS: 45.7143
18.02.2020 08:56:32: 11h 27min | Disconnected: Melvin Bush(76561198083728776 - 21) - time: 41157.1 - serverFPS: 45.3258
18.02.2020 09:12:12: 11h 43min | Disconnected: Ted Kennedy(76561198042633029 - 19) - time: 42097.2 - serverFPS: 46.6472
18.02.2020 18:06:49: 20h 38min | Connected: Kyatt Demon(76561198159595292 - 22) - time: 74173.6 - serverFPS: 45.3258
18.02.2020 18:18:00: 20h 49min | Disconnected: Kyatt Demon(76561198159595292 - 22) - time: 74843.9 - serverFPS: 45.3258
18.02.2020 18:23:44: 20h 54min | Connected: Sherman(76561198038112694 - 23) - time: 75187.5 - serverFPS: 46.1095
18.02.2020 18:44:43: 21h 15min | Disconnected: Sherman(76561198038112694 - 23) - time: 76446.5 - serverFPS: 45.1977
18.02.2020 22:26:07: 24h 57min | Connected: Donnie Turbo(76561198041233395 - 24) - time: 89730 - serverFPS: 45.0704
18.02.2020 23:59:34: 26h 30min | Connected: Nino Marino(76561198206026112 - 25) - time: 95337.1 - serverFPS: 45.977
