12.02.2020 00:01:10: 3h 60min | Connected: WarFire(76561198150464364 - 27) - time: 14314.7 - serverFPS: 46.1095
12.02.2020 00:16:03: 4h 15min | Disconnected: WarFire(76561198150464364 - 27) - time: 15206.3 - serverFPS: 45.4545
12.02.2020 00:32:46: 4h 31min | Disconnected: AL "BIG AL" GAMBINO(76561198361509989 - 8) - time: 16209.9 - serverFPS: 45.7143
12.02.2020 00:43:27: 4h 42min | Connected: Héctor "Lil Loco" Arturo(76561197999316388 - 30) - time: 16851.2 - serverFPS: 45.1977
12.02.2020 00:47:36: 4h 46min | Disconnected: HoyoBani(76561198105940600 - 26) - time: 17099 - serverFPS: 45.584
12.02.2020 01:18:10: infiSTAR_PlayerConnected_id: 1
12.02.2020 01:18:10: infiSTAR_PlayerDisconnected_id: 0
12.02.2020 01:28:15: 0h 11min | Connected: HoyoBani(76561198105940600 - 8) - time: 606.552 - serverFPS: 45.7143
12.02.2020 01:36:46: 0h 20min | Connected: Amado Carrillo fuentes(76561198354844800 - 9) - time: 1116.56 - serverFPS: 45.584
12.02.2020 01:37:24: 0h 21min | Connected: [1K-33] R. Tjay(76561198883479728 - 13) - time: 1154.86 - serverFPS: 45.3258
12.02.2020 01:37:25: 0h 21min | Connected: Nino Marino(76561198206026112 - 12) - time: 1155.83 - serverFPS: 45.3258
12.02.2020 01:38:57: 0h 22min | Disconnected: [1K-33] R. Tjay(76561198883479728 - 13) - time: 1245.04 - serverFPS: 45.4545
12.02.2020 01:40:50: 0h 24min | Connected: [220]Para.R.Tjay(76561198883479728 - 15) - time: 1357.83 - serverFPS: 45.584
12.02.2020 01:49:12: 0h 32min | Connected: Low_Poly_Man(76561198137223112 - 16) - time: 1859.09 - serverFPS: 47.1976
12.02.2020 01:50:56: 0h 34min | Connected: Alexander.Rios(76561198037915534 - 17) - time: 1963.35 - serverFPS: 45.8453
12.02.2020 01:53:58: 0h 37min | Connected: [3k-66] W.Blades(76561198281290777 - 18) - time: 2145.4 - serverFPS: 46.9208
12.02.2020 01:55:17: 0h 38min | Connected: Jackz(76561198391774624 - 19) - time: 2223.81 - serverFPS: 45.8453
12.02.2020 02:00:39: 0h 44min | Disconnected: [220]Para.R.Tjay(76561198883479728 - 15) - time: 2545.18 - serverFPS: 46.1095
12.02.2020 02:01:24: 0h 45min | Connected: WarFire(76561198150464364 - 20) - time: 2589.93 - serverFPS: 45.7143
12.02.2020 02:02:03: 0h 45min | Connected: [1K-33] R. Tjay(76561198883479728 - 21) - time: 2628.61 - serverFPS: 45.7143
12.02.2020 02:15:53: 0h 59min | Disconnected: [3k-66] W.Blades(76561198281290777 - 18) - time: 3457.45 - serverFPS: 46.1095
12.02.2020 02:19:06: 1h 2min | Connected: [3k-66] W.Blades(76561198281290777 - 24) - time: 3649.72 - serverFPS: 46.6472
12.02.2020 02:22:09: 1h 5min | Disconnected: Amado Carrillo fuentes(76561198354844800 - 9) - time: 3832.94 - serverFPS: 45.584
12.02.2020 02:22:35: 1h 6min | Connected: Amado Carrillo fuentes(76561198354844800 - 9) - time: 3858.73 - serverFPS: 45.3258
12.02.2020 02:30:26: 1h 14min | Disconnected: [1K-33] R. Tjay(76561198883479728 - 21) - time: 4328.83 - serverFPS: 45.584
12.02.2020 02:55:43: 1h 39min | Disconnected: WarFire(76561198150464364 - 20) - time: 5846.06 - serverFPS: 46.1095
12.02.2020 03:02:09: 1h 45min | Connected: AL "BIG AL" GAMBINO(76561198361509989 - 27) - time: 6234.38 - serverFPS: 45.4545
12.02.2020 03:06:16: 1h 49min | Disconnected: Alexander.Rios(76561198037915534 - 17) - time: 6480.73 - serverFPS: 45.584
12.02.2020 03:08:24: 1h 52min | Disconnected: [3k-66] W.Blades(76561198281290777 - 24) - time: 6607.94 - serverFPS: 46.6472
12.02.2020 03:09:11: 1h 52min | Disconnected: HoyoBani(76561198105940600 - 8) - time: 6655.02 - serverFPS: 45.977
12.02.2020 03:56:35: 2h 40min | Disconnected: Amado Carrillo fuentes(76561198354844800 - 9) - time: 9499.03 - serverFPS: 45.584
12.02.2020 03:57:15: 2h 40min | Disconnected: Low_Poly_Man(76561198137223112 - 16) - time: 9539.45 - serverFPS: 46.1095
12.02.2020 04:01:47: 2h 45min | Connected: Low_Poly_Man(76561198137223112 - 29) - time: 9810.59 - serverFPS: 45.584
12.02.2020 04:07:11: 2h 50min | Disconnected: Low_Poly_Man(76561198137223112 - 29) - time: 10134.6 - serverFPS: 45.7143
12.02.2020 04:08:14: 2h 51min | Disconnected: Jackz(76561198391774624 - 19) - time: 10197.5 - serverFPS: 45.584
12.02.2020 04:14:14: 2h 57min | Connected: Robert Kennedy(76561198083728776 - 30) - time: 10557.4 - serverFPS: 45.8453
12.02.2020 04:18:51: 3h 2min | Connected: Zander Marino(76561198180893505 - 33) - time: 10834.2 - serverFPS: 45.8453
12.02.2020 04:20:52: 3h 4min | Connected: Rick Cheney(76561198860031547 - 34) - time: 10954.9 - serverFPS: 45.584
12.02.2020 04:24:29: 3h 8min | Disconnected: Nino Marino(76561198206026112 - 12) - time: 11171.6 - serverFPS: 45.7143
12.02.2020 04:36:59: 3h 20min | Disconnected: Robert Kennedy(76561198083728776 - 30) - time: 11921.4 - serverFPS: 47.1976
12.02.2020 04:37:13: 3h 20min | Connected: Robert Kennedy(76561198083728776 - 30) - time: 11935.3 - serverFPS: 45.4545
12.02.2020 04:47:43: 3h 31min | Disconnected: Robert Kennedy(76561198083728776 - 30) - time: 12564.3 - serverFPS: 32.8542
12.02.2020 04:47:59: 3h 31min | Connected: Robert Kennedy(76561198083728776 - 30) - time: 12579.9 - serverFPS: 45.7143
12.02.2020 04:53:34: 3h 37min | Connected: Sergei Kovacic(76561198043298972 - 37) - time: 12914.7 - serverFPS: 47.619
12.02.2020 05:05:23: 3h 49min | Connected: Héctor "Lil Loco" Arturo(76561197999316388 - 41) - time: 13623.4 - serverFPS: 44.8179
12.02.2020 05:21:45: 4h 5min | Connected: Jbo Marino[201](76561198206026112 - 43) - time: 14604.1 - serverFPS: 45.3258
12.02.2020 05:47:23: 4h 31min | Disconnected: Zander Marino(76561198180893505 - 33) - time: 16141.2 - serverFPS: 45.4545
12.02.2020 05:48:02: 4h 31min | Connected: Zander Marino(76561198180893505 - 33) - time: 16180.3 - serverFPS: 45.3258
12.02.2020 05:53:48: 4h 37min | Disconnected: Robert Kennedy(76561198083728776 - 30) - time: 16525.6 - serverFPS: 45.3258
12.02.2020 05:55:03: 4h 38min | Disconnected: Rick Cheney(76561198860031547 - 34) - time: 16600.9 - serverFPS: 47.619
12.02.2020 06:09:46: 4h 53min | Disconnected: Zander Marino(76561198180893505 - 33) - time: 17483.1 - serverFPS: 46.1095
12.02.2020 06:12:23: 4h 56min | Connected: Zander Marino(76561198180893505 - 44) - time: 17640.4 - serverFPS: 45.7143
12.02.2020 06:24:51: 5h 8min | Disconnected: AL "BIG AL" GAMBINO(76561198361509989 - 27) - time: 18387.8 - serverFPS: 45.3258
12.02.2020 06:35:26: 5h 19min | Disconnected: Héctor "Lil Loco" Arturo(76561197999316388 - 41) - time: 19022.2 - serverFPS: 45.584
12.02.2020 06:45:54: 5h 29min | Disconnected: Sergei Kovacic(76561198043298972 - 37) - time: 19649.8 - serverFPS: 45.584
12.02.2020 06:54:03: 5h 37min | Disconnected: Zander Marino(76561198180893505 - 44) - time: 20139.2 - serverFPS: 47.1976
12.02.2020 06:55:40: 5h 39min | Disconnected: Jbo Marino[201](76561198206026112 - 43) - time: 20235.8 - serverFPS: 45.8453
12.02.2020 13:35:28: 12h 19min | Connected: Joshua(76561198868770108 - 45) - time: 44222.1 - serverFPS: 45.3258
12.02.2020 13:54:42: 12h 38min | Disconnected: Joshua(76561198868770108 - 45) - time: 45376.5 - serverFPS: 45.3258
12.02.2020 16:46:24: 15h 30min | Connected: Low_Poly_Man(76561198137223112 - 47) - time: 55677.9 - serverFPS: 46.7836
12.02.2020 16:53:55: 15h 37min | Connected: WarFire(76561198150464364 - 48) - time: 56128.3 - serverFPS: 45.584
12.02.2020 17:09:02: 15h 52min | Disconnected: Low_Poly_Man(76561198137223112 - 47) - time: 57034.9 - serverFPS: 46.2428
12.02.2020 17:13:33: 15h 57min | Disconnected: WarFire(76561198150464364 - 48) - time: 57305.9 - serverFPS: 45.3258
12.02.2020 17:28:27: 16h 12min | Connected: Low_Poly_Man(76561198137223112 - 50) - time: 58199.8 - serverFPS: 45.8453
12.02.2020 17:29:55: 16h 13min | Connected: WarFire(76561198150464364 - 49) - time: 58287.2 - serverFPS: 45.8453
12.02.2020 18:39:17: 17h 22min | Connected: S.Kingston(76561198046640450 - 51) - time: 62448.8 - serverFPS: 45.3258
12.02.2020 19:14:52: 17h 58min | Disconnected: WarFire(76561198150464364 - 49) - time: 64583.2 - serverFPS: 45.8453
12.02.2020 19:21:21: 18h 5min | Disconnected: S.Kingston(76561198046640450 - 51) - time: 64972.5 - serverFPS: 45.584
12.02.2020 19:22:15: 18h 5min | Disconnected: Low_Poly_Man(76561198137223112 - 50) - time: 65026.3 - serverFPS: 45.584
12.02.2020 20:21:30: 19h 5min | Connected: Thomas Woods(76561198174871239 - 53) - time: 68581.1 - serverFPS: 45.1977
12.02.2020 20:23:50: 19h 7min | Disconnected: Thomas Woods(76561198174871239 - 53) - time: 68721.5 - serverFPS: 46.9208
12.02.2020 20:24:02: 19h 7min | Connected: Thomas Woods(76561198174871239 - 53) - time: 68732.9 - serverFPS: 45.7143
12.02.2020 20:25:59: 19h 9min | Disconnected: Thomas Woods(76561198174871239 - 53) - time: 68849.6 - serverFPS: 45.4545
12.02.2020 20:26:14: 19h 9min | Connected: Thomas Woods(76561198174871239 - 53) - time: 68864.5 - serverFPS: 46.1095
12.02.2020 20:35:39: 19h 19min | Disconnected: Thomas Woods(76561198174871239 - 53) - time: 69429.8 - serverFPS: 45.8453
12.02.2020 21:17:31: 20h 1min | Connected: Kyatt Demon(76561198159595292 - 55) - time: 71941.6 - serverFPS: 46.2428
12.02.2020 21:46:46: 20h 30min | Connected: Sergei Kovacic(76561198043298972 - 56) - time: 73696 - serverFPS: 46.3768
12.02.2020 21:50:55: 20h 34min | Connected: WarFire(76561198150464364 - 57) - time: 73944.5 - serverFPS: 45.7143
12.02.2020 21:52:07: 20h 35min | Connected: Donnie Turbo(76561198041233395 - 58) - time: 74015.8 - serverFPS: 45.584
12.02.2020 21:54:27: 20h 38min | Connected: Low_Poly_Man(76561198137223112 - 59) - time: 74155.6 - serverFPS: 45.584
12.02.2020 21:58:53: 20h 42min | Connected: TrueSpartacus(76561198304771417 - 61) - time: 74421.5 - serverFPS: 46.5116
12.02.2020 21:59:32: 20h 43min | Connected: [1K-33] R. Tjay(76561198883479728 - 62) - time: 74461 - serverFPS: 45.4545
12.02.2020 22:31:02: 21h 14min | Disconnected: Sergei Kovacic(76561198043298972 - 56) - time: 76349.5 - serverFPS: 45.8453
12.02.2020 22:32:22: 21h 16min | Connected: Jbo Marino[201](76561198206026112 - 60) - time: 76429.5 - serverFPS: 45.4545
12.02.2020 22:34:39: 21h 18min | Connected: AL "BIG AL" GAMBINO(76561198361509989 - 63) - time: 76567 - serverFPS: 45.977
12.02.2020 22:46:29: 21h 30min | Disconnected: Kyatt Demon(76561198159595292 - 55) - time: 77276.7 - serverFPS: 45.7143
12.02.2020 22:46:36: 21h 30min | Disconnected: [1K-33] R. Tjay(76561198883479728 - 62) - time: 77283.9 - serverFPS: 45.584
12.02.2020 22:46:44: 21h 30min | Disconnected: TrueSpartacus(76561198304771417 - 61) - time: 77292.3 - serverFPS: 45.1977
12.02.2020 23:01:01: 21h 44min | Connected: Kyatt Demon(76561198159595292 - 64) - time: 78148.6 - serverFPS: 45.584
12.02.2020 23:01:04: 21h 44min | Connected: [1K-33] R. Tjay(76561198883479728 - 65) - time: 78151.2 - serverFPS: 46.2428
12.02.2020 23:02:40: 21h 46min | Connected: TrueSpartacus(76561198304771417 - 66) - time: 78247.6 - serverFPS: 45.584
12.02.2020 23:04:20: 21h 48min | Connected: Sergei Kovacic(76561198043298972 - 56) - time: 78347.5 - serverFPS: 45.4545
12.02.2020 23:09:36: 21h 53min | Disconnected: TrueSpartacus(76561198304771417 - 66) - time: 78663.1 - serverFPS: 46.9208
12.02.2020 23:26:37: 22h 10min | Connected: [3k-66] W.Blades(76561198281290777 - 69) - time: 79683.1 - serverFPS: 45.3258
12.02.2020 23:27:00: 22h 10min | Disconnected: Sergei Kovacic(76561198043298972 - 56) - time: 79706.3 - serverFPS: 45.7143
12.02.2020 23:38:51: 22h 22min | Connected: Jackz(76561198391774624 - 70) - time: 80417.2 - serverFPS: 45.4545
12.02.2020 23:40:38: 22h 24min | Disconnected: [1K-33] R. Tjay(76561198883479728 - 65) - time: 80523.7 - serverFPS: 45.977
12.02.2020 23:55:25: 22h 39min | Disconnected: Donnie Turbo(76561198041233395 - 58) - time: 81410.3 - serverFPS: 46.6472
12.02.2020 23:56:00: 22h 39min | Connected: Donnie Turbo(76561198041233395 - 58) - time: 81445.7 - serverFPS: 46.2428
12.02.2020 23:57:58: 22h 41min | Disconnected: AL "BIG AL" GAMBINO(76561198361509989 - 63) - time: 81563.6 - serverFPS: 44.8179
