03.03.2020 00:10:06: Wyclef(76561198038112694) CLIENT OWNER ID [5], TOKEN [gwhwt2l4mmzp1zw]
03.03.2020 00:10:23: Ryan Johnson(76561198272370927) CLIENT OWNER ID [4], TOKEN [hbdigo3jy0itykqu]
03.03.2020 01:02:09: Wyclef(76561198038112694) CLIENT OWNER ID [4], TOKEN [cugs5ncsrdl33uncy7a]
03.03.2020 01:08:03: John Anderson(76561198180893505) CLIENT OWNER ID [5], TOKEN [a1h6jshkvyxdrop5v0]
03.03.2020 01:21:51: Wyclef(76561198038112694) CLIENT OWNER ID [4], TOKEN [uv14qado41ot8gcl9]
03.03.2020 01:23:42: John Anderson(76561198180893505) CLIENT OWNER ID [5], TOKEN [k4jxxw6uqltuqe7oih]
03.03.2020 16:06:44: Nino Marino(76561198206026112) CLIENT OWNER ID [6], TOKEN [kokxurv6w6j89fer5f]
03.03.2020 16:56:01: Donnie Turbo(76561198041233395) CLIENT OWNER ID [7], TOKEN [b7aeyykvfg0ql8]
03.03.2020 17:02:19: luke(76561198264871362) CLIENT OWNER ID [9], TOKEN [pvdy597qqi2tzxhf]
03.03.2020 17:07:16: S.Kingston(76561198046640450) CLIENT OWNER ID [10], TOKEN [pvshuzdfav11jtj4n]
03.03.2020 17:42:40: luke(76561198264871362) CLIENT OWNER ID [11], TOKEN [fbwcw7gg4q2nnmn25]
03.03.2020 17:43:21: Donnie Turbo(76561198041233395) CLIENT OWNER ID [7], TOKEN [e5xyw1lxo7jrd94ki]
03.03.2020 18:21:59: Amado Carrillo fuentes(76561198354844800) CLIENT OWNER ID [12], TOKEN [atuixl9uylq8o98lp]
03.03.2020 18:51:43: Amado Carrillo fuentes(76561198354844800) CLIENT OWNER ID [13], TOKEN [bz1qxd21jqen2ol6]
03.03.2020 19:09:03: John Anderson(76561198180893505) CLIENT OWNER ID [14], TOKEN [diecfo3n60hb6mi2]
03.03.2020 19:11:44: luke(76561198264871362) CLIENT OWNER ID [15], TOKEN [cj1mnssklpp5tuv4]
03.03.2020 19:54:48: Amado Carrillo fuentes(76561198354844800) CLIENT OWNER ID [16], TOKEN [sthecfp0gmuk4t0]
03.03.2020 20:13:30: Amado Carrillo fuentes(76561198354844800) CLIENT OWNER ID [17], TOKEN [wdwvhlaegd6215v1]
03.03.2020 20:25:04: Axel Wolfe(76561198091943121) CLIENT OWNER ID [18], TOKEN [ipqfn2pc0reuz6jhcoa]
03.03.2020 20:32:05: Wyclef(76561198038112694) CLIENT OWNER ID [19], TOKEN [h2d3p4i3brgm5otxcx]
03.03.2020 20:37:00: Rick Cheney(76561198860031547) CLIENT OWNER ID [20], TOKEN [mcjg27w6pzzphu]
03.03.2020 20:43:37: Axel Wolfe(76561198091943121) CLIENT OWNER ID [21], TOKEN [qxx0iydt03o8qgzz6]
03.03.2020 21:20:44: Ryan Johnson(76561198272370927) CLIENT OWNER ID [22], TOKEN [lgea27abppnxy8]
03.03.2020 21:31:13: Jbo Marino[201](76561198206026112) CLIENT OWNER ID [24], TOKEN [c4qpssm8cpc0w9mzui]
03.03.2020 21:40:18: John Anderson(76561198180893505) CLIENT OWNER ID [25], TOKEN [okwpzffx8v0cphmss6]
