04.03.2020 12:21:27: Axel Jones(76561198091943121) CLIENT OWNER ID [5], TOKEN [xof5ha7tgwiuhycy]
04.03.2020 14:16:05: Donnie Turbo(76561198041233395) CLIENT OWNER ID [6], TOKEN [a31c3c8z9w43rzl]
04.03.2020 14:40:23: Donnie Turbo(76561198041233395) CLIENT OWNER ID [6], TOKEN [lyfg9eca0ia5nunx]
04.03.2020 17:17:23: Wyclef(76561198038112694) CLIENT OWNER ID [10], TOKEN [btcx9wv0f5st3ejtm]
04.03.2020 17:19:38: William Romano(76561198149474498) CLIENT OWNER ID [8], TOKEN [cdreyg4xhu1i7d1tag]
04.03.2020 17:31:37: William Romano(76561198149474498) CLIENT OWNER ID [12], TOKEN [eoqrpopl1poqskw]
04.03.2020 17:42:27: AL "BIG AL" GAMBINO(76561198361509989) CLIENT OWNER ID [13], TOKEN [lyposj3g8vei30n9]
04.03.2020 17:43:46: Nino Marino(76561198206026112) CLIENT OWNER ID [15], TOKEN [mtwrnztwv706b780]
04.03.2020 17:50:37: Peppe Valachi(76561198272370927) CLIENT OWNER ID [18], TOKEN [o1hvkp2tmxb7by4p9x]
04.03.2020 17:53:27: K-12 J. Shepard(76561198043298972) CLIENT OWNER ID [19], TOKEN [fqwipbkt61vneqmjp]
04.03.2020 18:00:09: Peppe Valachi(76561198272370927) CLIENT OWNER ID [20], TOKEN [bmmxg7ysfot27m0km]
04.03.2020 18:25:17: Axel Jones(76561198091943121) CLIENT OWNER ID [23], TOKEN [ijr373lsna3bqfb6]
04.03.2020 18:54:01: Sternn(76561198087299936) CLIENT OWNER ID [24], TOKEN [uu0qdgncj8p0ttse08j]
04.03.2020 18:55:29: Sternn(76561198087299936) CLIENT OWNER ID [24], TOKEN [is0o0goh7p7s20i]
04.03.2020 18:57:13: Sternn(76561198087299936) CLIENT OWNER ID [24], TOKEN [r30sswkny6dc0fmx1tw]
04.03.2020 18:59:00: Axel Wolfe(76561198091943121) CLIENT OWNER ID [25], TOKEN [rg8gtmw1iglc8sl]
04.03.2020 19:27:12: AL "BIG AL" GAMBINO(76561198361509989) CLIENT OWNER ID [26], TOKEN [nv9l80ep6msa7ssrp]
04.03.2020 19:43:44: John Ghost(76561199028040015) CLIENT OWNER ID [30], TOKEN [cxvm9lf6e5xlecghown]
04.03.2020 19:44:25: Alex Potato(76561198135028041) CLIENT OWNER ID [29], TOKEN [d6r2jyhrgzyu0bff]
04.03.2020 19:54:29: Alex Potato(76561198135028041) CLIENT OWNER ID [32], TOKEN [bxprno7ox1b3zn41a]
04.03.2020 19:54:41: Ethan Romano(76561198108391247) CLIENT OWNER ID [31], TOKEN [hbhcvbcr53fgx7r]
04.03.2020 19:56:45: luke(76561198264871362) CLIENT OWNER ID [33], TOKEN [o2qd1qei6npf8h2]
04.03.2020 19:59:04: William Romano(76561198149474498) CLIENT OWNER ID [12], TOKEN [t5hqrz03ao0q8sr07]
04.03.2020 20:08:35: William(76561198213286991) CLIENT OWNER ID [34], TOKEN [etm5pynprwlkors55]
04.03.2020 20:16:55: Zander Marino(76561198180893505) CLIENT OWNER ID [35], TOKEN [pmtzw8a5mklmphj]
04.03.2020 20:36:40: Ethan Romano(76561198108391247) CLIENT OWNER ID [36], TOKEN [uydcb6p652dnhg]
04.03.2020 20:54:39: John McQueen(76561198018192719) CLIENT OWNER ID [39], TOKEN [fg14vembuo13dum]
04.03.2020 21:54:05: luke(76561198264871362) CLIENT OWNER ID [33], TOKEN [iq532sr29bgsdz]
04.03.2020 22:20:09: Alex Potato(76561198135028041) CLIENT OWNER ID [43], TOKEN [mkf9ugm67hxgxavev1]
04.03.2020 22:25:30: Alex Potato(76561198135028041) CLIENT OWNER ID [44], TOKEN [ctqb07ih4kwrirdq0]
04.03.2020 22:28:39: Alex Potato(76561198135028041) CLIENT OWNER ID [44], TOKEN [r951cnhsipcjdn]
04.03.2020 23:29:35: Robert Kennedy(76561198083728776) CLIENT OWNER ID [45], TOKEN [ngfhvwcu0otqf0tsu]
