03.02.2020 00:21:56: [1K-12] J Shepard(76561198043298972) CLIENT OWNER ID [26], TOKEN [s7t4j0hnwqop0pa]
03.02.2020 00:24:40: AL "BIG AL" GAMBINO(76561198361509989) CLIENT OWNER ID [27], TOKEN [lcbxvbt8p8iet3v]
03.02.2020 00:33:25: Thomas Woods(76561198174871239) CLIENT OWNER ID [14], TOKEN [ugggm77eznixfs3]
03.02.2020 00:36:27: Zander Marino(76561198180893505) CLIENT OWNER ID [29], TOKEN [kbup4znfsq6en0la2]
03.02.2020 00:36:34: luke(76561198264871362) CLIENT OWNER ID [17], TOKEN [k7iw7fuf361ow5zyd34]
03.02.2020 00:41:48: Zander Marino(76561198180893505) CLIENT OWNER ID [30], TOKEN [uly672lk800o5ty]
03.02.2020 00:51:53: mr.bean(76561198883479728) CLIENT OWNER ID [31], TOKEN [txpjnkl6i8sll2]
03.02.2020 01:13:48: Donnie Turbo(76561198041233395) CLIENT OWNER ID [32], TOKEN [edj3q7fegp40536v]
03.02.2020 01:19:09: Alexander.Rios(76561198037915534) CLIENT OWNER ID [33], TOKEN [keebydnwg0itfz84tsu]
03.02.2020 01:24:28: Joe Montana(76561198368248470) CLIENT OWNER ID [34], TOKEN [xdwk6uix658wt7q52]
03.02.2020 01:28:35: [RMC] Tabed(76561198123697713) CLIENT OWNER ID [35], TOKEN [gseyx3zdyorkhbe]
03.02.2020 01:32:11: Zander Marino(76561198180893505) CLIENT OWNER ID [30], TOKEN [v73bb3qob38uv8q]
03.02.2020 01:53:10: Alexander.Rios(76561198037915534) CLIENT OWNER ID [33], TOKEN [gd2owwnntgnels6txb]
03.02.2020 02:20:26: John Anderson(76561198180893505) CLIENT OWNER ID [38], TOKEN [icgg08xlk74lckcgzv]
03.02.2020 02:50:11: [1K-12] J Shepard(76561198043298972) CLIENT OWNER ID [39], TOKEN [k72z3vvyhiqziysp]
03.02.2020 03:20:11: [1k-40] Jose Santana(76561198206026112) CLIENT OWNER ID [40], TOKEN [qneu9le4h0eqlkde0]
03.02.2020 03:50:18: [1K-12] J Shepard(76561198043298972) CLIENT OWNER ID [41], TOKEN [o70zn4phb6ep1l0]
03.02.2020 04:08:06: Alexander.Rios(76561198037915534) CLIENT OWNER ID [42], TOKEN [ri1gji1x4oxv17myg6]
03.02.2020 04:18:12: luke(76561198264871362) CLIENT OWNER ID [43], TOKEN [ggjjr0glwa940atfzyv]
03.02.2020 04:31:50: Doug Dimmadont(76561198083728776) CLIENT OWNER ID [45], TOKEN [lqsjb9naf9yxgnv2lrr]
03.02.2020 04:36:56: Dan Dimmadont(76561198860031547) CLIENT OWNER ID [46], TOKEN [wnmfuy2qmjn1hli41v]
03.02.2020 04:45:29: Dan Dimmadont(76561198860031547) CLIENT OWNER ID [49], TOKEN [a4pv3alnphtvk81p7]
03.02.2020 04:46:20: Dan Dimmadont(76561198860031547) CLIENT OWNER ID [49], TOKEN [kw5tv3oa14kin6f79]
03.02.2020 04:49:52: Javier Escuella(76561198370210333) CLIENT OWNER ID [50], TOKEN [vv05vyc7tsjrfbjj5]
03.02.2020 04:53:20: Dan Dimmadont(76561198860031547) CLIENT OWNER ID [51], TOKEN [orle9zpugd4q54t6ia]
03.02.2020 05:46:28: [RMC] Tabed(76561198123697713) CLIENT OWNER ID [54], TOKEN [heto5v92qc7in61l6]
03.02.2020 05:52:18: [RMC] Tabed(76561198123697713) CLIENT OWNER ID [55], TOKEN [bsqq6m4h0y3clblztoh]
03.02.2020 05:52:38: HoyoBani(76561198105940600) CLIENT OWNER ID [56], TOKEN [xtdoqfe0gz5sthwx]
03.02.2020 06:36:18: AL "BIG AL" GAMBINO(76561198361509989) CLIENT OWNER ID [57], TOKEN [hbzwrhv7icrl8v5o]
03.02.2020 06:41:51: Wyclef(76561198038112694) CLIENT OWNER ID [58], TOKEN [spbdy78ib7kztpkc74]
03.02.2020 07:10:56: Warren Blades(76561198281290777) CLIENT OWNER ID [59], TOKEN [hglenmu7tk0202u8]
03.02.2020 09:19:45: HoyoBani(76561198105940600) CLIENT OWNER ID [4], TOKEN [p41khfy1udisf2f5]
03.02.2020 09:26:12: Boyevik Butch-Mac Volkev(76561198089960350) CLIENT OWNER ID [5], TOKEN [nk7n902wihe3txzv1]
03.02.2020 18:18:00: S.Kingston(76561198046640450) CLIENT OWNER ID [4], TOKEN [dj5kt0boeb43gz]
03.02.2020 18:36:05: S.Kingston(76561198046640450) CLIENT OWNER ID [4], TOKEN [ddu3rght1o3iyti3ny]
03.02.2020 19:19:15: S.Kingston(76561198046640450) CLIENT OWNER ID [5], TOKEN [sq1scjgxdjmxi7g8]
03.02.2020 19:33:19: S.Kingston(76561198046640450) CLIENT OWNER ID [5], TOKEN [v4rgim4v6wsf0cmxa3]
03.02.2020 20:11:11: George Clean(76561198130285673) CLIENT OWNER ID [6], TOKEN [k24cu686o2w6mkd]
03.02.2020 20:13:24: deadrider41(76561198172486071) CLIENT OWNER ID [7], TOKEN [i8zlix5wyfncduuwgh]
03.02.2020 21:21:18: AL "BIG AL" GAMBINO(76561198361509989) CLIENT OWNER ID [9], TOKEN [o4z5byqp0j7qevmd1e]
03.02.2020 21:37:41: AL "BIG AL" GAMBINO(76561198361509989) CLIENT OWNER ID [9], TOKEN [r8uekcjpccifabhed]
03.02.2020 21:39:26: Wyclef(76561198038112694) CLIENT OWNER ID [11], TOKEN [wf2pihc7dzfij1o8]
03.02.2020 21:41:08: AL "BIG AL" GAMBINO(76561198361509989) CLIENT OWNER ID [12], TOKEN [d7p9w0yoj67tnwg]
03.02.2020 21:41:43: Wyclef(76561198038112694) CLIENT OWNER ID [11], TOKEN [dai3y8o60l7n1cn]
03.02.2020 21:46:28: George Clean(76561198130285673) CLIENT OWNER ID [15], TOKEN [myr2nro4j2g0ed8j1e]
03.02.2020 21:46:36: Jbo Marino[201](76561198206026112) CLIENT OWNER ID [14], TOKEN [pfx4m3mx3yhwx2]
03.02.2020 21:56:00: Wyclef(76561198038112694) CLIENT OWNER ID [5], TOKEN [me7glulwol6m5snpk]
03.02.2020 21:57:02: Wyclef(76561198038112694) CLIENT OWNER ID [5], TOKEN [qemuyf798omy214]
03.02.2020 21:58:43: mr.bean(76561198883479728) CLIENT OWNER ID [4], TOKEN [dkgehltwvogp2iwz8]
03.02.2020 22:10:12: AL "BIG AL" GAMBINO(76561198361509989) CLIENT OWNER ID [8], TOKEN [nbimlx0mrdo33sip]
03.02.2020 22:17:14: AL "BIG AL" GAMBINO(76561198361509989) CLIENT OWNER ID [10], TOKEN [qc6tbx8znqwvdispx]
03.02.2020 22:29:34: Dan Dimmadont(76561198860031547) CLIENT OWNER ID [12], TOKEN [jvlzzcfr48d2sx8]
03.02.2020 22:40:21: Jbo Marino[201](76561198206026112) CLIENT OWNER ID [11], TOKEN [skpq252n6v4hn31x52]
03.02.2020 22:53:23: Alexander.Rios(76561198037915534) CLIENT OWNER ID [13], TOKEN [k61winp3jo63u5]
03.02.2020 22:56:25: Dan Dimmadont(76561198860031547) CLIENT OWNER ID [12], TOKEN [wi6rewymvqtgag4pk]
03.02.2020 22:57:52: Alexander.Rios(76561198037915534) CLIENT OWNER ID [14], TOKEN [lp1bfs8v8711vmmbqc]
03.02.2020 23:03:56: Eddie Spaghetti(76561198046997779) CLIENT OWNER ID [15], TOKEN [bn9nxi048hyee058ir]
03.02.2020 23:08:00: Donnie Turbo(76561198041233395) CLIENT OWNER ID [17], TOKEN [ll2rpirvimiycuit]
03.02.2020 23:12:56: Donnie Turbo(76561198041233395) CLIENT OWNER ID [18], TOKEN [ulb1e6g5r8j617c]
03.02.2020 23:15:01: Wyclef(76561198038112694) CLIENT OWNER ID [19], TOKEN [qw4zn8pnuxxxmgqgze]
03.02.2020 23:18:05: mr.bean(76561198883479728) CLIENT OWNER ID [20], TOKEN [tcydqb1ywylq5fe1x]
03.02.2020 23:25:06: Donnie Turbo(76561198041233395) CLIENT OWNER ID [18], TOKEN [stvsjunvadmkun]
03.02.2020 23:27:28: [1K-12] J Shepard(76561198043298972) CLIENT OWNER ID [21], TOKEN [cc0nrxoebcgcs33y]
03.02.2020 23:31:52: [1K-12] J Shepard(76561198043298972) CLIENT OWNER ID [22], TOKEN [ufess3grnm2dwhzo2]
03.02.2020 23:34:13: Rick Cheney(76561198860031547) CLIENT OWNER ID [23], TOKEN [kb1ugghm2ivgfp7kv]
03.02.2020 23:40:05: Wyclef(76561198038112694) CLIENT OWNER ID [24], TOKEN [y3snc3oovwdqqzucu]
03.02.2020 23:46:53: Wyclef(76561198038112694) CLIENT OWNER ID [27], TOKEN [bdg5hnjobi2oz0goev]
03.02.2020 23:50:41: luke(76561198264871362) CLIENT OWNER ID [28], TOKEN [xy7p2b0hyyu2zup]
03.02.2020 23:50:56: Zander Marino(76561198180893505) CLIENT OWNER ID [26], TOKEN [h0ct8vf388owgwnm5om]
03.02.2020 23:58:10: Stanley Thompson [1K-75](76561198180893505) CLIENT OWNER ID [29], TOKEN [xm878iwo1r7l975h]
