26.01.2020 00:00:48: 17h 18min | Boyevik Butch-Mac Volkev(76561198089960350) | 50K Cash
26.01.2020 00:01:47: 17h 19min | Nino Marino(76561198206026112) | SPECTATE - switchedCamera on [ION]Eriden Parker(76561198054085448) - C_man_1
26.01.2020 00:01:52: 17h 19min | Nino Marino(76561198206026112) | SPECTATE - switchedCamera on Boyevik Butch-Mac Volkev(76561198089960350) - C_man_1
26.01.2020 00:01:55: 17h 19min | Nino Marino(76561198206026112) | SPECTATE - switchedCamera on Chief Blades(76561198281290777) - C_man_1
26.01.2020 00:01:57: 17h 19min | Nino Marino(76561198206026112) | SPECTATE - switchedCamera on Donnie Turbo(76561198041233395) - d3s_g500_18_EMS
26.01.2020 00:02:02: 17h 19min | Nino Marino(76561198206026112) | SPECTATE - switchedCamera on [1K-33] R. Tjay(76561198883479728) - d3s_crown_98_PD
26.01.2020 00:02:06: 17h 20min | Nino Marino(76561198206026112) | SPECTATE - switchedCamera on Thomas(76561198174871239) - C_man_1
26.01.2020 00:02:16: 17h 20min | Nino Marino(76561198206026112) | SPECTATE - switchedCamera on [ION]Eriden Parker(76561198054085448) - C_man_1
26.01.2020 00:02:45: 17h 20min | Boyevik Butch-Mac Volkev(76561198089960350) | Teleport to [3656.9,3238.29,0](GPS: 036001)
26.01.2020 00:03:03: 17h 20min | Boyevik Butch-Mac Volkev(76561198089960350) | HealRepairNear
26.01.2020 00:07:04: 17h 25min | Donnie Turbo(76561198041233395) | spawning Axe (Max_axe)
26.01.2020 00:14:03: 17h 31min | Boyevik Butch-Mac Volkev(76561198089960350) | spawning Cig Pack (murshun_cigs_cigpack)
26.01.2020 00:14:03: 17h 31min | Boyevik Butch-Mac Volkev(76561198089960350) | spawning Lighter (murshun_cigs_lighter)
26.01.2020 00:18:58: 17h 36min | Nino Marino(76561198206026112) | Teleport - Target To Me - Umbellay Zulu [CIV](76561198361509989)
26.01.2020 00:19:44: 17h 37min | Boyevik Butch-Mac Volkev(76561198089960350) | Unrestrain - civ_5(76561198089960350)
26.01.2020 00:31:28: 17h 49min | Boyevik Butch-Mac Volkev(76561198089960350) | Teleport to [3667.74,3803.92,0](GPS: 036007)
26.01.2020 00:42:34: 18h 0min | Nino Marino(76561198206026112) | Teleport to [3426.39,4164.3,0](GPS: 034010)
26.01.2020 00:55:19: 18h 13min | Nino Marino(76561198206026112) | HealRepairNear
26.01.2020 00:55:19: 18h 13min | Nino Marino(76561198206026112) | HealRepairNear
26.01.2020 01:11:31: 18h 29min | Nino Marino(76561198206026112) | Added 1 cocaine_processeds to Umbellay Zulu!
26.01.2020 01:12:47: 18h 30min | Nino Marino(76561198206026112) | spawning Fardo de Cocaina (1Kg) (pop_cocaina_f)
26.01.2020 01:12:48: 18h 30min | Nino Marino(76561198206026112) | spawning Fardo de Cocaina (1Kg) (pop_cocaina_f)
26.01.2020 01:13:29: 18h 31min | Nino Marino(76561198206026112) | Deleting WeaponHolderSimulated @034010..
26.01.2020 01:23:54: 18h 41min | Boyevik Butch-Mac Volkev(76561198089960350) | Deleting d3s_boss_15 @038000..
26.01.2020 01:26:43: 18h 44min | Boyevik Butch-Mac Volkev(76561198089960350) | 50K Cash
26.01.2020 01:30:23: 18h 48min | Boyevik Butch-Mac Volkev(76561198089960350) | 250K Cash
26.01.2020 01:31:26: 18h 49min | Donnie Turbo(76561198041233395) | Teleport - Me To Target - mikez [CIV](76561198319287419)
26.01.2020 01:31:44: 18h 49min | Boyevik Butch-Mac Volkev(76561198089960350) | Teleport to [6041.01,3939.48,0](GPS: 060008)
26.01.2020 01:31:46: 18h 49min | Nino Marino(76561198206026112) | SPECTATE - switchedCamera on Donnie Turbo(76561198041233395) - B_RangeMaster_F
26.01.2020 01:31:49: 18h 49min | Nino Marino(76561198206026112) | Revive - medic_2(76561198041233395)
26.01.2020 01:32:10: 18h 50min | Nino Marino(76561198206026112) | SPECTATE - switchedCamera on Donnie Turbo(76561198041233395) - B_RangeMaster_F
26.01.2020 01:32:20: 18h 50min | Nino Marino(76561198206026112) | SPECTATE - switchedCamera on mikez(76561198319287419) - d3s_oka
26.01.2020 01:33:26: 18h 51min | Boyevik Butch-Mac Volkev(76561198089960350) | HealRepairNear
26.01.2020 01:33:33: 18h 51min | Nino Marino(76561198206026112) | SPECTATE - switchedCamera on mikez(76561198319287419) - d3s_oka
26.01.2020 01:33:38: 18h 51min | Donnie Turbo(76561198041233395) | Teleport to [3658.19,3098.08,0](GPS: 036000)
26.01.2020 01:44:31: 19h 2min | Boyevik Butch-Mac Volkev(76561198089960350) | Teleport to [3681.49,3255.41,0](GPS: 036001)
26.01.2020 01:45:07: 19h 3min | Boyevik Butch-Mac Volkev(76561198089960350) | Kick (Silent) - civ_8(76561198319287419)
26.01.2020 01:46:37: 19h 4min | Nino Marino(76561198206026112) | SPECTATE - switchedCamera on [1K-33] R. Tjay(76561198883479728) - B_RangeMaster_F
26.01.2020 01:46:40: 19h 4min | Nino Marino(76561198206026112) | SPECTATE - switchedCamera on Harold Reginald(76561198355765034) - C_man_1
26.01.2020 01:53:05: 19h 11min | Nino Marino(76561198206026112) | SPECTATE - switchedCamera on Harold Reginald(76561198355765034) - C_man_1
26.01.2020 01:55:44: 19h 13min | Donnie Turbo(76561198041233395) | Teleport to [3543.54,4003.15,0](GPS: 035009)
26.01.2020 02:05:02: 19h 22min | Donnie Turbo(76561198041233395) | spawning Axe (Max_axe)
26.01.2020 02:05:49: 19h 23min | Donnie Turbo(76561198041233395) | UnlimAmmo - 1
26.01.2020 02:20:40: 19h 38min | Nino Marino(76561198206026112) | Added 4 marijuanas to Nino Marino!
26.01.2020 02:30:07: 19h 48min | Nino Marino(76561198206026112) | God Mode - 1
26.01.2020 02:32:59: 19h 50min | Boyevik Butch-Mac Volkev(76561198089960350) | Teleport to [3190.26,3580.21,0](GPS: 031005)
26.01.2020 02:33:45: 19h 51min | Boyevik Butch-Mac Volkev(76561198089960350) | UnlimAmmo - 1
26.01.2020 02:41:35: 19h 59min | Boyevik Butch-Mac Volkev(76561198089960350) | 250K Cash
26.01.2020 02:48:55: 20h 6min | Boyevik Butch-Mac Volkev(76561198089960350) | 50K Cash
26.01.2020 03:00:46: 20h 18min | Nino Marino(76561198206026112) | SPECTATE - switchedCamera on [1A-01] J Shepard(76561198043298972) - B_RangeMaster_F
26.01.2020 03:00:48: 20h 18min | Nino Marino(76561198206026112) | SPECTATE - switchedCamera on [1A-02]J. Daker(76561198038112694) - B_RangeMaster_F
26.01.2020 03:00:53: 20h 18min | Nino Marino(76561198206026112) | SPECTATE - switchedCamera on [ION]Eriden Parker(76561198054085448) - d3s_titan_17_TAR
26.01.2020 03:00:55: 20h 18min | Nino Marino(76561198206026112) | SPECTATE - switchedCamera on Boyevik Butch-Mac Volkev(76561198089960350) - C_man_1
26.01.2020 03:00:56: 20h 18min | Nino Marino(76561198206026112) | SPECTATE - switchedCamera on Donnie Turbo(76561198041233395) - B_RangeMaster_F
26.01.2020 03:00:59: 20h 18min | Nino Marino(76561198206026112) | SPECTATE - switchedCamera on Harold Reginald(76561198355765034) - B_RangeMaster_F
26.01.2020 03:01:00: 20h 18min | Nino Marino(76561198206026112) | SPECTATE - switchedCamera on Joe Montana(76561198368248470) - d3s_actros_14
26.01.2020 03:01:05: 20h 19min | Nino Marino(76561198206026112) | SPECTATE - switchedCamera on Umbellay Zulu(76561198361509989) - d3s_actros_14
26.01.2020 03:01:07: 20h 19min | Nino Marino(76561198206026112) | SPECTATE - switchedCamera on Umbellay Zulu(76561198361509989) - d3s_actros_14
26.01.2020 03:01:13: 20h 19min | Nino Marino(76561198206026112) | God Mode - 0
26.01.2020 03:01:25: 20h 19min | Nino Marino(76561198206026112) | Teleport to [5352.57,4322.03,0](GPS: 053012)
26.01.2020 03:13:56: 20h 31min | Nino Marino(76561198206026112) | spawning Bergen (MTP) (B_Bergen_mcamo)
26.01.2020 03:14:39: 20h 32min | Nino Marino(76561198206026112) | spawning Bergen Backpack (Tropic) (B_Bergen_tna_F)
26.01.2020 03:15:54: 20h 33min | Nino Marino(76561198206026112) | spawning Bergen Backpack (Tropic) (B_Bergen_tna_F)
26.01.2020 03:18:08: 20h 36min | Boyevik Butch-Mac Volkev(76561198089960350) | Mass Message: Server Restart at 9:30 EST. 15 minutes. Sync data and store vehicles. 
26.01.2020 03:25:34: 20h 43min | Nino Marino(76561198206026112) | SPECTATE - switchedCamera on Zander Marino(76561198180893505) - d3s_g500_18_EMS
26.01.2020 03:36:36: 0h 5min | Boyevik Butch-Mac Volkev(76561198089960350) | Teleport to [3655.31,3241.58,0](GPS: 036001)
26.01.2020 03:37:38: 0h 6min | Boyevik Butch-Mac Volkev(76561198089960350) | infiSTAR MapIcons - 1
26.01.2020 03:41:38: 0h 10min | Boyevik Butch-Mac Volkev(76561198089960350) | HealRepairNear
26.01.2020 03:41:53: 0h 10min | Boyevik Butch-Mac Volkev(76561198089960350) | HealRepairNear
26.01.2020 03:42:10: 0h 10min | Nino Marino(76561198206026112) | Added 3 diamond_uncuts to Nino Marino!
26.01.2020 03:43:05: 0h 11min | Nino Marino(76561198206026112) | Teleport to [3811.39,3101.6,0](GPS: 038000)
26.01.2020 03:44:17: 0h 12min | Boyevik Butch-Mac Volkev(76561198089960350) | Teleport to [3818.68,3114.27,0](GPS: 038000)
26.01.2020 03:44:51: 0h 13min | Boyevik Butch-Mac Volkev(76561198089960350) | Teleport to [3450.54,3133.24,0](GPS: 034000)
26.01.2020 03:45:46: 0h 14min | Boyevik Butch-Mac Volkev(76561198089960350) | Teleport to [3456.27,3352.59,0](GPS: 034002)
26.01.2020 03:46:10: 0h 14min | Boyevik Butch-Mac Volkev(76561198089960350) | Teleport to [3661.26,4012.18,0](GPS: 036009)
26.01.2020 03:46:27: 0h 15min | Boyevik Butch-Mac Volkev(76561198089960350) | Teleport to [5480.84,3128.48,0](GPS: 054000)
26.01.2020 03:46:38: 0h 15min | Boyevik Butch-Mac Volkev(76561198089960350) | God Mode - 1
26.01.2020 03:46:39: 0h 15min | Boyevik Butch-Mac Volkev(76561198089960350) | Teleport In Facing Direction (10m steps) - 1
26.01.2020 03:46:47: 0h 15min | Boyevik Butch-Mac Volkev(76561198089960350) | Teleport - Target To Me - Kermit [CIV](76561198043298972)
26.01.2020 03:47:13: 0h 15min | Boyevik Butch-Mac Volkev(76561198089960350) | Teleport to [3745.75,3268.3,0](GPS: 037001)
26.01.2020 03:54:54: 0h 23min | Boyevik Butch-Mac Volkev(76561198089960350) | 2.500K Cash
26.01.2020 04:06:01: 0h 34min | Boyevik Butch-Mac Volkev(76561198089960350) | Teleport to [3666.82,3237.94,0](GPS: 036001)
26.01.2020 04:06:10: 0h 34min | Boyevik Butch-Mac Volkev(76561198089960350) | Teleport to [3753.05,3268.12,0](GPS: 037001)
26.01.2020 04:06:32: 0h 35min | Boyevik Butch-Mac Volkev(76561198089960350) | Teleport to [3760.59,3036.74,0](GPS: 037999)
26.01.2020 04:06:37: 0h 35min | Boyevik Butch-Mac Volkev(76561198089960350) | Teleport to [3651.04,3232.15,0](GPS: 036001)
26.01.2020 04:15:17: 0h 43min | Boyevik Butch-Mac Volkev(76561198089960350) | spawning Van Transport (I_G_Van_02_transport_F)
26.01.2020 04:15:21: 0h 44min | Boyevik Butch-Mac Volkev(76561198089960350) | Deleting I_G_Van_02_transport_F @036001..
26.01.2020 04:15:51: 0h 44min | Boyevik Butch-Mac Volkev(76561198089960350) | spawning HD Nightster Scrambler (M1030)
26.01.2020 04:16:09: 0h 44min | Boyevik Butch-Mac Volkev(76561198089960350) | Teleport to [3681.76,3245.34,0](GPS: 036001)
26.01.2020 04:17:35: 0h 46min | Boyevik Butch-Mac Volkev(76561198089960350) | Teleport to [3370.57,4171.76,0](GPS: 033010)
26.01.2020 04:23:36: 0h 52min | Nino Marino(76561198206026112) | SPECTATE - switchedCamera on Zander Marino(76561198180893505) - B_RangeMaster_F
26.01.2020 04:23:47: 0h 52min | Nino Marino(76561198206026112) | SPECTATE - switchedCamera on William Jones(76561198166473448) - d3s_cherokee_18_JPPV
26.01.2020 04:23:52: 0h 52min | Nino Marino(76561198206026112) | SPECTATE - switchedCamera on Nino Marino(76561198206026112) - C_man_1
26.01.2020 04:23:54: 0h 52min | Nino Marino(76561198206026112) | SPECTATE - switchedCamera on Kermit(76561198043298972) - C_man_1
26.01.2020 04:23:55: 0h 52min | Nino Marino(76561198206026112) | SPECTATE - switchedCamera on Harold Reginald(76561198355765034) - C_man_1
26.01.2020 04:24:03: 0h 52min | Nino Marino(76561198206026112) | SPECTATE - switchedCamera on Kermit(76561198043298972) - C_man_1
26.01.2020 04:24:08: 0h 52min | Nino Marino(76561198206026112) | SPECTATE - switchedCamera on Chief Blades(76561198281290777) - B_RangeMaster_F
26.01.2020 04:24:10: 0h 52min | Nino Marino(76561198206026112) | SPECTATE - switchedCamera on [1A-02]J. Daker(76561198038112694) - B_RangeMaster_F
26.01.2020 04:24:13: 0h 52min | Nino Marino(76561198206026112) | SPECTATE - switchedCamera on Boyevik Butch-Mac Volkev(76561198089960350) - C_man_1
26.01.2020 04:27:05: 0h 55min | Nino Marino(76561198206026112) | spawning Hacha (pop_hacha)
26.01.2020 04:27:28: 0h 56min | Nino Marino(76561198206026112) | spawning Bottle of Bitters (plp_bo_inv_BottleBitters)
26.01.2020 04:27:30: 0h 56min | Nino Marino(76561198206026112) | spawning Bottle of Blue Corazol (plp_bo_inv_BottleBlueCorazol)
26.01.2020 04:27:57: 0h 56min | Nino Marino(76561198206026112) | Teleport to [3401.15,4175.63,0](GPS: 034011)
26.01.2020 04:29:21: 0h 58min | Nino Marino(76561198206026112) | spawning Sealed Cigar Box (plp_bo_inv_CigarBoxSealed)
26.01.2020 04:29:23: 0h 58min | Nino Marino(76561198206026112) | spawning Cigar (plp_bo_inv_Cigar)
26.01.2020 04:29:24: 0h 58min | Nino Marino(76561198206026112) | spawning Bottle of Bitters (plp_bo_inv_BottleTequila)
26.01.2020 04:29:25: 0h 58min | Nino Marino(76561198206026112) | spawning Bottle of Bitters (plp_bo_inv_BottleTequila)
26.01.2020 04:29:27: 0h 58min | Nino Marino(76561198206026112) | spawning Bottle of Orange Liqueur (plp_bo_inv_BottleLiqOrange)
26.01.2020 04:29:41: 0h 58min | Nino Marino(76561198206026112) | Teleport to [3400.95,4178.43,0](GPS: 034011)
26.01.2020 04:33:10: 1h 1min | Nino Marino(76561198206026112) | SPECTATE - switchedCamera on Zander Marino(76561198180893505) - d3s_g500_18_EMS
26.01.2020 04:33:15: 1h 1min | Nino Marino(76561198206026112) | SPECTATE - switchedCamera on William Jones(76561198166473448) - B_RangeMaster_F
26.01.2020 04:33:19: 1h 2min | Nino Marino(76561198206026112) | SPECTATE - switchedCamera on Nino Marino(76561198206026112) - d3s_tahoe_08
26.01.2020 04:33:22: 1h 2min | Nino Marino(76561198206026112) | SPECTATE - switchedCamera on Harold Reginald(76561198355765034) - C_man_1
26.01.2020 04:33:26: 1h 2min | Nino Marino(76561198206026112) | SPECTATE - switchedCamera on Boyevik Butch-Mac Volkev(76561198089960350) - C_man_1
26.01.2020 04:41:14: 1h 9min | Boyevik Butch-Mac Volkev(76561198089960350) | spawning Fine Cigar (plp_bo_inv_CigarFine)
26.01.2020 04:41:15: 1h 9min | Boyevik Butch-Mac Volkev(76561198089960350) | spawning Fine Cigar (plp_bo_inv_CigarFine)
26.01.2020 04:41:16: 1h 9min | Boyevik Butch-Mac Volkev(76561198089960350) | spawning Fine Cigar (plp_bo_inv_CigarFine)
26.01.2020 04:41:18: 1h 9min | Boyevik Butch-Mac Volkev(76561198089960350) | spawning Cigar (plp_bo_inv_Cigar)
26.01.2020 04:41:19: 1h 9min | Boyevik Butch-Mac Volkev(76561198089960350) | spawning Cigar (plp_bo_inv_Cigar)
26.01.2020 04:41:19: 1h 10min | Boyevik Butch-Mac Volkev(76561198089960350) | spawning Cigar (plp_bo_inv_Cigar)
26.01.2020 04:41:19: 1h 10min | Boyevik Butch-Mac Volkev(76561198089960350) | spawning Cigar (plp_bo_inv_Cigar)
26.01.2020 04:41:20: 1h 10min | Boyevik Butch-Mac Volkev(76561198089960350) | spawning Cigar (plp_bo_inv_Cigar)
26.01.2020 04:41:20: 1h 10min | Boyevik Butch-Mac Volkev(76561198089960350) | spawning Cigar (plp_bo_inv_Cigar)
26.01.2020 04:42:40: 1h 11min | Boyevik Butch-Mac Volkev(76561198089960350) | spawning Cigar (plp_bo_inv_Cigar)
26.01.2020 04:45:34: 1h 14min | Nino Marino(76561198206026112) | SPECTATE - switchedCamera on Umbellay Zulu(76561198361509989) - C_man_1
26.01.2020 04:58:52: 1h 27min | Boyevik Butch-Mac Volkev(76561198089960350) | God Mode - 0
26.01.2020 05:24:53: 1h 53min | Nino Marino(76561198206026112) | God Mode - 1
26.01.2020 05:24:58: 1h 53min | Nino Marino(76561198206026112) | Heal - civ_5(76561198206026112)
26.01.2020 05:33:59: 2h 2min | Nino Marino(76561198206026112) | God Mode - 0
26.01.2020 05:34:07: 2h 2min | Nino Marino(76561198206026112) | SPECTATE - switchedCamera on Umbellay Zulu(76561198361509989) - d3s_f80_14_EX3
26.01.2020 05:34:09: 2h 2min | Nino Marino(76561198206026112) | SPECTATE - switchedCamera on Zander Marino(76561198180893505) - d3s_f80_14_EX3
26.01.2020 05:35:17: 2h 3min | Nino Marino(76561198206026112) | God Mode - 1
26.01.2020 05:35:18: 2h 3min | Nino Marino(76561198206026112) | Stealth / Invisible - 1
26.01.2020 05:35:25: 2h 4min | Nino Marino(76561198206026112) | Move In Target Vehicle - Zander Marino [CIV](76561198180893505)
26.01.2020 05:39:28: 2h 8min | Nino Marino(76561198206026112) | locked - [d3s_f80_14_EX3]
26.01.2020 05:39:53: 2h 8min | Nino Marino(76561198206026112) | locked - [d3s_f80_14_EX3]
26.01.2020 05:40:02: 2h 8min | Nino Marino(76561198206026112) | unlocked - [d3s_f80_14_EX3]
26.01.2020 05:40:03: 2h 8min | Nino Marino(76561198206026112) | locked - [d3s_f80_14_EX3]
26.01.2020 05:40:07: 2h 8min | Nino Marino(76561198206026112) | locked - [d3s_f80_14_EX3]
26.01.2020 05:40:11: 2h 8min | Nino Marino(76561198206026112) | locked - [d3s_f80_14_EX3]
26.01.2020 05:40:55: 2h 9min | Nino Marino(76561198206026112) | Heal - civ_3(76561198361509989)
26.01.2020 05:40:59: 2h 9min | Nino Marino(76561198206026112) | Heal - civ_2(76561198180893505)
26.01.2020 06:27:54: 2h 56min | Nino Marino(76561198206026112) | Teleport to [3654.9,3231.8,0](GPS: 036001)
26.01.2020 06:40:52: 3h 9min | Nino Marino(76561198206026112) | Heal - civ_1(76561198860031547)
26.01.2020 06:44:00: 3h 12min | Nino Marino(76561198206026112) | Revive - civ_4(76561198206026112)
26.01.2020 06:45:26: 3h 14min | Nino Marino(76561198206026112) | Heal - civ_4(76561198206026112)
26.01.2020 06:45:29: 3h 14min | Nino Marino(76561198206026112) | Revive - civ_2(76561198180893505)
26.01.2020 06:50:03: 3h 18min | Nino Marino(76561198206026112) | spawning  APRILIA MXV 450 PEINTURE 4 (V12_APRILIAMXV4504)
26.01.2020 06:50:04: 3h 18min | Nino Marino(76561198206026112) | spawning  APRILIA MXV 450 PEINTURE 4 (V12_APRILIAMXV4504)
26.01.2020 06:50:05: 3h 18min | Nino Marino(76561198206026112) | spawning  APRILIA MXV 450 PEINTURE 4 (V12_APRILIAMXV4504)
26.01.2020 06:50:06: 3h 18min | Nino Marino(76561198206026112) | spawning  APRILIA MXV 450 PEINTURE 4 (V12_APRILIAMXV4504)
26.01.2020 06:50:15: 3h 18min | Nino Marino(76561198206026112) | Teleport - Target To Me - Robert Kennedy [CIV](76561198083728776)
26.01.2020 06:50:18: 3h 18min | Nino Marino(76561198206026112) | Teleport - Target To Me - Rick Cheney [CIV](76561198860031547)
26.01.2020 06:50:42: 3h 19min | Nino Marino(76561198206026112) | Deleting V12_APRILIAMXV4504 @048001..
26.01.2020 07:00:40: 3h 29min | Nino Marino(76561198206026112) | Restore - civ_3(76561198083728776)
26.01.2020 07:22:52: 3h 51min | Nino Marino(76561198206026112) | Deleting V12_APRILIAMXV4504 @045010..
26.01.2020 07:23:43: 3h 52min | Nino Marino(76561198206026112) | Teleport to [5730.27,4866.8,0](GPS: 057017)
26.01.2020 07:28:34: 3h 57min | Nino Marino(76561198206026112) | Teleport to [3635.98,3280.73,0](GPS: 036002)
26.01.2020 07:30:23: 3h 59min | Nino Marino(76561198206026112) | Teleport to [3525.1,3091.4,0](GPS: 035000)
26.01.2020 07:30:54: 3h 59min | Nino Marino(76561198206026112) | God Mode - 1
26.01.2020 07:31:44: 3h 60min | Nino Marino(76561198206026112) | Teleport to [2084.58,3642.53,0](GPS: 020005)
26.01.2020 07:33:37: 4h 2min | Nino Marino(76561198206026112) | Teleport to [5719.92,4868.67,0](GPS: 057017)
26.01.2020 07:38:21: 4h 7min | Nino Marino(76561198206026112) | Teleport to [3632.55,3280.18,0](GPS: 036002)
26.01.2020 07:40:53: 4h 9min | Nino Marino(76561198206026112) | Teleport to [2085.72,3645.78,0](GPS: 020005)
26.01.2020 07:41:33: 4h 10min | Nino Marino(76561198206026112) | DayTime
26.01.2020 07:43:00: 4h 11min | Nino Marino(76561198206026112) | Teleport to [5721.5,4867.12,0](GPS: 057017)
26.01.2020 07:47:44: 4h 16min | Nino Marino(76561198206026112) | Teleport to [3636.69,3288.82,0](GPS: 036002)
26.01.2020 07:48:43: 4h 17min | Nino Marino(76561198206026112) | Teleport to [2088.57,3652.74,0](GPS: 020005)
26.01.2020 07:50:32: 4h 19min | Nino Marino(76561198206026112) | Teleport to [5723.26,4871.95,0](GPS: 057017)
26.01.2020 07:54:27: 4h 23min | Nino Marino(76561198206026112) | Teleport to [3637.82,3288.31,0](GPS: 036002)
26.01.2020 07:55:28: 4h 24min | Nino Marino(76561198206026112) | Teleport - Target To Me - Zander Marino [CIV](76561198180893505)
26.01.2020 07:56:20: 4h 25min | Nino Marino(76561198206026112) | Teleport to [3579.95,3196.37,0](GPS: 035001)
26.01.2020 07:57:19: 4h 26min | Nino Marino(76561198206026112) | Teleport to [2033.79,3737.95,0](GPS: 020006)
26.01.2020 08:01:29: 4h 30min | Nino Marino(76561198206026112) | Teleport to [5723.56,4867.7,0](GPS: 057017)
26.01.2020 08:07:07: 4h 35min | Nino Marino(76561198206026112) | Teleport to [3636.58,3284.86,0](GPS: 036002)
26.01.2020 08:11:58: 4h 40min | Nino Marino(76561198206026112) | Teleport - Target To Me - Zander Marino [CIV](76561198180893505)
26.01.2020 08:12:19: 4h 41min | Nino Marino(76561198206026112) | Teleport - Me To Target - Zander Marino [CIV](76561198180893505)
26.01.2020 08:12:22: 4h 41min | Nino Marino(76561198206026112) | Teleport - Me To Target - Zander Marino [CIV](76561198180893505)
26.01.2020 08:12:22: 4h 41min | Nino Marino(76561198206026112) | Teleport - Me To Target - Zander Marino [CIV](76561198180893505)
26.01.2020 08:12:23: 4h 41min | Nino Marino(76561198206026112) | Teleport - Me To Target - Zander Marino [CIV](76561198180893505)
26.01.2020 08:12:23: 4h 41min | Nino Marino(76561198206026112) | Teleport - Me To Target - Zander Marino [CIV](76561198180893505)
26.01.2020 08:12:25: 4h 41min | Nino Marino(76561198206026112) | Teleport - Target To Me - Zander Marino [CIV](76561198180893505)
26.01.2020 08:12:26: 4h 41min | Nino Marino(76561198206026112) | Teleport - Target To Me - Zander Marino [CIV](76561198180893505)
26.01.2020 08:12:26: 4h 41min | Nino Marino(76561198206026112) | Teleport - Target To Me - Zander Marino [CIV](76561198180893505)
26.01.2020 08:12:27: 4h 41min | Nino Marino(76561198206026112) | Teleport - Target To Me - Zander Marino [CIV](76561198180893505)
26.01.2020 08:12:27: 4h 41min | Nino Marino(76561198206026112) | Teleport - Target To Me - Zander Marino [CIV](76561198180893505)
26.01.2020 08:12:28: 4h 41min | Nino Marino(76561198206026112) | Teleport - Target To Me - Zander Marino [CIV](76561198180893505)
26.01.2020 08:12:31: 4h 41min | Nino Marino(76561198206026112) | Teleport - Target To Me - Zander Marino [CIV](76561198180893505)
26.01.2020 08:13:57: 4h 42min | Nino Marino(76561198206026112) | Revive - civ_2(76561198180893505)
26.01.2020 08:14:06: 4h 42min | Nino Marino(76561198206026112) | UnFreeze Target - civ_2(76561198180893505)
26.01.2020 08:14:13: 4h 42min | Nino Marino(76561198206026112) | Zeus Zander Marino(76561198180893505) @036001
26.01.2020 08:14:13: 4h 42min | Nino Marino(76561198206026112) | Zeus - civ_2(76561198180893505)
26.01.2020 08:14:20: 4h 43min | Nino Marino(76561198206026112) | Revive - civ_2()
26.01.2020 08:14:26: 4h 43min | Nino Marino(76561198206026112) | Revive - civ_2()
26.01.2020 08:14:31: 4h 43min | Nino Marino(76561198206026112) | Revive - civ_2(76561198180893505)
26.01.2020 21:21:07: 17h 49min | Donnie Turbo(76561198041233395) | UnlimAmmo - 1
26.01.2020 21:34:28: 18h 3min | Donnie Turbo(76561198041233395) | Teleport to [3150.99,5093.59,0](GPS: 031020)
26.01.2020 21:39:49: 18h 8min | Donnie Turbo(76561198041233395) | Teleport to [3674.16,491.445,0](GPS: 036974)
26.01.2020 21:41:35: 18h 10min | Donnie Turbo(76561198041233395) | Teleport to [3824.41,3272.75,0](GPS: 038002)
26.01.2020 21:55:16: 18h 23min | Donnie Turbo(76561198041233395) | Added 10 boltcutters to Donnie Turbo!
26.01.2020 22:10:35: 18h 39min | Donnie Turbo(76561198041233395) | spawning ACP-C2 .45 ACP (hgun_ACPC2_F)
26.01.2020 22:11:55: 18h 40min | Donnie Turbo(76561198041233395) | spawning 9mm JHP 30Rnd MP5 Magazine (hlc_30Rnd_9x19_GD_MP5)
26.01.2020 22:12:11: 18h 40min | Donnie Turbo(76561198041233395) | spawning 9mm FMJ 30Rnd MP5 Magazine (hlc_30Rnd_9x19_B_MP5)
26.01.2020 22:13:53: 18h 42min | Donnie Turbo(76561198041233395) | spawning 9 mm 30Rnd Mag (30Rnd_9x21_Mag)
26.01.2020 22:13:54: 18h 42min | Donnie Turbo(76561198041233395) | spawning 9 mm 30Rnd Mag (30Rnd_9x21_Mag)
26.01.2020 22:13:56: 18h 42min | Donnie Turbo(76561198041233395) | spawning 9 mm 30Rnd Mag (30Rnd_9x21_Mag)
26.01.2020 22:14:07: 18h 42min | Donnie Turbo(76561198041233395) | spawning 9 mm 30Rnd Mag (30Rnd_9x21_Mag)
26.01.2020 22:14:07: 18h 42min | Donnie Turbo(76561198041233395) | spawning 9 mm 30Rnd Mag (30Rnd_9x21_Mag)
26.01.2020 22:14:07: 18h 42min | Donnie Turbo(76561198041233395) | spawning 9 mm 30Rnd Mag (30Rnd_9x21_Mag)
26.01.2020 22:14:33: 18h 43min | Donnie Turbo(76561198041233395) | Deleting WeaponHolderSimulated @034000..
26.01.2020 22:16:56: 18h 45min | Donnie Turbo(76561198041233395) | noRecoil - 1
26.01.2020 22:17:04: 18h 45min | Donnie Turbo(76561198041233395) | noRecoil - 0
26.01.2020 22:17:05: 18h 45min | Donnie Turbo(76561198041233395) | noRecoil - 1
26.01.2020 22:26:57: 18h 55min | Donnie Turbo(76561198041233395) | unlocked - [V12_YZF_VO]
26.01.2020 22:26:59: 18h 55min | Donnie Turbo(76561198041233395) | locked - [V12_YZF_VO]
26.01.2020 22:27:01: 18h 55min | Donnie Turbo(76561198041233395) | unlocked - [V12_YZF_VO]
26.01.2020 22:28:08: 18h 56min | Donnie Turbo(76561198041233395) | HealRepairNear
26.01.2020 22:28:13: 18h 56min | Donnie Turbo(76561198041233395) | locked - [V12_YZF_VO]
26.01.2020 22:41:40: 19h 10min | Donnie Turbo(76561198041233395) | Deleting Jonzie_Forklift @036002..
26.01.2020 22:57:25: 19h 26min | Donnie Turbo(76561198041233395) | UnlimAmmo - 1
26.01.2020 22:57:26: 19h 26min | Donnie Turbo(76561198041233395) | noRecoil - 1
26.01.2020 23:02:43: 19h 31min | Donnie Turbo(76561198041233395) | UnlimAmmo - 1
26.01.2020 23:03:05: 19h 31min | Donnie Turbo(76561198041233395) | spawning HMMWV (Civil) (HMMWV_civil)
26.01.2020 23:09:51: 19h 38min | Donnie Turbo(76561198041233395) | spawning Tractor (C_Tractor_01_F)
26.01.2020 23:10:13: 19h 38min | Donnie Turbo(76561198041233395) | locked - [C_Tractor_01_F]
26.01.2020 23:15:16: 19h 43min | Donnie Turbo(76561198041233395) | unlocked - [C_Tractor_01_F]
26.01.2020 23:16:37: 19h 45min | Donnie Turbo(76561198041233395) | Teleport - Target To Me - Davey Jones [CIV](76561198166473448)
26.01.2020 23:22:05: 19h 50min | Donnie Turbo(76561198041233395) | Teleport to [5569.24,4341.83,0](GPS: 055012)
26.01.2020 23:23:26: 19h 52min | Donnie Turbo(76561198041233395) | spawning Tractor (C_Tractor_01_F)
26.01.2020 23:23:33: 19h 52min | Donnie Turbo(76561198041233395) | locked - [C_Tractor_01_F]
26.01.2020 23:24:15: 19h 52min | Donnie Turbo(76561198041233395) | Teleport to [5160.97,2904.86,0](GPS: 051998)
26.01.2020 23:25:23: 19h 54min | Donnie Turbo(76561198041233395) | Teleport to [3544.51,2939,0](GPS: 035998)
26.01.2020 23:26:31: 19h 55min | Donnie Turbo(76561198041233395) | unlocked - [C_Tractor_01_F]
26.01.2020 23:26:35: 19h 55min | Donnie Turbo(76561198041233395) | locked - [C_Tractor_01_F]
26.01.2020 23:27:52: 19h 56min | Donnie Turbo(76561198041233395) | HealRepairNear
26.01.2020 23:27:58: 19h 56min | Donnie Turbo(76561198041233395) | unlocked - [C_Tractor_01_F]
26.01.2020 23:28:04: 19h 56min | Donnie Turbo(76561198041233395) | locked - [C_Tractor_01_F]
26.01.2020 23:30:30: 19h 59min | Donnie Turbo(76561198041233395) | Deleting C_Tractor_01_F @038000..
26.01.2020 23:33:38: 20h 2min | Jbo Marino[201](76561198206026112) | spawning Taser M26C Stun Gun (CSW_M26C)
26.01.2020 23:36:14: 20h 4min | Jbo Marino[201](76561198206026112) | HealRepairNear
26.01.2020 23:36:15: 20h 4min | Jbo Marino[201](76561198206026112) | HealRepairNear
26.01.2020 23:47:52: 20h 16min | Jbo Marino[201](76561198206026112) | spawning Axe (Max_axe)
26.01.2020 23:48:36: 20h 17min | Jbo Marino[201](76561198206026112) | SPECTATE - switchedCamera on Donnie Turbo(76561198041233395) - C_Boat_Civil_01_F
26.01.2020 23:48:46: 20h 17min | Jbo Marino[201](76561198206026112) | SPECTATE - switchedCamera on Davey Jones(76561198166473448) - C_Boat_Civil_01_F
26.01.2020 23:48:49: 20h 17min | Jbo Marino[201](76561198206026112) | SPECTATE - switchedCamera on [1K-33] R. Tjay(76561198883479728) - d3s_charger_15_CPP
26.01.2020 23:48:54: 20h 17min | Jbo Marino[201](76561198206026112) | SPECTATE - switchedCamera on Thomas(76561198174871239) - d3s_raptor_SCR_17
26.01.2020 23:50:17: 20h 18min | Jbo Marino[201](76561198206026112) | spawning Taser M26C Stun Gun (CSW_M26C)
26.01.2020 23:50:18: 20h 18min | Jbo Marino[201](76561198206026112) | spawning Taser M26C Stun Gun (CSW_M26C)
26.01.2020 23:50:18: 20h 18min | Jbo Marino[201](76561198206026112) | spawning Taser M26C Stun Gun (CSW_M26C)
26.01.2020 23:50:19: 20h 18min | Jbo Marino[201](76561198206026112) | spawning Taser M26C Stun Gun (CSW_M26C)
26.01.2020 23:50:50: 20h 19min | Jbo Marino[201](76561198206026112) | Deleting GroundWeaponHolder @035999..
26.01.2020 23:51:26: 20h 20min | Jbo Marino[201](76561198206026112) | SPECTATE - switchedCamera on Davey Jones(76561198166473448) - d3s_boss_15
26.01.2020 23:51:30: 20h 20min | Jbo Marino[201](76561198206026112) | SPECTATE - switchedCamera on Donnie Turbo(76561198041233395) - d3s_boss_15
26.01.2020 23:51:34: 20h 20min | Jbo Marino[201](76561198206026112) | SPECTATE - switchedCamera on [1K-33] R. Tjay(76561198883479728) - d3s_charger_15_CPP
26.01.2020 23:51:36: 20h 20min | Jbo Marino[201](76561198206026112) | SPECTATE - switchedCamera on Davey Jones(76561198166473448) - d3s_boss_15
26.01.2020 23:51:59: 20h 20min | Jbo Marino[201](76561198206026112) | SPECTATE - switchedCamera on Thomas(76561198174871239) - d3s_raptor_SCR_17
26.01.2020 23:52:04: 20h 20min | Jbo Marino[201](76561198206026112) | SPECTATE - switchedCamera on Donnie Turbo(76561198041233395) - d3s_boss_15
26.01.2020 23:52:11: 20h 20min | Jbo Marino[201](76561198206026112) | SPECTATE - switchedCamera on [1K-33] R. Tjay(76561198883479728) - d3s_charger_15_CPP
26.01.2020 23:52:14: 20h 20min | Jbo Marino[201](76561198206026112) | SPECTATE - switchedCamera on Donnie Turbo(76561198041233395) - d3s_boss_15
26.01.2020 23:53:24: 20h 22min | Jbo Marino[201](76561198206026112) | Deleting GroundWeaponHolder @035999..
26.01.2020 23:55:00: 20h 23min | Jbo Marino[201](76561198206026112) | spawning Glass (Cocktail) (plp_bo_inv_GlassCocktail)
26.01.2020 23:55:01: 20h 23min | Jbo Marino[201](76561198206026112) | spawning Glass (Drink) (plp_bo_inv_GlassDrink)
26.01.2020 23:55:34: 20h 24min | Jbo Marino[201](76561198206026112) | spawning Portatil (pop_portatil)
26.01.2020 23:55:38: 20h 24min | Jbo Marino[201](76561198206026112) | spawning PDA (pop_pda)
