18.01.2020 00:10:28: 10h 35min | Disconnected: alexs(76561198002867764 - 27) - time: 38040.4 - serverFPS: 45.977
18.01.2020 00:17:11: 10h 42min | Disconnected: Rogue Tjay(76561198883479728 - 25) - time: 38443.4 - serverFPS: 45.1977
18.01.2020 00:18:46: 10h 43min | Connected: Rogue Tjay(76561198883479728 - 33) - time: 38538.6 - serverFPS: 47.9042
18.01.2020 00:27:53: 10h 53min | Connected: alexs(76561198002867764 - 34) - time: 39085.4 - serverFPS: 46.7836
18.01.2020 01:12:45: 11h 37min | Connected: Dilan(76561198381615280 - 35) - time: 41776.4 - serverFPS: 46.2428
18.01.2020 01:16:03: 11h 41min | Disconnected: Rogue Tjay(76561198883479728 - 33) - time: 41974.3 - serverFPS: 45.8453
18.01.2020 01:16:47: 11h 41min | Connected: [1K-33] R. Tjay(76561198883479728 - 37) - time: 42018.2 - serverFPS: 45.4545
18.01.2020 02:12:47: 12h 37min | Disconnected: Donnie Turbo(76561198041233395 - 19) - time: 45377.3 - serverFPS: 47.0588
18.01.2020 02:16:52: 12h 42min | Disconnected: Jbo Marino[201](76561198206026112 - 30) - time: 45622.2 - serverFPS: 45.584
18.01.2020 02:50:07: 13h 15min | Disconnected: [1K-33] R. Tjay(76561198883479728 - 37) - time: 47617.4 - serverFPS: 47.3373
18.01.2020 02:50:46: 13h 15min | Connected: Rogue Tjay(76561198883479728 - 40) - time: 47656.4 - serverFPS: 45.7143
18.01.2020 03:02:16: 13h 27min | Connected: Nino Marino(76561198206026112 - 41) - time: 48346.5 - serverFPS: 45.8453
18.01.2020 03:31:35: 13h 56min | Disconnected: Rogue Tjay(76561198883479728 - 40) - time: 50103.8 - serverFPS: 45.7143
18.01.2020 03:32:28: 13h 57min | Connected: Stanley Thompson [1K-75](76561198180893505 - 46) - time: 50157.3 - serverFPS: 45.3258
18.01.2020 03:32:51: 13h 58min | Disconnected: Stanley Thompson [1K-75](76561198180893505 - 46) - time: 50179.6 - serverFPS: 45.4545
18.01.2020 03:35:57: 14h 1min | Connected: Stanley Thompson [1K-75](76561198180893505 - 47) - time: 50366.1 - serverFPS: 45.8453
18.01.2020 04:43:43: 15h 8min | Connected: HoyoBani(76561198105940600 - 52) - time: 54431.2 - serverFPS: 45.584
18.01.2020 04:51:27: 15h 16min | Disconnected: Dilan(76561198381615280 - 35) - time: 54895.2 - serverFPS: 46.9208
18.01.2020 04:51:44: 15h 16min | Disconnected: alexs(76561198002867764 - 34) - time: 54911.9 - serverFPS: 45.7143
18.01.2020 04:52:48: 15h 18min | Connected: Boyevik Butch-Mac Volkev(76561198089960350 - 54) - time: 54975.7 - serverFPS: 46.6472
18.01.2020 05:08:30: 15h 33min | Connected: Alexander.Rios(76561198037915534 - 55) - time: 55917.6 - serverFPS: 46.6472
18.01.2020 05:35:04: 15h 60min | Disconnected: HoyoBani(76561198105940600 - 52) - time: 57511.4 - serverFPS: 47.0588
18.01.2020 05:35:48: 16h 1min | Connected: HoyoBani(76561198105940600 - 52) - time: 57555.5 - serverFPS: 46.2428
18.01.2020 05:41:14: 16h 6min | Disconnected: Stanley Thompson [1K-75](76561198180893505 - 47) - time: 57881.1 - serverFPS: 45.977
18.01.2020 05:45:39: 16h 10min | Disconnected: Alexander.Rios(76561198037915534 - 55) - time: 58145.4 - serverFPS: 45.8453
18.01.2020 05:55:20: 16h 20min | Connected: Stanley Thompson [1K-75](76561198180893505 - 56) - time: 58726.4 - serverFPS: 45.977
18.01.2020 06:35:24: 17h 0min | Disconnected: Boyevik Butch-Mac Volkev(76561198089960350 - 54) - time: 61130.2 - serverFPS: 46.1095
18.01.2020 06:35:40: 17h 0min | Disconnected: Stanley Thompson [1K-75](76561198180893505 - 56) - time: 61145.6 - serverFPS: 46.7836
18.01.2020 06:35:50: 17h 1min | Disconnected: HoyoBani(76561198105940600 - 52) - time: 61155.2 - serverFPS: 45.977
18.01.2020 06:44:24: 17h 9min | Disconnected: Nino Marino(76561198206026112 - 41) - time: 61669.8 - serverFPS: 45.584
18.01.2020 19:49:54: infiSTAR_PlayerConnected_id: 1
18.01.2020 19:49:54: infiSTAR_PlayerDisconnected_id: 0
18.01.2020 21:03:48: 1h 15min | Connected: Rogue Tjay(76561198883479728 - 4) - time: 4433.71 - serverFPS: 46.6472
18.01.2020 21:42:37: infiSTAR_PlayerConnected_id: 1
18.01.2020 21:42:38: infiSTAR_PlayerDisconnected_id: 0
18.01.2020 21:44:19: 0h 3min | Connected: Rogue Tjay(76561198883479728 - 4) - time: 103.882 - serverFPS: 46.2428
18.01.2020 21:47:39: 0h 6min | Connected: alexs(76561198002867764 - 5) - time: 303.768 - serverFPS: 46.5116
18.01.2020 22:32:49: 0h 51min | Disconnected: alexs(76561198002867764 - 5) - time: 3012.31 - serverFPS: 46.7836
18.01.2020 23:10:12: 1h 29min | Disconnected: Rogue Tjay(76561198883479728 - 4) - time: 5255.24 - serverFPS: 46.2428
