27.02.2020 00:02:09: <infiSTAR.de> _fnc_RandomGen: {
_fnc_actualGen = {
_abc = ['z','y','x','w','v','u','t','s','r','q','p','o','n','m','l','k','j','i','h','g','f','e','d','c','b','a'];
_gen = _abc select (random ((count _abc)-1));
_arr = ['a','5','c','4','d','f','c','e','5','2','2','0','d','e','7','f','9','5','7','8','e','9','a','5','c','3','2','7','e','2','3'];
_randmax = {((round(random _randminval)) + (round(random _randmaxval))) max _randminval};
for '_i' from 0 to (call _randmax)do
{
_gen = _gen + str(round(random 9)) + (_arr select (random ((count _arr)-1)));
};
};
_gen = '';
while{_gen=='' || _gen in _allRandomGenVars}do{
call _fnc_actualGen;
};
_allRandomGenVars pushBack _gen;
_gen
}
27.02.2020 00:02:09: ----START-LINE----   (12-01-2020 22-45-36 - v0260)
27.02.2020 00:02:09: _adminbox: m8e698f9f65126242336e451d6e65
27.02.2020 00:02:09: _fnc_mpPackets: y638d52634d6a607a5555
27.02.2020 00:02:09: _FNC_AH_KICKLOG: m158e6d37693e0c0e4052526d3245954f052540896345
27.02.2020 00:02:09: _FNC_AH_KICKLOGSPAWN: p25772e6049155d3f7d2e9d722e925802
27.02.2020 00:02:09: _FNC_PVAH_AdminReq: r1f852e7d8258624d5a6a
27.02.2020 00:02:09: _token_by_uid: s920e195232698a0c4e0d989f1d0c
27.02.2020 00:02:09: _uid_by_token: f8a0959286e853c3f75198e
27.02.2020 00:02:09: _server_setTokenR: x0a8f657e60656c2a4257254e
27.02.2020 00:02:09: _YourPlayerToken: c4a8e825c694c270343723f023e8c17447595157a8c79556f3e3722
27.02.2020 00:02:09: _TokenCT: e7d128c79927f30458a025547304f
27.02.2020 00:02:10: _AH_MAIN_BLOCK: h958f928262156a593f0e783c057f39209e335a656217
27.02.2020 00:02:10: _AHKickOFF: k828447375c005d8259724239428f655760
27.02.2020 00:02:10: _AHKickLog: q8e177d2c4e4c2e2d4e67
27.02.2020 00:02:10: _clientdo: t574a17837f0c050c4c5750
27.02.2020 00:02:10: _AH_RunCheckENDVAR: d693d3f95275c27146c27694d0c8e883e141563
27.02.2020 00:02:10: _AH_RunCheckENDVAR_THREAD: e820e420e8c4e92558000
27.02.2020 00:02:10: _AH_HackLogArrayRND: u126e7e6c8757593d6545
27.02.2020 00:02:10: _AH_SurvLogArrayRND: c4d107c57825d5c7577824e
27.02.2020 00:02:10: _AH_AdmiLogArrayRND: g4e7e733e832269728522822228187c4a45
27.02.2020 00:02:10: _TMPBAN: f59951d2a45121e1e2f780c324a8e858f24
27.02.2020 00:02:10: _massMessage: a3e4280204e65757a1c478e6e2e2295537269
27.02.2020 00:02:10: _massSysMessage: y6c823e650e47522a373f2a758e8c778d8d623c425225093e
27.02.2020 00:02:10: _AHpos: t57544d025753826799555717035842724e1a4d55077e4d65
27.02.2020 00:02:10: _ninetwo: q5e3d8f7c4a8c1d45636e8f4e
27.02.2020 00:02:10: _ninetwothread: o4208256c570d755c2e37475c3295038377
27.02.2020 00:02:10: _adminsA: f136244573229370585172509332260723f
27.02.2020 00:02:10: _MC: j67390c824c7c6a941067728524
27.02.2020 00:02:10: _MCS: y657e07894c725c755247852f8f8c
27.02.2020 00:02:10: _checkidicheckcheck: n5a83275e8a228d1d65102e17357e28131f2c0290121f327f5d231769
27.02.2020 00:02:10: _lastshotmade: g5e205983737a53921f1723577e4d
27.02.2020 00:02:10: _dellocveh: f77828f5c79054935023532228e8e25394370521a539c7485
27.02.2020 00:02:10: _inCombatTime: n4523327e85608c950e4a521292
27.02.2020 00:02:10: _inCombatArray: g8825852e1a9e9c5e2e49
27.02.2020 00:02:10: _fnc_infiKeyHandler: y59193d6e8a657e852732120e9d973f2c257245
27.02.2020 00:02:10: _vehicle_needs_check: e496d8f54074f570a0f425c4d624513235e
27.02.2020 00:02:10: _MAKE_VAR_DUMP_RANDOM: q3e15032a4377277c171a989e1e8a82794243
27.02.2020 00:02:10: _MAKE_VAR_DUMP_CLIENT: a25974e127c8a202348357e37776c87673c1752
27.02.2020 00:02:10: _DUMPINGPLAYERUIDARRAY: f6c2f35833a0743722d593e757c8810
27.02.2020 00:02:10: _uid_by_token: f8a0959286e853c3f75198e
27.02.2020 00:02:10: _server_setTokenR: x0a8f657e60656c2a4257254e
27.02.2020 00:02:10: _YourPlayerToken: c4a8e825c694c270343723f023e8c17447595157a8c79556f3e3722
27.02.2020 00:02:10: _TokenCT: e7d128c79927f30458a025547304f
27.02.2020 00:02:10: _AH_MAIN_BLOCK: h958f928262156a593f0e783c057f39209e335a656217
27.02.2020 00:02:10: _AHKickOFF: k828447375c005d8259724239428f655760
27.02.2020 00:02:10: _AHKickLog: q8e177d2c4e4c2e2d4e67
27.02.2020 00:02:10: _clientdo: t574a17837f0c050c4c5750
27.02.2020 00:02:10: _AH_RunCheckENDVAR: d693d3f95275c27146c27694d0c8e883e141563
27.02.2020 00:02:10: _AH_RunCheckENDVAR_THREAD: e820e420e8c4e92558000
27.02.2020 00:02:10: _AH_HackLogArrayRND: u126e7e6c8757593d6545
27.02.2020 00:02:10: _AH_SurvLogArrayRND: c4d107c57825d5c7577824e
27.02.2020 00:02:10: _AH_AdmiLogArrayRND: g4e7e733e832269728522822228187c4a45
27.02.2020 00:02:10: _TMPBAN: f59951d2a45121e1e2f780c324a8e858f24
27.02.2020 00:02:10: _massMessage: a3e4280204e65757a1c478e6e2e2295537269
27.02.2020 00:02:10: _massSysMessage: y6c823e650e47522a373f2a758e8c778d8d623c425225093e
27.02.2020 00:02:10: _AHpos: t57544d025753826799555717035842724e1a4d55077e4d65
27.02.2020 00:02:10: _ninetwo: q5e3d8f7c4a8c1d45636e8f4e
27.02.2020 00:02:10: _ninetwothread: o4208256c570d755c2e37475c3295038377
27.02.2020 00:02:10: _adminsA: f136244573229370585172509332260723f
27.02.2020 00:02:10: _MC: j67390c824c7c6a941067728524
27.02.2020 00:02:10: _MCS: y657e07894c725c755247852f8f8c
27.02.2020 00:02:10: _checkidicheckcheck: n5a83275e8a228d1d65102e17357e28131f2c0290121f327f5d231769
27.02.2020 00:02:10: _lastshotmade: g5e205983737a53921f1723577e4d
27.02.2020 00:02:10: _dellocveh: f77828f5c79054935023532228e8e25394370521a539c7485
27.02.2020 00:02:10: _inCombatTime: n4523327e85608c950e4a521292
27.02.2020 00:02:10: _inCombatArray: g8825852e1a9e9c5e2e49
27.02.2020 00:02:10: _fnc_infiKeyHandler: y59193d6e8a657e852732120e9d973f2c257245
27.02.2020 00:02:10: _vehicle_needs_check: e496d8f54074f570a0f425c4d624513235e
27.02.2020 00:02:10: _MAKE_VAR_DUMP_RANDOM: q3e15032a4377277c171a989e1e8a82794243
27.02.2020 00:02:10: _MAKE_VAR_DUMP_CLIENT: a25974e127c8a202348357e37776c87673c1752
27.02.2020 00:02:10: _DUMPINGPLAYERUIDARRAY: f6c2f35833a0743722d593e757c8810
27.02.2020 00:02:10: _CURRENTLYDUMPING: e15526c6787193c4e1d59301957732935
27.02.2020 00:02:10: _antiantihack_rndvar: w4d087f7e2c0c4e976f3d620c3d2734
27.02.2020 00:02:10: _name_by_uid: j5e2c5523123f922c2225
27.02.2020 00:02:10: _owner_by_uid: v74256537938c341247724e6567372a02
27.02.2020 00:02:10: _customcommandingMenu: g30223759234d70856289571710350e
27.02.2020 00:02:10: _customcommandingMenuOpen: v323d3f203d748a95882e6747533885834e7a395d7f1912
27.02.2020 00:02:10: _AH_KICKLOG: PVAHR_5r3w7w4j7v1e2m
27.02.2020 00:02:10: ----END-LINE----   (12-01-2020 22-45-36 - v0260)
27.02.2020 05:25:29: <infiSTAR.de> _fnc_RandomGen: {
_fnc_actualGen = {
_abc = ['z','y','x','w','v','u','t','s','r','q','p','o','n','m','l','k','j','i','h','g','f','e','d','c','b','a'];
_gen = _abc select (random ((count _abc)-1));
_arr = ['a','5','c','4','d','f','c','e','5','2','2','0','d','e','7','f','9','5','7','8','e','9','a','5','c','3','2','7','e','2','3'];
_randmax = {((round(random _randminval)) + (round(random _randmaxval))) max _randminval};
for '_i' from 0 to (call _randmax)do
{
_gen = _gen + str(round(random 9)) + (_arr select (random ((count _arr)-1)));
};
};
_gen = '';
while{_gen=='' || _gen in _allRandomGenVars}do{
call _fnc_actualGen;
};
_allRandomGenVars pushBack _gen;
_gen
}
27.02.2020 05:25:29: ----START-LINE----   (12-01-2020 22-45-36 - v0260)
27.02.2020 05:25:29: _adminbox: l393395758e1c4e054e0d3243582a8557623563171c
27.02.2020 05:25:29: _fnc_mpPackets: q57598c82957c32607d3302
27.02.2020 05:25:29: _FNC_AH_KICKLOG: u79727314456d171a7e23
27.02.2020 05:25:29: _FNC_AH_KICKLOGSPAWN: w7d5d55337e227719023d2a09
27.02.2020 05:25:29: _FNC_PVAH_AdminReq: y542e37728e1f8557228795051887
27.02.2020 05:25:29: _token_by_uid: s55632a1e650f4d4785821505652a134c2e67
27.02.2020 05:25:29: _uid_by_token: f0e2245596d542f5a5e57873f6e2e256a5568651c1d24858e1525773719
27.02.2020 05:25:29: _server_setTokenR: j9585320f309539721c491e0e57094e
27.02.2020 05:25:29: _YourPlayerToken: z2a722e32351f82157787
27.02.2020 05:25:29: _TokenCT: v22555c45271d28525e8a4a978a
27.02.2020 05:25:29: _AH_MAIN_BLOCK: m98625c7a3935138e1f34820d5e380e746e
27.02.2020 05:25:29: _AHKickOFF: u772a9c552272305f2d8d8e7c3a6507627e7e5a3f2e0e954e2564
27.02.2020 05:25:29: _AHKickLog: d074e88400f354c653720
27.02.2020 05:25:29: _clientdo: i79279242025e395c2599723d0c65674f15857e82359334175582
27.02.2020 05:25:29: _AH_RunCheckENDVAR: b4c25655a227e502e88652e0e
27.02.2020 05:25:29: _AH_RunCheckENDVAR_THREAD: p5d05126d277f2482477c3a376e6d622c3a1c359562671e45
27.02.2020 05:25:29: _AH_HackLogArrayRND: k4c875c174e0a437a8a578814
27.02.2020 05:25:29: _AH_SurvLogArrayRND: e7a07657982126c3f277e05058a17481e3f1e2e
27.02.2020 05:25:29: _AH_AdmiLogArrayRND: j6a071795271e30778c655d183f759d274e434e7252627455454a
27.02.2020 05:25:29: _TMPBAN: y249a450d6e07355987651e
27.02.2020 05:25:29: _massMessage: g157563371c8459304c0e57873f3c1c771c4c922c22
27.02.2020 05:25:29: _massSysMessage: q7f353c482d99394215773c5978423a037e
27.02.2020 05:25:29: _AHpos: b4065226e558e2e8d456d38127d0880
27.02.2020 05:25:29: _ninetwo: a4e1a3e6f251e270e0273271c5e3e778c9a1c
27.02.2020 05:25:29: _ninetwothread: d3e9d8c3e022c3f3c2295
27.02.2020 05:25:29: _adminsA: m797007703f2c9d605e39
27.02.2020 05:25:29: _MC: n3a0a3585526d6c0c606c4809451560351539
27.02.2020 05:25:29: _MCS: d1f126d3a6d6a4242454225
27.02.2020 05:25:29: _checkidicheckcheck: v5d7212703f0e143445529762
27.02.2020 05:25:29: _lastshotmade: g22758f6c3e252265726f7c3c42
27.02.2020 05:25:29: <infiSTAR.de> _fnc_RandomGen: {
_fnc_actualGen = {
_abc = ['z','y','x','w','v','u','t','s','r','q','p','o','n','m','l','k','j','i','h','g','f','e','d','c','b','a'];
_gen = _abc select (random ((count _abc)-1));
_arr = ['a','5','c','4','d','f','c','e','5','2','2','0','d','e','7','f','9','5','7','8','e','9','a','5','c','3','2','7','e','2','3'];
_randmax = {((round(random _randminval)) + (round(random _randmaxval))) max _randminval};
for '_i' from 0 to (call _randmax)do
{
_gen = _gen + str(round(random 9)) + (_arr select (random ((count _arr)-1)));
};
};
_gen = '';
while{_gen=='' || _gen in _allRandomGenVars}do{
call _fnc_actualGen;
};
_allRandomGenVars pushBack _gen;
_gen
}
27.02.2020 05:25:29: ----START-LINE----   (12-01-2020 22-45-36 - v0260)
27.02.2020 05:25:29: _adminbox: l393395758e1c4e054e0d3243582a8557623563171c
27.02.2020 05:25:29: _fnc_mpPackets: q57598c82957c32607d3302
27.02.2020 05:25:29: _FNC_AH_KICKLOG: u79727314456d171a7e23
27.02.2020 05:25:29: _FNC_AH_KICKLOGSPAWN: w7d5d55337e227719023d2a09
27.02.2020 05:25:29: _FNC_PVAH_AdminReq: y542e37728e1f8557228795051887
27.02.2020 05:25:29: _token_by_uid: s55632a1e650f4d4785821505652a134c2e67
27.02.2020 05:25:29: _uid_by_token: f0e2245596d542f5a5e57873f6e2e256a5568651c1d24858e1525773719
27.02.2020 05:25:29: _server_setTokenR: j9585320f309539721c491e0e57094e
27.02.2020 05:25:29: _YourPlayerToken: z2a722e32351f82157787
27.02.2020 05:25:29: _TokenCT: v22555c45271d28525e8a4a978a
27.02.2020 05:25:29: _AH_MAIN_BLOCK: m98625c7a3935138e1f34820d5e380e746e
27.02.2020 05:25:29: _AHKickOFF: u772a9c552272305f2d8d8e7c3a6507627e7e5a3f2e0e954e2564
27.02.2020 05:25:29: _AHKickLog: d074e88400f354c653720
27.02.2020 05:25:29: _clientdo: i79279242025e395c2599723d0c65674f15857e82359334175582
27.02.2020 05:25:29: _AH_RunCheckENDVAR: b4c25655a227e502e88652e0e
27.02.2020 05:25:29: _AH_RunCheckENDVAR_THREAD: p5d05126d277f2482477c3a376e6d622c3a1c359562671e45
27.02.2020 05:25:29: _AH_HackLogArrayRND: k4c875c174e0a437a8a578814
27.02.2020 05:25:29: _AH_SurvLogArrayRND: e7a07657982126c3f277e05058a17481e3f1e2e
27.02.2020 05:25:29: _AH_AdmiLogArrayRND: j6a071795271e30778c655d183f759d274e434e7252627455454a
27.02.2020 05:25:29: _TMPBAN: y249a450d6e07355987651e
27.02.2020 05:25:29: _massMessage: g157563371c8459304c0e57873f3c1c771c4c922c22
27.02.2020 05:25:29: _massSysMessage: q7f353c482d99394215773c5978423a037e
27.02.2020 05:25:29: _AHpos: b4065226e558e2e8d456d38127d0880
27.02.2020 05:25:29: _ninetwo: a4e1a3e6f251e270e0273271c5e3e778c9a1c
27.02.2020 05:25:29: _ninetwothread: d3e9d8c3e022c3f3c2295
27.02.2020 05:25:29: _adminsA: m797007703f2c9d605e39
27.02.2020 05:25:29: _MC: n3a0a3585526d6c0c606c4809451560351539
27.02.2020 05:25:29: _MCS: d1f126d3a6d6a4242454225
27.02.2020 05:25:29: _checkidicheckcheck: v5d7212703f0e143445529762
27.02.2020 05:25:29: _lastshotmade: g22758f6c3e252265726f7c3c42
27.02.2020 05:25:29: _dellocveh: g1c772e30349207126e62
27.02.2020 05:25:29: _inCombatTime: t3225498d4f1f87457e750e122332094c4a
27.02.2020 05:25:29: _inCombatArray: l6767431257226c0c274f
27.02.2020 05:25:29: _fnc_infiKeyHandler: j897e6f391e152e381a278575199d773c153c5d
27.02.2020 05:25:29: _vehicle_needs_check: t7c8a2e1e726508824e6e7e459f
27.02.2020 05:25:29: _MAKE_VAR_DUMP_RANDOM: h8e155f8247075e7d939e40426f2e69435f67223d1e6e8292833e
27.02.2020 05:25:29: _MAKE_VAR_DUMP_CLIENT: g35279e304c42876e622e90
27.02.2020 05:25:29: _DUMPINGPLAYERUIDARRAY: r251c122c428222872a05021f225207535235588c29391e
27.02.2020 05:25:29: _CURRENTLYDUMPING: r1c7e2e457f53229549554e456c927d
27.02.2020 05:25:29: _antiantihack_rndvar: c3e2033374452826525538233242c69591f
27.02.2020 05:25:29: _name_by_uid: b827a405f7f5f4239722c4834846f52678a6c2f77676f650253256012
27.02.2020 05:25:29: _owner_by_uid: m7c7582422d8d6907601c4f5f7e52103e5d153712238362
27.02.2020 05:25:29: _customcommandingMenu: q257a631f5f146a2a25150c9a392c977c40435f2c156a4e8a
27.02.2020 05:25:30: _customcommandingMenuOpen: f225f4d45006412679c823e179c194e7a6c2a825c628e1d894d
27.02.2020 05:25:30: _AH_KICKLOG: PVAHR_8w2q7c6e7q
27.02.2020 05:25:30: ----END-LINE----   (12-01-2020 22-45-36 - v0260)
27.02.2020 06:22:04: <infiSTAR.de> _fnc_RandomGen: {
_fnc_actualGen = {
_abc = ['z','y','x','w','v','u','t','s','r','q','p','o','n','m','l','k','j','i','h','g','f','e','d','c','b','a'];
_gen = _abc select (random ((count _abc)-1));
_arr = ['a','5','c','4','d','f','c','e','5','2','2','0','d','e','7','f','9','5','7','8','e','9','a','5','c','3','2','7','e','2','3'];
_randmax = {((round(random _randminval)) + (round(random _randmaxval))) max _randminval};
for '_i' from 0 to (call _randmax)do
{
_gen = _gen + str(round(random 9)) + (_arr select (random ((count _arr)-1)));
};
};
_gen = '';
while{_gen=='' || _gen in _allRandomGenVars}do{
call _fnc_actualGen;
};
_allRandomGenVars pushBack _gen;
_gen
}
27.02.2020 06:22:04: ----START-LINE----   (12-01-2020 22-45-36 - v0260)
27.02.2020 06:22:04: _adminbox: v974e7c657547025c45394e22
27.02.2020 06:22:04: _fnc_mpPackets: a6a4c58002d852298746f5d3d5a9f9c84
27.02.2020 06:22:04: _FNC_AH_KICKLOG: u650a226545052c978295
27.02.2020 06:22:04: _FNC_AH_KICKLOGSPAWN: r52826807351a8a9e235e09
27.02.2020 06:22:04: _FNC_PVAH_AdminReq: v6d293512795f5c7f174a552c
27.02.2020 06:22:04: _token_by_uid: p9782944f625e28252224
27.02.2020 06:22:04: _uid_by_token: s37758014452a6d586e57
27.02.2020 06:22:04: _server_setTokenR: b2515874719725e7783058c5d
27.02.2020 06:22:04: _YourPlayerToken: c3a152c5a854e4465124e
27.02.2020 06:22:04: _TokenCT: k751f17350c227f62337f8e68551c622e5f3233524e8d4a33654d
27.02.2020 06:22:04: _AH_MAIN_BLOCK: k472c99725e5f870f4f33870f6e858c2e7232231213520f559d82
27.02.2020 06:22:04: _AHKickOFF: z10254e0f125e85781e60726d7e825e8f8339
27.02.2020 06:22:04: _AHKickLog: q8e336342524e125c22294e8523253e9e4c426e
27.02.2020 06:22:04: _clientdo: i5582171d2d5f952f13225e
27.02.2020 06:22:04: _AH_RunCheckENDVAR: z42359572257d4e151e73
27.02.2020 06:22:04: _AH_RunCheckENDVAR_THREAD: n797d8c1e487a0552651202301e92071e1d9d7d35395d
27.02.2020 06:22:04: _AH_HackLogArrayRND: k5c62698d124e22696782306e771d83
27.02.2020 06:22:04: _AH_SurvLogArrayRND: j9c5d679a3765241c2274973e
27.02.2020 06:22:04: _AH_AdmiLogArrayRND: m4f870e491c57525c43022e3e9d55254e293a15
27.02.2020 06:22:04: _TMPBAN: m4c126c3e772a425c682d2245237c
27.02.2020 06:22:04: _massMessage: r257e472e75324e4f771f890c
27.02.2020 06:22:04: _massSysMessage: n371d756755083c8e1725577e232712
27.02.2020 06:22:05: _AHpos: y1a9f5c3a97997f2c022c6a6e67525a
27.02.2020 06:22:05: _ninetwo: l65848e2c0e6c8d74725775621c4d9d78159c47
27.02.2020 06:22:05: _ninetwothread: t4770428a1f8a627a2215305e7e6d
27.02.2020 06:22:05: _adminsA: e6557228c3e796e77675a4c957f
27.02.2020 06:22:05: _MC: f822722445e72395f257575233c62223a2e
27.02.2020 06:22:05: _MCS: e85843c1215827f523a221962352e8f9712
27.02.2020 06:22:05: _checkidicheckcheck: m58299910153c551e3742783f
27.02.2020 06:22:05: _lastshotmade: e15358c4c894d1942958f5a007975457a378e871a
27.02.2020 06:22:05: <infiSTAR.de> _fnc_RandomGen: {
_fnc_actualGen = {
_abc = ['z','y','x','w','v','u','t','s','r','q','p','o','n','m','l','k','j','i','h','g','f','e','d','c','b','a'];
_gen = _abc select (random ((count _abc)-1));
_arr = ['a','5','c','4','d','f','c','e','5','2','2','0','d','e','7','f','9','5','7','8','e','9','a','5','c','3','2','7','e','2','3'];
_randmax = {((round(random _randminval)) + (round(random _randmaxval))) max _randminval};
for '_i' from 0 to (call _randmax)do
{
_gen = _gen + str(round(random 9)) + (_arr select (random ((count _arr)-1)));
};
};
_gen = '';
while{_gen=='' || _gen in _allRandomGenVars}do{
call _fnc_actualGen;
};
_allRandomGenVars pushBack _gen;
_gen
}
27.02.2020 06:22:05: ----START-LINE----   (12-01-2020 22-45-36 - v0260)
27.02.2020 06:22:05: _adminbox: v974e7c657547025c45394e22
27.02.2020 06:22:05: _fnc_mpPackets: a6a4c58002d852298746f5d3d5a9f9c84
27.02.2020 06:22:05: _FNC_AH_KICKLOG: u650a226545052c978295
27.02.2020 06:22:05: _FNC_AH_KICKLOGSPAWN: r52826807351a8a9e235e09
27.02.2020 06:22:05: _FNC_PVAH_AdminReq: v6d293512795f5c7f174a552c
27.02.2020 06:22:05: _token_by_uid: p9782944f625e28252224
27.02.2020 06:22:05: _uid_by_token: s37758014452a6d586e57
27.02.2020 06:22:05: _server_setTokenR: b2515874719725e7783058c5d
27.02.2020 06:22:05: _YourPlayerToken: c3a152c5a854e4465124e
27.02.2020 06:22:05: _TokenCT: k751f17350c227f62337f8e68551c622e5f3233524e8d4a33654d
27.02.2020 06:22:05: _AH_MAIN_BLOCK: k472c99725e5f870f4f33870f6e858c2e7232231213520f559d82
27.02.2020 06:22:05: _AHKickOFF: z10254e0f125e85781e60726d7e825e8f8339
27.02.2020 06:22:05: _AHKickLog: q8e336342524e125c22294e8523253e9e4c426e
27.02.2020 06:22:05: _clientdo: i5582171d2d5f952f13225e
27.02.2020 06:22:05: _AH_RunCheckENDVAR: z42359572257d4e151e73
27.02.2020 06:22:05: _AH_RunCheckENDVAR_THREAD: n797d8c1e487a0552651202301e92071e1d9d7d35395d
27.02.2020 06:22:05: _AH_HackLogArrayRND: k5c62698d124e22696782306e771d83
27.02.2020 06:22:05: _AH_SurvLogArrayRND: j9c5d679a3765241c2274973e
27.02.2020 06:22:05: _AH_AdmiLogArrayRND: m4f870e491c57525c43022e3e9d55254e293a15
27.02.2020 06:22:05: _TMPBAN: m4c126c3e772a425c682d2245237c
27.02.2020 06:22:05: _massMessage: r257e472e75324e4f771f890c
27.02.2020 06:22:05: _massSysMessage: n371d756755083c8e1725577e232712
27.02.2020 06:22:05: _AHpos: y1a9f5c3a97997f2c022c6a6e67525a
27.02.2020 06:22:05: _ninetwo: l65848e2c0e6c8d74725775621c4d9d78159c47
27.02.2020 06:22:05: _ninetwothread: t4770428a1f8a627a2215305e7e6d
27.02.2020 06:22:05: _adminsA: e6557228c3e796e77675a4c957f
27.02.2020 06:22:05: _MC: f822722445e72395f257575233c62223a2e
27.02.2020 06:22:05: _MCS: e85843c1215827f523a221962352e8f9712
27.02.2020 06:22:05: _checkidicheckcheck: m58299910153c551e3742783f
27.02.2020 06:22:05: _lastshotmade: e15358c4c894d1942958f5a007975457a378e871a
27.02.2020 06:22:05: _dellocveh: h32437d953e377235652e2e8588276c659967
27.02.2020 06:22:05: _inCombatTime: y17327c748e6d42498575
27.02.2020 06:22:05: _inCombatArray: n02591f3f35351e127e3f
27.02.2020 06:22:05: _fnc_infiKeyHandler: h7c52935f287e24870e5c
27.02.2020 06:22:05: _vehicle_needs_check: f7e4f5a9e2595077c5302
27.02.2020 06:22:05: _MAKE_VAR_DUMP_RANDOM: c778f579e143233105f558c157e830d5d7d5e0204
27.02.2020 06:22:05: _MAKE_VAR_DUMP_CLIENT: i6d3e7952926a9583391745872942394275
27.02.2020 06:22:05: _DUMPINGPLAYERUIDARRAY: x5e57186565124a385e79894c932c58359870753e25627d5e
27.02.2020 06:22:05: _CURRENTLYDUMPING: c456722554e6505391d49
27.02.2020 06:22:05: _antiantihack_rndvar: d7d5d455d420e882e1d67
27.02.2020 06:22:05: _name_by_uid: n37358762140d6927727d075c4702487d
27.02.2020 06:22:05: _owner_by_uid: z2f426e092a52878785956a3259343a
27.02.2020 06:22:05: _customcommandingMenu: d7e6e4d6e9213304a2c4e5e8c152c4d37
27.02.2020 06:22:05: _customcommandingMenuOpen: w4d62834c787c4e573e6a398939292f74333e89557392589d
27.02.2020 06:22:05: _AH_KICKLOG: PVAHR_2c9r8m5u8i4h
27.02.2020 06:22:05: ----END-LINE----   (12-01-2020 22-45-36 - v0260)
27.02.2020 12:01:59: <infiSTAR.de> _fnc_RandomGen: {
_fnc_actualGen = {
_abc = ['z','y','x','w','v','u','t','s','r','q','p','o','n','m','l','k','j','i','h','g','f','e','d','c','b','a'];
_gen = _abc select (random ((count _abc)-1));
_arr = ['a','5','c','4','d','f','c','e','5','2','2','0','d','e','7','f','9','5','7','8','e','9','a','5','c','3','2','7','e','2','3'];
_randmax = {((round(random _randminval)) + (round(random _randmaxval))) max _randminval};
for '_i' from 0 to (call _randmax)do
{
_gen = _gen + str(round(random 9)) + (_arr select (random ((count _arr)-1)));
};
};
_gen = '';
while{_gen=='' || _gen in _allRandomGenVars}do{
call _fnc_actualGen;
};
_allRandomGenVars pushBack _gen;
_gen
}
27.02.2020 12:01:59: ----START-LINE----   (12-01-2020 22-45-36 - v0260)
27.02.2020 12:01:59: _adminbox: q850d520a2d0087754e1a457c5e7c62
27.02.2020 12:02:00: _fnc_mpPackets: x535a93254f5f7752677722808c048e
27.02.2020 12:02:00: _FNC_AH_KICKLOG: p4e4f678a8f9e496e2539396f734e45648e0a797e
27.02.2020 12:02:00: _FNC_AH_KICKLOGSPAWN: l195c321f7e4f621967045267530c6215551a2a4e551d42
27.02.2020 12:02:00: _FNC_PVAH_AdminReq: g8e854e4e455f478e4c4f99605a3522184a
27.02.2020 12:02:00: _token_by_uid: q42234d38021888124e1d4515678c9e5d2c
27.02.2020 12:02:00: _uid_by_token: h1077254a106a154f202c8e209702391c2d2958292e7d672f0e443c15
27.02.2020 12:02:00: _server_setTokenR: j20033e293e021e5c070e507d8c
27.02.2020 12:02:00: _YourPlayerToken: z7797032f25123f8c8c1f736c251e5e2c6e482d
27.02.2020 12:02:00: _TokenCT: p52156c97943d7e327a229e157e02246343635d92454e152344
27.02.2020 12:02:00: _AH_MAIN_BLOCK: i1e357202182075222f34247f7e5059673f5e028e
27.02.2020 12:02:00: _AHKickOFF: y35883a7a6c394c0d2a5e
27.02.2020 12:02:00: _AHKickLog: m3d3c772e2e8a7d128d95895a3c
27.02.2020 12:02:00: _clientdo: s9e895c23726827775f45557e97253735
27.02.2020 12:02:00: _AH_RunCheckENDVAR: a5c6e6d372e5c4a7a9e3c875972654e722c927e252c676c
27.02.2020 12:02:00: _AH_RunCheckENDVAR_THREAD: g7e1c692e5e333d67722a69225e2c3a99858d12
27.02.2020 12:02:00: _AH_HackLogArrayRND: j77179235243f7e5a2217
27.02.2020 12:02:00: _AH_SurvLogArrayRND: y829a707e259933579e523787456e4d323a626c4415424e653f89877e82
27.02.2020 12:02:00: _AH_AdmiLogArrayRND: x4c0d177f3d5f5f8f2c09
27.02.2020 12:02:00: _TMPBAN: o754542374e9e1f4277354e150c079819196755
27.02.2020 12:02:00: _massMessage: d573f95158e584e0a67894435570f2c43787e7c19
27.02.2020 12:02:00: _massSysMessage: j223c129912127c95825770855f5e73
27.02.2020 12:02:00: _AHpos: g6e6e3e8e3e875d8e33555747
27.02.2020 12:02:00: _ninetwo: x5722159f555779683272356e390042022272855d
27.02.2020 12:02:00: _ninetwothread: n05856e7a6e7e624c778555153f5067
27.02.2020 12:02:00: _adminsA: l301985675c6c6c622285
27.02.2020 12:02:00: _MC: s2757052d728e493c1d3c85
27.02.2020 12:02:00: _MCS: s183c934087472f59791c6c6a
27.02.2020 12:02:00: _checkidicheckcheck: s0253456e52677e2e5272
27.02.2020 12:02:00: _lastshotmade: u6832477d4a2e602c621c0442
27.02.2020 12:02:00: _dellocveh: o581a9c151d45053e1e2e
27.02.2020 12:02:00: _inCombatTime: h27470c99095e0e7f658e034e0a2c8c2d8c982c395c
27.02.2020 12:02:00: _inCombatArray: i9a292f45825e238c371d8c
27.02.2020 12:02:00: _fnc_mpPackets: x535a93254f5f7752677722808c048e
27.02.2020 12:02:00: _FNC_AH_KICKLOG: p4e4f678a8f9e496e2539396f734e45648e0a797e
27.02.2020 12:02:00: _FNC_AH_KICKLOGSPAWN: l195c321f7e4f621967045267530c6215551a2a4e551d42
27.02.2020 12:02:00: _FNC_PVAH_AdminReq: g8e854e4e455f478e4c4f99605a3522184a
27.02.2020 12:02:00: _token_by_uid: q42234d38021888124e1d4515678c9e5d2c
27.02.2020 12:02:00: _uid_by_token: h1077254a106a154f202c8e209702391c2d2958292e7d672f0e443c15
27.02.2020 12:02:00: _server_setTokenR: j20033e293e021e5c070e507d8c
27.02.2020 12:02:00: _YourPlayerToken: z7797032f25123f8c8c1f736c251e5e2c6e482d
27.02.2020 12:02:00: _TokenCT: p52156c97943d7e327a229e157e02246343635d92454e152344
27.02.2020 12:02:00: _AH_MAIN_BLOCK: i1e357202182075222f34247f7e5059673f5e028e
27.02.2020 12:02:00: _AHKickOFF: y35883a7a6c394c0d2a5e
27.02.2020 12:02:00: _AHKickLog: m3d3c772e2e8a7d128d95895a3c
27.02.2020 12:02:00: _clientdo: s9e895c23726827775f45557e97253735
27.02.2020 12:02:00: _AH_RunCheckENDVAR: a5c6e6d372e5c4a7a9e3c875972654e722c927e252c676c
27.02.2020 12:02:00: _AH_RunCheckENDVAR_THREAD: g7e1c692e5e333d67722a69225e2c3a99858d12
27.02.2020 12:02:00: _AH_HackLogArrayRND: j77179235243f7e5a2217
27.02.2020 12:02:00: _AH_SurvLogArrayRND: y829a707e259933579e523787456e4d323a626c4415424e653f89877e82
27.02.2020 12:02:00: _AH_AdmiLogArrayRND: x4c0d177f3d5f5f8f2c09
27.02.2020 12:02:00: _TMPBAN: o754542374e9e1f4277354e150c079819196755
27.02.2020 12:02:00: _massMessage: d573f95158e584e0a67894435570f2c43787e7c19
27.02.2020 12:02:00: _massSysMessage: j223c129912127c95825770855f5e73
27.02.2020 12:02:00: _AHpos: g6e6e3e8e3e875d8e33555747
27.02.2020 12:02:00: _ninetwo: x5722159f555779683272356e390042022272855d
27.02.2020 12:02:00: _ninetwothread: n05856e7a6e7e624c778555153f5067
27.02.2020 12:02:00: _adminsA: l301985675c6c6c622285
27.02.2020 12:02:00: _MC: s2757052d728e493c1d3c85
27.02.2020 12:02:00: _MCS: s183c934087472f59791c6c6a
27.02.2020 12:02:00: _checkidicheckcheck: s0253456e52677e2e5272
27.02.2020 12:02:00: _lastshotmade: u6832477d4a2e602c621c0442
27.02.2020 12:02:00: _dellocveh: o581a9c151d45053e1e2e
27.02.2020 12:02:00: _inCombatTime: h27470c99095e0e7f658e034e0a2c8c2d8c982c395c
27.02.2020 12:02:00: _inCombatArray: i9a292f45825e238c371d8c
27.02.2020 12:02:00: _fnc_infiKeyHandler: y3c02833e3d82250d5f67
27.02.2020 12:02:00: _vehicle_needs_check: l1d72925d808a7e1f9e20021722080d6c123567
27.02.2020 12:02:00: _MAKE_VAR_DUMP_RANDOM: d3228472f3e5369558537
27.02.2020 12:02:00: _MAKE_VAR_DUMP_CLIENT: f697c1c1f37954e757e9e
27.02.2020 12:02:00: _DUMPINGPLAYERUIDARRAY: q072f9c1c328c1d673f6c279a3d44171a677565
27.02.2020 12:02:00: _CURRENTLYDUMPING: k750d5268636a734f65426d39
27.02.2020 12:02:00: _antiantihack_rndvar: k1d59272e8e9d27395c7c8d5218621235
27.02.2020 12:02:00: _name_by_uid: e637a8f7c528c556f4944
27.02.2020 12:02:01: _owner_by_uid: r8f8c5f87735c1e2d522d0e73677f3e
27.02.2020 12:02:01: _customcommandingMenu: g5c27676023622e8f386c55
27.02.2020 12:02:01: _customcommandingMenuOpen: x7d7c3a4f421c8a157a728e
27.02.2020 12:02:01: _AH_KICKLOG: PVAHR_8f3w7i7c7d4s2w
27.02.2020 12:02:01: ----END-LINE----   (12-01-2020 22-45-36 - v0260)
