19.02.2020 07:37:36: <infiSTAR.de> _fnc_RandomGen: {
_fnc_actualGen = {
_abc = ['z','y','x','w','v','u','t','s','r','q','p','o','n','m','l','k','j','i','h','g','f','e','d','c','b','a'];
_gen = _abc select (random ((count _abc)-1));
_arr = ['a','5','c','4','d','f','c','e','5','2','2','0','d','e','7','f','9','5','7','8','e','9','a','5','c','3','2','7','e','2','3'];
_randmax = {((round(random _randminval)) + (round(random _randmaxval))) max _randminval};
for '_i' from 0 to (call _randmax)do
{
_gen = _gen + str(round(random 9)) + (_arr select (random ((count _arr)-1)));
};
};
_gen = '';
while{_gen=='' || _gen in _allRandomGenVars}do{
call _fnc_actualGen;
};
_allRandomGenVars pushBack _gen;
_gen
}
19.02.2020 07:37:36: ----START-LINE----   (12-01-2020 22-45-36 - v0260)
19.02.2020 07:37:36: _adminbox: h3c1a254d3e45128e256a2268257d774c14
19.02.2020 07:37:36: _fnc_mpPackets: p5f797e1f03836e58124e18852379656d725337
19.02.2020 07:37:36: _FNC_AH_KICKLOG: w832e8d3f38533e0f358c
19.02.2020 07:37:36: _FNC_AH_KICKLOGSPAWN: t39992d348e4e258f1d10
19.02.2020 07:37:36: _FNC_PVAH_AdminReq: y436e436f1e237c9f4e526867
19.02.2020 07:37:36: _token_by_uid: r82726a5d6c221582076f3e67725e4a6767175a659f45886f9c
19.02.2020 07:37:36: _uid_by_token: f28353577857879280c97373a292d
19.02.2020 07:37:36: _server_setTokenR: b69130c29577d3015474e4e65172e3587
19.02.2020 07:37:36: _YourPlayerToken: e498c324f795e9227291a283c67183c25938c736e4e2f4c3e3e3d4c
19.02.2020 07:37:36: _TokenCT: n5e122c2f4f0d5e5f4d29
19.02.2020 07:37:36: _AH_MAIN_BLOCK: t8e854d6795356e95422e5d751d336a526d4e2f22350f28
19.02.2020 07:37:36: _AHKickOFF: s897552395c2342198573228c752f691a1c527a5395
19.02.2020 07:37:36: _AHKickLog: d577e8c871a2a4c756e2e4e4a1c626d2055
19.02.2020 07:37:36: _clientdo: z55445c674e023c227224
19.02.2020 07:37:36: _AH_RunCheckENDVAR: a378e2a25723539133e195962778e4c88776d897e133809776e75
19.02.2020 07:37:36: _AH_RunCheckENDVAR_THREAD: v371545806599678d497e8c8e7e3d1f32
19.02.2020 07:37:36: _AH_HackLogArrayRND: m3763655d3f1d9c2d2572897e8d4f4562294f6d6c6547824e8a
19.02.2020 07:37:36: _AH_SurvLogArrayRND: q0d4e1e6e637e9d194560
19.02.2020 07:37:36: _AH_AdmiLogArrayRND: m8f42322c69101e1317751f2537923f230c8e225e54199d
19.02.2020 07:37:36: _TMPBAN: k120279401e0263774577223e1d8d6e9f22135c3c
19.02.2020 07:37:36: _massMessage: z8d354517557c727c354e7a4e725a422819835937378c19
19.02.2020 07:37:36: _massSysMessage: a423e326c634e0d47428d
19.02.2020 07:37:36: _AHpos: t232f45734a8e774e956d15371482771a
19.02.2020 07:37:36: _ninetwo: d592f657c1e9a7a99359357695e6882870f2032534f427c9c825e0e
19.02.2020 07:37:36: _ninetwothread: e65498a3e55623a521a3c3e
19.02.2020 07:37:36: _adminsA: g4c35525d7554023c9d55204e7575737e6522
19.02.2020 07:37:36: _MC: o174e63273d02273a5a72
19.02.2020 07:37:36: _MCS: o5d3a5237706579321a14
19.02.2020 07:37:36: _checkidicheckcheck: e1c371e3f3a684582838f25552a152e
19.02.2020 07:37:36: _lastshotmade: r345e255e8734508c355c0f521e2542834d477264327c
19.02.2020 07:37:36: <infiSTAR.de> _fnc_RandomGen: {
_fnc_actualGen = {
_abc = ['z','y','x','w','v','u','t','s','r','q','p','o','n','m','l','k','j','i','h','g','f','e','d','c','b','a'];
_gen = _abc select (random ((count _abc)-1));
_arr = ['a','5','c','4','d','f','c','e','5','2','2','0','d','e','7','f','9','5','7','8','e','9','a','5','c','3','2','7','e','2','3'];
_randmax = {((round(random _randminval)) + (round(random _randmaxval))) max _randminval};
for '_i' from 0 to (call _randmax)do
{
_gen = _gen + str(round(random 9)) + (_arr select (random ((count _arr)-1)));
};
};
_gen = '';
while{_gen=='' || _gen in _allRandomGenVars}do{
call _fnc_actualGen;
};
_allRandomGenVars pushBack _gen;
_gen
}
19.02.2020 07:37:36: ----START-LINE----   (12-01-2020 22-45-36 - v0260)
19.02.2020 07:37:36: _adminbox: h3c1a254d3e45128e256a2268257d774c14
19.02.2020 07:37:36: _fnc_mpPackets: p5f797e1f03836e58124e18852379656d725337
19.02.2020 07:37:36: _FNC_AH_KICKLOG: w832e8d3f38533e0f358c
19.02.2020 07:37:36: _FNC_AH_KICKLOGSPAWN: t39992d348e4e258f1d10
19.02.2020 07:37:36: _FNC_PVAH_AdminReq: y436e436f1e237c9f4e526867
19.02.2020 07:37:36: _token_by_uid: r82726a5d6c221582076f3e67725e4a6767175a659f45886f9c
19.02.2020 07:37:36: _uid_by_token: f28353577857879280c97373a292d
19.02.2020 07:37:36: _server_setTokenR: b69130c29577d3015474e4e65172e3587
19.02.2020 07:37:36: _YourPlayerToken: e498c324f795e9227291a283c67183c25938c736e4e2f4c3e3e3d4c
19.02.2020 07:37:36: _TokenCT: n5e122c2f4f0d5e5f4d29
19.02.2020 07:37:36: _AH_MAIN_BLOCK: t8e854d6795356e95422e5d751d336a526d4e2f22350f28
19.02.2020 07:37:36: _AHKickOFF: s897552395c2342198573228c752f691a1c527a5395
19.02.2020 07:37:36: _AHKickLog: d577e8c871a2a4c756e2e4e4a1c626d2055
19.02.2020 07:37:36: _clientdo: z55445c674e023c227224
19.02.2020 07:37:36: _AH_RunCheckENDVAR: a378e2a25723539133e195962778e4c88776d897e133809776e75
19.02.2020 07:37:36: _AH_RunCheckENDVAR_THREAD: v371545806599678d497e8c8e7e3d1f32
19.02.2020 07:37:36: _AH_HackLogArrayRND: m3763655d3f1d9c2d2572897e8d4f4562294f6d6c6547824e8a
19.02.2020 07:37:36: _AH_SurvLogArrayRND: q0d4e1e6e637e9d194560
19.02.2020 07:37:36: _AH_AdmiLogArrayRND: m8f42322c69101e1317751f2537923f230c8e225e54199d
19.02.2020 07:37:36: _TMPBAN: k120279401e0263774577223e1d8d6e9f22135c3c
19.02.2020 07:37:36: _massMessage: z8d354517557c727c354e7a4e725a422819835937378c19
19.02.2020 07:37:36: _massSysMessage: a423e326c634e0d47428d
19.02.2020 07:37:36: _AHpos: t232f45734a8e774e956d15371482771a
19.02.2020 07:37:36: _ninetwo: d592f657c1e9a7a99359357695e6882870f2032534f427c9c825e0e
19.02.2020 07:37:36: _ninetwothread: e65498a3e55623a521a3c3e
19.02.2020 07:37:36: _adminsA: g4c35525d7554023c9d55204e7575737e6522
19.02.2020 07:37:36: _MC: o174e63273d02273a5a72
19.02.2020 07:37:36: _MCS: o5d3a5237706579321a14
19.02.2020 07:37:36: _checkidicheckcheck: e1c371e3f3a684582838f25552a152e
19.02.2020 07:37:36: _lastshotmade: r345e255e8734508c355c0f521e2542834d477264327c
19.02.2020 07:37:36: _dellocveh: y4c620f754d7a892f051d8452521f2297573a578c
19.02.2020 07:37:36: _inCombatTime: s1d9e798d19454f5377172e7518323562828510
19.02.2020 07:37:36: _inCombatArray: a328f9e22633a0e372387651f5e823592381e4264
19.02.2020 07:37:37: _fnc_infiKeyHandler: s72753e2e232f13458377
19.02.2020 07:37:37: _vehicle_needs_check: p437e2c1e7c656e7c2277
19.02.2020 07:37:37: _MAKE_VAR_DUMP_RANDOM: l5d177c527a60559e6985
19.02.2020 07:37:37: _MAKE_VAR_DUMP_CLIENT: n4f44653437256c756767
19.02.2020 07:37:37: _DUMPINGPLAYERUIDARRAY: e8c653f245c1d6959798e2a121f8a14653d42
19.02.2020 07:37:37: _CURRENTLYDUMPING: i27273037272c657e5f5d6e2a2a82593559650f33452419
19.02.2020 07:37:37: _antiantihack_rndvar: v1f734a138a8585338c8e
19.02.2020 07:37:37: _name_by_uid: y1f7247601522121e690e3c6e9a8d8f952470391c276d2d0a
19.02.2020 07:37:37: _owner_by_uid: h5d953a424c7e773e22388c1e9d1a19
19.02.2020 07:37:37: _customcommandingMenu: w450f8a3e1c8e28726544874c8e395c
19.02.2020 07:37:37: _customcommandingMenuOpen: i7d050e1c5032253e8c429f3f22
19.02.2020 07:37:37: _AH_KICKLOG: PVAHR_9v4k5v9w4e5a4r
19.02.2020 07:37:37: ----END-LINE----   (12-01-2020 22-45-36 - v0260)
19.02.2020 23:27:24: <infiSTAR.de> _fnc_RandomGen: {
_fnc_actualGen = {
_abc = ['z','y','x','w','v','u','t','s','r','q','p','o','n','m','l','k','j','i','h','g','f','e','d','c','b','a'];
_gen = _abc select (random ((count _abc)-1));
_arr = ['a','5','c','4','d','f','c','e','5','2','2','0','d','e','7','f','9','5','7','8','e','9','a','5','c','3','2','7','e','2','3'];
_randmax = {((round(random _randminval)) + (round(random _randmaxval))) max _randminval};
for '_i' from 0 to (call _randmax)do
{
_gen = _gen + str(round(random 9)) + (_arr select (random ((count _arr)-1)));
};
};
_gen = '';
while{_gen=='' || _gen in _allRandomGenVars}do{
call _fnc_actualGen;
};
_allRandomGenVars pushBack _gen;
_gen
}
19.02.2020 23:27:24: ----START-LINE----   (12-01-2020 22-45-36 - v0260)
19.02.2020 23:27:24: _adminbox: p955e322d6e856389076c7d4e439c7e0f7d
19.02.2020 23:27:24: _fnc_mpPackets: t6e7c4e7e759c20753932
19.02.2020 23:27:24: _FNC_AH_KICKLOG: i125c00259c7c2e7762453545622903377c
19.02.2020 23:27:24: _FNC_AH_KICKLOGSPAWN: x3e648d622f1263948e60708977474517133e3d3e63545d45
19.02.2020 23:27:24: _FNC_PVAH_AdminReq: b772a904e4f6d0a035c396c6e24888749247c33091065626365
19.02.2020 23:27:24: _token_by_uid: u651c5c3d7222571e5c30857a0c388e
19.02.2020 23:27:24: _uid_by_token: i694d34859f198e0c4777132223825d1c89439a52
19.02.2020 23:27:24: _server_setTokenR: a209e823f2a8d097e7f7e45832a0c
19.02.2020 23:27:24: _YourPlayerToken: p89342c72656c62757a0f142f13
19.02.2020 23:27:24: _TokenCT: z57352c1d559c7d950327706d4e2772422e456524
19.02.2020 23:27:24: _AH_MAIN_BLOCK: l8e876e972d3717822e82
19.02.2020 23:27:24: _AHKickOFF: j1e337c3217396f5e757e4c4c588c1f2d6f
19.02.2020 23:27:24: _AHKickLog: t27353c3c458947271d221f6c
19.02.2020 23:27:24: _clientdo: w7e258f0e7537327e1c72855982599e191c303a6e825d
19.02.2020 23:27:24: _AH_RunCheckENDVAR: p224c306e2412223098255a2d1c9f
19.02.2020 23:27:24: _AH_RunCheckENDVAR_THREAD: k125777251c98557f5763728c2537527284853e5e
19.02.2020 23:27:24: _AH_HackLogArrayRND: n3e578f69634c69455e235913178c4c4774
19.02.2020 23:27:24: _AH_SurvLogArrayRND: r3d975d5a3a8e0c1e5d7a1837531e9e82737e822f1559
19.02.2020 23:27:24: _AH_AdmiLogArrayRND: q259402278a40577e3e84474e893f17735955342544594e052d
19.02.2020 23:27:24: _TMPBAN: p181e1e8e2e877c1e2e5c
19.02.2020 23:27:24: _massMessage: d8d193e295947854c80323e8a1f0577228f
19.02.2020 23:27:24: _massSysMessage: b9e294e89297e4c4312954e0d229555376287
19.02.2020 23:27:24: _AHpos: p1c1532453c35679a3c2e8a45491e8f4e
19.02.2020 23:27:24: _ninetwo: d556c8c7e57927e83853752101522771c25195d886939536f
19.02.2020 23:27:24: _ninetwothread: c2c159c551c6e659f5442572e
19.02.2020 23:27:24: _adminsA: k49071c950f5f7e6a7d73
19.02.2020 23:27:24: _MC: d1d7c6263175f2e3773094d65393d209f82
19.02.2020 23:27:24: _MCS: u1e4d854e1c65328588597e1a1f2265276389651e4872022e57
19.02.2020 23:27:24: _checkidicheckcheck: s17851e7e89222479655f126954
19.02.2020 23:27:25: _lastshotmade: v7e4c9f3354757e106529
19.02.2020 23:27:25: <infiSTAR.de> _fnc_RandomGen: {
_fnc_actualGen = {
_abc = ['z','y','x','w','v','u','t','s','r','q','p','o','n','m','l','k','j','i','h','g','f','e','d','c','b','a'];
_gen = _abc select (random ((count _abc)-1));
_arr = ['a','5','c','4','d','f','c','e','5','2','2','0','d','e','7','f','9','5','7','8','e','9','a','5','c','3','2','7','e','2','3'];
_randmax = {((round(random _randminval)) + (round(random _randmaxval))) max _randminval};
for '_i' from 0 to (call _randmax)do
{
_gen = _gen + str(round(random 9)) + (_arr select (random ((count _arr)-1)));
};
};
_gen = '';
while{_gen=='' || _gen in _allRandomGenVars}do{
call _fnc_actualGen;
};
_allRandomGenVars pushBack _gen;
_gen
}
19.02.2020 23:27:25: ----START-LINE----   (12-01-2020 22-45-36 - v0260)
19.02.2020 23:27:25: _adminbox: p955e322d6e856389076c7d4e439c7e0f7d
19.02.2020 23:27:25: _fnc_mpPackets: t6e7c4e7e759c20753932
19.02.2020 23:27:25: _FNC_AH_KICKLOG: i125c00259c7c2e7762453545622903377c
19.02.2020 23:27:25: _FNC_AH_KICKLOGSPAWN: x3e648d622f1263948e60708977474517133e3d3e63545d45
19.02.2020 23:27:25: _FNC_PVAH_AdminReq: b772a904e4f6d0a035c396c6e24888749247c33091065626365
19.02.2020 23:27:25: _token_by_uid: u651c5c3d7222571e5c30857a0c388e
19.02.2020 23:27:25: _uid_by_token: i694d34859f198e0c4777132223825d1c89439a52
19.02.2020 23:27:25: _server_setTokenR: a209e823f2a8d097e7f7e45832a0c
19.02.2020 23:27:25: _YourPlayerToken: p89342c72656c62757a0f142f13
19.02.2020 23:27:25: _TokenCT: z57352c1d559c7d950327706d4e2772422e456524
19.02.2020 23:27:25: _AH_MAIN_BLOCK: l8e876e972d3717822e82
19.02.2020 23:27:25: _AHKickOFF: j1e337c3217396f5e757e4c4c588c1f2d6f
19.02.2020 23:27:25: _AHKickLog: t27353c3c458947271d221f6c
19.02.2020 23:27:25: _clientdo: w7e258f0e7537327e1c72855982599e191c303a6e825d
19.02.2020 23:27:25: _AH_RunCheckENDVAR: p224c306e2412223098255a2d1c9f
19.02.2020 23:27:25: _AH_RunCheckENDVAR_THREAD: k125777251c98557f5763728c2537527284853e5e
19.02.2020 23:27:25: _AH_HackLogArrayRND: n3e578f69634c69455e235913178c4c4774
19.02.2020 23:27:25: _AH_SurvLogArrayRND: r3d975d5a3a8e0c1e5d7a1837531e9e82737e822f1559
19.02.2020 23:27:25: _AH_AdmiLogArrayRND: q259402278a40577e3e84474e893f17735955342544594e052d
19.02.2020 23:27:25: _TMPBAN: p181e1e8e2e877c1e2e5c
19.02.2020 23:27:25: _massMessage: d8d193e295947854c80323e8a1f0577228f
19.02.2020 23:27:25: _massSysMessage: b9e294e89297e4c4312954e0d229555376287
19.02.2020 23:27:25: _AHpos: p1c1532453c35679a3c2e8a45491e8f4e
19.02.2020 23:27:25: _ninetwo: d556c8c7e57927e83853752101522771c25195d886939536f
19.02.2020 23:27:25: _ninetwothread: c2c159c551c6e659f5442572e
19.02.2020 23:27:25: _adminsA: k49071c950f5f7e6a7d73
19.02.2020 23:27:25: _MC: d1d7c6263175f2e3773094d65393d209f82
19.02.2020 23:27:25: _MCS: u1e4d854e1c65328588597e1a1f2265276389651e4872022e57
19.02.2020 23:27:25: _checkidicheckcheck: s17851e7e89222479655f126954
19.02.2020 23:27:25: _lastshotmade: v7e4c9f3354757e106529
19.02.2020 23:27:25: _dellocveh: v1f5c350c23378952681f35471c635e920e702517
19.02.2020 23:27:25: _inCombatTime: k6c634f2922647722237a4d8a8c997e470d5a5c
19.02.2020 23:27:25: _inCombatArray: f3d172f8f65671c3863825c850e0c2c
19.02.2020 23:27:25: _fnc_infiKeyHandler: g42858f122e37551e2505752a
19.02.2020 23:27:25: _vehicle_needs_check: e4765551f1c6230234c39197c227e29685254
19.02.2020 23:27:25: _MAKE_VAR_DUMP_RANDOM: i5e526d18538c632f6d13
19.02.2020 23:27:25: _MAKE_VAR_DUMP_CLIENT: s272e6f3a8552432d3e65199e4752473239777a55470e
19.02.2020 23:27:25: _DUMPINGPLAYERUIDARRAY: i85097f2825952d657d3f722f604e0229149c55
19.02.2020 23:27:25: _CURRENTLYDUMPING: e7957256c6f159359192763
19.02.2020 23:27:25: _antiantihack_rndvar: x458c45927f335e673c6c6e05989d7e2c1a8e
19.02.2020 23:27:25: _name_by_uid: e05304e7f9c2e1e88520d
19.02.2020 23:27:25: _owner_by_uid: d471442925c3532751e8e
19.02.2020 23:27:25: _customcommandingMenu: n198c508c653a5f672d14774c9703376d203215725c12223a
19.02.2020 23:27:25: _customcommandingMenuOpen: f4a5322531f27826e2d82673c98797f6e6e227e35
19.02.2020 23:27:25: _AH_KICKLOG: PVAHR_0w6g6o7l6d
19.02.2020 23:27:25: ----END-LINE----   (12-01-2020 22-45-36 - v0260)
