12.02.2020 00:08:23: 4h 7min | HoyoBani(76561198105940600) | AdminConsole
12.02.2020 00:08:27: 4h 7min | HoyoBani(76561198105940600) | AdminConsole
12.02.2020 00:09:40: 4h 8min | HoyoBani(76561198105940600) | Deleting  @034010..
12.02.2020 00:09:43: 4h 8min | HoyoBani(76561198105940600) | Deleting  @034010..
12.02.2020 00:13:02: 4h 12min | HoyoBani(76561198105940600) | SPECTATE - switchedCamera on Alexander.Rios(76561198037915534) - d3s_tahoe_UNM
12.02.2020 00:14:11: 4h 13min | HoyoBani(76561198105940600) | SPECTATE - switchedCamera on Alexander.Rios(76561198037915534) - B_RangeMaster_F
12.02.2020 00:14:18: 4h 13min | Nino Marino(76561198206026112) | SPECTATE - switchedCamera on Alexander.Rios(76561198037915534) - B_RangeMaster_F
12.02.2020 00:17:12: 4h 16min | HoyoBani(76561198105940600) | Stealth / Invisible - 1
12.02.2020 00:17:16: 4h 16min | HoyoBani(76561198105940600) | Stealth / Invisible - 0
12.02.2020 00:19:28: 4h 18min | HoyoBani(76561198105940600) | Teleport to [5692.35,3797.61,0](GPS: 056007)
12.02.2020 00:19:57: 4h 19min | HoyoBani(76561198105940600) | HealRepairNear
12.02.2020 00:44:12: 4h 43min | HoyoBani(76561198105940600) | Mass Message: Hey guys, we ok for an update? Mod and missionfile update.
12.02.2020 00:44:13: 4h 43min | Héctor "Lil Loco" Arturo(76561197999316388) | infiSTAR MapIcons - 1
12.02.2020 00:44:27: 4h 43min | Nino Marino(76561198206026112) | SPECTATE - switchedCamera on Alexander.Rios(76561198037915534) - B_RangeMaster_F
12.02.2020 00:44:29: 4h 43min | Nino Marino(76561198206026112) | SPECTATE - switchedCamera on Donnie Turbo(76561198041233395) - C_man_1
12.02.2020 00:44:30: 4h 43min | Nino Marino(76561198206026112) | SPECTATE - switchedCamera on Héctor "Lil Loco" Arturo(76561197999316388) - d3s_kamaz_6350
12.02.2020 00:44:34: 4h 43min | Nino Marino(76561198206026112) | SPECTATE - switchedCamera on HoyoBani(76561198105940600) - I_soldier_UAV_06_medical_F
12.02.2020 00:44:35: 4h 43min | Nino Marino(76561198206026112) | SPECTATE - switchedCamera on Nino Marino(76561198206026112) - C_man_1
12.02.2020 00:44:36: 4h 43min | HoyoBani(76561198105940600) | Mass Message: Just message in teamspeak if you have any concerns.
12.02.2020 00:44:37: 4h 43min | Nino Marino(76561198206026112) | SPECTATE - switchedCamera on Rogue Tjay(76561198883479728) - C_man_1
12.02.2020 00:44:39: 4h 43min | Nino Marino(76561198206026112) | SPECTATE - switchedCamera on [3k-66] W.Blades(76561198281290777) - B_RangeMaster_F
12.02.2020 00:45:30: 4h 44min | Nino Marino(76561198206026112) | Teleport to [3511.95,3023.38,0](GPS: 035999)
12.02.2020 00:45:30: 4h 44min | HoyoBani(76561198105940600) | Mass Message: Restart in 5 minutes.
12.02.2020 00:46:48: 4h 45min | Donnie Turbo(76561198041233395) | unlocked - [d3s_titan_17_TAR]
12.02.2020 00:46:49: 4h 45min | Donnie Turbo(76561198041233395) | locked - [d3s_titan_17_TAR]
12.02.2020 00:47:01: 4h 46min | Donnie Turbo(76561198041233395) | unlocked - [d3s_titan_17_TAR]
12.02.2020 00:47:02: 4h 46min | Donnie Turbo(76561198041233395) | locked - [d3s_titan_17_TAR]
12.02.2020 00:47:02: 4h 46min | Donnie Turbo(76561198041233395) | unlocked - [d3s_titan_17_TAR]
12.02.2020 00:47:03: 4h 46min | Donnie Turbo(76561198041233395) | locked - [d3s_titan_17_TAR]
12.02.2020 00:47:12: 4h 46min | Donnie Turbo(76561198041233395) | unlocked - [V12_APRILIARSV4_Rouge]
12.02.2020 00:47:13: 4h 46min | Donnie Turbo(76561198041233395) | locked - [V12_APRILIARSV4_Rouge]
12.02.2020 00:47:14: 4h 46min | Donnie Turbo(76561198041233395) | unlocked - [V12_APRILIARSV4_Rouge]
12.02.2020 00:47:15: 4h 46min | Donnie Turbo(76561198041233395) | locked - [V12_APRILIARSV4_Rouge]
12.02.2020 00:47:17: 4h 46min | Donnie Turbo(76561198041233395) | unlocked - [V12_APRILIARSV4_Rouge]
12.02.2020 00:47:27: 4h 46min | Donnie Turbo(76561198041233395) | locked - [V12_APRILIARSV4_Rouge]
12.02.2020 00:47:33: 4h 46min | Donnie Turbo(76561198041233395) | unlocked - [V12_APRILIARSV4_Rouge]
12.02.2020 00:47:36: 4h 46min | Nino Marino(76561198206026112) | Teleport to [3636.4,3340.82,0](GPS: 036002)
12.02.2020 00:47:37: 4h 46min | Donnie Turbo(76561198041233395) | locked - [V12_APRILIARSV4_Rouge]
12.02.2020 01:28:30: 0h 12min | HoyoBani(76561198105940600) | infiSTAR Player ESP 1 - 1
12.02.2020 01:28:30: 0h 12min | HoyoBani(76561198105940600) | infiSTAR MapIcons - 1
12.02.2020 01:28:30: 0h 12min | HoyoBani(76561198105940600) | noRecoil - 1
12.02.2020 01:29:11: 0h 12min | HoyoBani(76561198105940600) | Teleport to [3652.18,3242.3,0](GPS: 036001)
12.02.2020 01:31:37: 0h 15min | HoyoBani(76561198105940600) | Teleport to [3653.28,3232.25,0](GPS: 036001)
12.02.2020 01:31:46: 0h 15min | HoyoBani(76561198105940600) | Teleport to [3416.4,4164.04,0](GPS: 034010)
12.02.2020 01:36:36: 0h 20min | HoyoBani(76561198105940600) | Teleport to [3656.77,3998.48,0](GPS: 036009)
12.02.2020 01:37:26: 0h 21min | HoyoBani(76561198105940600) | Teleport to [3655.97,3239.13,0](GPS: 036001)
12.02.2020 01:37:57: 0h 21min | Nino Marino(76561198206026112) | Teleport to [3418.5,4181.56,0](GPS: 034011)
12.02.2020 01:38:37: 0h 22min | HoyoBani(76561198105940600) | 50K Cash
12.02.2020 01:39:25: 0h 23min | Nino Marino(76561198206026112) | Teleport - Me To Target - HoyoBani [CIV](76561198105940600)
12.02.2020 01:40:25: 0h 24min | HoyoBani(76561198105940600) | Teleport to [3652.01,3237.82,0](GPS: 036001)
12.02.2020 01:40:32: 0h 24min | Nino Marino(76561198206026112) | Teleport to [3417.42,4185.97,0](GPS: 034011)
12.02.2020 01:40:42: 0h 24min | HoyoBani(76561198105940600) | Deleting GroundWeaponHolder @036001..
12.02.2020 01:49:37: 0h 33min | HoyoBani(76561198105940600) | Deleting GroundWeaponHolder @036002..
12.02.2020 01:50:32: 0h 34min | HoyoBani(76561198105940600) | HealSelf
12.02.2020 01:51:18: 0h 34min | HoyoBani(76561198105940600) | Teleport to [3850.75,3260.61,0](GPS: 038001)
12.02.2020 01:51:44: 0h 35min | HoyoBani(76561198105940600) | Teleport to [3867.32,3242.32,0](GPS: 038001)
12.02.2020 01:51:47: 0h 35min | HoyoBani(76561198105940600) | HealSelf
12.02.2020 01:55:35: 0h 39min | HoyoBani(76561198105940600) | AdminConsole
12.02.2020 01:57:47: 0h 41min | HoyoBani(76561198105940600) | Teleport to [3491.02,4168.98,0](GPS: 034010)
12.02.2020 01:59:00: 0h 42min | HoyoBani(76561198105940600) | Teleport to [3506.13,4185.29,0](GPS: 035011)
12.02.2020 01:59:16: 0h 42min | HoyoBani(76561198105940600) | Teleport to [3657.84,3237.4,0](GPS: 036001)
12.02.2020 02:10:52: 0h 54min | HoyoBani(76561198105940600) | HealRepairNear
12.02.2020 02:13:38: 0h 57min | HoyoBani(76561198105940600) | HealRepairNear
12.02.2020 02:17:30: 1h 1min | HoyoBani(76561198105940600) | AdminConsole
12.02.2020 02:18:23: 1h 2min | Nino Marino(76561198206026112) | HealRepairNear
12.02.2020 02:18:23: 1h 2min | Nino Marino(76561198206026112) | HealRepairNear
12.02.2020 02:21:22: 1h 5min | HoyoBani(76561198105940600) | HealRepairNear
12.02.2020 02:26:27: 1h 10min | Nino Marino(76561198206026112) | Revive - cop_4(76561198883479728)
12.02.2020 02:33:40: 1h 17min | HoyoBani(76561198105940600) | AdminConsole
12.02.2020 02:35:58: 1h 19min | Nino Marino(76561198206026112) | Added 1 etablis to Nino Marino!
12.02.2020 02:36:55: 1h 20min | HoyoBani(76561198105940600) | HealRepairNear
12.02.2020 02:37:05: 1h 20min | HoyoBani(76561198105940600) | Teleport to [3493.54,4165.67,0](GPS: 034010)
12.02.2020 02:42:52: 1h 26min | Nino Marino(76561198206026112) | SPECTATE - switchedCamera on Low_Poly_Man(76561198137223112) - C_man_1
12.02.2020 02:42:55: 1h 26min | Nino Marino(76561198206026112) | SPECTATE - switchedCamera on WarFire(76561198150464364) - C_man_1
12.02.2020 02:43:10: 1h 26min | Nino Marino(76561198206026112) | Teleport - Me To Target - WarFire [CIV](76561198150464364)
12.02.2020 02:43:31: 1h 27min | Nino Marino(76561198206026112) | Revive - civ_3(76561198137223112)
12.02.2020 02:43:45: 1h 27min | HoyoBani(76561198105940600) | Teleport to [3495.07,4165.56,0](GPS: 034010)
12.02.2020 02:43:49: 1h 27min | HoyoBani(76561198105940600) | Teleport - Target To Me - Amado Carrillo fuentes [CIV](76561198354844800)
12.02.2020 02:44:11: 1h 27min | Nino Marino(76561198206026112) | Teleport to [3480.67,4169.99,0](GPS: 034010)
12.02.2020 02:48:22: 1h 32min | HoyoBani(76561198105940600) | HealRepairNear
12.02.2020 02:50:17: 1h 33min | Nino Marino(76561198206026112) | Revive - civ_6(76561198354844800)
12.02.2020 02:56:45: 1h 40min | Nino Marino(76561198206026112) | Teleport - Me To Target - Low_Poly_Man [CIV](76561198137223112)
12.02.2020 02:58:37: 1h 42min | Nino Marino(76561198206026112) | Heal - civ_3(76561198137223112)
12.02.2020 03:02:30: 1h 46min | Nino Marino(76561198206026112) | Teleport to [3768.43,4061.76,0](GPS: 037009)
12.02.2020 03:05:53: 1h 49min | Nino Marino(76561198206026112) | SPECTATE - switchedCamera on Jackz(76561198391774624) - C_man_1
12.02.2020 03:05:56: 1h 49min | Nino Marino(76561198206026112) | Revive - civ_4(76561198391774624)
12.02.2020 03:06:57: 1h 50min | Nino Marino(76561198206026112) | Teleport - Target To Me - Amado Carrillo fuentes [CIV](76561198354844800)
12.02.2020 04:20:31: 3h 4min | Nino Marino(76561198206026112) | SPECTATE - switchedCamera on Zander Marino(76561198180893505) - d3s_huracan_18_SPD_P
12.02.2020 04:20:39: 3h 4min | Nino Marino(76561198206026112) | SPECTATE - switchedCamera on Robert Kennedy(76561198083728776) - d3s_skyline_02_V
12.02.2020 04:56:38: 3h 40min | Sergei Kovacic(76561198043298972) | Teleport to [5905.3,3708.7,0](GPS: 059006)
12.02.2020 04:56:47: 3h 40min | Sergei Kovacic(76561198043298972) | Teleport to [5992.94,3653.41,0](GPS: 059005)
12.02.2020 04:57:40: 3h 41min | Sergei Kovacic(76561198043298972) | spawning A-164 Wipeout (Cluster) (B_Plane_CAS_01_Cluster_F)
12.02.2020 05:01:16: 3h 44min | Sergei Kovacic(76561198043298972) | Deleting B_Plane_CAS_01_Cluster_F @059005..
12.02.2020 05:02:01: 3h 45min | Sergei Kovacic(76561198043298972) | spawning A-149 Gryphon (I_Plane_Fighter_04_F)
12.02.2020 05:02:05: 3h 45min | Sergei Kovacic(76561198043298972) | Deleting I_Plane_Fighter_04_F @059005..
12.02.2020 05:02:15: 3h 45min | Sergei Kovacic(76561198043298972) | spawning A-149 Gryphon (Cluster) (I_Plane_Fighter_04_Cluster_F)
12.02.2020 05:02:18: 3h 46min | Sergei Kovacic(76561198043298972) | Deleting I_Plane_Fighter_04_Cluster_F @059005..
12.02.2020 05:02:27: 3h 46min | Sergei Kovacic(76561198043298972) | spawning A-143 Buzzard (AA) (I_Plane_Fighter_03_AA_F)
12.02.2020 05:06:40: 3h 50min | Héctor "Lil Loco" Arturo(76561197999316388) | infiSTAR MapIcons - 1
12.02.2020 05:08:50: 3h 52min | Héctor "Lil Loco" Arturo(76561197999316388) | Teleport to [5604.86,2468.8,0](GPS: 056993)
12.02.2020 05:09:02: 3h 52min | Héctor "Lil Loco" Arturo(76561197999316388) | Teleport to [7324.63,2563.69,0](GPS: 073994)
12.02.2020 05:09:14: 3h 52min | Héctor "Lil Loco" Arturo(76561197999316388) | Teleport to [7787.18,3358.34,0](GPS: 077002)
12.02.2020 05:09:24: 3h 53min | Héctor "Lil Loco" Arturo(76561197999316388) | Teleport to [7789.56,3930.01,0](GPS: 077008)
12.02.2020 05:09:35: 3h 53min | Héctor "Lil Loco" Arturo(76561197999316388) | Teleport to [7106.4,3723.64,0](GPS: 071006)
12.02.2020 05:09:49: 3h 53min | Héctor "Lil Loco" Arturo(76561197999316388) | Teleport to [6072.17,3569.45,0](GPS: 060004)
12.02.2020 05:11:00: 3h 54min | Héctor "Lil Loco" Arturo(76561197999316388) | HealRepairNear
12.02.2020 05:19:02: 4h 2min | Héctor "Lil Loco" Arturo(76561197999316388) | Deleting GroundWeaponHolder @036001..
12.02.2020 05:21:15: 4h 4min | Héctor "Lil Loco" Arturo(76561197999316388) | Revive - civ_2(76561198083728776)
12.02.2020 05:22:03: 4h 5min | Héctor "Lil Loco" Arturo(76561197999316388) | Teleport - Target To Me - Jbo Marino[201] [GUER](76561198206026112)
12.02.2020 05:28:21: 4h 12min | Jbo Marino[201](76561198206026112) | SPECTATE - switchedCamera on Rick Cheney(76561198860031547) - C_man_1
12.02.2020 05:28:36: 4h 12min | Jbo Marino[201](76561198206026112) | Teleport - Target To Me - Rick Cheney [CIV](76561198860031547)
12.02.2020 05:39:43: 4h 23min | Jbo Marino[201](76561198206026112) | Teleport to [3520.58,3034.29,0](GPS: 035999)
12.02.2020 05:39:57: 4h 23min | Jbo Marino[201](76561198206026112) | Teleport - Target To Me - Rick Cheney [CIV](76561198860031547)
12.02.2020 05:52:27: 4h 36min | Héctor "Lil Loco" Arturo(76561197999316388) | HealRepairNear
12.02.2020 05:54:13: 4h 37min | Héctor "Lil Loco" Arturo(76561197999316388) | 50K Cash
12.02.2020 06:06:24: 4h 50min | Jbo Marino[201](76561198206026112) | spawning Sword (Max_sword)
12.02.2020 06:09:01: 4h 52min | Héctor "Lil Loco" Arturo(76561197999316388) | HealRepairNear
12.02.2020 06:10:09: 4h 53min | Héctor "Lil Loco" Arturo(76561197999316388) | SPECTATE - switchedCamera on Jbo Marino[201](76561198206026112) - d3s_raptor_EMS_17
12.02.2020 06:12:36: 4h 56min | Héctor "Lil Loco" Arturo(76561197999316388) | HealRepairNear
12.02.2020 06:14:04: 4h 57min | Héctor "Lil Loco" Arturo(76561197999316388) | HealRepairNear
12.02.2020 06:17:55: 5h 1min | Héctor "Lil Loco" Arturo(76561197999316388) | SPECTATE - switchedCamera on Jbo Marino[201](76561198206026112) - I_soldier_UAV_06_medical_F
12.02.2020 06:19:12: 5h 2min | Héctor "Lil Loco" Arturo(76561197999316388) | Zeus Sergei Kovacic(76561198043298972) @048004
12.02.2020 06:19:12: 5h 2min | Héctor "Lil Loco" Arturo(76561197999316388) | Zeus - civ_6(76561198043298972)
12.02.2020 06:19:32: 5h 3min | Héctor "Lil Loco" Arturo(76561197999316388) | Revive - civ_6(76561198043298972)
12.02.2020 06:19:36: 5h 3min | Héctor "Lil Loco" Arturo(76561197999316388) | Revive - medic_6(76561198206026112)
12.02.2020 06:19:39: 5h 3min | Héctor "Lil Loco" Arturo(76561197999316388) | Revive - civ_7(76561197999316388)
12.02.2020 06:20:21: 5h 4min | Héctor "Lil Loco" Arturo(76561197999316388) | SPECTATE - switchedCamera on Zander Marino(76561198180893505) - EC635_ADAC
12.02.2020 06:20:44: 5h 4min | Héctor "Lil Loco" Arturo(76561197999316388) | HealRepairNear
12.02.2020 06:24:12: 5h 7min | Héctor "Lil Loco" Arturo(76561197999316388) | SPECTATE - switchedCamera on Zander Marino(76561198180893505) - I_soldier_UAV_06_medical_F
12.02.2020 06:27:14: 5h 10min | Héctor "Lil Loco" Arturo(76561197999316388) | Teleport to [3776.3,4161.77,0](GPS: 037010)
12.02.2020 06:27:36: 5h 11min | Jbo Marino[201](76561198206026112) | SPECTATE - switchedCamera on Héctor "Lil Loco" Arturo(76561197999316388) - C_man_1
12.02.2020 06:27:41: 5h 11min | Héctor "Lil Loco" Arturo(76561197999316388) | Teleport to [4814.66,2942.85,0](GPS: 048998)
12.02.2020 06:27:43: 5h 11min | Héctor "Lil Loco" Arturo(76561197999316388) | HealRepairNear
12.02.2020 06:28:49: 5h 12min | Sergei Kovacic(76561198043298972) | Heal - civ_6(76561198043298972)
12.02.2020 06:28:51: 5h 12min | Sergei Kovacic(76561198043298972) | Revive - civ_6(76561198043298972)
12.02.2020 06:29:01: 5h 12min | Jbo Marino[201](76561198206026112) | spawning RPG-7 (launch_RPG7_F)
12.02.2020 06:29:01: 5h 12min | Jbo Marino[201](76561198206026112) | spawning RPG-7 (launch_RPG7_F)
12.02.2020 06:29:18: 5h 13min | Héctor "Lil Loco" Arturo(76561197999316388) | Deleting WeaponHolderSimulated @048998..
12.02.2020 06:29:26: 5h 13min | Sergei Kovacic(76561198043298972) | Teleport to [5991.87,3659.93,0](GPS: 059005)
12.02.2020 06:29:35: 5h 13min | Sergei Kovacic(76561198043298972) | spawning A-164 Wipeout (CAS) (B_Plane_CAS_01_F)
12.02.2020 06:29:40: 5h 13min | Héctor "Lil Loco" Arturo(76561197999316388) | Zeus Sergei Kovacic(76561198043298972) @059005
12.02.2020 06:29:40: 5h 13min | Héctor "Lil Loco" Arturo(76561197999316388) | Zeus - civ_6(76561198043298972)
12.02.2020 06:29:43: 5h 13min | Héctor "Lil Loco" Arturo(76561197999316388) | Zeus Zander Marino(76561198180893505) @048998
12.02.2020 06:29:43: 5h 13min | Héctor "Lil Loco" Arturo(76561197999316388) | Zeus - medic_5(76561198180893505)
12.02.2020 06:29:51: 5h 13min | Héctor "Lil Loco" Arturo(76561197999316388) | Revive - medic_6(76561198206026112)
12.02.2020 06:30:01: 5h 13min | Héctor "Lil Loco" Arturo(76561197999316388) | Revive - civ_6(76561198043298972)
12.02.2020 06:30:07: 5h 13min | Héctor "Lil Loco" Arturo(76561197999316388) | Revive - civ_7(76561197999316388)
12.02.2020 06:30:09: 5h 13min | Jbo Marino[201](76561198206026112) | Revive - medic_5(76561198180893505)
12.02.2020 06:30:10: 5h 13min | Héctor "Lil Loco" Arturo(76561197999316388) | Revive - medic_5(76561198180893505)
12.02.2020 06:30:18: 5h 14min | Sergei Kovacic(76561198043298972) | Deleting B_Plane_CAS_01_F @059005..
12.02.2020 06:30:26: 5h 14min | Jbo Marino[201](76561198206026112) | SPECTATE - switchedCamera on Zander Marino(76561198180893505) - I_soldier_UAV_06_medical_F
12.02.2020 06:30:30: 5h 14min | Sergei Kovacic(76561198043298972) | spawning A-149 Gryphon (Cluster) (I_Plane_Fighter_04_Cluster_F)
12.02.2020 06:30:36: 5h 14min | Héctor "Lil Loco" Arturo(76561197999316388) | Teleport - Target To Me - Zander Marino [GUER](76561198180893505)
12.02.2020 06:30:37: 5h 14min | Jbo Marino[201](76561198206026112) | Teleport - Target To Me - Zander Marino [GUER](76561198180893505)
12.02.2020 06:30:38: 5h 14min | Héctor "Lil Loco" Arturo(76561197999316388) | Teleport - Target To Me - Zander Marino [GUER](76561198180893505)
12.02.2020 06:30:44: 5h 14min | Jbo Marino[201](76561198206026112) | Revive - medic_5(76561198180893505)
12.02.2020 06:31:06: 5h 14min | Héctor "Lil Loco" Arturo(76561197999316388) | HealRepairNear
12.02.2020 06:31:32: 5h 15min | Sergei Kovacic(76561198043298972) | Deleting I_Plane_Fighter_04_Cluster_F @059005..
12.02.2020 06:31:32: 5h 15min | Jbo Marino[201](76561198206026112) | Revive - medic_5(76561198180893505)
12.02.2020 06:31:42: 5h 15min | Sergei Kovacic(76561198043298972) | spawning F/A-181 Black Wasp II (Cluster) (B_Plane_Fighter_01_Cluster_F)
12.02.2020 06:31:57: 5h 15min | Jbo Marino[201](76561198206026112) | Revive - medic_6(76561198206026112)
12.02.2020 06:32:02: 5h 15min | Jbo Marino[201](76561198206026112) | Deleting WeaponHolderSimulated @048998..
12.02.2020 06:32:28: 5h 16min | Héctor "Lil Loco" Arturo(76561197999316388) | spawning AH-99 Blackfoot (B_Heli_Attack_01_F)
12.02.2020 06:32:57: 5h 16min | Jbo Marino[201](76561198206026112) | spawning To-199 Neophron (Cluster) (O_Plane_CAS_02_Cluster_F)
12.02.2020 06:33:24: 5h 17min | Jbo Marino[201](76561198206026112) | Move In Target Vehicle - Héctor "Lil Loco" Arturo [CIV](76561197999316388)
12.02.2020 06:33:50: 5h 17min | Jbo Marino[201](76561198206026112) | SPECTATE - switchedCamera on Sergei Kovacic(76561198043298972) - C_man_1
12.02.2020 06:33:57: 5h 17min | Jbo Marino[201](76561198206026112) | Revive - civ_6(76561198043298972)
12.02.2020 06:35:37: 5h 19min | Jbo Marino[201](76561198206026112) | Revive - medic_6(76561198206026112)
12.02.2020 06:35:47: 5h 19min | Jbo Marino[201](76561198206026112) | Teleport to [5367.83,3698.39,0](GPS: 053006)
12.02.2020 06:36:18: 5h 20min | Jbo Marino[201](76561198206026112) | spawning F/A-181 Black Wasp II (B_Plane_Fighter_01_F)
12.02.2020 06:36:45: 5h 20min | Jbo Marino[201](76561198206026112) | Deleting B_Plane_Fighter_01_F @053006..
12.02.2020 06:37:19: 5h 21min | Jbo Marino[201](76561198206026112) | spawning A-164 Wipeout (Cluster) (B_Plane_CAS_01_Cluster_F)
12.02.2020 06:39:21: 5h 23min | Jbo Marino[201](76561198206026112) | Revive - medic_5(76561198180893505)
12.02.2020 06:39:27: 5h 23min | Jbo Marino[201](76561198206026112) | Teleport - Target To Me - Zander Marino [GUER](76561198180893505)
12.02.2020 06:39:40: 5h 23min | Jbo Marino[201](76561198206026112) | Revive - medic_5(76561198180893505)
12.02.2020 06:39:44: 5h 23min | Jbo Marino[201](76561198206026112) | SPECTATE - switchedCamera on Zander Marino(76561198180893505) - I_soldier_UAV_06_medical_F
12.02.2020 06:40:30: 5h 24min | Sergei Kovacic(76561198043298972) | Revive - civ_6(76561198043298972)
12.02.2020 06:40:44: 5h 24min | Sergei Kovacic(76561198043298972) | Teleport to [5987.67,3662.94,0](GPS: 059005)
12.02.2020 06:41:10: 5h 24min | Sergei Kovacic(76561198043298972) | spawning F/A-181 Black Wasp II (Stealth) (B_Plane_Fighter_01_Stealth_F)
12.02.2020 06:41:11: 5h 24min | Jbo Marino[201](76561198206026112) | Revive - medic_6(76561198206026112)
12.02.2020 06:41:16: 5h 24min | Jbo Marino[201](76561198206026112) | Revive - medic_5(76561198180893505)
12.02.2020 06:42:34: 5h 26min | Jbo Marino[201](76561198206026112) | spawning F/A-181 Black Wasp II (Stealth) (B_Plane_Fighter_01_Stealth_F)
12.02.2020 06:43:07: 5h 26min | Jbo Marino[201](76561198206026112) | spawning A-143 Buzzard (Cluster) (I_Plane_Fighter_03_Cluster_F)
12.02.2020 06:43:45: 5h 27min | Jbo Marino[201](76561198206026112) | Revive - medic_5(76561198180893505)
12.02.2020 06:43:57: 5h 27min | Jbo Marino[201](76561198206026112) | Teleport - Target To Me - Zander Marino [GUER](76561198180893505)
12.02.2020 06:44:07: 5h 27min | Jbo Marino[201](76561198206026112) | Deleting I_Plane_Fighter_03_Cluster_F @042010..
12.02.2020 06:44:14: 5h 27min | Jbo Marino[201](76561198206026112) | Teleport to [2250.48,1405.22,0](GPS: 022983)
12.02.2020 06:44:22: 5h 28min | Jbo Marino[201](76561198206026112) | Teleport - Target To Me - Zander Marino [GUER](76561198180893505)
12.02.2020 06:44:59: 5h 28min | Jbo Marino[201](76561198206026112) | spawning F/A-181 Black Wasp II (Stealth) (B_Plane_Fighter_01_Stealth_F)
12.02.2020 06:45:25: 5h 29min | Jbo Marino[201](76561198206026112) | spawning Mk41 VLS (B_Ship_MRLS_01_F)
12.02.2020 06:45:32: 5h 29min | Jbo Marino[201](76561198206026112) | Deleting B_Ship_MRLS_01_F @022983..
12.02.2020 06:45:55: 5h 29min | Jbo Marino[201](76561198206026112) | spawning To-199 Neophron (Cluster) (O_Plane_CAS_02_Cluster_F)
12.02.2020 06:48:26: 5h 32min | Jbo Marino[201](76561198206026112) | HealRepairNear
12.02.2020 06:48:27: 5h 32min | Jbo Marino[201](76561198206026112) | HealRepairNear
12.02.2020 06:49:19: 5h 33min | Jbo Marino[201](76561198206026112) | HealRepairNear
12.02.2020 06:49:19: 5h 33min | Jbo Marino[201](76561198206026112) | HealRepairNear
12.02.2020 06:49:20: 5h 33min | Jbo Marino[201](76561198206026112) | HealRepairNear
12.02.2020 06:49:20: 5h 33min | Jbo Marino[201](76561198206026112) | HealRepairNear
12.02.2020 06:49:20: 5h 33min | Jbo Marino[201](76561198206026112) | HealRepairNear
12.02.2020 06:49:20: 5h 33min | Jbo Marino[201](76561198206026112) | HealRepairNear
12.02.2020 06:49:21: 5h 33min | Jbo Marino[201](76561198206026112) | HealRepairNear
12.02.2020 06:49:21: 5h 33min | Jbo Marino[201](76561198206026112) | HealRepairNear
12.02.2020 06:49:21: 5h 33min | Jbo Marino[201](76561198206026112) | HealRepairNear
12.02.2020 06:49:21: 5h 33min | Jbo Marino[201](76561198206026112) | HealRepairNear
12.02.2020 06:49:21: 5h 33min | Jbo Marino[201](76561198206026112) | HealRepairNear
12.02.2020 06:49:21: 5h 33min | Jbo Marino[201](76561198206026112) | HealRepairNear
12.02.2020 06:49:22: 5h 33min | Jbo Marino[201](76561198206026112) | HealRepairNear
12.02.2020 06:49:22: 5h 33min | Jbo Marino[201](76561198206026112) | HealRepairNear
12.02.2020 06:49:22: 5h 33min | Jbo Marino[201](76561198206026112) | HealRepairNear
12.02.2020 06:49:22: 5h 33min | Jbo Marino[201](76561198206026112) | HealRepairNear
12.02.2020 06:49:22: 5h 33min | Jbo Marino[201](76561198206026112) | HealRepairNear
12.02.2020 06:49:22: 5h 33min | Jbo Marino[201](76561198206026112) | HealRepairNear
12.02.2020 06:49:23: 5h 33min | Jbo Marino[201](76561198206026112) | HealRepairNear
12.02.2020 06:49:23: 5h 33min | Jbo Marino[201](76561198206026112) | HealRepairNear
12.02.2020 06:49:23: 5h 33min | Jbo Marino[201](76561198206026112) | HealRepairNear
12.02.2020 06:49:23: 5h 33min | Jbo Marino[201](76561198206026112) | HealRepairNear
12.02.2020 06:49:23: 5h 33min | Jbo Marino[201](76561198206026112) | HealRepairNear
12.02.2020 06:49:29: 5h 33min | Jbo Marino[201](76561198206026112) | Teleport to [6030.07,3941.26,15.9842](GPS: 060008)
12.02.2020 06:49:32: 5h 33min | Jbo Marino[201](76561198206026112) | Teleport to [6012.36,4047.52,15.6282](GPS: 060009)
12.02.2020 06:49:49: 5h 33min | Jbo Marino[201](76561198206026112) | Revive - medic_6(76561198206026112)
12.02.2020 06:49:54: 5h 33min | Jbo Marino[201](76561198206026112) | Teleport to [5683.29,3668.63,0](GPS: 056005)
12.02.2020 06:50:40: 5h 34min | Jbo Marino[201](76561198206026112) | spawning Ifrit GMG (O_T_MRAP_02_gmg_ghex_F)
12.02.2020 06:51:26: 5h 35min | Jbo Marino[201](76561198206026112) | Revive - medic_5(76561198180893505)
12.02.2020 06:51:33: 5h 35min | Jbo Marino[201](76561198206026112) | Teleport - Target To Me - Zander Marino [GUER](76561198180893505)
12.02.2020 06:52:17: 5h 36min | Jbo Marino[201](76561198206026112) | Teleport to [5464.95,3708.26,0](GPS: 054006)
12.02.2020 06:53:33: 5h 37min | Jbo Marino[201](76561198206026112) | Teleport to [6129.87,3719.26,0](GPS: 061006)
12.02.2020 21:47:41: 20h 31min | Sergei Kovacic(76561198043298972) | Teleport to [6561.95,5834.76,0](GPS: 065027)
12.02.2020 21:48:30: 20h 32min | Sergei Kovacic(76561198043298972) | Deleting GroundWeaponHolder @065027..
12.02.2020 21:56:21: 20h 40min | Sergei Kovacic(76561198043298972) | spawning Dodge Charger SRT Unmarked'15 (d3s_srthellcat_15_UNM)
12.02.2020 21:56:47: 20h 40min | Sergei Kovacic(76561198043298972) | Deleting d3s_srthellcat_15_UNM @064026..
12.02.2020 21:57:07: 20h 40min | Sergei Kovacic(76561198043298972) | spawning Chevrolet Malibu Police Unmarked'18 (d3s_malibu_18_UNM)
12.02.2020 21:59:34: 20h 43min | Sergei Kovacic(76561198043298972) | Teleport to [4781.15,4175.96,0](GPS: 047011)
12.02.2020 22:06:49: 20h 50min | Sergei Kovacic(76561198043298972) | Heal - cop_1(76561198043298972)
12.02.2020 22:06:56: 20h 50min | Donnie Turbo(76561198041233395) | Added 2 engines to Donnie Turbo!
12.02.2020 22:06:59: 20h 50min | Donnie Turbo(76561198041233395) | Added 2 frames to Donnie Turbo!
12.02.2020 22:07:13: 20h 50min | Donnie Turbo(76561198041233395) | Added 2 fueltanks to Donnie Turbo!
12.02.2020 22:10:42: 20h 54min | Donnie Turbo(76561198041233395) | Added 2 electronicss to Donnie Turbo!
12.02.2020 22:11:31: 20h 55min | Donnie Turbo(76561198041233395) | Added 2 titaniums to Donnie Turbo!
12.02.2020 22:11:32: 20h 55min | Donnie Turbo(76561198041233395) | Added 2 titaniums to Donnie Turbo!
12.02.2020 22:11:33: 20h 55min | Donnie Turbo(76561198041233395) | Added 2 titaniums to Donnie Turbo!
12.02.2020 22:12:57: 20h 56min | Donnie Turbo(76561198041233395) | Added 2 panelss to Donnie Turbo!
12.02.2020 22:12:58: 20h 56min | Donnie Turbo(76561198041233395) | Added 2 panelss to Donnie Turbo!
12.02.2020 22:14:41: 20h 58min | Donnie Turbo(76561198041233395) | Added 8 tires to Donnie Turbo!
12.02.2020 22:15:15: 20h 58min | Donnie Turbo(76561198041233395) | Added 2 oil_processeds to Donnie Turbo!
12.02.2020 22:15:17: 20h 58min | Donnie Turbo(76561198041233395) | Added 2 oil_processeds to Donnie Turbo!
12.02.2020 22:15:18: 20h 59min | Donnie Turbo(76561198041233395) | Added 2 oil_processeds to Donnie Turbo!
12.02.2020 22:15:20: 20h 59min | Donnie Turbo(76561198041233395) | Added 2 oil_processeds to Donnie Turbo!
12.02.2020 22:15:20: 20h 59min | Donnie Turbo(76561198041233395) | Added 2 oil_processeds to Donnie Turbo!
12.02.2020 22:15:21: 20h 59min | Donnie Turbo(76561198041233395) | Added 2 oil_processeds to Donnie Turbo!
12.02.2020 22:24:47: 21h 8min | Sergei Kovacic(76561198043298972) | spawning Chrysler 300 Police Unmarked'15 (d3s_300_12_UNM)
12.02.2020 22:25:01: 21h 8min | Sergei Kovacic(76561198043298972) | Deleting d3s_300_12_UNM @035000..
12.02.2020 22:30:50: 21h 14min | Sergei Kovacic(76561198043298972) | Deleting d3s_malibu_18_UNM @034011..
12.02.2020 22:36:32: 21h 20min | Jbo Marino[201](76561198206026112) | SPECTATE - switchedCamera on [1K-33] R. Tjay(76561198883479728) - d3s_FPIU_13
12.02.2020 22:38:08: 21h 21min | Jbo Marino[201](76561198206026112) | SPECTATE - switchedCamera on TrueSpartacus(76561198304771417) - d3s_xe_15
12.02.2020 22:38:13: 21h 21min | Jbo Marino[201](76561198206026112) | Move In Target Vehicle - TrueSpartacus [CIV](76561198304771417)
12.02.2020 22:58:16: 21h 41min | Jbo Marino[201](76561198206026112) | HealRepairNear
12.02.2020 22:58:16: 21h 41min | Jbo Marino[201](76561198206026112) | HealRepairNear
12.02.2020 23:01:29: 21h 45min | Jbo Marino[201](76561198206026112) | Teleport - Me To Target - Kyatt Demon [CIV](76561198159595292)
12.02.2020 23:05:45: 21h 49min | Sergei Kovacic(76561198043298972) | spawning Chevrolet Malibu Police Pursuit'18 (d3s_malibu_18_COP)
12.02.2020 23:05:50: 21h 49min | Sergei Kovacic(76561198043298972) | Deleting d3s_malibu_18_COP @038001..
12.02.2020 23:06:01: 21h 49min | Sergei Kovacic(76561198043298972) | spawning Dodge Durango Police Unmarked'18 (d3s_durango_18_UNM)
12.02.2020 23:06:25: 21h 50min | Jbo Marino[201](76561198206026112) | Teleport to [3518.22,3031.46,0](GPS: 035999)
12.02.2020 23:06:34: 21h 50min | Jbo Marino[201](76561198206026112) | Teleport to [3743.27,3082.9,0](GPS: 037000)
12.02.2020 23:14:36: 21h 58min | Jbo Marino[201](76561198206026112) | spawning Sword (Max_sword)
12.02.2020 23:25:25: 22h 9min | Sergei Kovacic(76561198043298972) | Deleting d3s_durango_18_UNM @036009..
12.02.2020 23:38:51: 22h 22min | Jbo Marino[201](76561198206026112) | SPECTATE - switchedCamera on [1K-33] R. Tjay(76561198883479728) - B_RangeMaster_F
12.02.2020 23:39:11: 22h 22min | Jbo Marino[201](76561198206026112) | Teleport to [3744.02,3023.18,0](GPS: 037999)
12.02.2020 23:39:25: 22h 23min | Jbo Marino[201](76561198206026112) | Teleport to [3890.27,3218.89,0](GPS: 038001)
12.02.2020 23:49:06: 22h 32min | Jbo Marino[201](76561198206026112) | Teleport to [3907.96,3214.06,0](GPS: 039001)
12.02.2020 23:52:39: 22h 36min | Donnie Turbo(76561198041233395) | Teleport to [4527.01,2933.72,0](GPS: 045998)
