29.02.2020 00:01:59: <infiSTAR.de> _fnc_RandomGen: {
_fnc_actualGen = {
_abc = ['z','y','x','w','v','u','t','s','r','q','p','o','n','m','l','k','j','i','h','g','f','e','d','c','b','a'];
_gen = _abc select (random ((count _abc)-1));
_arr = ['a','5','c','4','d','f','c','e','5','2','2','0','d','e','7','f','9','5','7','8','e','9','a','5','c','3','2','7','e','2','3'];
_randmax = {((round(random _randminval)) + (round(random _randmaxval))) max _randminval};
for '_i' from 0 to (call _randmax)do
{
_gen = _gen + str(round(random 9)) + (_arr select (random ((count _arr)-1)));
};
};
_gen = '';
while{_gen=='' || _gen in _allRandomGenVars}do{
call _fnc_actualGen;
};
_allRandomGenVars pushBack _gen;
_gen
}
29.02.2020 00:01:59: ----START-LINE----   (12-01-2020 22-45-36 - v0260)
29.02.2020 00:01:59: _adminbox: c5d95786c3c353f87627525724230641e2c72937c4d5d64047835
29.02.2020 00:01:59: _fnc_mpPackets: y3d2863307c842c256204425e1e699c992f8d0d4c
29.02.2020 00:01:59: _FNC_AH_KICKLOG: d17427519899229850282045263673e220c1c4a5c2f5d6d9055
29.02.2020 00:01:59: _FNC_AH_KICKLOGSPAWN: u8f893e476d7a6265729e
29.02.2020 00:01:59: _FNC_PVAH_AdminReq: j7f15893f4e597969425e6f1e288d1540998f4e583e02
29.02.2020 00:01:59: _token_by_uid: r524f756c2a7e17459975
29.02.2020 00:01:59: _uid_by_token: n551245325d7225159897
29.02.2020 00:01:59: _server_setTokenR: x1c1e2493624f4c6c833e6f642709557535272255
29.02.2020 00:01:59: _YourPlayerToken: u1d4c5c4765032e228c372c6c7e4e391d352927
29.02.2020 00:01:59: _TokenCT: b1f259d9d6835725c6c971c224812236e
29.02.2020 00:01:59: _AH_MAIN_BLOCK: l2735278c35127d731c3582351e525a942f85522c283e8e6f25154965
29.02.2020 00:01:59: _AHKickOFF: a4325122288144d2c675e7a1d
29.02.2020 00:01:59: _AHKickLog: g4e79251e3f6f3a325e351d97
29.02.2020 00:01:59: _clientdo: c87833390725e1c9712377c8e90093d
29.02.2020 00:01:59: _AH_RunCheckENDVAR: f83225e8712893e4d6e4252153f655777421d62
29.02.2020 00:01:59: _AH_RunCheckENDVAR_THREAD: e1d157c4d4e503e85557e
29.02.2020 00:01:59: _AH_HackLogArrayRND: m1e728763878a4215473340
29.02.2020 00:01:59: _AH_SurvLogArrayRND: m573e3f15294d6c842d493f657c35721e2c5f12
29.02.2020 00:01:59: _AH_AdmiLogArrayRND: y4e6c5a726d5a87691e900d62
29.02.2020 00:01:59: _TMPBAN: v5e3e7259333c831c6275
29.02.2020 00:01:59: _massMessage: m5e8593572c2364121d6222428e020719595e333c
29.02.2020 00:01:59: _massSysMessage: u226f9a55424c3f692a0d
29.02.2020 00:01:59: _AHpos: b3e7555697a8e70155f4e553e7f455087
29.02.2020 00:01:59: _ninetwo: i5e8f2e34539f4a6a780a48874d
29.02.2020 00:01:59: _ninetwothread: r323a8c1c6958952d4f1c2c394a
29.02.2020 00:01:59: _adminsA: i7e3e652c626e726e2f5f692252632e3f
29.02.2020 00:01:59: _MC: c5a08455c156e923577458c6432626e43777e484a44591c4e27
29.02.2020 00:01:59: _MCS: v62621c722d30177f222e2d952a
29.02.2020 00:01:59: _checkidicheckcheck: a8e737275149a8a2547659d80378e
29.02.2020 00:01:59: _lastshotmade: y3e4e8e152c2343508e7249592c7c8f2e
29.02.2020 00:01:59: <infiSTAR.de> _fnc_RandomGen: {
_fnc_actualGen = {
_abc = ['z','y','x','w','v','u','t','s','r','q','p','o','n','m','l','k','j','i','h','g','f','e','d','c','b','a'];
_gen = _abc select (random ((count _abc)-1));
_arr = ['a','5','c','4','d','f','c','e','5','2','2','0','d','e','7','f','9','5','7','8','e','9','a','5','c','3','2','7','e','2','3'];
_randmax = {((round(random _randminval)) + (round(random _randmaxval))) max _randminval};
for '_i' from 0 to (call _randmax)do
{
_gen = _gen + str(round(random 9)) + (_arr select (random ((count _arr)-1)));
};
};
_gen = '';
while{_gen=='' || _gen in _allRandomGenVars}do{
call _fnc_actualGen;
};
_allRandomGenVars pushBack _gen;
_gen
}
29.02.2020 00:01:59: ----START-LINE----   (12-01-2020 22-45-36 - v0260)
29.02.2020 00:01:59: _adminbox: c5d95786c3c353f87627525724230641e2c72937c4d5d64047835
29.02.2020 00:01:59: _fnc_mpPackets: y3d2863307c842c256204425e1e699c992f8d0d4c
29.02.2020 00:01:59: _FNC_AH_KICKLOG: d17427519899229850282045263673e220c1c4a5c2f5d6d9055
29.02.2020 00:01:59: _FNC_AH_KICKLOGSPAWN: u8f893e476d7a6265729e
29.02.2020 00:01:59: _FNC_PVAH_AdminReq: j7f15893f4e597969425e6f1e288d1540998f4e583e02
29.02.2020 00:01:59: _token_by_uid: r524f756c2a7e17459975
29.02.2020 00:01:59: _uid_by_token: n551245325d7225159897
29.02.2020 00:01:59: _server_setTokenR: x1c1e2493624f4c6c833e6f642709557535272255
29.02.2020 00:01:59: _YourPlayerToken: u1d4c5c4765032e228c372c6c7e4e391d352927
29.02.2020 00:01:59: _TokenCT: b1f259d9d6835725c6c971c224812236e
29.02.2020 00:01:59: _AH_MAIN_BLOCK: l2735278c35127d731c3582351e525a942f85522c283e8e6f25154965
29.02.2020 00:01:59: _AHKickOFF: a4325122288144d2c675e7a1d
29.02.2020 00:01:59: _AHKickLog: g4e79251e3f6f3a325e351d97
29.02.2020 00:01:59: _clientdo: c87833390725e1c9712377c8e90093d
29.02.2020 00:01:59: _AH_RunCheckENDVAR: f83225e8712893e4d6e4252153f655777421d62
29.02.2020 00:01:59: _AH_RunCheckENDVAR_THREAD: e1d157c4d4e503e85557e
29.02.2020 00:01:59: _AH_HackLogArrayRND: m1e728763878a4215473340
29.02.2020 00:01:59: _AH_SurvLogArrayRND: m573e3f15294d6c842d493f657c35721e2c5f12
29.02.2020 00:01:59: _AH_AdmiLogArrayRND: y4e6c5a726d5a87691e900d62
29.02.2020 00:01:59: _TMPBAN: v5e3e7259333c831c6275
29.02.2020 00:01:59: _massMessage: m5e8593572c2364121d6222428e020719595e333c
29.02.2020 00:01:59: _massSysMessage: u226f9a55424c3f692a0d
29.02.2020 00:01:59: _AHpos: b3e7555697a8e70155f4e553e7f455087
29.02.2020 00:01:59: _ninetwo: i5e8f2e34539f4a6a780a48874d
29.02.2020 00:01:59: _ninetwothread: r323a8c1c6958952d4f1c2c394a
29.02.2020 00:01:59: _adminsA: i7e3e652c626e726e2f5f692252632e3f
29.02.2020 00:01:59: _MC: c5a08455c156e923577458c6432626e43777e484a44591c4e27
29.02.2020 00:01:59: _MCS: v62621c722d30177f222e2d952a
29.02.2020 00:01:59: _checkidicheckcheck: a8e737275149a8a2547659d80378e
29.02.2020 00:01:59: _lastshotmade: y3e4e8e152c2343508e7249592c7c8f2e
29.02.2020 00:01:59: _dellocveh: a2e3e888c5e37127319654f4d52771f4d3e84
29.02.2020 00:01:59: _inCombatTime: l8c9e0c759908205c53523d8f576e8f3c12
29.02.2020 00:01:59: _inCombatArray: f39175780553e5a7415520c7f1c741e3844454567346f1d
29.02.2020 00:01:59: _fnc_infiKeyHandler: w4e33124e655f68920f39321c147f785c4a9d594875
29.02.2020 00:01:59: _vehicle_needs_check: x6c329517950f321e3a031888728f4a62691a5c821e73
29.02.2020 00:02:00: _MAKE_VAR_DUMP_RANDOM: x2782857e255f553e524e6a4f182e5f650f0e49493243920f421e
29.02.2020 00:02:00: _MAKE_VAR_DUMP_CLIENT: j170e1d2e773480152c5e4c523e8e75
29.02.2020 00:02:00: _DUMPINGPLAYERUIDARRAY: p7d4755272c27324f6f1c78244769279f426574702563
29.02.2020 00:02:00: _CURRENTLYDUMPING: h4c2577326c2f1a25604f82158c082e697e226c795c
29.02.2020 00:02:00: _antiantihack_rndvar: s2c6d9a17659f726f172c822c
29.02.2020 00:02:00: _name_by_uid: d0a197f0325932c0c45653277788f179f276e2438774d621555
29.02.2020 00:02:00: _owner_by_uid: r388e7a5449557e822c02239c0469136d8d128590
29.02.2020 00:02:00: _customcommandingMenu: m2c35955070354052527278454e8f28326f75151c02
29.02.2020 00:02:00: _customcommandingMenuOpen: o7e8e3d37848c2e7c5c82
29.02.2020 00:02:00: _AH_KICKLOG: PVAHR_6v8o8w3r4c
29.02.2020 00:02:00: ----END-LINE----   (12-01-2020 22-45-36 - v0260)
29.02.2020 12:01:57: <infiSTAR.de> _fnc_RandomGen: {
_fnc_actualGen = {
_abc = ['z','y','x','w','v','u','t','s','r','q','p','o','n','m','l','k','j','i','h','g','f','e','d','c','b','a'];
_gen = _abc select (random ((count _abc)-1));
_arr = ['a','5','c','4','d','f','c','e','5','2','2','0','d','e','7','f','9','5','7','8','e','9','a','5','c','3','2','7','e','2','3'];
_randmax = {((round(random _randminval)) + (round(random _randmaxval))) max _randminval};
for '_i' from 0 to (call _randmax)do
{
_gen = _gen + str(round(random 9)) + (_arr select (random ((count _arr)-1)));
};
};
_gen = '';
while{_gen=='' || _gen in _allRandomGenVars}do{
call _fnc_actualGen;
};
_allRandomGenVars pushBack _gen;
_gen
}
29.02.2020 12:01:57: ----START-LINE----   (12-01-2020 22-45-36 - v0260)
29.02.2020 12:01:57: _adminbox: y094c345d334c878c280d8947496f47625a12691a85
29.02.2020 12:01:57: _fnc_mpPackets: c1249978d420d22138d8d702865597c228c1c5e
29.02.2020 12:01:57: _FNC_AH_KICKLOG: d820e23397935672f472e847e6c3717495e69856e1f69
29.02.2020 12:01:57: _FNC_AH_KICKLOGSPAWN: s4e1e5a52189e60672c7e274c1a4e8f473e6c6a994288
29.02.2020 12:01:57: _FNC_PVAH_AdminReq: t55323c4e6c3d874742726c525575826c6585778592877547595c89
29.02.2020 12:01:57: _token_by_uid: u1e54386552571354525a997c057a5875625325452d9f8e97
29.02.2020 12:01:57: _uid_by_token: x4c3d331c6535574e7e0822182f5745535543
29.02.2020 12:01:57: _server_setTokenR: y9c35381a75407a3299727c328c7a6c3d578284
29.02.2020 12:01:57: _YourPlayerToken: i895e2787428e45756d8318
29.02.2020 12:01:57: _TokenCT: v823d675e255f0220773c574919124e2c1352739f88
29.02.2020 12:01:57: _AH_MAIN_BLOCK: c2292357760557c371255438f3720194e599212758f5c2c227e1c5929
29.02.2020 12:01:57: _AHKickOFF: n65154d128e447c12553f802302252e2a5379450710875e456e459d2f1a
29.02.2020 12:01:57: _AHKickLog: m229c293592194c9d3c7a85075c6a1553251739020e3219
29.02.2020 12:01:57: _clientdo: l8c174a29194c5a4a7f2587348732328c6e596c452e4c8a45
29.02.2020 12:01:57: _AH_RunCheckENDVAR: n82254e4d374f222d5512
29.02.2020 12:01:57: _AH_RunCheckENDVAR_THREAD: d1f1e4232943e371c1d897087
29.02.2020 12:01:57: _AH_HackLogArrayRND: j170c625e2c3e2559437f
29.02.2020 12:01:57: _AH_SurvLogArrayRND: s296d138758851f4c3203
29.02.2020 12:01:57: _AH_AdmiLogArrayRND: g58772f120e545d5d188c98
29.02.2020 12:01:57: _TMPBAN: l626c498589534309653375
29.02.2020 12:01:57: _massMessage: r7d8558384e852f9513928e206e4c7e3e4c87
29.02.2020 12:01:57: _massSysMessage: x7d124c600e5c995e153d7915294e191d126a8d54270e4e3255
29.02.2020 12:01:57: _AHpos: h2254628f2e2a675c13805e453f570e35
29.02.2020 12:01:57: _ninetwo: b5a1532042c9e427d458a132c4e0e4e65624e08036e1273
29.02.2020 12:01:57: _ninetwothread: q4c226f255e45425c75487e6c1e409277525f7387
29.02.2020 12:01:57: _adminsA: s7c9f8e85328c44374d792d
29.02.2020 12:01:57: _MC: a4f837c528c65785c8c8d621c352e65935a7f4a85
29.02.2020 12:01:57: _MCS: p2c7577853f854f1d1c4e6c6c435e8e20334e1e2a8a651d2c1a
29.02.2020 12:01:57: _checkidicheckcheck: x33725a4745455918421d
29.02.2020 12:01:57: _lastshotmade: h676a1d2d5247756c0e0c053a6c3935626c577f12
29.02.2020 12:01:57: <infiSTAR.de> _fnc_RandomGen: {
_fnc_actualGen = {
_abc = ['z','y','x','w','v','u','t','s','r','q','p','o','n','m','l','k','j','i','h','g','f','e','d','c','b','a'];
_gen = _abc select (random ((count _abc)-1));
_arr = ['a','5','c','4','d','f','c','e','5','2','2','0','d','e','7','f','9','5','7','8','e','9','a','5','c','3','2','7','e','2','3'];
_randmax = {((round(random _randminval)) + (round(random _randmaxval))) max _randminval};
for '_i' from 0 to (call _randmax)do
{
_gen = _gen + str(round(random 9)) + (_arr select (random ((count _arr)-1)));
};
};
_gen = '';
while{_gen=='' || _gen in _allRandomGenVars}do{
call _fnc_actualGen;
};
_allRandomGenVars pushBack _gen;
_gen
}
29.02.2020 12:01:57: ----START-LINE----   (12-01-2020 22-45-36 - v0260)
29.02.2020 12:01:57: _adminbox: y094c345d334c878c280d8947496f47625a12691a85
29.02.2020 12:01:57: _fnc_mpPackets: c1249978d420d22138d8d702865597c228c1c5e
29.02.2020 12:01:57: _FNC_AH_KICKLOG: d820e23397935672f472e847e6c3717495e69856e1f69
29.02.2020 12:01:57: _FNC_AH_KICKLOGSPAWN: s4e1e5a52189e60672c7e274c1a4e8f473e6c6a994288
29.02.2020 12:01:57: _FNC_PVAH_AdminReq: t55323c4e6c3d874742726c525575826c6585778592877547595c89
29.02.2020 12:01:57: _token_by_uid: u1e54386552571354525a997c057a5875625325452d9f8e97
29.02.2020 12:01:57: _uid_by_token: x4c3d331c6535574e7e0822182f5745535543
29.02.2020 12:01:57: _server_setTokenR: y9c35381a75407a3299727c328c7a6c3d578284
29.02.2020 12:01:57: _YourPlayerToken: i895e2787428e45756d8318
29.02.2020 12:01:57: _TokenCT: v823d675e255f0220773c574919124e2c1352739f88
29.02.2020 12:01:57: _AH_MAIN_BLOCK: c2292357760557c371255438f3720194e599212758f5c2c227e1c5929
29.02.2020 12:01:57: _AHKickOFF: n65154d128e447c12553f802302252e2a5379450710875e456e459d2f1a
29.02.2020 12:01:57: _AHKickLog: m229c293592194c9d3c7a85075c6a1553251739020e3219
29.02.2020 12:01:57: _clientdo: l8c174a29194c5a4a7f2587348732328c6e596c452e4c8a45
29.02.2020 12:01:57: _AH_RunCheckENDVAR: n82254e4d374f222d5512
29.02.2020 12:01:57: _AH_RunCheckENDVAR_THREAD: d1f1e4232943e371c1d897087
29.02.2020 12:01:57: _AH_HackLogArrayRND: j170c625e2c3e2559437f
29.02.2020 12:01:57: _AH_SurvLogArrayRND: s296d138758851f4c3203
29.02.2020 12:01:57: _AH_AdmiLogArrayRND: g58772f120e545d5d188c98
29.02.2020 12:01:57: _TMPBAN: l626c498589534309653375
29.02.2020 12:01:57: _massMessage: r7d8558384e852f9513928e206e4c7e3e4c87
29.02.2020 12:01:57: _massSysMessage: x7d124c600e5c995e153d7915294e191d126a8d54270e4e3255
29.02.2020 12:01:57: _AHpos: h2254628f2e2a675c13805e453f570e35
29.02.2020 12:01:57: _ninetwo: b5a1532042c9e427d458a132c4e0e4e65624e08036e1273
29.02.2020 12:01:57: _ninetwothread: q4c226f255e45425c75487e6c1e409277525f7387
29.02.2020 12:01:57: _adminsA: s7c9f8e85328c44374d792d
29.02.2020 12:01:57: _MC: a4f837c528c65785c8c8d621c352e65935a7f4a85
29.02.2020 12:01:57: _MCS: p2c7577853f854f1d1c4e6c6c435e8e20334e1e2a8a651d2c1a
29.02.2020 12:01:57: _checkidicheckcheck: x33725a4745455918421d
29.02.2020 12:01:57: _lastshotmade: h676a1d2d5247756c0e0c053a6c3935626c577f12
29.02.2020 12:01:57: _dellocveh: k257c6d072f3c2f4e040967896e4285878d296d
29.02.2020 12:01:57: _inCombatTime: s48152c55593a133703024c773c405c455e8e6d0e02727d5f9d
29.02.2020 12:01:57: _inCombatArray: x23782e60487d0737724e7484
29.02.2020 12:01:57: _fnc_infiKeyHandler: t2e57420c5f5f982c4d87634e25678525222e5e2509255772
29.02.2020 12:01:57: _vehicle_needs_check: s600c5d834739422c8d6d
29.02.2020 12:01:58: _MAKE_VAR_DUMP_RANDOM: w291f1c905d844542056c1e5c2e226577644502829e4d
29.02.2020 12:01:58: _MAKE_VAR_DUMP_CLIENT: t22708235050385350d1c384c431e
29.02.2020 12:01:58: _DUMPINGPLAYERUIDARRAY: y1d956f428c2e221f5e8e557d
29.02.2020 12:01:58: _CURRENTLYDUMPING: j4e2e651f5f1a4a144c6e63252e42
29.02.2020 12:01:58: _antiantihack_rndvar: f22971f7d226f556c29273f42042203
29.02.2020 12:01:58: _name_by_uid: q9a297974187d6e13679785
29.02.2020 12:01:58: _owner_by_uid: j62650d6f757e8d829242
29.02.2020 12:01:58: _customcommandingMenu: c4f476e572575501e3280
29.02.2020 12:01:58: _customcommandingMenuOpen: f5d8c8e15571355756f8f8d12694f3822525e5c1e7e
29.02.2020 12:01:58: _AH_KICKLOG: PVAHR_5l4z0q3w6r3n4l
29.02.2020 12:01:58: ----END-LINE----   (12-01-2020 22-45-36 - v0260)
29.02.2020 23:53:15: <infiSTAR.de> _fnc_RandomGen: {
_fnc_actualGen = {
_abc = ['z','y','x','w','v','u','t','s','r','q','p','o','n','m','l','k','j','i','h','g','f','e','d','c','b','a'];
_gen = _abc select (random ((count _abc)-1));
_arr = ['a','5','c','4','d','f','c','e','5','2','2','0','d','e','7','f','9','5','7','8','e','9','a','5','c','3','2','7','e','2','3'];
_randmax = {((round(random _randminval)) + (round(random _randmaxval))) max _randminval};
for '_i' from 0 to (call _randmax)do
{
_gen = _gen + str(round(random 9)) + (_arr select (random ((count _arr)-1)));
};
};
_gen = '';
while{_gen=='' || _gen in _allRandomGenVars}do{
call _fnc_actualGen;
};
_allRandomGenVars pushBack _gen;
_gen
}
29.02.2020 23:53:15: ----START-LINE----   (12-01-2020 22-45-36 - v0260)
29.02.2020 23:53:15: _adminbox: u3a626a1d8705291d33120315137233838f83
29.02.2020 23:53:15: _fnc_mpPackets: m133f75876d1c3d273c6c2032171e579c
29.02.2020 23:53:15: _FNC_AH_KICKLOG: y2283150e8e073f594c7f95676a6c92
29.02.2020 23:53:15: _FNC_AH_KICKLOGSPAWN: x5715374c727d879a8e553e
29.02.2020 23:53:15: _FNC_PVAH_AdminReq: b5c2223498377127c555e34626215
29.02.2020 23:53:15: _token_by_uid: y174e65650e3d894e85752c723d
29.02.2020 23:53:15: _uid_by_token: p82456a7e7d69734f2c74
29.02.2020 23:53:15: _server_setTokenR: t6c5d852493601279777a5f603f2d3e17175878
29.02.2020 23:53:15: _YourPlayerToken: i19457e5d691364228d772517572e
29.02.2020 23:53:15: _TokenCT: h1e07679e734e75556e1e5575552f8f7f
29.02.2020 23:53:15: _AH_MAIN_BLOCK: z35284293248264598e935d2785756a793c3a8e34940272
29.02.2020 23:53:15: _AHKickOFF: p0c08941d823f8f22694a7d22423a75138854845e351e9e
29.02.2020 23:53:15: _AHKickLog: h120f62902e559450522d35
29.02.2020 23:53:15: _clientdo: h8e6e725d9c5245454c27
29.02.2020 23:53:15: _AH_RunCheckENDVAR: r87025e2c496547456e2c6f5522
29.02.2020 23:53:15: _AH_RunCheckENDVAR_THREAD: h47876e274552120d3e1a
29.02.2020 23:53:15: _AH_HackLogArrayRND: h933a722563656f2e4f22
29.02.2020 23:53:15: _AH_SurvLogArrayRND: y52701757450525648e6c
29.02.2020 23:53:15: _AH_AdmiLogArrayRND: v825e8d9547902c721d755c1f87
29.02.2020 23:53:15: _TMPBAN: u85726579105c5c3e635a328f8e0c0e8d5d3f306c
29.02.2020 23:53:15: _massMessage: v27873c3442705c3a87342c7c8598226c220c79745c13274f5717
29.02.2020 23:53:15: _massSysMessage: d4e0c7c44537837728d5555
29.02.2020 23:53:15: _AHpos: k90497f7953955d7c336e17
29.02.2020 23:53:15: _ninetwo: m2c3c60121d3905258372993a6e3c70750c772c3f13440c7e1c856e2e
29.02.2020 23:53:15: _ninetwothread: x3e4a4c6242371962748d1a39
29.02.2020 23:53:15: _adminsA: c554c943a793c85223d5d328547751c220c75
29.02.2020 23:53:15: _MC: h405e405e6c4e846c9f39
29.02.2020 23:53:15: _MCS: h4f1e4d1e7c1379175582102c52
29.02.2020 23:53:15: _checkidicheckcheck: v457582224e721a6c6728
29.02.2020 23:53:15: _lastshotmade: f7e480a45858f153f50874a402e2592204d2275
29.02.2020 23:53:15: <infiSTAR.de> _fnc_RandomGen: {
_fnc_actualGen = {
_abc = ['z','y','x','w','v','u','t','s','r','q','p','o','n','m','l','k','j','i','h','g','f','e','d','c','b','a'];
_gen = _abc select (random ((count _abc)-1));
_arr = ['a','5','c','4','d','f','c','e','5','2','2','0','d','e','7','f','9','5','7','8','e','9','a','5','c','3','2','7','e','2','3'];
_randmax = {((round(random _randminval)) + (round(random _randmaxval))) max _randminval};
for '_i' from 0 to (call _randmax)do
{
_gen = _gen + str(round(random 9)) + (_arr select (random ((count _arr)-1)));
};
};
_gen = '';
while{_gen=='' || _gen in _allRandomGenVars}do{
call _fnc_actualGen;
};
_allRandomGenVars pushBack _gen;
_gen
}
29.02.2020 23:53:15: ----START-LINE----   (12-01-2020 22-45-36 - v0260)
29.02.2020 23:53:15: _adminbox: u3a626a1d8705291d33120315137233838f83
29.02.2020 23:53:15: _fnc_mpPackets: m133f75876d1c3d273c6c2032171e579c
29.02.2020 23:53:15: _FNC_AH_KICKLOG: y2283150e8e073f594c7f95676a6c92
29.02.2020 23:53:15: _FNC_AH_KICKLOGSPAWN: x5715374c727d879a8e553e
29.02.2020 23:53:15: _FNC_PVAH_AdminReq: b5c2223498377127c555e34626215
29.02.2020 23:53:15: _token_by_uid: y174e65650e3d894e85752c723d
29.02.2020 23:53:15: _uid_by_token: p82456a7e7d69734f2c74
29.02.2020 23:53:15: _server_setTokenR: t6c5d852493601279777a5f603f2d3e17175878
29.02.2020 23:53:15: _YourPlayerToken: i19457e5d691364228d772517572e
29.02.2020 23:53:15: _TokenCT: h1e07679e734e75556e1e5575552f8f7f
29.02.2020 23:53:15: _AH_MAIN_BLOCK: z35284293248264598e935d2785756a793c3a8e34940272
29.02.2020 23:53:15: _AHKickOFF: p0c08941d823f8f22694a7d22423a75138854845e351e9e
29.02.2020 23:53:15: _AHKickLog: h120f62902e559450522d35
29.02.2020 23:53:15: _clientdo: h8e6e725d9c5245454c27
29.02.2020 23:53:15: _AH_RunCheckENDVAR: r87025e2c496547456e2c6f5522
29.02.2020 23:53:15: _AH_RunCheckENDVAR_THREAD: h47876e274552120d3e1a
29.02.2020 23:53:15: _AH_HackLogArrayRND: h933a722563656f2e4f22
29.02.2020 23:53:15: _AH_SurvLogArrayRND: y52701757450525648e6c
29.02.2020 23:53:15: _AH_AdmiLogArrayRND: v825e8d9547902c721d755c1f87
29.02.2020 23:53:15: _TMPBAN: u85726579105c5c3e635a328f8e0c0e8d5d3f306c
29.02.2020 23:53:15: _massMessage: v27873c3442705c3a87342c7c8598226c220c79745c13274f5717
29.02.2020 23:53:15: _massSysMessage: d4e0c7c44537837728d5555
29.02.2020 23:53:15: _AHpos: k90497f7953955d7c336e17
29.02.2020 23:53:15: _ninetwo: m2c3c60121d3905258372993a6e3c70750c772c3f13440c7e1c856e2e
29.02.2020 23:53:15: _ninetwothread: x3e4a4c6242371962748d1a39
29.02.2020 23:53:15: _adminsA: c554c943a793c85223d5d328547751c220c75
29.02.2020 23:53:15: _MC: h405e405e6c4e846c9f39
29.02.2020 23:53:15: _MCS: h4f1e4d1e7c1379175582102c52
29.02.2020 23:53:15: _checkidicheckcheck: v457582224e721a6c6728
29.02.2020 23:53:15: _lastshotmade: f7e480a45858f153f50874a402e2592204d2275
29.02.2020 23:53:15: _dellocveh: p8573774f706d204e7c8f9e4d8a63493c59332c
29.02.2020 23:53:15: _inCombatTime: t3e651509353a1d77924c
29.02.2020 23:53:15: _inCombatArray: q228078371c8242974c13784719101a5e77752822372e5e6270
29.02.2020 23:53:15: _vehicle_needs_check: h876c6475127c59404f8c574a5e551e22694579
29.02.2020 23:53:16: _vehicle_needs_check: h876c6475127c59404f8c574a5e551e22694579
29.02.2020 23:53:16: _MAKE_VAR_DUMP_RANDOM: b251d5e5c7c4f52389d637c9c5c1c3c42127f4c555c744d3732
29.02.2020 23:53:16: _MAKE_VAR_DUMP_CLIENT: q7545854f35795a2e4f259f123a3f5c8525
29.02.2020 23:53:16: _DUMPINGPLAYERUIDARRAY: y8e43022d4e2a654992442242504313824c22733597359529
29.02.2020 23:53:16: _CURRENTLYDUMPING: l1f4459855a4e772e82474d8c1267
29.02.2020 23:53:16: _antiantihack_rndvar: t247e0f6e159d3c7f537c1c65874e5a327c136555723d192d5e
29.02.2020 23:53:16: _name_by_uid: m1f5329656e8f45428204792c0f5f2c6e8e222252252c893c0f1e09772e
29.02.2020 23:53:16: _owner_by_uid: l20784d82952989896245937862
29.02.2020 23:53:16: _customcommandingMenu: x2c5914723c9c7389928f
29.02.2020 23:53:16: _customcommandingMenuOpen: y85695a2f7e424e73378f647c757565122c67
29.02.2020 23:53:16: _AH_KICKLOG: PVAHR_4i1x3o0r8a2c4w8m
29.02.2020 23:53:16: ----END-LINE----   (12-01-2020 22-45-36 - v0260)
