05.03.2020 00:02:00: infiSTAR_PlayerConnected_id: 1
05.03.2020 00:02:00: infiSTAR_PlayerDisconnected_id: 0
05.03.2020 08:28:52: 8h 28min | Connected: Alex Potato(76561198135028041 - 4) - time: 30415.1 - serverFPS: 45.977
05.03.2020 09:49:09: 9h 48min | Disconnected: Alex Potato(76561198135028041 - 4) - time: 35231.8 - serverFPS: 45.4545
05.03.2020 09:51:23: 9h 51min | Connected: William(76561198213286991 - 5) - time: 35365.4 - serverFPS: 46.2428
05.03.2020 09:57:42: 9h 57min | Disconnected: William(76561198213286991 - 5) - time: 35744.1 - serverFPS: 45.8453
05.03.2020 12:01:59: infiSTAR_PlayerConnected_id: 1
05.03.2020 12:01:59: infiSTAR_PlayerDisconnected_id: 0
05.03.2020 12:22:51: 0h 22min | Connected: Ethan Romano(76561198108391247 - 4) - time: 1255.52 - serverFPS: 46.3768
05.03.2020 12:33:09: 0h 32min | Disconnected: Ethan Romano(76561198108391247 - 4) - time: 1871.88 - serverFPS: 39.9002
05.03.2020 12:33:10: 0h 32min | Connected: Alex Potato(76561198135028041 - 5) - time: 1873.48 - serverFPS: 45.4545
05.03.2020 12:39:45: 0h 39min | Connected: Ethan Romano(76561198108391247 - 6) - time: 2267.58 - serverFPS: 46.6472
05.03.2020 13:33:23: 1h 33min | Connected: S.Kingston(76561198046640450 - 7) - time: 5485.5 - serverFPS: 45.4545
05.03.2020 13:42:29: 1h 42min | Disconnected: Alex Potato(76561198135028041 - 5) - time: 6031.52 - serverFPS: 46.3768
05.03.2020 13:47:22: 1h 47min | Connected: Alex Potato(76561198135028041 - 8) - time: 6324.72 - serverFPS: 46.5116
05.03.2020 13:58:33: 1h 58min | Connected: William(76561198213286991 - 9) - time: 6994.67 - serverFPS: 45.584
05.03.2020 14:04:38: 2h 4min | Connected: Wyclef(76561198038112694 - 10) - time: 7359.21 - serverFPS: 45.3258
05.03.2020 14:24:20: 2h 24min | Disconnected: Ethan Romano(76561198108391247 - 6) - time: 8540.78 - serverFPS: 45.584
05.03.2020 14:48:15: 2h 47min | Disconnected: Alex Potato(76561198135028041 - 8) - time: 9975.99 - serverFPS: 45.4545
05.03.2020 14:50:39: 2h 50min | Connected: Donnie Turbo(76561198041233395 - 11) - time: 10119.2 - serverFPS: 45.4545
05.03.2020 14:55:14: 2h 54min | Connected: Alex Potato(76561198135028041 - 12) - time: 10394.6 - serverFPS: 45.7143
05.03.2020 15:22:33: 3h 22min | Disconnected: Alex Potato(76561198135028041 - 12) - time: 12032.8 - serverFPS: 45.977
05.03.2020 15:45:09: 3h 44min | Disconnected: Wyclef(76561198038112694 - 10) - time: 13388.1 - serverFPS: 45.7143
05.03.2020 16:23:47: 4h 23min | Connected: Axel Wolfe(76561198091943121 - 13) - time: 15706.1 - serverFPS: 45.4545
05.03.2020 16:25:53: 4h 25min | Connected: User(76561197961603102 - 14) - time: 15831.7 - serverFPS: 47.0588
05.03.2020 16:26:09: 4h 25min | Disconnected: User(76561197961603102 - 14) - time: 15847.6 - serverFPS: 46.2428
05.03.2020 16:26:32: 4h 26min | Connected: User(76561197961603102 - 14) - time: 15870.8 - serverFPS: 45.3258
05.03.2020 16:44:10: 4h 43min | Disconnected: Axel Wolfe(76561198091943121 - 13) - time: 16928.3 - serverFPS: 45.584
05.03.2020 16:46:30: 4h 46min | Connected: cmoor(76561198036952108 - 15) - time: 17067.8 - serverFPS: 45.7143
05.03.2020 16:47:25: 4h 47min | Connected: Sternn(76561198087299936 - 16) - time: 17123.5 - serverFPS: 45.3258
05.03.2020 16:51:41: 4h 51min | Connected: William Romano(76561198149474498 - 17) - time: 17378.3 - serverFPS: 45.584
05.03.2020 16:52:13: 4h 51min | Connected: Nino Marino(76561198206026112 - 18) - time: 17410.2 - serverFPS: 45.3258
05.03.2020 16:53:12: 4h 52min | Disconnected: cmoor(76561198036952108 - 15) - time: 17469.2 - serverFPS: 45.7143
05.03.2020 16:55:49: 4h 55min | Connected: Ethan Romano(76561198108391247 - 19) - time: 17625.7 - serverFPS: 45.3258
05.03.2020 17:17:19: 5h 17min | Connected: luke(76561198264871362 - 21) - time: 18916 - serverFPS: 45.7143
05.03.2020 17:17:24: 5h 17min | Connected: Ivan Pershketov(76561198105940600 - 20) - time: 18921 - serverFPS: 25.7235
05.03.2020 17:20:41: 5h 20min | Disconnected: luke(76561198264871362 - 21) - time: 19117 - serverFPS: 45.977
05.03.2020 17:24:10: 5h 23min | Connected: luke(76561198264871362 - 22) - time: 19325.9 - serverFPS: 46.1095
05.03.2020 17:31:02: 5h 30min | Connected: Amado Carrillo fuentes(76561198354844800 - 23) - time: 19738.2 - serverFPS: 45.7143
05.03.2020 17:37:18: 5h 36min | Disconnected: User(76561197961603102 - 14) - time: 20113.1 - serverFPS: 45.1977
05.03.2020 17:47:30: 5h 47min | Connected: Peppe Valachi(76561198272370927 - 25) - time: 20725.7 - serverFPS: 45.7143
05.03.2020 17:59:33: 5h 59min | Connected: Axel Wolfe(76561198091943121 - 27) - time: 21447.9 - serverFPS: 45.8453
05.03.2020 18:07:43: 6h 7min | Connected: Frederick Roberts(76561198077986945 - 28) - time: 21937.7 - serverFPS: 46.1095
05.03.2020 18:10:33: 6h 10min | Disconnected: Frederick Roberts(76561198077986945 - 28) - time: 22107 - serverFPS: 45.3258
05.03.2020 18:24:00: 6h 23min | Disconnected: Ivan Pershketov(76561198105940600 - 20) - time: 22914.4 - serverFPS: 45.977
05.03.2020 18:30:29: 6h 30min | Connected: PFC DJ(76561198237011162 - 29) - time: 23302.9 - serverFPS: 45.977
05.03.2020 18:32:58: 6h 32min | Disconnected: PFC DJ(76561198237011162 - 29) - time: 23451.7 - serverFPS: 41.3437
05.03.2020 18:40:02: 6h 39min | Connected: PFC DJ(76561198237011162 - 30) - time: 23876.7 - serverFPS: 46.7836
05.03.2020 18:41:21: 6h 41min | Disconnected: PFC DJ(76561198237011162 - 30) - time: 23954.2 - serverFPS: 45.4545
05.03.2020 18:45:19: 6h 45min | Disconnected: William Romano(76561198149474498 - 17) - time: 24193.2 - serverFPS: 45.584
05.03.2020 18:45:37: 6h 45min | Disconnected: Ethan Romano(76561198108391247 - 19) - time: 24210.5 - serverFPS: 45.7143
05.03.2020 18:46:23: 6h 46min | Disconnected: Sternn(76561198087299936 - 16) - time: 24256.6 - serverFPS: 45.4545
05.03.2020 18:58:22: 6h 58min | Disconnected: Axel Wolfe(76561198091943121 - 27) - time: 24975.6 - serverFPS: 45.8453
05.03.2020 19:05:21: 7h 5min | Connected: Ivan Pershketov(76561198105940600 - 31) - time: 25393.8 - serverFPS: 45.1977
05.03.2020 19:09:01: 7h 8min | Disconnected: luke(76561198264871362 - 22) - time: 25614 - serverFPS: 45.7143
05.03.2020 19:12:14: 7h 11min | Disconnected: Peppe Valachi(76561198272370927 - 25) - time: 25806.9 - serverFPS: 46.2428
05.03.2020 19:13:05: 7h 12min | Connected: Ryan Johnson(76561198272370927 - 33) - time: 25858.2 - serverFPS: 45.4545
05.03.2020 19:13:37: 7h 13min | Connected: luke(76561198264871362 - 32) - time: 25889.1 - serverFPS: 47.3373
05.03.2020 19:21:26: 7h 21min | Connected: Alex Potato(76561198135028041 - 34) - time: 26358.4 - serverFPS: 45.8453
05.03.2020 19:48:11: 7h 47min | Disconnected: Alex Potato(76561198135028041 - 34) - time: 27961.4 - serverFPS: 45.977
05.03.2020 19:48:42: 7h 48min | Disconnected: luke(76561198264871362 - 32) - time: 27992.5 - serverFPS: 45.8453
05.03.2020 19:48:44: 7h 48min | Connected: Alex Potato(76561198135028041 - 34) - time: 27995 - serverFPS: 45.977
05.03.2020 19:52:52: 7h 52min | Connected: luke(76561198264871362 - 35) - time: 28242.6 - serverFPS: 45.584
05.03.2020 19:55:35: 7h 55min | Disconnected: Ivan Pershketov(76561198105940600 - 31) - time: 28405.3 - serverFPS: 45.4545
05.03.2020 19:56:37: 7h 56min | Connected: Ivan Pershketov(76561198105940600 - 36) - time: 28466.8 - serverFPS: 45.8453
05.03.2020 20:29:32: 8h 29min | Disconnected: luke(76561198264871362 - 35) - time: 30440.6 - serverFPS: 45.584
05.03.2020 20:33:01: 8h 32min | Connected: luke(76561198264871362 - 37) - time: 30649.9 - serverFPS: 47.1976
05.03.2020 20:35:14: 8h 34min | Disconnected: Ivan Pershketov(76561198105940600 - 36) - time: 30782.7 - serverFPS: 45.3258
05.03.2020 20:38:37: 8h 38min | Disconnected: Ryan Johnson(76561198272370927 - 33) - time: 30986.1 - serverFPS: 45.584
05.03.2020 20:39:18: 8h 38min | Connected: Ryan Johnson(76561198272370927 - 33) - time: 31026.6 - serverFPS: 46.3768
05.03.2020 20:41:01: 8h 40min | Disconnected: luke(76561198264871362 - 37) - time: 31129.6 - serverFPS: 45.584
05.03.2020 20:45:35: 8h 45min | Connected: luke(76561198264871362 - 40) - time: 31403.6 - serverFPS: 45.584
05.03.2020 20:50:04: 8h 49min | Disconnected: luke(76561198264871362 - 40) - time: 31672.8 - serverFPS: 46.2428
05.03.2020 20:52:10: 8h 51min | Disconnected: Amado Carrillo fuentes(76561198354844800 - 23) - time: 31797.8 - serverFPS: 45.7143
05.03.2020 21:04:39: 9h 4min | Connected: K-12 J. Shepard(76561198043298972 - 43) - time: 32547.2 - serverFPS: 45.1977
05.03.2020 21:07:12: 9h 6min | Connected: Wyclef(76561198038112694 - 44) - time: 32699.8 - serverFPS: 46.2428
05.03.2020 21:09:11: 9h 8min | Disconnected: Wyclef(76561198038112694 - 44) - time: 32819 - serverFPS: 45.584
05.03.2020 21:09:25: 9h 9min | Connected: Wyclef(76561198038112694 - 44) - time: 32832.4 - serverFPS: 46.7836
05.03.2020 21:11:19: 9h 11min | Connected: luke(76561198264871362 - 42) - time: 32947 - serverFPS: 45.4545
05.03.2020 21:18:05: 9h 17min | Disconnected: William(76561198213286991 - 9) - time: 33352.1 - serverFPS: 45.4545
05.03.2020 21:18:12: 9h 17min | Disconnected: S.Kingston(76561198046640450 - 7) - time: 33359.3 - serverFPS: 45.7143
05.03.2020 21:53:35: 9h 53min | Disconnected: Wyclef(76561198038112694 - 44) - time: 35481.3 - serverFPS: 45.7143
05.03.2020 21:54:33: 9h 54min | Connected: Robert Kennedy(76561198083728776 - 45) - time: 35539.9 - serverFPS: 45.7143
05.03.2020 21:58:16: 9h 57min | Disconnected: K-12 J. Shepard(76561198043298972 - 43) - time: 35762.3 - serverFPS: 45.8453
05.03.2020 22:05:34: 10h 5min | Disconnected: Robert Kennedy(76561198083728776 - 45) - time: 36200.1 - serverFPS: 46.5116
05.03.2020 22:08:16: 10h 7min | Disconnected: Nino Marino(76561198206026112 - 18) - time: 36362.2 - serverFPS: 45.1977
05.03.2020 22:10:05: 10h 9min | Disconnected: Donnie Turbo(76561198041233395 - 11) - time: 36471.6 - serverFPS: 45.584
05.03.2020 22:11:55: 10h 11min | Disconnected: luke(76561198264871362 - 42) - time: 36581.3 - serverFPS: 46.2428
05.03.2020 22:36:27: 10h 36min | Disconnected: Ryan Johnson(76561198272370927 - 33) - time: 38052.6 - serverFPS: 46.5116
05.03.2020 22:36:32: 10h 36min | Disconnected: Alex Potato(76561198135028041 - 34) - time: 38057.7 - serverFPS: 45.3258
