03.03.2020 00:02:14: infiSTAR_PlayerConnected_id: 1
03.03.2020 00:02:14: infiSTAR_PlayerDisconnected_id: 0
03.03.2020 00:07:47: infiSTAR_PlayerConnected_id: 1
03.03.2020 00:07:47: infiSTAR_PlayerDisconnected_id: 0
03.03.2020 00:10:06: 0h 4min | Connected: Wyclef(76561198038112694 - 5) - time: 141.454 - serverFPS: 46.1095
03.03.2020 00:10:23: 0h 4min | Connected: Ryan Johnson(76561198272370927 - 4) - time: 157.577 - serverFPS: 45.7143
03.03.2020 00:11:56: 0h 5min | Disconnected: Wyclef(76561198038112694 - 5) - time: 250.237 - serverFPS: 46.5116
03.03.2020 00:59:34: infiSTAR_PlayerConnected_id: 1
03.03.2020 00:59:34: infiSTAR_PlayerDisconnected_id: 0
03.03.2020 01:02:09: 0h 4min | Connected: Wyclef(76561198038112694 - 4) - time: 158.892 - serverFPS: 45.3258
03.03.2020 01:08:03: 0h 10min | Connected: John Anderson(76561198180893505 - 5) - time: 512.506 - serverFPS: 45.584
03.03.2020 01:09:50: 0h 11min | Disconnected: Wyclef(76561198038112694 - 4) - time: 618.781 - serverFPS: 47.619
03.03.2020 01:09:56: 0h 12min | Disconnected: John Anderson(76561198180893505 - 5) - time: 625.047 - serverFPS: 45.584
03.03.2020 01:19:57: infiSTAR_PlayerConnected_id: 1
03.03.2020 01:19:57: infiSTAR_PlayerDisconnected_id: 0
03.03.2020 01:21:51: 0h 3min | Connected: Wyclef(76561198038112694 - 4) - time: 117.216 - serverFPS: 46.1095
03.03.2020 01:23:42: 0h 5min | Connected: John Anderson(76561198180893505 - 5) - time: 228.039 - serverFPS: 46.3768
03.03.2020 01:25:31: 0h 7min | Disconnected: Wyclef(76561198038112694 - 4) - time: 336.678 - serverFPS: 46.1095
03.03.2020 01:25:36: 0h 7min | Disconnected: John Anderson(76561198180893505 - 5) - time: 341.04 - serverFPS: 47.0588
03.03.2020 12:02:01: infiSTAR_PlayerConnected_id: 1
03.03.2020 12:02:01: infiSTAR_PlayerDisconnected_id: 0
03.03.2020 16:06:44: 4h 6min | Connected: Nino Marino(76561198206026112 - 6) - time: 14685.8 - serverFPS: 46.2428
03.03.2020 16:56:01: 4h 55min | Connected: Donnie Turbo(76561198041233395 - 7) - time: 17640.5 - serverFPS: 45.977
03.03.2020 17:02:19: 5h 2min | Connected: luke(76561198264871362 - 9) - time: 18018.7 - serverFPS: 45.8453
03.03.2020 17:07:16: 5h 6min | Connected: S.Kingston(76561198046640450 - 10) - time: 18315.1 - serverFPS: 45.4545
03.03.2020 17:36:29: 5h 36min | Disconnected: luke(76561198264871362 - 9) - time: 20067.6 - serverFPS: 45.584
03.03.2020 17:42:40: 5h 42min | Connected: luke(76561198264871362 - 11) - time: 20439.1 - serverFPS: 47.0588
03.03.2020 17:42:56: 5h 42min | Disconnected: Donnie Turbo(76561198041233395 - 7) - time: 20454.2 - serverFPS: 45.3258
03.03.2020 17:43:21: 5h 43min | Connected: Donnie Turbo(76561198041233395 - 7) - time: 20479.6 - serverFPS: 45.4545
03.03.2020 17:55:10: 5h 54min | Disconnected: luke(76561198264871362 - 11) - time: 21188.4 - serverFPS: 46.7836
03.03.2020 17:55:15: 5h 54min | Disconnected: S.Kingston(76561198046640450 - 10) - time: 21192.8 - serverFPS: 45.8453
03.03.2020 18:21:59: 6h 21min | Connected: Amado Carrillo fuentes(76561198354844800 - 12) - time: 22796.9 - serverFPS: 45.584
03.03.2020 18:34:02: 6h 33min | Disconnected: Amado Carrillo fuentes(76561198354844800 - 12) - time: 23520.2 - serverFPS: 45.584
03.03.2020 18:51:43: 6h 51min | Connected: Amado Carrillo fuentes(76561198354844800 - 13) - time: 24580.8 - serverFPS: 45.4545
03.03.2020 19:09:03: 7h 8min | Connected: John Anderson(76561198180893505 - 14) - time: 25620.2 - serverFPS: 45.4545
03.03.2020 19:11:44: 7h 11min | Connected: luke(76561198264871362 - 15) - time: 25781.2 - serverFPS: 45.3258
03.03.2020 19:45:42: 7h 45min | Disconnected: Amado Carrillo fuentes(76561198354844800 - 13) - time: 27818.7 - serverFPS: 45.584
03.03.2020 19:54:48: 7h 54min | Connected: Amado Carrillo fuentes(76561198354844800 - 16) - time: 28364.6 - serverFPS: 46.3768
03.03.2020 20:07:22: 8h 7min | Disconnected: Nino Marino(76561198206026112 - 6) - time: 29120.9 - serverFPS: 45.4545
03.03.2020 20:08:15: 8h 7min | Disconnected: Amado Carrillo fuentes(76561198354844800 - 16) - time: 29173.6 - serverFPS: 46.3768
03.03.2020 20:13:30: 8h 13min | Connected: Amado Carrillo fuentes(76561198354844800 - 17) - time: 29489.6 - serverFPS: 46.9208
03.03.2020 20:25:04: 8h 24min | Connected: Axel Wolfe(76561198091943121 - 18) - time: 30182.9 - serverFPS: 45.3258
03.03.2020 20:32:05: 8h 31min | Connected: Wyclef(76561198038112694 - 19) - time: 30602.4 - serverFPS: 45.8453
03.03.2020 20:37:00: 8h 36min | Connected: Rick Cheney(76561198860031547 - 20) - time: 30897.5 - serverFPS: 45.4545
03.03.2020 20:38:27: 8h 38min | Disconnected: Axel Wolfe(76561198091943121 - 18) - time: 30984.5 - serverFPS: 45.584
03.03.2020 20:43:37: 8h 43min | Connected: Axel Wolfe(76561198091943121 - 21) - time: 31294.3 - serverFPS: 45.7143
03.03.2020 21:06:56: 9h 6min | Disconnected: Wyclef(76561198038112694 - 19) - time: 32692.4 - serverFPS: 45.7143
03.03.2020 21:10:53: 9h 10min | Disconnected: Axel Wolfe(76561198091943121 - 21) - time: 32929.9 - serverFPS: 46.6472
03.03.2020 21:20:44: 9h 20min | Connected: Ryan Johnson(76561198272370927 - 22) - time: 33520.3 - serverFPS: 45.7143
03.03.2020 21:21:56: 9h 21min | Disconnected: Amado Carrillo fuentes(76561198354844800 - 17) - time: 33592.2 - serverFPS: 45.4545
03.03.2020 21:22:33: 9h 22min | Disconnected: John Anderson(76561198180893505 - 14) - time: 33628.8 - serverFPS: 45.8453
03.03.2020 21:31:13: 9h 30min | Connected: Jbo Marino[201](76561198206026112 - 24) - time: 34148.4 - serverFPS: 45.584
03.03.2020 21:40:18: 9h 40min | Connected: John Anderson(76561198180893505 - 25) - time: 34693.4 - serverFPS: 45.8453
03.03.2020 21:42:41: 9h 42min | Disconnected: Rick Cheney(76561198860031547 - 20) - time: 34835.8 - serverFPS: 46.5116
03.03.2020 22:11:01: 10h 10min | Disconnected: Donnie Turbo(76561198041233395 - 7) - time: 36535.7 - serverFPS: 45.8453
03.03.2020 22:55:58: 10h 55min | Disconnected: luke(76561198264871362 - 15) - time: 39232.6 - serverFPS: 45.4545
03.03.2020 23:31:30: 11h 31min | Disconnected: Ryan Johnson(76561198272370927 - 22) - time: 41364.2 - serverFPS: 45.977
03.03.2020 23:38:54: 11h 38min | Disconnected: Jbo Marino[201](76561198206026112 - 24) - time: 41807.3 - serverFPS: 46.7836
03.03.2020 23:45:35: 11h 45min | Disconnected: John Anderson(76561198180893505 - 25) - time: 42208.7 - serverFPS: 44.3213
