29.02.2020 00:02:00: infiSTAR_PlayerConnected_id: 1
29.02.2020 00:02:00: infiSTAR_PlayerDisconnected_id: 0
29.02.2020 00:04:22: 0h 4min | Connected: luke(76561198264871362 - 4) - time: 145.123 - serverFPS: 45.4545
29.02.2020 00:05:35: 0h 5min | Connected: Donnie Turbo(76561198041233395 - 5) - time: 217.438 - serverFPS: 45.8453
29.02.2020 00:05:58: 0h 5min | Connected: John Anderson(76561198180893505 - 6) - time: 241.075 - serverFPS: 45.584
29.02.2020 00:11:12: 0h 10min | Disconnected: luke(76561198264871362 - 4) - time: 554.04 - serverFPS: 45.3258
29.02.2020 00:14:34: 0h 14min | Connected: luke(76561198264871362 - 7) - time: 755.867 - serverFPS: 45.7143
29.02.2020 00:25:02: 0h 24min | Connected: [1k-40] Jose Santana(76561198206026112 - 10) - time: 1383.4 - serverFPS: 45.4545
29.02.2020 00:26:34: 0h 26min | Connected: Rogue Tjay(76561198883479728 - 9) - time: 1475.14 - serverFPS: 45.1977
29.02.2020 00:42:12: 0h 41min | Disconnected: Rogue Tjay(76561198883479728 - 9) - time: 2413.21 - serverFPS: 46.2428
29.02.2020 00:42:28: 0h 42min | Connected: Rogue Tjay(76561198883479728 - 9) - time: 2429.08 - serverFPS: 45.584
29.02.2020 00:43:20: 0h 43min | Disconnected: luke(76561198264871362 - 7) - time: 2480.69 - serverFPS: 46.3768
29.02.2020 00:45:17: 0h 44min | Disconnected: [1k-40] Jose Santana(76561198206026112 - 10) - time: 2598.17 - serverFPS: 46.1095
29.02.2020 00:47:52: 0h 47min | Connected: Sherman(76561198038112694 - 11) - time: 2752.47 - serverFPS: 47.0588
29.02.2020 01:22:27: 1h 22min | Connected: Low_Poly_Man(76561198137223112 - 12) - time: 4827.19 - serverFPS: 45.4545
29.02.2020 01:25:28: 1h 25min | Connected: luke(76561198264871362 - 13) - time: 5007.97 - serverFPS: 45.7143
29.02.2020 01:45:18: 1h 44min | Disconnected: John Anderson(76561198180893505 - 6) - time: 6197.84 - serverFPS: 45.8453
29.02.2020 01:45:49: 1h 45min | Connected: John Anderson(76561198180893505 - 6) - time: 6229.48 - serverFPS: 45.7143
29.02.2020 01:47:09: 1h 46min | Connected: Sergei Chedakai(76561198043298972 - 14) - time: 6308.13 - serverFPS: 47.1976
29.02.2020 01:49:13: 1h 48min | Disconnected: Low_Poly_Man(76561198137223112 - 12) - time: 6432.53 - serverFPS: 45.4545
29.02.2020 01:49:20: 1h 49min | Connected: Ivan Pershketov(76561198105940600 - 16) - time: 6439.41 - serverFPS: 45.8453
29.02.2020 01:49:53: 1h 49min | Connected: Low_Poly_Man(76561198137223112 - 12) - time: 6472.07 - serverFPS: 45.4545
29.02.2020 01:49:56: 1h 49min | Disconnected: luke(76561198264871362 - 13) - time: 6474.83 - serverFPS: 44.0771
29.02.2020 02:03:27: 2h 3min | Connected: luke(76561198264871362 - 17) - time: 7285.62 - serverFPS: 45.977
29.02.2020 02:12:10: 2h 11min | Connected: S.Kingston(76561198046640450 - 18) - time: 7807.18 - serverFPS: 45.7143
29.02.2020 02:12:58: 2h 12min | Disconnected: luke(76561198264871362 - 17) - time: 7854.29 - serverFPS: 46.7836
29.02.2020 02:15:28: 2h 15min | Connected: Amado Carrillo fuentes(76561198354844800 - 19) - time: 8003.16 - serverFPS: 45.7143
29.02.2020 02:16:37: 2h 16min | Connected: luke(76561198264871362 - 20) - time: 8072.45 - serverFPS: 45.8453
29.02.2020 02:31:25: 2h 31min | Disconnected: John Anderson(76561198180893505 - 6) - time: 8960.59 - serverFPS: 45.8453
29.02.2020 02:35:23: 2h 35min | Disconnected: luke(76561198264871362 - 20) - time: 9197.63 - serverFPS: 45.584
29.02.2020 02:36:06: 2h 35min | Connected: Nino Marino(76561198206026112 - 21) - time: 9240.2 - serverFPS: 45.977
29.02.2020 02:38:35: 2h 38min | Connected: BFcommando(76561198119767526 - 22) - time: 9389.55 - serverFPS: 46.3768
29.02.2020 02:39:13: 2h 38min | Connected: luke(76561198264871362 - 23) - time: 9426.78 - serverFPS: 46.2428
29.02.2020 02:52:48: 2h 52min | Connected: John Anderson(76561198180893505 - 6) - time: 10241.2 - serverFPS: 45.584
29.02.2020 02:54:38: 2h 54min | Disconnected: luke(76561198264871362 - 23) - time: 10351.1 - serverFPS: 46.6472
29.02.2020 03:01:01: 3h 0min | Connected: luke(76561198264871362 - 24) - time: 10734.6 - serverFPS: 45.8453
29.02.2020 03:02:59: 3h 2min | Disconnected: Rogue Tjay(76561198883479728 - 9) - time: 10851.6 - serverFPS: 45.977
29.02.2020 03:12:27: 3h 12min | Connected: Axel Jones(76561198091943121 - 25) - time: 11419 - serverFPS: 45.4545
29.02.2020 03:33:37: 3h 33min | Disconnected: Nino Marino(76561198206026112 - 21) - time: 12688.9 - serverFPS: 45.977
29.02.2020 03:36:35: 3h 36min | Connected: Betty Boop White(76561198206026112 - 26) - time: 12867 - serverFPS: 46.6472
29.02.2020 04:14:40: 4h 14min | Disconnected: Sherman(76561198038112694 - 11) - time: 15151.3 - serverFPS: 45.8453
29.02.2020 04:15:11: 4h 14min | Disconnected: Betty Boop White(76561198206026112 - 26) - time: 15182.3 - serverFPS: 45.977
29.02.2020 04:15:17: 4h 14min | Connected: Sherman(76561198038112694 - 11) - time: 15187.8 - serverFPS: 45.584
29.02.2020 04:15:35: 4h 15min | Connected: Betty Boop White(76561198206026112 - 26) - time: 15205.3 - serverFPS: 45.977
29.02.2020 04:22:13: 4h 21min | Disconnected: Sherman(76561198038112694 - 11) - time: 15603.7 - serverFPS: 46.3768
29.02.2020 04:22:28: 4h 22min | Connected: Sherman(76561198038112694 - 11) - time: 15618.2 - serverFPS: 45.7143
29.02.2020 04:22:56: 4h 22min | Disconnected: Sherman(76561198038112694 - 11) - time: 15646.1 - serverFPS: 47.3373
29.02.2020 04:25:14: 4h 24min | Connected: Sherman(76561198038112694 - 28) - time: 15783.9 - serverFPS: 45.977
29.02.2020 04:31:59: 4h 31min | Disconnected: Ivan Pershketov(76561198105940600 - 16) - time: 16185.7 - serverFPS: 45.584
29.02.2020 04:32:24: 4h 32min | Connected: Ivan Pershketov(76561198105940600 - 16) - time: 16211.1 - serverFPS: 45.7143
29.02.2020 04:35:23: 4h 35min | Connected: Robert Kennedy(76561198083728776 - 30) - time: 16390.5 - serverFPS: 45.4545
29.02.2020 04:36:58: 4h 36min | Connected: Khalidan Steyr(76561197997126699 - 29) - time: 16484.4 - serverFPS: 45.584
29.02.2020 04:37:25: 4h 37min | Disconnected: Amado Carrillo fuentes(76561198354844800 - 19) - time: 16511.5 - serverFPS: 46.3768
29.02.2020 04:40:22: 4h 40min | Disconnected: Khalidan Steyr(76561197997126699 - 29) - time: 16688.4 - serverFPS: 45.4545
29.02.2020 04:46:44: 4h 46min | Disconnected: Robert Kennedy(76561198083728776 - 30) - time: 17069.7 - serverFPS: 45.4545
29.02.2020 04:59:37: 4h 59min | Disconnected: Low_Poly_Man(76561198137223112 - 12) - time: 17843.5 - serverFPS: 45.7143
29.02.2020 04:59:43: 4h 59min | Connected: Robert Kennedy(76561198083728776 - 31) - time: 17849.4 - serverFPS: 46.1095
29.02.2020 05:06:05: 5h 5min | Disconnected: Axel Jones(76561198091943121 - 25) - time: 18230.7 - serverFPS: 45.4545
29.02.2020 05:07:55: 5h 7min | Disconnected: Ivan Pershketov(76561198105940600 - 16) - time: 18340.5 - serverFPS: 45.7143
29.02.2020 05:12:58: 5h 12min | Disconnected: S.Kingston(76561198046640450 - 18) - time: 18644.3 - serverFPS: 45.977
29.02.2020 05:15:40: 5h 15min | Disconnected: Sergei Chedakai(76561198043298972 - 14) - time: 18806 - serverFPS: 45.584
29.02.2020 05:15:51: 5h 15min | Disconnected: BFcommando(76561198119767526 - 22) - time: 18817.1 - serverFPS: 45.3258
29.02.2020 05:16:13: 5h 15min | Disconnected: luke(76561198264871362 - 24) - time: 18838.5 - serverFPS: 45.584
29.02.2020 05:18:27: 5h 18min | Disconnected: Sherman(76561198038112694 - 28) - time: 18972.3 - serverFPS: 40.1003
29.02.2020 05:23:48: 5h 23min | Disconnected: Donnie Turbo(76561198041233395 - 5) - time: 19293.9 - serverFPS: 45.584
29.02.2020 05:24:42: 5h 24min | Connected: Donnie Turbo(76561198041233395 - 5) - time: 19347.4 - serverFPS: 45.4545
29.02.2020 05:25:21: 5h 25min | Disconnected: Robert Kennedy(76561198083728776 - 31) - time: 19386.4 - serverFPS: 45.8453
29.02.2020 05:35:40: 5h 35min | Disconnected: Betty Boop White(76561198206026112 - 26) - time: 20005.3 - serverFPS: 46.3768
29.02.2020 05:42:52: 5h 42min | Disconnected: John Anderson(76561198180893505 - 6) - time: 20437.6 - serverFPS: 46.1095
29.02.2020 05:43:21: 5h 43min | Disconnected: Donnie Turbo(76561198041233395 - 5) - time: 20466.6 - serverFPS: 41.2371
29.02.2020 12:01:58: infiSTAR_PlayerConnected_id: 1
29.02.2020 12:01:58: infiSTAR_PlayerDisconnected_id: 0
29.02.2020 18:41:34: 6h 41min | Connected: William(76561198213286991 - 4) - time: 23979.1 - serverFPS: 45.977
29.02.2020 18:46:03: 6h 45min | Disconnected: William(76561198213286991 - 4) - time: 24246.9 - serverFPS: 45.8453
29.02.2020 20:51:59: 8h 51min | Connected: Low_Poly_Man(76561198137223112 - 5) - time: 31803.5 - serverFPS: 45.8453
29.02.2020 21:21:34: 9h 21min | Connected: Thomas Woods(76561198174871239 - 6) - time: 33576.7 - serverFPS: 46.1095
29.02.2020 21:51:56: 9h 51min | Disconnected: Thomas Woods(76561198174871239 - 6) - time: 35399.1 - serverFPS: 45.584
29.02.2020 21:59:04: 9h 58min | Disconnected: Low_Poly_Man(76561198137223112 - 5) - time: 35826.2 - serverFPS: 45.8453
29.02.2020 21:59:06: 9h 58min | Connected: Rogue Tjay(76561198883479728 - 7) - time: 35829.2 - serverFPS: 45.3258
29.02.2020 22:56:49: 10h 56min | Connected: Donnie Turbo(76561198041233395 - 8) - time: 39291.4 - serverFPS: 45.3258
29.02.2020 23:29:13: 11h 28min | Connected: Low_Poly_Man(76561198137223112 - 9) - time: 41235 - serverFPS: 45.8453
29.02.2020 23:48:38: 11h 48min | Disconnected: Donnie Turbo(76561198041233395 - 8) - time: 42400.3 - serverFPS: 45.8453
29.02.2020 23:50:57: 11h 50min | Connected: Betty Boop White(76561198206026112 - 10) - time: 42538.4 - serverFPS: 46.1095
29.02.2020 23:51:31: 11h 51min | Disconnected: Rogue Tjay(76561198883479728 - 7) - time: 42572.5 - serverFPS: 46.1095
29.02.2020 23:53:42: 11h 53min | Connected: Stanley Thompson [1K-75](76561198180893505 - 11) - time: 42703.7 - serverFPS: 46.7836
29.02.2020 23:55:22: 11h 55min | Disconnected: Low_Poly_Man(76561198137223112 - 9) - time: 42799.3 - serverFPS: 45.977
29.02.2020 23:55:54: 11h 55min | Connected: Low_Poly_Man(76561198137223112 - 9) - time: 42831.3 - serverFPS: 45.8453
29.02.2020 23:56:52: 11h 56min | Disconnected: Low_Poly_Man(76561198137223112 - 9) - time: 42889 - serverFPS: 45.7143
29.02.2020 23:53:16: infiSTAR_PlayerConnected_id: 1
29.02.2020 23:53:16: infiSTAR_PlayerDisconnected_id: 0
