18.02.2020 00:54:43: Rogue Tjay(76561198883479728) CLIENT OWNER ID [9], TOKEN [kdg57gepzezja2p2s]
18.02.2020 00:57:20: [220]Para.R.Tjay(76561198883479728) CLIENT OWNER ID [10], TOKEN [kf9mg32bkgc08zd]
18.02.2020 01:42:35: Sherman(76561198038112694) CLIENT OWNER ID [11], TOKEN [m73obh7xj3ykv3fi0t]
18.02.2020 01:50:22: K-12 J Shepard(76561198043298972) CLIENT OWNER ID [12], TOKEN [eubv9cpq63k4p2h50]
18.02.2020 02:13:29: Javier Escuella(76561198370210333) CLIENT OWNER ID [13], TOKEN [cymsu651tlffvzgjzmb]
18.02.2020 04:26:26: mathi(76561198055052143) CLIENT OWNER ID [15], TOKEN [w6n7eujbln6fwdb]
18.02.2020 04:26:55: mathi(76561198055052143) CLIENT OWNER ID [15], TOKEN [jpftb5kofv9j7e8guu]
18.02.2020 04:27:13: mathi(76561198055052143) CLIENT OWNER ID [15], TOKEN [si97j06sl3zn52]
18.02.2020 04:27:39: mathi(76561198055052143) CLIENT OWNER ID [15], TOKEN [j1mxb63s6pjhygpd]
18.02.2020 04:33:07: mathi(76561198055052143) CLIENT OWNER ID [16], TOKEN [xfx3b6gkwi0dt5s]
18.02.2020 07:03:41: Kyatt Demon(76561198159595292) CLIENT OWNER ID [17], TOKEN [xm6okkwzjcf1c0nukvz]
18.02.2020 07:10:22: Melvin Bush(76561198083728776) CLIENT OWNER ID [18], TOKEN [xsc8aunxuwrkj45]
18.02.2020 07:49:35: Ted Kennedy(76561198042633029) CLIENT OWNER ID [19], TOKEN [nwesxqo8kgsql76a]
18.02.2020 07:53:58: Melvin Bush(76561198083728776) CLIENT OWNER ID [20], TOKEN [rg3552g5qpmhwjo]
18.02.2020 07:59:32: Melvin Bush(76561198083728776) CLIENT OWNER ID [20], TOKEN [hzvzznvury0sc8i35y3]
18.02.2020 08:19:46: Melvin Bush(76561198083728776) CLIENT OWNER ID [21], TOKEN [aik4x5hvw8uy21co9u3]
18.02.2020 08:32:54: Melvin Bush(76561198083728776) CLIENT OWNER ID [21], TOKEN [ny5c7dprdg3xrom]
18.02.2020 18:06:49: Kyatt Demon(76561198159595292) CLIENT OWNER ID [22], TOKEN [v1vi6wtvxsbvdi1sx]
18.02.2020 18:23:44: Sherman(76561198038112694) CLIENT OWNER ID [23], TOKEN [ellshscn0g70uv4jy]
18.02.2020 22:26:07: Donnie Turbo(76561198041233395) CLIENT OWNER ID [24], TOKEN [w2ob71k9u2xtkeu]
18.02.2020 23:59:34: Nino Marino(76561198206026112) CLIENT OWNER ID [25], TOKEN [qzmsu805brvqytd]
