28.01.2020 00:07:08: 3h 33min | Connected: Mike Hutchinson(76561198043298972 - 13) - time: 12732.8 - serverFPS: 45.7143
28.01.2020 00:18:36: 3h 45min | Disconnected: Wyclef(76561198038112694 - 10) - time: 13421.4 - serverFPS: 45.3258
28.01.2020 00:46:31: 4h 13min | Connected: xMADxHATERx(76561198281126215 - 15) - time: 15095.8 - serverFPS: 45.4545
28.01.2020 00:52:11: 4h 18min | Connected: Wyclef(76561198038112694 - 16) - time: 15435.6 - serverFPS: 46.6472
28.01.2020 00:52:33: 4h 19min | Disconnected: Wyclef(76561198038112694 - 16) - time: 15456.8 - serverFPS: 45.584
28.01.2020 00:54:38: 4h 21min | Connected: Wyclef(76561198038112694 - 18) - time: 15581.7 - serverFPS: 46.5116
28.01.2020 00:58:36: 4h 25min | Disconnected: Donnie Turbo(76561198041233395 - 9) - time: 15820.5 - serverFPS: 45.7143
28.01.2020 01:02:42: 4h 29min | Connected: [1k-40] Jose Santana(76561198206026112 - 19) - time: 16065.7 - serverFPS: 46.2428
28.01.2020 01:03:52: 4h 30min | Connected: Donnie Turbo(76561198041233395 - 20) - time: 16135.5 - serverFPS: 45.977
28.01.2020 01:05:39: 4h 32min | Disconnected: Mike Hutchinson(76561198043298972 - 13) - time: 16242.8 - serverFPS: 46.3768
28.01.2020 01:06:13: 4h 32min | Connected: Mike Hutchinson(76561198043298972 - 13) - time: 16276.5 - serverFPS: 45.4545
28.01.2020 01:22:23: 4h 49min | Connected: Héctor "Lil Loco" Arturo(76561197999316388 - 14) - time: 17245.5 - serverFPS: 46.5116
28.01.2020 01:30:39: infiSTAR_PlayerConnected_id: 1
28.01.2020 01:30:39: infiSTAR_PlayerDisconnected_id: 0
28.01.2020 01:31:46: 0h 2min | Connected: Thomas Woods(76561198174871239 - 5) - time: 69.069 - serverFPS: 46.9208
28.01.2020 01:33:21: 0h 4min | Connected: Donnie Turbo(76561198041233395 - 7) - time: 164.473 - serverFPS: 45.584
28.01.2020 01:34:08: 0h 5min | Connected: Héctor "Lil Loco" Arturo(76561197999316388 - 4) - time: 209.027 - serverFPS: 45.8453
28.01.2020 01:34:48: 0h 5min | Connected: Javier Escuella(76561198370210333 - 9) - time: 248.461 - serverFPS: 45.3258
28.01.2020 01:35:30: 0h 6min | Connected: Wyclef(76561198038112694 - 10) - time: 289.677 - serverFPS: 45.4545
28.01.2020 01:37:47: 0h 8min | Disconnected: Donnie Turbo(76561198041233395 - 7) - time: 426.478 - serverFPS: 45.584
28.01.2020 01:38:00: 0h 8min | Disconnected: Thomas Woods(76561198174871239 - 5) - time: 439.971 - serverFPS: 45.8453
28.01.2020 01:38:09: 0h 9min | Connected: Donnie Turbo(76561198041233395 - 7) - time: 448.805 - serverFPS: 45.3258
28.01.2020 01:40:02: 0h 10min | Connected: Zander Marino(76561198180893505 - 6) - time: 561.506 - serverFPS: 46.5116
28.01.2020 01:49:02: 0h 19min | Connected: Boyevik Butch-Mac Volkev(76561198089960350 - 8) - time: 1101.48 - serverFPS: 46.6472
28.01.2020 01:49:50: 0h 20min | Disconnected: Boyevik Butch-Mac Volkev(76561198089960350 - 8) - time: 1149.4 - serverFPS: 45.3258
28.01.2020 01:52:22: infiSTAR_PlayerConnected_id: 1
28.01.2020 01:52:22: infiSTAR_PlayerDisconnected_id: 0
28.01.2020 02:00:54: infiSTAR_PlayerConnected_id: 1
28.01.2020 02:00:54: infiSTAR_PlayerDisconnected_id: 0
28.01.2020 02:02:58: 0h 3min | Connected: Jon(76561198000920219 - 5) - time: 128.185 - serverFPS: 45.7143
28.01.2020 02:05:28: 0h 6min | Connected: Héctor "Lil Loco" Arturo(76561197999316388 - 7) - time: 276.693 - serverFPS: 45.8453
28.01.2020 02:07:14: 0h 7min | Connected: Donnie Turbo(76561198041233395 - 8) - time: 382.498 - serverFPS: 45.7143
28.01.2020 02:08:12: 0h 8min | Connected: Boyevik Butch-Mac Volkev(76561198089960350 - 9) - time: 440.455 - serverFPS: 45.977
28.01.2020 02:08:58: 0h 9min | Connected: Zander Marino(76561198180893505 - 6) - time: 484.434 - serverFPS: 45.3258
28.01.2020 02:10:14: 0h 10min | Disconnected: Jon(76561198000920219 - 5) - time: 559.761 - serverFPS: 42.1053
28.01.2020 02:12:59: 0h 13min | Connected: [1k-40] Jose Santana(76561198206026112 - 11) - time: 725.298 - serverFPS: 45.584
28.01.2020 02:15:29: 0h 16min | Connected: Wyclef(76561198038112694 - 12) - time: 874.498 - serverFPS: 46.5116
28.01.2020 02:25:51: 0h 26min | Connected: Mike Hutchinson(76561198043298972 - 13) - time: 1495.98 - serverFPS: 45.584
28.01.2020 02:27:30: 0h 28min | Connected: [ION]Eriden Parker(76561198054085448 - 14) - time: 1594.86 - serverFPS: 45.4545
28.01.2020 02:54:32: 0h 55min | Connected: Abduwale Muse(76561198033160260 - 15) - time: 3216.7 - serverFPS: 45.7143
28.01.2020 02:55:33: 0h 56min | Disconnected: Mike Hutchinson(76561198043298972 - 13) - time: 3277.19 - serverFPS: 46.1095
28.01.2020 03:10:42: 1h 11min | Connected: Mike Hutchinson(76561198043298972 - 16) - time: 4185.01 - serverFPS: 45.4545
28.01.2020 03:11:18: 1h 12min | Disconnected: [ION]Eriden Parker(76561198054085448 - 14) - time: 4220.71 - serverFPS: 44.9438
28.01.2020 03:12:03: 1h 12min | Connected: [ION]Eriden Parker(76561198054085448 - 14) - time: 4265.59 - serverFPS: 45.977
28.01.2020 03:15:56: 1h 16min | Disconnected: Donnie Turbo(76561198041233395 - 8) - time: 4499.31 - serverFPS: 45.584
28.01.2020 03:18:16: 1h 18min | Connected: Donnie Turbo(76561198041233395 - 8) - time: 4638.7 - serverFPS: 45.584
28.01.2020 03:25:28: 1h 26min | Disconnected: Mike Hutchinson(76561198043298972 - 16) - time: 5070.9 - serverFPS: 45.584
28.01.2020 03:38:54: 1h 39min | Disconnected: Héctor "Lil Loco" Arturo(76561197999316388 - 7) - time: 5876.26 - serverFPS: 45.977
28.01.2020 03:40:17: 1h 41min | Disconnected: Wyclef(76561198038112694 - 12) - time: 5959.74 - serverFPS: 45.8453
28.01.2020 04:12:47: 2h 13min | Connected: Anthony Webbie(76561198255727127 - 17) - time: 7909.32 - serverFPS: 45.8453
28.01.2020 04:12:47: 2h 13min | Disconnected: Anthony Webbie(76561198255727127 - 17) - time: 7909.39 - serverFPS: 36.9515
28.01.2020 04:18:04: 2h 18min | Connected: Rick Cheney(76561198860031547 - 18) - time: 8225.73 - serverFPS: 46.5116
28.01.2020 04:19:30: 2h 20min | Connected: Robert Kennedy(76561198083728776 - 19) - time: 8312.28 - serverFPS: 45.4545
28.01.2020 04:29:35: 2h 30min | Connected: HoyoBani(76561198105940600 - 20) - time: 8916.34 - serverFPS: 45.0704
28.01.2020 04:32:56: 2h 33min | Disconnected: Abduwale Muse(76561198033160260 - 15) - time: 9117.43 - serverFPS: 45.7143
28.01.2020 04:35:13: 2h 35min | Disconnected: Robert Kennedy(76561198083728776 - 19) - time: 9253.93 - serverFPS: 45.3258
28.01.2020 04:38:33: 2h 39min | Connected: Robert Kennedy(76561198083728776 - 22) - time: 9453.84 - serverFPS: 45.7143
28.01.2020 04:38:35: 2h 39min | Disconnected: Robert Kennedy(76561198083728776 - 22) - time: 9455.89 - serverFPS: 46.1095
28.01.2020 04:39:18: 2h 40min | Connected: Robert Kennedy(76561198083728776 - 22) - time: 9498.52 - serverFPS: 46.5116
28.01.2020 04:39:23: 2h 40min | Disconnected: Robert Kennedy(76561198083728776 - 22) - time: 9503.95 - serverFPS: 45.8453
28.01.2020 04:39:27: 2h 40min | Connected: Chief Blades(76561198281290777 - 21) - time: 9507.44 - serverFPS: 45.8453
28.01.2020 04:39:45: 2h 40min | Connected: Robert Kennedy(76561198083728776 - 22) - time: 9526.12 - serverFPS: 46.3768
28.01.2020 04:39:47: 2h 40min | Disconnected: Robert Kennedy(76561198083728776 - 22) - time: 9527.86 - serverFPS: 46.1095
28.01.2020 04:40:37: 2h 41min | Connected: Robert Kennedy(76561198083728776 - 22) - time: 9578.19 - serverFPS: 46.6472
28.01.2020 04:40:48: 2h 41min | Disconnected: Robert Kennedy(76561198083728776 - 22) - time: 9588.51 - serverFPS: 46.6472
28.01.2020 04:42:21: 2h 43min | Disconnected: Chief Blades(76561198281290777 - 21) - time: 9681.38 - serverFPS: 46.3768
28.01.2020 04:43:03: 2h 43min | Connected: Robert Kennedy(76561198083728776 - 23) - time: 9723.7 - serverFPS: 45.0704
28.01.2020 04:46:02: 2h 46min | Connected: Chief Blades(76561198281290777 - 24) - time: 9902.38 - serverFPS: 46.2428
28.01.2020 04:52:01: 2h 52min | Connected: Kermit(76561198043298972 - 26) - time: 10261.7 - serverFPS: 45.977
28.01.2020 05:17:32: 3h 18min | Connected: Wyclef(76561198038112694 - 27) - time: 11790.6 - serverFPS: 46.1095
28.01.2020 05:17:55: 3h 18min | Disconnected: Donnie Turbo(76561198041233395 - 8) - time: 11813.2 - serverFPS: 45.977
28.01.2020 05:31:16: 3h 31min | Disconnected: Zander Marino(76561198180893505 - 6) - time: 12613.3 - serverFPS: 46.2428
28.01.2020 05:33:41: 3h 34min | Connected: Stanley Thompson [1K-75](76561198180893505 - 28) - time: 12758.4 - serverFPS: 45.8453
28.01.2020 06:24:36: 4h 25min | Disconnected: Chief Blades(76561198281290777 - 24) - time: 15812.2 - serverFPS: 45.4545
28.01.2020 06:27:12: 4h 27min | Disconnected: [ION]Eriden Parker(76561198054085448 - 14) - time: 15968.3 - serverFPS: 45.8453
28.01.2020 06:29:49: 4h 30min | Connected: Warren Blades(76561198281290777 - 30) - time: 16126.3 - serverFPS: 45.977
28.01.2020 06:29:51: 4h 30min | Disconnected: Warren Blades(76561198281290777 - 30) - time: 16128.3 - serverFPS: 45.4545
28.01.2020 06:30:14: 4h 30min | Connected: Warren Blades(76561198281290777 - 30) - time: 16150.7 - serverFPS: 46.2428
28.01.2020 06:30:16: 4h 30min | Disconnected: Warren Blades(76561198281290777 - 30) - time: 16152.6 - serverFPS: 45.8453
28.01.2020 06:33:35: 4h 34min | Connected: Warren Blades(76561198281290777 - 30) - time: 16351.1 - serverFPS: 46.1095
28.01.2020 06:33:38: 4h 34min | Disconnected: Warren Blades(76561198281290777 - 30) - time: 16354.9 - serverFPS: 45.8453
28.01.2020 06:38:41: 4h 39min | Connected: Warren Blades(76561198281290777 - 31) - time: 16657.9 - serverFPS: 45.7143
28.01.2020 06:40:54: 4h 41min | Disconnected: Wyclef(76561198038112694 - 27) - time: 16790.9 - serverFPS: 46.1095
28.01.2020 06:41:47: 4h 42min | Disconnected: HoyoBani(76561198105940600 - 20) - time: 16843.8 - serverFPS: 45.4545
28.01.2020 06:47:13: 4h 47min | Disconnected: Stanley Thompson [1K-75](76561198180893505 - 28) - time: 17169 - serverFPS: 46.9208
28.01.2020 06:49:15: 4h 49min | Connected: Stanley Thompson [1K-75](76561198180893505 - 32) - time: 17290.7 - serverFPS: 45.8453
28.01.2020 07:19:04: 5h 19min | Disconnected: Kermit(76561198043298972 - 26) - time: 19056.2 - serverFPS: 46.6472
28.01.2020 07:25:19: 5h 26min | Disconnected: Stanley Thompson [1K-75](76561198180893505 - 32) - time: 19429.5 - serverFPS: 45.8453
28.01.2020 07:25:35: 5h 26min | Disconnected: [1k-40] Jose Santana(76561198206026112 - 11) - time: 19446 - serverFPS: 46.3768
28.01.2020 07:25:50: 5h 26min | Connected: Stanley Thompson [1K-75](76561198180893505 - 32) - time: 19461 - serverFPS: 45.584
28.01.2020 07:25:58: 5h 26min | Disconnected: Robert Kennedy(76561198083728776 - 23) - time: 19468.4 - serverFPS: 46.3768
28.01.2020 07:26:53: 5h 27min | Disconnected: Rick Cheney(76561198860031547 - 18) - time: 19523.3 - serverFPS: 46.7836
28.01.2020 07:27:07: 5h 27min | Connected: Nino Marino(76561198206026112 - 33) - time: 19537.6 - serverFPS: 45.584
28.01.2020 07:29:11: 5h 29min | Disconnected: Stanley Thompson [1K-75](76561198180893505 - 32) - time: 19660.4 - serverFPS: 47.0588
28.01.2020 07:31:08: 5h 31min | Connected: John Anderson(76561198180893505 - 35) - time: 19777 - serverFPS: 46.1095
28.01.2020 07:32:14: 5h 32min | Disconnected: Warren Blades(76561198281290777 - 31) - time: 19842.9 - serverFPS: 46.3768
28.01.2020 07:32:35: 5h 33min | Connected: Robert Kennedy(76561198083728776 - 36) - time: 19863.9 - serverFPS: 46.3768
28.01.2020 07:35:02: 5h 35min | Connected: Rick Cheney(76561198860031547 - 37) - time: 20011 - serverFPS: 45.977
28.01.2020 07:50:06: 5h 50min | Connected: Kermit(76561198043298972 - 38) - time: 20914.7 - serverFPS: 45.8453
28.01.2020 07:55:52: 5h 56min | Disconnected: Kermit(76561198043298972 - 38) - time: 21259.9 - serverFPS: 37.2093
28.01.2020 08:08:51: 6h 9min | Disconnected: Robert Kennedy(76561198083728776 - 36) - time: 22038.9 - serverFPS: 45.584
28.01.2020 08:16:20: infiSTAR_PlayerConnected_id: 1
28.01.2020 08:16:20: infiSTAR_PlayerDisconnected_id: 0
28.01.2020 08:22:54: 0h 8min | Connected: HoyoBani(76561198105940600 - 5) - time: 396.747 - serverFPS: 45.7143
28.01.2020 08:27:50: 0h 13min | Connected: John Anderson(76561198180893505 - 4) - time: 691.962 - serverFPS: 46.2428
28.01.2020 08:35:11: 0h 20min | Connected: Nino Marino(76561198206026112 - 6) - time: 1132.27 - serverFPS: 45.977
28.01.2020 08:46:12: infiSTAR_PlayerConnected_id: 1
28.01.2020 08:46:12: infiSTAR_PlayerDisconnected_id: 0
28.01.2020 08:47:10: 0h 2min | Connected: John Anderson(76561198180893505 - 6) - time: 61.398 - serverFPS: 46.2428
28.01.2020 08:47:45: 0h 3min | Connected: Nino Marino(76561198206026112 - 4) - time: 95.147 - serverFPS: 45.977
28.01.2020 08:48:00: 0h 3min | Connected: HoyoBani(76561198105940600 - 5) - time: 110.056 - serverFPS: 45.8453
28.01.2020 09:04:23: 0h 19min | Disconnected: HoyoBani(76561198105940600 - 5) - time: 1092.08 - serverFPS: 45.584
28.01.2020 09:04:57: 0h 20min | Disconnected: John Anderson(76561198180893505 - 6) - time: 1126.4 - serverFPS: 45.3258
28.01.2020 09:05:00: 0h 20min | Disconnected: Nino Marino(76561198206026112 - 4) - time: 1130.01 - serverFPS: 45.8453
28.01.2020 09:21:46: infiSTAR_PlayerConnected_id: 1
28.01.2020 09:21:46: infiSTAR_PlayerDisconnected_id: 0
28.01.2020 12:22:25: 3h 2min | Connected: Warren Blades(76561198281290777 - 4) - time: 10842 - serverFPS: 46.3768
28.01.2020 12:29:46: 3h 9min | Disconnected: Warren Blades(76561198281290777 - 4) - time: 11283 - serverFPS: 45.584
28.01.2020 15:14:41: infiSTAR_PlayerConnected_id: 1
28.01.2020 15:14:41: infiSTAR_PlayerDisconnected_id: 0
28.01.2020 15:17:47: 0h 4min | Connected: Boyevik Butch-Mac Volkev(76561198089960350 - 4) - time: 190.827 - serverFPS: 46.3768
28.01.2020 16:03:46: infiSTAR_PlayerConnected_id: 1
28.01.2020 16:03:46: infiSTAR_PlayerDisconnected_id: 0
28.01.2020 16:06:16: 0h 4min | Connected: Boyevik Butch-Mac Volkev(76561198089960350 - 4) - time: 152.835 - serverFPS: 46.3768
28.01.2020 16:06:47: 0h 4min | Disconnected: Boyevik Butch-Mac Volkev(76561198089960350 - 4) - time: 183.443 - serverFPS: 47.0588
28.01.2020 16:07:02: 0h 4min | Connected: Boyevik Butch-Mac Volkev(76561198089960350 - 4) - time: 198.124 - serverFPS: 45.4545
28.01.2020 16:08:09: 0h 5min | Disconnected: Boyevik Butch-Mac Volkev(76561198089960350 - 4) - time: 264.822 - serverFPS: 45.7143
28.01.2020 16:08:18: 0h 6min | Connected: Boyevik Butch-Mac Volkev(76561198089960350 - 4) - time: 273.893 - serverFPS: 46.2428
28.01.2020 16:08:22: 0h 6min | Disconnected: Boyevik Butch-Mac Volkev(76561198089960350 - 4) - time: 278.243 - serverFPS: 45.584
28.01.2020 16:11:02: infiSTAR_PlayerConnected_id: 1
28.01.2020 16:11:02: infiSTAR_PlayerDisconnected_id: 0
28.01.2020 16:13:22: 0h 3min | Connected: Boyevik Butch-Mac Volkev(76561198089960350 - 4) - time: 144.094 - serverFPS: 46.1095
28.01.2020 16:14:25: 0h 4min | Disconnected: Boyevik Butch-Mac Volkev(76561198089960350 - 4) - time: 206.974 - serverFPS: 45.584
28.01.2020 16:14:38: 0h 5min | Connected: Boyevik Butch-Mac Volkev(76561198089960350 - 4) - time: 219.187 - serverFPS: 45.8453
28.01.2020 16:14:41: 0h 5min | Disconnected: Boyevik Butch-Mac Volkev(76561198089960350 - 4) - time: 222.411 - serverFPS: 45.7143
28.01.2020 16:18:42: infiSTAR_PlayerConnected_id: 1
28.01.2020 16:18:42: infiSTAR_PlayerDisconnected_id: 0
28.01.2020 16:20:47: 0h 3min | Connected: Boyevik Butch-Mac Volkev(76561198089960350 - 4) - time: 128.299 - serverFPS: 45.584
28.01.2020 16:21:16: 0h 4min | Disconnected: Boyevik Butch-Mac Volkev(76561198089960350 - 4) - time: 157.145 - serverFPS: 45.977
28.01.2020 16:41:20: infiSTAR_PlayerConnected_id: 1
28.01.2020 16:41:20: infiSTAR_PlayerDisconnected_id: 0
28.01.2020 16:46:06: infiSTAR_PlayerConnected_id: 1
28.01.2020 16:46:06: infiSTAR_PlayerDisconnected_id: 0
28.01.2020 16:48:29: 0h 3min | Connected: Boyevik Butch-Mac Volkev(76561198089960350 - 4) - time: 146.053 - serverFPS: 46.1095
28.01.2020 16:55:46: 0h 11min | Disconnected: Boyevik Butch-Mac Volkev(76561198089960350 - 4) - time: 583.035 - serverFPS: 45.584
28.01.2020 16:56:01: 0h 11min | Connected: Boyevik Butch-Mac Volkev(76561198089960350 - 4) - time: 598.084 - serverFPS: 46.6472
28.01.2020 17:13:21: 0h 28min | Disconnected: Boyevik Butch-Mac Volkev(76561198089960350 - 4) - time: 1637.83 - serverFPS: 45.584
28.01.2020 17:46:44: infiSTAR_PlayerConnected_id: 1
28.01.2020 17:46:44: infiSTAR_PlayerDisconnected_id: 0
28.01.2020 17:49:33: 0h 4min | Connected: Wyclef(76561198038112694 - 4) - time: 171.838 - serverFPS: 45.4545
28.01.2020 17:52:54: 0h 7min | Disconnected: Wyclef(76561198038112694 - 4) - time: 372.51 - serverFPS: 45.8453
28.01.2020 17:53:02: 0h 7min | Connected: Wyclef(76561198038112694 - 4) - time: 380.266 - serverFPS: 46.1095
28.01.2020 17:55:34: 0h 10min | Disconnected: Wyclef(76561198038112694 - 4) - time: 532.52 - serverFPS: 45.584
28.01.2020 17:55:43: 0h 10min | Connected: Wyclef(76561198038112694 - 4) - time: 541.434 - serverFPS: 47.1976
28.01.2020 18:02:52: 0h 17min | Disconnected: Wyclef(76561198038112694 - 4) - time: 970.229 - serverFPS: 46.2428
28.01.2020 18:14:33: infiSTAR_PlayerConnected_id: 1
28.01.2020 18:14:33: infiSTAR_PlayerDisconnected_id: 0
28.01.2020 18:16:39: 0h 3min | Connected: Boyevik Butch-Mac Volkev(76561198089960350 - 4) - time: 128.985 - serverFPS: 46.1095
28.01.2020 18:32:14: 0h 19min | Connected: Wyclef(76561198038112694 - 5) - time: 1063.39 - serverFPS: 46.3768
28.01.2020 19:05:00: 0h 52min | Disconnected: Wyclef(76561198038112694 - 5) - time: 3028.47 - serverFPS: 45.7143
28.01.2020 19:08:54: 0h 55min | Disconnected: Boyevik Butch-Mac Volkev(76561198089960350 - 4) - time: 3262.9 - serverFPS: 45.1977
28.01.2020 20:04:15: 1h 51min | Connected: Abduwale Muse(76561198033160260 - 6) - time: 6583.51 - serverFPS: 46.1095
28.01.2020 20:11:23: 1h 58min | Disconnected: Abduwale Muse(76561198033160260 - 6) - time: 7010.97 - serverFPS: 45.977
28.01.2020 20:20:33: 2h 7min | Connected: Thomas Woods(76561198174871239 - 7) - time: 7561.75 - serverFPS: 45.584
28.01.2020 20:20:48: 2h 7min | Disconnected: Thomas Woods(76561198174871239 - 7) - time: 7576.28 - serverFPS: 45.584
28.01.2020 20:21:07: 2h 8min | Connected: Thomas Woods(76561198174871239 - 7) - time: 7595.7 - serverFPS: 46.7836
28.01.2020 21:21:26: 3h 8min | Connected: AL "BIG AL" GAMBINO(76561198361509989 - 9) - time: 11212.9 - serverFPS: 47.3373
28.01.2020 21:21:28: 3h 8min | Disconnected: AL "BIG AL" GAMBINO(76561198361509989 - 9) - time: 11215.7 - serverFPS: 46.2428
28.01.2020 21:21:50: 3h 8min | Connected: AL "BIG AL" GAMBINO(76561198361509989 - 9) - time: 11237.3 - serverFPS: 45.977
28.01.2020 21:21:52: 3h 8min | Disconnected: AL "BIG AL" GAMBINO(76561198361509989 - 9) - time: 11238.8 - serverFPS: 22.5035
28.01.2020 21:22:46: 3h 9min | Connected: AL "BIG AL" GAMBINO(76561198361509989 - 10) - time: 11293.3 - serverFPS: 45.4545
28.01.2020 21:22:49: 3h 9min | Disconnected: AL "BIG AL" GAMBINO(76561198361509989 - 10) - time: 11295.9 - serverFPS: 47.3373
28.01.2020 21:39:45: 3h 26min | Connected: AL "BIG AL" GAMBINO(76561198361509989 - 12) - time: 12311.4 - serverFPS: 45.3258
28.01.2020 21:47:07: 3h 34min | Connected: Nino Marino(76561198206026112 - 13) - time: 12754.1 - serverFPS: 45.7143
28.01.2020 22:17:35: 4h 4min | Connected: Kermit(76561198043298972 - 14) - time: 14581.9 - serverFPS: 46.3768
28.01.2020 22:19:32: 4h 6min | Disconnected: Kermit(76561198043298972 - 14) - time: 14697.8 - serverFPS: 46.1095
28.01.2020 22:21:02: 4h 8min | Connected: Kermit(76561198043298972 - 19) - time: 14788.6 - serverFPS: 45.7143
28.01.2020 22:23:47: 4h 10min | Connected: alexs(76561198002867764 - 20) - time: 14952.5 - serverFPS: 45.7143
28.01.2020 22:30:04: 4h 17min | Connected: [1K-33] R. Tjay(76561198883479728 - 21) - time: 15329.3 - serverFPS: 45.3258
28.01.2020 22:31:23: 4h 18min | Connected: [ION]Eriden Parker(76561198054085448 - 16) - time: 15408.5 - serverFPS: 45.4545
28.01.2020 22:34:30: 4h 21min | Connected: Wyclef(76561198038112694 - 22) - time: 15595.1 - serverFPS: 45.4545
28.01.2020 22:49:32: 4h 36min | Disconnected: Wyclef(76561198038112694 - 22) - time: 16466.8 - serverFPS: 45.977
28.01.2020 22:52:53: 4h 39min | Disconnected: Thomas Woods(76561198174871239 - 7) - time: 16667.4 - serverFPS: 45.584
28.01.2020 22:53:32: 4h 40min | Disconnected: [ION]Eriden Parker(76561198054085448 - 16) - time: 16706.4 - serverFPS: 46.6472
28.01.2020 22:54:45: 4h 41min | Disconnected: AL "BIG AL" GAMBINO(76561198361509989 - 12) - time: 16779.6 - serverFPS: 46.3768
28.01.2020 22:54:56: 4h 41min | Connected: Larry Henry(76561198054085448 - 25) - time: 16790.3 - serverFPS: 45.4545
28.01.2020 22:55:12: 4h 42min | Connected: Thomas Woods(76561198174871239 - 26) - time: 16806.5 - serverFPS: 46.6472
28.01.2020 22:59:44: 4h 46min | Connected: AL "BIG AL" GAMBINO(76561198361509989 - 28) - time: 17078.2 - serverFPS: 45.1977
28.01.2020 23:07:21: 4h 54min | Connected: Donnie Turbo(76561198041233395 - 29) - time: 17534.8 - serverFPS: 45.0704
28.01.2020 23:08:01: 4h 55min | Connected: Robert Kennedy(76561198083728776 - 30) - time: 17574.3 - serverFPS: 46.2428
28.01.2020 23:08:54: 4h 55min | Disconnected: Donnie Turbo(76561198041233395 - 29) - time: 17627.6 - serverFPS: 45.977
28.01.2020 23:12:28: 4h 59min | Connected: Donnie Turbo(76561198041233395 - 31) - time: 17841.9 - serverFPS: 45.8453
28.01.2020 23:12:35: 4h 59min | Disconnected: alexs(76561198002867764 - 20) - time: 17848.3 - serverFPS: 18.7354
28.01.2020 23:15:42: 5h 2min | Disconnected: Larry Henry(76561198054085448 - 25) - time: 18034.8 - serverFPS: 45.584
28.01.2020 23:19:25: 5h 6min | Connected: Eriden Parker(76561198054085448 - 32) - time: 18258 - serverFPS: 45.977
28.01.2020 23:22:14: 5h 9min | Connected: Harold Reginald(76561198355765034 - 33) - time: 18426.9 - serverFPS: 45.3258
28.01.2020 23:24:03: 5h 11min | Disconnected: Harold Reginald(76561198355765034 - 33) - time: 18536.1 - serverFPS: 45.8453
28.01.2020 23:25:40: 5h 12min | Disconnected: Donnie Turbo(76561198041233395 - 31) - time: 18633.1 - serverFPS: 47.0588
28.01.2020 23:28:33: 5h 15min | Connected: Harold Reginald(76561198355765034 - 34) - time: 18805.3 - serverFPS: 46.1095
28.01.2020 23:33:25: 5h 20min | Connected: Donnie Turbo(76561198041233395 - 38) - time: 19097 - serverFPS: 45.977
28.01.2020 23:47:17: 5h 34min | Connected: John Ross(76561198340640216 - 40) - time: 19929 - serverFPS: 45.7143
28.01.2020 23:47:18: 5h 34min | Disconnected: John Ross(76561198340640216 - 40) - time: 19929 - serverFPS: 38.0047
28.01.2020 23:49:32: 5h 36min | Disconnected: [1K-33] R. Tjay(76561198883479728 - 21) - time: 20063.9 - serverFPS: 45.584
28.01.2020 23:56:13: 5h 43min | Disconnected: Kermit(76561198043298972 - 19) - time: 20464.7 - serverFPS: 46.3768
