20.02.2020 01:06:58: 1h 41min | Sherman(76561198038112694) | HealRepairNear
20.02.2020 01:24:46: 0h 7min | Sherman(76561198038112694) | Teleport to [3599.26,3295.68,0](GPS: 035002)
20.02.2020 01:25:17: 0h 7min | Sherman(76561198038112694) | HealRepairNear
20.02.2020 01:30:16: 0h 12min | Sherman(76561198038112694) | Teleport to [3636.91,3336.98,0](GPS: 036002)
20.02.2020 01:30:23: 0h 12min | Sherman(76561198038112694) | Teleport to [3656.71,3240.16,0](GPS: 036001)
20.02.2020 01:53:26: 0h 35min | Sherman(76561198038112694) | HealRepairNear
20.02.2020 01:58:37: 0h 41min | Sherman(76561198038112694) | HealRepairNear
20.02.2020 02:16:21: 0h 58min | Donnie Turbo(76561198041233395) | Teleport - Target To Me - John Anderson [CIV](76561198180893505)
20.02.2020 02:33:42: 1h 16min | Sherman(76561198038112694) | Teleport to [4754.81,4224.97,0](GPS: 047011)
20.02.2020 02:33:57: 1h 16min | Sherman(76561198038112694) | Teleport to [3847.64,3268.56,0](GPS: 038001)
20.02.2020 02:35:20: 1h 17min | Sherman(76561198038112694) | HealRepairNear
20.02.2020 02:37:49: 1h 20min | Sherman(76561198038112694) | HealRepairNear
20.02.2020 02:50:23: 1h 32min | Sherman(76561198038112694) | Deleting GroundWeaponHolder @048005..
20.02.2020 02:59:15: 1h 41min | Sherman(76561198038112694) | Teleport to [3541.8,3010.87,0](GPS: 035999)
20.02.2020 02:59:33: 1h 42min | Sherman(76561198038112694) | Teleport to [3406.47,4183.53,0](GPS: 034011)
20.02.2020 03:11:17: 1h 53min | Sherman(76561198038112694) | Added 1 cuddlesBandaids to Sherman!
20.02.2020 03:17:45: 1h 60min | Nino Marino(76561198206026112) | unlocked - [V12_KTM50CCN]
20.02.2020 03:18:14: 2h 0min | Nino Marino(76561198206026112) | locked - [V12_KTM50CCN]
20.02.2020 03:18:34: 2h 1min | Sherman(76561198038112694) | HealRepairNear
20.02.2020 03:21:45: 2h 4min | Donnie Turbo(76561198041233395) | Added 10 glasss to Donnie Turbo!
20.02.2020 03:46:27: 2h 28min | Nino Marino(76561198206026112) | Teleport to [4812.17,3408.71,0](GPS: 048003)
20.02.2020 03:46:35: 2h 29min | Nino Marino(76561198206026112) | Teleport - Target To Me - Sherman [CIV](76561198038112694)
20.02.2020 03:50:03: 2h 32min | Sherman(76561198038112694) | Teleport to [4880.48,3313.99,0](GPS: 048002)
20.02.2020 03:52:19: 2h 34min | Nino Marino(76561198206026112) | Deleting GroundWeaponHolder @048002..
20.02.2020 03:52:31: 2h 34min | Nino Marino(76561198206026112) | Teleport to [3523.27,4167.77,0](GPS: 035010)
20.02.2020 03:53:34: 2h 36min | Nino Marino(76561198206026112) | Revive - civ_9(76561198206026112)
20.02.2020 03:56:12: 2h 38min | Nino Marino(76561198206026112) | Revive - medic_6(76561198354844800)
20.02.2020 04:02:17: 2h 44min | Donnie Turbo(76561198041233395) | Teleport - Target To Me - Peppe Valachi [CIV](76561198272370927)
20.02.2020 04:03:37: 2h 46min | Nino Marino(76561198206026112) | Teleport to [2860.03,4611.13,0](GPS: 028015)
20.02.2020 04:03:51: 2h 46min | Nino Marino(76561198206026112) | God Mode - 1
20.02.2020 04:03:53: 2h 46min | Nino Marino(76561198206026112) | Teleport - Target To Me - John Anderson [CIV](76561198180893505)
20.02.2020 04:04:01: 2h 46min | Nino Marino(76561198206026112) | Teleport to [3429.26,4220.73,0](GPS: 034011)
20.02.2020 04:04:22: 2h 46min | Nino Marino(76561198206026112) | SPECTATE - switchedCamera on John Anderson(76561198180893505) - C_man_1
20.02.2020 04:04:32: 2h 46min | Nino Marino(76561198206026112) | Parachute Target - John Anderson [CIV](76561198180893505)
20.02.2020 04:06:38: 2h 49min | Nino Marino(76561198206026112) | God Mode - 0
20.02.2020 04:07:03: 2h 49min | Nino Marino(76561198206026112) | Exploding John Anderson(76561198180893505) @034014
20.02.2020 04:07:03: 2h 49min | Nino Marino(76561198206026112) | Explode - civ_3(76561198180893505)
20.02.2020 04:07:11: 2h 49min | Nino Marino(76561198206026112) | Revive - civ_3()
20.02.2020 04:07:22: 2h 49min | Nino Marino(76561198206026112) | SPECTATE - switchedCamera on John Anderson(76561198180893505) - C_man_1
20.02.2020 04:07:24: 2h 49min | Nino Marino(76561198206026112) | Revive - civ_3(76561198180893505)
20.02.2020 04:07:44: 2h 50min | Nino Marino(76561198206026112) | Teleport - Target To Me - John Anderson [CIV](76561198180893505)
20.02.2020 04:07:54: 2h 50min | Nino Marino(76561198206026112) | Revive - civ_3(76561198180893505)
20.02.2020 04:08:05: 2h 50min | Nino Marino(76561198206026112) | Revive - civ_3(76561198180893505)
20.02.2020 04:08:09: 2h 50min | Nino Marino(76561198206026112) | Teleport - Target To Me - John Anderson [CIV](76561198180893505)
20.02.2020 04:08:11: 2h 50min | Donnie Turbo(76561198041233395) | spawning IMI Desert Eagle 12.7×33mm AE (CSW_Desert_Eagle)
20.02.2020 04:11:12: 2h 53min | Nino Marino(76561198206026112) | unlocked - [V12_KTM50CCN]
20.02.2020 04:23:13: 3h 5min | Donnie Turbo(76561198041233395) | Revive - civ_5(76561198272370927)
20.02.2020 04:25:29: 3h 7min | Donnie Turbo(76561198041233395) | Revive - civ_3(76561198180893505)
20.02.2020 04:29:24: 3h 11min | Donnie Turbo(76561198041233395) | FastFire - 1
20.02.2020 04:29:28: 3h 11min | Donnie Turbo(76561198041233395) | UnlimAmmo - 1
20.02.2020 04:29:30: 3h 11min | Donnie Turbo(76561198041233395) | noRecoil - 1
20.02.2020 04:30:01: 3h 12min | Donnie Turbo(76561198041233395) | FastFire - 0
20.02.2020 04:30:02: 3h 12min | Donnie Turbo(76561198041233395) | UnlimAmmo - 0
20.02.2020 04:30:03: 3h 12min | Donnie Turbo(76561198041233395) | noRecoil - 0
20.02.2020 04:30:25: 3h 12min | Donnie Turbo(76561198041233395) | HealRepairNear
20.02.2020 04:30:25: 3h 12min | Donnie Turbo(76561198041233395) | HealRepairNear
20.02.2020 04:30:53: 3h 13min | Donnie Turbo(76561198041233395) | unlocked - [d3s_eldorado_76]
20.02.2020 04:30:56: 3h 13min | Donnie Turbo(76561198041233395) | locked - [d3s_eldorado_76]
20.02.2020 04:39:25: 3h 21min | Donnie Turbo(76561198041233395) | Teleport to [5548.16,4329.32,0](GPS: 055012)
20.02.2020 04:39:36: 3h 22min | Donnie Turbo(76561198041233395) | Teleport to [5555.53,4328.47,0](GPS: 055012)
20.02.2020 04:42:20: 3h 24min | Donnie Turbo(76561198041233395) | Teleport to [3549.67,3113.23,0](GPS: 035000)
20.02.2020 04:56:00: 3h 38min | Donnie Turbo(76561198041233395) | Revive - civ_3(76561198180893505)
20.02.2020 04:59:56: 3h 42min | Donnie Turbo(76561198041233395) | Revive - civ_2(76561198041233395)
20.02.2020 05:01:02: 3h 43min | Donnie Turbo(76561198041233395) | Revive - civ_3(76561198180893505)
20.02.2020 05:01:26: 3h 43min | Donnie Turbo(76561198041233395) | Zeus John Anderson(76561198180893505) @034011
20.02.2020 05:01:27: 3h 43min | Donnie Turbo(76561198041233395) | Zeus - civ_3(76561198180893505)
20.02.2020 05:01:44: 3h 44min | Donnie Turbo(76561198041233395) | Revive - civ_3(76561198180893505)
20.02.2020 05:03:28: 3h 45min | Donnie Turbo(76561198041233395) | Revive - civ_5(76561198272370927)
20.02.2020 05:04:05: 3h 46min | Donnie Turbo(76561198041233395) | Revive - civ_3(76561198180893505)
20.02.2020 05:05:59: 3h 48min | Donnie Turbo(76561198041233395) | spawning IR Grenade [NATO] (B_IR_Grenade)
20.02.2020 05:06:06: 3h 48min | Donnie Turbo(76561198041233395) | spawning IR Grenade [Spetsnaz] (O_R_IR_Grenade)
20.02.2020 05:07:02: 3h 49min | Donnie Turbo(76561198041233395) | spawning RGO Grenade (HandGrenade)
20.02.2020 05:07:03: 3h 49min | Donnie Turbo(76561198041233395) | spawning RGO Grenade (HandGrenade)
20.02.2020 05:07:03: 3h 49min | Donnie Turbo(76561198041233395) | spawning RGO Grenade (HandGrenade)
20.02.2020 05:08:08: 3h 50min | Donnie Turbo(76561198041233395) | Revive - civ_4(76561198361509989)
20.02.2020 05:08:14: 3h 50min | Donnie Turbo(76561198041233395) | Revive - civ_5(76561198272370927)
20.02.2020 05:09:42: 3h 52min | Donnie Turbo(76561198041233395) | Revive - civ_2(76561198041233395)
20.02.2020 05:10:16: 3h 52min | Donnie Turbo(76561198041233395) | Revive - civ_4(76561198361509989)
20.02.2020 05:10:22: 3h 52min | Donnie Turbo(76561198041233395) | Revive - civ_3(76561198180893505)
20.02.2020 05:14:39: 3h 57min | Donnie Turbo(76561198041233395) | Revive - civ_5(76561198272370927)
20.02.2020 05:16:52: 3h 59min | Donnie Turbo(76561198041233395) | Teleport - Target To Me - John Anderson [CIV](76561198180893505)
20.02.2020 05:17:04: 3h 59min | Donnie Turbo(76561198041233395) | Teleport - Target To Me - Peppe Valachi [CIV](76561198272370927)
20.02.2020 05:17:28: 3h 59min | Donnie Turbo(76561198041233395) | Revive - civ_5(76561198272370927)
20.02.2020 05:18:40: 4h 1min | Donnie Turbo(76561198041233395) | Revive - civ_3(76561198180893505)
20.02.2020 05:18:47: 4h 1min | Donnie Turbo(76561198041233395) | Deleting V12_KTM50CCN @033011..
20.02.2020 05:18:56: 4h 1min | Donnie Turbo(76561198041233395) | Revive - civ_5(76561198272370927)
20.02.2020 05:20:02: 4h 2min | Donnie Turbo(76561198041233395) | Revive - civ_3(76561198180893505)
20.02.2020 05:20:44: 4h 3min | Donnie Turbo(76561198041233395) | Revive - civ_5(76561198272370927)
20.02.2020 21:55:21: 15h 38min | K-12 J Shepard(76561198043298972) | spawning Ford Crown Victoria'98 Mafia (d3s_crown_mafia)
20.02.2020 21:55:26: 15h 38min | K-12 J Shepard(76561198043298972) | locked - [d3s_crown_mafia]
20.02.2020 21:56:57: 15h 40min | K-12 J Shepard(76561198043298972) | Deleting d3s_crown_mafia @035000..
20.02.2020 21:58:49: 15h 42min | Sherman(76561198038112694) | Teleport to [3604.29,3129.49,0](GPS: 036000)
20.02.2020 22:01:24: 15h 44min | Sherman(76561198038112694) | HealRepairNear
20.02.2020 22:01:50: 15h 45min | Sherman(76561198038112694) | HealRepairNear
20.02.2020 22:01:57: 15h 45min | Sherman(76561198038112694) | unlocked - [V12_YZF_VO]
20.02.2020 22:01:58: 15h 45min | Sherman(76561198038112694) | locked - [V12_YZF_VO]
20.02.2020 22:02:26: 15h 45min | Sherman(76561198038112694) | locked - [V12_YZF_VO]
20.02.2020 22:03:52: 15h 47min | Sherman(76561198038112694) | HealRepairNear
20.02.2020 22:15:59: 15h 59min | Sherman(76561198038112694) | Revive - civ_3()
20.02.2020 22:16:01: 15h 59min | Sherman(76561198038112694) | Revive - civ_3(76561198043298972)
20.02.2020 22:21:24: 16h 4min | Sherman(76561198038112694) | locked - [d3s_raptor_17]
20.02.2020 22:21:25: 16h 4min | Sherman(76561198038112694) | unlocked - [d3s_raptor_17]
20.02.2020 22:21:42: 16h 5min | Sherman(76561198038112694) | unlocked - [d3s_LaFerrari_14]
20.02.2020 22:21:43: 16h 5min | Sherman(76561198038112694) | locked - [d3s_LaFerrari_14]
20.02.2020 22:21:47: 16h 5min | Donnie Turbo(76561198041233395) | Deleting GroundWeaponHolder @031002..
20.02.2020 22:22:09: 16h 5min | Donnie Turbo(76561198041233395) | spawning Axe (Max_axe)
20.02.2020 22:23:19: 16h 6min | Sherman(76561198038112694) | SPECTATE - switchedCamera on Sherman(76561198038112694) - C_man_1
20.02.2020 22:23:21: 16h 6min | Sherman(76561198038112694) | Revive - civ_2()
20.02.2020 22:23:23: 16h 6min | Sherman(76561198038112694) | Revive - civ_2(76561198038112694)
20.02.2020 22:39:46: 16h 23min | K-12 J Shepard(76561198043298972) | Teleport to [3549.01,4102.4,0](GPS: 035010)
20.02.2020 22:40:03: 16h 23min | Donnie Turbo(76561198041233395) | spawning Smoke Grenade (Red) (SmokeShellRed)
20.02.2020 22:40:04: 16h 23min | Donnie Turbo(76561198041233395) | spawning Smoke Grenade (Red) (SmokeShellRed)
20.02.2020 22:40:04: 16h 23min | Donnie Turbo(76561198041233395) | spawning Smoke Grenade (Red) (SmokeShellRed)
20.02.2020 22:40:04: 16h 23min | Donnie Turbo(76561198041233395) | spawning Smoke Grenade (Red) (SmokeShellRed)
20.02.2020 22:40:05: 16h 23min | Donnie Turbo(76561198041233395) | spawning Smoke Grenade (Red) (SmokeShellRed)
20.02.2020 22:40:05: 16h 23min | Donnie Turbo(76561198041233395) | spawning Smoke Grenade (Red) (SmokeShellRed)
20.02.2020 22:40:06: 16h 23min | Donnie Turbo(76561198041233395) | spawning Smoke Grenade (Red) (SmokeShellRed)
20.02.2020 22:40:06: 16h 23min | Donnie Turbo(76561198041233395) | spawning Smoke Grenade (Red) (SmokeShellRed)
20.02.2020 23:28:31: 17h 11min | K-12 J Shepard(76561198043298972) | Teleport to [2677.28,4111.41,0](GPS: 026010)
20.02.2020 23:28:36: 17h 11min | K-12 J Shepard(76561198043298972) | Teleport to [2520.25,4190.36,0](GPS: 025011)
20.02.2020 23:28:51: 17h 12min | K-12 J Shepard(76561198043298972) | Teleport to [2576.19,4093.02,0](GPS: 025010)
20.02.2020 23:29:01: 17h 12min | K-12 J Shepard(76561198043298972) | HealRepairNear
20.02.2020 23:52:04: 17h 35min | Donnie Turbo(76561198041233395) | Deleting d3s_g500_18_EMS @032005..
