29.02.2020 00:04:22: luke(76561198264871362) CLIENT OWNER ID [4], TOKEN [axs3ja2zd68l4q7p]
29.02.2020 00:05:35: Donnie Turbo(76561198041233395) CLIENT OWNER ID [5], TOKEN [as6d0p62y71s1oke]
29.02.2020 00:05:58: John Anderson(76561198180893505) CLIENT OWNER ID [6], TOKEN [s84l0p11vi8xklhp9]
29.02.2020 00:14:34: luke(76561198264871362) CLIENT OWNER ID [7], TOKEN [nxrtggxjko018g2fbq]
29.02.2020 00:25:02: [1k-40] Jose Santana(76561198206026112) CLIENT OWNER ID [10], TOKEN [jbk3isppzcots5wr]
29.02.2020 00:26:34: Rogue Tjay(76561198883479728) CLIENT OWNER ID [9], TOKEN [oy1oibznhu654142s2]
29.02.2020 00:42:28: Rogue Tjay(76561198883479728) CLIENT OWNER ID [9], TOKEN [q29iwu4gheobigx]
29.02.2020 00:47:52: Sherman(76561198038112694) CLIENT OWNER ID [11], TOKEN [jhzpr1c812kpm6j1i]
29.02.2020 01:22:27: Low_Poly_Man(76561198137223112) CLIENT OWNER ID [12], TOKEN [muf855hhytiyxwucsm]
29.02.2020 01:25:28: luke(76561198264871362) CLIENT OWNER ID [13], TOKEN [j80t8sdh5k0m3p9coc]
29.02.2020 01:45:49: John Anderson(76561198180893505) CLIENT OWNER ID [6], TOKEN [ymm5gz7qmhl8qie]
29.02.2020 01:47:09: Sergei Chedakai(76561198043298972) CLIENT OWNER ID [14], TOKEN [ikontz6y75wkewht]
29.02.2020 01:49:20: Ivan Pershketov(76561198105940600) CLIENT OWNER ID [16], TOKEN [v0dwfmif3z4bzbo]
29.02.2020 01:49:53: Low_Poly_Man(76561198137223112) CLIENT OWNER ID [12], TOKEN [qkz02yx5tyk84noi]
29.02.2020 02:03:27: luke(76561198264871362) CLIENT OWNER ID [17], TOKEN [k2141fefhcyo33t]
29.02.2020 02:12:10: S.Kingston(76561198046640450) CLIENT OWNER ID [18], TOKEN [ytuuw4am4xqjluw3nm]
29.02.2020 02:15:28: Amado Carrillo fuentes(76561198354844800) CLIENT OWNER ID [19], TOKEN [ox7ii74kh9gqeid]
29.02.2020 02:16:37: luke(76561198264871362) CLIENT OWNER ID [20], TOKEN [swyhw4ri2alih2lgoh]
29.02.2020 02:36:06: Nino Marino(76561198206026112) CLIENT OWNER ID [21], TOKEN [v0tapdem04p4dg7fg]
29.02.2020 02:38:35: BFcommando(76561198119767526) CLIENT OWNER ID [22], TOKEN [mjaeurvh08xrd5yu]
29.02.2020 02:39:13: luke(76561198264871362) CLIENT OWNER ID [23], TOKEN [wyvul6vwwp3mdwgn0f]
29.02.2020 02:52:48: John Anderson(76561198180893505) CLIENT OWNER ID [6], TOKEN [jwghoouohts14nrhel]
29.02.2020 03:01:01: luke(76561198264871362) CLIENT OWNER ID [24], TOKEN [tdwwuq12kyk6ymxvwv0]
29.02.2020 03:12:27: Axel Jones(76561198091943121) CLIENT OWNER ID [25], TOKEN [seixtcf0g8fjou]
29.02.2020 03:36:35: Betty Boop White(76561198206026112) CLIENT OWNER ID [26], TOKEN [boc38jfvig3lxzc]
29.02.2020 04:15:17: Sherman(76561198038112694) CLIENT OWNER ID [11], TOKEN [sid1qvb0ft6ednxp]
29.02.2020 04:15:35: Betty Boop White(76561198206026112) CLIENT OWNER ID [26], TOKEN [jlvuc27kgxg8lr6ci]
29.02.2020 04:22:28: Sherman(76561198038112694) CLIENT OWNER ID [11], TOKEN [j7iho59n3dgt40i87m]
29.02.2020 04:25:14: Sherman(76561198038112694) CLIENT OWNER ID [28], TOKEN [qvgj123ty4jgx17]
29.02.2020 04:32:24: Ivan Pershketov(76561198105940600) CLIENT OWNER ID [16], TOKEN [u953w088j5tw0xg]
29.02.2020 04:35:23: Robert Kennedy(76561198083728776) CLIENT OWNER ID [30], TOKEN [awyezk8nhzpy4jd]
29.02.2020 04:36:58: Khalidan Steyr(76561197997126699) CLIENT OWNER ID [29], TOKEN [mnjij3t62hor8tq]
29.02.2020 04:59:43: Robert Kennedy(76561198083728776) CLIENT OWNER ID [31], TOKEN [msfi8pl21ohc1b88z]
29.02.2020 05:24:42: Donnie Turbo(76561198041233395) CLIENT OWNER ID [5], TOKEN [yjo5ib1ar088oc8c58]
29.02.2020 18:41:34: William(76561198213286991) CLIENT OWNER ID [4], TOKEN [s8t28vt5815iyb5t1fi]
29.02.2020 20:51:59: Low_Poly_Man(76561198137223112) CLIENT OWNER ID [5], TOKEN [hh879yw7j2i6rom]
29.02.2020 21:21:34: Thomas Woods(76561198174871239) CLIENT OWNER ID [6], TOKEN [fnwqr7gm8zffe3p5jkn]
29.02.2020 21:59:06: Rogue Tjay(76561198883479728) CLIENT OWNER ID [7], TOKEN [nw7r9ucss3nblknkst]
29.02.2020 22:56:49: Donnie Turbo(76561198041233395) CLIENT OWNER ID [8], TOKEN [n018wj4m53a1s6tc7m]
29.02.2020 23:29:13: Low_Poly_Man(76561198137223112) CLIENT OWNER ID [9], TOKEN [attlbwggvq3d1c4]
29.02.2020 23:50:57: Betty Boop White(76561198206026112) CLIENT OWNER ID [10], TOKEN [kvd84k27uuoxf1n]
29.02.2020 23:53:42: Stanley Thompson [1K-75](76561198180893505) CLIENT OWNER ID [11], TOKEN [gmtxs062xl8z7336]
29.02.2020 23:55:54: Low_Poly_Man(76561198137223112) CLIENT OWNER ID [9], TOKEN [rmfw2gsjbn18jn5]
