17.02.2020 00:02:28: 0h 11min | Connected: Donnie Turbo(76561198041233395 - 6) - time: 552.869 - serverFPS: 45.8453
17.02.2020 00:07:30: 0h 16min | Connected: Nino Marino(76561198206026112 - 7) - time: 855.292 - serverFPS: 45.4545
17.02.2020 00:15:38: 0h 24min | Disconnected: HoyoBani(76561198105940600 - 4) - time: 1342.49 - serverFPS: 45.4545
17.02.2020 00:18:57: 0h 27min | Connected: AL "BIG AL" GAMBINO(76561198361509989 - 8) - time: 1542.42 - serverFPS: 45.7143
17.02.2020 00:29:25: 0h 38min | Connected: Zander Marino(76561198180893505 - 10) - time: 2169.52 - serverFPS: 45.4545
17.02.2020 00:59:36: 1h 8min | Disconnected: AL "BIG AL" GAMBINO(76561198361509989 - 8) - time: 3979.72 - serverFPS: 45.7143
17.02.2020 00:59:56: 1h 8min | Connected: S.Kingston(76561198046640450 - 11) - time: 3999.72 - serverFPS: 45.3258
17.02.2020 01:02:26: 1h 11min | Disconnected: S.Kingston(76561198046640450 - 11) - time: 4149.89 - serverFPS: 45.7143
17.02.2020 01:05:08: 1h 14min | Connected: S.Kingston(76561198046640450 - 12) - time: 4311.14 - serverFPS: 45.4545
17.02.2020 01:26:11: 1h 35min | Connected: Robert Kennedy(76561198083728776 - 13) - time: 5574.64 - serverFPS: 45.8453
17.02.2020 01:31:47: 1h 40min | Disconnected: Robert Kennedy(76561198083728776 - 13) - time: 5909.63 - serverFPS: 45.3258
17.02.2020 01:32:36: 1h 41min | Connected: Melvin Bush(76561198083728776 - 14) - time: 5959.23 - serverFPS: 45.3258
17.02.2020 01:51:52: 2h 0min | Connected: HoyoBani(76561198105940600 - 15) - time: 7114.2 - serverFPS: 45.977
17.02.2020 01:58:41: 2h 7min | Connected: Sherman(76561198038112694 - 16) - time: 7522.22 - serverFPS: 47.3373
17.02.2020 02:07:26: 2h 16min | Disconnected: Nino Marino(76561198206026112 - 7) - time: 8044.53 - serverFPS: 46.9208
17.02.2020 02:12:11: 2h 21min | Connected: Judge Whinehoe(76561198206026112 - 17) - time: 8329.32 - serverFPS: 45.0704
17.02.2020 02:13:47: 2h 22min | Connected: Rick Cheney(76561198860031547 - 18) - time: 8425.48 - serverFPS: 45.977
17.02.2020 02:19:12: 2h 28min | Connected: Harold Reginald(76561198355765034 - 19) - time: 8750.4 - serverFPS: 46.5116
17.02.2020 02:25:16: 2h 34min | Connected: Ted Kennedy(76561198042633029 - 20) - time: 9113.28 - serverFPS: 46.1095
17.02.2020 02:33:03: 2h 42min | Connected: K-12 J Shepard(76561198043298972 - 21) - time: 9580.68 - serverFPS: 46.6472
17.02.2020 02:35:16: 2h 44min | Disconnected: Harold Reginald(76561198355765034 - 19) - time: 9712.7 - serverFPS: 46.1095
17.02.2020 02:40:35: 2h 49min | Connected: Harold Reginald(76561198355765034 - 22) - time: 10031.2 - serverFPS: 45.3258
17.02.2020 03:00:26: 3h 9min | Disconnected: Sherman(76561198038112694 - 16) - time: 11222.8 - serverFPS: 46.7836
17.02.2020 03:02:02: 3h 11min | Connected: M. Sherman(76561198038112694 - 23) - time: 11318.5 - serverFPS: 45.1977
17.02.2020 03:04:43: 3h 13min | Disconnected: Rick Cheney(76561198860031547 - 18) - time: 11478.3 - serverFPS: 45.584
17.02.2020 03:05:00: 3h 14min | Disconnected: Zander Marino(76561198180893505 - 10) - time: 11495.5 - serverFPS: 45.4545
17.02.2020 03:05:46: 3h 14min | Connected: Rick Cheney(76561198860031547 - 18) - time: 11541.2 - serverFPS: 45.8453
17.02.2020 03:08:04: 3h 17min | Connected: John Anderson(76561198180893505 - 25) - time: 11679.4 - serverFPS: 45.7143
17.02.2020 03:11:10: 3h 20min | Disconnected: M. Sherman(76561198038112694 - 23) - time: 11864.6 - serverFPS: 47.0588
17.02.2020 03:12:45: 3h 21min | Connected: Sherman(76561198038112694 - 26) - time: 11959.5 - serverFPS: 45.3258
17.02.2020 03:23:23: 3h 32min | Disconnected: HoyoBani(76561198105940600 - 15) - time: 12596.6 - serverFPS: 46.9208
17.02.2020 03:25:17: 3h 34min | Connected: AL "BIG AL" GAMBINO(76561198361509989 - 28) - time: 12710.9 - serverFPS: 45.584
17.02.2020 03:36:20: 3h 45min | Disconnected: John Anderson(76561198180893505 - 25) - time: 13374.3 - serverFPS: 45.584
17.02.2020 03:37:59: 3h 46min | Connected: John Anderson(76561198180893505 - 29) - time: 13472.6 - serverFPS: 46.6472
17.02.2020 03:38:09: 3h 47min | Disconnected: Sherman(76561198038112694 - 26) - time: 13482.2 - serverFPS: 46.2428
17.02.2020 03:46:38: 3h 55min | Disconnected: Rick Cheney(76561198860031547 - 18) - time: 13990.7 - serverFPS: 45.4545
17.02.2020 03:47:57: 3h 56min | Disconnected: Harold Reginald(76561198355765034 - 22) - time: 14070.3 - serverFPS: 45.7143
17.02.2020 03:49:00: 3h 58min | Disconnected: Ted Kennedy(76561198042633029 - 20) - time: 14133.1 - serverFPS: 46.2428
17.02.2020 03:49:02: 3h 58min | Disconnected: Melvin Bush(76561198083728776 - 14) - time: 14135.6 - serverFPS: 46.5116
17.02.2020 03:56:07: 4h 5min | Disconnected: Judge Whinehoe(76561198206026112 - 17) - time: 14560 - serverFPS: 45.4545
17.02.2020 03:56:21: 4h 5min | Disconnected: K-12 J Shepard(76561198043298972 - 21) - time: 14574.4 - serverFPS: 46.1095
17.02.2020 03:57:38: 4h 6min | Connected: Jbo Marino[201](76561198206026112 - 30) - time: 14651.6 - serverFPS: 47.7612
17.02.2020 04:00:17: 4h 9min | Disconnected: S.Kingston(76561198046640450 - 12) - time: 14810 - serverFPS: 46.1095
17.02.2020 04:44:48: 4h 53min | Disconnected: Jbo Marino[201](76561198206026112 - 30) - time: 17480.6 - serverFPS: 45.977
17.02.2020 04:47:56: 4h 56min | Disconnected: John Anderson(76561198180893505 - 29) - time: 17669.1 - serverFPS: 45.3258
17.02.2020 04:48:42: 4h 57min | Disconnected: AL "BIG AL" GAMBINO(76561198361509989 - 28) - time: 17715 - serverFPS: 45.3258
17.02.2020 04:48:52: 4h 57min | Disconnected: Donnie Turbo(76561198041233395 - 6) - time: 17725.2 - serverFPS: 45.7143
17.02.2020 12:57:30: 13h 6min | Connected: Ted Kennedy(76561198042633029 - 35) - time: 47042.1 - serverFPS: 45.8453
17.02.2020 15:44:04: 15h 53min | Connected: Papa Khan (76561198153547715 - 38) - time: 57035.8 - serverFPS: 45.7143
17.02.2020 15:51:01: 15h 60min | Disconnected: Ted Kennedy(76561198042633029 - 35) - time: 57451.3 - serverFPS: 45.977
17.02.2020 16:22:24: 16h 31min | Disconnected: Papa Khan (76561198153547715 - 38) - time: 59335.3 - serverFPS: 46.2428
17.02.2020 16:22:40: 16h 31min | Connected: Papa Khan (76561198153547715 - 38) - time: 59350.5 - serverFPS: 45.4545
17.02.2020 17:20:56: 17h 29min | Disconnected: Papa Khan (76561198153547715 - 38) - time: 62846.3 - serverFPS: 46.6472
17.02.2020 21:30:28: infiSTAR_PlayerConnected_id: 1
17.02.2020 21:30:28: infiSTAR_PlayerDisconnected_id: 0
17.02.2020 21:39:10: 0h 10min | Connected: Donnie Turbo(76561198041233395 - 4) - time: 524.036 - serverFPS: 45.584
17.02.2020 21:43:52: 0h 15min | Connected: AL "BIG AL" GAMBINO(76561198361509989 - 5) - time: 805.031 - serverFPS: 46.2428
17.02.2020 22:00:58: 0h 32min | Disconnected: Donnie Turbo(76561198041233395 - 4) - time: 1830.92 - serverFPS: 47.0588
17.02.2020 22:12:13: 0h 43min | Connected: Donnie Turbo(76561198041233395 - 6) - time: 2505.43 - serverFPS: 45.3258
17.02.2020 22:42:38: 1h 13min | Connected: S.Kingston(76561198046640450 - 7) - time: 4329.85 - serverFPS: 45.3258
