21.01.2020 00:04:18: 0h 54min | Nino Marino(76561198206026112) | spawning Sofa biplaza POPLife (pop_sofa)
21.01.2020 00:04:22: 0h 54min | Nino Marino(76561198206026112) | spawning Sofa biplaza POPLife (pop_sofa)
21.01.2020 00:04:23: 0h 54min | Nino Marino(76561198206026112) | spawning Sofa biplaza POPLife (pop_sofa)
21.01.2020 00:04:24: 0h 54min | Nino Marino(76561198206026112) | spawning Sofa biplaza POPLife (pop_sofa)
21.01.2020 00:04:37: 0h 54min | Nino Marino(76561198206026112) | Deleting pop_sofa @034010..
21.01.2020 00:04:41: 0h 54min | Nino Marino(76561198206026112) | Deleting pop_sofa @034010..
21.01.2020 00:04:44: 0h 54min | Nino Marino(76561198206026112) | Deleting pop_sofa @034010..
21.01.2020 00:04:49: 0h 54min | Nino Marino(76561198206026112) | Deleting pop_sofa @034010..
21.01.2020 00:13:56: 1h 3min | Nino Marino(76561198206026112) | Teleport to [5387.49,3681.94,0](GPS: 053006)
21.01.2020 00:15:08: 1h 5min | Nino Marino(76561198206026112) | spawning To-199 Neophron (CAS) (O_Plane_CAS_02_dynamicLoadout_F)
21.01.2020 00:19:11: 1h 9min | Nino Marino(76561198206026112) | God Mode - 1
21.01.2020 00:21:21: 1h 11min | Nino Marino(76561198206026112) | HealSelf
21.01.2020 00:21:21: 1h 11min | Nino Marino(76561198206026112) | HealRepairNear
21.01.2020 00:21:21: 1h 11min | Nino Marino(76561198206026112) | HealRepairNear
21.01.2020 00:21:22: 1h 11min | Nino Marino(76561198206026112) | HealRepairNear
21.01.2020 00:21:22: 1h 11min | Nino Marino(76561198206026112) | HealRepairNear
21.01.2020 00:21:23: 1h 11min | Nino Marino(76561198206026112) | HealRepairNear
21.01.2020 00:21:23: 1h 11min | Nino Marino(76561198206026112) | HealRepairNear
21.01.2020 00:21:27: 1h 11min | Nino Marino(76561198206026112) | HealRepairNear
21.01.2020 00:21:33: 1h 11min | Nino Marino(76561198206026112) | Teleport to [5525.5,3676.19,0.162651](GPS: 055006)
21.01.2020 00:54:30: 1h 44min | Nino Marino(76561198206026112) | SPECTATE - switchedCamera on Donnie Turbo(76561198041233395) - d3s_FPIU_13
21.01.2020 00:54:50: 1h 44min | Nino Marino(76561198206026112) | Teleport to [3415.12,4165.24,0](GPS: 034010)
21.01.2020 00:55:46: 1h 45min | Nino Marino(76561198206026112) | SPECTATE - switchedCamera on Donnie Turbo(76561198041233395) - B_RangeMaster_F
21.01.2020 01:02:36: 1h 52min | Nino Marino(76561198206026112) | Added 1 toolkits to Nino Marino!
21.01.2020 01:03:35: 1h 53min | Nino Marino(76561198206026112) | Teleport to [7338.04,3730.52,0](GPS: 073006)
21.01.2020 01:04:39: 1h 54min | Nino Marino(76561198206026112) | spawning YAMAHA YZF Noir Mat (V12_YZF_MAT)
21.01.2020 01:05:56: 1h 55min | Nino Marino(76561198206026112) | SPECTATE - switchedCamera on Donnie Turbo(76561198041233395) - d3s_FPIU_13
21.01.2020 01:22:50: 2h 12min | Donnie Turbo(76561198041233395) | UnlimAmmo - 1
21.01.2020 01:23:47: 2h 13min | Nino Marino(76561198206026112) | Added 4 cocaine_processeds to Nino Marino!
21.01.2020 01:23:55: 2h 13min | Nino Marino(76561198206026112) | God Mode - 0
21.01.2020 01:24:49: 2h 14min | Nino Marino(76561198206026112) | SPECTATE - switchedCamera on Donnie Turbo(76561198041233395) - d3s_FPIU_13
21.01.2020 01:36:13: 2h 26min | Nino Marino(76561198206026112) | SPECTATE - switchedCamera on Stanley Thompson [1K-75](76561198180893505) - d3s_crown_98_PD
21.01.2020 01:36:15: 2h 26min | Nino Marino(76561198206026112) | SPECTATE - switchedCamera on Nino Marino(76561198206026112) - C_man_1
21.01.2020 01:36:38: 2h 26min | Nino Marino(76561198206026112) | HealRepairNear
21.01.2020 01:38:00: 2h 27min | Nino Marino(76561198206026112) | SPECTATE - switchedCamera on Stanley Thompson [1K-75](76561198180893505) - d3s_crown_98_PD
21.01.2020 01:43:26: 2h 33min | Nino Marino(76561198206026112) | Deleting V12_YZF_MAT @025023..
21.01.2020 01:43:34: 2h 33min | Nino Marino(76561198206026112) | SPECTATE - switchedCamera on Stanley Thompson [1K-75](76561198180893505) - B_RangeMaster_F
21.01.2020 01:43:36: 2h 33min | Nino Marino(76561198206026112) | SPECTATE - switchedCamera on Nino Marino(76561198206026112) - C_man_1
21.01.2020 01:44:23: 2h 34min | Nino Marino(76561198206026112) | spawning YAMAHA YZF Or (V12_YZF_OR)
21.01.2020 01:47:28: 2h 37min | Nino Marino(76561198206026112) | SPECTATE - switchedCamera on Donnie Turbo(76561198041233395) - d3s_FPIU_13
21.01.2020 01:47:31: 2h 37min | Nino Marino(76561198206026112) | SPECTATE - switchedCamera on Stanley Thompson [1K-75](76561198180893505) - d3s_crown_98_PD
21.01.2020 01:47:38: 2h 37min | Nino Marino(76561198206026112) | SPECTATE - switchedCamera on Donnie Turbo(76561198041233395) - d3s_FPIU_13
21.01.2020 01:48:01: 2h 37min | Nino Marino(76561198206026112) | SPECTATE - switchedCamera on Stanley Thompson [1K-75](76561198180893505) - d3s_crown_98_PD
21.01.2020 01:48:05: 2h 37min | Nino Marino(76561198206026112) | SPECTATE - switchedCamera on Donnie Turbo(76561198041233395) - d3s_FPIU_13
21.01.2020 01:48:37: 2h 38min | Nino Marino(76561198206026112) | SPECTATE - switchedCamera on Stanley Thompson [1K-75](76561198180893505) - d3s_crown_98_PD
21.01.2020 01:48:41: 2h 38min | Nino Marino(76561198206026112) | SPECTATE - switchedCamera on Donnie Turbo(76561198041233395) - d3s_FPIU_13
21.01.2020 01:48:42: 2h 38min | Nino Marino(76561198206026112) | SPECTATE - switchedCamera on Stanley Thompson [1K-75](76561198180893505) - d3s_crown_98_PD
21.01.2020 01:52:11: 2h 42min | Nino Marino(76561198206026112) | SPECTATE - switchedCamera on Nino Marino(76561198206026112) - V12_YZF_OR
21.01.2020 01:52:12: 2h 42min | Nino Marino(76561198206026112) | SPECTATE - switchedCamera on Donnie Turbo(76561198041233395) - d3s_FPIU_13
21.01.2020 01:52:15: 2h 42min | Nino Marino(76561198206026112) | SPECTATE - switchedCamera on Stanley Thompson [1K-75](76561198180893505) - d3s_crown_98_PD
21.01.2020 01:53:32: 2h 43min | Nino Marino(76561198206026112) | HealRepairNear
21.01.2020 01:53:33: 2h 43min | Nino Marino(76561198206026112) | HealRepairNear
21.01.2020 01:57:33: 2h 47min | Donnie Turbo(76561198041233395) | Heal - cop_3(76561198041233395)
21.01.2020 01:57:39: 2h 47min | Nino Marino(76561198206026112) | Revive - civ_1(76561198206026112)
21.01.2020 01:57:41: 2h 47min | Donnie Turbo(76561198041233395) | Revive - civ_1(76561198206026112)
21.01.2020 02:23:26: 3h 13min | Donnie Turbo(76561198041233395) | HealRepairNear
21.01.2020 02:23:27: 3h 13min | Donnie Turbo(76561198041233395) | HealRepairNear
21.01.2020 02:37:34: 3h 27min | Donnie Turbo(76561198041233395) | UnlimAmmo - 1
21.01.2020 02:38:14: 3h 28min | Donnie Turbo(76561198041233395) | AdminConsole
21.01.2020 02:43:45: 3h 33min | Nino Marino(76561198206026112) | God Mode - 1
21.01.2020 02:43:51: 3h 33min | Nino Marino(76561198206026112) | God Mode - 0
21.01.2020 02:43:54: 3h 33min | Nino Marino(76561198206026112) | Heal - civ_1(76561198206026112)
21.01.2020 02:54:12: 3h 44min | Nino Marino(76561198206026112) | Added 1 toolkits to Nino Marino!
21.01.2020 02:54:24: 3h 44min | Nino Marino(76561198206026112) | Added 1 waterBottles to Nino Marino!
21.01.2020 02:54:27: 3h 44min | Nino Marino(76561198206026112) | Added 1 tbacons to Nino Marino!
21.01.2020 03:00:27: 3h 50min | Nino Marino(76561198206026112) | HealRepairNear
21.01.2020 03:08:57: 3h 58min | Nino Marino(76561198206026112) | Added 5 tires to Nino Marino!
21.01.2020 03:09:08: 3h 59min | Nino Marino(76561198206026112) | Added 5 engineparts to Nino Marino!
21.01.2020 03:09:22: 3h 59min | Nino Marino(76561198206026112) | Added 5 bulbs to Nino Marino!
21.01.2020 03:13:42: 4h 3min | Nino Marino(76561198206026112) | Added 2 glasspanels to Nino Marino!
21.01.2020 03:19:10: 4h 9min | Nino Marino(76561198206026112) | HealRepairNear
21.01.2020 03:19:15: 4h 9min | Donnie Turbo(76561198041233395) | Revive - civ_3(76561198264871362)
21.01.2020 03:19:21: 4h 9min | Nino Marino(76561198206026112) | Teleport to [3811.97,3121.76,0](GPS: 038000)
21.01.2020 03:19:27: 4h 9min | Nino Marino(76561198206026112) | HealRepairNear
21.01.2020 03:19:27: 4h 9min | Nino Marino(76561198206026112) | HealRepairNear
21.01.2020 03:22:17: 4h 12min | Donnie Turbo(76561198041233395) | Heal - civ_2(76561198041233395)
21.01.2020 03:22:21: 4h 12min | Donnie Turbo(76561198041233395) | Heal - civ_3(76561198264871362)
21.01.2020 03:27:33: 4h 17min | Nino Marino(76561198206026112) | Deleting GroundWeaponHolder @036002..
21.01.2020 03:27:41: 4h 17min | Nino Marino(76561198206026112) | Deleting GroundWeaponHolder @036002..
21.01.2020 03:28:03: 4h 17min | Nino Marino(76561198206026112) | unlocked - [d3s_boss_15]
21.01.2020 03:28:11: 4h 18min | Nino Marino(76561198206026112) | locked - [d3s_boss_15]
21.01.2020 03:30:55: 4h 20min | Nino Marino(76561198206026112) | unlocked - [d3s_charger_15_CPP]
21.01.2020 03:31:27: 4h 21min | Donnie Turbo(76561198041233395) | noRecoil - 1
21.01.2020 03:31:36: 4h 21min | Nino Marino(76561198206026112) | locked - [d3s_charger_15_CPP]
21.01.2020 03:34:23: 4h 24min | Nino Marino(76561198206026112) | SPECTATE - switchedCamera on Stanley Thompson [1K-75](76561198180893505) - B_RangeMaster_F
21.01.2020 03:35:39: 4h 25min | Donnie Turbo(76561198041233395) | Heal - civ_2(76561198041233395)
21.01.2020 03:39:04: 4h 28min | Nino Marino(76561198206026112) | Revive - civ_1(76561198206026112)
21.01.2020 03:39:14: 4h 29min | Nino Marino(76561198206026112) | Revive - cop_1(76561198180893505)
21.01.2020 03:39:18: 4h 29min | Nino Marino(76561198206026112) | Revive - civ_3(76561198264871362)
21.01.2020 03:43:23: 4h 33min | Nino Marino(76561198206026112) | Revive - civ_3(76561198264871362)
21.01.2020 03:43:43: 4h 33min | Nino Marino(76561198206026112) | Revive - civ_1(76561198206026112)
21.01.2020 03:43:48: 4h 33min | Donnie Turbo(76561198041233395) | Revive - civ_2(76561198041233395)
21.01.2020 03:43:52: 4h 33min | Nino Marino(76561198206026112) | Revive - cop_1(76561198180893505)
21.01.2020 03:44:59: 4h 34min | Nino Marino(76561198206026112) | Revive - civ_1(76561198206026112)
21.01.2020 03:45:05: 4h 34min | Donnie Turbo(76561198041233395) | Revive - civ_1(76561198206026112)
21.01.2020 03:45:07: 4h 34min | Nino Marino(76561198206026112) | Teleport to [3569.22,3387.88,0](GPS: 035003)
21.01.2020 03:45:27: 4h 35min | Nino Marino(76561198206026112) | Teleport to [3586.01,3321.63,0](GPS: 035002)
21.01.2020 03:46:24: 4h 36min | Nino Marino(76561198206026112) | Revive - civ_3(76561198264871362)
21.01.2020 03:46:51: 4h 36min | Nino Marino(76561198206026112) | Added 3 zipties to Nino Marino!
21.01.2020 03:47:03: 4h 36min | Nino Marino(76561198206026112) | Revive - cop_1(76561198180893505)
21.01.2020 03:49:23: 4h 39min | Nino Marino(76561198206026112) | Restrain - cop_1(76561198180893505)
21.01.2020 03:50:01: 4h 39min | Nino Marino(76561198206026112) | Restrain - cop_1(76561198180893505)
21.01.2020 03:50:04: 4h 39min | Nino Marino(76561198206026112) | Unrestrain - cop_1(76561198180893505)
21.01.2020 03:51:02: 4h 40min | Nino Marino(76561198206026112) | Revive - cop_1(76561198180893505)
21.01.2020 03:51:10: 4h 41min | Nino Marino(76561198206026112) | HealRepairNear
21.01.2020 03:51:10: 4h 41min | Nino Marino(76561198206026112) | HealRepairNear
21.01.2020 03:51:37: 4h 41min | Donnie Turbo(76561198041233395) | Revive - civ_2(76561198041233395)
21.01.2020 03:51:40: 4h 41min | Nino Marino(76561198206026112) | Revive - civ_1(76561198206026112)
21.01.2020 03:51:58: 4h 41min | Nino Marino(76561198206026112) | Revive - civ_3(76561198264871362)
21.01.2020 03:52:05: 4h 41min | Nino Marino(76561198206026112) | unlocked - [d3s_charger_15_CPP]
21.01.2020 03:52:20: 4h 42min | Nino Marino(76561198206026112) | HealRepairNear
21.01.2020 03:52:21: 4h 42min | Nino Marino(76561198206026112) | HealRepairNear
21.01.2020 03:52:42: 4h 42min | Nino Marino(76561198206026112) | Revive - cop_1(76561198180893505)
21.01.2020 03:52:45: 4h 42min | Donnie Turbo(76561198041233395) | Revive - cop_1(76561198180893505)
21.01.2020 03:53:23: 4h 43min | Nino Marino(76561198206026112) | SPECTATE - switchedCamera on Stanley Thompson [1K-75](76561198180893505) - O_T_LSV_02_unarmed_F
21.01.2020 03:53:48: 4h 43min | Nino Marino(76561198206026112) | HealRepairNear
21.01.2020 03:53:48: 4h 43min | Nino Marino(76561198206026112) | HealRepairNear
21.01.2020 03:54:28: 4h 44min | Nino Marino(76561198206026112) | Revive - cop_1(76561198180893505)
21.01.2020 03:54:37: 4h 44min | Nino Marino(76561198206026112) | Revive - civ_3(76561198264871362)
21.01.2020 03:54:46: 4h 44min | Nino Marino(76561198206026112) | Revive - cop_1(76561198180893505)
21.01.2020 03:55:05: 4h 44min | Nino Marino(76561198206026112) | Zeus Stanley Thompson [1K-75](76561198180893505) @039001
21.01.2020 03:55:05: 4h 44min | Nino Marino(76561198206026112) | Zeus - cop_1(76561198180893505)
21.01.2020 03:55:13: 4h 45min | Nino Marino(76561198206026112) | Revive - cop_1()
21.01.2020 03:55:17: 4h 45min | Donnie Turbo(76561198041233395) | HealRepairNear
21.01.2020 03:55:22: 4h 45min | Nino Marino(76561198206026112) | Revive - cop_1()
21.01.2020 03:55:27: 4h 45min | Nino Marino(76561198206026112) | Revive - cop_1(76561198180893505)
21.01.2020 03:55:36: 4h 45min | Nino Marino(76561198206026112) | Zeus Stanley Thompson [1K-75](76561198180893505) @039001
21.01.2020 03:55:36: 4h 45min | Nino Marino(76561198206026112) | Zeus - cop_1(76561198180893505)
21.01.2020 03:55:52: 4h 45min | Nino Marino(76561198206026112) | Revive - cop_1(76561198180893505)
21.01.2020 03:55:57: 4h 45min | Donnie Turbo(76561198041233395) | Heal - civ_2(76561198041233395)
21.01.2020 03:55:59: 4h 45min | Nino Marino(76561198206026112) | Revive - civ_1(76561198206026112)
21.01.2020 03:59:49: 4h 49min | Nino Marino(76561198206026112) | Revive - civ_1(76561198206026112)
21.01.2020 04:00:43: 4h 50min | Donnie Turbo(76561198041233395) | Heal - civ_2(76561198041233395)
21.01.2020 04:01:28: 4h 51min | Nino Marino(76561198206026112) | Revive - civ_1(76561198206026112)
21.01.2020 04:04:34: 4h 54min | Nino Marino(76561198206026112) | Revive - cop_2(76561198264871362)
21.01.2020 04:05:16: 4h 55min | Nino Marino(76561198206026112) | Revive - civ_1(76561198206026112)
21.01.2020 04:06:21: 4h 56min | Nino Marino(76561198206026112) | Revive - cop_1(76561198180893505)
21.01.2020 04:07:23: 4h 57min | Donnie Turbo(76561198041233395) | Revive - cop_1(76561198180893505)
21.01.2020 04:07:35: 4h 57min | Donnie Turbo(76561198041233395) | Revive - cop_2(76561198264871362)
21.01.2020 04:09:38: 4h 59min | Nino Marino(76561198206026112) | SPECTATE - switchedCamera on Stanley Thompson [1K-75](76561198180893505) - B_RangeMaster_F
21.01.2020 04:09:42: 4h 59min | Nino Marino(76561198206026112) | SPECTATE - switchedCamera on luke(76561198264871362) - B_RangeMaster_F
21.01.2020 04:09:51: 4h 59min | Nino Marino(76561198206026112) | SPECTATE - switchedCamera on Stanley Thompson [1K-75](76561198180893505) - B_RangeMaster_F
21.01.2020 04:12:11: 5h 2min | Nino Marino(76561198206026112) | SPECTATE - switchedCamera on luke(76561198264871362) - B_RangeMaster_F
21.01.2020 04:12:14: 5h 2min | Nino Marino(76561198206026112) | SPECTATE - switchedCamera on Stanley Thompson [1K-75](76561198180893505) - B_RangeMaster_F
21.01.2020 04:15:14: 5h 5min | Nino Marino(76561198206026112) | Revive - civ_1(76561198206026112)
21.01.2020 04:15:31: 5h 5min | Nino Marino(76561198206026112) | Revive - civ_2(76561198041233395)
21.01.2020 04:16:12: 5h 6min | Donnie Turbo(76561198041233395) | Revive - civ_2(76561198041233395)
21.01.2020 04:17:34: 5h 7min | Donnie Turbo(76561198041233395) | Heal - civ_2(76561198041233395)
21.01.2020 04:18:04: 5h 7min | Donnie Turbo(76561198041233395) | Deleting GroundWeaponHolder @033000..
21.01.2020 04:18:38: 5h 8min | Donnie Turbo(76561198041233395) | HealRepairNear
21.01.2020 04:18:40: 5h 8min | Donnie Turbo(76561198041233395) | HealRepairNear
21.01.2020 04:18:46: 5h 8min | Nino Marino(76561198206026112) | Revive - civ_1(76561198206026112)
21.01.2020 04:18:51: 5h 8min | Nino Marino(76561198206026112) | Revive - cop_2(76561198264871362)
21.01.2020 04:19:16: 5h 9min | Nino Marino(76561198206026112) | Revive - cop_1(76561198180893505)
21.01.2020 04:22:32: 5h 12min | Nino Marino(76561198206026112) | SPECTATE - switchedCamera on Stanley Thompson [1K-75](76561198180893505) - B_RangeMaster_F
21.01.2020 04:23:41: 5h 13min | Nino Marino(76561198206026112) | SPECTATE - switchedCamera on Eriden Parker(76561198054085448) - C_man_1
21.01.2020 04:26:16: 5h 16min | Nino Marino(76561198206026112) | Revive - civ_2(76561198041233395)
21.01.2020 04:26:46: 5h 16min | Donnie Turbo(76561198041233395) | Revive - cop_2(76561198264871362)
21.01.2020 04:26:54: 5h 16min | Donnie Turbo(76561198041233395) | Revive - cop_1(76561198180893505)
21.01.2020 04:30:46: 5h 20min | Nino Marino(76561198206026112) | SPECTATE - switchedCamera on Stanley Thompson [1K-75](76561198180893505) - B_RangeMaster_F
21.01.2020 04:43:41: 5h 33min | Donnie Turbo(76561198041233395) | Heal - civ_2(76561198041233395)
21.01.2020 04:45:44: 5h 35min | Nino Marino(76561198206026112) | SPECTATE - switchedCamera on Stanley Thompson [1K-75](76561198180893505) - B_RangeMaster_F
21.01.2020 04:45:47: 5h 35min | Nino Marino(76561198206026112) | Revive - cop_1(76561198180893505)
21.01.2020 04:45:52: 5h 35min | Donnie Turbo(76561198041233395) | Heal - civ_2(76561198041233395)
21.01.2020 04:45:59: 5h 35min | Nino Marino(76561198206026112) | Revive - cop_2(76561198264871362)
21.01.2020 04:51:36: 5h 41min | Nino Marino(76561198206026112) | Zeus Stanley Thompson [1K-75](76561198180893505) @034011
21.01.2020 04:51:36: 5h 41min | Nino Marino(76561198206026112) | Zeus - cop_1(76561198180893505)
21.01.2020 04:51:48: 5h 41min | Donnie Turbo(76561198041233395) | HealRepairNear
21.01.2020 04:51:49: 5h 41min | Donnie Turbo(76561198041233395) | HealRepairNear
21.01.2020 04:51:53: 5h 41min | Nino Marino(76561198206026112) | Zeus Stanley Thompson [1K-75](76561198180893505) @034011
21.01.2020 04:51:53: 5h 41min | Nino Marino(76561198206026112) | Zeus - cop_1(76561198180893505)
21.01.2020 04:52:14: 5h 42min | Donnie Turbo(76561198041233395) | Revive - cop_1(76561198180893505)
21.01.2020 04:52:28: 5h 42min | Donnie Turbo(76561198041233395) | HealRepairNear
21.01.2020 04:52:29: 5h 42min | Donnie Turbo(76561198041233395) | HealRepairNear
21.01.2020 04:52:30: 5h 42min | Donnie Turbo(76561198041233395) | HealRepairNear
21.01.2020 04:52:30: 5h 42min | Donnie Turbo(76561198041233395) | HealRepairNear
21.01.2020 04:52:30: 5h 42min | Donnie Turbo(76561198041233395) | HealRepairNear
21.01.2020 04:52:31: 5h 42min | Donnie Turbo(76561198041233395) | HealRepairNear
21.01.2020 04:52:31: 5h 42min | Donnie Turbo(76561198041233395) | HealRepairNear
21.01.2020 04:52:38: 5h 42min | Donnie Turbo(76561198041233395) | HealRepairNear
21.01.2020 04:52:38: 5h 42min | Donnie Turbo(76561198041233395) | HealRepairNear
21.01.2020 04:52:39: 5h 42min | Donnie Turbo(76561198041233395) | HealRepairNear
21.01.2020 04:52:39: 5h 42min | Donnie Turbo(76561198041233395) | HealRepairNear
21.01.2020 04:53:38: 5h 43min | Nino Marino(76561198206026112) | Deleting d3s_tiger_233034 @033010..
21.01.2020 04:55:38: 5h 45min | Nino Marino(76561198206026112) | Revive - civ_1(76561198206026112)
21.01.2020 04:56:30: 5h 46min | Nino Marino(76561198206026112) | God Mode - 1
21.01.2020 04:56:32: 5h 46min | Nino Marino(76561198206026112) | Revive - civ_1(76561198206026112)
