23.02.2020 00:02:53: Jacob Petrenko(76561198091328447) CLIENT OWNER ID [19], TOKEN [x0pk60ns9eh96oe]
23.02.2020 00:07:08: Sternn(76561198087299936) CLIENT OWNER ID [5], TOKEN [jzyzyymn3bpm39vub]
23.02.2020 00:07:59: Peppe Valachi(76561198272370927) CLIENT OWNER ID [14], TOKEN [wgxarse2go2j11v8]
23.02.2020 01:14:02: Jacob Petrenko(76561198091328447) CLIENT OWNER ID [19], TOKEN [ih3om4j9dmt25d3]
23.02.2020 01:17:35: Zander Marino(76561198180893505) CLIENT OWNER ID [21], TOKEN [xxhg7sr2hwbidrlzs]
23.02.2020 01:25:31: Sherman(76561198038112694) CLIENT OWNER ID [22], TOKEN [xtg2ynyii59uptca3wl]
23.02.2020 02:02:59: Robert Kennedy(76561198083728776) CLIENT OWNER ID [26], TOKEN [p6l81hq7ijfwrbdm]
23.02.2020 02:10:00: John Anderson(76561198180893505) CLIENT OWNER ID [25], TOKEN [u8fbxyzv3ocgi8l9y]
23.02.2020 02:10:42: Sergei Kovacic(76561198043298972) CLIENT OWNER ID [27], TOKEN [l82fvs1h13e08skpi7]
23.02.2020 02:16:43: Sherman(76561198038112694) CLIENT OWNER ID [22], TOKEN [oymfjzn218sovctf0]
23.02.2020 02:33:09: Amado Carrillo fuentes(76561198354844800) CLIENT OWNER ID [13], TOKEN [dbqy2mvnkv05wh]
23.02.2020 02:38:47: Ted Kennedy(76561198042633029) CLIENT OWNER ID [28], TOKEN [iu8uz1o4m9rkhf5]
23.02.2020 02:50:42: Sherman(76561198038112694) CLIENT OWNER ID [29], TOKEN [m17evof6628zzhwo9]
23.02.2020 03:19:17: Melvin Bush(76561198083728776) CLIENT OWNER ID [31], TOKEN [sxwsvli5pxzfcoy4r]
23.02.2020 03:23:52: Donnie Turbo(76561198041233395) CLIENT OWNER ID [7], TOKEN [pxg4mmjht1hkf09r7]
23.02.2020 03:35:18: John Anderson(76561198180893505) CLIENT OWNER ID [32], TOKEN [nl43dyu8tgbsm0qs6ln]
23.02.2020 03:37:46: Ivan Pershketov(76561198105940600) CLIENT OWNER ID [34], TOKEN [dsuhduc2qk5rzv]
23.02.2020 03:37:58: luke(76561198264871362) CLIENT OWNER ID [33], TOKEN [ghzxeh05kaouuggi]
23.02.2020 04:15:37: Sherman(76561198038112694) CLIENT OWNER ID [29], TOKEN [j7t12qhy4gookznk]
23.02.2020 04:41:47: Sherman(76561198038112694) CLIENT OWNER ID [36], TOKEN [h2c7b0w7sox188p5]
23.02.2020 21:54:37: Jacob Petrenko(76561198091328447) CLIENT OWNER ID [39], TOKEN [xez0c1ekdognw9fork]
23.02.2020 22:33:40: Sternn(76561198087299936) CLIENT OWNER ID [40], TOKEN [ep0zi7gykxnieble]
23.02.2020 23:16:29: luke(76561198264871362) CLIENT OWNER ID [41], TOKEN [agu1hxofnww0w8]
23.02.2020 23:22:07: Donnie Turbo(76561198041233395) CLIENT OWNER ID [42], TOKEN [drd74mlkb7radd4]
23.02.2020 23:33:03: Nino Marino(76561198206026112) CLIENT OWNER ID [43], TOKEN [nqx1szgneg92dnf]
23.02.2020 23:45:55: Rogue Tjay(76561198883479728) CLIENT OWNER ID [44], TOKEN [oo5vbbfgvgfuqot4]
