01.03.2020 00:02:03: <infiSTAR.de> _fnc_RandomGen: {
_fnc_actualGen = {
_abc = ['z','y','x','w','v','u','t','s','r','q','p','o','n','m','l','k','j','i','h','g','f','e','d','c','b','a'];
_gen = _abc select (random ((count _abc)-1));
_arr = ['a','5','c','4','d','f','c','e','5','2','2','0','d','e','7','f','9','5','7','8','e','9','a','5','c','3','2','7','e','2','3'];
_randmax = {((round(random _randminval)) + (round(random _randmaxval))) max _randminval};
for '_i' from 0 to (call _randmax)do
{
_gen = _gen + str(round(random 9)) + (_arr select (random ((count _arr)-1)));
};
};
_gen = '';
while{_gen=='' || _gen in _allRandomGenVars}do{
call _fnc_actualGen;
};
_allRandomGenVars pushBack _gen;
_gen
}
01.03.2020 00:02:03: ----START-LINE----   (12-01-2020 22-45-36 - v0260)
01.03.2020 00:02:03: _adminbox: o80395a8d5d4d897e7e837334253e72488e1e659d359705201222
01.03.2020 00:02:03: _fnc_mpPackets: u6d701c7a1217153f657c471e5e25
01.03.2020 00:02:03: _FNC_AH_KICKLOG: e17571e0a72497c2a7752178c2e5735993c
01.03.2020 00:02:03: _FNC_AH_KICKLOGSPAWN: f1e7e621a2777754d8a02751957657449499973638e0d1719
01.03.2020 00:02:03: _FNC_PVAH_AdminReq: c2723229a774c2d2045727e92
01.03.2020 00:02:03: _token_by_uid: e287f7092991822336e532e2a65422c
01.03.2020 00:02:04: _uid_by_token: m4a68607e327c2c180e2e357598473f083f337e373f7e453a
01.03.2020 00:02:04: _server_setTokenR: q785f4e788f882790777c5d554c0555873372537234284e3e
01.03.2020 00:02:04: _YourPlayerToken: y32193c45739e5f093f0d
01.03.2020 00:02:04: _TokenCT: j705c83921c5a9275787e620e67
01.03.2020 00:02:04: _AH_MAIN_BLOCK: p1f791e22293f292244296e3e678a12
01.03.2020 00:02:04: _AHKickOFF: c4214059a6a923f835c6f579f7c52122e0f888f
01.03.2020 00:02:04: _AHKickLog: o12320c1085053d9e6d63
01.03.2020 00:02:04: _clientdo: l52633c5e8d7e731c05652c322d
01.03.2020 00:02:04: _AH_RunCheckENDVAR: x175f9a85184d19207763184757753c62856e729c
01.03.2020 00:02:04: _AH_RunCheckENDVAR_THREAD: i3522151e822a22700e2e4a8c058d843c
01.03.2020 00:02:04: _AH_HackLogArrayRND: o1a999d60128a77220330724c4e3d7a
01.03.2020 00:02:04: _AH_SurvLogArrayRND: x475e3d2e5e9762631253
01.03.2020 00:02:04: _AH_AdmiLogArrayRND: v07806c0e5f6e35285795324c307c776473226325
01.03.2020 00:02:04: _TMPBAN: l87192785771c65653e9e8587238f258049826c4a
01.03.2020 00:02:04: _massMessage: r5857793c658842855f17
01.03.2020 00:02:04: _massSysMessage: x3a281582646e1e45190c258c2e229c42
01.03.2020 00:02:04: _AHpos: n476f6e2a22206247252f
01.03.2020 00:02:04: _ninetwo: e1d4c10744e9d2d2e844364623d3e506472697d6a1735373e
01.03.2020 00:02:04: _ninetwothread: t4d5a2c624c156753858852
01.03.2020 00:02:04: _adminsA: l372f95690d108e8f3c82
01.03.2020 00:02:04: _MC: d9a4d5f7d5c2f3947532f32725f7065722e9e7c5292
01.03.2020 00:02:04: _MCS: q097f476f636d5f05222f2f293d454e74
01.03.2020 00:02:04: ----START-LINE----   (12-01-2020 22-45-36 - v0260)
01.03.2020 00:02:04: _adminbox: o80395a8d5d4d897e7e837334253e72488e1e659d359705201222
01.03.2020 00:02:04: _fnc_mpPackets: u6d701c7a1217153f657c471e5e25
01.03.2020 00:02:04: _FNC_AH_KICKLOG: e17571e0a72497c2a7752178c2e5735993c
01.03.2020 00:02:04: _FNC_AH_KICKLOGSPAWN: f1e7e621a2777754d8a02751957657449499973638e0d1719
01.03.2020 00:02:04: _FNC_PVAH_AdminReq: c2723229a774c2d2045727e92
01.03.2020 00:02:04: _token_by_uid: e287f7092991822336e532e2a65422c
01.03.2020 00:02:04: _uid_by_token: m4a68607e327c2c180e2e357598473f083f337e373f7e453a
01.03.2020 00:02:04: _server_setTokenR: q785f4e788f882790777c5d554c0555873372537234284e3e
01.03.2020 00:02:04: _YourPlayerToken: y32193c45739e5f093f0d
01.03.2020 00:02:04: _TokenCT: j705c83921c5a9275787e620e67
01.03.2020 00:02:04: _AH_MAIN_BLOCK: p1f791e22293f292244296e3e678a12
01.03.2020 00:02:04: _AHKickOFF: c4214059a6a923f835c6f579f7c52122e0f888f
01.03.2020 00:02:04: _AHKickLog: o12320c1085053d9e6d63
01.03.2020 00:02:04: _clientdo: l52633c5e8d7e731c05652c322d
01.03.2020 00:02:04: _AH_RunCheckENDVAR: x175f9a85184d19207763184757753c62856e729c
01.03.2020 00:02:04: _AH_RunCheckENDVAR_THREAD: i3522151e822a22700e2e4a8c058d843c
01.03.2020 00:02:04: _AH_HackLogArrayRND: o1a999d60128a77220330724c4e3d7a
01.03.2020 00:02:04: _AH_SurvLogArrayRND: x475e3d2e5e9762631253
01.03.2020 00:02:04: _AH_AdmiLogArrayRND: v07806c0e5f6e35285795324c307c776473226325
01.03.2020 00:02:04: _TMPBAN: l87192785771c65653e9e8587238f258049826c4a
01.03.2020 00:02:04: _massMessage: r5857793c658842855f17
01.03.2020 00:02:04: _massSysMessage: x3a281582646e1e45190c258c2e229c42
01.03.2020 00:02:04: _AHpos: n476f6e2a22206247252f
01.03.2020 00:02:04: _ninetwo: e1d4c10744e9d2d2e844364623d3e506472697d6a1735373e
01.03.2020 00:02:04: _ninetwothread: t4d5a2c624c156753858852
01.03.2020 00:02:04: _adminsA: l372f95690d108e8f3c82
01.03.2020 00:02:04: _MC: d9a4d5f7d5c2f3947532f32725f7065722e9e7c5292
01.03.2020 00:02:04: _MCS: q097f476f636d5f05222f2f293d454e74
01.03.2020 00:02:04: _checkidicheckcheck: s824e5e44355717674c1a4d552e172e83
01.03.2020 00:02:04: _lastshotmade: m7e0d282a02527d170f4f3e4d473c1247728c
01.03.2020 00:02:04: _dellocveh: q7e09524c5e7f852e0534
01.03.2020 00:02:04: _inCombatTime: h556c6932551e654c7837823782727f8077
01.03.2020 00:02:04: _inCombatArray: l8a158a674e39746e476d72128d6c734289992572870e6c07
01.03.2020 00:02:04: _fnc_infiKeyHandler: v1e8285839c822540045385645a6072378d5f1988
01.03.2020 00:02:04: _vehicle_needs_check: g997987941475354e727c17
01.03.2020 00:02:04: _MAKE_VAR_DUMP_RANDOM: k6e554e72492c4d3e321a
01.03.2020 00:02:04: _MAKE_VAR_DUMP_CLIENT: w635d5c4775705d821572242584242d344d4e
01.03.2020 00:02:04: _DUMPINGPLAYERUIDARRAY: q3a5d7c2e44721c7c3c52825d25704a8e58275e8f47
01.03.2020 00:02:04: _CURRENTLYDUMPING: p157f693732337427726e
01.03.2020 00:02:04: _antiantihack_rndvar: x1778775382476a6e827c05
01.03.2020 00:02:04: _name_by_uid: n85429c787e751f672a1c53526c625e559462
01.03.2020 00:02:04: _owner_by_uid: q659e1212678d984c54035e492f7759454377
01.03.2020 00:02:04: _customcommandingMenu: n356f2e0e20743753777c5e922c8e6c
01.03.2020 00:02:04: _customcommandingMenuOpen: k274e1c2e78232860575367651e1f652c748e621e4e5f074c9e0e
01.03.2020 00:02:04: _AH_KICKLOG: PVAHR_9y2n3c9m7u1q6p
01.03.2020 00:02:04: ----END-LINE----   (12-01-2020 22-45-36 - v0260)
01.03.2020 05:01:57: <infiSTAR.de> _fnc_RandomGen: {
_fnc_actualGen = {
_abc = ['z','y','x','w','v','u','t','s','r','q','p','o','n','m','l','k','j','i','h','g','f','e','d','c','b','a'];
_gen = _abc select (random ((count _abc)-1));
_arr = ['a','5','c','4','d','f','c','e','5','2','2','0','d','e','7','f','9','5','7','8','e','9','a','5','c','3','2','7','e','2','3'];
_randmax = {((round(random _randminval)) + (round(random _randmaxval))) max _randminval};
for '_i' from 0 to (call _randmax)do
{
_gen = _gen + str(round(random 9)) + (_arr select (random ((count _arr)-1)));
};
};
_gen = '';
while{_gen=='' || _gen in _allRandomGenVars}do{
call _fnc_actualGen;
};
_allRandomGenVars pushBack _gen;
_gen
}
01.03.2020 05:01:57: ----START-LINE----   (12-01-2020 22-45-36 - v0260)
01.03.2020 05:01:57: _adminbox: s474e3e77893e7d873a9e522c4e97457330628c427e3e5c
01.03.2020 05:01:57: _fnc_mpPackets: p27553d145d9a3c53555d8e9f4f1e6e2c157f35
01.03.2020 05:01:57: _FNC_AH_KICKLOG: h6d856f23723e382a59176f2a7c1e3d1f33107c2e524e37
01.03.2020 05:01:57: _FNC_AH_KICKLOGSPAWN: z243248347052394e4a8757593f6e3e0a898d9a
01.03.2020 05:01:57: _FNC_PVAH_AdminReq: y9c6e924f37686f559e2a97143e6e9c65199c5e5a3e58251e
01.03.2020 05:01:58: _token_by_uid: h772e04950c5579772c79
01.03.2020 05:01:58: _uid_by_token: u0f59738c79235c555d378e4e15096e2c722a84
01.03.2020 05:01:58: _server_setTokenR: b0e82485e508e70273759722e779454
01.03.2020 05:01:58: _YourPlayerToken: u5c934f558c236e4072101c
01.03.2020 05:01:58: _TokenCT: t85631c9527427e75798c1a836f1028894f800c7202
01.03.2020 05:01:58: _AH_MAIN_BLOCK: d1c7f124e2929178f4d65504f5d852f376248625a798c6e52
01.03.2020 05:01:58: _AHKickOFF: f25579c5f39227c502e3c1e5777876e7c556d486757
01.03.2020 05:01:58: _AHKickLog: x588e793a679f338a5e6224756e87079d6a
01.03.2020 05:01:58: _clientdo: o2c97351e047c57798c4e751e336a45555d727c77731c
01.03.2020 05:01:58: _AH_RunCheckENDVAR: i222c4c77409e1c4c2e191f1d9085834f493a5e757d1e45
01.03.2020 05:01:58: _AH_RunCheckENDVAR_THREAD: p721e37481e0e9d0a6c8e
01.03.2020 05:01:58: _AH_HackLogArrayRND: a2e4d4f3d7352173e3e25998e4c091c255f6c3e39801c
01.03.2020 05:01:58: _AH_SurvLogArrayRND: f0e84674e779e3e8e8085
01.03.2020 05:01:58: _AH_AdmiLogArrayRND: s441277641782553475625f6f501422928a15
01.03.2020 05:01:58: _TMPBAN: g048855323427648c5e6e6f150a607927183d795d4d5e2e621035
01.03.2020 05:01:58: _massMessage: r8c4c95323c42328325794e5749497f1d4f5a120e
01.03.2020 05:01:58: _massSysMessage: e5c2e750e4e172e2e3d7215708e
01.03.2020 05:01:58: _AHpos: j8d5998097e7e127c121247609e6e4c9e5e72149a69335d528c8f3e8a62
01.03.2020 05:01:58: _ninetwo: t621c7d6c576f45834e1e
01.03.2020 05:01:58: _ninetwothread: x259a93751e6d659e4e4d27138a4f
01.03.2020 05:01:58: _adminsA: o559a9f8f3a4e5f397c102c5c0e5f391c894770
01.03.2020 05:01:58: _MC: s138e152e0e4c15650c7a5e209e1c82873e4522
01.03.2020 05:01:58: _MCS: k2d224e5d4d3f8a523535
01.03.2020 05:01:58: _checkidicheckcheck: g2c648929225f2d6f0c0e75821d85
01.03.2020 05:01:58: _lastshotmade: x8e387f7e655a9f1e1a5a826772824c456f55
01.03.2020 05:01:58: _dellocveh: s706759973222432e2507448e4c7227355e7a0d975543
01.03.2020 05:01:58: _inCombatTime: d1e3f701e655515653c177e850722753d22
01.03.2020 05:01:58: _inCombatArray: e395e2e771f6f6997539939093f2c69
01.03.2020 05:01:58: _fnc_infiKeyHandler: r336f69578c7c885e197d15
01.03.2020 05:01:58: _vehicle_needs_check: i545c270c9c2e4e821d67558c731c772c20
01.03.2020 05:01:58: _MAKE_VAR_DUMP_RANDOM: v6505873c8528293e1d19026f73
01.03.2020 05:01:58: _MAKE_VAR_DUMP_CLIENT: f8e3f3c3e7c824e5d1e75
01.03.2020 05:01:58: _DUMPINGPLAYERUIDARRAY: u0240437a058d853f40322c357267558f7d4c154e830779875e852e
01.03.2020 05:01:58: _CURRENTLYDUMPING: p691d27621712475922558d13
01.03.2020 05:01:58: _antiantihack_rndvar: s3e357c4e5f0343523e77853e7d78222c694e3c6e4d87121c42
01.03.2020 05:01:58: _name_by_uid: x75991944177f7297826e7e
01.03.2020 05:01:58: _owner_by_uid: w59650e493c35772d3d03752e52775e89279d85841e553f
01.03.2020 05:01:58: _customcommandingMenu: f8f8e4d95754f850837293218
01.03.2020 05:01:58: _customcommandingMenuOpen: b2a62279a39220c7c0294327d6717305e8f9e7c5f4779058559453e4975
01.03.2020 05:01:58: _AH_KICKLOG: PVAHR_8g3v6k7k5n8k9m2x
01.03.2020 05:01:58: ----END-LINE----   (12-01-2020 22-45-36 - v0260)
01.03.2020 14:54:19: <infiSTAR.de> _fnc_RandomGen: {
_fnc_actualGen = {
_abc = ['z','y','x','w','v','u','t','s','r','q','p','o','n','m','l','k','j','i','h','g','f','e','d','c','b','a'];
_gen = _abc select (random ((count _abc)-1));
_arr = ['a','5','c','4','d','f','c','e','5','2','2','0','d','e','7','f','9','5','7','8','e','9','a','5','c','3','2','7','e','2','3'];
_randmax = {((round(random _randminval)) + (round(random _randmaxval))) max _randminval};
for '_i' from 0 to (call _randmax)do
{
_gen = _gen + str(round(random 9)) + (_arr select (random ((count _arr)-1)));
};
};
_gen = '';
while{_gen=='' || _gen in _allRandomGenVars}do{
call _fnc_actualGen;
};
_allRandomGenVars pushBack _gen;
_gen
}
01.03.2020 14:54:19: ----START-LINE----   (12-01-2020 22-45-36 - v0260)
01.03.2020 14:54:19: _adminbox: b8e953a27728967625252
01.03.2020 14:54:19: _fnc_mpPackets: g221d196460839e455f5295697330321f69522535002838204e78
01.03.2020 14:54:19: _FNC_AH_KICKLOG: y507532729e8c43728e5c727e224e0574
01.03.2020 14:54:19: _FNC_AH_KICKLOGSPAWN: m57805e405272900d5c625e303f5c22927c486c9762108f
01.03.2020 14:54:19: _FNC_PVAH_AdminReq: x5e423f256e2a62872c723c7a47852a73551985594e
01.03.2020 14:54:19: _token_by_uid: y5c65336f6c722d8e0a727c326d583e63352c758c83
01.03.2020 14:54:19: _uid_by_token: n1c3f838e2d4e4d876584
01.03.2020 14:54:19: _server_setTokenR: a6d523d405e571c8a3522
01.03.2020 14:54:19: _YourPlayerToken: v171e79301770725e3583
01.03.2020 14:54:19: _TokenCT: p529c785c3f7c7d021252252a7d2e2c59532a542c
01.03.2020 14:54:19: _AH_MAIN_BLOCK: r259f84574d776e325054876f4c3d2a7707223a1a24526e338a822d
01.03.2020 14:54:19: _AHKickOFF: f625c22806a99006d05156c5c7522
01.03.2020 14:54:19: _AHKickLog: s528c3260891e592d1e655a52323e5e65706f671e
01.03.2020 14:54:19: _clientdo: i1c27548e3d5e2e25459c6e54726e1547258e221f125a4e
01.03.2020 14:54:19: _AH_RunCheckENDVAR: h4f9e696c108a62859d151a2a3e5c
01.03.2020 14:54:19: _AH_RunCheckENDVAR_THREAD: j3208158f7e9a05153753
01.03.2020 14:54:19: _AH_HackLogArrayRND: t9d2c4e45775c7717598968554e15
01.03.2020 14:54:19: _AH_SurvLogArrayRND: n0c577903778e4999827c
01.03.2020 14:54:19: _AH_AdmiLogArrayRND: g871928127f222a331a128f52530a1f7577851e
01.03.2020 14:54:19: _TMPBAN: e1c2f653c44727537374287558f3d50
01.03.2020 14:54:19: _massMessage: n1a65825d97894f85125e0e5a19
01.03.2020 14:54:19: _massSysMessage: k606a2575653c9c9d238867872a12
01.03.2020 14:54:19: _AHpos: i8e8d77358705397e8852
01.03.2020 14:54:19: _ninetwo: p1512128e2a1f8c8e871e791c5e7d458a
01.03.2020 14:54:19: _ninetwothread: l133c3a202f12737c2e4e079c37127c1e2c4e8c5e378e322c
01.03.2020 14:54:19: _adminsA: n334e8e3e374e2a7435259a6e4992
01.03.2020 14:54:19: _MC: l4c7e2f657c55898560871c6205481217144242555e
01.03.2020 14:54:19: _MCS: q6e35171735636f223f15
01.03.2020 14:54:20: _checkidicheckcheck: l6352624c6c37872e674f6d6a378f29422d753d
01.03.2020 14:54:20: _lastshotmade: g855e2e0f27674c8263453462
01.03.2020 14:54:20: <infiSTAR.de> _fnc_RandomGen: {
_fnc_actualGen = {
_abc = ['z','y','x','w','v','u','t','s','r','q','p','o','n','m','l','k','j','i','h','g','f','e','d','c','b','a'];
_gen = _abc select (random ((count _abc)-1));
_arr = ['a','5','c','4','d','f','c','e','5','2','2','0','d','e','7','f','9','5','7','8','e','9','a','5','c','3','2','7','e','2','3'];
_randmax = {((round(random _randminval)) + (round(random _randmaxval))) max _randminval};
for '_i' from 0 to (call _randmax)do
{
_gen = _gen + str(round(random 9)) + (_arr select (random ((count _arr)-1)));
};
};
_gen = '';
while{_gen=='' || _gen in _allRandomGenVars}do{
call _fnc_actualGen;
};
_allRandomGenVars pushBack _gen;
_gen
}
01.03.2020 14:54:20: ----START-LINE----   (12-01-2020 22-45-36 - v0260)
01.03.2020 14:54:20: _adminbox: b8e953a27728967625252
01.03.2020 14:54:20: _fnc_mpPackets: g221d196460839e455f5295697330321f69522535002838204e78
01.03.2020 14:54:20: _FNC_AH_KICKLOG: y507532729e8c43728e5c727e224e0574
01.03.2020 14:54:20: _FNC_AH_KICKLOGSPAWN: m57805e405272900d5c625e303f5c22927c486c9762108f
01.03.2020 14:54:20: _FNC_PVAH_AdminReq: x5e423f256e2a62872c723c7a47852a73551985594e
01.03.2020 14:54:20: _token_by_uid: y5c65336f6c722d8e0a727c326d583e63352c758c83
01.03.2020 14:54:20: _uid_by_token: n1c3f838e2d4e4d876584
01.03.2020 14:54:20: _server_setTokenR: a6d523d405e571c8a3522
01.03.2020 14:54:20: _YourPlayerToken: v171e79301770725e3583
01.03.2020 14:54:20: _TokenCT: p529c785c3f7c7d021252252a7d2e2c59532a542c
01.03.2020 14:54:20: _AH_MAIN_BLOCK: r259f84574d776e325054876f4c3d2a7707223a1a24526e338a822d
01.03.2020 14:54:20: _AHKickOFF: f625c22806a99006d05156c5c7522
01.03.2020 14:54:20: _AHKickLog: s528c3260891e592d1e655a52323e5e65706f671e
01.03.2020 14:54:20: _clientdo: i1c27548e3d5e2e25459c6e54726e1547258e221f125a4e
01.03.2020 14:54:20: _AH_RunCheckENDVAR: h4f9e696c108a62859d151a2a3e5c
01.03.2020 14:54:20: _AH_RunCheckENDVAR_THREAD: j3208158f7e9a05153753
01.03.2020 14:54:20: _AH_HackLogArrayRND: t9d2c4e45775c7717598968554e15
01.03.2020 14:54:20: _AH_SurvLogArrayRND: n0c577903778e4999827c
01.03.2020 14:54:20: _AH_AdmiLogArrayRND: g871928127f222a331a128f52530a1f7577851e
01.03.2020 14:54:20: _TMPBAN: e1c2f653c44727537374287558f3d50
01.03.2020 14:54:20: _massMessage: n1a65825d97894f85125e0e5a19
01.03.2020 14:54:20: _massSysMessage: k606a2575653c9c9d238867872a12
01.03.2020 14:54:20: _AHpos: i8e8d77358705397e8852
01.03.2020 14:54:20: _ninetwo: p1512128e2a1f8c8e871e791c5e7d458a
01.03.2020 14:54:20: _ninetwothread: l133c3a202f12737c2e4e079c37127c1e2c4e8c5e378e322c
01.03.2020 14:54:20: _adminsA: n334e8e3e374e2a7435259a6e4992
01.03.2020 14:54:20: _MC: l4c7e2f657c55898560871c6205481217144242555e
01.03.2020 14:54:20: _MCS: q6e35171735636f223f15
01.03.2020 14:54:20: _checkidicheckcheck: l6352624c6c37872e674f6d6a378f29422d753d
01.03.2020 14:54:20: _lastshotmade: g855e2e0f27674c8263453462
01.03.2020 14:54:20: _dellocveh: r377d672e4f48304a95653e6e5e4a534f
01.03.2020 14:54:20: _inCombatTime: p0c9e67175272432582651d40036a4e9d
01.03.2020 14:54:20: _inCombatArray: u52253e208f2f4537832e0d32574c9283884c0f873782476c
01.03.2020 14:54:20: _fnc_infiKeyHandler: y725d4d7c7d2f5e32823937678c
01.03.2020 14:54:20: _vehicle_needs_check: r5e1f7e64928525277e894c32
01.03.2020 14:54:20: _MAKE_VAR_DUMP_RANDOM: z774385235d556c17478d6f5a7d79232f8a456f700377
01.03.2020 14:54:20: _MAKE_VAR_DUMP_CLIENT: y6c124c4d5a55174d396c287e797e322a092e357d749e
01.03.2020 14:54:20: _DUMPINGPLAYERUIDARRAY: u1a673f386745231e1c8e2d
01.03.2020 14:54:20: _CURRENTLYDUMPING: p5d3212155c5c2538078c74
01.03.2020 14:54:20: _antiantihack_rndvar: h424f373d1202700750328e5c5c0a934e
01.03.2020 14:54:20: _name_by_uid: h5075486e4d9a647f7e52
01.03.2020 14:54:20: _owner_by_uid: j8e923f8d133e854c5f85051c648f977773070e3e7a2e4589751e
01.03.2020 14:54:20: _customcommandingMenu: j851a18153c178d0f4c5e4a804d5f7e5d278c33808e
01.03.2020 14:54:20: _customcommandingMenuOpen: t256f346e77195c9d3c1e346f724f3915
01.03.2020 14:54:20: _AH_KICKLOG: PVAHR_6z1v2t4s4n
01.03.2020 14:54:20: ----END-LINE----   (12-01-2020 22-45-36 - v0260)
01.03.2020 15:11:53: <infiSTAR.de> _fnc_RandomGen: {
_fnc_actualGen = {
_abc = ['z','y','x','w','v','u','t','s','r','q','p','o','n','m','l','k','j','i','h','g','f','e','d','c','b','a'];
_gen = _abc select (random ((count _abc)-1));
_arr = ['a','5','c','4','d','f','c','e','5','2','2','0','d','e','7','f','9','5','7','8','e','9','a','5','c','3','2','7','e','2','3'];
_randmax = {((round(random _randminval)) + (round(random _randmaxval))) max _randminval};
for '_i' from 0 to (call _randmax)do
{
_gen = _gen + str(round(random 9)) + (_arr select (random ((count _arr)-1)));
};
};
_gen = '';
while{_gen=='' || _gen in _allRandomGenVars}do{
call _fnc_actualGen;
};
_allRandomGenVars pushBack _gen;
_gen
}
01.03.2020 15:11:53: ----START-LINE----   (12-01-2020 22-45-36 - v0260)
01.03.2020 15:11:53: _adminbox: t122f69458879859a134f474237421c4e72
01.03.2020 15:11:53: _fnc_mpPackets: n5f8c873f19522f1a729502183f344a4c392768329542454765
01.03.2020 15:11:53: _FNC_AH_KICKLOG: m3e32555d1d203057306d8c
01.03.2020 15:11:53: _FNC_AH_KICKLOGSPAWN: x8c650c2797291f1f4c878732
01.03.2020 15:11:53: _FNC_PVAH_AdminReq: m9f452553428d9252894745272e75
01.03.2020 15:11:53: _token_by_uid: s55421c9e2d2e324949872c94
01.03.2020 15:11:53: _uid_by_token: m099d7c320d7c5c8d53455282448589
01.03.2020 15:11:53: _server_setTokenR: b251c4d621e2e5c4c5d15705c
01.03.2020 15:11:53: _YourPlayerToken: d2913852e2f12231e8c33
01.03.2020 15:11:53: _TokenCT: r1a5e6f85223c7229652f
01.03.2020 15:11:54: _AH_MAIN_BLOCK: u73522e7e3e134a526269
01.03.2020 15:11:54: _AHKickOFF: e344f7d6c753d2a628f3c
01.03.2020 15:11:54: _AHKickLog: w50252549991a6c321244
01.03.2020 15:11:54: _clientdo: t438c4e1c0e423a6d2c1d0a
01.03.2020 15:11:54: _AH_RunCheckENDVAR: m3775305c1a931e6e2e490c4792632d639e3e4785
01.03.2020 15:11:54: _AH_RunCheckENDVAR_THREAD: e755c6c39191c55149912
01.03.2020 15:11:54: _AH_HackLogArrayRND: g6e6c877c55337e0f6e2c
01.03.2020 15:11:54: _AH_SurvLogArrayRND: a323d2d8c193557594437556e675f425c
01.03.2020 15:11:54: _AH_AdmiLogArrayRND: e6027054d792c8c4a853d57522542
01.03.2020 15:11:54: _TMPBAN: p1022427d624075173d809c3e387c1f
01.03.2020 15:11:54: _massMessage: s775f227a4565425c5f87807c
01.03.2020 15:11:54: _massSysMessage: k3c5d4c174d696e0a27651f173a5f6d774f75652f8d251a285f4f57
01.03.2020 15:11:54: _AHpos: w490275451f238a8e9243
01.03.2020 15:11:54: _ninetwo: c3a678e9584143c454c4923879712206c0c7c833c128762353e
01.03.2020 15:11:54: _ninetwothread: e2e65298e7c5455352e82046532125e851e
01.03.2020 15:11:54: _adminsA: b0f872e691f9f7f72422f5752692522526e3c5585
01.03.2020 15:11:54: _MC: o4e878253852c139815253425408812474d17496215450f
01.03.2020 15:11:54: _MCS: q726d5c87396f8d3e3f4212847c8e027952899d32
01.03.2020 15:11:54: _checkidicheckcheck: x054c9465288e3e1d1d952e4f1832927705
01.03.2020 15:11:54: _lastshotmade: u0908000383530d546a3d6d
01.03.2020 15:11:54: <infiSTAR.de> _fnc_RandomGen: {
_fnc_actualGen = {
_abc = ['z','y','x','w','v','u','t','s','r','q','p','o','n','m','l','k','j','i','h','g','f','e','d','c','b','a'];
_gen = _abc select (random ((count _abc)-1));
_arr = ['a','5','c','4','d','f','c','e','5','2','2','0','d','e','7','f','9','5','7','8','e','9','a','5','c','3','2','7','e','2','3'];
_randmax = {((round(random _randminval)) + (round(random _randmaxval))) max _randminval};
for '_i' from 0 to (call _randmax)do
{
_gen = _gen + str(round(random 9)) + (_arr select (random ((count _arr)-1)));
};
};
_gen = '';
while{_gen=='' || _gen in _allRandomGenVars}do{
call _fnc_actualGen;
};
_allRandomGenVars pushBack _gen;
_gen
}
01.03.2020 15:11:54: ----START-LINE----   (12-01-2020 22-45-36 - v0260)
01.03.2020 15:11:54: _adminbox: t122f69458879859a134f474237421c4e72
01.03.2020 15:11:54: _fnc_mpPackets: n5f8c873f19522f1a729502183f344a4c392768329542454765
01.03.2020 15:11:54: _FNC_AH_KICKLOG: m3e32555d1d203057306d8c
01.03.2020 15:11:54: _FNC_AH_KICKLOGSPAWN: x8c650c2797291f1f4c878732
01.03.2020 15:11:54: _FNC_PVAH_AdminReq: m9f452553428d9252894745272e75
01.03.2020 15:11:54: _token_by_uid: s55421c9e2d2e324949872c94
01.03.2020 15:11:54: _uid_by_token: m099d7c320d7c5c8d53455282448589
01.03.2020 15:11:54: _server_setTokenR: b251c4d621e2e5c4c5d15705c
01.03.2020 15:11:54: _YourPlayerToken: d2913852e2f12231e8c33
01.03.2020 15:11:54: _TokenCT: r1a5e6f85223c7229652f
01.03.2020 15:11:54: _AH_MAIN_BLOCK: u73522e7e3e134a526269
01.03.2020 15:11:54: _AHKickOFF: e344f7d6c753d2a628f3c
01.03.2020 15:11:54: _AHKickLog: w50252549991a6c321244
01.03.2020 15:11:54: _clientdo: t438c4e1c0e423a6d2c1d0a
01.03.2020 15:11:54: _AH_RunCheckENDVAR: m3775305c1a931e6e2e490c4792632d639e3e4785
01.03.2020 15:11:54: _AH_RunCheckENDVAR_THREAD: e755c6c39191c55149912
01.03.2020 15:11:54: _AH_HackLogArrayRND: g6e6c877c55337e0f6e2c
01.03.2020 15:11:54: _AH_SurvLogArrayRND: a323d2d8c193557594437556e675f425c
01.03.2020 15:11:54: _AH_AdmiLogArrayRND: e6027054d792c8c4a853d57522542
01.03.2020 15:11:54: _TMPBAN: p1022427d624075173d809c3e387c1f
01.03.2020 15:11:54: _massMessage: s775f227a4565425c5f87807c
01.03.2020 15:11:54: _massSysMessage: k3c5d4c174d696e0a27651f173a5f6d774f75652f8d251a285f4f57
01.03.2020 15:11:54: _AHpos: w490275451f238a8e9243
01.03.2020 15:11:54: _ninetwo: c3a678e9584143c454c4923879712206c0c7c833c128762353e
01.03.2020 15:11:54: _ninetwothread: e2e65298e7c5455352e82046532125e851e
01.03.2020 15:11:54: _adminsA: b0f872e691f9f7f72422f5752692522526e3c5585
01.03.2020 15:11:54: _MC: o4e878253852c139815253425408812474d17496215450f
01.03.2020 15:11:54: _MCS: q726d5c87396f8d3e3f4212847c8e027952899d32
01.03.2020 15:11:54: _checkidicheckcheck: x054c9465288e3e1d1d952e4f1832927705
01.03.2020 15:11:54: _lastshotmade: u0908000383530d546a3d6d
01.03.2020 15:11:54: _dellocveh: d73342c8752294d9c6725345c620a8d9909238e7d
01.03.2020 15:11:54: _inCombatTime: v4e577f57139242699f2d50956e2d1e1f822d722762
01.03.2020 15:11:54: _inCombatArray: t873c2f1c63133d2d724d1e3c29800012820285382e32553f428c82
01.03.2020 15:11:54: _fnc_infiKeyHandler: j8288142f138e233e2e12
01.03.2020 15:11:54: _vehicle_needs_check: l650e326e57448e7560637e
01.03.2020 15:11:54: _MAKE_VAR_DUMP_RANDOM: u39387c950c3a4902638a423e752a7d75672c842d4f
01.03.2020 15:11:54: _MAKE_VAR_DUMP_CLIENT: m4a4e82623c453f2e754255423f
01.03.2020 15:11:54: _DUMPINGPLAYERUIDARRAY: p79881505756d22685773
01.03.2020 15:11:54: _CURRENTLYDUMPING: f771287471059274a7e35
01.03.2020 15:11:54: _antiantihack_rndvar: j8d3935321312756c2c7025831f654785224c
01.03.2020 15:11:54: _name_by_uid: s57827f032e430c2532356d
01.03.2020 15:11:54: _owner_by_uid: l8c5c829c39791a2e1c5e343732556a4c8c82457e38226387
01.03.2020 15:11:54: _customcommandingMenu: u491f88528258171c6a842e
01.03.2020 15:11:54: _customcommandingMenuOpen: z19175419327c6a239e1e2e6849773e5a857f7c4577
01.03.2020 15:11:54: _AH_KICKLOG: PVAHR_5o6p1b7b2d1a2s
01.03.2020 15:11:54: ----END-LINE----   (12-01-2020 22-45-36 - v0260)
01.03.2020 17:01:59: <infiSTAR.de> _fnc_RandomGen: {
_fnc_actualGen = {
_abc = ['z','y','x','w','v','u','t','s','r','q','p','o','n','m','l','k','j','i','h','g','f','e','d','c','b','a'];
_gen = _abc select (random ((count _abc)-1));
_arr = ['a','5','c','4','d','f','c','e','5','2','2','0','d','e','7','f','9','5','7','8','e','9','a','5','c','3','2','7','e','2','3'];
_randmax = {((round(random _randminval)) + (round(random _randmaxval))) max _randminval};
for '_i' from 0 to (call _randmax)do
{
_gen = _gen + str(round(random 9)) + (_arr select (random ((count _arr)-1)));
};
};
_gen = '';
while{_gen=='' || _gen in _allRandomGenVars}do{
call _fnc_actualGen;
};
_allRandomGenVars pushBack _gen;
_gen
}
01.03.2020 17:01:59: ----START-LINE----   (12-01-2020 22-45-36 - v0260)
01.03.2020 17:01:59: _adminbox: p598d52827e0e12354d391e202a225d4c5310108550
01.03.2020 17:01:59: _fnc_mpPackets: d87390c6d3f60378e2d9a25102f3315
01.03.2020 17:01:59: _FNC_AH_KICKLOG: g856d1e054768190f6e7c57
01.03.2020 17:01:59: _FNC_AH_KICKLOGSPAWN: s6e9277228a52633f2a884c8c5549
01.03.2020 17:01:59: _FNC_PVAH_AdminReq: m257d5c4812727c876c29707d9e95155a854e2c5e397545
01.03.2020 17:01:59: _token_by_uid: o62105d806c3540078e2c72748c276c8f5e087e0215522c157e
01.03.2020 17:01:59: _uid_by_token: x09393a4e7c826d572f274c475f3c451c3e94
01.03.2020 17:02:00: _server_setTokenR: f1e105c1a330d30576d5232272c325829550717
01.03.2020 17:02:00: _YourPlayerToken: b684285055a7c45751c4a8e429e029c758310
01.03.2020 17:02:00: _TokenCT: l3e828f6d890f724f572095496a6c
01.03.2020 17:02:00: _AH_MAIN_BLOCK: h478340236f0e55629c75
01.03.2020 17:02:00: _AHKickOFF: m6e526412571327578979920e
01.03.2020 17:02:00: _AHKickLog: g6e3e8d8d67137e7f8557
01.03.2020 17:02:00: _clientdo: c477225488d6e0c526205
01.03.2020 17:02:00: _AH_RunCheckENDVAR: c758d3f4f3e2747621e5c4c69375c5c6c7a89224e779f8c455d
01.03.2020 17:02:00: _AH_RunCheckENDVAR_THREAD: c9d1c292e6c6d6270078e720d7f07235c52323e2968
01.03.2020 17:02:00: _AH_HackLogArrayRND: d25857d0d059e6905726783307e852e3f6312
01.03.2020 17:02:00: _AH_SurvLogArrayRND: r8e702f0c6c575d6c43278524121e896980
01.03.2020 17:02:00: _AH_AdmiLogArrayRND: o102e007e42727595858e52
01.03.2020 17:02:00: _TMPBAN: r141f8342193f57970e7e
01.03.2020 17:02:00: _massMessage: g533e37374f1e735e755c108747626732128f5c2e672e134a8c
01.03.2020 17:02:00: _massSysMessage: j30420c003c6e45233e28
01.03.2020 17:02:00: _AHpos: v598d831285250e29054e458a875c7282755c5d7c48
01.03.2020 17:02:00: _ninetwo: p89456c991743358f7787
01.03.2020 17:02:00: _ninetwothread: e4f29987e652d125e2e5a5743150e9c737442
01.03.2020 17:02:00: _adminsA: t7a3f5248855a40273a5233
01.03.2020 17:02:00: _MC: l7c02227e4d7e5e8822326c552e
01.03.2020 17:02:00: _MCS: t1c5d2c70573952473c0e8e6c8e6f559d626e52
01.03.2020 17:02:00: _checkidicheckcheck: t1f8749597d7905323e1f538e6e2c429519854217407c
01.03.2020 17:02:00: _lastshotmade: q5e494e374d1e22772f4d75593f297d893c
01.03.2020 17:02:00: _dellocveh: s5a2d693d777d126e333575923535780d7e7e73
01.03.2020 17:02:00: _inCombatTime: l8a2e8a757e8c3c5e99854e725e2e60551468
01.03.2020 17:02:00: _inCombatArray: m330d6a4f5e55356252785c
01.03.2020 17:02:00: _fnc_mpPackets: d87390c6d3f60378e2d9a25102f3315
01.03.2020 17:02:00: _FNC_AH_KICKLOG: g856d1e054768190f6e7c57
01.03.2020 17:02:00: _FNC_AH_KICKLOGSPAWN: s6e9277228a52633f2a884c8c5549
01.03.2020 17:02:00: _FNC_PVAH_AdminReq: m257d5c4812727c876c29707d9e95155a854e2c5e397545
01.03.2020 17:02:00: _token_by_uid: o62105d806c3540078e2c72748c276c8f5e087e0215522c157e
01.03.2020 17:02:00: _uid_by_token: x09393a4e7c826d572f274c475f3c451c3e94
01.03.2020 17:02:00: _server_setTokenR: f1e105c1a330d30576d5232272c325829550717
01.03.2020 17:02:00: _YourPlayerToken: b684285055a7c45751c4a8e429e029c758310
01.03.2020 17:02:00: _TokenCT: l3e828f6d890f724f572095496a6c
01.03.2020 17:02:00: _AH_MAIN_BLOCK: h478340236f0e55629c75
01.03.2020 17:02:00: _AHKickOFF: m6e526412571327578979920e
01.03.2020 17:02:00: _AHKickLog: g6e3e8d8d67137e7f8557
01.03.2020 17:02:00: _clientdo: c477225488d6e0c526205
01.03.2020 17:02:00: _AH_RunCheckENDVAR: c758d3f4f3e2747621e5c4c69375c5c6c7a89224e779f8c455d
01.03.2020 17:02:00: _AH_RunCheckENDVAR_THREAD: c9d1c292e6c6d6270078e720d7f07235c52323e2968
01.03.2020 17:02:00: _AH_HackLogArrayRND: d25857d0d059e6905726783307e852e3f6312
01.03.2020 17:02:00: _AH_SurvLogArrayRND: r8e702f0c6c575d6c43278524121e896980
01.03.2020 17:02:00: _AH_AdmiLogArrayRND: o102e007e42727595858e52
01.03.2020 17:02:00: _TMPBAN: r141f8342193f57970e7e
01.03.2020 17:02:00: _massMessage: g533e37374f1e735e755c108747626732128f5c2e672e134a8c
01.03.2020 17:02:00: _massSysMessage: j30420c003c6e45233e28
01.03.2020 17:02:00: _AHpos: v598d831285250e29054e458a875c7282755c5d7c48
01.03.2020 17:02:00: _ninetwo: p89456c991743358f7787
01.03.2020 17:02:00: _ninetwothread: e4f29987e652d125e2e5a5743150e9c737442
01.03.2020 17:02:00: _adminsA: t7a3f5248855a40273a5233
01.03.2020 17:02:00: _MC: l7c02227e4d7e5e8822326c552e
01.03.2020 17:02:00: _MCS: t1c5d2c70573952473c0e8e6c8e6f559d626e52
01.03.2020 17:02:00: _checkidicheckcheck: t1f8749597d7905323e1f538e6e2c429519854217407c
01.03.2020 17:02:00: _lastshotmade: q5e494e374d1e22772f4d75593f297d893c
01.03.2020 17:02:00: _dellocveh: s5a2d693d777d126e333575923535780d7e7e73
01.03.2020 17:02:00: _inCombatTime: l8a2e8a757e8c3c5e99854e725e2e60551468
01.03.2020 17:02:00: _inCombatArray: m330d6a4f5e55356252785c
01.03.2020 17:02:00: _fnc_infiKeyHandler: g59329a3e854d2222897c1730657e37
01.03.2020 17:02:00: _vehicle_needs_check: d526c1a276d4e570c5d87
01.03.2020 17:02:00: _MAKE_VAR_DUMP_RANDOM: l5c295d231e2e65476e75
01.03.2020 17:02:00: _MAKE_VAR_DUMP_CLIENT: s5255850c792e632c7a408d823717653c4574
01.03.2020 17:02:00: _DUMPINGPLAYERUIDARRAY: o9f45599c4d60222c3c528a354e893c54
01.03.2020 17:02:00: _CURRENTLYDUMPING: f6c6c7a2847374d7d75724d874f49651a47794c0752694e325f4e324455
01.03.2020 17:02:00: _antiantihack_rndvar: b9f15754c2a13496c6255
01.03.2020 17:02:00: _name_by_uid: s6300228e771955755349
01.03.2020 17:02:00: _owner_by_uid: g324549792e6c3a841203506960172e7815396e15
01.03.2020 17:02:00: _customcommandingMenu: z8502329759255745824f5e52
01.03.2020 17:02:00: _customcommandingMenuOpen: o492a32984e137c9f074f8d926e420f1585753e55693e
01.03.2020 17:02:00: _AH_KICKLOG: PVAHR_9z6a2m4n3t6p7r
01.03.2020 17:02:00: ----END-LINE----   (12-01-2020 22-45-36 - v0260)
01.03.2020 19:22:23: <infiSTAR.de> _fnc_RandomGen: {
_fnc_actualGen = {
_abc = ['z','y','x','w','v','u','t','s','r','q','p','o','n','m','l','k','j','i','h','g','f','e','d','c','b','a'];
_gen = _abc select (random ((count _abc)-1));
_arr = ['a','5','c','4','d','f','c','e','5','2','2','0','d','e','7','f','9','5','7','8','e','9','a','5','c','3','2','7','e','2','3'];
_randmax = {((round(random _randminval)) + (round(random _randmaxval))) max _randminval};
for '_i' from 0 to (call _randmax)do
{
_gen = _gen + str(round(random 9)) + (_arr select (random ((count _arr)-1)));
};
};
_gen = '';
while{_gen=='' || _gen in _allRandomGenVars}do{
call _fnc_actualGen;
};
_allRandomGenVars pushBack _gen;
_gen
}
01.03.2020 19:22:23: ----START-LINE----   (12-01-2020 22-45-36 - v0260)
01.03.2020 19:22:23: _adminbox: e7252094a998c8e1c274263755d501d2e67228e29793d7e
01.03.2020 19:22:23: _fnc_mpPackets: m6f1e54726e77607f3d15
01.03.2020 19:22:23: _FNC_AH_KICKLOG: d9779493f2e543e77074c2292338e43905f
01.03.2020 19:22:23: _FNC_AH_KICKLOGSPAWN: t6a137f592393798a331e779e587d3e1e3d598d
01.03.2020 19:22:23: _FNC_PVAH_AdminReq: p1248726e624c1e1e377322
01.03.2020 19:22:23: _token_by_uid: k604774129f7c2515106a391743032e0d3e37928215
01.03.2020 19:22:23: _uid_by_token: h1215476c579730272f096a576232526264
01.03.2020 19:22:23: _server_setTokenR: v358d9f9e4f572a2982284d6e1e50
01.03.2020 19:22:23: _YourPlayerToken: k182e5a4842925e5c2420149053056c6549
01.03.2020 19:22:23: _TokenCT: d551d458d7e5a72550e1f
01.03.2020 19:22:23: _AH_MAIN_BLOCK: y8c8c677d5c449c7e87322f294c9565253f4c
01.03.2020 19:22:23: _AHKickOFF: z97128e52428e0777720e7e4789176a4f0e82
01.03.2020 19:22:23: _AHKickLog: e25173c1588654a290259
01.03.2020 19:22:23: _clientdo: v0402138e77803c877e3e
01.03.2020 19:22:23: _AH_RunCheckENDVAR: p771a8c75543e699f7a874d7282938225324e57
01.03.2020 19:22:23: _AH_RunCheckENDVAR_THREAD: g1f3f7e2c4a4c54146009
01.03.2020 19:22:23: _AH_HackLogArrayRND: h622077227e6202626f357d232a5e8032
01.03.2020 19:22:23: _AH_SurvLogArrayRND: q9c6a158f7d6d555f7725
01.03.2020 19:22:23: _AH_AdmiLogArrayRND: e52123c152c7252622582275482521e025213
01.03.2020 19:22:23: _TMPBAN: l878e733e6e008c8e5d1e658d8505493a
01.03.2020 19:22:24: _massMessage: n6a3d6a4e3c821545351e9587171f65
01.03.2020 19:22:24: _massSysMessage: y629c25851f9c5e0e7c5f935735120e1c7c8f
01.03.2020 19:22:24: _AHpos: s574f331c654c9e5f15554a
01.03.2020 19:22:24: _ninetwo: f1d559c19477979856f524288
01.03.2020 19:22:24: _ninetwothread: w258d8c876555583289773e8c6c6c1a1717572c
01.03.2020 19:22:24: _adminsA: y4e455d8f302234334f2e
01.03.2020 19:22:24: _MC: h9285597f5f635e3e75626c
01.03.2020 19:22:24: _MCS: g633e377922674f751d5f
01.03.2020 19:22:24: _checkidicheckcheck: p58205579887f3e878c4f8e
01.03.2020 19:22:24: _lastshotmade: e1c9e291c18524a5c6e5e1c58
01.03.2020 19:22:24: <infiSTAR.de> _fnc_RandomGen: {
_fnc_actualGen = {
_abc = ['z','y','x','w','v','u','t','s','r','q','p','o','n','m','l','k','j','i','h','g','f','e','d','c','b','a'];
_gen = _abc select (random ((count _abc)-1));
_arr = ['a','5','c','4','d','f','c','e','5','2','2','0','d','e','7','f','9','5','7','8','e','9','a','5','c','3','2','7','e','2','3'];
_randmax = {((round(random _randminval)) + (round(random _randmaxval))) max _randminval};
for '_i' from 0 to (call _randmax)do
{
_gen = _gen + str(round(random 9)) + (_arr select (random ((count _arr)-1)));
};
};
_gen = '';
while{_gen=='' || _gen in _allRandomGenVars}do{
call _fnc_actualGen;
};
_allRandomGenVars pushBack _gen;
_gen
}
01.03.2020 19:22:24: ----START-LINE----   (12-01-2020 22-45-36 - v0260)
01.03.2020 19:22:24: _adminbox: e7252094a998c8e1c274263755d501d2e67228e29793d7e
01.03.2020 19:22:24: _fnc_mpPackets: m6f1e54726e77607f3d15
01.03.2020 19:22:24: _FNC_AH_KICKLOG: d9779493f2e543e77074c2292338e43905f
01.03.2020 19:22:24: _FNC_AH_KICKLOGSPAWN: t6a137f592393798a331e779e587d3e1e3d598d
01.03.2020 19:22:24: _FNC_PVAH_AdminReq: p1248726e624c1e1e377322
01.03.2020 19:22:24: _token_by_uid: k604774129f7c2515106a391743032e0d3e37928215
01.03.2020 19:22:24: _uid_by_token: h1215476c579730272f096a576232526264
01.03.2020 19:22:24: _server_setTokenR: v358d9f9e4f572a2982284d6e1e50
01.03.2020 19:22:24: _YourPlayerToken: k182e5a4842925e5c2420149053056c6549
01.03.2020 19:22:24: _TokenCT: d551d458d7e5a72550e1f
01.03.2020 19:22:24: _AH_MAIN_BLOCK: y8c8c677d5c449c7e87322f294c9565253f4c
01.03.2020 19:22:24: _AHKickOFF: z97128e52428e0777720e7e4789176a4f0e82
01.03.2020 19:22:24: _AHKickLog: e25173c1588654a290259
01.03.2020 19:22:24: _clientdo: v0402138e77803c877e3e
01.03.2020 19:22:24: _AH_RunCheckENDVAR: p771a8c75543e699f7a874d7282938225324e57
01.03.2020 19:22:24: _AH_RunCheckENDVAR_THREAD: g1f3f7e2c4a4c54146009
01.03.2020 19:22:24: _AH_HackLogArrayRND: h622077227e6202626f357d232a5e8032
01.03.2020 19:22:24: _AH_SurvLogArrayRND: q9c6a158f7d6d555f7725
01.03.2020 19:22:24: _AH_AdmiLogArrayRND: e52123c152c7252622582275482521e025213
01.03.2020 19:22:24: _TMPBAN: l878e733e6e008c8e5d1e658d8505493a
01.03.2020 19:22:24: _massMessage: n6a3d6a4e3c821545351e9587171f65
01.03.2020 19:22:24: _massSysMessage: y629c25851f9c5e0e7c5f935735120e1c7c8f
01.03.2020 19:22:24: _AHpos: s574f331c654c9e5f15554a
01.03.2020 19:22:24: _ninetwo: f1d559c19477979856f524288
01.03.2020 19:22:24: _ninetwothread: w258d8c876555583289773e8c6c6c1a1717572c
01.03.2020 19:22:24: _adminsA: y4e455d8f302234334f2e
01.03.2020 19:22:24: _MC: h9285597f5f635e3e75626c
01.03.2020 19:22:24: _MCS: g633e377922674f751d5f
01.03.2020 19:22:24: _checkidicheckcheck: p58205579887f3e878c4f8e
01.03.2020 19:22:24: _lastshotmade: e1c9e291c18524a5c6e5e1c58
01.03.2020 19:22:24: _dellocveh: h78280e5079351e7e397f2d3f7297398f6c3c0c721d378385831a7512
01.03.2020 19:22:24: _inCombatTime: o4237522d1c37425d7a8f131d09
01.03.2020 19:22:24: _inCombatArray: k7c9e74155d1c5d7288337222
01.03.2020 19:22:24: _fnc_infiKeyHandler: b476489555e75725e17957e573e2c6265381e55
01.03.2020 19:22:24: _vehicle_needs_check: b62670c63109e3c79558205383c1275
01.03.2020 19:22:24: _MAKE_VAR_DUMP_RANDOM: d9d48628c7f8f8c631a623f35455025589e9c722f7e526c89
01.03.2020 19:22:24: _MAKE_VAR_DUMP_CLIENT: j852e4432152287673358684a2d2e5857643c49
01.03.2020 19:22:24: _DUMPINGPLAYERUIDARRAY: d6e5e305d12850422427e5a85
01.03.2020 19:22:24: _CURRENTLYDUMPING: p1d525812354e0d658e6370
01.03.2020 19:22:24: _antiantihack_rndvar: k1e54227e421399123e176702320439408f771c4c1263
01.03.2020 19:22:24: _name_by_uid: r53375078157e4e25673210121e7373050037
01.03.2020 19:22:24: _owner_by_uid: t3e076460151e6e8f152e
01.03.2020 19:22:24: _customcommandingMenu: q324d671525346d335337708a2e1a887233744232334c2d2e
01.03.2020 19:22:24: _customcommandingMenuOpen: y6e5c7217071d4529523210335f35755e724a85
01.03.2020 19:22:24: _AH_KICKLOG: PVAHR_7a4u5v4m7y
01.03.2020 19:22:24: ----END-LINE----   (12-01-2020 22-45-36 - v0260)
