29.01.2020 00:02:37: 5h 49min | Donnie Turbo(76561198041233395) | HealRepairNear
29.01.2020 00:02:37: 5h 49min | Donnie Turbo(76561198041233395) | HealRepairNear
29.01.2020 00:08:22: 5h 55min | Nino Marino(76561198206026112) | God Mode - 0
29.01.2020 00:31:30: 6h 18min | Nino Marino(76561198206026112) | 500K Cash
29.01.2020 00:45:22: 6h 32min | Héctor "Lil Loco" Arturo(76561197999316388) | infiSTAR MapIcons - 1
29.01.2020 00:45:54: 6h 32min | Héctor "Lil Loco" Arturo(76561197999316388) | SPECTATE - switchedCamera on AL "BIG AL" GAMBINO(76561198361509989) - C_man_1
29.01.2020 00:47:45: 6h 34min | Nino Marino(76561198206026112) | Added 2 storagebigs to Nino Marino!
29.01.2020 00:47:46: 6h 34min | Nino Marino(76561198206026112) | Added 2 storagebigs to Nino Marino!
29.01.2020 01:13:31: 7h 0min | Héctor "Lil Loco" Arturo(76561197999316388) | SPECTATE - switchedCamera on Javier Escuella(76561198370210333) - C_man_1
29.01.2020 01:14:50: 7h 1min | Boyevik Butch-Mac Volkev(76561198089960350) | infiSTAR MapIcons - 1
29.01.2020 01:16:57: 7h 3min | Boyevik Butch-Mac Volkev(76561198089960350) | Teleport to [2104.4,3685.17,0](GPS: 021006)
29.01.2020 01:17:37: 7h 4min | Boyevik Butch-Mac Volkev(76561198089960350) | Teleport - Target To Me - Héctor "Lil Loco" Arturo [CIV](76561197999316388)
29.01.2020 01:19:57: 7h 6min | Boyevik Butch-Mac Volkev(76561198089960350) | 2.500K Cash
29.01.2020 01:19:58: 7h 6min | Boyevik Butch-Mac Volkev(76561198089960350) | 2.500K Cash
29.01.2020 01:21:19: 7h 8min | Nino Marino(76561198206026112) | Revive - civ_3(76561198206026112)
29.01.2020 01:21:43: 7h 8min | Nino Marino(76561198206026112) | Added 1 defibrillators to Nino Marino!
29.01.2020 01:26:29: 7h 13min | Héctor "Lil Loco" Arturo(76561197999316388) | Teleport to [3605.38,3312.52,0](GPS: 036002)
29.01.2020 01:26:45: 7h 13min | Boyevik Butch-Mac Volkev(76561198089960350) | Mass Message: Quick Restart in 10 Minutes. Need to fix Infistar
29.01.2020 01:27:31: 7h 14min | Boyevik Butch-Mac Volkev(76561198089960350) | Teleport to [2908.65,3429.09,0](GPS: 029003)
29.01.2020 01:27:35: 7h 14min | Héctor "Lil Loco" Arturo(76561197999316388) | Teleport to [2910.23,3421.27,0](GPS: 029003)
29.01.2020 01:31:33: 7h 18min | Héctor "Lil Loco" Arturo(76561197999316388) | Teleport to [3629.71,3345.68,0](GPS: 036002)
29.01.2020 01:31:53: 7h 18min | Héctor "Lil Loco" Arturo(76561197999316388) | Teleport to [3849.23,3272.33,0](GPS: 038002)
29.01.2020 01:32:03: 7h 19min | Héctor "Lil Loco" Arturo(76561197999316388) | 750K Cash
29.01.2020 01:32:07: 7h 19min | Héctor "Lil Loco" Arturo(76561197999316388) | Teleport to [3625.91,3344.33,0](GPS: 036002)
29.01.2020 01:32:28: 7h 19min | Héctor "Lil Loco" Arturo(76561197999316388) | Teleport to [4748.53,4227.55,0](GPS: 047011)
29.01.2020 01:32:49: 7h 19min | Héctor "Lil Loco" Arturo(76561197999316388) | Teleport to [3627.99,3345.17,0](GPS: 036002)
29.01.2020 01:33:54: 7h 20min | Héctor "Lil Loco" Arturo(76561197999316388) | Teleport to [2905.54,3423.21,0](GPS: 029003)
29.01.2020 02:03:26: 0h 8min | Boyevik Butch-Mac Volkev(76561198089960350) | infiSTAR MapIcons - 1
29.01.2020 02:03:29: 0h 9min | Boyevik Butch-Mac Volkev(76561198089960350) | Teleport to [3531.24,3117.2,0](GPS: 035000)
29.01.2020 02:05:23: 0h 10min | Boyevik Butch-Mac Volkev(76561198089960350) | Teleport to [3648.48,3214.23,0](GPS: 036001)
29.01.2020 02:05:30: 0h 11min | Héctor "Lil Loco" Arturo(76561197999316388) | infiSTAR MapIcons - 1
29.01.2020 02:05:48: 0h 11min | Héctor "Lil Loco" Arturo(76561197999316388) | Teleport to [3664.81,3254.91,0](GPS: 036001)
29.01.2020 02:08:23: 0h 13min | Héctor "Lil Loco" Arturo(76561197999316388) | HealRepairNear
29.01.2020 02:10:45: 0h 16min | Boyevik Butch-Mac Volkev(76561198089960350) | Revive - civ_1(76561198355765034)
29.01.2020 02:15:41: 0h 21min | Héctor "Lil Loco" Arturo(76561197999316388) | Teleport to [2428.89,4196.7,0](GPS: 024011)
29.01.2020 02:26:09: 0h 31min | Héctor "Lil Loco" Arturo(76561197999316388) | spawning Fardo de Cocaina (1Kg) (pop_cocaina_f)
29.01.2020 02:26:11: 0h 31min | Héctor "Lil Loco" Arturo(76561197999316388) | spawning Fardo de Cocaina (1Kg) (pop_cocaina_f)
29.01.2020 02:26:12: 0h 31min | Héctor "Lil Loco" Arturo(76561197999316388) | spawning Fardo de Cocaina (1Kg) (pop_cocaina_f)
29.01.2020 02:26:19: 0h 31min | Héctor "Lil Loco" Arturo(76561197999316388) | Deleting WeaponHolderSimulated @035001..
29.01.2020 02:27:51: 0h 33min | Boyevik Butch-Mac Volkev(76561198089960350) | Teleport to [3886.13,4954.75,0](GPS: 038018)
29.01.2020 02:27:55: 0h 33min | Héctor "Lil Loco" Arturo(76561197999316388) | Teleport to [3891.93,4973.63,0](GPS: 038019)
29.01.2020 02:29:35: 0h 35min | Boyevik Butch-Mac Volkev(76561198089960350) | HealRepairNear
29.01.2020 02:32:43: 0h 38min | Boyevik Butch-Mac Volkev(76561198089960350) | HealRepairNear
29.01.2020 02:33:24: 0h 38min | Boyevik Butch-Mac Volkev(76561198089960350) | Teleport to [4004.32,5314.35,0](GPS: 040022)
29.01.2020 02:33:27: 0h 39min | Boyevik Butch-Mac Volkev(76561198089960350) | locked - [d3s_camaro_zl1_1le_18]
29.01.2020 02:33:29: 0h 39min | Boyevik Butch-Mac Volkev(76561198089960350) | unlocked - [d3s_camaro_zl1_1le_18]
29.01.2020 02:33:30: 0h 39min | Boyevik Butch-Mac Volkev(76561198089960350) | HealRepairNear
29.01.2020 02:34:04: 0h 39min | Héctor "Lil Loco" Arturo(76561197999316388) | Vehboost - 1
29.01.2020 02:36:32: 0h 42min | Héctor "Lil Loco" Arturo(76561197999316388) | Vehboost - 0
29.01.2020 02:40:17: 0h 45min | Héctor "Lil Loco" Arturo(76561197999316388) | HealRepairNear
29.01.2020 02:43:31: 0h 49min | Héctor "Lil Loco" Arturo(76561197999316388) | spawning TRYK Balaclava (TRYK_Kio_Balaclava)
29.01.2020 02:44:14: 0h 49min | Héctor "Lil Loco" Arturo(76561197999316388) | spawning TRYK Balaclava(GHOST) (TRYK_balaclava_NV)
29.01.2020 02:44:23: 0h 49min | Héctor "Lil Loco" Arturo(76561197999316388) | Deleting Boyevik Butch-Mac Volkev(76561198089960350) vehicle: C_man_1 @035002..
29.01.2020 02:44:36: 0h 50min | Héctor "Lil Loco" Arturo(76561197999316388) | Deleting GroundWeaponHolder @035002..
29.01.2020 02:45:22: 0h 50min | Héctor "Lil Loco" Arturo(76561197999316388) | spawning Fardo de Cocaina (1Kg) (pop_cocaina_f)
29.01.2020 02:45:23: 0h 50min | Héctor "Lil Loco" Arturo(76561197999316388) | spawning Fardo de Cocaina (1Kg) (pop_cocaina_f)
29.01.2020 02:47:52: 0h 53min | Nino Marino(76561198206026112) | spawning NV Goggles (Green) (NVGoggles_INDEP)
29.01.2020 02:48:07: 0h 53min | Nino Marino(76561198206026112) | spawning Cap [OPFOR] (H_Cap_brn_SPECOPS)
29.01.2020 03:00:09: 1h 5min | Nino Marino(76561198206026112) | SPECTATE - switchedCamera on Javier Escuella(76561198370210333) - d3s_gl63amg_12_SE
29.01.2020 03:00:33: 1h 6min | Nino Marino(76561198206026112) | Move In Target Vehicle - Javier Escuella [CIV](76561198370210333)
29.01.2020 03:00:43: 1h 6min | Nino Marino(76561198206026112) | Teleport to [2329.14,4195.4,0](GPS: 023011)
29.01.2020 03:02:03: 1h 7min | Nino Marino(76561198206026112) | HealRepairNear
29.01.2020 03:02:03: 1h 7min | Nino Marino(76561198206026112) | HealRepairNear
29.01.2020 03:09:32: 1h 15min | Héctor "Lil Loco" Arturo(76561197999316388) | Teleport to [2474.75,4489.5,0](GPS: 024014)
29.01.2020 03:09:36: 1h 15min | Héctor "Lil Loco" Arturo(76561197999316388) | Teleport to [2760.21,4197.19,0](GPS: 027011)
29.01.2020 03:09:47: 1h 15min | Héctor "Lil Loco" Arturo(76561197999316388) | Teleport to [2470.64,4499.55,0](GPS: 024014)
29.01.2020 03:11:36: 1h 17min | Héctor "Lil Loco" Arturo(76561197999316388) | Teleport to [2030.35,4152.97,0](GPS: 020010)
29.01.2020 03:12:03: 1h 17min | Héctor "Lil Loco" Arturo(76561197999316388) | Teleport to [2025.34,3966.82,0](GPS: 020008)
29.01.2020 03:12:13: 1h 17min | Héctor "Lil Loco" Arturo(76561197999316388) | Teleport to [2477.92,4504.76,0](GPS: 024014)
29.01.2020 03:12:23: 1h 17min | Héctor "Lil Loco" Arturo(76561197999316388) | Teleport to [2012.79,3971.63,0](GPS: 020008)
29.01.2020 03:13:32: 1h 19min | Héctor "Lil Loco" Arturo(76561197999316388) | Teleport to [2022.02,3979.71,0](GPS: 020009)
29.01.2020 03:13:53: 1h 19min | Héctor "Lil Loco" Arturo(76561197999316388) | HealRepairNear
29.01.2020 03:14:09: 1h 19min | Héctor "Lil Loco" Arturo(76561197999316388) | Teleport to [2044.08,3973.42,0](GPS: 020009)
29.01.2020 03:14:21: 1h 19min | Héctor "Lil Loco" Arturo(76561197999316388) | Teleport to [2485.1,4493.8,0](GPS: 024014)
29.01.2020 03:16:23: 1h 21min | Héctor "Lil Loco" Arturo(76561197999316388) | HealRepairNear
29.01.2020 03:16:28: 1h 22min | Héctor "Lil Loco" Arturo(76561197999316388) | HealRepairNear
29.01.2020 03:16:30: 1h 22min | Héctor "Lil Loco" Arturo(76561197999316388) | HealRepairNear
29.01.2020 03:18:28: 1h 24min | Héctor "Lil Loco" Arturo(76561197999316388) | HealRepairNear
29.01.2020 03:18:48: 1h 24min | Nino Marino(76561198206026112) | Added 1 toolkits to Nino Marino!
29.01.2020 03:21:57: 1h 27min | Boyevik Butch-Mac Volkev(76561198089960350) | Teleport to [3452.93,4630.41,0](GPS: 034015)
29.01.2020 03:22:04: 1h 27min | Boyevik Butch-Mac Volkev(76561198089960350) | Teleport to [3678.94,4013.77,0](GPS: 036009)
29.01.2020 03:22:48: 1h 28min | Boyevik Butch-Mac Volkev(76561198089960350) | HealRepairNear
29.01.2020 03:25:12: 1h 30min | Héctor "Lil Loco" Arturo(76561197999316388) | Teleport to [4753.02,4228.12,0](GPS: 047011)
29.01.2020 03:25:37: 1h 31min | Héctor "Lil Loco" Arturo(76561197999316388) | Teleport to [3664.3,4010.81,0](GPS: 036009)
29.01.2020 03:26:34: 1h 32min | Boyevik Butch-Mac Volkev(76561198089960350) | HealRepairNear
29.01.2020 03:28:38: 1h 34min | Héctor "Lil Loco" Arturo(76561197999316388) | Teleport to [2233.72,6522.83,0](GPS: 022034)
29.01.2020 03:28:53: 1h 34min | Héctor "Lil Loco" Arturo(76561197999316388) | HealRepairNear
29.01.2020 03:29:02: 1h 34min | Héctor "Lil Loco" Arturo(76561197999316388) | HealRepairNear
29.01.2020 03:33:42: 1h 39min | Nino Marino(76561198206026112) | 50K Cash
29.01.2020 03:38:23: 1h 43min | Héctor "Lil Loco" Arturo(76561197999316388) | God Mode - 1
29.01.2020 03:39:22: 1h 44min | Héctor "Lil Loco" Arturo(76561197999316388) | God Mode - 0
29.01.2020 03:41:55: 1h 47min | Nino Marino(76561198206026112) | Added 3 waterBottles to Javier Escuella!
29.01.2020 03:41:57: 1h 47min | Nino Marino(76561198206026112) | Added 3 tbacons to Javier Escuella!
29.01.2020 03:42:02: 1h 47min | Nino Marino(76561198206026112) | Added 3 tbacons to Nino Marino!
29.01.2020 03:42:04: 1h 47min | Nino Marino(76561198206026112) | Added 3 waterBottles to Nino Marino!
29.01.2020 03:42:08: 1h 47min | Nino Marino(76561198206026112) | Added 3 waterBottles to John Anderson!
29.01.2020 03:42:10: 1h 47min | Nino Marino(76561198206026112) | Added 3 tbacons to John Anderson!
29.01.2020 03:43:15: 1h 48min | Héctor "Lil Loco" Arturo(76561197999316388) | Revive - civ_1(76561198355765034)
29.01.2020 03:50:22: 1h 55min | Héctor "Lil Loco" Arturo(76561197999316388) | spawning coca (200g) (pop_coca_b)
29.01.2020 03:50:23: 1h 55min | Héctor "Lil Loco" Arturo(76561197999316388) | spawning coca (200g) (pop_coca_b)
29.01.2020 03:50:23: 1h 55min | Héctor "Lil Loco" Arturo(76561197999316388) | spawning coca (200g) (pop_coca_b)
29.01.2020 03:50:24: 1h 55min | Héctor "Lil Loco" Arturo(76561197999316388) | spawning coca (200g) (pop_coca_b)
29.01.2020 03:54:07: 1h 59min | Boyevik Butch-Mac Volkev(76561198089960350) | unlocked - [d3s_g63amg_18]
29.01.2020 03:54:12: 1h 59min | Boyevik Butch-Mac Volkev(76561198089960350) | locked - [d3s_g63amg_18]
29.01.2020 03:54:23: 1h 59min | Héctor "Lil Loco" Arturo(76561197999316388) | unlocked - [d3s_g63amg_18]
29.01.2020 03:56:38: 2h 2min | Héctor "Lil Loco" Arturo(76561197999316388) | Added 10 lockpicks to Héctor "Lil Loco" Arturo!
29.01.2020 03:58:18: 2h 3min | Nino Marino(76561198206026112) | Revive - civ_4(76561198370210333)
29.01.2020 03:58:29: 2h 4min | Nino Marino(76561198206026112) | Heal - civ_4(76561198370210333)
29.01.2020 04:01:04: 2h 6min | Héctor "Lil Loco" Arturo(76561197999316388) | HealRepairNear
29.01.2020 04:01:35: 2h 7min | Héctor "Lil Loco" Arturo(76561197999316388) | Teleport to [3748.87,3271.83,0](GPS: 037001)
29.01.2020 04:03:15: 2h 8min | Héctor "Lil Loco" Arturo(76561197999316388) | Teleport to [3614.82,3123.47,0](GPS: 036000)
29.01.2020 04:03:27: 2h 9min | Héctor "Lil Loco" Arturo(76561197999316388) | Teleport to [3749.04,3275.14,0](GPS: 037002)
29.01.2020 04:04:20: 2h 9min | Héctor "Lil Loco" Arturo(76561197999316388) | Deleting d3s_roadrunner_71_GTX @037001..
29.01.2020 04:05:17: 2h 10min | Héctor "Lil Loco" Arturo(76561197999316388) | 100K Cash
29.01.2020 04:05:20: 2h 10min | Héctor "Lil Loco" Arturo(76561197999316388) | 100K Cash
29.01.2020 04:05:37: 2h 11min | Héctor "Lil Loco" Arturo(76561197999316388) | Teleport to [3769.32,3034.84,0](GPS: 037999)
29.01.2020 04:05:45: 2h 11min | Héctor "Lil Loco" Arturo(76561197999316388) | Teleport to [3654.81,3245.36,0](GPS: 036001)
29.01.2020 04:06:07: 2h 11min | Héctor "Lil Loco" Arturo(76561197999316388) | Teleport to [3772.82,3035.42,0](GPS: 037999)
29.01.2020 04:06:19: 2h 11min | Boyevik Butch-Mac Volkev(76561198089960350) | Teleport to [3663.13,3239.48,0](GPS: 036001)
29.01.2020 04:06:24: 2h 12min | Héctor "Lil Loco" Arturo(76561197999316388) | 50K Cash
29.01.2020 04:06:25: 2h 12min | Héctor "Lil Loco" Arturo(76561197999316388) | 50K Cash
29.01.2020 04:06:37: 2h 12min | Héctor "Lil Loco" Arturo(76561197999316388) | 50K Cash
29.01.2020 04:07:11: 2h 12min | Boyevik Butch-Mac Volkev(76561198089960350) | HealRepairNear
29.01.2020 04:08:01: 2h 13min | Héctor "Lil Loco" Arturo(76561197999316388) | Teleport to [3747.13,3272.88,0](GPS: 037002)
29.01.2020 04:08:43: 2h 14min | Héctor "Lil Loco" Arturo(76561197999316388) | 50K Cash
29.01.2020 04:09:27: 2h 15min | Héctor "Lil Loco" Arturo(76561197999316388) | Teleport to [3616.91,3450.78,0](GPS: 036003)
29.01.2020 04:10:25: 2h 16min | Héctor "Lil Loco" Arturo(76561197999316388) | Teleport to [3433.68,3155.18,0](GPS: 034000)
29.01.2020 04:10:57: 2h 16min | Héctor "Lil Loco" Arturo(76561197999316388) | Vehicle Marker - 1
29.01.2020 04:11:42: 2h 17min | Boyevik Butch-Mac Volkev(76561198089960350) | Vehboost - 1
29.01.2020 04:13:13: 2h 18min | Nino Marino(76561198206026112) | Deleting GroundWeaponHolder @033011..
29.01.2020 04:14:40: 2h 20min | Nino Marino(76561198206026112) | SPECTATE - switchedCamera on Boyevik Butch-Mac Volkev(76561198089960350) - d3s_zonda_18
29.01.2020 04:14:47: 2h 20min | Nino Marino(76561198206026112) | SPECTATE - switchedCamera on Harold Reginald(76561198355765034) - V12_YZF_VO
29.01.2020 04:14:50: 2h 20min | Nino Marino(76561198206026112) | SPECTATE - switchedCamera on Héctor "Lil Loco" Arturo(76561197999316388) - C_man_1
29.01.2020 04:14:51: 2h 20min | Nino Marino(76561198206026112) | SPECTATE - switchedCamera on HoyoBani(76561198105940600) - B_RangeMaster_F
29.01.2020 04:14:58: 2h 20min | Nino Marino(76561198206026112) | SPECTATE - switchedCamera on Rick Cheney(76561198860031547) - B_RangeMaster_F
29.01.2020 04:15:00: 2h 20min | Nino Marino(76561198206026112) | SPECTATE - switchedCamera on Nino Marino(76561198206026112) - C_man_1
29.01.2020 04:15:02: 2h 20min | Nino Marino(76561198206026112) | SPECTATE - switchedCamera on Wyclef(76561198038112694) - d3s_zonda_18
29.01.2020 04:20:51: 2h 26min | Héctor "Lil Loco" Arturo(76561197999316388) | Teleport to [3661.6,3235.83,0](GPS: 036001)
29.01.2020 04:20:53: 2h 26min | Héctor "Lil Loco" Arturo(76561197999316388) | Vehicle Marker - 0
29.01.2020 04:20:55: 2h 26min | Héctor "Lil Loco" Arturo(76561197999316388) | Teleport to [3671.83,3244.5,0](GPS: 036001)
29.01.2020 04:21:08: 2h 26min | Héctor "Lil Loco" Arturo(76561197999316388) | HealRepairNear
29.01.2020 04:23:05: 2h 28min | Héctor "Lil Loco" Arturo(76561197999316388) | unlocked - [d3s_roadrunner_71_GTX]
29.01.2020 04:23:06: 2h 28min | Héctor "Lil Loco" Arturo(76561197999316388) | locked - [d3s_roadrunner_71_GTX]
29.01.2020 04:26:15: 2h 31min | Boyevik Butch-Mac Volkev(76561198089960350) | HealRepairNear
29.01.2020 04:26:27: 2h 32min | Héctor "Lil Loco" Arturo(76561197999316388) | HealRepairNear
29.01.2020 04:27:12: 2h 32min | Héctor "Lil Loco" Arturo(76561197999316388) | Vehboost - 1
29.01.2020 04:27:58: 2h 33min | Héctor "Lil Loco" Arturo(76561197999316388) | HealRepairNear
29.01.2020 04:28:36: 2h 34min | Héctor "Lil Loco" Arturo(76561197999316388) | HealRepairNear
29.01.2020 04:29:11: 2h 34min | Héctor "Lil Loco" Arturo(76561197999316388) | HealRepairNear
29.01.2020 04:30:13: 2h 35min | Héctor "Lil Loco" Arturo(76561197999316388) | Revive - civ_1(76561198355765034)
29.01.2020 04:30:23: 2h 35min | Héctor "Lil Loco" Arturo(76561197999316388) | Teleport - Target To Me - Harold Reginald [CIV](76561198355765034)
29.01.2020 04:30:52: 2h 36min | Héctor "Lil Loco" Arturo(76561197999316388) | HealRepairNear
29.01.2020 04:30:53: 2h 36min | Héctor "Lil Loco" Arturo(76561197999316388) | HealRepairNear
29.01.2020 04:30:53: 2h 36min | Héctor "Lil Loco" Arturo(76561197999316388) | HealRepairNear
29.01.2020 04:30:54: 2h 36min | Héctor "Lil Loco" Arturo(76561197999316388) | HealRepairNear
29.01.2020 04:30:54: 2h 36min | Héctor "Lil Loco" Arturo(76561197999316388) | HealRepairNear
29.01.2020 04:30:54: 2h 36min | Héctor "Lil Loco" Arturo(76561197999316388) | HealRepairNear
29.01.2020 04:30:55: 2h 36min | Héctor "Lil Loco" Arturo(76561197999316388) | HealRepairNear
29.01.2020 04:30:55: 2h 36min | Héctor "Lil Loco" Arturo(76561197999316388) | HealRepairNear
29.01.2020 04:30:55: 2h 36min | Héctor "Lil Loco" Arturo(76561197999316388) | HealRepairNear
29.01.2020 04:30:55: 2h 36min | Héctor "Lil Loco" Arturo(76561197999316388) | HealRepairNear
29.01.2020 04:30:55: 2h 36min | Héctor "Lil Loco" Arturo(76561197999316388) | HealRepairNear
29.01.2020 04:30:56: 2h 36min | Héctor "Lil Loco" Arturo(76561197999316388) | HealRepairNear
29.01.2020 04:30:56: 2h 36min | Héctor "Lil Loco" Arturo(76561197999316388) | HealRepairNear
29.01.2020 04:30:56: 2h 36min | Héctor "Lil Loco" Arturo(76561197999316388) | HealRepairNear
29.01.2020 04:30:56: 2h 36min | Héctor "Lil Loco" Arturo(76561197999316388) | HealRepairNear
29.01.2020 04:30:56: 2h 36min | Héctor "Lil Loco" Arturo(76561197999316388) | HealRepairNear
29.01.2020 04:30:57: 2h 36min | Héctor "Lil Loco" Arturo(76561197999316388) | HealRepairNear
29.01.2020 04:30:57: 2h 36min | Héctor "Lil Loco" Arturo(76561197999316388) | HealRepairNear
29.01.2020 04:30:57: 2h 36min | Héctor "Lil Loco" Arturo(76561197999316388) | HealRepairNear
29.01.2020 04:30:57: 2h 36min | Héctor "Lil Loco" Arturo(76561197999316388) | HealRepairNear
29.01.2020 04:30:58: 2h 36min | Héctor "Lil Loco" Arturo(76561197999316388) | HealRepairNear
29.01.2020 04:35:40: 2h 41min | Héctor "Lil Loco" Arturo(76561197999316388) | HealRepairNear
29.01.2020 04:39:18: 2h 44min | [1k-40] Jose Santana(76561198206026112) | Added 3 spikeStrips to [1k-40] Jose Santana!
29.01.2020 04:39:26: 2h 45min | [1k-40] Jose Santana(76561198206026112) | Added 3 donutss to [1k-40] Jose Santana!
29.01.2020 04:39:29: 2h 45min | [1k-40] Jose Santana(76561198206026112) | Added 3 coffees to [1k-40] Jose Santana!
29.01.2020 04:39:32: 2h 45min | [1k-40] Jose Santana(76561198206026112) | Added 3 cocaine_processeds to [1k-40] Jose Santana!
29.01.2020 04:40:02: 2h 45min | Héctor "Lil Loco" Arturo(76561197999316388) | spawning Metanfetamina (200g) (pop_meta_b)
29.01.2020 04:40:03: 2h 45min | Héctor "Lil Loco" Arturo(76561197999316388) | spawning Metanfetamina (200g) (pop_meta_b)
29.01.2020 04:40:08: 2h 45min | Héctor "Lil Loco" Arturo(76561197999316388) | spawning Efedrina para hace meta (200g) (pop_efedrina_meta_b)
29.01.2020 04:40:09: 2h 45min | Héctor "Lil Loco" Arturo(76561197999316388) | spawning Efedrina para hace meta (200g) (pop_efedrina_meta_b)
29.01.2020 04:40:10: 2h 45min | Héctor "Lil Loco" Arturo(76561197999316388) | spawning opio (200g)  (pop_opio_b)
29.01.2020 04:40:10: 2h 45min | Héctor "Lil Loco" Arturo(76561197999316388) | spawning opio (200g)  (pop_opio_b)
29.01.2020 04:40:11: 2h 45min | Héctor "Lil Loco" Arturo(76561197999316388) | spawning opio (200g)  (pop_opio_b)
29.01.2020 04:40:13: 2h 45min | Héctor "Lil Loco" Arturo(76561197999316388) | spawning cannabis (200g) (pop_cannabis_b)
29.01.2020 04:40:14: 2h 45min | Héctor "Lil Loco" Arturo(76561197999316388) | spawning coca (200g) (pop_coca_b)
29.01.2020 04:40:15: 2h 45min | Héctor "Lil Loco" Arturo(76561197999316388) | spawning coca (200g) (pop_coca_b)
29.01.2020 04:40:15: 2h 45min | Héctor "Lil Loco" Arturo(76561197999316388) | spawning Metanfetamina (200g) (pop_meta_b)
29.01.2020 04:40:16: 2h 45min | Héctor "Lil Loco" Arturo(76561197999316388) | spawning Metanfetamina (200g) (pop_meta_b)
29.01.2020 04:40:16: 2h 45min | Héctor "Lil Loco" Arturo(76561197999316388) | spawning Metanfetamina (200g) (pop_meta_b)
29.01.2020 04:40:45: 2h 46min | Héctor "Lil Loco" Arturo(76561197999316388) | spawning Meat Pie (MeatPie)
29.01.2020 04:40:46: 2h 46min | Héctor "Lil Loco" Arturo(76561197999316388) | spawning Meat Pie (MeatPie)
29.01.2020 04:41:08: 2h 46min | Héctor "Lil Loco" Arturo(76561197999316388) | spawning Fardo de metanfetamina (pop_metanfetamina_f)
29.01.2020 04:41:09: 2h 46min | Héctor "Lil Loco" Arturo(76561197999316388) | spawning Fardo de metanfetamina (pop_metanfetamina_f)
29.01.2020 04:41:11: 2h 46min | Héctor "Lil Loco" Arturo(76561197999316388) | spawning Metadona (pop_metadona)
29.01.2020 04:41:11: 2h 46min | Héctor "Lil Loco" Arturo(76561197999316388) | spawning Metadona (pop_metadona)
29.01.2020 04:41:35: 2h 47min | Héctor "Lil Loco" Arturo(76561197999316388) | Deleting GroundWeaponHolder @046011..
29.01.2020 04:44:34: 2h 50min | Héctor "Lil Loco" Arturo(76561197999316388) | spawning Meat Pie (MeatPie)
29.01.2020 04:44:35: 2h 50min | Héctor "Lil Loco" Arturo(76561197999316388) | spawning Meat Pie (MeatPie)
29.01.2020 04:44:36: 2h 50min | Héctor "Lil Loco" Arturo(76561197999316388) | spawning Meat Pie (MeatPie)
29.01.2020 04:47:46: 2h 53min | Héctor "Lil Loco" Arturo(76561197999316388) | spawning Metanfetamina (200g) (pop_meta_b)
29.01.2020 04:47:46: 2h 53min | Héctor "Lil Loco" Arturo(76561197999316388) | spawning Metanfetamina (200g) (pop_meta_b)
29.01.2020 04:47:47: 2h 53min | Héctor "Lil Loco" Arturo(76561197999316388) | spawning Metanfetamina (200g) (pop_meta_b)
29.01.2020 04:47:47: 2h 53min | Héctor "Lil Loco" Arturo(76561197999316388) | spawning Metanfetamina (200g) (pop_meta_b)
29.01.2020 04:47:47: 2h 53min | Héctor "Lil Loco" Arturo(76561197999316388) | spawning Metanfetamina (200g) (pop_meta_b)
29.01.2020 04:47:48: 2h 53min | Héctor "Lil Loco" Arturo(76561197999316388) | spawning Metanfetamina (200g) (pop_meta_b)
29.01.2020 04:47:48: 2h 53min | Héctor "Lil Loco" Arturo(76561197999316388) | spawning Metanfetamina (200g) (pop_meta_b)
29.01.2020 04:47:48: 2h 53min | Héctor "Lil Loco" Arturo(76561197999316388) | spawning Metanfetamina (200g) (pop_meta_b)
29.01.2020 04:47:49: 2h 53min | Héctor "Lil Loco" Arturo(76561197999316388) | spawning Metanfetamina (200g) (pop_meta_b)
29.01.2020 04:47:49: 2h 53min | Héctor "Lil Loco" Arturo(76561197999316388) | spawning Metanfetamina (200g) (pop_meta_b)
29.01.2020 04:47:50: 2h 53min | Héctor "Lil Loco" Arturo(76561197999316388) | spawning Metanfetamina (200g) (pop_meta_b)
29.01.2020 04:47:53: 2h 53min | Héctor "Lil Loco" Arturo(76561197999316388) | spawning coca (200g) (pop_coca_b)
29.01.2020 04:47:53: 2h 53min | Héctor "Lil Loco" Arturo(76561197999316388) | spawning coca (200g) (pop_coca_b)
29.01.2020 04:47:53: 2h 53min | Héctor "Lil Loco" Arturo(76561197999316388) | spawning coca (200g) (pop_coca_b)
29.01.2020 04:47:54: 2h 53min | Héctor "Lil Loco" Arturo(76561197999316388) | spawning coca (200g) (pop_coca_b)
29.01.2020 04:47:54: 2h 53min | Héctor "Lil Loco" Arturo(76561197999316388) | spawning opio (200g)  (pop_opio_b)
29.01.2020 04:47:55: 2h 53min | Héctor "Lil Loco" Arturo(76561197999316388) | spawning opio (200g)  (pop_opio_b)
29.01.2020 04:47:55: 2h 53min | Héctor "Lil Loco" Arturo(76561197999316388) | spawning opio (200g)  (pop_opio_b)
29.01.2020 04:47:55: 2h 53min | Héctor "Lil Loco" Arturo(76561197999316388) | spawning opio (200g)  (pop_opio_b)
29.01.2020 04:47:56: 2h 53min | Héctor "Lil Loco" Arturo(76561197999316388) | spawning coca (200g) (pop_coca_b)
29.01.2020 04:47:56: 2h 53min | Héctor "Lil Loco" Arturo(76561197999316388) | spawning opio (200g)  (pop_opio_b)
29.01.2020 04:47:56: 2h 53min | Héctor "Lil Loco" Arturo(76561197999316388) | spawning coca (200g) (pop_coca_b)
29.01.2020 04:47:59: 2h 53min | Héctor "Lil Loco" Arturo(76561197999316388) | spawning Semillas de cannabis (200g) (pop_cannabis_s)
29.01.2020 04:47:59: 2h 53min | Héctor "Lil Loco" Arturo(76561197999316388) | spawning Semillas de cannabis (200g) (pop_cannabis_s)
29.01.2020 04:48:00: 2h 53min | Héctor "Lil Loco" Arturo(76561197999316388) | spawning Semillas de cannabis (200g) (pop_cannabis_s)
29.01.2020 04:48:00: 2h 53min | Héctor "Lil Loco" Arturo(76561197999316388) | spawning Semillas de maiz (200g) (pop_maiz_s)
29.01.2020 04:48:00: 2h 53min | Héctor "Lil Loco" Arturo(76561197999316388) | spawning Semillas de maiz (200g) (pop_maiz_s)
29.01.2020 04:48:01: 2h 53min | Héctor "Lil Loco" Arturo(76561197999316388) | spawning Semillas de cannabis (200g) (pop_cannabis_s)
29.01.2020 04:48:01: 2h 53min | Héctor "Lil Loco" Arturo(76561197999316388) | spawning Semillas de bamboo (200g) (pop_bamboo_s)
29.01.2020 04:48:02: 2h 53min | Héctor "Lil Loco" Arturo(76561197999316388) | spawning Semillas de bamboo (200g) (pop_bamboo_s)
29.01.2020 04:48:02: 2h 53min | Héctor "Lil Loco" Arturo(76561197999316388) | spawning Semillas de algodon (200g) (pop_algodon_s)
29.01.2020 04:48:02: 2h 53min | Héctor "Lil Loco" Arturo(76561197999316388) | spawning Semillas de algodon (200g) (pop_algodon_s)
29.01.2020 04:48:44: 2h 54min | Héctor "Lil Loco" Arturo(76561197999316388) | spawning Fardo de Heroina (1Kg) (pop_heroina_f)
29.01.2020 04:48:45: 2h 54min | Héctor "Lil Loco" Arturo(76561197999316388) | spawning Fardo de Heroina (1Kg) (pop_heroina_f)
29.01.2020 04:48:45: 2h 54min | Héctor "Lil Loco" Arturo(76561197999316388) | spawning Fardo de Cocaina (1Kg) (pop_cocaina_f)
29.01.2020 04:48:46: 2h 54min | Héctor "Lil Loco" Arturo(76561197999316388) | spawning Fardo de Cocaina (1Kg) (pop_cocaina_f)
29.01.2020 04:49:00: 2h 54min | Boyevik Butch-Mac Volkev(76561198089960350) | HealRepairNear
29.01.2020 04:49:15: 2h 54min | Héctor "Lil Loco" Arturo(76561197999316388) | spawning Fardo de metanfetamina (pop_metanfetamina_f)
29.01.2020 04:49:15: 2h 54min | Héctor "Lil Loco" Arturo(76561197999316388) | spawning Fardo de metanfetamina (pop_metanfetamina_f)
29.01.2020 04:49:15: 2h 54min | Héctor "Lil Loco" Arturo(76561197999316388) | spawning Fardo de metanfetamina (pop_metanfetamina_f)
29.01.2020 04:49:16: 2h 54min | Héctor "Lil Loco" Arturo(76561197999316388) | spawning Fardo de metanfetamina (pop_metanfetamina_f)
29.01.2020 04:49:16: 2h 54min | Héctor "Lil Loco" Arturo(76561197999316388) | spawning Fardo de metanfetamina (pop_metanfetamina_f)
29.01.2020 04:49:16: 2h 54min | Héctor "Lil Loco" Arturo(76561197999316388) | spawning Fardo de metanfetamina (pop_metanfetamina_f)
29.01.2020 04:49:17: 2h 54min | Héctor "Lil Loco" Arturo(76561197999316388) | spawning Metanfetamina (200g) (pop_meta_b)
29.01.2020 04:49:17: 2h 54min | Héctor "Lil Loco" Arturo(76561197999316388) | spawning Metanfetamina (200g) (pop_meta_b)
29.01.2020 04:49:18: 2h 54min | Héctor "Lil Loco" Arturo(76561197999316388) | spawning Metanfetamina (200g) (pop_meta_b)
29.01.2020 04:49:18: 2h 54min | Héctor "Lil Loco" Arturo(76561197999316388) | spawning Metanfetamina (200g) (pop_meta_b)
29.01.2020 04:49:18: 2h 54min | Héctor "Lil Loco" Arturo(76561197999316388) | spawning Metanfetamina (200g) (pop_meta_b)
29.01.2020 04:49:18: 2h 54min | Héctor "Lil Loco" Arturo(76561197999316388) | spawning Metanfetamina (200g) (pop_meta_b)
29.01.2020 04:49:19: 2h 54min | Héctor "Lil Loco" Arturo(76561197999316388) | spawning Metanfetamina (200g) (pop_meta_b)
29.01.2020 04:49:19: 2h 54min | Héctor "Lil Loco" Arturo(76561197999316388) | spawning Metanfetamina (200g) (pop_meta_b)
29.01.2020 04:49:20: 2h 54min | Héctor "Lil Loco" Arturo(76561197999316388) | spawning Metadona (pop_metadona)
29.01.2020 04:49:20: 2h 54min | Héctor "Lil Loco" Arturo(76561197999316388) | spawning Metadona (pop_metadona)
29.01.2020 04:49:20: 2h 54min | Héctor "Lil Loco" Arturo(76561197999316388) | spawning Metadona (pop_metadona)
29.01.2020 04:49:21: 2h 54min | Héctor "Lil Loco" Arturo(76561197999316388) | spawning Metadona (pop_metadona)
29.01.2020 04:49:21: 2h 54min | Héctor "Lil Loco" Arturo(76561197999316388) | spawning Metadona (pop_metadona)
29.01.2020 04:50:06: 2h 55min | Héctor "Lil Loco" Arturo(76561197999316388) | spawning Metanfetamina (200g) (pop_meta_b)
29.01.2020 04:50:06: 2h 55min | Héctor "Lil Loco" Arturo(76561197999316388) | spawning Metanfetamina (200g) (pop_meta_b)
29.01.2020 04:50:06: 2h 55min | Héctor "Lil Loco" Arturo(76561197999316388) | spawning Metanfetamina (200g) (pop_meta_b)
29.01.2020 04:50:07: 2h 55min | Héctor "Lil Loco" Arturo(76561197999316388) | spawning Metanfetamina (200g) (pop_meta_b)
29.01.2020 04:50:07: 2h 55min | Héctor "Lil Loco" Arturo(76561197999316388) | spawning Metanfetamina (200g) (pop_meta_b)
29.01.2020 04:50:07: 2h 55min | Héctor "Lil Loco" Arturo(76561197999316388) | spawning Metanfetamina (200g) (pop_meta_b)
29.01.2020 04:50:07: 2h 55min | Héctor "Lil Loco" Arturo(76561197999316388) | spawning Metanfetamina (200g) (pop_meta_b)
29.01.2020 04:50:08: 2h 55min | Héctor "Lil Loco" Arturo(76561197999316388) | spawning Metanfetamina (200g) (pop_meta_b)
29.01.2020 04:50:08: 2h 55min | Héctor "Lil Loco" Arturo(76561197999316388) | spawning Metanfetamina (200g) (pop_meta_b)
29.01.2020 04:50:08: 2h 55min | Héctor "Lil Loco" Arturo(76561197999316388) | spawning Metanfetamina (200g) (pop_meta_b)
29.01.2020 04:50:09: 2h 55min | Héctor "Lil Loco" Arturo(76561197999316388) | spawning Metanfetamina (200g) (pop_meta_b)
29.01.2020 04:50:09: 2h 55min | Héctor "Lil Loco" Arturo(76561197999316388) | spawning Metanfetamina (200g) (pop_meta_b)
29.01.2020 04:50:09: 2h 55min | Héctor "Lil Loco" Arturo(76561197999316388) | spawning Metanfetamina (200g) (pop_meta_b)
29.01.2020 04:50:10: 2h 55min | Héctor "Lil Loco" Arturo(76561197999316388) | spawning Metanfetamina (200g) (pop_meta_b)
29.01.2020 04:50:10: 2h 55min | Héctor "Lil Loco" Arturo(76561197999316388) | spawning Metanfetamina (200g) (pop_meta_b)
29.01.2020 04:50:10: 2h 55min | Héctor "Lil Loco" Arturo(76561197999316388) | spawning Metanfetamina (200g) (pop_meta_b)
29.01.2020 04:50:10: 2h 55min | Héctor "Lil Loco" Arturo(76561197999316388) | spawning Metanfetamina (200g) (pop_meta_b)
29.01.2020 04:50:11: 2h 55min | Héctor "Lil Loco" Arturo(76561197999316388) | spawning Metanfetamina (200g) (pop_meta_b)
29.01.2020 04:50:11: 2h 55min | Héctor "Lil Loco" Arturo(76561197999316388) | spawning Metanfetamina (200g) (pop_meta_b)
29.01.2020 04:50:11: 2h 55min | Héctor "Lil Loco" Arturo(76561197999316388) | spawning Metanfetamina (200g) (pop_meta_b)
29.01.2020 04:50:12: 2h 55min | Héctor "Lil Loco" Arturo(76561197999316388) | spawning Metanfetamina (200g) (pop_meta_b)
29.01.2020 04:50:12: 2h 55min | Héctor "Lil Loco" Arturo(76561197999316388) | spawning Metanfetamina (200g) (pop_meta_b)
29.01.2020 04:53:02: 2h 58min | [1k-40] Jose Santana(76561198206026112) | SPECTATE - switchedCamera on Warren Blades(76561198281290777) - d3s_charger_15_CPP
29.01.2020 04:53:05: 2h 58min | [1k-40] Jose Santana(76561198206026112) | SPECTATE - switchedCamera on Wyclef(76561198038112694) - d3s_zil_130_06
29.01.2020 04:53:07: 2h 58min | [1k-40] Jose Santana(76561198206026112) | SPECTATE - switchedCamera on Zander Marino(76561198180893505) - d3s_g500_18_EMS
29.01.2020 04:53:09: 2h 58min | [1k-40] Jose Santana(76561198206026112) | SPECTATE - switchedCamera on Rick Cheney(76561198860031547) - d3s_camry_18_UNM
29.01.2020 04:53:10: 2h 58min | [1k-40] Jose Santana(76561198206026112) | SPECTATE - switchedCamera on Kermit(76561198043298972) - B_RangeMaster_F
29.01.2020 04:53:13: 2h 58min | [1k-40] Jose Santana(76561198206026112) | SPECTATE - switchedCamera on Javier Escuella(76561198370210333) - d3s_cherokee_18_JPPV
29.01.2020 04:54:27: 2h 60min | Héctor "Lil Loco" Arturo(76561197999316388) | spawning Metanfetamina (200g) (pop_meta_b)
29.01.2020 04:54:27: 2h 60min | Héctor "Lil Loco" Arturo(76561197999316388) | spawning Metanfetamina (200g) (pop_meta_b)
29.01.2020 04:54:28: 2h 60min | Héctor "Lil Loco" Arturo(76561197999316388) | spawning Metanfetamina (200g) (pop_meta_b)
29.01.2020 04:54:28: 2h 60min | Héctor "Lil Loco" Arturo(76561197999316388) | spawning Metanfetamina (200g) (pop_meta_b)
29.01.2020 04:54:28: 2h 60min | Héctor "Lil Loco" Arturo(76561197999316388) | spawning Metanfetamina (200g) (pop_meta_b)
29.01.2020 04:54:28: 2h 60min | Héctor "Lil Loco" Arturo(76561197999316388) | spawning Metanfetamina (200g) (pop_meta_b)
29.01.2020 04:54:29: 2h 60min | Héctor "Lil Loco" Arturo(76561197999316388) | spawning Metanfetamina (200g) (pop_meta_b)
29.01.2020 04:54:29: 2h 60min | Héctor "Lil Loco" Arturo(76561197999316388) | spawning Metanfetamina (200g) (pop_meta_b)
29.01.2020 04:54:29: 2h 60min | Héctor "Lil Loco" Arturo(76561197999316388) | spawning Metanfetamina (200g) (pop_meta_b)
29.01.2020 04:54:29: 2h 60min | Héctor "Lil Loco" Arturo(76561197999316388) | spawning Metanfetamina (200g) (pop_meta_b)
29.01.2020 04:58:37: 3h 4min | Boyevik Butch-Mac Volkev(76561198089960350) | HealRepairNear
29.01.2020 05:04:03: 3h 9min | Héctor "Lil Loco" Arturo(76561197999316388) | Vehicle Marker - 1
29.01.2020 05:04:24: 3h 10min | Héctor "Lil Loco" Arturo(76561197999316388) | spawning Sofa biplaza POPLife (pop_sofa)
29.01.2020 05:04:54: 3h 10min | Héctor "Lil Loco" Arturo(76561197999316388) | spawning Sofa biplaza POPLife (pop_sofa)
29.01.2020 05:05:38: 3h 11min | Héctor "Lil Loco" Arturo(76561197999316388) | spawning hamaca2 (hamaca2_civ)
29.01.2020 05:05:41: 3h 11min | Héctor "Lil Loco" Arturo(76561197999316388) | spawning hamaca (amaca_civ)
29.01.2020 05:05:44: 3h 11min | Héctor "Lil Loco" Arturo(76561197999316388) | Deleting hamaca2_civ @046995..
29.01.2020 05:05:54: 3h 11min | Héctor "Lil Loco" Arturo(76561197999316388) | Deleting amaca_civ @046995..
29.01.2020 05:06:06: 3h 11min | Héctor "Lil Loco" Arturo(76561197999316388) | spawning hamaca (amaca_civ)
29.01.2020 05:06:13: 3h 11min | Héctor "Lil Loco" Arturo(76561197999316388) | Deleting pop_sofa @046995..
29.01.2020 05:06:30: 3h 12min | Héctor "Lil Loco" Arturo(76561197999316388) | spawning hamaca2 (hamaca2_civ)
29.01.2020 05:06:36: 3h 12min | Héctor "Lil Loco" Arturo(76561197999316388) | Deleting hamaca2_civ @046995..
29.01.2020 05:06:43: 3h 12min | Héctor "Lil Loco" Arturo(76561197999316388) | spawning hamaca (amaca_civ)
29.01.2020 05:06:48: 3h 12min | Héctor "Lil Loco" Arturo(76561197999316388) | Deleting amaca_civ @046995..
29.01.2020 05:06:55: 3h 12min | Héctor "Lil Loco" Arturo(76561197999316388) | spawning hamaca (amaca_civ)
29.01.2020 05:06:58: 3h 12min | Héctor "Lil Loco" Arturo(76561197999316388) | Deleting amaca_civ @046995..
29.01.2020 05:07:08: 3h 12min | Héctor "Lil Loco" Arturo(76561197999316388) | spawning hamaca (amaca_civ)
29.01.2020 05:09:31: 3h 15min | Héctor "Lil Loco" Arturo(76561197999316388) | Deleting GroundWeaponHolder @046995..
29.01.2020 05:20:59: 3h 26min | Héctor "Lil Loco" Arturo(76561197999316388) | spawning Tractor (C_Tractor_01_F)
29.01.2020 05:21:05: 3h 26min | Héctor "Lil Loco" Arturo(76561197999316388) | locked - [C_Tractor_01_F]
29.01.2020 05:21:06: 3h 26min | Héctor "Lil Loco" Arturo(76561197999316388) | unlocked - [C_Tractor_01_F]
29.01.2020 05:22:24: 3h 28min | Héctor "Lil Loco" Arturo(76561197999316388) | unlocked - [d3s_zil_130_06]
29.01.2020 05:27:52: 0h 3min | Boyevik Butch-Mac Volkev(76561198089960350) | Teleport to [4675.5,2609.58,0](GPS: 046995)
29.01.2020 05:34:30: 0h 10min | Boyevik Butch-Mac Volkev(76561198089960350) | infiSTAR MapIcons - 1
29.01.2020 05:37:16: 0h 12min | Boyevik Butch-Mac Volkev(76561198089960350) | SPECTATE - switchedCamera on Kermit(76561198043298972) - B_RangeMaster_F
29.01.2020 05:37:35: 0h 13min | Boyevik Butch-Mac Volkev(76561198089960350) | Stealth / Invisible - 1
29.01.2020 05:37:43: 0h 13min | Boyevik Butch-Mac Volkev(76561198089960350) | Teleport to [3871.31,3260.37,0](GPS: 038001)
29.01.2020 05:37:49: 0h 13min | Héctor "Lil Loco" Arturo(76561197999316388) | infiSTAR MapIcons - 1
29.01.2020 05:37:52: 0h 13min | Héctor "Lil Loco" Arturo(76561197999316388) | Teleport to [4672.95,2615.06,0](GPS: 046995)
29.01.2020 05:38:04: 0h 13min | Boyevik Butch-Mac Volkev(76561198089960350) | Teleport to [3890.43,3256.87,0](GPS: 038001)
29.01.2020 05:38:11: 0h 13min | Boyevik Butch-Mac Volkev(76561198089960350) | Teleport to [3864.18,3254.67,0](GPS: 038001)
29.01.2020 05:38:25: 0h 14min | Héctor "Lil Loco" Arturo(76561197999316388) | Teleport to [3654.36,3240.55,0](GPS: 036001)
29.01.2020 05:38:30: 0h 14min | Héctor "Lil Loco" Arturo(76561197999316388) | Teleport - Target To Me - Wyclef [CIV](76561198038112694)
29.01.2020 05:38:56: 0h 14min | Boyevik Butch-Mac Volkev(76561198089960350) | Teleport to [4670.01,2608.57,0](GPS: 046995)
29.01.2020 05:39:04: 0h 14min | Héctor "Lil Loco" Arturo(76561197999316388) | HealRepairNear
29.01.2020 05:39:05: 0h 14min | Boyevik Butch-Mac Volkev(76561198089960350) | Teleport to [5440.77,3044.9,0](GPS: 054999)
29.01.2020 05:39:09: 0h 14min | Boyevik Butch-Mac Volkev(76561198089960350) | Stealth / Invisible - 0
29.01.2020 05:39:32: 0h 15min | Héctor "Lil Loco" Arturo(76561197999316388) | Teleport to [3657.56,3242.02,0](GPS: 036001)
29.01.2020 05:39:47: 0h 15min | Boyevik Butch-Mac Volkev(76561198089960350) | Teleport to [3664.39,3241.62,0](GPS: 036001)
29.01.2020 05:43:07: 0h 18min | Héctor "Lil Loco" Arturo(76561197999316388) | spawning Jeep Trailcat '17 (d3s_trailcat_17)
29.01.2020 05:43:12: 0h 18min | Héctor "Lil Loco" Arturo(76561197999316388) | Deleting d3s_trailcat_17 @046995..
29.01.2020 05:43:21: 0h 19min | Héctor "Lil Loco" Arturo(76561197999316388) | spawning Jeep Trailcat Sahara'17 (d3s_trailcat_17_sahara)
29.01.2020 05:43:22: 0h 19min | Héctor "Lil Loco" Arturo(76561197999316388) | spawning Jeep Trailcat ''Mountain'' 17 (d3s_trailcat_17_M)
29.01.2020 05:43:26: 0h 19min | Héctor "Lil Loco" Arturo(76561197999316388) | Deleting d3s_trailcat_17_sahara @046995..
29.01.2020 05:43:27: 0h 19min | Héctor "Lil Loco" Arturo(76561197999316388) | Deleting d3s_trailcat_17_M @046995..
29.01.2020 05:43:38: 0h 19min | Héctor "Lil Loco" Arturo(76561197999316388) | spawning Offroad (C_Offroad_01_F)
29.01.2020 05:43:41: 0h 19min | Héctor "Lil Loco" Arturo(76561197999316388) | spawning Offroad (Stripped-down) (C_Offroad_stripped_F)
29.01.2020 05:43:52: 0h 19min | Héctor "Lil Loco" Arturo(76561197999316388) | spawning Offroad (Covered) (I_E_Offroad_01_covered_F)
29.01.2020 05:43:57: 0h 19min | Héctor "Lil Loco" Arturo(76561197999316388) | Deleting I_E_Offroad_01_covered_F @046995..
29.01.2020 05:44:03: 0h 19min | Héctor "Lil Loco" Arturo(76561197999316388) | Deleting C_Offroad_stripped_F @046995..
29.01.2020 05:45:29: 0h 21min | Héctor "Lil Loco" Arturo(76561197999316388) | spawning 5.56 mm 30rnd Reload Tracer (Yellow) Mag (30Rnd_556x45_Stanag)
29.01.2020 05:45:45: 0h 21min | Héctor "Lil Loco" Arturo(76561197999316388) | Deleting WeaponHolderSimulated @046995..
29.01.2020 05:53:52: 0h 29min | Héctor "Lil Loco" Arturo(76561197999316388) | Deleting GroundWeaponHolder @046995..
29.01.2020 05:55:19: 0h 31min | Héctor "Lil Loco" Arturo(76561197999316388) | spawning Quad Bike (C_Quadbike_01_F)
29.01.2020 05:56:00: 0h 31min | Boyevik Butch-Mac Volkev(76561198089960350) | Teleport to [5444.05,3034.99,0](GPS: 054999)
29.01.2020 05:56:25: 0h 32min | Boyevik Butch-Mac Volkev(76561198089960350) | Teleport to [4679.05,2603.24,0](GPS: 046995)
29.01.2020 05:56:31: 0h 32min | Boyevik Butch-Mac Volkev(76561198089960350) | Teleport - Target To Me - Wyclef [CIV](76561198038112694)
29.01.2020 06:06:29: 0h 42min | Nino Marino(76561198206026112) | SPECTATE - switchedCamera on Boyevik Butch-Mac Volkev(76561198089960350) - C_man_1
29.01.2020 06:06:37: 0h 42min | Nino Marino(76561198206026112) | SPECTATE - switchedCamera on Héctor "Lil Loco" Arturo(76561197999316388) - C_man_1
29.01.2020 06:06:40: 0h 42min | Nino Marino(76561198206026112) | SPECTATE - switchedCamera on Kermit(76561198043298972) - B_RangeMaster_F
29.01.2020 06:06:41: 0h 42min | Nino Marino(76561198206026112) | SPECTATE - switchedCamera on AL "BIG AL" GAMBINO(76561198361509989) - C_man_1
29.01.2020 06:06:45: 0h 42min | Nino Marino(76561198206026112) | SPECTATE - switchedCamera on Nino Marino(76561198206026112) - d3s_QX60_16_S
29.01.2020 06:06:46: 0h 42min | Nino Marino(76561198206026112) | SPECTATE - switchedCamera on Rick Cheney(76561198860031547) - B_RangeMaster_F
29.01.2020 06:06:51: 0h 42min | Nino Marino(76561198206026112) | SPECTATE - switchedCamera on Robert Kennedy(76561198083728776) - B_RangeMaster_F
29.01.2020 06:07:00: 0h 42min | Nino Marino(76561198206026112) | SPECTATE - switchedCamera on Warren Blades(76561198281290777) - B_RangeMaster_F
29.01.2020 06:07:01: 0h 42min | Nino Marino(76561198206026112) | SPECTATE - switchedCamera on Wyclef(76561198038112694) - C_man_1
29.01.2020 06:07:05: 0h 42min | Nino Marino(76561198206026112) | SPECTATE - switchedCamera on Zander Marino(76561198180893505) - B_RangeMaster_F
29.01.2020 06:07:07: 0h 42min | Nino Marino(76561198206026112) | SPECTATE - switchedCamera on Wyclef(76561198038112694) - C_man_1
29.01.2020 06:07:12: 0h 42min | Nino Marino(76561198206026112) | SPECTATE - switchedCamera on Boyevik Butch-Mac Volkev(76561198089960350) - C_man_1
29.01.2020 06:08:43: 0h 44min | Nino Marino(76561198206026112) | SPECTATE - switchedCamera on Rick Cheney(76561198860031547) - B_RangeMaster_F
29.01.2020 06:08:46: 0h 44min | Nino Marino(76561198206026112) | SPECTATE - switchedCamera on Robert Kennedy(76561198083728776) - B_RangeMaster_F
29.01.2020 06:08:54: 0h 44min | Boyevik Butch-Mac Volkev(76561198089960350) | Revive - cop_4(76561198043298972)
29.01.2020 06:16:14: 0h 51min | Nino Marino(76561198206026112) | SPECTATE - switchedCamera on Zander Marino(76561198180893505) - B_RangeMaster_F
29.01.2020 06:16:19: 0h 52min | Nino Marino(76561198206026112) | SPECTATE - switchedCamera on Robert Kennedy(76561198083728776) - B_RangeMaster_F
29.01.2020 06:16:38: 0h 52min | Nino Marino(76561198206026112) | SPECTATE - switchedCamera on Robert Kennedy(76561198083728776) - B_RangeMaster_F
29.01.2020 06:16:39: 0h 52min | Nino Marino(76561198206026112) | SPECTATE - switchedCamera on Rick Cheney(76561198860031547) - B_RangeMaster_F
29.01.2020 06:16:43: 0h 52min | Nino Marino(76561198206026112) | SPECTATE - switchedCamera on AL "BIG AL" GAMBINO(76561198361509989) - V12_HARLEYKNUCKLEHEAD_noir
29.01.2020 06:16:44: 0h 52min | Nino Marino(76561198206026112) | SPECTATE - switchedCamera on Boyevik Butch-Mac Volkev(76561198089960350) - C_man_1
29.01.2020 06:16:45: 0h 52min | Nino Marino(76561198206026112) | SPECTATE - switchedCamera on Héctor "Lil Loco" Arturo(76561197999316388) - C_man_1
29.01.2020 06:16:47: 0h 52min | Nino Marino(76561198206026112) | SPECTATE - switchedCamera on Boyevik Butch-Mac Volkev(76561198089960350) - C_man_1
29.01.2020 06:16:48: 0h 52min | Nino Marino(76561198206026112) | SPECTATE - switchedCamera on Kermit(76561198043298972) - d3s_tiger_233034
29.01.2020 06:17:04: 0h 52min | Nino Marino(76561198206026112) | SPECTATE - switchedCamera on Rick Cheney(76561198860031547) - B_RangeMaster_F
29.01.2020 06:17:05: 0h 52min | Nino Marino(76561198206026112) | SPECTATE - switchedCamera on Robert Kennedy(76561198083728776) - d3s_tiger_233034
29.01.2020 06:17:15: 0h 52min | Nino Marino(76561198206026112) | SPECTATE - switchedCamera on Warren Blades(76561198281290777) - d3s_tiger_233034
29.01.2020 06:17:16: 0h 52min | Nino Marino(76561198206026112) | SPECTATE - switchedCamera on Wyclef(76561198038112694) - C_man_1
29.01.2020 06:17:17: 0h 53min | Nino Marino(76561198206026112) | SPECTATE - switchedCamera on Zander Marino(76561198180893505) - B_RangeMaster_F
29.01.2020 06:17:35: 0h 53min | Nino Marino(76561198206026112) | God Mode - 1
29.01.2020 06:22:11: 0h 57min | Héctor "Lil Loco" Arturo(76561197999316388) | Eject - Héctor "Lil Loco" Arturo [CIV](76561197999316388)
29.01.2020 06:23:29: 0h 59min | Héctor "Lil Loco" Arturo(76561197999316388) | Eject - Boyevik Butch-Mac Volkev [CIV](76561198089960350)
29.01.2020 06:23:30: 0h 59min | Héctor "Lil Loco" Arturo(76561197999316388) | Eject - Boyevik Butch-Mac Volkev [CIV](76561198089960350)
29.01.2020 06:25:14: 1h 0min | Héctor "Lil Loco" Arturo(76561197999316388) | Deleting C_Offroad_01_F @046995..
29.01.2020 06:25:16: 1h 0min | Héctor "Lil Loco" Arturo(76561197999316388) | Deleting C_Quadbike_01_F @046995..
29.01.2020 06:25:27: 1h 1min | Héctor "Lil Loco" Arturo(76561197999316388) | Deleting d3s_zil_130_06 @046995..
29.01.2020 06:34:31: 1h 10min | Héctor "Lil Loco" Arturo(76561197999316388) | HealRepairNear
29.01.2020 06:34:58: 1h 10min | Héctor "Lil Loco" Arturo(76561197999316388) | HealRepairNear
29.01.2020 06:37:01: 1h 12min | Héctor "Lil Loco" Arturo(76561197999316388) | HealRepairNear
29.01.2020 06:39:13: 1h 14min | Boyevik Butch-Mac Volkev(76561198089960350) | HealRepairNear
29.01.2020 06:41:34: 1h 17min | Boyevik Butch-Mac Volkev(76561198089960350) | Teleport to [3912.64,3635.18,0](GPS: 039005)
29.01.2020 06:41:47: 1h 17min | Nino Marino(76561198206026112) | God Mode - 0
29.01.2020 06:46:57: 1h 22min | Nino Marino(76561198206026112) | Added 2 cocaine_processeds to Nino Marino!
29.01.2020 06:51:56: 1h 27min | Nino Marino(76561198206026112) | Added 20 cocaine_processeds to Nino Marino!
29.01.2020 06:56:47: 1h 32min | Boyevik Butch-Mac Volkev(76561198089960350) | HealRepairNear
29.01.2020 07:08:07: 1h 43min | Boyevik Butch-Mac Volkev(76561198089960350) | Teleport to [3599.12,3364.23,0](GPS: 035002)
29.01.2020 07:13:34: 1h 49min | Boyevik Butch-Mac Volkev(76561198089960350) | Teleport - Target To Me - Wyclef [CIV](76561198038112694)
29.01.2020 07:29:30: 2h 5min | Nino Marino(76561198206026112) | SPECTATE - switchedCamera on Kermit(76561198043298972) - d3s_crown_98_PD
29.01.2020 07:29:34: 2h 5min | Nino Marino(76561198206026112) | SPECTATE - switchedCamera on Rick Cheney(76561198860031547) - d3s_charger_15_CPP
29.01.2020 07:29:40: 2h 5min | Nino Marino(76561198206026112) | SPECTATE - switchedCamera on Robert Kennedy(76561198083728776) - d3s_charger_15_CPP
29.01.2020 07:29:42: 2h 5min | Nino Marino(76561198206026112) | SPECTATE - switchedCamera on Robert Kennedy(76561198083728776) - d3s_charger_15_CPP
29.01.2020 07:29:43: 2h 5min | Nino Marino(76561198206026112) | SPECTATE - switchedCamera on Warren Blades(76561198281290777) - d3s_crown_98_PD
29.01.2020 07:29:46: 2h 5min | Nino Marino(76561198206026112) | SPECTATE - switchedCamera on Zander Marino(76561198180893505) - d3s_g500_18_EMS
29.01.2020 07:29:51: 2h 5min | Nino Marino(76561198206026112) | SPECTATE - switchedCamera on AL "BIG AL" GAMBINO(76561198361509989) - C_man_1
29.01.2020 08:00:07: 2h 35min | Nino Marino(76561198206026112) | Teleport to [3385.65,4143.4,0](GPS: 033010)
29.01.2020 08:00:24: 2h 36min | Nino Marino(76561198206026112) | Teleport to [1896.99,3971.74,0](GPS: 018008)
29.01.2020 08:01:49: 2h 37min | Nino Marino(76561198206026112) | Revive - cop_3(76561198860031547)
29.01.2020 08:17:12: 2h 52min | Nino Marino(76561198206026112) | Revive - cop_3(76561198860031547)
29.01.2020 08:18:02: 2h 53min | Nino Marino(76561198206026112) | Move In My Vehicle - Rick Cheney [WEST](76561198860031547)
29.01.2020 08:24:51: 3h 0min | Nino Marino(76561198206026112) | spawning Hit (Max_Hit_light)
29.01.2020 08:24:51: 3h 0min | Nino Marino(76561198206026112) | spawning Hit (Max_Hit_light)
29.01.2020 08:25:13: 3h 0min | Nino Marino(76561198206026112) | spawning Knife (max_Knife)
29.01.2020 08:25:14: 3h 0min | Nino Marino(76561198206026112) | spawning Knife (max_Knife)
29.01.2020 08:25:14: 3h 0min | Nino Marino(76561198206026112) | spawning Knife (max_Knife)
29.01.2020 08:25:15: 3h 0min | Nino Marino(76561198206026112) | spawning Survivor Knife (Max_survivor_knife)
29.01.2020 08:25:16: 3h 0min | Nino Marino(76561198206026112) | spawning Survivor Knife (Max_survivor_knife)
29.01.2020 08:27:47: 3h 3min | Nino Marino(76561198206026112) | Added 10 zipties to Eriden Parker!
29.01.2020 08:27:52: 3h 3min | Nino Marino(76561198206026112) | Added 10 zipties to Zander Marino!
29.01.2020 08:29:14: 3h 4min | Nino Marino(76561198206026112) | Added 10 zipties to Nino Marino!
29.01.2020 08:29:57: 3h 5min | Nino Marino(76561198206026112) | Deleting WeaponHolderSimulated @035999..
29.01.2020 23:35:11: 0h 25min | Nino Marino(76561198206026112) | Teleport to [5555.16,4351.47,0](GPS: 055012)
29.01.2020 23:41:09: 0h 31min | Nino Marino(76561198206026112) | Teleport to [3399.9,4218.44,0](GPS: 033011)
