30.01.2020 00:16:10: 1h 6min | Disconnected: Kermit(76561198043298972 - 7) - time: 3879.65 - serverFPS: 46.9208
30.01.2020 00:20:28: 1h 10min | Connected: Wyclef(76561198038112694 - 18) - time: 4138.24 - serverFPS: 46.7836
30.01.2020 00:21:56: 1h 11min | Disconnected: Wyclef(76561198038112694 - 18) - time: 4225.9 - serverFPS: 46.6472
30.01.2020 00:23:46: 1h 13min | Disconnected: Eriden Parker(76561198054085448 - 10) - time: 4336.16 - serverFPS: 45.3258
30.01.2020 00:24:12: 1h 14min | Connected: Eriden Parker(76561198054085448 - 10) - time: 4361.54 - serverFPS: 45.4545
30.01.2020 00:24:53: 1h 14min | Connected: Wyclef(76561198038112694 - 20) - time: 4402.24 - serverFPS: 45.7143
30.01.2020 00:35:45: 1h 25min | Disconnected: Eriden Parker(76561198054085448 - 10) - time: 5054.38 - serverFPS: 45.3258
30.01.2020 00:36:01: 1h 26min | Connected: Eriden Parker(76561198054085448 - 10) - time: 5070.45 - serverFPS: 45.4545
30.01.2020 00:43:06: 1h 33min | Connected: Zander Marino(76561198180893505 - 21) - time: 5494.65 - serverFPS: 45.4545
30.01.2020 00:52:21: 1h 42min | Disconnected: Zander Marino(76561198180893505 - 21) - time: 6049.59 - serverFPS: 45.1977
30.01.2020 00:54:22: 1h 44min | Connected: John Anderson(76561198180893505 - 23) - time: 6170.04 - serverFPS: 45.4545
30.01.2020 00:55:22: 1h 45min | Disconnected: Thomas Woods(76561198174871239 - 4) - time: 6230.55 - serverFPS: 46.5116
30.01.2020 00:59:32: 1h 49min | Connected: AL "BIG AL" GAMBINO(76561198361509989 - 24) - time: 6480.05 - serverFPS: 45.584
30.01.2020 01:01:59: 1h 52min | Connected: Harold Reginald(76561198355765034 - 26) - time: 6627.1 - serverFPS: 45.7143
30.01.2020 01:13:52: 2h 3min | Disconnected: Harold Reginald(76561198355765034 - 26) - time: 7340.23 - serverFPS: 46.1095
30.01.2020 01:17:34: 2h 7min | Connected: Harold Reginald(76561198355765034 - 32) - time: 7561.86 - serverFPS: 45.7143
30.01.2020 01:22:24: 2h 12min | Disconnected: Eriden Parker(76561198054085448 - 10) - time: 7851.92 - serverFPS: 45.584
30.01.2020 01:22:51: 2h 12min | Connected: Eriden Parker(76561198054085448 - 10) - time: 7878.41 - serverFPS: 46.9208
30.01.2020 01:23:07: 2h 13min | Disconnected: Eriden Parker(76561198054085448 - 10) - time: 7894.6 - serverFPS: 45.7143
30.01.2020 01:24:35: 2h 14min | Connected: Eriden Parker(76561198054085448 - 10) - time: 7982.33 - serverFPS: 45.7143
30.01.2020 01:25:58: 2h 16min | Disconnected: Eriden Parker(76561198054085448 - 10) - time: 8064.65 - serverFPS: 45.7143
30.01.2020 01:26:08: 2h 16min | Connected: Eriden Parker(76561198054085448 - 10) - time: 8075.02 - serverFPS: 45.1977
30.01.2020 01:26:32: 2h 16min | Connected: Boyevik Butch-Mac Volkev(76561198089960350 - 33) - time: 8098.31 - serverFPS: 45.7143
30.01.2020 01:36:49: 2h 26min | Connected: Javier Escuella(76561198370210333 - 35) - time: 8715.55 - serverFPS: 46.7836
30.01.2020 01:36:56: 2h 26min | Connected: [1K-33] R. Tjay(76561198883479728 - 37) - time: 8721.86 - serverFPS: 45.7143
30.01.2020 01:38:02: 2h 28min | Disconnected: Harold Reginald(76561198355765034 - 32) - time: 8788.38 - serverFPS: 45.8453
30.01.2020 01:43:55: 2h 33min | Disconnected: Javier Escuella(76561198370210333 - 35) - time: 9141.12 - serverFPS: 45.7143
30.01.2020 01:44:34: 2h 34min | Disconnected: Nino Marino(76561198206026112 - 11) - time: 9179.7 - serverFPS: 45.584
30.01.2020 01:45:27: 2h 35min | Connected: [1k-40] Jose Santana(76561198206026112 - 38) - time: 9232.66 - serverFPS: 46.3768
30.01.2020 01:50:48: 2h 40min | Connected: Héctor "Lil Loco" Arturo(76561197999316388 - 34) - time: 9553.78 - serverFPS: 45.4545
30.01.2020 02:00:18: 2h 50min | Connected: Eddie Spaghetti(76561198046997779 - 39) - time: 10123.2 - serverFPS: 46.1095
30.01.2020 02:02:15: 2h 52min | Connected: Davey Jones(76561198166473448 - 40) - time: 10240 - serverFPS: 45.4545
30.01.2020 02:03:36: 2h 53min | Connected: Javier Escuella(76561198370210333 - 41) - time: 10320.5 - serverFPS: 45.584
30.01.2020 02:06:57: 2h 57min | Disconnected: AL "BIG AL" GAMBINO(76561198361509989 - 24) - time: 10521.1 - serverFPS: 45.4545
30.01.2020 02:32:13: 3h 22min | Disconnected: [1k-40] Jose Santana(76561198206026112 - 38) - time: 12037.3 - serverFPS: 47.0588
30.01.2020 02:33:55: 3h 23min | Connected: Jbo Marino[201](76561198206026112 - 42) - time: 12139.5 - serverFPS: 45.584
30.01.2020 02:36:25: 3h 26min | Connected: [1K-12] J Shepard(76561198043298972 - 44) - time: 12288.7 - serverFPS: 45.4545
30.01.2020 02:48:45: 3h 38min | Connected: Uriah Oxford(76561198027608434 - 45) - time: 13027.7 - serverFPS: 45.8453
30.01.2020 02:55:38: 3h 45min | Disconnected: John Anderson(76561198180893505 - 23) - time: 13440.6 - serverFPS: 45.7143
30.01.2020 02:58:15: 3h 48min | Connected: Stanley Thompson [1K-75](76561198180893505 - 46) - time: 13598.2 - serverFPS: 45.977
30.01.2020 03:30:19: 4h 20min | Connected: Matt Volz(76561198119525732 - 48) - time: 15520.4 - serverFPS: 45.3258
30.01.2020 03:30:57: 4h 21min | Disconnected: Matt Volz(76561198119525732 - 48) - time: 15558.4 - serverFPS: 46.3768
30.01.2020 03:32:32: 4h 22min | Disconnected: Héctor "Lil Loco" Arturo(76561197999316388 - 34) - time: 15652.9 - serverFPS: 46.7836
30.01.2020 03:37:12: 4h 27min | Connected: Héctor "Lil Loco" Arturo(76561197999316388 - 49) - time: 15932.6 - serverFPS: 45.3258
30.01.2020 03:37:52: 4h 27min | Disconnected: Héctor "Lil Loco" Arturo(76561197999316388 - 49) - time: 15972.8 - serverFPS: 46.1095
30.01.2020 03:38:33: 4h 28min | Connected: Carlos F. Diaz(76561197999316388 - 50) - time: 16013.4 - serverFPS: 44.6927
30.01.2020 03:41:48: 4h 31min | Disconnected: Uriah Oxford(76561198027608434 - 45) - time: 16207.6 - serverFPS: 45.3258
30.01.2020 03:48:18: 4h 38min | Disconnected: [1K-33] R. Tjay(76561198883479728 - 37) - time: 16597.3 - serverFPS: 42.4403
30.01.2020 04:25:11: 5h 15min | Disconnected: Eddie Spaghetti(76561198046997779 - 39) - time: 18810.8 - serverFPS: 45.8453
30.01.2020 05:32:24: 6h 22min | Connected: luke(76561198264871362 - 53) - time: 22842.9 - serverFPS: 45.7143
30.01.2020 06:06:50: 6h 56min | Disconnected: Carlos F. Diaz(76561197999316388 - 50) - time: 24908.8 - serverFPS: 45.584
30.01.2020 06:21:33: 7h 11min | Disconnected: Eriden Parker(76561198054085448 - 10) - time: 25791.7 - serverFPS: 46.6472
30.01.2020 06:25:26: 7h 15min | Connected: HoyoBani(76561198105940600 - 56) - time: 26024 - serverFPS: 46.1095
30.01.2020 06:27:29: 7h 17min | Disconnected: Jbo Marino[201](76561198206026112 - 42) - time: 26147.4 - serverFPS: 45.584
30.01.2020 06:53:56: 7h 43min | Connected: Nino Marino(76561198206026112 - 58) - time: 27733.8 - serverFPS: 45.8453
30.01.2020 06:58:11: 7h 48min | Disconnected: luke(76561198264871362 - 53) - time: 27988.3 - serverFPS: 45.7143
30.01.2020 06:58:37: 7h 48min | Connected: luke(76561198264871362 - 53) - time: 28015 - serverFPS: 46.2428
30.01.2020 07:07:06: 7h 57min | Connected: Warren Blades(76561198281290777 - 59) - time: 28523 - serverFPS: 30.9478
30.01.2020 07:22:34: 8h 12min | Connected: AL "BIG AL" GAMBINO(76561198361509989 - 61) - time: 29445 - serverFPS: 46.9208
30.01.2020 07:28:32: 8h 18min | Disconnected: luke(76561198264871362 - 53) - time: 29802.4 - serverFPS: 45.3258
30.01.2020 07:28:33: 8h 18min | Disconnected: Stanley Thompson [1K-75](76561198180893505 - 46) - time: 29804.2 - serverFPS: 45.584
30.01.2020 07:28:53: 8h 18min | Connected: luke(76561198264871362 - 53) - time: 29823.9 - serverFPS: 45.584
30.01.2020 07:31:10: 8h 21min | Connected: John Anderson(76561198180893505 - 62) - time: 29960.3 - serverFPS: 45.4545
30.01.2020 07:31:12: 8h 21min | Disconnected: Boyevik Butch-Mac Volkev(76561198089960350 - 33) - time: 29962.6 - serverFPS: 46.1095
30.01.2020 07:35:28: 8h 25min | Disconnected: HoyoBani(76561198105940600 - 56) - time: 30218.9 - serverFPS: 45.1977
30.01.2020 08:00:56: 8h 50min | Disconnected: AL "BIG AL" GAMBINO(76561198361509989 - 61) - time: 31745.7 - serverFPS: 46.9208
30.01.2020 08:38:01: 9h 28min | Disconnected: luke(76561198264871362 - 53) - time: 33963.7 - serverFPS: 45.4545
30.01.2020 08:42:08: 9h 32min | Disconnected: Davey Jones(76561198166473448 - 40) - time: 34209.5 - serverFPS: 45.3258
30.01.2020 08:42:35: 9h 32min | Disconnected: Wyclef(76561198038112694 - 20) - time: 34236.5 - serverFPS: 45.7143
30.01.2020 08:42:35: 9h 32min | Disconnected: [1K-12] J Shepard(76561198043298972 - 44) - time: 34236.7 - serverFPS: 45.977
30.01.2020 08:48:40: 9h 38min | Disconnected: Javier Escuella(76561198370210333 - 41) - time: 34602.5 - serverFPS: 45.4545
30.01.2020 09:30:15: 10h 20min | Disconnected: Nino Marino(76561198206026112 - 58) - time: 37096.4 - serverFPS: 47.4777
30.01.2020 09:36:03: 10h 26min | Disconnected: Warren Blades(76561198281290777 - 59) - time: 37444.6 - serverFPS: 45.7143
30.01.2020 10:10:52: 11h 0min | Disconnected: Rick Cheney(76561198860031547 - 9) - time: 39533 - serverFPS: 45.8453
30.01.2020 10:47:51: 11h 37min | Disconnected: John Anderson(76561198180893505 - 62) - time: 41752.8 - serverFPS: 46.1095
30.01.2020 16:29:19: infiSTAR_PlayerConnected_id: 1
30.01.2020 16:29:19: infiSTAR_PlayerDisconnected_id: 0
30.01.2020 18:17:22: 1h 49min | Connected: Eriden Parker(76561198054085448 - 4) - time: 6486 - serverFPS: 46.1095
30.01.2020 18:32:10: 2h 4min | Disconnected: Eriden Parker(76561198054085448 - 4) - time: 7372.27 - serverFPS: 46.2428
30.01.2020 18:40:20: 2h 12min | Connected: George Clean(76561198130285673 - 5) - time: 7862.41 - serverFPS: 45.977
30.01.2020 19:45:11: 3h 17min | Connected: deadrider41(76561198172486071 - 6) - time: 11753.1 - serverFPS: 45.584
30.01.2020 19:45:13: 3h 17min | Disconnected: deadrider41(76561198172486071 - 6) - time: 11755.2 - serverFPS: 45.8453
30.01.2020 19:45:33: 3h 17min | Connected: deadrider41(76561198172486071 - 6) - time: 11774.9 - serverFPS: 46.1095
30.01.2020 19:45:35: 3h 17min | Disconnected: deadrider41(76561198172486071 - 6) - time: 11776.7 - serverFPS: 45.4545
30.01.2020 19:51:38: 3h 23min | Connected: deadrider41(76561198172486071 - 7) - time: 12140 - serverFPS: 45.8453
30.01.2020 20:32:48: 4h 5min | Connected: Armed  | on my momma(76561198365314871 - 9) - time: 14609.7 - serverFPS: 46.3768
30.01.2020 20:32:48: 4h 5min | Disconnected: Armed  | on my momma(76561198365314871 - 9) - time: 14609.8 - serverFPS: 39.7022
30.01.2020 21:08:24: 4h 40min | Disconnected: George Clean(76561198130285673 - 5) - time: 16746.1 - serverFPS: 45.977
30.01.2020 21:08:56: 4h 41min | Disconnected: deadrider41(76561198172486071 - 7) - time: 16777.8 - serverFPS: 46.6472
30.01.2020 21:34:03: 5h 6min | Connected: Donnie Turbo(76561198041233395 - 10) - time: 18284.3 - serverFPS: 46.3768
30.01.2020 22:04:08: 5h 36min | Connected: Rogue Tjay(76561198883479728 - 12) - time: 20088.9 - serverFPS: 46.7836
30.01.2020 22:18:37: 5h 50min | Connected: Nino Marino(76561198206026112 - 13) - time: 20957.9 - serverFPS: 45.7143
30.01.2020 22:28:30: 6h 0min | Disconnected: Donnie Turbo(76561198041233395 - 10) - time: 21550.4 - serverFPS: 45.977
30.01.2020 22:31:08: 6h 3min | Connected: Donnie Turbo(76561198041233395 - 10) - time: 21708.1 - serverFPS: 46.3768
30.01.2020 22:41:51: 6h 14min | Disconnected: Rogue Tjay(76561198883479728 - 12) - time: 22350.6 - serverFPS: 45.8453
30.01.2020 22:42:26: 6h 14min | Connected: Rogue Tjay(76561198883479728 - 12) - time: 22385.7 - serverFPS: 45.8453
30.01.2020 22:45:38: 6h 17min | Connected: Alexander.Rios(76561198037915534 - 14) - time: 22577.7 - serverFPS: 45.584
30.01.2020 22:50:16: 6h 22min | Disconnected: Alexander.Rios(76561198037915534 - 14) - time: 22855.2 - serverFPS: 45.7143
30.01.2020 22:50:26: 6h 22min | Connected: Alexander.Rios(76561198037915534 - 14) - time: 22865.8 - serverFPS: 45.1977
30.01.2020 23:16:06: 6h 48min | Connected: Joe Montana(76561198368248470 - 16) - time: 24404.8 - serverFPS: 45.7143
30.01.2020 23:27:36: 6h 59min | Connected: Boyevik Butch-Mac Volkev(76561198089960350 - 17) - time: 25094.2 - serverFPS: 45.8453
30.01.2020 23:34:00: 7h 6min | Connected: [1K-12] J Shepard(76561198043298972 - 18) - time: 25477.9 - serverFPS: 45.584
