09.02.2020 22:33:42: <infiSTAR.de> _fnc_RandomGen: {
_fnc_actualGen = {
_abc = ['z','y','x','w','v','u','t','s','r','q','p','o','n','m','l','k','j','i','h','g','f','e','d','c','b','a'];
_gen = _abc select (random ((count _abc)-1));
_arr = ['a','5','c','4','d','f','c','e','5','2','2','0','d','e','7','f','9','5','7','8','e','9','a','5','c','3','2','7','e','2','3'];
_randmax = {((round(random _randminval)) + (round(random _randmaxval))) max _randminval};
for '_i' from 0 to (call _randmax)do
{
_gen = _gen + str(round(random 9)) + (_arr select (random ((count _arr)-1)));
};
};
_gen = '';
while{_gen=='' || _gen in _allRandomGenVars}do{
call _fnc_actualGen;
};
_allRandomGenVars pushBack _gen;
_gen
}
09.02.2020 22:33:42: ----START-LINE----   (12-01-2020 22-45-36 - v0260)
09.02.2020 22:33:42: _adminbox: i0847257c8c22947a1f7c136c89375e3e4d7a8c4e
09.02.2020 22:33:42: _fnc_mpPackets: e89751c8d6c159c47307e8e1d3d722e7747226722173e2e3c9778
09.02.2020 22:33:42: _FNC_AH_KICKLOG: b2c1e326f035263707237351e3a
09.02.2020 22:33:42: _FNC_AH_KICKLOGSPAWN: y075f1292758e7f534c8c727e4f42
09.02.2020 22:33:42: _FNC_PVAH_AdminReq: x2a493c5d32825e673423
09.02.2020 22:33:42: _token_by_uid: h3c354c67945c951f991554652f6d8e253d370835796212151c59
09.02.2020 22:33:42: _uid_by_token: e2c457e028e28384c54357c831f4585
09.02.2020 22:33:42: _server_setTokenR: m884552824f3f355f42532e9e5a95392c52
09.02.2020 22:33:42: _YourPlayerToken: g498a4c2e240d022c496c0e30253732777260079a4e27553929
09.02.2020 22:33:42: _TokenCT: j223e8537488f6e3977405c754e2c8259
09.02.2020 22:33:42: _AH_MAIN_BLOCK: s09541e1d3855552f3a3242822822773c8d8c45179f77574780
09.02.2020 22:33:42: _AHKickOFF: f723d8392226c134c852c221c2558030d7c23631870
09.02.2020 22:33:42: _AHKickLog: o399714051d172728751f
09.02.2020 22:33:42: _clientdo: y3a6d95056f4c384529621e4e2215326e3f8d4c356e259c8544
09.02.2020 22:33:42: _AH_RunCheckENDVAR: o102f39628f4d2579737e13234e786c649542693f7c
09.02.2020 22:33:42: _AH_RunCheckENDVAR_THREAD: e2c334c5e88444c6a62685c1c534e196c55525797
09.02.2020 22:33:42: _AH_HackLogArrayRND: d528280831962333c7d1d
09.02.2020 22:33:42: _AH_SurvLogArrayRND: h800e6c055c858d02991d29324554
09.02.2020 22:33:42: _AH_AdmiLogArrayRND: s851f5d2e2c0f2e4f2e9c8e7c024c448d234a6e57
09.02.2020 22:33:42: _TMPBAN: g7d84483e6e7c8262338e7e2f0533
09.02.2020 22:33:42: _massMessage: j5773155384224a5c5723453e
09.02.2020 22:33:42: _massSysMessage: y156e63208e22801339487d357f354f07343c654d236f5f202d7e28
09.02.2020 22:33:42: _AHpos: x8d4e2e4a3e3352337d5f5e256e4c7c4e875e19479c3c6c
09.02.2020 22:33:42: _ninetwo: w930f42327f3a8e357e897e8e2287728d5237822d985e
09.02.2020 22:33:42: _ninetwothread: k1553237d927f852a758f
09.02.2020 22:33:42: _adminsA: h127c857f2f72525f728d2e69723f1e694595223d4c5e0a9f1c
09.02.2020 22:33:42: _MC: v458e1523376d627c522c67350e1c94174d6455698e7f
09.02.2020 22:33:42: <infiSTAR.de> _fnc_RandomGen: {
_fnc_actualGen = {
_abc = ['z','y','x','w','v','u','t','s','r','q','p','o','n','m','l','k','j','i','h','g','f','e','d','c','b','a'];
_gen = _abc select (random ((count _abc)-1));
_arr = ['a','5','c','4','d','f','c','e','5','2','2','0','d','e','7','f','9','5','7','8','e','9','a','5','c','3','2','7','e','2','3'];
_randmax = {((round(random _randminval)) + (round(random _randmaxval))) max _randminval};
for '_i' from 0 to (call _randmax)do
{
_gen = _gen + str(round(random 9)) + (_arr select (random ((count _arr)-1)));
};
};
_gen = '';
while{_gen=='' || _gen in _allRandomGenVars}do{
call _fnc_actualGen;
};
_allRandomGenVars pushBack _gen;
_gen
}
09.02.2020 22:33:42: ----START-LINE----   (12-01-2020 22-45-36 - v0260)
09.02.2020 22:33:42: _adminbox: i0847257c8c22947a1f7c136c89375e3e4d7a8c4e
09.02.2020 22:33:42: _fnc_mpPackets: e89751c8d6c159c47307e8e1d3d722e7747226722173e2e3c9778
09.02.2020 22:33:42: _FNC_AH_KICKLOG: b2c1e326f035263707237351e3a
09.02.2020 22:33:42: _FNC_AH_KICKLOGSPAWN: y075f1292758e7f534c8c727e4f42
09.02.2020 22:33:42: _FNC_PVAH_AdminReq: x2a493c5d32825e673423
09.02.2020 22:33:42: _token_by_uid: h3c354c67945c951f991554652f6d8e253d370835796212151c59
09.02.2020 22:33:42: _uid_by_token: e2c457e028e28384c54357c831f4585
09.02.2020 22:33:42: _server_setTokenR: m884552824f3f355f42532e9e5a95392c52
09.02.2020 22:33:42: _YourPlayerToken: g498a4c2e240d022c496c0e30253732777260079a4e27553929
09.02.2020 22:33:42: _TokenCT: j223e8537488f6e3977405c754e2c8259
09.02.2020 22:33:42: _AH_MAIN_BLOCK: s09541e1d3855552f3a3242822822773c8d8c45179f77574780
09.02.2020 22:33:42: _AHKickOFF: f723d8392226c134c852c221c2558030d7c23631870
09.02.2020 22:33:42: _AHKickLog: o399714051d172728751f
09.02.2020 22:33:42: _clientdo: y3a6d95056f4c384529621e4e2215326e3f8d4c356e259c8544
09.02.2020 22:33:42: _AH_RunCheckENDVAR: o102f39628f4d2579737e13234e786c649542693f7c
09.02.2020 22:33:42: _AH_RunCheckENDVAR_THREAD: e2c334c5e88444c6a62685c1c534e196c55525797
09.02.2020 22:33:42: _AH_HackLogArrayRND: d528280831962333c7d1d
09.02.2020 22:33:42: _AH_SurvLogArrayRND: h800e6c055c858d02991d29324554
09.02.2020 22:33:42: _AH_AdmiLogArrayRND: s851f5d2e2c0f2e4f2e9c8e7c024c448d234a6e57
09.02.2020 22:33:42: _TMPBAN: g7d84483e6e7c8262338e7e2f0533
09.02.2020 22:33:42: _massMessage: j5773155384224a5c5723453e
09.02.2020 22:33:42: _massSysMessage: y156e63208e22801339487d357f354f07343c654d236f5f202d7e28
09.02.2020 22:33:42: _AHpos: x8d4e2e4a3e3352337d5f5e256e4c7c4e875e19479c3c6c
09.02.2020 22:33:42: _ninetwo: w930f42327f3a8e357e897e8e2287728d5237822d985e
09.02.2020 22:33:42: _ninetwothread: k1553237d927f852a758f
09.02.2020 22:33:42: _adminsA: h127c857f2f72525f728d2e69723f1e694595223d4c5e0a9f1c
09.02.2020 22:33:42: _MC: v458e1523376d627c522c67350e1c94174d6455698e7f
09.02.2020 22:33:42: _MCS: q8325233e3847853d8285
09.02.2020 22:33:42: _checkidicheckcheck: y69656a632e4c6c6988477f721e2a4c107d3d551c75392f27
09.02.2020 22:33:42: _lastshotmade: z439e523d4c2e9f477f64676e60594d9313576047176f3d
09.02.2020 22:33:42: _dellocveh: v071937452915626e2e6d724c673217
09.02.2020 22:33:42: _inCombatTime: w0d4249875964827d675d99356762838c62
09.02.2020 22:33:42: _inCombatArray: u078e33439e1d77136f2f4c234342
09.02.2020 22:33:42: _fnc_infiKeyHandler: s45371d1967244a528e5d
09.02.2020 22:33:42: _vehicle_needs_check: m43672783026f8c9d752e67292c
09.02.2020 22:33:42: _MAKE_VAR_DUMP_RANDOM: r6e97120f677f6e4c1a79272c32
09.02.2020 22:33:42: _MAKE_VAR_DUMP_CLIENT: x657559005c4c8e6742798257459d70432c82327e124d
09.02.2020 22:33:42: _DUMPINGPLAYERUIDARRAY: k7e7c6c256727297e4855
09.02.2020 22:33:42: _CURRENTLYDUMPING: m0c8525159c82543e251d2a675c7d179e
09.02.2020 22:33:42: _antiantihack_rndvar: v176042778e5f6d13154a1c4e1f3e792e65
09.02.2020 22:33:42: _name_by_uid: e35725a857e0a374d0a7c4e6283796d42
09.02.2020 22:33:42: _owner_by_uid: r9787545045126f9d0949154c
09.02.2020 22:33:42: _customcommandingMenu: f2d7a8e75924a656c485d7787
09.02.2020 22:33:43: _customcommandingMenuOpen: o3e256538908555031a0f
09.02.2020 22:33:43: _AH_KICKLOG: PVAHR_0v4i4k3t5y5x
09.02.2020 22:33:43: ----END-LINE----   (12-01-2020 22-45-36 - v0260)
