29.02.2020 00:07:33: 0h 7min | Donnie Turbo(76561198041233395) | God Mode - 1
29.02.2020 00:07:45: 0h 7min | Donnie Turbo(76561198041233395) | UnlimAmmo - 1
29.02.2020 00:07:49: 0h 7min | Donnie Turbo(76561198041233395) | noRecoil - 1
29.02.2020 00:08:32: 0h 8min | Donnie Turbo(76561198041233395) | Teleport to [3190.85,5107.5,0](GPS: 031020)
29.02.2020 00:16:30: 0h 16min | Donnie Turbo(76561198041233395) | HealRepairNear
29.02.2020 00:16:30: 0h 16min | Donnie Turbo(76561198041233395) | HealRepairNear
29.02.2020 00:16:48: 0h 16min | Donnie Turbo(76561198041233395) | Killing luke(76561198264871362) @035000
29.02.2020 00:16:48: 0h 16min | Donnie Turbo(76561198041233395) | Kill - civ_1(76561198264871362)
29.02.2020 00:17:06: 0h 16min | Donnie Turbo(76561198041233395) | Revive - civ_1(76561198264871362)
29.02.2020 00:17:46: 0h 17min | Donnie Turbo(76561198041233395) | Revive - civ_1(76561198264871362)
29.02.2020 00:18:23: 0h 18min | Donnie Turbo(76561198041233395) | Revive - civ_2(76561198180893505)
29.02.2020 00:19:10: 0h 18min | Donnie Turbo(76561198041233395) | Revive - civ_1(76561198264871362)
29.02.2020 00:20:41: 0h 20min | Donnie Turbo(76561198041233395) | Revive - civ_2(76561198180893505)
29.02.2020 00:21:19: 0h 20min | Donnie Turbo(76561198041233395) | God Mode - 0
29.02.2020 00:21:21: 0h 21min | Donnie Turbo(76561198041233395) | Revive - civ_2(76561198180893505)
29.02.2020 00:21:34: 0h 21min | Donnie Turbo(76561198041233395) | Revive - civ_1(76561198264871362)
29.02.2020 00:23:39: 0h 23min | Donnie Turbo(76561198041233395) | Revive - civ_2(76561198180893505)
29.02.2020 00:25:01: 0h 24min | Donnie Turbo(76561198041233395) | spawning MRCO (optic_MRCO)
29.02.2020 00:26:01: 0h 25min | [1k-40] Jose Santana(76561198206026112) | SPECTATE - switchedCamera on John Anderson(76561198180893505) - C_man_1
29.02.2020 00:28:15: 0h 27min | [1k-40] Jose Santana(76561198206026112) | Teleport to [3589.55,3114.3,0](GPS: 035000)
29.02.2020 00:28:54: 0h 28min | Donnie Turbo(76561198041233395) | Revive - cop_2(76561198041233395)
29.02.2020 00:29:45: 0h 29min | [1k-40] Jose Santana(76561198206026112) | God Mode - 1
29.02.2020 00:29:46: 0h 29min | Donnie Turbo(76561198041233395) | Zeus luke(76561198264871362) @035000
29.02.2020 00:29:46: 0h 29min | Donnie Turbo(76561198041233395) | Zeus - civ_1(76561198264871362)
29.02.2020 00:29:55: 0h 29min | Donnie Turbo(76561198041233395) | Killing luke(76561198264871362) @035000
29.02.2020 00:29:55: 0h 29min | Donnie Turbo(76561198041233395) | Kill - civ_1(76561198264871362)
29.02.2020 00:30:49: 0h 30min | Donnie Turbo(76561198041233395) | God Mode - 1
29.02.2020 00:32:24: 0h 32min | [1k-40] Jose Santana(76561198206026112) | Teleport - Target To Me - Rogue Tjay [GUER](76561198883479728)
29.02.2020 00:33:02: 0h 32min | [1k-40] Jose Santana(76561198206026112) | FastFire - 1
29.02.2020 00:33:03: 0h 32min | [1k-40] Jose Santana(76561198206026112) | UnlimAmmo - 1
29.02.2020 00:33:04: 0h 32min | [1k-40] Jose Santana(76561198206026112) | noRecoil - 1
29.02.2020 00:34:19: 0h 33min | Donnie Turbo(76561198041233395) | God Mode - 0
29.02.2020 00:35:10: 0h 34min | [1k-40] Jose Santana(76561198206026112) | Vehboost - 1
29.02.2020 00:35:29: 0h 35min | [1k-40] Jose Santana(76561198206026112) | Revive - medic_6(76561198883479728)
29.02.2020 00:35:42: 0h 35min | Donnie Turbo(76561198041233395) | Revive - cop_2(76561198041233395)
29.02.2020 00:37:04: 0h 36min | Donnie Turbo(76561198041233395) | Revive - civ_2(76561198180893505)
29.02.2020 00:37:18: 0h 36min | [1k-40] Jose Santana(76561198206026112) | spawning Money Pack (SLB2k11_money)
29.02.2020 00:38:00: 0h 37min | [1k-40] Jose Santana(76561198206026112) | Deleting SLB2k11_money @035000..
29.02.2020 00:38:38: 0h 38min | [1k-40] Jose Santana(76561198206026112) | Exploding [1k-40] Jose Santana(76561198206026112) @035000
29.02.2020 00:38:38: 0h 38min | [1k-40] Jose Santana(76561198206026112) | Explode - cop_1(76561198206026112)
29.02.2020 00:38:55: 0h 38min | [1k-40] Jose Santana(76561198206026112) | Exploding [1k-40] Jose Santana(76561198206026112) @035000
29.02.2020 00:38:55: 0h 38min | [1k-40] Jose Santana(76561198206026112) | Explode - cop_1(76561198206026112)
29.02.2020 00:38:58: 0h 38min | [1k-40] Jose Santana(76561198206026112) | Exploding [1k-40] Jose Santana(76561198206026112) @035000
29.02.2020 00:38:58: 0h 38min | [1k-40] Jose Santana(76561198206026112) | Explode - cop_1(76561198206026112)
29.02.2020 00:38:58: 0h 38min | [1k-40] Jose Santana(76561198206026112) | Exploding [1k-40] Jose Santana(76561198206026112) @035000
29.02.2020 00:38:58: 0h 38min | [1k-40] Jose Santana(76561198206026112) | Explode - cop_1(76561198206026112)
29.02.2020 00:38:58: 0h 38min | [1k-40] Jose Santana(76561198206026112) | Exploding [1k-40] Jose Santana(76561198206026112) @035000
29.02.2020 00:38:58: 0h 38min | [1k-40] Jose Santana(76561198206026112) | Explode - cop_1(76561198206026112)
29.02.2020 00:38:59: 0h 38min | [1k-40] Jose Santana(76561198206026112) | Exploding [1k-40] Jose Santana(76561198206026112) @035000
29.02.2020 00:38:59: 0h 38min | [1k-40] Jose Santana(76561198206026112) | Explode - cop_1(76561198206026112)
29.02.2020 00:38:59: 0h 38min | [1k-40] Jose Santana(76561198206026112) | Exploding [1k-40] Jose Santana(76561198206026112) @035000
29.02.2020 00:38:59: 0h 38min | [1k-40] Jose Santana(76561198206026112) | Explode - cop_1(76561198206026112)
29.02.2020 00:38:59: 0h 38min | [1k-40] Jose Santana(76561198206026112) | Exploding [1k-40] Jose Santana(76561198206026112) @035000
29.02.2020 00:38:59: 0h 38min | [1k-40] Jose Santana(76561198206026112) | Explode - cop_1(76561198206026112)
29.02.2020 00:39:00: 0h 38min | [1k-40] Jose Santana(76561198206026112) | Exploding [1k-40] Jose Santana(76561198206026112) @035000
29.02.2020 00:39:00: 0h 38min | [1k-40] Jose Santana(76561198206026112) | Explode - cop_1(76561198206026112)
29.02.2020 00:39:00: 0h 38min | [1k-40] Jose Santana(76561198206026112) | Exploding [1k-40] Jose Santana(76561198206026112) @035000
29.02.2020 00:39:00: 0h 38min | [1k-40] Jose Santana(76561198206026112) | Explode - cop_1(76561198206026112)
29.02.2020 00:39:00: 0h 38min | [1k-40] Jose Santana(76561198206026112) | Exploding [1k-40] Jose Santana(76561198206026112) @035000
29.02.2020 00:39:00: 0h 38min | [1k-40] Jose Santana(76561198206026112) | Explode - cop_1(76561198206026112)
29.02.2020 00:39:01: 0h 38min | [1k-40] Jose Santana(76561198206026112) | Exploding [1k-40] Jose Santana(76561198206026112) @035000
29.02.2020 00:39:01: 0h 38min | [1k-40] Jose Santana(76561198206026112) | Explode - cop_1(76561198206026112)
29.02.2020 00:39:01: 0h 38min | Donnie Turbo(76561198041233395) | God Mode - 1
29.02.2020 00:39:01: 0h 38min | [1k-40] Jose Santana(76561198206026112) | Exploding [1k-40] Jose Santana(76561198206026112) @035000
29.02.2020 00:39:01: 0h 38min | [1k-40] Jose Santana(76561198206026112) | Explode - cop_1(76561198206026112)
29.02.2020 00:39:01: 0h 38min | [1k-40] Jose Santana(76561198206026112) | Exploding [1k-40] Jose Santana(76561198206026112) @035000
29.02.2020 00:39:01: 0h 38min | [1k-40] Jose Santana(76561198206026112) | Explode - cop_1(76561198206026112)
29.02.2020 00:39:02: 0h 38min | [1k-40] Jose Santana(76561198206026112) | Exploding [1k-40] Jose Santana(76561198206026112) @035000
29.02.2020 00:39:02: 0h 38min | [1k-40] Jose Santana(76561198206026112) | Explode - cop_1(76561198206026112)
29.02.2020 00:39:02: 0h 38min | [1k-40] Jose Santana(76561198206026112) | Exploding [1k-40] Jose Santana(76561198206026112) @035000
29.02.2020 00:39:02: 0h 38min | [1k-40] Jose Santana(76561198206026112) | Explode - cop_1(76561198206026112)
29.02.2020 00:39:02: 0h 38min | [1k-40] Jose Santana(76561198206026112) | Exploding [1k-40] Jose Santana(76561198206026112) @035000
29.02.2020 00:39:02: 0h 38min | [1k-40] Jose Santana(76561198206026112) | Explode - cop_1(76561198206026112)
29.02.2020 00:39:03: 0h 38min | [1k-40] Jose Santana(76561198206026112) | Exploding [1k-40] Jose Santana(76561198206026112) @035000
29.02.2020 00:39:03: 0h 38min | [1k-40] Jose Santana(76561198206026112) | Explode - cop_1(76561198206026112)
29.02.2020 00:39:03: 0h 38min | [1k-40] Jose Santana(76561198206026112) | Exploding [1k-40] Jose Santana(76561198206026112) @035000
29.02.2020 00:39:03: 0h 38min | [1k-40] Jose Santana(76561198206026112) | Explode - cop_1(76561198206026112)
29.02.2020 00:39:07: 0h 38min | [1k-40] Jose Santana(76561198206026112) | Exploding Rogue Tjay(76561198883479728) @035999
29.02.2020 00:39:07: 0h 38min | [1k-40] Jose Santana(76561198206026112) | Explode - medic_6(76561198883479728)
29.02.2020 00:39:07: 0h 38min | [1k-40] Jose Santana(76561198206026112) | Exploding Rogue Tjay(76561198883479728) @035999
29.02.2020 00:39:07: 0h 38min | [1k-40] Jose Santana(76561198206026112) | Explode - medic_6(76561198883479728)
29.02.2020 00:39:08: 0h 38min | [1k-40] Jose Santana(76561198206026112) | Exploding Rogue Tjay(76561198883479728) @035999
29.02.2020 00:39:08: 0h 38min | [1k-40] Jose Santana(76561198206026112) | Explode - medic_6(76561198883479728)
29.02.2020 00:39:08: 0h 38min | [1k-40] Jose Santana(76561198206026112) | Exploding Rogue Tjay(76561198883479728) @035999
29.02.2020 00:39:08: 0h 38min | [1k-40] Jose Santana(76561198206026112) | Explode - medic_6(76561198883479728)
29.02.2020 00:39:09: 0h 38min | [1k-40] Jose Santana(76561198206026112) | Exploding Rogue Tjay(76561198883479728) @035999
29.02.2020 00:39:09: 0h 38min | [1k-40] Jose Santana(76561198206026112) | Explode - medic_6(76561198883479728)
29.02.2020 00:39:09: 0h 38min | [1k-40] Jose Santana(76561198206026112) | Exploding Rogue Tjay(76561198883479728) @035999
29.02.2020 00:39:09: 0h 38min | [1k-40] Jose Santana(76561198206026112) | Explode - medic_6(76561198883479728)
29.02.2020 00:39:09: 0h 38min | [1k-40] Jose Santana(76561198206026112) | Exploding Rogue Tjay(76561198883479728) @035999
29.02.2020 00:39:09: 0h 38min | [1k-40] Jose Santana(76561198206026112) | Explode - medic_6(76561198883479728)
29.02.2020 00:39:11: 0h 38min | Donnie Turbo(76561198041233395) | Heal - cop_2(76561198041233395)
29.02.2020 00:39:15: 0h 38min | [1k-40] Jose Santana(76561198206026112) | Revive - medic_6()
29.02.2020 00:39:26: 0h 39min | [1k-40] Jose Santana(76561198206026112) | Exploding luke(76561198264871362) @035999
29.02.2020 00:39:26: 0h 39min | [1k-40] Jose Santana(76561198206026112) | Explode - civ_1(76561198264871362)
29.02.2020 00:39:34: 0h 39min | [1k-40] Jose Santana(76561198206026112) | Exploding John Anderson(76561198180893505) @000050
29.02.2020 00:39:35: 0h 39min | [1k-40] Jose Santana(76561198206026112) | Explode - civ_2(76561198180893505)
29.02.2020 00:39:35: 0h 39min | Donnie Turbo(76561198041233395) | Revive - medic_6(76561198883479728)
29.02.2020 00:39:36: 0h 39min | [1k-40] Jose Santana(76561198206026112) | Exploding John Anderson(76561198180893505) @000050
29.02.2020 00:39:36: 0h 39min | [1k-40] Jose Santana(76561198206026112) | Explode - civ_2(76561198180893505)
29.02.2020 00:39:38: 0h 39min | [1k-40] Jose Santana(76561198206026112) | Exploding John Anderson(76561198180893505) @000050
29.02.2020 00:39:38: 0h 39min | [1k-40] Jose Santana(76561198206026112) | Explode - civ_2(76561198180893505)
29.02.2020 00:39:41: 0h 39min | Donnie Turbo(76561198041233395) | Revive - civ_2()
29.02.2020 00:39:49: 0h 39min | [1k-40] Jose Santana(76561198206026112) | Exploding C_man_1 @000050
29.02.2020 00:39:49: 0h 39min | [1k-40] Jose Santana(76561198206026112) | Explode - civ_2()
29.02.2020 00:39:50: 0h 39min | [1k-40] Jose Santana(76561198206026112) | Exploding C_man_1 @000050
29.02.2020 00:39:50: 0h 39min | [1k-40] Jose Santana(76561198206026112) | Explode - civ_2()
29.02.2020 00:39:50: 0h 39min | [1k-40] Jose Santana(76561198206026112) | Exploding C_man_1 @000050
29.02.2020 00:39:50: 0h 39min | [1k-40] Jose Santana(76561198206026112) | Explode - civ_2()
29.02.2020 00:39:50: 0h 39min | [1k-40] Jose Santana(76561198206026112) | Exploding C_man_1 @000050
29.02.2020 00:39:50: 0h 39min | [1k-40] Jose Santana(76561198206026112) | Explode - civ_2()
29.02.2020 00:39:51: 0h 39min | [1k-40] Jose Santana(76561198206026112) | Exploding C_man_1 @000050
29.02.2020 00:39:51: 0h 39min | [1k-40] Jose Santana(76561198206026112) | Explode - civ_2()
29.02.2020 00:39:59: 0h 39min | [1k-40] Jose Santana(76561198206026112) | Exploding Rogue Tjay(76561198883479728) @035999
29.02.2020 00:39:59: 0h 39min | [1k-40] Jose Santana(76561198206026112) | Explode - medic_6(76561198883479728)
29.02.2020 00:40:14: 0h 39min | [1k-40] Jose Santana(76561198206026112) | Revive - medic_6()
29.02.2020 00:40:18: 0h 39min | [1k-40] Jose Santana(76561198206026112) | Exploding I_soldier_UAV_06_medical_F @035999
29.02.2020 00:40:18: 0h 39min | [1k-40] Jose Santana(76561198206026112) | Explode - medic_6()
29.02.2020 00:40:22: 0h 40min | Donnie Turbo(76561198041233395) | Exploding [1k-40] Jose Santana(76561198206026112) @035000
29.02.2020 00:40:22: 0h 40min | Donnie Turbo(76561198041233395) | Explode - cop_1(76561198206026112)
29.02.2020 00:40:24: 0h 40min | [1k-40] Jose Santana(76561198206026112) | Revive - medic_6()
29.02.2020 00:40:27: 0h 40min | [1k-40] Jose Santana(76561198206026112) | Exploding Donnie Turbo(76561198041233395) @035000
29.02.2020 00:40:27: 0h 40min | [1k-40] Jose Santana(76561198206026112) | Explode - cop_2(76561198041233395)
29.02.2020 00:41:01: 0h 40min | Donnie Turbo(76561198041233395) | Revive - medic_6(76561198883479728)
29.02.2020 00:41:17: 0h 40min | [1k-40] Jose Santana(76561198206026112) | Revive - civ_2(76561198180893505)
29.02.2020 00:41:41: 0h 41min | [1k-40] Jose Santana(76561198206026112) | Revive - civ_1(76561198264871362)
29.02.2020 00:41:58: 0h 41min | [1k-40] Jose Santana(76561198206026112) | Revive - civ_2(76561198180893505)
29.02.2020 00:41:58: 0h 41min | Donnie Turbo(76561198041233395) | God Mode - 0
29.02.2020 00:42:08: 0h 41min | [1k-40] Jose Santana(76561198206026112) | Exploding John Anderson(76561198180893505) @000050
29.02.2020 00:42:08: 0h 41min | [1k-40] Jose Santana(76561198206026112) | Explode - civ_2(76561198180893505)
29.02.2020 00:42:14: 0h 41min | [1k-40] Jose Santana(76561198206026112) | Exploding luke(76561198264871362) @036001
29.02.2020 00:42:14: 0h 41min | [1k-40] Jose Santana(76561198206026112) | Explode - civ_1(76561198264871362)
29.02.2020 00:42:17: 0h 41min | [1k-40] Jose Santana(76561198206026112) | Revive - civ_1(76561198264871362)
29.02.2020 00:42:22: 0h 42min | [1k-40] Jose Santana(76561198206026112) | Revive - civ_2(76561198180893505)
29.02.2020 00:42:42: 0h 42min | Donnie Turbo(76561198041233395) | Revive - civ_2(76561198180893505)
29.02.2020 00:42:45: 0h 42min | [1k-40] Jose Santana(76561198206026112) | Teleport - Target To Me - Rogue Tjay [CIV](76561198883479728)
29.02.2020 00:43:00: 0h 42min | [1k-40] Jose Santana(76561198206026112) | Revive - civ_3(76561198883479728)
29.02.2020 00:49:10: 0h 48min | Sherman(76561198038112694) | Teleport to [3520.31,3071.06,0](GPS: 035999)
29.02.2020 00:52:12: 0h 51min | Sherman(76561198038112694) | Teleport to [3343.5,3248.31,0](GPS: 033001)
29.02.2020 00:56:19: 0h 56min | Donnie Turbo(76561198041233395) | Heal - cop_2(76561198041233395)
29.02.2020 01:02:53: 1h 2min | Donnie Turbo(76561198041233395) | HealRepairNear
29.02.2020 01:02:54: 1h 2min | Donnie Turbo(76561198041233395) | HealRepairNear
29.02.2020 01:09:11: 1h 8min | Donnie Turbo(76561198041233395) | Teleport to [3626.72,3604.45,0](GPS: 036005)
29.02.2020 01:10:32: 1h 10min | Sherman(76561198038112694) | Revive - civ_1(76561198038112694)
29.02.2020 01:10:42: 1h 10min | Sherman(76561198038112694) | Teleport to [3683.98,3928.82,0](GPS: 036008)
29.02.2020 01:11:56: 1h 11min | Donnie Turbo(76561198041233395) | Revive - cop_2(76561198041233395)
29.02.2020 01:13:16: 1h 12min | Donnie Turbo(76561198041233395) | Revive - civ_3(76561198883479728)
29.02.2020 01:14:45: 1h 14min | Donnie Turbo(76561198041233395) | Revive - civ_2(76561198180893505)
29.02.2020 01:15:38: 1h 15min | Donnie Turbo(76561198041233395) | Revive - civ_1(76561198038112694)
29.02.2020 01:15:44: 1h 15min | Donnie Turbo(76561198041233395) | Revive - civ_2(76561198180893505)
29.02.2020 01:16:56: 1h 16min | Donnie Turbo(76561198041233395) | God Mode - 1
29.02.2020 01:18:17: 1h 17min | Donnie Turbo(76561198041233395) | DayTime
29.02.2020 01:21:39: 1h 21min | Donnie Turbo(76561198041233395) | Teleport to [3264.57,3763.05,0](GPS: 032006)
29.02.2020 01:23:31: 1h 23min | Donnie Turbo(76561198041233395) | Revive - civ_2(76561198180893505)
29.02.2020 01:23:40: 1h 23min | Sherman(76561198038112694) | Teleport to [3264.88,3763.54,0](GPS: 032006)
29.02.2020 01:24:48: 1h 24min | Sherman(76561198038112694) | Teleport to [3157.41,5103.92,0](GPS: 031020)
29.02.2020 01:25:59: 1h 25min | Sherman(76561198038112694) | Deleting GroundWeaponHolder @031019..
29.02.2020 01:26:05: 1h 25min | Donnie Turbo(76561198041233395) | God Mode - 0
29.02.2020 01:26:48: 1h 26min | Sherman(76561198038112694) | Deleting GroundWeaponHolder @031019..
29.02.2020 01:26:52: 1h 26min | Sherman(76561198038112694) | Deleting GroundWeaponHolder @031019..
29.02.2020 01:28:08: 1h 27min | Sherman(76561198038112694) | Deleting GroundWeaponHolder @031019..
29.02.2020 01:28:31: 1h 28min | Donnie Turbo(76561198041233395) | Revive - civ_3(76561198883479728)
29.02.2020 01:29:20: 1h 29min | Sherman(76561198038112694) | Teleport to [3670.95,3218.74,0](GPS: 036001)
29.02.2020 01:29:23: 1h 29min | Sherman(76561198038112694) | Teleport to [3675.57,3227.06,0](GPS: 036001)
29.02.2020 01:29:25: 1h 29min | Sherman(76561198038112694) | Teleport to [3690.69,3245.26,0](GPS: 036001)
29.02.2020 01:33:52: 1h 33min | Donnie Turbo(76561198041233395) | Revive - civ_1(76561198038112694)
29.02.2020 01:36:05: 1h 35min | Sherman(76561198038112694) | HealRepairNear
29.02.2020 01:36:15: 1h 35min | Sherman(76561198038112694) | HealRepairNear
29.02.2020 01:36:52: 1h 36min | Sherman(76561198038112694) | spawning MRCO (optic_MRCO)
29.02.2020 01:37:13: 1h 36min | Donnie Turbo(76561198041233395) | Teleport to [3583.12,3242.45,0](GPS: 035001)
29.02.2020 01:38:29: 1h 38min | Donnie Turbo(76561198041233395) | Revive - civ_3(76561198883479728)
29.02.2020 01:43:30: 1h 43min | Donnie Turbo(76561198041233395) | Revive - civ_3(76561198883479728)
29.02.2020 01:43:53: 1h 43min | Donnie Turbo(76561198041233395) | Revive - civ_2(76561198180893505)
29.02.2020 01:47:51: 1h 47min | Sergei Chedakai(76561198043298972) | Teleport to [5028.37,4424.89,0](GPS: 050013)
29.02.2020 01:49:29: 1h 49min | Ivan Pershketov(76561198105940600) | infiSTAR Player ESP 1 - 1
29.02.2020 01:49:36: 1h 49min | Sherman(76561198038112694) | Teleport to [4974.6,4514.78,0](GPS: 049014)
29.02.2020 01:49:52: 1h 49min | Ivan Pershketov(76561198105940600) | Teleport to [4970.49,4502.32,0](GPS: 049014)
29.02.2020 01:49:54: 1h 49min | Donnie Turbo(76561198041233395) | Revive - civ_5(76561198264871362)
29.02.2020 01:53:47: 1h 53min | Donnie Turbo(76561198041233395) | Deleting C_IDAP_Van_02_medevac_F @035999..
29.02.2020 02:04:01: 2h 3min | Sherman(76561198038112694) | Added 1 blastingcharges to Sherman!
29.02.2020 02:04:04: 2h 3min | Sergei Chedakai(76561198043298972) | unlocked - [d3s_e60_09_EX]
29.02.2020 02:04:48: 2h 4min | Sergei Chedakai(76561198043298972) | locked - [d3s_e60_09_EX]
29.02.2020 02:10:32: 2h 10min | Ivan Pershketov(76561198105940600) | Deleting Land_i_Barracks_V1_dam_F @055000..
29.02.2020 02:10:32: 2h 10min | Ivan Pershketov(76561198105940600) | Deleting Land_i_Barracks_V1_dam_F @055000..
29.02.2020 02:23:52: 2h 23min | Sherman(76561198038112694) | Teleport to [3473.44,3128.55,0](GPS: 034000)
29.02.2020 02:23:52: 2h 23min | Sergei Chedakai(76561198043298972) | Teleport to [3475.15,3130.27,0](GPS: 034000)
29.02.2020 02:25:30: 2h 25min | Sherman(76561198038112694) | Deleting DemoCharge_Remote_Ammo @035000..
29.02.2020 02:27:02: 2h 26min | Ivan Pershketov(76561198105940600) | HealRepairNear
29.02.2020 02:29:36: 2h 29min | Ivan Pershketov(76561198105940600) | Deleting Land_GH_MainBuilding_right_F @032025..
29.02.2020 02:31:31: 2h 31min | Sergei Chedakai(76561198043298972) | HealRepairNear
29.02.2020 02:31:49: 2h 31min | Ivan Pershketov(76561198105940600) | SPECTATE - switchedCamera on Rogue Tjay(76561198883479728) - C_man_1
29.02.2020 02:33:34: 2h 33min | Ivan Pershketov(76561198105940600) | AdminConsole
29.02.2020 02:36:35: 2h 36min | Nino Marino(76561198206026112) | Teleport to [5048.19,4418.11,0](GPS: 050013)
29.02.2020 02:40:59: 2h 40min | Sherman(76561198038112694) | HealRepairNear
29.02.2020 02:42:52: 2h 42min | Sherman(76561198038112694) | HealRepairNear
29.02.2020 02:43:28: 2h 43min | Nino Marino(76561198206026112) | Teleport to [5048.19,4425.56,0](GPS: 050013)
29.02.2020 02:45:37: 2h 45min | Nino Marino(76561198206026112) | AdminConsole
29.02.2020 02:46:06: 2h 45min | Nino Marino(76561198206026112) | HealSelf
29.02.2020 02:46:07: 2h 45min | Nino Marino(76561198206026112) | HealSelf
29.02.2020 02:46:08: 2h 45min | Nino Marino(76561198206026112) | HealRepairNear
29.02.2020 02:46:09: 2h 45min | Nino Marino(76561198206026112) | HealRepairNear
29.02.2020 02:47:43: 2h 47min | Nino Marino(76561198206026112) | HealRepairNear
29.02.2020 02:47:43: 2h 47min | Nino Marino(76561198206026112) | HealRepairNear
29.02.2020 02:50:19: 2h 50min | Sherman(76561198038112694) | Deleting GroundWeaponHolder @036001..
29.02.2020 02:52:13: 2h 51min | Nino Marino(76561198206026112) | SPECTATE - switchedCamera on luke(76561198264871362) - C_man_1
29.02.2020 02:52:22: 2h 52min | Nino Marino(76561198206026112) | Teleport - Target To Me - luke [CIV](76561198264871362)
29.02.2020 02:54:58: 2h 54min | Sergei Chedakai(76561198043298972) | locked - [d3s_g500_18]
29.02.2020 02:56:31: 2h 56min | Sherman(76561198038112694) | unlocked - [B_Heli_Light_01_F]
29.02.2020 02:57:45: 2h 57min | Sherman(76561198038112694) | HealRepairNear
29.02.2020 03:08:02: 3h 7min | Sherman(76561198038112694) | unlocked - [d3s_sian_20]
29.02.2020 03:08:04: 3h 7min | Sherman(76561198038112694) | locked - [d3s_sian_20]
29.02.2020 03:11:37: 3h 11min | Ivan Pershketov(76561198105940600) | Added 1 toolkits to Ivan Pershketov!
29.02.2020 03:11:38: 3h 11min | Ivan Pershketov(76561198105940600) | Added 1 toolkits to Ivan Pershketov!
29.02.2020 03:11:46: 3h 11min | Ivan Pershketov(76561198105940600) | HealRepairNear
29.02.2020 03:11:50: 3h 11min | Ivan Pershketov(76561198105940600) | HealSelf
29.02.2020 03:17:52: 3h 17min | Donnie Turbo(76561198041233395) | Remove Gear - civ_5(76561198119767526)
29.02.2020 03:22:24: 3h 22min | Nino Marino(76561198206026112) | spawning EF Priest (EF_Priest1)
29.02.2020 03:22:56: 3h 22min | Nino Marino(76561198206026112) | Teleport to [3844.9,3278.77,0](GPS: 038002)
29.02.2020 03:23:42: 3h 23min | Sergei Chedakai(76561198043298972) | Zeus Sergei Chedakai(76561198043298972) @038002
29.02.2020 03:23:42: 3h 23min | Sergei Chedakai(76561198043298972) | Zeus - civ_2(76561198043298972)
29.02.2020 03:23:54: 3h 23min | Sherman(76561198038112694) | Revive - civ_2(76561198043298972)
29.02.2020 03:24:21: 3h 24min | Ivan Pershketov(76561198105940600) | Zeus luke(76561198264871362) @038002
29.02.2020 03:24:21: 3h 24min | Ivan Pershketov(76561198105940600) | Zeus - civ_8(76561198264871362)
29.02.2020 03:25:05: 3h 24min | Ivan Pershketov(76561198105940600) | NightTime
29.02.2020 03:25:22: 3h 25min | Ivan Pershketov(76561198105940600) | Call EMP
29.02.2020 03:25:22: 3h 25min | Donnie Turbo(76561198041233395) | DayTime
29.02.2020 03:27:26: 3h 27min | Donnie Turbo(76561198041233395) | Deleting GroundWeaponHolder @038001..
29.02.2020 03:29:44: 3h 29min | Sergei Chedakai(76561198043298972) | Teleport to [3148.92,5073.5,0](GPS: 031020)
29.02.2020 03:30:42: 3h 30min | Sergei Chedakai(76561198043298972) | Teleport to [2673.77,4583,0](GPS: 026015)
29.02.2020 03:31:01: 3h 30min | Ivan Pershketov(76561198105940600) | HealSelf
29.02.2020 03:38:41: 3h 38min | Donnie Turbo(76561198041233395) | Teleport to [3868.5,3263.83,0](GPS: 038001)
29.02.2020 03:42:28: 3h 42min | Sherman(76561198038112694) | HealRepairNear
29.02.2020 03:52:49: 3h 52min | Ivan Pershketov(76561198105940600) | spawning ED-1E Roller (I_UGV_02_Science_F)
29.02.2020 03:53:16: 3h 52min | Sergei Chedakai(76561198043298972) | Teleport - Target To Me - BFcommando [CIV](76561198119767526)
29.02.2020 03:56:47: 3h 56min | Donnie Turbo(76561198041233395) | Restore - cop_2(76561198041233395)
29.02.2020 03:56:51: 3h 56min | Donnie Turbo(76561198041233395) | Heal - cop_2(76561198041233395)
29.02.2020 03:58:49: 3h 58min | Sherman(76561198038112694) | unlocked - [d3s_voiture_19]
29.02.2020 03:58:51: 3h 58min | Sherman(76561198038112694) | locked - [d3s_voiture_19]
29.02.2020 04:00:31: 3h 60min | Sherman(76561198038112694) | HealRepairNear
29.02.2020 04:04:19: 4h 4min | Sherman(76561198038112694) | HealRepairNear
29.02.2020 04:04:47: 4h 4min | Ivan Pershketov(76561198105940600) | HealRepairNear
29.02.2020 04:05:10: 4h 4min | Sherman(76561198038112694) | Teleport to [5035.23,4437.51,0](GPS: 050013)
29.02.2020 04:07:00: 4h 6min | Sherman(76561198038112694) | Deleting DELTA_Renault_K_430 @050013..
29.02.2020 04:07:19: 4h 6min | Sherman(76561198038112694) | spawning Offroad (I_G_Offroad_01_F)
29.02.2020 04:09:45: 4h 9min | Betty Boop White(76561198206026112) | Teleport - Target To Me - Sergei Chedakai [CIV](76561198043298972)
29.02.2020 04:09:49: 4h 9min | Betty Boop White(76561198206026112) | Teleport - Target To Me - Sergei Chedakai [CIV](76561198043298972)
29.02.2020 04:09:54: 4h 9min | Betty Boop White(76561198206026112) | Teleport - Target To Me - Sergei Chedakai [CIV](76561198043298972)
29.02.2020 04:12:31: 4h 12min | Sherman(76561198038112694) | HealRepairNear
29.02.2020 04:12:56: 4h 12min | Ivan Pershketov(76561198105940600) | Deleting GroundWeaponHolder @036996..
29.02.2020 04:16:13: 4h 15min | Sherman(76561198038112694) | Teleport to [3549.23,2619.61,0](GPS: 035995)
29.02.2020 04:17:34: 4h 17min | Betty Boop White(76561198206026112) | Teleport to [3693,2591.63,0](GPS: 036995)
29.02.2020 04:19:18: 4h 18min | Sergei Chedakai(76561198043298972) | Revive - civ_5(76561198119767526)
29.02.2020 04:21:12: 4h 20min | Betty Boop White(76561198206026112) | Exploding luke(76561198264871362) @036994
29.02.2020 04:21:12: 4h 20min | Betty Boop White(76561198206026112) | Explode - civ_8(76561198264871362)
29.02.2020 04:25:36: 4h 25min | Sherman(76561198038112694) | Teleport to [3775.99,3273.93,0](GPS: 037002)
29.02.2020 04:28:31: 4h 28min | Sergei Chedakai(76561198043298972) | HealRepairNear
29.02.2020 04:28:31: 4h 28min | Sergei Chedakai(76561198043298972) | HealRepairNear
29.02.2020 04:28:41: 4h 28min | Sherman(76561198038112694) | HealRepairNear
29.02.2020 04:31:25: 4h 31min | Ivan Pershketov(76561198105940600) | unlocked - [d3s_g500_18_EMS]
29.02.2020 04:31:59: 4h 31min | Ivan Pershketov(76561198105940600) | Self Disconnect
29.02.2020 04:32:35: 4h 32min | Ivan Pershketov(76561198105940600) | infiSTAR Player ESP 1 - 1
29.02.2020 04:32:57: 4h 32min | Ivan Pershketov(76561198105940600) | AdminConsole
29.02.2020 04:33:20: 4h 33min | Sergei Chedakai(76561198043298972) | Teleport to [3773.56,3274.18,0](GPS: 037002)
29.02.2020 04:33:23: 4h 33min | Sergei Chedakai(76561198043298972) | Teleport to [3776.82,3262.15,0](GPS: 037001)
29.02.2020 04:33:34: 4h 33min | Sergei Chedakai(76561198043298972) | Teleport to [3639.12,3115.87,0](GPS: 036000)
29.02.2020 04:34:21: 4h 34min | Sergei Chedakai(76561198043298972) | Teleport to [3660.33,3155.6,0](GPS: 036000)
29.02.2020 04:34:25: 4h 34min | Sergei Chedakai(76561198043298972) | Teleport to [3667.82,3147.36,0](GPS: 036000)
29.02.2020 04:34:33: 4h 34min | Sergei Chedakai(76561198043298972) | Teleport to [3668.53,3236.67,0](GPS: 036001)
29.02.2020 04:34:42: 4h 34min | Sergei Chedakai(76561198043298972) | Teleport to [3651.87,3243.17,0](GPS: 036001)
29.02.2020 04:35:25: 4h 35min | Sergei Chedakai(76561198043298972) | Deleting GroundWeaponHolder @036001..
29.02.2020 04:35:31: 4h 35min | Sherman(76561198038112694) | Teleport to [3666.73,3230.56,0](GPS: 036001)
29.02.2020 04:35:34: 4h 35min | Sherman(76561198038112694) | Teleport to [3669.59,3248.47,0](GPS: 036001)
29.02.2020 04:38:03: 4h 37min | Sergei Chedakai(76561198043298972) | Teleport - Me To Target - BFcommando [CIV](76561198119767526)
29.02.2020 04:38:15: 4h 37min | Sergei Chedakai(76561198043298972) | Teleport - Me To Target - Sherman [CIV](76561198038112694)
29.02.2020 04:38:39: 4h 38min | Sergei Chedakai(76561198043298972) | Teleport - Target To Me - BFcommando [CIV](76561198119767526)
29.02.2020 04:44:02: 4h 43min | Sergei Chedakai(76561198043298972) | HealRepairNear
29.02.2020 04:47:19: 4h 46min | Sherman(76561198038112694) | Remove Gear - civ_2(76561198043298972)
29.02.2020 04:48:27: 4h 48min | Donnie Turbo(76561198041233395) | UnlimAmmo - 0
29.02.2020 04:48:27: 4h 48min | Donnie Turbo(76561198041233395) | noRecoil - 0
29.02.2020 04:53:17: 4h 52min | Sergei Chedakai(76561198043298972) | Teleport to [3768.48,3195.39,0](GPS: 037001)
29.02.2020 05:09:45: 5h 9min | Sergei Chedakai(76561198043298972) | HealRepairNear
29.02.2020 05:12:49: 5h 12min | Sergei Chedakai(76561198043298972) | HealRepairNear
29.02.2020 05:13:19: 5h 12min | Sherman(76561198038112694) | Move In Target Vehicle - Sergei Chedakai [CIV](76561198043298972)
29.02.2020 05:18:26: 5h 18min | Sherman(76561198038112694) | Kick (Announce) - civ_1(76561198038112694)
29.02.2020 05:25:17: 5h 24min | Donnie Turbo(76561198041233395) | Teleport to [3546.86,3007.98,0](GPS: 035999)
29.02.2020 05:36:50: 5h 36min | Donnie Turbo(76561198041233395) | unlocked - [d3s_taurus_FPI_10]
29.02.2020 05:36:58: 5h 36min | Donnie Turbo(76561198041233395) | locked - [d3s_taurus_FPI_10]
29.02.2020 23:08:45: 11h 8min | Donnie Turbo(76561198041233395) | HealRepairNear
29.02.2020 23:41:19: 11h 41min | Donnie Turbo(76561198041233395) | HealRepairNear
29.02.2020 23:41:19: 11h 41min | Donnie Turbo(76561198041233395) | HealRepairNear
29.02.2020 23:41:20: 11h 41min | Donnie Turbo(76561198041233395) | HealRepairNear
29.02.2020 23:57:00: 11h 56min | Betty Boop White(76561198206026112) | unlocked - [d3s_escalade_16]
