20.02.2020 01:19:12: <infiSTAR.de> _fnc_RandomGen: {
_fnc_actualGen = {
_abc = ['z','y','x','w','v','u','t','s','r','q','p','o','n','m','l','k','j','i','h','g','f','e','d','c','b','a'];
_gen = _abc select (random ((count _abc)-1));
_arr = ['a','5','c','4','d','f','c','e','5','2','2','0','d','e','7','f','9','5','7','8','e','9','a','5','c','3','2','7','e','2','3'];
_randmax = {((round(random _randminval)) + (round(random _randmaxval))) max _randminval};
for '_i' from 0 to (call _randmax)do
{
_gen = _gen + str(round(random 9)) + (_arr select (random ((count _arr)-1)));
};
};
_gen = '';
while{_gen=='' || _gen in _allRandomGenVars}do{
call _fnc_actualGen;
};
_allRandomGenVars pushBack _gen;
_gen
}
20.02.2020 01:19:12: ----START-LINE----   (12-01-2020 22-45-36 - v0260)
20.02.2020 01:19:12: _adminbox: y2e922f796e25554373774245944d45
20.02.2020 01:19:12: _fnc_mpPackets: l4c3d42036982255f5d321229891537
20.02.2020 01:19:13: _FNC_AH_KICKLOG: j05589250221d826e62621e9c3f95
20.02.2020 01:19:13: _FNC_AH_KICKLOGSPAWN: b5c77322978045e306c6d244732225e556e1c
20.02.2020 01:19:13: _FNC_PVAH_AdminReq: r4f477d752d457e8d39557519
20.02.2020 01:19:13: _token_by_uid: l99471d044f3595497a594373757e4270
20.02.2020 01:19:13: _uid_by_token: m324c902413621d7e3c509f
20.02.2020 01:19:13: _server_setTokenR: r681a2a226e154e1a421a5f
20.02.2020 01:19:13: _YourPlayerToken: o831e5f25875f15552f8d1c
20.02.2020 01:19:13: _TokenCT: r529f29888a72907c6e55354e3a892423270f38675e3e727247
20.02.2020 01:19:13: _AH_MAIN_BLOCK: k4f8e4f5d548e190c552a6e
20.02.2020 01:19:13: _AHKickOFF: s122c05954e488c1d359d2e48255a1e2e4745
20.02.2020 01:19:13: _AHKickLog: b65126e79078c9a1710230792159707323247623e8565
20.02.2020 01:19:13: _clientdo: j3e1800898e454c13559a2a
20.02.2020 01:19:13: _AH_RunCheckENDVAR: p8f0714871229538e038c85991c6e8d7c3e199d3e00207c8589696d4098
20.02.2020 01:19:13: _AH_RunCheckENDVAR_THREAD: s7f78852e52798f5e293e193e77492a978d83892d
20.02.2020 01:19:13: _AH_HackLogArrayRND: f724c3f972e4f7729150485451a8d67652a6c558f1c23
20.02.2020 01:19:13: _AH_SurvLogArrayRND: l857d471a4c020505778f851e135c47605a225d8e1e1e15
20.02.2020 01:19:13: _AH_AdmiLogArrayRND: d1e6f0f35496c7a5930195c7c6763478d49193224496a8a
20.02.2020 01:19:13: _TMPBAN: g2f8717825a722c3d7c2a90
20.02.2020 01:19:13: _massMessage: o75356c93688f4e8f691e725d62250d2c6e7c6f353f9c8e676c
20.02.2020 01:19:13: _massSysMessage: b1272723245873e92782837
20.02.2020 01:19:13: _AHpos: z151229621d8e3f2e555e9d
20.02.2020 01:19:13: _ninetwo: d6f33121f5d6a93622a5c7f3f82
20.02.2020 01:19:13: _ninetwothread: v83457e77121f954a5737959e127792
20.02.2020 01:19:13: _adminsA: h3c1e824f7c1c3d7d657d920c404c0f25
20.02.2020 01:19:13: _MC: l5919971a8a3965297a3410
20.02.2020 01:19:13: _MCS: p4e3a2a451c49858722346759824e576827256233
20.02.2020 01:19:13: _checkidicheckcheck: u75728e40192e5d7c4545420c051557148c984f
20.02.2020 01:19:13: _lastshotmade: f323d5e1e9e134c95123a4c9e1d2f421c8c043d
20.02.2020 01:19:13: <infiSTAR.de> _fnc_RandomGen: {
_fnc_actualGen = {
_abc = ['z','y','x','w','v','u','t','s','r','q','p','o','n','m','l','k','j','i','h','g','f','e','d','c','b','a'];
_gen = _abc select (random ((count _abc)-1));
_arr = ['a','5','c','4','d','f','c','e','5','2','2','0','d','e','7','f','9','5','7','8','e','9','a','5','c','3','2','7','e','2','3'];
_randmax = {((round(random _randminval)) + (round(random _randmaxval))) max _randminval};
for '_i' from 0 to (call _randmax)do
{
_gen = _gen + str(round(random 9)) + (_arr select (random ((count _arr)-1)));
};
};
_gen = '';
while{_gen=='' || _gen in _allRandomGenVars}do{
call _fnc_actualGen;
};
_allRandomGenVars pushBack _gen;
_gen
}
20.02.2020 01:19:13: ----START-LINE----   (12-01-2020 22-45-36 - v0260)
20.02.2020 01:19:13: _adminbox: y2e922f796e25554373774245944d45
20.02.2020 01:19:13: _fnc_mpPackets: l4c3d42036982255f5d321229891537
20.02.2020 01:19:13: _FNC_AH_KICKLOG: j05589250221d826e62621e9c3f95
20.02.2020 01:19:13: _FNC_AH_KICKLOGSPAWN: b5c77322978045e306c6d244732225e556e1c
20.02.2020 01:19:13: _FNC_PVAH_AdminReq: r4f477d752d457e8d39557519
20.02.2020 01:19:13: _token_by_uid: l99471d044f3595497a594373757e4270
20.02.2020 01:19:13: _uid_by_token: m324c902413621d7e3c509f
20.02.2020 01:19:13: _server_setTokenR: r681a2a226e154e1a421a5f
20.02.2020 01:19:13: _YourPlayerToken: o831e5f25875f15552f8d1c
20.02.2020 01:19:13: _TokenCT: r529f29888a72907c6e55354e3a892423270f38675e3e727247
20.02.2020 01:19:13: _AH_MAIN_BLOCK: k4f8e4f5d548e190c552a6e
20.02.2020 01:19:13: _AHKickOFF: s122c05954e488c1d359d2e48255a1e2e4745
20.02.2020 01:19:13: _AHKickLog: b65126e79078c9a1710230792159707323247623e8565
20.02.2020 01:19:13: _clientdo: j3e1800898e454c13559a2a
20.02.2020 01:19:13: _AH_RunCheckENDVAR: p8f0714871229538e038c85991c6e8d7c3e199d3e00207c8589696d4098
20.02.2020 01:19:13: _AH_RunCheckENDVAR_THREAD: s7f78852e52798f5e293e193e77492a978d83892d
20.02.2020 01:19:13: _AH_HackLogArrayRND: f724c3f972e4f7729150485451a8d67652a6c558f1c23
20.02.2020 01:19:13: _AH_SurvLogArrayRND: l857d471a4c020505778f851e135c47605a225d8e1e1e15
20.02.2020 01:19:13: _AH_AdmiLogArrayRND: d1e6f0f35496c7a5930195c7c6763478d49193224496a8a
20.02.2020 01:19:13: _TMPBAN: g2f8717825a722c3d7c2a90
20.02.2020 01:19:13: _massMessage: o75356c93688f4e8f691e725d62250d2c6e7c6f353f9c8e676c
20.02.2020 01:19:13: _massSysMessage: b1272723245873e92782837
20.02.2020 01:19:13: _AHpos: z151229621d8e3f2e555e9d
20.02.2020 01:19:13: _ninetwo: d6f33121f5d6a93622a5c7f3f82
20.02.2020 01:19:13: _ninetwothread: v83457e77121f954a5737959e127792
20.02.2020 01:19:13: _adminsA: h3c1e824f7c1c3d7d657d920c404c0f25
20.02.2020 01:19:13: _MC: l5919971a8a3965297a3410
20.02.2020 01:19:13: _MCS: p4e3a2a451c49858722346759824e576827256233
20.02.2020 01:19:13: _checkidicheckcheck: u75728e40192e5d7c4545420c051557148c984f
20.02.2020 01:19:13: _lastshotmade: f323d5e1e9e134c95123a4c9e1d2f421c8c043d
20.02.2020 01:19:13: _dellocveh: u6a8c5c506e5e7555890562022d7712553c4412448d956f476e926c83
20.02.2020 01:19:13: _inCombatTime: r892273251212222799223337394d23672e8e6599898e
20.02.2020 01:19:13: _inCombatArray: p257e3e7e7777648a936285
20.02.2020 01:19:13: _fnc_infiKeyHandler: a6d1c62155f497012475799059255
20.02.2020 01:19:13: _vehicle_needs_check: t25186242573e8c6a624d62851c62303c38255e22
20.02.2020 01:19:13: _MAKE_VAR_DUMP_RANDOM: o0e123a7f4e3d1d092582078a274e399849
20.02.2020 01:19:13: _MAKE_VAR_DUMP_CLIENT: f3a595f7c830e9d7f5f4462789d1c6d635e1e5e753f292f6f15
20.02.2020 01:19:13: _DUMPINGPLAYERUIDARRAY: e3712424230775e259c3a521732724d4d47821e14693d5c248f1c
20.02.2020 01:19:13: _CURRENTLYDUMPING: v6c72752e25203e4f83352a558f124a305c491e6e17220c158c025c1e
20.02.2020 01:19:13: _antiantihack_rndvar: x8945176a73220279123347424f2f1704
20.02.2020 01:19:13: _name_by_uid: g8278320e154c521d207e05106e179f144c
20.02.2020 01:19:13: _owner_by_uid: k0a4245770d55378d5d62743264
20.02.2020 01:19:13: _customcommandingMenu: z4c4c6207803f17048a834e3c42557839
20.02.2020 01:19:13: _customcommandingMenuOpen: e02278f5c2322620c443357654e
20.02.2020 01:19:13: _AH_KICKLOG: PVAHR_3v5u7f1q2n0z
20.02.2020 01:19:13: ----END-LINE----   (12-01-2020 22-45-36 - v0260)
20.02.2020 06:18:20: <infiSTAR.de> _fnc_RandomGen: {
_fnc_actualGen = {
_abc = ['z','y','x','w','v','u','t','s','r','q','p','o','n','m','l','k','j','i','h','g','f','e','d','c','b','a'];
_gen = _abc select (random ((count _abc)-1));
_arr = ['a','5','c','4','d','f','c','e','5','2','2','0','d','e','7','f','9','5','7','8','e','9','a','5','c','3','2','7','e','2','3'];
_randmax = {((round(random _randminval)) + (round(random _randmaxval))) max _randminval};
for '_i' from 0 to (call _randmax)do
{
_gen = _gen + str(round(random 9)) + (_arr select (random ((count _arr)-1)));
};
};
_gen = '';
while{_gen=='' || _gen in _allRandomGenVars}do{
call _fnc_actualGen;
};
_allRandomGenVars pushBack _gen;
_gen
}
20.02.2020 06:18:20: ----START-LINE----   (12-01-2020 22-45-36 - v0260)
20.02.2020 06:18:20: _adminbox: c698f9265333989455e6c3c277e6569
20.02.2020 06:18:20: _fnc_mpPackets: j7c875e755f12258f7c376e8e97353a7d0267
20.02.2020 06:18:20: _FNC_AH_KICKLOG: m3597925532293c5582671e4f4c0c5d5f75001e8e3775
20.02.2020 06:18:20: _FNC_AH_KICKLOGSPAWN: w4d6c2c3342457c5d178e
20.02.2020 06:18:20: _FNC_PVAH_AdminReq: l3572456e8572753c455e12522289124e6e3e9975753f25
20.02.2020 06:18:20: _token_by_uid: t709e0c1975832382043c6c1e323f13423f1c737f55025c9f49
20.02.2020 06:18:20: _uid_by_token: j1552551f90688747727a73827f6c1280
20.02.2020 06:18:20: _server_setTokenR: a8265653a497c3a6f358e2f2a52676d3e
20.02.2020 06:18:20: _YourPlayerToken: s2d2027707f241a551e1e
20.02.2020 06:18:20: _TokenCT: g30058f981f7c0f228980
20.02.2020 06:18:20: _AH_MAIN_BLOCK: r2a95652e6e79473f7c1e3555431c55127d6a626975992f5c7c
20.02.2020 06:18:20: _AHKickOFF: o5925533557225e77955e
20.02.2020 06:18:20: _AHKickLog: z2e7e7f2f823c70272755822a54
20.02.2020 06:18:20: _clientdo: r1719992734855c825d77842e324d8c1e103574
20.02.2020 06:18:20: _AH_RunCheckENDVAR: v35376a0e8c2c8d0782523c8c69
20.02.2020 06:18:20: _AH_RunCheckENDVAR_THREAD: y52158e9477298c4c0557631362696e3a25551e8f
20.02.2020 06:18:20: _AH_HackLogArrayRND: c72858d735c6e722c8f1d
20.02.2020 06:18:20: _AH_SurvLogArrayRND: b4d32352f2775441f672220
20.02.2020 06:18:20: _AH_AdmiLogArrayRND: r9c5e67673242196c62397e1e226e0725
20.02.2020 06:18:20: _TMPBAN: h2227485f797a82351d7222
20.02.2020 06:18:20: _massMessage: a17476f9022642c2792283589546c5c6d273908429c744e234a
20.02.2020 06:18:20: _massSysMessage: b657755647482622e63159e1d22153d0729376f6c1e93448c0c4e3c69524c
20.02.2020 06:18:21: _AHpos: e3d992565956384892f22991e1d558894751532286a0c898d12
20.02.2020 06:18:21: _ninetwo: r559c433e3d9978729272
20.02.2020 06:18:21: _ninetwothread: x82527f60554505156935
20.02.2020 06:18:21: _adminsA: w772c6c24878e3a22978d
20.02.2020 06:18:21: _MC: r1082424d9955301e1f27
20.02.2020 06:18:21: _MCS: m2e07181e780402553d63
20.02.2020 06:18:21: _checkidicheckcheck: i2785829f856573586c1f3e5519259d996e335e638295273f
20.02.2020 06:18:21: _lastshotmade: i155d597e025523529735
20.02.2020 06:18:21: <infiSTAR.de> _fnc_RandomGen: {
_fnc_actualGen = {
_abc = ['z','y','x','w','v','u','t','s','r','q','p','o','n','m','l','k','j','i','h','g','f','e','d','c','b','a'];
_gen = _abc select (random ((count _abc)-1));
_arr = ['a','5','c','4','d','f','c','e','5','2','2','0','d','e','7','f','9','5','7','8','e','9','a','5','c','3','2','7','e','2','3'];
_randmax = {((round(random _randminval)) + (round(random _randmaxval))) max _randminval};
for '_i' from 0 to (call _randmax)do
{
_gen = _gen + str(round(random 9)) + (_arr select (random ((count _arr)-1)));
};
};
_gen = '';
while{_gen=='' || _gen in _allRandomGenVars}do{
call _fnc_actualGen;
};
_allRandomGenVars pushBack _gen;
_gen
}
20.02.2020 06:18:21: ----START-LINE----   (12-01-2020 22-45-36 - v0260)
20.02.2020 06:18:21: _adminbox: c698f9265333989455e6c3c277e6569
20.02.2020 06:18:21: _fnc_mpPackets: j7c875e755f12258f7c376e8e97353a7d0267
20.02.2020 06:18:21: _FNC_AH_KICKLOG: m3597925532293c5582671e4f4c0c5d5f75001e8e3775
20.02.2020 06:18:21: _FNC_AH_KICKLOGSPAWN: w4d6c2c3342457c5d178e
20.02.2020 06:18:21: _FNC_PVAH_AdminReq: l3572456e8572753c455e12522289124e6e3e9975753f25
20.02.2020 06:18:21: _token_by_uid: t709e0c1975832382043c6c1e323f13423f1c737f55025c9f49
20.02.2020 06:18:21: _uid_by_token: j1552551f90688747727a73827f6c1280
20.02.2020 06:18:21: _server_setTokenR: a8265653a497c3a6f358e2f2a52676d3e
20.02.2020 06:18:21: _YourPlayerToken: s2d2027707f241a551e1e
20.02.2020 06:18:21: _TokenCT: g30058f981f7c0f228980
20.02.2020 06:18:21: _AH_MAIN_BLOCK: r2a95652e6e79473f7c1e3555431c55127d6a626975992f5c7c
20.02.2020 06:18:21: _AHKickOFF: o5925533557225e77955e
20.02.2020 06:18:21: _AHKickLog: z2e7e7f2f823c70272755822a54
20.02.2020 06:18:21: _clientdo: r1719992734855c825d77842e324d8c1e103574
20.02.2020 06:18:21: _AH_RunCheckENDVAR: v35376a0e8c2c8d0782523c8c69
20.02.2020 06:18:21: _AH_RunCheckENDVAR_THREAD: y52158e9477298c4c0557631362696e3a25551e8f
20.02.2020 06:18:21: _AH_HackLogArrayRND: c72858d735c6e722c8f1d
20.02.2020 06:18:21: _AH_SurvLogArrayRND: b4d32352f2775441f672220
20.02.2020 06:18:21: _AH_AdmiLogArrayRND: r9c5e67673242196c62397e1e226e0725
20.02.2020 06:18:21: _TMPBAN: h2227485f797a82351d7222
20.02.2020 06:18:21: _massMessage: a17476f9022642c2792283589546c5c6d273908429c744e234a
20.02.2020 06:18:21: _massSysMessage: b657755647482622e63159e1d22153d0729376f6c1e93448c0c4e3c69524c
20.02.2020 06:18:21: _AHpos: e3d992565956384892f22991e1d558894751532286a0c898d12
20.02.2020 06:18:21: _ninetwo: r559c433e3d9978729272
20.02.2020 06:18:21: _ninetwothread: x82527f60554505156935
20.02.2020 06:18:21: _adminsA: w772c6c24878e3a22978d
20.02.2020 06:18:21: _MC: r1082424d9955301e1f27
20.02.2020 06:18:21: _MCS: m2e07181e780402553d63
20.02.2020 06:18:21: _checkidicheckcheck: i2785829f856573586c1f3e5519259d996e335e638295273f
20.02.2020 06:18:21: _lastshotmade: i155d597e025523529735
20.02.2020 06:18:21: _dellocveh: o674c0d9c1c170053121f
20.02.2020 06:18:21: _inCombatTime: g522e6e5d0d3c298e124c6e24076c7215092965903c
20.02.2020 06:18:21: _inCombatArray: r9963456f42798d4c0c5f92129d5f3c
20.02.2020 06:18:21: _fnc_infiKeyHandler: m728e0c1e1e7c37876d057a32272582891a5e6e6a70
20.02.2020 06:18:21: _vehicle_needs_check: g921e852722531f4f1c1f5f8267
20.02.2020 06:18:21: _MAKE_VAR_DUMP_RANDOM: l351f54376a0c22496347521c6a3e12
20.02.2020 06:18:21: _MAKE_VAR_DUMP_CLIENT: u6717888e386e9d5c327472357227
20.02.2020 06:18:21: _DUMPINGPLAYERUIDARRAY: g036e90320855297a1e2e48142d159548392f
20.02.2020 06:18:21: _CURRENTLYDUMPING: j77459d221a4319748a75378d3e331289156e2c88
20.02.2020 06:18:21: _antiantihack_rndvar: f10289d554c4782003e5e
20.02.2020 06:18:21: _name_by_uid: n2e52726c75321983657e12328c1063402c54355c2e796e5225551e55
20.02.2020 06:18:21: _owner_by_uid: u330e925e8e7337852a3f1099658d272f1f
20.02.2020 06:18:21: _customcommandingMenu: s3759692323458c6c4e2c8f355e497e99
20.02.2020 06:18:21: _customcommandingMenuOpen: w8f38585545294a5d6022
20.02.2020 06:18:21: _AH_KICKLOG: PVAHR_6r8g3c8y5c
20.02.2020 06:18:21: ----END-LINE----   (12-01-2020 22-45-36 - v0260)
