28.02.2020 00:01:57: <infiSTAR.de> _fnc_RandomGen: {
_fnc_actualGen = {
_abc = ['z','y','x','w','v','u','t','s','r','q','p','o','n','m','l','k','j','i','h','g','f','e','d','c','b','a'];
_gen = _abc select (random ((count _abc)-1));
_arr = ['a','5','c','4','d','f','c','e','5','2','2','0','d','e','7','f','9','5','7','8','e','9','a','5','c','3','2','7','e','2','3'];
_randmax = {((round(random _randminval)) + (round(random _randmaxval))) max _randminval};
for '_i' from 0 to (call _randmax)do
{
_gen = _gen + str(round(random 9)) + (_arr select (random ((count _arr)-1)));
};
};
_gen = '';
while{_gen=='' || _gen in _allRandomGenVars}do{
call _fnc_actualGen;
};
_allRandomGenVars pushBack _gen;
_gen
}
28.02.2020 00:01:57: ----START-LINE----   (12-01-2020 22-45-36 - v0260)
28.02.2020 00:01:57: _adminbox: y122e1f6017643e2e655d451a7f834888778e7e4d1a052f3943537d
28.02.2020 00:01:57: _fnc_mpPackets: n746548623a2a7a77724e3379556f220998927e4e4295
28.02.2020 00:01:57: _FNC_AH_KICKLOG: n9922137c09429a944f6c442e
28.02.2020 00:01:57: _FNC_AH_KICKLOGSPAWN: o393d3a9d9a852e5a326e3d641e2e48326e
28.02.2020 00:01:57: _FNC_PVAH_AdminReq: c2c353f4e9a1c1d353517123903843c80736572
28.02.2020 00:01:57: _token_by_uid: q6485426e597f4c6e7e871e681f877d59
28.02.2020 00:01:57: _uid_by_token: w725c456c4d5f23256d84122e9a2c53
28.02.2020 00:01:57: _server_setTokenR: i6513843c3e253c70177d
28.02.2020 00:01:57: _YourPlayerToken: e7f190e7f25827f754c4c549a4f02354a321a23829f4342
28.02.2020 00:01:57: _TokenCT: v976a87256d987238755532998f2d7f6793876c086f572d5f33454f84
28.02.2020 00:01:57: _AH_MAIN_BLOCK: c8d229c943e253f5e975845
28.02.2020 00:01:57: _AHKickOFF: w79652d133f382a67523e
28.02.2020 00:01:57: _AHKickLog: c774947755d7d60157f328a5d
28.02.2020 00:01:57: _clientdo: s403387552247535a8e735c67405e
28.02.2020 00:01:58: _AH_RunCheckENDVAR: g024763220a497c3e3f551a7f
28.02.2020 00:01:58: _AH_RunCheckENDVAR_THREAD: v2f7933826d93629f993c2a453c271a0825191d4d696594
28.02.2020 00:01:58: _AH_HackLogArrayRND: n328072955d1e5d7e1e3d6c4513197a6a259a636410303a856f3d
28.02.2020 00:01:58: _AH_SurvLogArrayRND: f7f2e7e0d052e176a6e374e8e73
28.02.2020 00:01:58: _AH_AdmiLogArrayRND: v1734730f8d535723753a
28.02.2020 00:01:58: _TMPBAN: o757c8c924e832c84491713053a4c5e7e3d528e208d124c3843606847
28.02.2020 00:01:58: _massMessage: l5d75357864030900592e551a823e258d7e09187f
28.02.2020 00:01:58: _massSysMessage: c28724c04256c324f7c59238e625e6a27
28.02.2020 00:01:58: _AHpos: t751c9e9567107f634e152e
28.02.2020 00:01:58: _ninetwo: t6e8f02488d7a6e2c374e1c
28.02.2020 00:01:58: _ninetwothread: d25228522649f7e57323e22925520220d
28.02.2020 00:01:58: _adminsA: b8f954e427f15231510356e
28.02.2020 00:01:58: _MC: g5d0732135c773c6519426d7a6c2c2e9988724d6c156a2f8d
28.02.2020 00:01:58: _MCS: r2f5d3a3c328c47447325
28.02.2020 00:01:58: _checkidicheckcheck: l13305708258c3e1e2e27829720
28.02.2020 00:01:58: _lastshotmade: n7c62825d8e0e7a62970e
28.02.2020 00:01:58: _dellocveh: r7c7d078732734a62353e18552f12956555196535
28.02.2020 00:01:58: _inCombatTime: q428c892c127e2572837525421955703a1978872d93377782
28.02.2020 00:01:58: _inCombatArray: v6252804f6c598c2525478c526e42774f571714
28.02.2020 00:01:58: _fnc_infiKeyHandler: o324f8c325355798c92151c1d55033c432342153915458c232f47
28.02.2020 00:01:58: _vehicle_needs_check: q5e4e7512572502472a1e3f322a8f702c423d4e3c6713794583
28.02.2020 00:01:58: _MAKE_VAR_DUMP_RANDOM: d4e378e5d223d7e021487985c327f855f14770e1c5e3e
28.02.2020 00:01:58: _MAKE_VAR_DUMP_CLIENT: v47203963633f5e6e2e559e17722565123a2e8e3584
28.02.2020 00:01:58: _DUMPINGPLAYERUIDARRAY: l826518354c77758e6e4d622947195a0c974c656e
28.02.2020 00:01:58: _CURRENTLYDUMPING: k2e3439008487148e6755
28.02.2020 00:01:58: _antiantihack_rndvar: d490f1225527e250e30993538253e6e2a6d
28.02.2020 00:01:58: _name_by_uid: u253c85221e4022802e402d5a055d77
28.02.2020 00:01:58: _owner_by_uid: o671274425d377c0c3d450c285e7c5e4e12356c8d52
28.02.2020 00:01:58: _customcommandingMenu: l5972470f152d3d7072757a2e423d82221519246f321f79
28.02.2020 00:01:58: _customcommandingMenuOpen: c6239478512771527832474
28.02.2020 00:01:58: _AH_KICKLOG: PVAHR_7u8q1y2e7x4u
28.02.2020 00:01:58: ----END-LINE----   (12-01-2020 22-45-36 - v0260)
28.02.2020 12:02:01: <infiSTAR.de> _fnc_RandomGen: {
_fnc_actualGen = {
_abc = ['z','y','x','w','v','u','t','s','r','q','p','o','n','m','l','k','j','i','h','g','f','e','d','c','b','a'];
_gen = _abc select (random ((count _abc)-1));
_arr = ['a','5','c','4','d','f','c','e','5','2','2','0','d','e','7','f','9','5','7','8','e','9','a','5','c','3','2','7','e','2','3'];
_randmax = {((round(random _randminval)) + (round(random _randmaxval))) max _randminval};
for '_i' from 0 to (call _randmax)do
{
_gen = _gen + str(round(random 9)) + (_arr select (random ((count _arr)-1)));
};
};
_gen = '';
while{_gen=='' || _gen in _allRandomGenVars}do{
call _fnc_actualGen;
};
_allRandomGenVars pushBack _gen;
_gen
}
28.02.2020 12:02:01: ----START-LINE----   (12-01-2020 22-45-36 - v0260)
28.02.2020 12:02:01: _adminbox: v3e325e307d098d1c59272e7222347c87
28.02.2020 12:02:01: _fnc_mpPackets: s02473e124f7d403d67073262
28.02.2020 12:02:01: _FNC_AH_KICKLOG: f1065724e655d158a14224542826935623d58146a38202d4f79
28.02.2020 12:02:01: _FNC_AH_KICKLOGSPAWN: s1c65822815755d7c1a84
28.02.2020 12:02:01: _FNC_PVAH_AdminReq: i127c497d3c2f4d7c62928d27658c228e2732899e6212
28.02.2020 12:02:01: _token_by_uid: p7c6995775c62155583443c3e848e033d2749293212252d72
28.02.2020 12:02:01: _uid_by_token: b2e8c453e4c5d9e2c652263143c5e0c1a9f34255e
28.02.2020 12:02:01: _server_setTokenR: w6e57556a5e27155f2c8d99
28.02.2020 12:02:01: _YourPlayerToken: k77222c7c2c4242085d176345123d304e623f6e073a9d
28.02.2020 12:02:01: _TokenCT: b1d358d257d223a73028e
28.02.2020 12:02:01: _AH_MAIN_BLOCK: t4a4e8c9255654e427c8e
28.02.2020 12:02:01: _AHKickOFF: s1e093802858c1c550f555f
28.02.2020 12:02:01: _AHKickLog: e0410520c372432806e6793856f3f642a13109c3f1f0729
28.02.2020 12:02:01: _clientdo: x630a827e923f873a1f4e
28.02.2020 12:02:01: _AH_RunCheckENDVAR: j8e778d8f196e9e24423f
28.02.2020 12:02:01: _AH_RunCheckENDVAR_THREAD: j829e952e6d5e422523754a7c
28.02.2020 12:02:01: _AH_HackLogArrayRND: q33227e374e898e05206d
28.02.2020 12:02:01: _AH_SurvLogArrayRND: j79396e4744354c175f106c445f8799
28.02.2020 12:02:01: _AH_AdmiLogArrayRND: k721c9f523855181e1c9e3e6e83
28.02.2020 12:02:01: _TMPBAN: x9c456c5984770d80154937990a8e003560824e57253d6d32089252
28.02.2020 12:02:01: _massMessage: k1c6e172237324512897e4d8d33756c2a53083e7543
28.02.2020 12:02:01: _massSysMessage: b7427296e224e79285902221e2f021c1e5c171e
28.02.2020 12:02:01: _AHpos: g6c5e52375a04635c6e224d7c3760779e9d5e4f
28.02.2020 12:02:01: _ninetwo: t2e672e0e444e4c4c072584
28.02.2020 12:02:01: _ninetwothread: g8e32345232520e33541f
28.02.2020 12:02:01: _adminsA: w638297359e355277131d7f6e520d332547291e3210378d3e
28.02.2020 12:02:01: _MC: k85854e82554435024263
28.02.2020 12:02:01: _MCS: q8e723849227e3768128e292d252d4925
28.02.2020 12:02:01: _checkidicheckcheck: p592a7f52639c886d373f72757e2f087e0f636e25
28.02.2020 12:02:01: _lastshotmade: h6e8e1e9569395264381395604f4a72886e736d6285303d8c05
28.02.2020 12:02:01: _dellocveh: p557e293c974d453e5e6853520e
28.02.2020 12:02:01: _inCombatTime: p8557383e4d2c8d6303452a526039622a223287105778777924
28.02.2020 12:02:01: _inCombatArray: j8737894e6f9552124c87
28.02.2020 12:02:01: <infiSTAR.de> _fnc_RandomGen: {
_fnc_actualGen = {
_abc = ['z','y','x','w','v','u','t','s','r','q','p','o','n','m','l','k','j','i','h','g','f','e','d','c','b','a'];
_gen = _abc select (random ((count _abc)-1));
_arr = ['a','5','c','4','d','f','c','e','5','2','2','0','d','e','7','f','9','5','7','8','e','9','a','5','c','3','2','7','e','2','3'];
_randmax = {((round(random _randminval)) + (round(random _randmaxval))) max _randminval};
for '_i' from 0 to (call _randmax)do
{
_gen = _gen + str(round(random 9)) + (_arr select (random ((count _arr)-1)));
};
};
_gen = '';
while{_gen=='' || _gen in _allRandomGenVars}do{
call _fnc_actualGen;
};
_allRandomGenVars pushBack _gen;
_gen
}
28.02.2020 12:02:01: ----START-LINE----   (12-01-2020 22-45-36 - v0260)
28.02.2020 12:02:01: _adminbox: v3e325e307d098d1c59272e7222347c87
28.02.2020 12:02:01: _fnc_mpPackets: s02473e124f7d403d67073262
28.02.2020 12:02:01: _FNC_AH_KICKLOG: f1065724e655d158a14224542826935623d58146a38202d4f79
28.02.2020 12:02:01: _FNC_AH_KICKLOGSPAWN: s1c65822815755d7c1a84
28.02.2020 12:02:01: _FNC_PVAH_AdminReq: i127c497d3c2f4d7c62928d27658c228e2732899e6212
28.02.2020 12:02:01: _token_by_uid: p7c6995775c62155583443c3e848e033d2749293212252d72
28.02.2020 12:02:01: _uid_by_token: b2e8c453e4c5d9e2c652263143c5e0c1a9f34255e
28.02.2020 12:02:01: _server_setTokenR: w6e57556a5e27155f2c8d99
28.02.2020 12:02:01: _YourPlayerToken: k77222c7c2c4242085d176345123d304e623f6e073a9d
28.02.2020 12:02:01: _TokenCT: b1d358d257d223a73028e
28.02.2020 12:02:01: _AH_MAIN_BLOCK: t4a4e8c9255654e427c8e
28.02.2020 12:02:01: _AHKickOFF: s1e093802858c1c550f555f
28.02.2020 12:02:01: _AHKickLog: e0410520c372432806e6793856f3f642a13109c3f1f0729
28.02.2020 12:02:01: _clientdo: x630a827e923f873a1f4e
28.02.2020 12:02:02: _AH_RunCheckENDVAR: j8e778d8f196e9e24423f
28.02.2020 12:02:02: _AH_RunCheckENDVAR_THREAD: j829e952e6d5e422523754a7c
28.02.2020 12:02:02: _AH_HackLogArrayRND: q33227e374e898e05206d
28.02.2020 12:02:02: _AH_SurvLogArrayRND: j79396e4744354c175f106c445f8799
28.02.2020 12:02:02: _AH_AdmiLogArrayRND: k721c9f523855181e1c9e3e6e83
28.02.2020 12:02:02: _TMPBAN: x9c456c5984770d80154937990a8e003560824e57253d6d32089252
28.02.2020 12:02:02: _massMessage: k1c6e172237324512897e4d8d33756c2a53083e7543
28.02.2020 12:02:02: _massSysMessage: b7427296e224e79285902221e2f021c1e5c171e
28.02.2020 12:02:02: _AHpos: g6c5e52375a04635c6e224d7c3760779e9d5e4f
28.02.2020 12:02:02: _ninetwo: t2e672e0e444e4c4c072584
28.02.2020 12:02:02: _ninetwothread: g8e32345232520e33541f
28.02.2020 12:02:02: _adminsA: w638297359e355277131d7f6e520d332547291e3210378d3e
28.02.2020 12:02:02: _MC: k85854e82554435024263
28.02.2020 12:02:02: _MCS: q8e723849227e3768128e292d252d4925
28.02.2020 12:02:02: _checkidicheckcheck: p592a7f52639c886d373f72757e2f087e0f636e25
28.02.2020 12:02:02: _lastshotmade: h6e8e1e9569395264381395604f4a72886e736d6285303d8c05
28.02.2020 12:02:02: _dellocveh: p557e293c974d453e5e6853520e
28.02.2020 12:02:02: _inCombatTime: p8557383e4d2c8d6303452a526039622a223287105778777924
28.02.2020 12:02:02: _inCombatArray: j8737894e6f9552124c87
28.02.2020 12:02:02: _fnc_infiKeyHandler: a3757054c12585d130d6c55078e3d155a151c3a
28.02.2020 12:02:02: _vehicle_needs_check: v658c108c573e99777f251e8e259e
28.02.2020 12:02:02: _MAKE_VAR_DUMP_RANDOM: m22490930673e596f424c348a2a097c72
28.02.2020 12:02:02: _MAKE_VAR_DUMP_CLIENT: d14082c3a824e3f07386c45953f22
28.02.2020 12:02:02: _DUMPINGPLAYERUIDARRAY: z428e8c03828765844f6c77
28.02.2020 12:02:02: _CURRENTLYDUMPING: t036a2f64141f75671f5a509232379a1a8e6c92254e2e126c676e
28.02.2020 12:02:02: _antiantihack_rndvar: g7f184c9c6d956570828e
28.02.2020 12:02:02: _name_by_uid: s7e9729181f855c6340872e35109e4c1392126d8e
28.02.2020 12:02:02: _owner_by_uid: l3712626e25088c62997d20027f12452f37
28.02.2020 12:02:02: _customcommandingMenu: f8c17753953123267278e
28.02.2020 12:02:02: _customcommandingMenuOpen: s2c722f0e0282620a2e882009
28.02.2020 12:02:02: _AH_KICKLOG: PVAHR_6z7z3r7d8f7k6p
28.02.2020 12:02:02: ----END-LINE----   (12-01-2020 22-45-36 - v0260)
28.02.2020 21:00:02: <infiSTAR.de> _fnc_RandomGen: {
_fnc_actualGen = {
_abc = ['z','y','x','w','v','u','t','s','r','q','p','o','n','m','l','k','j','i','h','g','f','e','d','c','b','a'];
_gen = _abc select (random ((count _abc)-1));
_arr = ['a','5','c','4','d','f','c','e','5','2','2','0','d','e','7','f','9','5','7','8','e','9','a','5','c','3','2','7','e','2','3'];
_randmax = {((round(random _randminval)) + (round(random _randmaxval))) max _randminval};
for '_i' from 0 to (call _randmax)do
{
_gen = _gen + str(round(random 9)) + (_arr select (random ((count _arr)-1)));
};
};
_gen = '';
while{_gen=='' || _gen in _allRandomGenVars}do{
call _fnc_actualGen;
};
_allRandomGenVars pushBack _gen;
_gen
}
28.02.2020 21:00:02: ----START-LINE----   (12-01-2020 22-45-36 - v0260)
28.02.2020 21:00:02: _adminbox: u852f2c4d1e75972a956512
28.02.2020 21:00:02: _fnc_mpPackets: q446e476f8e754a4a1e6a42874385352a1267
28.02.2020 21:00:02: _FNC_AH_KICKLOG: u347c4c6f1d87491d40347424433e5a9f357e4789
28.02.2020 21:00:02: _FNC_AH_KICKLOGSPAWN: m97598f888e7c8e3a596745100e7d674a0e7f747e6965
28.02.2020 21:00:02: _FNC_PVAH_AdminReq: y427a321f20352789720222072e29
28.02.2020 21:00:02: _token_by_uid: f720c1f570c2a527a8917223a
28.02.2020 21:00:02: _uid_by_token: o6e89652f0d2515222e8e4984027f12189e1e0c2d40155d575925750237
28.02.2020 21:00:02: _server_setTokenR: b3d7015408e5f5e2c6e6c1f8552524a630e
28.02.2020 21:00:02: _YourPlayerToken: v7c8f4c184e4e6e22057e6e
28.02.2020 21:00:02: _TokenCT: i722459747f0c3c143d6d65827769476c6e3d226c0425
28.02.2020 21:00:02: _AH_MAIN_BLOCK: d40152e642c324a300c7e3d8e099d5c9599825f
28.02.2020 21:00:02: _AHKickOFF: e421e0d7a298257135014824c8e
28.02.2020 21:00:02: _AHKickLog: l4d1f477e373c9c58992e2707335e
28.02.2020 21:00:02: _clientdo: t535e296722602e394f4e1e54
28.02.2020 21:00:02: _AH_RunCheckENDVAR: r8c4c725c1a6953622225152d75020a7292774573
28.02.2020 21:00:02: _AH_RunCheckENDVAR_THREAD: b2517589e6347753f434a282077
28.02.2020 21:00:02: _AH_HackLogArrayRND: t4c37432019376559276f
28.02.2020 21:00:03: _AH_SurvLogArrayRND: p137a8d659c6742632709
28.02.2020 21:00:03: _AH_AdmiLogArrayRND: n6a7537821c8c741c3a65842e8272541443483e4e1f727f977777
28.02.2020 21:00:03: _TMPBAN: s0e227c6e59357442745f6d5f7f2e7d97
28.02.2020 21:00:03: _massMessage: u5a623557923f8469838c158d47154a0e42722f5d071e7c
28.02.2020 21:00:03: _massSysMessage: q3059052279857535224d6d15696237656a7d0e48721c8e5c
28.02.2020 21:00:03: _AHpos: f2f4e7e972d6c148c55455c3e4c
28.02.2020 21:00:03: _ninetwo: m752e32808e5017754d2c6f
28.02.2020 21:00:03: _ninetwothread: u8e791d1a8e0c852f9c40374747
28.02.2020 21:00:03: _adminsA: t5e7968024c9c74622a2e4d1a424e5252754f65
28.02.2020 21:00:03: _MC: w87636405838e3925887a8e352f
28.02.2020 21:00:03: _MCS: x34727d75271285129f49
28.02.2020 21:00:03: _checkidicheckcheck: i6a6e52828e672f48585c258e5c627d553d32
28.02.2020 21:00:03: _lastshotmade: b495717506e8f1e837d25303c35857f
28.02.2020 21:00:03: <infiSTAR.de> _fnc_RandomGen: {
_fnc_actualGen = {
_abc = ['z','y','x','w','v','u','t','s','r','q','p','o','n','m','l','k','j','i','h','g','f','e','d','c','b','a'];
_gen = _abc select (random ((count _abc)-1));
_arr = ['a','5','c','4','d','f','c','e','5','2','2','0','d','e','7','f','9','5','7','8','e','9','a','5','c','3','2','7','e','2','3'];
_randmax = {((round(random _randminval)) + (round(random _randmaxval))) max _randminval};
for '_i' from 0 to (call _randmax)do
{
_gen = _gen + str(round(random 9)) + (_arr select (random ((count _arr)-1)));
};
};
_gen = '';
while{_gen=='' || _gen in _allRandomGenVars}do{
call _fnc_actualGen;
};
_allRandomGenVars pushBack _gen;
_gen
}
28.02.2020 21:00:03: ----START-LINE----   (12-01-2020 22-45-36 - v0260)
28.02.2020 21:00:03: _adminbox: u852f2c4d1e75972a956512
28.02.2020 21:00:03: _fnc_mpPackets: q446e476f8e754a4a1e6a42874385352a1267
28.02.2020 21:00:03: _FNC_AH_KICKLOG: u347c4c6f1d87491d40347424433e5a9f357e4789
28.02.2020 21:00:03: _FNC_AH_KICKLOGSPAWN: m97598f888e7c8e3a596745100e7d674a0e7f747e6965
28.02.2020 21:00:03: _FNC_PVAH_AdminReq: y427a321f20352789720222072e29
28.02.2020 21:00:03: _token_by_uid: f720c1f570c2a527a8917223a
28.02.2020 21:00:03: _uid_by_token: o6e89652f0d2515222e8e4984027f12189e1e0c2d40155d575925750237
28.02.2020 21:00:03: _server_setTokenR: b3d7015408e5f5e2c6e6c1f8552524a630e
28.02.2020 21:00:03: _YourPlayerToken: v7c8f4c184e4e6e22057e6e
28.02.2020 21:00:03: _TokenCT: i722459747f0c3c143d6d65827769476c6e3d226c0425
28.02.2020 21:00:03: _AH_MAIN_BLOCK: d40152e642c324a300c7e3d8e099d5c9599825f
28.02.2020 21:00:03: _AHKickOFF: e421e0d7a298257135014824c8e
28.02.2020 21:00:03: _AHKickLog: l4d1f477e373c9c58992e2707335e
28.02.2020 21:00:03: _clientdo: t535e296722602e394f4e1e54
28.02.2020 21:00:03: _AH_RunCheckENDVAR: r8c4c725c1a6953622225152d75020a7292774573
28.02.2020 21:00:03: _AH_RunCheckENDVAR_THREAD: b2517589e6347753f434a282077
28.02.2020 21:00:03: _AH_HackLogArrayRND: t4c37432019376559276f
28.02.2020 21:00:03: _AH_SurvLogArrayRND: p137a8d659c6742632709
28.02.2020 21:00:03: _AH_AdmiLogArrayRND: n6a7537821c8c741c3a65842e8272541443483e4e1f727f977777
28.02.2020 21:00:03: _TMPBAN: s0e227c6e59357442745f6d5f7f2e7d97
28.02.2020 21:00:03: _massMessage: u5a623557923f8469838c158d47154a0e42722f5d071e7c
28.02.2020 21:00:03: _massSysMessage: q3059052279857535224d6d15696237656a7d0e48721c8e5c
28.02.2020 21:00:03: _AHpos: f2f4e7e972d6c148c55455c3e4c
28.02.2020 21:00:03: _ninetwo: m752e32808e5017754d2c6f
28.02.2020 21:00:03: _ninetwothread: u8e791d1a8e0c852f9c40374747
28.02.2020 21:00:03: _adminsA: t5e7968024c9c74622a2e4d1a424e5252754f65
28.02.2020 21:00:03: _MC: w87636405838e3925887a8e352f
28.02.2020 21:00:03: _MCS: x34727d75271285129f49
28.02.2020 21:00:03: _checkidicheckcheck: i6a6e52828e672f48585c258e5c627d553d32
28.02.2020 21:00:03: _lastshotmade: b495717506e8f1e837d25303c35857f
28.02.2020 21:00:03: _dellocveh: h8c1e642e3c597e672542
28.02.2020 21:00:03: _inCombatTime: t9c1237424363525e0d23
28.02.2020 21:00:03: _inCombatArray: t1c438d1d6777503c8c421c2d6f6973874f7282426517
28.02.2020 21:00:03: _fnc_infiKeyHandler: w4e0e42750e37159c1c371c1427488530222d24
28.02.2020 21:00:03: _vehicle_needs_check: l6d4f223a17597d55443c3749
28.02.2020 21:00:03: _MAKE_VAR_DUMP_RANDOM: e657a1828973c7d399e4768521a67988c3c5262227f
28.02.2020 21:00:03: _MAKE_VAR_DUMP_CLIENT: h6084428c335d95774c92
28.02.2020 21:00:03: _DUMPINGPLAYERUIDARRAY: y33198e874c187d3909251d75
28.02.2020 21:00:03: _CURRENTLYDUMPING: q3749592e94705e9f9c79
28.02.2020 21:00:03: _antiantihack_rndvar: r4c676a179f428e557e2e546c6d5d8f35893237
28.02.2020 21:00:03: _name_by_uid: i7c1214341f733e2d4f9d3560
28.02.2020 21:00:03: _owner_by_uid: c3c2e8f427532521e922e05655f8a984c9e643c272f1e5c6780341e12
28.02.2020 21:00:03: _customcommandingMenu: e5e2375750a4d183564938c65129e2235425e37555f75758f45697c8c
28.02.2020 21:00:03: _customcommandingMenuOpen: d6a4d8d178d857c8c022e
28.02.2020 21:00:03: _AH_KICKLOG: PVAHR_6u5l1j2d8t4v
28.02.2020 21:00:03: ----END-LINE----   (12-01-2020 22-45-36 - v0260)
