12.02.2020 00:01:10: WarFire(76561198150464364) CLIENT OWNER ID [27], TOKEN [kbgt8rnnw6p0dk37nlp]
12.02.2020 00:43:27: Héctor "Lil Loco" Arturo(76561197999316388) CLIENT OWNER ID [30], TOKEN [yd76lmphn3l5kzha8]
12.02.2020 01:28:15: HoyoBani(76561198105940600) CLIENT OWNER ID [8], TOKEN [jdb3i7kc1np4jhfhh4h]
12.02.2020 01:36:46: Amado Carrillo fuentes(76561198354844800) CLIENT OWNER ID [9], TOKEN [guowoqebrydokem]
12.02.2020 01:37:24: [1K-33] R. Tjay(76561198883479728) CLIENT OWNER ID [13], TOKEN [weku9tm4lp5lp2]
12.02.2020 01:37:25: Nino Marino(76561198206026112) CLIENT OWNER ID [12], TOKEN [xubl6dume23jpj7]
12.02.2020 01:40:50: [220]Para.R.Tjay(76561198883479728) CLIENT OWNER ID [15], TOKEN [s8553t6v01oq6m7vq]
12.02.2020 01:49:12: Low_Poly_Man(76561198137223112) CLIENT OWNER ID [16], TOKEN [dzbc1ftcb6ajq2fh]
12.02.2020 01:50:56: Alexander.Rios(76561198037915534) CLIENT OWNER ID [17], TOKEN [a8yfzetlqu8g3i]
12.02.2020 01:53:58: [3k-66] W.Blades(76561198281290777) CLIENT OWNER ID [18], TOKEN [tvmmw8pdc7sx7f9b]
12.02.2020 01:55:17: Jackz(76561198391774624) CLIENT OWNER ID [19], TOKEN [s119mpso1il4r2]
12.02.2020 02:01:24: WarFire(76561198150464364) CLIENT OWNER ID [20], TOKEN [mi76ct2jnvk67uzj]
12.02.2020 02:02:03: [1K-33] R. Tjay(76561198883479728) CLIENT OWNER ID [21], TOKEN [o0b4sdpck1ye12kme]
12.02.2020 02:19:06: [3k-66] W.Blades(76561198281290777) CLIENT OWNER ID [24], TOKEN [cg7536751inbck47i]
12.02.2020 02:22:35: Amado Carrillo fuentes(76561198354844800) CLIENT OWNER ID [9], TOKEN [t7om3yuo2xdsjww3]
12.02.2020 03:02:09: AL "BIG AL" GAMBINO(76561198361509989) CLIENT OWNER ID [27], TOKEN [dtfkin6c67bvy5y]
12.02.2020 04:01:47: Low_Poly_Man(76561198137223112) CLIENT OWNER ID [29], TOKEN [ydb4m47wtik3if2vfv]
12.02.2020 04:14:14: Robert Kennedy(76561198083728776) CLIENT OWNER ID [30], TOKEN [mvl5c3illvubsowcc]
12.02.2020 04:18:51: Zander Marino(76561198180893505) CLIENT OWNER ID [33], TOKEN [dy7qrypjygwswntih]
12.02.2020 04:20:52: Rick Cheney(76561198860031547) CLIENT OWNER ID [34], TOKEN [nhtvxoa54rn77p]
12.02.2020 04:37:13: Robert Kennedy(76561198083728776) CLIENT OWNER ID [30], TOKEN [cwlwtgqces2r4cjk0kr]
12.02.2020 04:47:59: Robert Kennedy(76561198083728776) CLIENT OWNER ID [30], TOKEN [nus81l93r1q1siq]
12.02.2020 04:53:34: Sergei Kovacic(76561198043298972) CLIENT OWNER ID [37], TOKEN [ef6fr8edhmyt0t5bilg]
12.02.2020 05:05:23: Héctor "Lil Loco" Arturo(76561197999316388) CLIENT OWNER ID [41], TOKEN [et0o3wvlnwbg34]
12.02.2020 05:21:45: Jbo Marino[201](76561198206026112) CLIENT OWNER ID [43], TOKEN [hvbbfgews8p16p0c97]
12.02.2020 05:48:02: Zander Marino(76561198180893505) CLIENT OWNER ID [33], TOKEN [fu1ohu5l06lj15j2]
12.02.2020 06:12:23: Zander Marino(76561198180893505) CLIENT OWNER ID [44], TOKEN [k6pj7bh7ujwy2p5fe]
12.02.2020 13:35:28: Joshua(76561198868770108) CLIENT OWNER ID [45], TOKEN [yebblblzc5uyx7u]
12.02.2020 16:46:24: Low_Poly_Man(76561198137223112) CLIENT OWNER ID [47], TOKEN [rxjpkje1f0wq0fcff]
12.02.2020 16:53:55: WarFire(76561198150464364) CLIENT OWNER ID [48], TOKEN [lbrs1objpp73zcw1p]
12.02.2020 17:28:27: Low_Poly_Man(76561198137223112) CLIENT OWNER ID [50], TOKEN [koxj5umbmzz034p9]
12.02.2020 17:29:55: WarFire(76561198150464364) CLIENT OWNER ID [49], TOKEN [uwlxbohbx02jnom]
12.02.2020 18:39:17: S.Kingston(76561198046640450) CLIENT OWNER ID [51], TOKEN [ba3sz6yn6dl4ct7bjx]
12.02.2020 20:21:30: Thomas Woods(76561198174871239) CLIENT OWNER ID [53], TOKEN [h1m5kdivnq7jny1w6k7]
12.02.2020 20:24:02: Thomas Woods(76561198174871239) CLIENT OWNER ID [53], TOKEN [cc101qsqu6d6qu]
12.02.2020 20:26:14: Thomas Woods(76561198174871239) CLIENT OWNER ID [53], TOKEN [q4cxhe7eujx837]
12.02.2020 21:17:31: Kyatt Demon(76561198159595292) CLIENT OWNER ID [55], TOKEN [bxryg10k7t5fv0dcsln]
12.02.2020 21:46:46: Sergei Kovacic(76561198043298972) CLIENT OWNER ID [56], TOKEN [u6girokl6zczdg]
12.02.2020 21:50:55: WarFire(76561198150464364) CLIENT OWNER ID [57], TOKEN [j6g7okmezmplop5jypk]
12.02.2020 21:52:06: Donnie Turbo(76561198041233395) CLIENT OWNER ID [58], TOKEN [y5oltky5dcxwwmr]
12.02.2020 21:54:27: Low_Poly_Man(76561198137223112) CLIENT OWNER ID [59], TOKEN [ilpxjbgxtcm116c69]
12.02.2020 21:58:53: TrueSpartacus(76561198304771417) CLIENT OWNER ID [61], TOKEN [rdniy82anxv6gdpjtk]
12.02.2020 21:59:32: [1K-33] R. Tjay(76561198883479728) CLIENT OWNER ID [62], TOKEN [e0wge0mkztjq18x]
12.02.2020 22:32:22: Jbo Marino[201](76561198206026112) CLIENT OWNER ID [60], TOKEN [qbmd0dua25k022hr]
12.02.2020 22:34:39: AL "BIG AL" GAMBINO(76561198361509989) CLIENT OWNER ID [63], TOKEN [jdwuf7k4t2b9gnm]
12.02.2020 23:01:01: Kyatt Demon(76561198159595292) CLIENT OWNER ID [64], TOKEN [vcgwqd4cw140ei]
12.02.2020 23:01:04: [1K-33] R. Tjay(76561198883479728) CLIENT OWNER ID [65], TOKEN [o7ggvrjenievo4lk]
12.02.2020 23:02:40: TrueSpartacus(76561198304771417) CLIENT OWNER ID [66], TOKEN [ovd845ruyzn74i9]
12.02.2020 23:04:20: Sergei Kovacic(76561198043298972) CLIENT OWNER ID [56], TOKEN [wpot4fr5vcdkvs0]
12.02.2020 23:26:37: [3k-66] W.Blades(76561198281290777) CLIENT OWNER ID [69], TOKEN [lfcuztes1di4nfkeo]
12.02.2020 23:38:51: Jackz(76561198391774624) CLIENT OWNER ID [70], TOKEN [wltus0ayh7gyfg9aaj]
12.02.2020 23:56:00: Donnie Turbo(76561198041233395) CLIENT OWNER ID [58], TOKEN [uo8z6umsdicbej3heu]
