28.02.2020 00:01:58: infiSTAR_PlayerConnected_id: 1
28.02.2020 00:01:58: infiSTAR_PlayerDisconnected_id: 0
28.02.2020 00:41:53: 0h 41min | Connected: Donnie Turbo(76561198041233395 - 4) - time: 2396.68 - serverFPS: 45.977
28.02.2020 01:03:02: 1h 2min | Connected: John Anderson(76561198180893505 - 6) - time: 3664.55 - serverFPS: 45.4545
28.02.2020 01:28:42: 1h 28min | Connected: luke(76561198264871362 - 7) - time: 5204.79 - serverFPS: 45.7143
28.02.2020 01:35:03: 1h 34min | Connected: Axel Jones(76561198091943121 - 8) - time: 5585.92 - serverFPS: 45.3258
28.02.2020 01:43:44: 1h 43min | Disconnected: Donnie Turbo(76561198041233395 - 4) - time: 6106.61 - serverFPS: 45.7143
28.02.2020 01:44:04: 1h 43min | Connected: Amado Carrillo fuentes(76561198354844800 - 9) - time: 6126.22 - serverFPS: 45.584
28.02.2020 01:47:40: 1h 47min | Connected: Donnie Turbo(76561198041233395 - 10) - time: 6341.94 - serverFPS: 45.3258
28.02.2020 01:54:47: 1h 54min | Disconnected: Axel Jones(76561198091943121 - 8) - time: 6768.98 - serverFPS: 47.4777
28.02.2020 02:35:25: 2h 35min | Connected: Bob Lee Swagger(76561198318724805 - 11) - time: 9204.91 - serverFPS: 46.7836
28.02.2020 02:41:08: 2h 40min | Disconnected: Amado Carrillo fuentes(76561198354844800 - 9) - time: 9547.96 - serverFPS: 47.4777
28.02.2020 03:39:30: 3h 39min | Disconnected: Bob Lee Swagger(76561198318724805 - 11) - time: 13047.1 - serverFPS: 45.3258
28.02.2020 03:58:03: 3h 57min | Disconnected: luke(76561198264871362 - 7) - time: 14159.9 - serverFPS: 46.6472
28.02.2020 04:01:01: 4h 0min | Disconnected: Donnie Turbo(76561198041233395 - 10) - time: 14336.9 - serverFPS: 45.584
28.02.2020 04:04:18: 4h 3min | Disconnected: John Anderson(76561198180893505 - 6) - time: 14534.4 - serverFPS: 45.7143
28.02.2020 04:14:10: 4h 13min | Connected: Stanley Thompson [1K-75](76561198180893505 - 12) - time: 15126.9 - serverFPS: 46.5116
28.02.2020 04:24:53: 4h 24min | Connected: Donnie Turbo(76561198041233395 - 14) - time: 15769.3 - serverFPS: 46.6472
28.02.2020 04:45:42: 4h 45min | Disconnected: Stanley Thompson [1K-75](76561198180893505 - 12) - time: 17017.9 - serverFPS: 46.3768
28.02.2020 05:22:00: 5h 21min | Connected: Sherman(76561198038112694 - 16) - time: 19195.4 - serverFPS: 45.3258
28.02.2020 05:25:15: 5h 24min | Disconnected: Sherman(76561198038112694 - 16) - time: 19390.5 - serverFPS: 45.4545
28.02.2020 05:25:27: 5h 25min | Connected: Sherman(76561198038112694 - 16) - time: 19402.7 - serverFPS: 46.9208
28.02.2020 05:26:31: 5h 26min | Connected: luke(76561198264871362 - 17) - time: 19466 - serverFPS: 45.8453
28.02.2020 05:27:35: 5h 27min | Connected: Stanley Thompson [1K-75](76561198180893505 - 18) - time: 19530.6 - serverFPS: 47.3373
28.02.2020 05:31:34: 5h 31min | Disconnected: luke(76561198264871362 - 17) - time: 19769.5 - serverFPS: 45.4545
28.02.2020 06:10:42: 6h 10min | Disconnected: Sherman(76561198038112694 - 16) - time: 22117 - serverFPS: 45.584
28.02.2020 06:11:29: 6h 11min | Disconnected: Donnie Turbo(76561198041233395 - 14) - time: 22163.5 - serverFPS: 45.8453
28.02.2020 06:11:29: 6h 11min | Disconnected: Stanley Thompson [1K-75](76561198180893505 - 18) - time: 22163.6 - serverFPS: 45.8453
28.02.2020 12:02:02: infiSTAR_PlayerConnected_id: 1
28.02.2020 12:02:02: infiSTAR_PlayerDisconnected_id: 0
28.02.2020 21:00:03: infiSTAR_PlayerConnected_id: 1
28.02.2020 21:00:03: infiSTAR_PlayerDisconnected_id: 0
28.02.2020 22:08:08: 1h 9min | Connected: Stanley Thompson [1K-75](76561198180893505 - 5) - time: 4086.9 - serverFPS: 46.1095
28.02.2020 22:09:11: 1h 10min | Disconnected: Stanley Thompson [1K-75](76561198180893505 - 5) - time: 4149.67 - serverFPS: 45.584
28.02.2020 22:20:13: 1h 21min | Connected: Stanley Thompson [1K-75](76561198180893505 - 6) - time: 4811.9 - serverFPS: 46.6472
28.02.2020 22:36:26: 1h 38min | Disconnected: Stanley Thompson [1K-75](76561198180893505 - 6) - time: 5784.4 - serverFPS: 45.584
28.02.2020 22:38:02: 1h 39min | Connected: John Anderson(76561198180893505 - 7) - time: 5880.72 - serverFPS: 45.7143
28.02.2020 23:05:41: 2h 7min | Connected: Low_Poly_Man(76561198137223112 - 8) - time: 7538.69 - serverFPS: 45.4545
28.02.2020 23:30:16: 2h 31min | Disconnected: Low_Poly_Man(76561198137223112 - 8) - time: 9013.34 - serverFPS: 45.4545
28.02.2020 23:45:57: 2h 47min | Connected: Donnie Turbo(76561198041233395 - 9) - time: 9953.4 - serverFPS: 45.4545
