26.01.2020 03:33:00: <infiSTAR.de> _fnc_RandomGen: {
_fnc_actualGen = {
_abc = ['z','y','x','w','v','u','t','s','r','q','p','o','n','m','l','k','j','i','h','g','f','e','d','c','b','a'];
_gen = _abc select (random ((count _abc)-1));
_arr = ['a','5','c','4','d','f','c','e','5','2','2','0','d','e','7','f','9','5','7','8','e','9','a','5','c','3','2','7','e','2','3'];
_randmax = {((round(random _randminval)) + (round(random _randmaxval))) max _randminval};
for '_i' from 0 to (call _randmax)do
{
_gen = _gen + str(round(random 9)) + (_arr select (random ((count _arr)-1)));
};
};
_gen = '';
while{_gen=='' || _gen in _allRandomGenVars}do{
call _fnc_actualGen;
};
_allRandomGenVars pushBack _gen;
_gen
}
26.01.2020 03:33:00: ----START-LINE----   (12-01-2020 22-45-36 - v0260)
26.01.2020 03:33:00: _adminbox: s7f4d1e2795586282658c0a657e32774d779e5367
26.01.2020 03:33:00: _fnc_mpPackets: q45693d39659f252f2c9e7d8f1c3e62
26.01.2020 03:33:00: _FNC_AH_KICKLOG: o8a671a2a8d8e1237755e555d02043297137a555233
26.01.2020 03:33:00: _FNC_AH_KICKLOGSPAWN: b522a92159720320c471a
26.01.2020 03:33:00: _FNC_PVAH_AdminReq: l49674e3f1e727034675f32492c7c720e7595
26.01.2020 03:33:00: _token_by_uid: u2255453e2f1e7e1d8f0e655c6222824e6c
26.01.2020 03:33:00: _uid_by_token: w1e3c72329d158f1992051e67434e1232
26.01.2020 03:33:00: _server_setTokenR: c8232196a0e64174e3e091a350989455c421c156f792887
26.01.2020 03:33:00: _YourPlayerToken: s0d986e7e17623a5e3555
26.01.2020 03:33:00: _TokenCT: b7d2215121522754f454e436e2c5f
26.01.2020 03:33:00: _AH_MAIN_BLOCK: w575c5925825f677a226025627522724c7c6548
26.01.2020 03:33:00: _AHKickOFF: b5f8e8f6d622e3a5c2f327c825232751830541c686f27903d1e7c
26.01.2020 03:33:00: _AHKickLog: z35159c540e124a6269325533621267656367
26.01.2020 03:33:00: _clientdo: u7d6f7c65591e709a0a9f356f637e1e7e70154705
26.01.2020 03:33:00: _AH_RunCheckENDVAR: q524c5282836e8e252c798e5d5e82647a
26.01.2020 03:33:00: _AH_RunCheckENDVAR_THREAD: h528c30597e7f633299131565
26.01.2020 03:33:00: _AH_HackLogArrayRND: q55625f898c4555256e3e
26.01.2020 03:33:00: _AH_SurvLogArrayRND: t98476e123554826f678f4f5f
26.01.2020 03:33:00: _AH_AdmiLogArrayRND: s8765728e5e354f675725
26.01.2020 03:33:00: _TMPBAN: t6c821359354f69274e22
26.01.2020 03:33:00: _massMessage: d4e84540c5d784f29956a387747377e73957925827e47422285696e1e
26.01.2020 03:33:00: _massSysMessage: v224e0c7233872f83096e57553e
26.01.2020 03:33:00: _AHpos: k07755905693f75699375
26.01.2020 03:33:00: _ninetwo: e6c1e8e6555342545125f7d7e65572d7a8f
26.01.2020 03:33:00: _ninetwothread: n1c536c4e754e33826598388c02835d97587d5c952d39
26.01.2020 03:33:00: _adminsA: w99752c8c2263591d2942358a5c198f0c2c
26.01.2020 03:33:00: _MC: l557e828255326597237a85155c722e5c32989f123c623307
26.01.2020 03:33:00: _MCS: r820e8253935e94853c2e5c8267176f988a978c1548
26.01.2020 03:33:00: _checkidicheckcheck: n582d4f3c323f40477e7d
26.01.2020 03:33:01: _lastshotmade: n258e6c7d4c37138e8c3f2775
26.01.2020 03:33:01: _dellocveh: l35437e9f3e3d5a574025576c6532575f472f20
26.01.2020 03:33:01: _inCombatTime: c7280951a5c4785390e64
26.01.2020 03:33:01: _inCombatArray: r2222854d329e307560228e6c153027333d2a3c48558c9d
26.01.2020 03:33:01: _fnc_infiKeyHandler: l83552777145f350737575e822e456492826245
26.01.2020 03:33:01: _vehicle_needs_check: q8f9c028c4d1f4545450575934a52725e925e1575
26.01.2020 03:33:01: _MAKE_VAR_DUMP_RANDOM: c6e3f8e8e5c6e85795f628c85
26.01.2020 03:33:01: _MAKE_VAR_DUMP_CLIENT: u4e2e723c1252990e7e1d6448352f2c8252
26.01.2020 03:33:01: _DUMPINGPLAYERUIDARRAY: c2225705f457c6d591507027e0e62431e80802c850d
26.01.2020 03:33:01: _CURRENTLYDUMPING: x092f3e3e728a72552735
26.01.2020 03:33:01: _antiantihack_rndvar: p32322c3e184744475d3e026a9e338d427f3a208d6e5e15
26.01.2020 03:33:01: _name_by_uid: n4c6c5e6e124a154509852c
26.01.2020 03:33:01: _owner_by_uid: p6725152265457d23723c83654d
26.01.2020 03:33:01: _customcommandingMenu: w6512755d73128c451d45
26.01.2020 03:33:01: _customcommandingMenuOpen: i1c7e7c59039709191e33
26.01.2020 03:33:01: _AH_KICKLOG: PVAHR_3c7v5u7f3s9w
26.01.2020 03:33:01: ----END-LINE----   (12-01-2020 22-45-36 - v0260)
