28.01.2020 00:00:35: 3h 27min | Donnie Turbo(76561198041233395) | Deleting GroundWeaponHolder @038000..
28.01.2020 00:02:37: 3h 29min | Boyevik Butch-Mac Volkev(76561198089960350) | Stealth / Invisible - 0
28.01.2020 00:02:38: 3h 29min | Boyevik Butch-Mac Volkev(76561198089960350) | God Mode - 0
28.01.2020 00:03:14: 3h 29min | Boyevik Butch-Mac Volkev(76561198089960350) | Teleport to [3612.07,3305.54,0](GPS: 036002)
28.01.2020 00:04:30: 3h 31min | Boyevik Butch-Mac Volkev(76561198089960350) | Revive - civ_4(76561198089960350)
28.01.2020 00:08:15: 3h 34min | Boyevik Butch-Mac Volkev(76561198089960350) | Teleport - Target To Me - Mike Hutchinson [CIV](76561198043298972)
28.01.2020 00:08:21: 3h 34min | Boyevik Butch-Mac Volkev(76561198089960350) | HealRepairNear
28.01.2020 00:14:54: 3h 41min | Boyevik Butch-Mac Volkev(76561198089960350) | Revive - civ_4(76561198089960350)
28.01.2020 00:15:42: 3h 42min | Boyevik Butch-Mac Volkev(76561198089960350) | Revive - civ_4(76561198089960350)
28.01.2020 00:19:54: 3h 46min | Boyevik Butch-Mac Volkev(76561198089960350) | 100K Cash
28.01.2020 00:21:50: 3h 48min | Boyevik Butch-Mac Volkev(76561198089960350) | HealRepairNear
28.01.2020 00:22:11: 3h 48min | Boyevik Butch-Mac Volkev(76561198089960350) | HealRepairNear
28.01.2020 00:23:02: 3h 49min | Boyevik Butch-Mac Volkev(76561198089960350) | HealRepairNear
28.01.2020 00:26:58: 3h 53min | Boyevik Butch-Mac Volkev(76561198089960350) | HealRepairNear
28.01.2020 00:29:05: 3h 55min | Boyevik Butch-Mac Volkev(76561198089960350) | Teleport to [3449.15,3129.84,0](GPS: 034000)
28.01.2020 00:32:59: 3h 59min | Boyevik Butch-Mac Volkev(76561198089960350) | Revive - civ_4(76561198089960350)
28.01.2020 00:33:18: 3h 59min | Donnie Turbo(76561198041233395) | Heal - civ_3(76561198041233395)
28.01.2020 00:37:11: 4h 3min | Boyevik Butch-Mac Volkev(76561198089960350) | Revive - civ_4(76561198089960350)
28.01.2020 00:37:18: 4h 3min | Boyevik Butch-Mac Volkev(76561198089960350) | Revive - civ_3(76561198041233395)
28.01.2020 00:38:01: 4h 4min | Donnie Turbo(76561198041233395) | Revive - civ_5(76561198043298972)
28.01.2020 00:38:18: 4h 4min | Boyevik Butch-Mac Volkev(76561198089960350) | God Mode - 1
28.01.2020 00:38:26: 4h 5min | Boyevik Butch-Mac Volkev(76561198089960350) | Teleport In Facing Direction (10m steps) - 1
28.01.2020 00:38:41: 4h 5min | Donnie Turbo(76561198041233395) | Teleport - Target To Me - Boyevik Butch-Mac Volkev [CIV](76561198089960350)
28.01.2020 00:38:45: 4h 5min | Donnie Turbo(76561198041233395) | Heal - civ_3(76561198041233395)
28.01.2020 00:38:48: 4h 5min | Boyevik Butch-Mac Volkev(76561198089960350) | God Mode - 0
28.01.2020 00:41:35: 4h 8min | Donnie Turbo(76561198041233395) | Revive - civ_4(76561198089960350)
28.01.2020 00:41:48: 4h 8min | Boyevik Butch-Mac Volkev(76561198089960350) | God Mode - 1
28.01.2020 00:41:56: 4h 8min | Boyevik Butch-Mac Volkev(76561198089960350) | Teleport to [3094.9,4397.52,0](GPS: 030013)
28.01.2020 00:45:40: 4h 12min | Boyevik Butch-Mac Volkev(76561198089960350) | HealRepairNear
28.01.2020 00:45:54: 4h 12min | Boyevik Butch-Mac Volkev(76561198089960350) | FastFire - 1
28.01.2020 00:45:55: 4h 12min | Boyevik Butch-Mac Volkev(76561198089960350) | UnlimAmmo - 1
28.01.2020 00:45:58: 4h 12min | Boyevik Butch-Mac Volkev(76561198089960350) | Teleport to [3659.17,3248.37,0](GPS: 036001)
28.01.2020 00:47:19: 4h 13min | Boyevik Butch-Mac Volkev(76561198089960350) | spawning HARLEY DAVIDSON CUSTOM BOBBER Rouge (V12_HARLEYBOBBER_Rouge)
28.01.2020 00:48:03: 4h 14min | Donnie Turbo(76561198041233395) | spawning Tractor (C_Tractor_01_F)
28.01.2020 00:49:01: 4h 15min | Donnie Turbo(76561198041233395) | Deleting C_Tractor_01_F @036001..
28.01.2020 00:55:10: 4h 21min | Boyevik Butch-Mac Volkev(76561198089960350) | Teleport - Target To Me - Wyclef [CIV](76561198038112694)
28.01.2020 01:04:21: 4h 30min | [1k-40] Jose Santana(76561198206026112) | God Mode - 1
28.01.2020 01:04:23: 4h 31min | [1k-40] Jose Santana(76561198206026112) | SPECTATE - switchedCamera on Boyevik Butch-Mac Volkev(76561198089960350) - V12_HARLEYBOBBER_Rouge
28.01.2020 01:04:26: 4h 31min | [1k-40] Jose Santana(76561198206026112) | SPECTATE - switchedCamera on Donnie Turbo(76561198041233395) - C_man_1
28.01.2020 01:04:27: 4h 31min | Donnie Turbo(76561198041233395) | UnlimAmmo - 1
28.01.2020 01:04:29: 4h 31min | [1k-40] Jose Santana(76561198206026112) | SPECTATE - switchedCamera on Boyevik Butch-Mac Volkev(76561198089960350) - V12_HARLEYBOBBER_Rouge
28.01.2020 01:04:32: 4h 31min | [1k-40] Jose Santana(76561198206026112) | SPECTATE - switchedCamera on Mike Hutchinson(76561198043298972) - d3s_gl63amg_12_SE
28.01.2020 01:04:33: 4h 31min | [1k-40] Jose Santana(76561198206026112) | SPECTATE - switchedCamera on Thomas Woods(76561198174871239) - C_man_1
28.01.2020 01:04:41: 4h 31min | [1k-40] Jose Santana(76561198206026112) | SPECTATE - switchedCamera on Wyclef(76561198038112694) - C_man_1
28.01.2020 01:04:43: 4h 31min | [1k-40] Jose Santana(76561198206026112) | SPECTATE - switchedCamera on xMADxHATERx(76561198281126215) - C_man_1
28.01.2020 01:04:47: 4h 31min | [1k-40] Jose Santana(76561198206026112) | SPECTATE - switchedCamera on Thomas Woods(76561198174871239) - C_man_1
28.01.2020 01:04:53: 4h 31min | [1k-40] Jose Santana(76561198206026112) | SPECTATE - switchedCamera on Boyevik Butch-Mac Volkev(76561198089960350) - V12_HARLEYBOBBER_Rouge
28.01.2020 01:06:07: 4h 32min | Boyevik Butch-Mac Volkev(76561198089960350) | Revive - civ_6(76561198038112694)
28.01.2020 01:06:51: 4h 33min | [1k-40] Jose Santana(76561198206026112) | SPECTATE - switchedCamera on Wyclef(76561198038112694) - amaca_civ
28.01.2020 01:06:58: 4h 33min | Boyevik Butch-Mac Volkev(76561198089960350) | locked - [V12_HARLEYBOBBER_Rouge]
28.01.2020 01:08:22: 4h 35min | Donnie Turbo(76561198041233395) | spawning PDW2000 9 mm (hgun_PDW2000_F)
28.01.2020 01:08:51: 4h 35min | Donnie Turbo(76561198041233395) | Deleting WeaponHolderSimulated @036001..
28.01.2020 01:08:51: 4h 35min | Boyevik Butch-Mac Volkev(76561198089960350) | unlocked - [V12_HARLEYBOBBER_Rouge]
28.01.2020 01:09:05: 4h 35min | Boyevik Butch-Mac Volkev(76561198089960350) | locked - [V12_HARLEYBOBBER_Rouge]
28.01.2020 01:09:43: 4h 36min | Boyevik Butch-Mac Volkev(76561198089960350) | unlocked - [V12_HARLEYBOBBER_Rouge]
28.01.2020 01:16:08: 4h 42min | [1k-40] Jose Santana(76561198206026112) | SPECTATE - switchedCamera on Boyevik Butch-Mac Volkev(76561198089960350) - amaca_civ
28.01.2020 01:16:19: 4h 42min | [1k-40] Jose Santana(76561198206026112) | SPECTATE - switchedCamera on Donnie Turbo(76561198041233395) - V12_APRILIAMXV4504
28.01.2020 01:16:23: 4h 43min | [1k-40] Jose Santana(76561198206026112) | SPECTATE - switchedCamera on Mike Hutchinson(76561198043298972) - B_RangeMaster_F
28.01.2020 01:16:29: 4h 43min | [1k-40] Jose Santana(76561198206026112) | SPECTATE - switchedCamera on Thomas Woods(76561198174871239) - C_man_1
28.01.2020 01:16:37: 4h 43min | [1k-40] Jose Santana(76561198206026112) | SPECTATE - switchedCamera on Wyclef(76561198038112694) - amaca_civ
28.01.2020 01:16:39: 4h 43min | [1k-40] Jose Santana(76561198206026112) | SPECTATE - switchedCamera on xMADxHATERx(76561198281126215) - C_man_1
28.01.2020 01:17:02: 4h 43min | [1k-40] Jose Santana(76561198206026112) | Heal - civ_2(76561198281126215)
28.01.2020 01:17:27: 4h 44min | [1k-40] Jose Santana(76561198206026112) | SPECTATE - switchedCamera on Thomas Woods(76561198174871239) - C_man_1
28.01.2020 01:17:35: 4h 44min | [1k-40] Jose Santana(76561198206026112) | SPECTATE - switchedCamera on Wyclef(76561198038112694) - amaca_civ
28.01.2020 01:17:48: 4h 44min | [1k-40] Jose Santana(76561198206026112) | SPECTATE - switchedCamera on Donnie Turbo(76561198041233395) - C_man_1
28.01.2020 01:17:56: 4h 44min | [1k-40] Jose Santana(76561198206026112) | SPECTATE - switchedCamera on xMADxHATERx(76561198281126215) - C_man_1
28.01.2020 01:26:25: 4h 53min | Boyevik Butch-Mac Volkev(76561198089960350) | Teleport to [3874.67,3376.31,0](GPS: 038003)
28.01.2020 01:26:32: 4h 53min | Boyevik Butch-Mac Volkev(76561198089960350) | Teleport to [3622.84,3337.78,0](GPS: 036002)
28.01.2020 01:33:56: 0h 4min | Donnie Turbo(76561198041233395) | UnlimAmmo - 1
28.01.2020 01:35:20: 0h 6min | Donnie Turbo(76561198041233395) | UnlimAmmo - 0
28.01.2020 01:36:07: 0h 7min | Donnie Turbo(76561198041233395) | Teleport to [3647.03,3223.46,0](GPS: 036001)
28.01.2020 01:49:20: 0h 20min | Boyevik Butch-Mac Volkev(76561198089960350) | Move In Target Vehicle - Wyclef [CIV](76561198038112694)
28.01.2020 01:49:22: 0h 20min | Boyevik Butch-Mac Volkev(76561198089960350) | Move In Target Vehicle - Wyclef [CIV](76561198038112694)
28.01.2020 01:49:24: 0h 20min | Boyevik Butch-Mac Volkev(76561198089960350) | infiSTAR MapIcons - 1
28.01.2020 02:06:10: 0h 6min | Héctor "Lil Loco" Arturo(76561197999316388) | Teleport to [3954.59,3589.33,0](GPS: 039005)
28.01.2020 02:07:28: 0h 8min | Héctor "Lil Loco" Arturo(76561197999316388) | SPECTATE - switchedCamera on Jon(76561198000920219) - C_man_1
28.01.2020 02:08:28: 0h 9min | Boyevik Butch-Mac Volkev(76561198089960350) | SPECTATE - switchedCamera on Jon(76561198000920219) - C_man_1
28.01.2020 02:08:29: 0h 9min | Donnie Turbo(76561198041233395) | spawning Axe (Max_axe)
28.01.2020 02:08:38: 0h 9min | Héctor "Lil Loco" Arturo(76561197999316388) | Teleport to [3661.17,3240.45,0](GPS: 036001)
28.01.2020 02:08:39: 0h 9min | Boyevik Butch-Mac Volkev(76561198089960350) | Teleport to [3696.82,3201.39,0](GPS: 036001)
28.01.2020 02:09:09: 0h 9min | Donnie Turbo(76561198041233395) | UnlimAmmo - 1
28.01.2020 02:10:00: 0h 10min | Héctor "Lil Loco" Arturo(76561197999316388) | infiSTAR MapIcons - 1
28.01.2020 02:10:14: 0h 10min | Boyevik Butch-Mac Volkev(76561198089960350) | Kick (Announce) - civ_2(76561198000920219)
28.01.2020 02:10:32: 0h 11min | Héctor "Lil Loco" Arturo(76561197999316388) | Teleport to [3718.43,3227.39,0](GPS: 037001)
28.01.2020 02:10:55: 0h 11min | Héctor "Lil Loco" Arturo(76561197999316388) | Teleport to [3561.02,3145.37,0](GPS: 035000)
28.01.2020 02:14:07: 0h 14min | Boyevik Butch-Mac Volkev(76561198089960350) | infiSTAR MapIcons - 1
28.01.2020 02:14:55: 0h 15min | Boyevik Butch-Mac Volkev(76561198089960350) | Teleport to [3629.61,3345.85,0](GPS: 036002)
28.01.2020 02:18:43: 0h 19min | Boyevik Butch-Mac Volkev(76561198089960350) | spawning HARLEY DAVIDSON CUSTOM BOBBER Rouge (V12_HARLEYBOBBER_Rouge)
28.01.2020 02:25:53: 0h 26min | [1k-40] Jose Santana(76561198206026112) | Deleting GroundWeaponHolder @050013..
28.01.2020 02:25:55: 0h 26min | [1k-40] Jose Santana(76561198206026112) | Deleting GroundWeaponHolder @050013..
28.01.2020 02:26:44: 0h 27min | Héctor "Lil Loco" Arturo(76561197999316388) | SPECTATE - switchedCamera on Donnie Turbo(76561198041233395) - B_RangeMaster_F
28.01.2020 02:26:47: 0h 27min | Héctor "Lil Loco" Arturo(76561197999316388) | SPECTATE - switchedCamera on Mike Hutchinson(76561198043298972) - B_RangeMaster_F
28.01.2020 02:29:21: 0h 30min | Héctor "Lil Loco" Arturo(76561197999316388) | spawning Fardo de Cocaina (1Kg) (pop_cocaina_f)
28.01.2020 02:29:22: 0h 30min | Héctor "Lil Loco" Arturo(76561197999316388) | spawning Fardo de Cocaina (1Kg) (pop_cocaina_f)
28.01.2020 02:29:22: 0h 30min | Héctor "Lil Loco" Arturo(76561197999316388) | spawning Fardo de Cocaina (1Kg) (pop_cocaina_f)
28.01.2020 02:29:23: 0h 30min | Héctor "Lil Loco" Arturo(76561197999316388) | spawning Fardo de Cocaina (1Kg) (pop_cocaina_f)
28.01.2020 02:29:24: 0h 30min | Héctor "Lil Loco" Arturo(76561197999316388) | spawning Fardo de Cocaina (1Kg) (pop_cocaina_f)
28.01.2020 02:30:26: 0h 31min | Héctor "Lil Loco" Arturo(76561197999316388) | spawning coca (200g) (pop_coca_b)
28.01.2020 02:30:48: 0h 31min | Héctor "Lil Loco" Arturo(76561197999316388) | SPECTATE - switchedCamera on Héctor "Lil Loco" Arturo(76561197999316388) - C_man_1
28.01.2020 02:30:58: 0h 31min | Héctor "Lil Loco" Arturo(76561197999316388) | SPECTATE - switchedCamera on [1k-40] Jose Santana(76561198206026112) - B_RangeMaster_F
28.01.2020 02:31:42: 0h 32min | Héctor "Lil Loco" Arturo(76561197999316388) | SPECTATE - switchedCamera on Boyevik Butch-Mac Volkev(76561198089960350) - C_man_1
28.01.2020 02:32:21: 0h 33min | Héctor "Lil Loco" Arturo(76561197999316388) | SPECTATE - switchedCamera on Boyevik Butch-Mac Volkev(76561198089960350) - C_man_1
28.01.2020 02:33:09: 0h 33min | Boyevik Butch-Mac Volkev(76561198089960350) | Added 1 boltcutters to Mike Hutchinson!
28.01.2020 02:33:14: 0h 33min | Boyevik Butch-Mac Volkev(76561198089960350) | Added 1 boltcutters to [1k-40] Jose Santana!
28.01.2020 02:34:03: 0h 34min | Boyevik Butch-Mac Volkev(76561198089960350) | Added 4 lockpicks to [1k-40] Jose Santana!
28.01.2020 02:34:08: 0h 34min | Boyevik Butch-Mac Volkev(76561198089960350) | Added 4 lockpicks to Mike Hutchinson!
28.01.2020 02:36:19: 0h 37min | Héctor "Lil Loco" Arturo(76561197999316388) | HealRepairNear
28.01.2020 02:42:44: 0h 43min | Boyevik Butch-Mac Volkev(76561198089960350) | locked - [V12_HARLEYBOBBER_Rouge]
28.01.2020 02:44:01: 0h 44min | Héctor "Lil Loco" Arturo(76561197999316388) | Teleport to [5562.67,2677.18,0](GPS: 055996)
28.01.2020 02:44:08: 0h 44min | Héctor "Lil Loco" Arturo(76561197999316388) | 2.500K Cash
28.01.2020 02:44:25: 0h 45min | Héctor "Lil Loco" Arturo(76561197999316388) | Teleport to [5073.44,2492.89,0](GPS: 050994)
28.01.2020 02:46:20: 0h 47min | Boyevik Butch-Mac Volkev(76561198089960350) | 50K Cash
28.01.2020 02:48:20: 0h 49min | Héctor "Lil Loco" Arturo(76561197999316388) | SPECTATE - switchedCamera on Boyevik Butch-Mac Volkev(76561198089960350) - d3s_explorer_UNM_13
28.01.2020 02:48:29: 0h 49min | Héctor "Lil Loco" Arturo(76561197999316388) | SPECTATE - switchedCamera on Mike Hutchinson(76561198043298972) - d3s_explorer_UNM_13
28.01.2020 02:48:31: 0h 49min | Héctor "Lil Loco" Arturo(76561197999316388) | SPECTATE - switchedCamera on Héctor "Lil Loco" Arturo(76561197999316388) - C_man_1
28.01.2020 02:48:32: 0h 49min | Héctor "Lil Loco" Arturo(76561197999316388) | SPECTATE - switchedCamera on Donnie Turbo(76561198041233395) - d3s_g500_18_EMS
28.01.2020 02:48:35: 0h 49min | Héctor "Lil Loco" Arturo(76561197999316388) | SPECTATE - switchedCamera on [ION]Eriden Parker(76561198054085448) - C_man_1
28.01.2020 02:48:36: 0h 49min | Héctor "Lil Loco" Arturo(76561197999316388) | SPECTATE - switchedCamera on [1k-40] Jose Santana(76561198206026112) - B_RangeMaster_F
28.01.2020 02:48:38: 0h 49min | Héctor "Lil Loco" Arturo(76561197999316388) | SPECTATE - switchedCamera on Wyclef(76561198038112694) - d3s_explorer_UNM_13
28.01.2020 02:48:40: 0h 49min | Héctor "Lil Loco" Arturo(76561197999316388) | SPECTATE - switchedCamera on Boyevik Butch-Mac Volkev(76561198089960350) - d3s_explorer_UNM_13
28.01.2020 02:48:42: 0h 49min | Héctor "Lil Loco" Arturo(76561197999316388) | SPECTATE - switchedCamera on Wyclef(76561198038112694) - d3s_explorer_UNM_13
28.01.2020 02:48:43: 0h 49min | Héctor "Lil Loco" Arturo(76561197999316388) | SPECTATE - switchedCamera on Wyclef(76561198038112694) - d3s_explorer_UNM_13
28.01.2020 02:48:48: 0h 49min | Héctor "Lil Loco" Arturo(76561197999316388) | SPECTATE - switchedCamera on [1k-40] Jose Santana(76561198206026112) - B_RangeMaster_F
28.01.2020 02:49:35: 0h 50min | Boyevik Butch-Mac Volkev(76561198089960350) | spawning Ford Explorer Unmarked'13 (d3s_explorer_UNM_13)
28.01.2020 02:51:06: 0h 51min | Boyevik Butch-Mac Volkev(76561198089960350) | Deleting d3s_explorer_UNM_13 @032009..
28.01.2020 02:51:24: 0h 52min | Boyevik Butch-Mac Volkev(76561198089960350) | Restrain - civ_4(76561198089960350)
28.01.2020 02:51:37: 0h 52min | Boyevik Butch-Mac Volkev(76561198089960350) | Revive - civ_4(76561198089960350)
28.01.2020 02:51:42: 0h 52min | [1k-40] Jose Santana(76561198206026112) | SPECTATE - switchedCamera on Mike Hutchinson(76561198043298972) - d3s_explorer_UNM_13
28.01.2020 02:51:45: 0h 52min | [1k-40] Jose Santana(76561198206026112) | SPECTATE - switchedCamera on Boyevik Butch-Mac Volkev(76561198089960350) - C_man_1
28.01.2020 02:51:49: 0h 52min | Boyevik Butch-Mac Volkev(76561198089960350) | Move In Target Vehicle - Mike Hutchinson [WEST](76561198043298972)
28.01.2020 02:51:56: 0h 52min | [1k-40] Jose Santana(76561198206026112) | SPECTATE - switchedCamera on Wyclef(76561198038112694) - d3s_explorer_UNM_13
28.01.2020 02:51:58: 0h 52min | [1k-40] Jose Santana(76561198206026112) | SPECTATE - switchedCamera on Wyclef(76561198038112694) - d3s_explorer_UNM_13
28.01.2020 02:52:22: 0h 53min | Héctor "Lil Loco" Arturo(76561197999316388) | UnlimAmmo - 1
28.01.2020 03:03:55: 1h 4min | Donnie Turbo(76561198041233395) | Teleport to [3496.29,2997.1,0](GPS: 034999)
28.01.2020 03:04:24: 1h 5min | Boyevik Butch-Mac Volkev(76561198089960350) | unlocked - [V12_HARLEYBOBBER_Rouge]
28.01.2020 03:08:10: 1h 8min | [1k-40] Jose Santana(76561198206026112) | SPECTATE - switchedCamera on Boyevik Butch-Mac Volkev(76561198089960350) - C_man_1
28.01.2020 03:08:18: 1h 9min | [1k-40] Jose Santana(76561198206026112) | SPECTATE - switchedCamera on Héctor "Lil Loco" Arturo(76561197999316388) - C_man_1
28.01.2020 03:09:08: 1h 9min | Boyevik Butch-Mac Volkev(76561198089960350) | 50K Cash
28.01.2020 03:11:03: 1h 11min | [1k-40] Jose Santana(76561198206026112) | Teleport - Me To Target - Héctor "Lil Loco" Arturo [CIV](76561197999316388)
28.01.2020 03:14:27: 1h 15min | [1k-40] Jose Santana(76561198206026112) | Vehicle Marker - 1
28.01.2020 03:14:31: 1h 15min | [1k-40] Jose Santana(76561198206026112) | Vehicle Marker - 0
28.01.2020 03:14:33: 1h 15min | [1k-40] Jose Santana(76561198206026112) | Stealth / Invisible - 1
28.01.2020 03:18:00: 1h 18min | [1k-40] Jose Santana(76561198206026112) | Stealth / Invisible - 0
28.01.2020 03:19:17: 1h 20min | Boyevik Butch-Mac Volkev(76561198089960350) | Revive - civ_3(76561197999316388)
28.01.2020 03:26:11: 1h 26min | Donnie Turbo(76561198041233395) | Teleport to [3526.8,2994.23,0](GPS: 035999)
28.01.2020 03:31:38: 1h 32min | Héctor "Lil Loco" Arturo(76561197999316388) | UnlimAmmo - 0
28.01.2020 03:34:18: 1h 35min | [1k-40] Jose Santana(76561198206026112) | SPECTATE - switchedCamera on Donnie Turbo(76561198041233395) - C_man_1
28.01.2020 03:34:29: 1h 35min | [1k-40] Jose Santana(76561198206026112) | Teleport - Me To Target - Donnie Turbo [CIV](76561198041233395)
28.01.2020 03:38:31: 1h 39min | Héctor "Lil Loco" Arturo(76561197999316388) | Teleport to [3661.15,3240.63,0](GPS: 036001)
28.01.2020 03:38:39: 1h 39min | Héctor "Lil Loco" Arturo(76561197999316388) | Revive - civ_3(76561197999316388)
28.01.2020 03:38:52: 1h 39min | Héctor "Lil Loco" Arturo(76561197999316388) | Deleting d3s_g63amg_18 @036001..
28.01.2020 03:39:07: 1h 39min | Boyevik Butch-Mac Volkev(76561198089960350) | Teleport to [3736.24,3312.27,0](GPS: 037002)
28.01.2020 03:41:05: 1h 41min | [1k-40] Jose Santana(76561198206026112) | Teleport to [3890.18,3248.12,0](GPS: 038001)
28.01.2020 03:43:28: 1h 44min | Donnie Turbo(76561198041233395) | Stealth / Invisible - 1
28.01.2020 03:47:34: 1h 48min | Donnie Turbo(76561198041233395) | Restore - civ_1(76561198180893505)
28.01.2020 03:48:00: 1h 48min | Donnie Turbo(76561198041233395) | Teleport to [3506.04,2996.32,0](GPS: 035999)
28.01.2020 03:48:12: 1h 48min | Donnie Turbo(76561198041233395) | Stealth / Invisible - 0
28.01.2020 03:52:59: 1h 53min | Boyevik Butch-Mac Volkev(76561198089960350) | HealRepairNear
28.01.2020 03:56:47: 1h 57min | [1k-40] Jose Santana(76561198206026112) | SPECTATE - switchedCamera on Zander Marino(76561198180893505) - C_man_1
28.01.2020 03:59:13: 1h 59min | Donnie Turbo(76561198041233395) | spawning FN Five-seven (RH_fn57)
28.01.2020 03:59:24: 1h 60min | Donnie Turbo(76561198041233395) | spawning FN Five-seven (RH_fn57)
28.01.2020 03:59:38: 1h 60min | Donnie Turbo(76561198041233395) | spawning FN Five-seven ODG (RH_fn57_g)
28.01.2020 04:00:15: 2h 0min | Donnie Turbo(76561198041233395) | spawning FN Five-seven (RH_fn57)
28.01.2020 04:00:31: 2h 1min | Donnie Turbo(76561198041233395) | spawning FN Five-seven FDE (RH_fn57_t)
28.01.2020 04:00:39: 2h 1min | Donnie Turbo(76561198041233395) | spawning FN Five-seven ODG (RH_fn57_g)
28.01.2020 04:00:44: 2h 1min | Donnie Turbo(76561198041233395) | spawning FN Five-seven (RH_fn57)
28.01.2020 04:00:53: 2h 1min | Donnie Turbo(76561198041233395) | spawning FNP45 Tactical Tan (RH_fnp45t)
28.01.2020 04:01:07: 2h 1min | Donnie Turbo(76561198041233395) | spawning 4-five .45 ACP (hgun_Pistol_heavy_01_F)
28.01.2020 04:01:10: 2h 1min | Donnie Turbo(76561198041233395) | spawning 4-five .45 ACP (hgun_Pistol_heavy_01_F)
28.01.2020 04:01:11: 2h 1min | Donnie Turbo(76561198041233395) | spawning 4-five .45 ACP (hgun_Pistol_heavy_01_F)
28.01.2020 04:02:44: 2h 3min | [1k-40] Jose Santana(76561198206026112) | SPECTATE - switchedCamera on Zander Marino(76561198180893505) - d3s_actros_14
28.01.2020 04:03:58: 2h 4min | [1k-40] Jose Santana(76561198206026112) | God Mode - 1
28.01.2020 04:03:58: 2h 4min | [1k-40] Jose Santana(76561198206026112) | God Mode - 0
28.01.2020 04:07:46: 2h 8min | [1k-40] Jose Santana(76561198206026112) | SPECTATE - switchedCamera on Zander Marino(76561198180893505) - C_man_1
28.01.2020 04:08:42: 2h 9min | Donnie Turbo(76561198041233395) | HealRepairNear
28.01.2020 04:08:43: 2h 9min | Donnie Turbo(76561198041233395) | HealRepairNear
28.01.2020 04:09:01: 2h 9min | Donnie Turbo(76561198041233395) | HealRepairNear
28.01.2020 04:09:09: 2h 9min | Donnie Turbo(76561198041233395) | HealRepairNear
28.01.2020 04:17:47: 2h 18min | [1k-40] Jose Santana(76561198206026112) | SPECTATE - switchedCamera on Donnie Turbo(76561198041233395) - C_man_1
28.01.2020 04:17:49: 2h 18min | [1k-40] Jose Santana(76561198206026112) | SPECTATE - switchedCamera on Zander Marino(76561198180893505) - C_man_1
28.01.2020 04:17:52: 2h 18min | [1k-40] Jose Santana(76561198206026112) | SPECTATE - switchedCamera on Abduwale Muse(76561198033160260) - C_man_1
28.01.2020 04:17:53: 2h 18min | [1k-40] Jose Santana(76561198206026112) | SPECTATE - switchedCamera on [ION]Eriden Parker(76561198054085448) - C_man_1
28.01.2020 04:17:56: 2h 18min | [1k-40] Jose Santana(76561198206026112) | SPECTATE - switchedCamera on Boyevik Butch-Mac Volkev(76561198089960350) - C_man_1
28.01.2020 04:18:02: 2h 18min | [1k-40] Jose Santana(76561198206026112) | SPECTATE - switchedCamera on Donnie Turbo(76561198041233395) - C_man_1
28.01.2020 04:19:22: 2h 20min | Boyevik Butch-Mac Volkev(76561198089960350) | Teleport to [3674.41,3207.21,0](GPS: 036001)
28.01.2020 04:20:13: 2h 20min | Boyevik Butch-Mac Volkev(76561198089960350) | 250K Cash
28.01.2020 04:20:28: 2h 21min | Boyevik Butch-Mac Volkev(76561198089960350) | Teleport to [3585.29,3197.49,0](GPS: 035001)
28.01.2020 04:20:39: 2h 21min | Boyevik Butch-Mac Volkev(76561198089960350) | Teleport to [3665.09,3236.78,0](GPS: 036001)
28.01.2020 04:25:11: 2h 25min | Donnie Turbo(76561198041233395) | HealRepairNear
28.01.2020 04:25:12: 2h 25min | Donnie Turbo(76561198041233395) | HealRepairNear
28.01.2020 04:26:18: 2h 27min | Donnie Turbo(76561198041233395) | HealRepairNear
28.01.2020 04:26:18: 2h 27min | Donnie Turbo(76561198041233395) | HealRepairNear
28.01.2020 04:27:55: 2h 28min | Boyevik Butch-Mac Volkev(76561198089960350) | HealRepairNear
28.01.2020 04:28:43: 2h 29min | Boyevik Butch-Mac Volkev(76561198089960350) | HealRepairNear
28.01.2020 04:35:14: 2h 35min | Boyevik Butch-Mac Volkev(76561198089960350) | HealRepairNear
28.01.2020 04:35:25: 2h 36min | [1k-40] Jose Santana(76561198206026112) | SPECTATE - switchedCamera on Zander Marino(76561198180893505) - d3s_actros_14
28.01.2020 04:36:18: 2h 37min | [1k-40] Jose Santana(76561198206026112) | Deleting GroundWeaponHolder @038001..
28.01.2020 04:49:32: 2h 50min | Donnie Turbo(76561198041233395) | HealRepairNear
28.01.2020 04:49:32: 2h 50min | Donnie Turbo(76561198041233395) | HealRepairNear
28.01.2020 04:49:35: 2h 50min | Donnie Turbo(76561198041233395) | HealRepairNear
28.01.2020 04:49:35: 2h 50min | Donnie Turbo(76561198041233395) | HealRepairNear
28.01.2020 04:49:45: 2h 50min | Boyevik Butch-Mac Volkev(76561198089960350) | HealRepairNear
28.01.2020 04:50:24: 2h 51min | Boyevik Butch-Mac Volkev(76561198089960350) | HealRepairNear
28.01.2020 04:50:56: 2h 51min | [1k-40] Jose Santana(76561198206026112) | God Mode - 1
28.01.2020 04:51:09: 2h 51min | Boyevik Butch-Mac Volkev(76561198089960350) | HealRepairNear
28.01.2020 04:51:36: 2h 52min | Boyevik Butch-Mac Volkev(76561198089960350) | HealRepairNear
28.01.2020 04:51:51: 2h 52min | Boyevik Butch-Mac Volkev(76561198089960350) | Teleport to [4174.34,2975.42,0](GPS: 041999)
28.01.2020 04:59:02: 2h 59min | Boyevik Butch-Mac Volkev(76561198089960350) | 500K Cash
28.01.2020 04:59:55: 3h 0min | [1k-40] Jose Santana(76561198206026112) | Deleting GroundWeaponHolder @038001..
28.01.2020 05:01:23: 3h 2min | Boyevik Butch-Mac Volkev(76561198089960350) | Teleport to [3811.56,3174.59,0](GPS: 038001)
28.01.2020 05:04:15: 3h 4min | Donnie Turbo(76561198041233395) | HealRepairNear
28.01.2020 05:04:32: 3h 5min | Donnie Turbo(76561198041233395) | God Mode - 1
28.01.2020 05:04:34: 3h 5min | Donnie Turbo(76561198041233395) | Vehicle God Mode - 1
28.01.2020 05:05:03: 3h 5min | Donnie Turbo(76561198041233395) | Vehicle God Mode - 0
28.01.2020 05:05:04: 3h 5min | Donnie Turbo(76561198041233395) | God Mode - 0
28.01.2020 05:05:08: 3h 5min | Donnie Turbo(76561198041233395) | HealRepairNear
28.01.2020 05:05:22: 3h 6min | Donnie Turbo(76561198041233395) | HealRepairNear
28.01.2020 05:05:23: 3h 6min | Donnie Turbo(76561198041233395) | HealRepairNear
28.01.2020 05:07:28: 3h 8min | Donnie Turbo(76561198041233395) | HealRepairNear
28.01.2020 05:07:28: 3h 8min | Donnie Turbo(76561198041233395) | HealRepairNear
28.01.2020 05:48:21: 3h 49min | Boyevik Butch-Mac Volkev(76561198089960350) | unlocked - [d3s_explorer_EMS_13]
28.01.2020 05:49:00: 3h 49min | Boyevik Butch-Mac Volkev(76561198089960350) | SPECTATE - switchedCamera on Kermit(76561198043298972) - d3s_explorer_UNM_13
28.01.2020 05:49:25: 3h 50min | Boyevik Butch-Mac Volkev(76561198089960350) | Teleport to [3401.3,3136.22,0](GPS: 034000)
28.01.2020 05:51:48: 3h 52min | Boyevik Butch-Mac Volkev(76561198089960350) | HealRepairNear
28.01.2020 05:52:00: 3h 52min | Boyevik Butch-Mac Volkev(76561198089960350) | Teleport In Facing Direction (10m steps) - 1
28.01.2020 06:09:33: 4h 10min | [1k-40] Jose Santana(76561198206026112) | spawning EMS Captain (niedobity_ems_captain)
28.01.2020 06:09:35: 4h 10min | [1k-40] Jose Santana(76561198206026112) | spawning EMS Deputy Chief (niedobity_ems_deputy)
28.01.2020 06:09:35: 4h 10min | [1k-40] Jose Santana(76561198206026112) | spawning EMS Division Chief (niedobity_ems_chief)
28.01.2020 06:09:40: 4h 10min | [1k-40] Jose Santana(76561198206026112) | spawning EMS Rapid Response Unit (niedobity_ems_rru)
28.01.2020 06:09:45: 4h 10min | [1k-40] Jose Santana(76561198206026112) | spawning EMS RRU Official (niedobity_ems_rru_official)
28.01.2020 06:10:09: 4h 10min | [1k-40] Jose Santana(76561198206026112) | God Mode - 0
28.01.2020 06:11:13: 4h 11min | Boyevik Butch-Mac Volkev(76561198089960350) | Teleport to [3324.93,3289.39,0](GPS: 033002)
28.01.2020 06:11:28: 4h 12min | Boyevik Butch-Mac Volkev(76561198089960350) | Added 1 boltcutters to Boyevik Butch-Mac Volkev!
28.01.2020 06:11:36: 4h 12min | [1k-40] Jose Santana(76561198206026112) | Deleting WeaponHolderSimulated @052991..
28.01.2020 06:11:39: 4h 12min | [1k-40] Jose Santana(76561198206026112) | Deleting GroundWeaponHolder @052991..
28.01.2020 06:21:06: 4h 21min | [1k-40] Jose Santana(76561198206026112) | SPECTATE - switchedCamera on Stanley Thompson [1K-75](76561198180893505) - B_RangeMaster_F
28.01.2020 06:21:16: 4h 21min | [1k-40] Jose Santana(76561198206026112) | SPECTATE - switchedCamera on Stanley Thompson [1K-75](76561198180893505) - B_RangeMaster_F
28.01.2020 06:26:10: 4h 26min | [1k-40] Jose Santana(76561198206026112) | Deleting GroundWeaponHolder @034002..
28.01.2020 06:33:55: 4h 34min | [1k-40] Jose Santana(76561198206026112) | Deleting GroundWeaponHolder @034002..
28.01.2020 06:42:08: 4h 42min | Boyevik Butch-Mac Volkev(76561198089960350) | Teleport to [3834.12,3297.65,0](GPS: 038002)
28.01.2020 06:50:22: 4h 51min | [1k-40] Jose Santana(76561198206026112) | Added 4 marijuanas to [1k-40] Jose Santana!
28.01.2020 06:50:46: 4h 51min | [1k-40] Jose Santana(76561198206026112) | Added 1 toolkits to [1k-40] Jose Santana!
28.01.2020 06:50:48: 4h 51min | [1k-40] Jose Santana(76561198206026112) | Added 1 defibrillators to [1k-40] Jose Santana!
28.01.2020 06:52:24: 4h 53min | Boyevik Butch-Mac Volkev(76561198089960350) | HealRepairNear
28.01.2020 06:52:28: 4h 53min | [1k-40] Jose Santana(76561198206026112) | Deleting GroundWeaponHolder @038002..
28.01.2020 06:52:38: 4h 53min | Boyevik Butch-Mac Volkev(76561198089960350) | HealRepairNear
28.01.2020 06:52:42: 4h 53min | Boyevik Butch-Mac Volkev(76561198089960350) | HealRepairNear
28.01.2020 07:06:37: 5h 7min | [1k-40] Jose Santana(76561198206026112) | God Mode - 1
28.01.2020 07:06:39: 5h 7min | [1k-40] Jose Santana(76561198206026112) | God Mode - 0
28.01.2020 07:17:42: 5h 18min | [1k-40] Jose Santana(76561198206026112) | DayTime
28.01.2020 07:22:34: 5h 23min | [1k-40] Jose Santana(76561198206026112) | Revive - cop_5(76561198180893505)
28.01.2020 07:24:10: 5h 24min | [1k-40] Jose Santana(76561198206026112) | SPECTATE - switchedCamera on Rick Cheney(76561198860031547) - B_RangeMaster_F
28.01.2020 07:31:36: 5h 32min | Nino Marino(76561198206026112) | Teleport - Target To Me - John Anderson [CIV](76561198180893505)
28.01.2020 07:33:26: 5h 34min | Nino Marino(76561198206026112) | Added 4 cocaine_processeds to John Anderson!
28.01.2020 07:33:30: 5h 34min | Nino Marino(76561198206026112) | Added 4 cocaine_processeds to Nino Marino!
28.01.2020 07:35:32: 5h 36min | Nino Marino(76561198206026112) | SPECTATE - switchedCamera on Rick Cheney(76561198860031547) - B_RangeMaster_F
28.01.2020 07:35:36: 5h 36min | Nino Marino(76561198206026112) | SPECTATE - switchedCamera on Robert Kennedy(76561198083728776) - d3s_cherokee_18_JPPV
28.01.2020 07:35:41: 5h 36min | Nino Marino(76561198206026112) | SPECTATE - switchedCamera on Boyevik Butch-Mac Volkev(76561198089960350) - C_man_1
28.01.2020 07:35:44: 5h 36min | Nino Marino(76561198206026112) | SPECTATE - switchedCamera on Nino Marino(76561198206026112) - C_man_1
28.01.2020 07:36:18: 5h 37min | Nino Marino(76561198206026112) | Heal - civ_1(76561198180893505)
28.01.2020 07:36:43: 5h 37min | Nino Marino(76561198206026112) | SPECTATE - switchedCamera on Robert Kennedy(76561198083728776) - d3s_cherokee_18_JPPV
28.01.2020 07:36:44: 5h 37min | Nino Marino(76561198206026112) | SPECTATE - switchedCamera on Rick Cheney(76561198860031547) - d3s_charger_15_CPP
28.01.2020 07:46:20: 5h 47min | Boyevik Butch-Mac Volkev(76561198089960350) | Teleport to [3849.42,3245.08,0](GPS: 038001)
28.01.2020 07:50:47: 5h 51min | Nino Marino(76561198206026112) | Heal - civ_4(76561198089960350)
28.01.2020 07:57:49: 5h 58min | Boyevik Butch-Mac Volkev(76561198089960350) | Added 20 lsds to Boyevik Butch-Mac Volkev!
28.01.2020 08:00:51: 6h 1min | Nino Marino(76561198206026112) | Revive - civ_4(76561198089960350)
28.01.2020 08:00:58: 6h 1min | Nino Marino(76561198206026112) | Revive - civ_1(76561198180893505)
28.01.2020 08:03:09: 6h 3min | Nino Marino(76561198206026112) | Revive - cop_1(76561198860031547)
28.01.2020 08:03:22: 6h 4min | Nino Marino(76561198206026112) | Revive - civ_1(76561198180893505)
28.01.2020 08:03:35: 6h 4min | Nino Marino(76561198206026112) | Revive - civ_4(76561198089960350)
28.01.2020 08:04:20: 6h 5min | Nino Marino(76561198206026112) | Heal - civ_1(76561198180893505)
28.01.2020 08:07:58: 6h 8min | Boyevik Butch-Mac Volkev(76561198089960350) | HealRepairNear
28.01.2020 08:10:08: 6h 10min | Boyevik Butch-Mac Volkev(76561198089960350) | Revive - cop_1(76561198860031547)
28.01.2020 08:35:48: 0h 21min | Nino Marino(76561198206026112) | Teleport - Me To Target - HoyoBani [CIV](76561198105940600)
28.01.2020 08:36:37: 0h 21min | Nino Marino(76561198206026112) | spawning M-900 (Sheriff) (C_Heli_light_01_sheriff_F)
28.01.2020 08:37:47: 0h 23min | Nino Marino(76561198206026112) | spawning BMW M5 (F10)'14 (d3s_amazing_f10_12)
28.01.2020 08:38:42: 0h 23min | Nino Marino(76561198206026112) | Revive - civ_1(76561198180893505)
28.01.2020 08:39:20: 0h 24min | Nino Marino(76561198206026112) | spawning PO-30 Orca (Black & White) (O_Heli_Light_02_v2_F)
28.01.2020 08:39:31: 0h 24min | Nino Marino(76561198206026112) | Deleting C_Heli_light_01_sheriff_F @036001..
28.01.2020 08:40:27: 0h 25min | Nino Marino(76561198206026112) | Added 2 boltcutters to Nino Marino!
28.01.2020 08:40:49: 0h 26min | Nino Marino(76561198206026112) | Heal - civ_1(76561198180893505)
28.01.2020 08:41:27: 0h 26min | Nino Marino(76561198206026112) | Deleting O_Heli_Light_02_v2_F @036002..
28.01.2020 08:41:32: 0h 26min | Nino Marino(76561198206026112) | Deleting d3s_amazing_f10_12 @036001..
28.01.2020 08:41:46: 0h 27min | Nino Marino(76561198206026112) | Teleport to [3371.26,4167.21,0](GPS: 033010)
28.01.2020 08:41:52: 0h 27min | Nino Marino(76561198206026112) | Teleport - Target To Me - John Anderson [CIV](76561198180893505)
28.01.2020 08:41:55: 0h 27min | Nino Marino(76561198206026112) | Teleport - Target To Me - HoyoBani [CIV](76561198105940600)
28.01.2020 08:42:55: 0h 28min | Nino Marino(76561198206026112) | Added 4 boltcutters to HoyoBani!
28.01.2020 08:49:11: 0h 4min | Nino Marino(76561198206026112) | spawning PO-30 Orca (Unarmed) (O_Heli_Light_02_unarmed_F)
28.01.2020 08:49:27: 0h 4min | Nino Marino(76561198206026112) | spawning Honda Civic Hatchback'16 (d3s_civic_17)
28.01.2020 08:54:27: 0h 9min | Nino Marino(76561198206026112) | SPECTATE - switchedCamera on HoyoBani(76561198105940600) - O_Heli_Light_02_unarmed_F
28.01.2020 08:54:40: 0h 10min | Nino Marino(76561198206026112) | Deleting HoyoBani(76561198105940600) vehicle: O_Heli_Light_02_unarmed_F @036001..
28.01.2020 08:55:41: 0h 11min | Nino Marino(76561198206026112) | spawning CH-49 Mohawk (I_Heli_Transport_02_F)
28.01.2020 08:57:39: 0h 13min | Nino Marino(76561198206026112) | Deleting I_Heli_Transport_02_F @036001..
28.01.2020 08:57:55: 0h 13min | Nino Marino(76561198206026112) | Teleport to [5738.42,3649.54,0](GPS: 057005)
28.01.2020 08:58:12: 0h 13min | Nino Marino(76561198206026112) | spawning CH-49 Mohawk (I_Heli_Transport_02_F)
28.01.2020 08:58:22: 0h 13min | Nino Marino(76561198206026112) | HealRepairNear
28.01.2020 08:58:23: 0h 13min | Nino Marino(76561198206026112) | HealRepairNear
28.01.2020 08:59:50: 0h 15min | Nino Marino(76561198206026112) | Revive - civ_2(76561198206026112)
28.01.2020 09:00:16: 0h 15min | Nino Marino(76561198206026112) | Revive - civ_1(76561198180893505)
28.01.2020 09:00:56: 0h 16min | Nino Marino(76561198206026112) | Teleport to [3653.33,3247.69,0](GPS: 036001)
28.01.2020 09:02:50: 0h 18min | Nino Marino(76561198206026112) | Revive - civ_2(76561198206026112)
28.01.2020 09:03:31: 0h 18min | Nino Marino(76561198206026112) | Revive - civ_2(76561198206026112)
28.01.2020 09:03:42: 0h 19min | Nino Marino(76561198206026112) | Revive - civ_2(76561198206026112)
28.01.2020 09:04:10: 0h 19min | Nino Marino(76561198206026112) | Revive - civ_1(76561198180893505)
28.01.2020 16:06:47: 0h 4min | Boyevik Butch-Mac Volkev(76561198089960350) | Self Disconnect
28.01.2020 16:08:09: 0h 5min | Boyevik Butch-Mac Volkev(76561198089960350) | Self Disconnect
28.01.2020 16:14:25: 0h 4min | Boyevik Butch-Mac Volkev(76561198089960350) | Self Disconnect
28.01.2020 16:55:33: 0h 11min | Boyevik Butch-Mac Volkev(76561198089960350) | Teleport to [3789.78,4208.5,0](GPS: 037011)
28.01.2020 16:55:46: 0h 11min | Boyevik Butch-Mac Volkev(76561198089960350) | Self Disconnect
28.01.2020 16:56:13: 0h 11min | Boyevik Butch-Mac Volkev(76561198089960350) | Teleport to [3757.29,3261.33,0](GPS: 037001)
28.01.2020 16:56:30: 0h 11min | Boyevik Butch-Mac Volkev(76561198089960350) | Added 10 lockpicks to Boyevik Butch-Mac Volkev!
28.01.2020 17:00:22: 0h 15min | Boyevik Butch-Mac Volkev(76561198089960350) | HealRepairNear
28.01.2020 17:03:09: 0h 18min | Boyevik Butch-Mac Volkev(76561198089960350) | NightTime
28.01.2020 17:03:36: 0h 19min | Boyevik Butch-Mac Volkev(76561198089960350) | DayTime
28.01.2020 17:04:05: 0h 19min | Boyevik Butch-Mac Volkev(76561198089960350) | HealRepairNear
28.01.2020 17:04:23: 0h 19min | Boyevik Butch-Mac Volkev(76561198089960350) | HealRepairNear
28.01.2020 17:05:07: 0h 20min | Boyevik Butch-Mac Volkev(76561198089960350) | HealRepairNear
28.01.2020 17:05:53: 0h 21min | Boyevik Butch-Mac Volkev(76561198089960350) | God Mode - 1
28.01.2020 17:05:54: 0h 21min | Boyevik Butch-Mac Volkev(76561198089960350) | Teleport In Facing Direction (10m steps) - 1
28.01.2020 17:13:21: 0h 28min | Boyevik Butch-Mac Volkev(76561198089960350) | Self Disconnect
28.01.2020 18:17:00: 0h 4min | Boyevik Butch-Mac Volkev(76561198089960350) | Teleport to [3747.42,3249.38,0](GPS: 037001)
28.01.2020 18:17:53: 0h 4min | Boyevik Butch-Mac Volkev(76561198089960350) | 2.500K Cash
28.01.2020 18:17:54: 0h 4min | Boyevik Butch-Mac Volkev(76561198089960350) | 2.500K Cash
28.01.2020 18:17:54: 0h 4min | Boyevik Butch-Mac Volkev(76561198089960350) | 2.500K Cash
28.01.2020 18:18:13: 0h 5min | Boyevik Butch-Mac Volkev(76561198089960350) | Teleport to [3752.18,3246.32,0](GPS: 037001)
28.01.2020 18:20:04: 0h 7min | Boyevik Butch-Mac Volkev(76561198089960350) | Teleport to [3751.03,3260.84,0](GPS: 037001)
28.01.2020 18:21:14: 0h 8min | Boyevik Butch-Mac Volkev(76561198089960350) | HealRepairNear
28.01.2020 18:21:20: 0h 8min | Boyevik Butch-Mac Volkev(76561198089960350) | Teleport to [3655.1,3205.92,0](GPS: 036001)
28.01.2020 18:21:25: 0h 8min | Boyevik Butch-Mac Volkev(76561198089960350) | HealRepairNear
28.01.2020 18:21:57: 0h 8min | Boyevik Butch-Mac Volkev(76561198089960350) | Teleport to [3746.87,3266.46,0](GPS: 037001)
28.01.2020 18:22:20: 0h 9min | Boyevik Butch-Mac Volkev(76561198089960350) | 2.500K Cash
28.01.2020 18:22:31: 0h 9min | Boyevik Butch-Mac Volkev(76561198089960350) | Teleport to [3648.09,3227.9,0](GPS: 036001)
28.01.2020 18:23:06: 0h 10min | Boyevik Butch-Mac Volkev(76561198089960350) | HealRepairNear
28.01.2020 18:23:21: 0h 10min | Boyevik Butch-Mac Volkev(76561198089960350) | Teleport to [3650.82,3247.22,0](GPS: 036001)
28.01.2020 18:23:36: 0h 10min | Boyevik Butch-Mac Volkev(76561198089960350) | Teleport to [3749.62,3270.93,0](GPS: 037001)
28.01.2020 18:29:50: 0h 16min | Boyevik Butch-Mac Volkev(76561198089960350) | Vehicle God Mode - 1
28.01.2020 18:29:51: 0h 16min | Boyevik Butch-Mac Volkev(76561198089960350) | God Mode - 1
28.01.2020 18:30:06: 0h 17min | Boyevik Butch-Mac Volkev(76561198089960350) | Vehboost - 1
28.01.2020 18:32:31: 0h 19min | Boyevik Butch-Mac Volkev(76561198089960350) | infiSTAR MapIcons - 1
28.01.2020 18:36:40: 0h 23min | Boyevik Butch-Mac Volkev(76561198089960350) | HealRepairNear
28.01.2020 18:37:58: 0h 24min | Boyevik Butch-Mac Volkev(76561198089960350) | Revive - civ_2(76561198038112694)
28.01.2020 18:38:00: 0h 25min | Boyevik Butch-Mac Volkev(76561198089960350) | Teleport - Target To Me - Wyclef [CIV](76561198038112694)
28.01.2020 18:39:11: 0h 26min | Boyevik Butch-Mac Volkev(76561198089960350) | Teleport to [4128.39,4480.79,0](GPS: 041014)
28.01.2020 18:39:39: 0h 26min | Boyevik Butch-Mac Volkev(76561198089960350) | Teleport to [5442.24,3050.25,0](GPS: 054999)
28.01.2020 18:48:36: 0h 35min | Boyevik Butch-Mac Volkev(76561198089960350) | UnlimAmmo - 1
28.01.2020 18:48:36: 0h 35min | Boyevik Butch-Mac Volkev(76561198089960350) | noRecoil - 1
28.01.2020 18:48:37: 0h 35min | Boyevik Butch-Mac Volkev(76561198089960350) | FastFire - 1
28.01.2020 18:49:25: 0h 36min | Boyevik Butch-Mac Volkev(76561198089960350) | HealRepairNear
28.01.2020 18:49:51: 0h 36min | Boyevik Butch-Mac Volkev(76561198089960350) | Revive - civ_2(76561198038112694)
28.01.2020 18:50:56: 0h 37min | Boyevik Butch-Mac Volkev(76561198089960350) | God Mode - 0
28.01.2020 18:51:05: 0h 38min | Boyevik Butch-Mac Volkev(76561198089960350) | Revive - civ_1(76561198089960350)
28.01.2020 18:52:44: 0h 39min | Boyevik Butch-Mac Volkev(76561198089960350) | HealRepairNear
28.01.2020 18:58:21: 0h 45min | Boyevik Butch-Mac Volkev(76561198089960350) | FastFire - 0
28.01.2020 18:58:29: 0h 45min | Boyevik Butch-Mac Volkev(76561198089960350) | noRecoil - 0
28.01.2020 18:59:38: 0h 46min | Boyevik Butch-Mac Volkev(76561198089960350) | Revive - civ_2(76561198038112694)
28.01.2020 18:59:41: 0h 46min | Boyevik Butch-Mac Volkev(76561198089960350) | HealRepairNear
28.01.2020 19:01:25: 0h 48min | Boyevik Butch-Mac Volkev(76561198089960350) | Revive - civ_1(76561198089960350)
28.01.2020 19:01:38: 0h 48min | Boyevik Butch-Mac Volkev(76561198089960350) | HealRepairNear
28.01.2020 19:06:02: 0h 53min | Boyevik Butch-Mac Volkev(76561198089960350) | God Mode - 1
28.01.2020 19:06:25: 0h 53min | Boyevik Butch-Mac Volkev(76561198089960350) | Teleport to [5415.22,3149.74,0](GPS: 054000)
28.01.2020 19:06:54: 0h 53min | Boyevik Butch-Mac Volkev(76561198089960350) | Teleport In Facing Direction (10m steps) - 1
28.01.2020 19:08:14: 0h 55min | Boyevik Butch-Mac Volkev(76561198089960350) | Teleport to [5408.91,3160.43,0](GPS: 054000)
28.01.2020 19:08:51: 0h 55min | Boyevik Butch-Mac Volkev(76561198089960350) | Teleport to [3649.5,3213.15,0](GPS: 036001)
28.01.2020 21:51:03: 3h 38min | Nino Marino(76561198206026112) | spawning Bergen Backpack (MTP) (B_Bergen_mcamo_F)
28.01.2020 22:25:18: 4h 12min | Nino Marino(76561198206026112) | Added 2 marijuanas to Nino Marino!
28.01.2020 22:25:21: 4h 12min | Nino Marino(76561198206026112) | Added 2 redgulls to Nino Marino!
28.01.2020 22:25:25: 4h 12min | Nino Marino(76561198206026112) | Added 2 tbacons to Nino Marino!
28.01.2020 22:26:56: 4h 13min | Nino Marino(76561198206026112) | HealRepairNear
28.01.2020 22:26:56: 4h 13min | Nino Marino(76561198206026112) | HealRepairNear
28.01.2020 22:57:54: 4h 44min | Nino Marino(76561198206026112) | SPECTATE - switchedCamera on [1K-33] R. Tjay(76561198883479728) - B_RangeMaster_F
28.01.2020 22:58:02: 4h 45min | Nino Marino(76561198206026112) | SPECTATE - switchedCamera on alexs(76561198002867764) - d3s_actros_14
28.01.2020 22:58:12: 4h 45min | Nino Marino(76561198206026112) | SPECTATE - switchedCamera on Kermit(76561198043298972) - B_RangeMaster_F
28.01.2020 22:58:26: 4h 45min | Nino Marino(76561198206026112) | SPECTATE - switchedCamera on Larry Henry(76561198054085448) - d3s_beetle_04
28.01.2020 22:58:31: 4h 45min | Nino Marino(76561198206026112) | SPECTATE - switchedCamera on Thomas Woods(76561198174871239) - d3s_raptor_SCR_17
28.01.2020 22:59:17: 4h 46min | Nino Marino(76561198206026112) | SPECTATE - switchedCamera on Larry Henry(76561198054085448) - C_man_1
28.01.2020 22:59:20: 4h 46min | Nino Marino(76561198206026112) | SPECTATE - switchedCamera on Kermit(76561198043298972) - d3s_explorer_UNM_13
28.01.2020 23:20:44: 5h 7min | Donnie Turbo(76561198041233395) | Move In Target Vehicle - AL "BIG AL" GAMBINO [CIV](76561198361509989)
28.01.2020 23:23:34: 5h 10min | Donnie Turbo(76561198041233395) | Added 1 boltcutters to Donnie Turbo!
28.01.2020 23:27:25: 5h 14min | Nino Marino(76561198206026112) | SPECTATE - switchedCamera on Robert Kennedy(76561198083728776) - d3s_cherokee_18_JPPV
28.01.2020 23:27:32: 5h 14min | Nino Marino(76561198206026112) | SPECTATE - switchedCamera on Eriden Parker(76561198054085448) - C_man_1
28.01.2020 23:27:33: 5h 14min | Nino Marino(76561198206026112) | SPECTATE - switchedCamera on Kermit(76561198043298972) - B_RangeMaster_F
28.01.2020 23:28:31: 5h 15min | Nino Marino(76561198206026112) | Teleport to [1436.88,1916.57,0](GPS: 014988)
28.01.2020 23:29:06: 5h 16min | Nino Marino(76561198206026112) | Teleport to [2978.83,3963.6,0](GPS: 029008)
28.01.2020 23:36:54: 5h 23min | Donnie Turbo(76561198041233395) | HealRepairNear
28.01.2020 23:36:55: 5h 23min | Donnie Turbo(76561198041233395) | HealRepairNear
28.01.2020 23:53:06: 5h 40min | Nino Marino(76561198206026112) | God Mode - 1
28.01.2020 23:53:39: 5h 40min | Donnie Turbo(76561198041233395) | Added 2 storagebigs to Donnie Turbo!
28.01.2020 23:53:44: 5h 40min | Donnie Turbo(76561198041233395) | Added 2 storagebigs to Donnie Turbo!
