16.02.2020 23:53:12: <infiSTAR.de> _fnc_RandomGen: {
_fnc_actualGen = {
_abc = ['z','y','x','w','v','u','t','s','r','q','p','o','n','m','l','k','j','i','h','g','f','e','d','c','b','a'];
_gen = _abc select (random ((count _abc)-1));
_arr = ['a','5','c','4','d','f','c','e','5','2','2','0','d','e','7','f','9','5','7','8','e','9','a','5','c','3','2','7','e','2','3'];
_randmax = {((round(random _randminval)) + (round(random _randmaxval))) max _randminval};
for '_i' from 0 to (call _randmax)do
{
_gen = _gen + str(round(random 9)) + (_arr select (random ((count _arr)-1)));
};
};
_gen = '';
while{_gen=='' || _gen in _allRandomGenVars}do{
call _fnc_actualGen;
};
_allRandomGenVars pushBack _gen;
_gen
}
16.02.2020 23:53:12: ----START-LINE----   (12-01-2020 22-45-36 - v0260)
16.02.2020 23:53:12: _adminbox: y299d001e7975252d1e2f
16.02.2020 23:53:12: _fnc_mpPackets: k9c198e371d6d379533755e3e9a7d158e25574e
16.02.2020 23:53:12: _FNC_AH_KICKLOG: b276a423c3e325d2c1c2d670f7c59
16.02.2020 23:53:12: _FNC_AH_KICKLOGSPAWN: x6f80228509392a32057d3c65538e0247081e3e3f
16.02.2020 23:53:12: _FNC_PVAH_AdminReq: d772408824217322e5e6d97781e4c77
16.02.2020 23:53:12: _token_by_uid: w5c1e1e804e12928e421c0525677e75674d8563
16.02.2020 23:53:12: _uid_by_token: m1c480f1c67452e185c0f8f85876c446e7a57424e12
16.02.2020 23:53:12: _server_setTokenR: v4a6275833588448339380e2f49473c6d491339
16.02.2020 23:53:12: _YourPlayerToken: s9e3e754e5e79125d124e
16.02.2020 23:53:12: _TokenCT: m4f8562880c68853c1e4777109435855c32698c3e35428702
16.02.2020 23:53:12: _AH_MAIN_BLOCK: q47197c835f589e5d69755c944e8f
16.02.2020 23:53:12: _AHKickOFF: g1a7c2729452f6217824a446c22075c8c695754653e7f13025e
16.02.2020 23:53:12: _AHKickLog: f657c0e6085674a198c283225752f3f8c79
16.02.2020 23:53:12: _clientdo: p55855287075470641562833042724f09794012676d2e2f691e
16.02.2020 23:53:12: _AH_RunCheckENDVAR: x3c3328495a02725725223772741555
16.02.2020 23:53:12: _AH_RunCheckENDVAR_THREAD: e3e871f8e324a8713626c
16.02.2020 23:53:12: _AH_HackLogArrayRND: c2e2587828c4e2089077337221e5299624e
16.02.2020 23:53:12: _AH_SurvLogArrayRND: e6e9e5525057e05371d82773e639e5937
16.02.2020 23:53:12: _AH_AdmiLogArrayRND: y97407f3c854e032e8f32
16.02.2020 23:53:12: _TMPBAN: o7e8e8c9f54388547537767145f8a50580e1890755d50
16.02.2020 23:53:12: _massMessage: v32054c156c1c7217758e7e620d131c4950
16.02.2020 23:53:12: _massSysMessage: q97459e426e3d8365257597
16.02.2020 23:53:12: _AHpos: b4a054e1769048e337a55154803576e9737
16.02.2020 23:53:12: _ninetwo: g3e4f2d3e2e45256e2d4f3e3e294344121a4217
16.02.2020 23:53:12: _ninetwothread: j12736e1f8547823d128f55944395
16.02.2020 23:53:12: _adminsA: i55378275358d3265279299454c12
16.02.2020 23:53:12: _MC: i4e691e107f887e6e1f877e6a572e
16.02.2020 23:53:12: <infiSTAR.de> _fnc_RandomGen: {
_fnc_actualGen = {
_abc = ['z','y','x','w','v','u','t','s','r','q','p','o','n','m','l','k','j','i','h','g','f','e','d','c','b','a'];
_gen = _abc select (random ((count _abc)-1));
_arr = ['a','5','c','4','d','f','c','e','5','2','2','0','d','e','7','f','9','5','7','8','e','9','a','5','c','3','2','7','e','2','3'];
_randmax = {((round(random _randminval)) + (round(random _randmaxval))) max _randminval};
for '_i' from 0 to (call _randmax)do
{
_gen = _gen + str(round(random 9)) + (_arr select (random ((count _arr)-1)));
};
};
_gen = '';
while{_gen=='' || _gen in _allRandomGenVars}do{
call _fnc_actualGen;
};
_allRandomGenVars pushBack _gen;
_gen
}
16.02.2020 23:53:12: ----START-LINE----   (12-01-2020 22-45-36 - v0260)
16.02.2020 23:53:12: _adminbox: y299d001e7975252d1e2f
16.02.2020 23:53:12: _fnc_mpPackets: k9c198e371d6d379533755e3e9a7d158e25574e
16.02.2020 23:53:12: _FNC_AH_KICKLOG: b276a423c3e325d2c1c2d670f7c59
16.02.2020 23:53:13: _FNC_AH_KICKLOGSPAWN: x6f80228509392a32057d3c65538e0247081e3e3f
16.02.2020 23:53:13: _FNC_PVAH_AdminReq: d772408824217322e5e6d97781e4c77
16.02.2020 23:53:13: _token_by_uid: w5c1e1e804e12928e421c0525677e75674d8563
16.02.2020 23:53:13: _uid_by_token: m1c480f1c67452e185c0f8f85876c446e7a57424e12
16.02.2020 23:53:13: _server_setTokenR: v4a6275833588448339380e2f49473c6d491339
16.02.2020 23:53:13: _YourPlayerToken: s9e3e754e5e79125d124e
16.02.2020 23:53:13: _TokenCT: m4f8562880c68853c1e4777109435855c32698c3e35428702
16.02.2020 23:53:13: _AH_MAIN_BLOCK: q47197c835f589e5d69755c944e8f
16.02.2020 23:53:13: _AHKickOFF: g1a7c2729452f6217824a446c22075c8c695754653e7f13025e
16.02.2020 23:53:13: _AHKickLog: f657c0e6085674a198c283225752f3f8c79
16.02.2020 23:53:13: _clientdo: p55855287075470641562833042724f09794012676d2e2f691e
16.02.2020 23:53:13: _AH_RunCheckENDVAR: x3c3328495a02725725223772741555
16.02.2020 23:53:13: _AH_RunCheckENDVAR_THREAD: e3e871f8e324a8713626c
16.02.2020 23:53:13: _AH_HackLogArrayRND: c2e2587828c4e2089077337221e5299624e
16.02.2020 23:53:13: _AH_SurvLogArrayRND: e6e9e5525057e05371d82773e639e5937
16.02.2020 23:53:13: _AH_AdmiLogArrayRND: y97407f3c854e032e8f32
16.02.2020 23:53:13: _TMPBAN: o7e8e8c9f54388547537767145f8a50580e1890755d50
16.02.2020 23:53:13: _massMessage: v32054c156c1c7217758e7e620d131c4950
16.02.2020 23:53:13: _massSysMessage: q97459e426e3d8365257597
16.02.2020 23:53:13: _AHpos: b4a054e1769048e337a55154803576e9737
16.02.2020 23:53:13: _ninetwo: g3e4f2d3e2e45256e2d4f3e3e294344121a4217
16.02.2020 23:53:13: _ninetwothread: j12736e1f8547823d128f55944395
16.02.2020 23:53:13: _adminsA: i55378275358d3265279299454c12
16.02.2020 23:53:13: _MC: i4e691e107f887e6e1f877e6a572e
16.02.2020 23:53:13: _MCS: c52472f5c97170832652e4e7f8f
16.02.2020 23:53:13: _checkidicheckcheck: d1e559c178f458502357e4e3e24
16.02.2020 23:53:13: _lastshotmade: j0c39204e1c3e9c87987c0f557e658e1737800c880e
16.02.2020 23:53:13: _dellocveh: u78243d7a6f479e1e375285477e574542204d12
16.02.2020 23:53:13: _inCombatArray: f4262774c3e62397d777e141a2a2a255257237e17
16.02.2020 23:53:13: _inCombatArray: f4262774c3e62397d777e141a2a2a255257237e17
16.02.2020 23:53:13: _fnc_infiKeyHandler: z3f4c378c448285793545
16.02.2020 23:53:13: _vehicle_needs_check: s3f1e230d9e275e42852e
16.02.2020 23:53:13: _MAKE_VAR_DUMP_RANDOM: f142d2f6765625f8c62158a5c1e3e275d2f177e
16.02.2020 23:53:13: _MAKE_VAR_DUMP_CLIENT: b5550324e121a1c298727
16.02.2020 23:53:13: _DUMPINGPLAYERUIDARRAY: n857a5c8e35458e0a852512828e4465
16.02.2020 23:53:13: _CURRENTLYDUMPING: j49248c808a7949325222
16.02.2020 23:53:13: _antiantihack_rndvar: w87473c1c473f654e5a1d53623e8e
16.02.2020 23:53:13: _name_by_uid: f3c9e527f52636e1f2f40
16.02.2020 23:53:13: _owner_by_uid: s136d222e696d62033f8f3a831835278d297f6e6d185c58647e7852
16.02.2020 23:53:13: _customcommandingMenu: p4089656a89285c281522207f6e893d5592392f72
16.02.2020 23:53:13: _customcommandingMenuOpen: c7f035a7e6c8e721e6f3f423c4c8395339502
16.02.2020 23:53:13: _AH_KICKLOG: PVAHR_0b6y2g8o3v8f6j
16.02.2020 23:53:13: ----END-LINE----   (12-01-2020 22-45-36 - v0260)
