07.02.2020 02:15:46: 0h 7min | Donnie Turbo(76561198041233395) | Teleport to [3520.5,2990.24,0](GPS: 035999)
07.02.2020 02:15:56: 0h 7min | Donnie Turbo(76561198041233395) | Teleport to [3825.35,3131.74,0](GPS: 038000)
07.02.2020 02:17:31: 0h 9min | Donnie Turbo(76561198041233395) | spawning Jeep Cactus Concept (Cactus_Jeep)
07.02.2020 02:18:29: 0h 10min | Donnie Turbo(76561198041233395) | Deleting Cactus_Jeep @037999..
07.02.2020 02:18:55: 0h 10min | Donnie Turbo(76561198041233395) | spawning MadMax Ford Mainline 1954 (Ford_Mainline_1954)
07.02.2020 02:24:15: 0h 15min | Donnie Turbo(76561198041233395) | Deleting Ford_Mainline_1954 @035000..
07.02.2020 02:24:33: 0h 16min | Donnie Turbo(76561198041233395) | Deleting Land_HeliPad @035999..
07.02.2020 02:32:03: 0h 23min | Donnie Turbo(76561198041233395) | spawning UGV (C_IDAP_UGV_01_F)
07.02.2020 02:32:25: 0h 23min | Donnie Turbo(76561198041233395) | Deleting C_IDAP_UGV_01_F @035000..
07.02.2020 02:33:15: 0h 24min | Donnie Turbo(76561198041233395) | spawning MIM-145 Defender (B_SAM_System_03_F)
07.02.2020 02:33:40: 0h 25min | Donnie Turbo(76561198041233395) | Deleting B_SAM_System_03_F @035000..
07.02.2020 02:42:19: 0h 33min | Donnie Turbo(76561198041233395) | spawning ED-1D Pelter (I_E_UGV_02_Demining_F)
07.02.2020 02:42:52: 0h 34min | Donnie Turbo(76561198041233395) | Deleting GroundWeaponHolder @035999..
07.02.2020 02:43:21: 0h 34min | Donnie Turbo(76561198041233395) | spawning ED-1D Pelter (I_UGV_02_Demining_F)
07.02.2020 02:43:43: 0h 35min | Donnie Turbo(76561198041233395) | Deleting I_UGV_02_Demining_F @035999..
07.02.2020 02:43:59: 0h 35min | Donnie Turbo(76561198041233395) | spawning HD Nightster Scrambler (M1030)
07.02.2020 02:44:23: 0h 35min | Donnie Turbo(76561198041233395) | spawning Yamaha TT650 (TT650_Civ)
07.02.2020 02:44:25: 0h 35min | Donnie Turbo(76561198041233395) | spawning Yamaha TT650 (TT650_Ins)
07.02.2020 02:44:28: 0h 36min | Donnie Turbo(76561198041233395) | spawning Yamaha TT650 (TT650_Gue)
07.02.2020 02:44:31: 0h 36min | Donnie Turbo(76561198041233395) | spawning HD Nightster Scrambler (M1030)
07.02.2020 02:45:25: 0h 36min | Donnie Turbo(76561198041233395) | Deleting TT650_Gue @035998..
07.02.2020 02:45:28: 0h 37min | Donnie Turbo(76561198041233395) | Deleting TT650_Civ @035999..
07.02.2020 02:45:30: 0h 37min | Donnie Turbo(76561198041233395) | Deleting TT650_Ins @035999..
07.02.2020 02:46:34: 0h 38min | Donnie Turbo(76561198041233395) | spawning Урал-NEXT Кунг (d3s_next_kung)
07.02.2020 02:48:36: 0h 40min | Donnie Turbo(76561198041233395) | Deleting d3s_next_kung @038010..
07.02.2020 02:49:11: 0h 40min | Donnie Turbo(76561198041233395) | spawning M2A4 Slammer UP (B_MBT_01_TUSK_F)
07.02.2020 02:50:25: 0h 41min | Donnie Turbo(76561198041233395) | Teleport to [5645.81,4294.5,0](GPS: 056012)
07.02.2020 02:52:53: 0h 44min | Donnie Turbo(76561198041233395) | Teleport to [4383.57,4159.76,0](GPS: 043010)
07.02.2020 02:59:47: 0h 51min | Donnie Turbo(76561198041233395) | Deleting B_MBT_01_TUSK_F @038000..
07.02.2020 03:01:50: 0h 53min | Donnie Turbo(76561198041233395) | UnlimAmmo - 1
07.02.2020 03:13:09: 1h 4min | Donnie Turbo(76561198041233395) | noRecoil - 1
07.02.2020 03:16:10: 1h 7min | Donnie Turbo(76561198041233395) | Zeus AL "BIG AL" GAMBINO(76561198361509989) @037000
07.02.2020 03:16:10: 1h 7min | Donnie Turbo(76561198041233395) | Zeus - civ_4(76561198361509989)
07.02.2020 03:16:53: 1h 8min | Donnie Turbo(76561198041233395) | Heal - civ_4(76561198361509989)
07.02.2020 03:17:51: 1h 9min | Donnie Turbo(76561198041233395) | Heal - civ_1(76561198368248470)
07.02.2020 03:23:27: 1h 15min | Donnie Turbo(76561198041233395) | Revive - civ_5(76561198264871362)
07.02.2020 03:23:53: 1h 15min | Donnie Turbo(76561198041233395) | Revive - civ_5(76561198264871362)
07.02.2020 03:23:58: 1h 15min | Donnie Turbo(76561198041233395) | Revive - civ_3(76561198180893505)
07.02.2020 03:26:38: 1h 18min | Donnie Turbo(76561198041233395) | Heal - civ_4(76561198361509989)
07.02.2020 03:27:04: 1h 18min | Donnie Turbo(76561198041233395) | Heal - civ_3(76561198180893505)
07.02.2020 03:37:13: 1h 28min | Donnie Turbo(76561198041233395) | DayTime
07.02.2020 03:40:24: 1h 31min | Nino Marino(76561198206026112) | Teleport to [3198.38,3494.04,0](GPS: 031004)
07.02.2020 03:40:46: 1h 32min | Nino Marino(76561198206026112) | Teleport to [2932.48,3513.63,0](GPS: 029004)
07.02.2020 03:41:15: 1h 32min | Nino Marino(76561198206026112) | Teleport to [3095.52,5007.17,0](GPS: 030019)
07.02.2020 03:42:51: 1h 34min | Donnie Turbo(76561198041233395) | NightTime
07.02.2020 03:43:29: 1h 35min | Nino Marino(76561198206026112) | Teleport to [3425.14,4186.42,0](GPS: 034011)
07.02.2020 03:46:29: 1h 38min | Nino Marino(76561198206026112) | HealRepairNear
07.02.2020 03:46:29: 1h 38min | Nino Marino(76561198206026112) | HealRepairNear
07.02.2020 03:47:50: 1h 39min | Donnie Turbo(76561198041233395) | UnlimAmmo - 0
07.02.2020 03:47:51: 1h 39min | Donnie Turbo(76561198041233395) | noRecoil - 0
07.02.2020 03:49:03: 1h 40min | Donnie Turbo(76561198041233395) | Teleport to [3782.19,3081.18,0](GPS: 037000)
07.02.2020 03:50:26: 1h 42min | Nino Marino(76561198206026112) | Teleport to [3129.13,5085.79,0](GPS: 031020)
07.02.2020 03:50:42: 1h 42min | Donnie Turbo(76561198041233395) | Teleport to [3519.01,3064.84,0](GPS: 035999)
07.02.2020 03:50:57: 1h 42min | Donnie Turbo(76561198041233395) | Teleport - Target To Me - John Anderson [CIV](76561198180893505)
07.02.2020 03:51:33: 1h 43min | Nino Marino(76561198206026112) | Teleport to [3500.78,4164.71,0](GPS: 035010)
07.02.2020 03:52:05: 1h 43min | Nino Marino(76561198206026112) | Teleport to [3799.28,3092.16,0](GPS: 037000)
07.02.2020 03:58:36: 1h 50min | Nino Marino(76561198206026112) | Unrestrain - civ_6(76561198180893505)
07.02.2020 03:58:40: 1h 50min | Nino Marino(76561198206026112) | SPECTATE - switchedCamera on John Anderson(76561198180893505) - d3s_boss_15
07.02.2020 03:59:26: 1h 51min | Nino Marino(76561198206026112) | Teleport to [5570.8,4328.02,0](GPS: 055012)
07.02.2020 03:59:55: 1h 51min | Nino Marino(76561198206026112) | Teleport - Target To Me - John Anderson [CIV](76561198180893505)
07.02.2020 04:00:15: 1h 51min | Nino Marino(76561198206026112) | Revive - civ_6(76561198180893505)
07.02.2020 04:00:36: 1h 52min | Nino Marino(76561198206026112) | HealRepairNear
07.02.2020 04:00:36: 1h 52min | Nino Marino(76561198206026112) | HealRepairNear
07.02.2020 04:01:13: 1h 52min | Nino Marino(76561198206026112) | Revive - civ_3(76561198206026112)
07.02.2020 04:01:31: 1h 53min | Nino Marino(76561198206026112) | Revive - civ_5(76561198264871362)
07.02.2020 04:02:44: 1h 54min | Nino Marino(76561198206026112) | Revive - civ_3(76561198206026112)
07.02.2020 04:02:50: 1h 54min | Nino Marino(76561198206026112) | God Mode - 1
07.02.2020 04:03:42: 1h 55min | Nino Marino(76561198206026112) | Unrestrain - civ_3(76561198206026112)
07.02.2020 04:03:50: 1h 55min | Nino Marino(76561198206026112) | Teleport to [5596.71,4277.59,0](GPS: 055012)
07.02.2020 04:03:59: 1h 55min | Nino Marino(76561198206026112) | Unrestrain - civ_3(76561198206026112)
07.02.2020 04:04:03: 1h 55min | Nino Marino(76561198206026112) | Unrestrain - civ_3(76561198206026112)
07.02.2020 04:04:04: 1h 55min | Nino Marino(76561198206026112) | Unrestrain - civ_3(76561198206026112)
07.02.2020 04:04:06: 1h 55min | Nino Marino(76561198206026112) | God Mode - 0
07.02.2020 04:04:09: 1h 55min | Nino Marino(76561198206026112) | Unrestrain - civ_3(76561198206026112)
07.02.2020 04:04:12: 1h 55min | Nino Marino(76561198206026112) | God Mode - 1
07.02.2020 04:04:20: 1h 55min | Nino Marino(76561198206026112) | Teleport - Me To Target - luke [CIV](76561198264871362)
07.02.2020 04:04:32: 1h 56min | Nino Marino(76561198206026112) | Teleport - Target To Me - John Anderson [CIV](76561198180893505)
07.02.2020 04:04:45: 1h 56min | Nino Marino(76561198206026112) | Exploding Nino Marino(76561198206026112) @055012
07.02.2020 04:04:45: 1h 56min | Nino Marino(76561198206026112) | Explode - civ_3(76561198206026112)
07.02.2020 04:05:14: 1h 56min | Nino Marino(76561198206026112) | Revive - civ_6(76561198180893505)
07.02.2020 04:05:33: 1h 57min | Nino Marino(76561198206026112) | Revive - civ_5(76561198264871362)
07.02.2020 04:06:14: 1h 57min | Nino Marino(76561198206026112) | Revive - civ_6(76561198180893505)
07.02.2020 04:06:19: 1h 57min | Nino Marino(76561198206026112) | Revive - civ_5(76561198264871362)
07.02.2020 04:06:44: 1h 58min | Nino Marino(76561198206026112) | Deleting GroundWeaponHolder @055012..
07.02.2020 04:10:57: 2h 2min | Nino Marino(76561198206026112) | God Mode - 0
07.02.2020 04:11:01: 2h 2min | Nino Marino(76561198206026112) | SPECTATE - switchedCamera on Wyclef(76561198038112694) - C_man_1
07.02.2020 04:11:24: 2h 2min | Nino Marino(76561198206026112) | Teleport to [3646.97,4195.97,0](GPS: 036011)
07.02.2020 04:37:23: 2h 28min | Nino Marino(76561198206026112) | Revive - civ_3(76561198206026112)
07.02.2020 04:37:51: 2h 29min | Nino Marino(76561198206026112) | Revive - civ_2(76561198038112694)
07.02.2020 04:46:02: 2h 37min | Nino Marino(76561198206026112) | SPECTATE - switchedCamera on Wyclef(76561198038112694) - C_man_1
07.02.2020 04:48:53: 2h 40min | Nino Marino(76561198206026112) | Deleting GroundWeaponHolder @034010..
07.02.2020 04:51:11: 2h 42min | Nino Marino(76561198206026112) | Revive - civ_3(76561198206026112)
07.02.2020 04:52:12: 2h 43min | Nino Marino(76561198206026112) | Revive - civ_6(76561198180893505)
07.02.2020 05:05:33: 0h 4min | Boyevik Butch-Mac Volkev(76561198089960350) | Teleport to [4576.58,3306.84,0](GPS: 045002)
07.02.2020 05:05:43: 0h 5min | Boyevik Butch-Mac Volkev(76561198089960350) | Teleport to [4611.59,3304.45,0](GPS: 046002)
07.02.2020 05:05:50: 0h 5min | Boyevik Butch-Mac Volkev(76561198089960350) | Teleport In Facing Direction (10m steps) - 1
07.02.2020 05:05:51: 0h 5min | Boyevik Butch-Mac Volkev(76561198089960350) | God Mode - 1
07.02.2020 05:09:12: 0h 8min | Boyevik Butch-Mac Volkev(76561198089960350) | Teleport to [3528.5,3187.78,0](GPS: 035001)
07.02.2020 05:09:28: 0h 8min | Boyevik Butch-Mac Volkev(76561198089960350) | Teleport to [3642.96,3167.97,0](GPS: 036000)
07.02.2020 05:10:14: 0h 9min | Boyevik Butch-Mac Volkev(76561198089960350) | Teleport to [3460.64,4201.83,0](GPS: 034011)
07.02.2020 05:10:21: 0h 9min | Boyevik Butch-Mac Volkev(76561198089960350) | infiSTAR MapIcons - 1
07.02.2020 05:20:48: 0h 20min | Boyevik Butch-Mac Volkev(76561198089960350) | Teleport to [3663.93,3245.99,0](GPS: 036001)
07.02.2020 05:24:05: 0h 23min | Boyevik Butch-Mac Volkev(76561198089960350) | AdminConsole
07.02.2020 05:25:01: 0h 24min | Boyevik Butch-Mac Volkev(76561198089960350) | AdminConsole
07.02.2020 05:25:25: 0h 24min | Boyevik Butch-Mac Volkev(76561198089960350) | AdminConsole
07.02.2020 05:27:06: 0h 26min | Boyevik Butch-Mac Volkev(76561198089960350) | Mass Message: Server is going down for a quick hotfix. 
07.02.2020 05:42:05: 0h 6min | Boyevik Butch-Mac Volkev(76561198089960350) | infiSTAR MapIcons - 1
07.02.2020 05:42:07: 0h 6min | Boyevik Butch-Mac Volkev(76561198089960350) | Teleport In Facing Direction (10m steps) - 1
07.02.2020 05:42:08: 0h 6min | Boyevik Butch-Mac Volkev(76561198089960350) | God Mode - 1
07.02.2020 05:42:12: 0h 6min | Boyevik Butch-Mac Volkev(76561198089960350) | Teleport to [3642.74,3166.25,0](GPS: 036000)
07.02.2020 06:23:35: 0h 31min | Nino Marino(76561198206026112) | Teleport to [3456.84,4210.88,0](GPS: 034011)
07.02.2020 06:26:23: 0h 34min | Nino Marino(76561198206026112) | Teleport to [3643.52,3167.21,0](GPS: 036000)
07.02.2020 06:35:09: 0h 43min | Nino Marino(76561198206026112) | Teleport - Target To Me - Melvin Bush [CIV](76561198083728776)
07.02.2020 06:44:23: 0h 52min | Nino Marino(76561198206026112) | Teleport to [5814.24,3129.07,0](GPS: 058000)
07.02.2020 06:44:39: 0h 52min | Nino Marino(76561198206026112) | Move In Target Vehicle - Melvin Bush [CIV](76561198083728776)
07.02.2020 06:44:58: 0h 53min | Nino Marino(76561198206026112) | Teleport to [5826.75,3122.22,0](GPS: 058000)
07.02.2020 06:45:13: 0h 53min | Nino Marino(76561198206026112) | Teleport to [5740.92,2926.04,0](GPS: 057998)
07.02.2020 06:56:25: 1h 4min | Nino Marino(76561198206026112) | Teleport to [5911.16,2916.33,0](GPS: 059998)
07.02.2020 06:56:53: 1h 5min | Nino Marino(76561198206026112) | Teleport to [5606.77,2932.25,0](GPS: 056998)
07.02.2020 06:57:04: 1h 5min | Nino Marino(76561198206026112) | Revive - civ_4(76561198083728776)
07.02.2020 06:59:13: 1h 7min | Nino Marino(76561198206026112) | Teleport to [5903.62,2913.41,0](GPS: 059998)
07.02.2020 06:59:45: 1h 8min | Nino Marino(76561198206026112) | Teleport to [5607.15,2928.77,0](GPS: 056998)
07.02.2020 06:59:54: 1h 8min | Nino Marino(76561198206026112) | Deleting GroundWeaponHolder @056998..
07.02.2020 07:01:42: 1h 9min | Nino Marino(76561198206026112) | Teleport - Target To Me - John Anderson [CIV](76561198180893505)
07.02.2020 07:04:34: 1h 12min | Nino Marino(76561198206026112) | Deleting GroundWeaponHolder @056998..
07.02.2020 07:11:13: 1h 19min | Nino Marino(76561198206026112) | Deleting GroundWeaponHolder @056998..
07.02.2020 07:12:01: 1h 20min | Nino Marino(76561198206026112) | Deleting GroundWeaponHolder @056998..
07.02.2020 07:14:44: 1h 22min | Nino Marino(76561198206026112) | Revive - civ_1(76561198206026112)
07.02.2020 07:14:51: 1h 23min | Nino Marino(76561198206026112) | Heal - civ_1(76561198206026112)
07.02.2020 07:14:55: 1h 23min | Nino Marino(76561198206026112) | Restore - civ_1(76561198206026112)
07.02.2020 07:15:00: 1h 23min | Nino Marino(76561198206026112) | God Mode - 1
07.02.2020 07:15:01: 1h 23min | Nino Marino(76561198206026112) | God Mode - 0
07.02.2020 07:30:24: 0h 12min | Nino Marino(76561198206026112) | Teleport to [3758.05,3195.04,0](GPS: 037001)
07.02.2020 07:30:27: 0h 12min | Boyevik Butch-Mac Volkev(76561198089960350) | infiSTAR MapIcons - 1
07.02.2020 07:30:28: 0h 12min | Boyevik Butch-Mac Volkev(76561198089960350) | Teleport In Facing Direction (10m steps) - 1
07.02.2020 07:30:34: 0h 12min | Boyevik Butch-Mac Volkev(76561198089960350) | Teleport - Target To Me - Melvin Bush [CIV](76561198083728776)
07.02.2020 07:30:41: 0h 12min | Nino Marino(76561198206026112) | Teleport - Target To Me - John Anderson [CIV](76561198180893505)
07.02.2020 07:30:43: 0h 12min | Nino Marino(76561198206026112) | Teleport - Target To Me - Melvin Bush [CIV](76561198083728776)
07.02.2020 07:32:03: 0h 13min | Boyevik Butch-Mac Volkev(76561198089960350) | Revive - civ_2(76561198089960350)
07.02.2020 07:34:26: 0h 16min | Boyevik Butch-Mac Volkev(76561198089960350) | Teleport to [3458.68,4222.73,0](GPS: 034011)
07.02.2020 07:34:29: 0h 16min | Nino Marino(76561198206026112) | Teleport to [3460.02,4222.28,0](GPS: 034011)
07.02.2020 07:34:44: 0h 16min | Nino Marino(76561198206026112) | Teleport - Target To Me - Melvin Bush [CIV](76561198083728776)
07.02.2020 07:34:47: 0h 16min | Nino Marino(76561198206026112) | Teleport - Target To Me - John Anderson [CIV](76561198180893505)
07.02.2020 07:35:47: 0h 17min | Gatsby(76561198038112694) | Teleport to [3423.41,4228.34,0](GPS: 034011)
07.02.2020 07:36:13: 0h 18min | Boyevik Butch-Mac Volkev(76561198089960350) | Teleport to [3764.25,3217.61,0](GPS: 037001)
07.02.2020 07:36:36: 0h 18min | Gatsby(76561198038112694) | Teleport to [3752.99,3226.89,0](GPS: 037001)
07.02.2020 07:37:35: 0h 19min | Boyevik Butch-Mac Volkev(76561198089960350) | Teleport to [3467.48,4166,0](GPS: 034010)
07.02.2020 07:37:40: 0h 19min | Gatsby(76561198038112694) | Teleport to [3468.99,4165.41,0](GPS: 034010)
07.02.2020 07:44:04: 0h 25min | Boyevik Butch-Mac Volkev(76561198089960350) | God Mode - 1
07.02.2020 07:48:32: 0h 30min | Gatsby(76561198038112694) | Revive - civ_5()
07.02.2020 07:48:34: 0h 30min | Gatsby(76561198038112694) | Revive - civ_5(76561198038112694)
07.02.2020 07:49:15: 0h 31min | Gatsby(76561198038112694) | Deleting WeaponHolderSimulated @034010..
07.02.2020 07:56:06: 0h 37min | Gatsby(76561198038112694) | HealRepairNear
07.02.2020 07:56:54: 0h 38min | Boyevik Butch-Mac Volkev(76561198089960350) | Teleport to [3631.48,3119.16,0](GPS: 036000)
07.02.2020 07:57:22: 0h 39min | Boyevik Butch-Mac Volkev(76561198089960350) | 5.000K Cash
07.02.2020 07:57:41: 0h 39min | Boyevik Butch-Mac Volkev(76561198089960350) | Teleport to [3517.7,3082.04,0](GPS: 035000)
07.02.2020 07:58:01: 0h 39min | Boyevik Butch-Mac Volkev(76561198089960350) | Teleport to [3633.35,3113.38,0](GPS: 036000)
07.02.2020 07:59:10: 0h 41min | Boyevik Butch-Mac Volkev(76561198089960350) | Teleport to [4005.48,2495.51,0](GPS: 040994)
07.02.2020 07:59:36: 0h 41min | Boyevik Butch-Mac Volkev(76561198089960350) | Teleport to [3663.22,3238.39,0](GPS: 036001)
07.02.2020 07:59:59: 0h 41min | Boyevik Butch-Mac Volkev(76561198089960350) | Teleport to [3933.8,3615.75,0](GPS: 039005)
07.02.2020 08:03:30: 0h 45min | Nino Marino(76561198206026112) | God Mode - 1
07.02.2020 08:19:02: 1h 0min | Gatsby(76561198038112694) | God Mode - 1
07.02.2020 08:19:05: 1h 0min | Boyevik Butch-Mac Volkev(76561198089960350) | Teleport to [3485.09,4162.38,0](GPS: 034010)
07.02.2020 08:19:28: 1h 1min | Nino Marino(76561198206026112) | Exploding Nino Marino(76561198206026112) @034010
07.02.2020 08:19:28: 1h 1min | Nino Marino(76561198206026112) | Explode - civ_1(76561198206026112)
07.02.2020 08:19:47: 1h 1min | Gatsby(76561198038112694) | Zeus Boyevik Butch-Mac Volkev(76561198089960350) @034010
07.02.2020 08:19:47: 1h 1min | Gatsby(76561198038112694) | Zeus - civ_2(76561198089960350)
07.02.2020 08:19:57: 1h 1min | Gatsby(76561198038112694) | Revive - civ_4(76561198180893505)
07.02.2020 08:19:57: 1h 1min | Nino Marino(76561198206026112) | Unrestrain - civ_1(76561198206026112)
07.02.2020 08:20:00: 1h 1min | Nino Marino(76561198206026112) | Revive - civ_4(76561198180893505)
07.02.2020 08:20:25: 1h 2min | Boyevik Butch-Mac Volkev(76561198089960350) | Teleport to [3520.8,3100.27,0](GPS: 035000)
07.02.2020 08:20:41: 1h 2min | Boyevik Butch-Mac Volkev(76561198089960350) | Teleport to [3484.67,4164.02,0](GPS: 034010)
07.02.2020 08:20:45: 1h 2min | Boyevik Butch-Mac Volkev(76561198089960350) | God Mode - 0
07.02.2020 08:23:32: 1h 5min | Boyevik Butch-Mac Volkev(76561198089960350) | Vehicle Marker - 1
07.02.2020 08:23:47: 1h 5min | Boyevik Butch-Mac Volkev(76561198089960350) | Teleport to [3520.23,3022.68,0](GPS: 035999)
07.02.2020 08:24:16: 1h 6min | Boyevik Butch-Mac Volkev(76561198089960350) | Self Disconnect
07.02.2020 08:26:05: 1h 7min | Nino Marino(76561198206026112) | Deleting GroundWeaponHolder @034010..
07.02.2020 08:26:28: 1h 8min | Nino Marino(76561198206026112) | Parachute Target - Nino Marino [CIV](76561198206026112)
07.02.2020 08:26:37: 1h 8min | Nino Marino(76561198206026112) | Teleport to [3566.93,3020.87,0](GPS: 035999)
07.02.2020 08:26:53: 1h 8min | Gatsby(76561198038112694) | Teleport to [3589.97,3130.96,0](GPS: 035000)
07.02.2020 08:26:58: 1h 8min | Gatsby(76561198038112694) | Teleport to [3607.92,3167.84,0](GPS: 036000)
07.02.2020 08:27:16: 1h 9min | Gatsby(76561198038112694) | Move In Target Vehicle - Boyevik Butch-Mac Volkev [GUER](76561198089960350)
07.02.2020 08:27:56: 1h 9min | Nino Marino(76561198206026112) | Parachute Target - Nino Marino [CIV](76561198206026112)
07.02.2020 09:22:12: 0h 52min | Nino Marino(76561198206026112) | Teleport to [3410.63,4169.85,0](GPS: 034010)
07.02.2020 09:32:17: 1h 2min | Nino Marino(76561198206026112) | God Mode - 1
07.02.2020 09:32:18: 1h 2min | Nino Marino(76561198206026112) | God Mode - 0
07.02.2020 09:32:25: 1h 2min | Nino Marino(76561198206026112) | Heal - civ_2(76561198206026112)
07.02.2020 09:42:17: 1h 12min | Nino Marino(76561198206026112) | Teleport to [1491.46,1046.96,0](GPS: 014979)
07.02.2020 09:43:38: 1h 13min | Nino Marino(76561198206026112) | Teleport to [3449.77,4229.83,0](GPS: 034011)
07.02.2020 09:46:37: 1h 16min | Nino Marino(76561198206026112) | Teleport to [1472.54,1073.12,0](GPS: 014980)
07.02.2020 09:47:14: 1h 17min | Nino Marino(76561198206026112) | Teleport to [7500.91,3698.38,0](GPS: 075006)
07.02.2020 09:47:30: 1h 17min | Nino Marino(76561198206026112) | Teleport to [3440.6,4211.77,0](GPS: 034011)
07.02.2020 11:43:40: 0h 4min | Boyevik Butch-Mac Volkev(76561198089960350) | Teleport to [3399.43,3205.73,0](GPS: 033001)
07.02.2020 11:44:04: 0h 4min | Boyevik Butch-Mac Volkev(76561198089960350) | Added 1 etablis to Boyevik Butch-Mac Volkev!
07.02.2020 11:54:53: 0h 3min | Boyevik Butch-Mac Volkev(76561198089960350) | Teleport to [3398.27,3213.5,0](GPS: 033001)
07.02.2020 11:55:05: 0h 3min | Boyevik Butch-Mac Volkev(76561198089960350) | Added 1 etablis to Boyevik Butch-Mac Volkev!
07.02.2020 13:34:24: 0h 11min | Boyevik Butch-Mac Volkev(76561198089960350) | Added 1 etablis to Boyevik Butch-Mac Volkev!
07.02.2020 13:36:28: 0h 13min | Boyevik Butch-Mac Volkev(76561198089960350) | Added 20 Hemp_fiberss to Boyevik Butch-Mac Volkev!
07.02.2020 13:37:10: 0h 13min | Boyevik Butch-Mac Volkev(76561198089960350) | Added 20 Hemp_fiberss to Boyevik Butch-Mac Volkev!
07.02.2020 13:37:17: 0h 13min | Boyevik Butch-Mac Volkev(76561198089960350) | Added 20 Wools to Boyevik Butch-Mac Volkev!
07.02.2020 22:04:24: 1h 22min | Donnie Turbo(76561198041233395) | noRecoil - 1
07.02.2020 22:04:26: 1h 22min | Donnie Turbo(76561198041233395) | UnlimAmmo - 1
07.02.2020 22:10:13: 1h 27min | Donnie Turbo(76561198041233395) | UnlimAmmo - 1
07.02.2020 22:10:14: 1h 28min | Donnie Turbo(76561198041233395) | noRecoil - 1
07.02.2020 22:16:19: 1h 34min | Donnie Turbo(76561198041233395) | Heal - civ_2(76561198180893505)
07.02.2020 22:20:36: 1h 38min | Donnie Turbo(76561198041233395) | Teleport to [5319.49,3940.15,0](GPS: 053008)
07.02.2020 22:21:40: 1h 39min | Donnie Turbo(76561198041233395) | HealRepairNear
07.02.2020 22:21:42: 1h 39min | Donnie Turbo(76561198041233395) | HealRepairNear
07.02.2020 22:37:30: 1h 55min | Donnie Turbo(76561198041233395) | UnlimAmmo - 1
07.02.2020 22:37:32: 1h 55min | Donnie Turbo(76561198041233395) | noRecoil - 1
07.02.2020 22:38:54: 1h 56min | HoyoBani(76561198105940600) | infiSTAR Player ESP 1 - 1
07.02.2020 22:38:54: 1h 56min | HoyoBani(76561198105940600) | infiSTAR MapIcons - 1
07.02.2020 22:38:54: 1h 56min | HoyoBani(76561198105940600) | noRecoil - 1
07.02.2020 22:43:53: 2h 1min | Gatsby(76561198038112694) | Teleport to [3671.97,3231.22,0](GPS: 036001)
07.02.2020 22:44:23: 2h 2min | Donnie Turbo(76561198041233395) | Teleport to [3791.4,3031.02,0](GPS: 037999)
07.02.2020 22:45:19: 2h 3min | Donnie Turbo(76561198041233395) | UnlimAmmo - 1
07.02.2020 22:45:24: 2h 3min | Donnie Turbo(76561198041233395) | noRecoil - 1
07.02.2020 22:45:48: 2h 3min | Donnie Turbo(76561198041233395) | Teleport to [3466.25,4161.76,0](GPS: 034010)
07.02.2020 22:51:16: 2h 9min | Gatsby(76561198038112694) | HealRepairNear
07.02.2020 22:56:27: 2h 14min | Nino Marino(76561198206026112) | spawning 5.56mm EPR 200Rnd M27-Linked Belt (Tracers every 4) (hlc_200rnd_556x45_M_SAW)
07.02.2020 22:56:43: 2h 14min | Nino Marino(76561198206026112) | spawning 5.56mm EPR 200Rnd M27-Linked Belt (Tracers every 4) (hlc_200rnd_556x45_M_SAW)
07.02.2020 22:56:44: 2h 14min | Nino Marino(76561198206026112) | spawning 5.56mm EPR 200Rnd M27-Linked Belt (Tracers every 4) (hlc_200rnd_556x45_M_SAW)
07.02.2020 22:56:44: 2h 14min | Nino Marino(76561198206026112) | spawning 5.56mm EPR 200Rnd M27-Linked Belt (Tracers every 4) (hlc_200rnd_556x45_M_SAW)
07.02.2020 23:02:24: 2h 20min | Nino Marino(76561198206026112) | God Mode - 1
07.02.2020 23:04:39: 2h 22min | HoyoBani(76561198105940600) | HealSelf
07.02.2020 23:04:40: 2h 22min | HoyoBani(76561198105940600) | HealRepairNear
07.02.2020 23:04:44: 2h 22min | HoyoBani(76561198105940600) | AdminConsole
07.02.2020 23:04:47: 2h 22min | HoyoBani(76561198105940600) | unlocked - [d3s_FPIU_13]
07.02.2020 23:04:52: 2h 22min | HoyoBani(76561198105940600) | locked - [d3s_FPIU_13]
07.02.2020 23:05:48: 2h 23min | HoyoBani(76561198105940600) | AdminConsole
07.02.2020 23:05:58: 2h 23min | HoyoBani(76561198105940600) | AdminConsole
07.02.2020 23:06:12: 2h 23min | HoyoBani(76561198105940600) | AdminConsole
07.02.2020 23:06:51: 2h 24min | HoyoBani(76561198105940600) | AdminConsole
07.02.2020 23:07:23: 2h 25min | HoyoBani(76561198105940600) | AdminConsole
07.02.2020 23:08:07: 2h 25min | HoyoBani(76561198105940600) | AdminConsole
07.02.2020 23:08:29: 2h 26min | Gatsby(76561198038112694) | HealRepairNear
07.02.2020 23:09:02: 2h 26min | HoyoBani(76561198105940600) | infiSTAR Player ESP 1 - 1
07.02.2020 23:09:02: 2h 26min | HoyoBani(76561198105940600) | infiSTAR MapIcons - 1
07.02.2020 23:09:02: 2h 26min | HoyoBani(76561198105940600) | noRecoil - 1
07.02.2020 23:09:04: 2h 26min | HoyoBani(76561198105940600) | AdminConsole
07.02.2020 23:09:14: 2h 27min | HoyoBani(76561198105940600) | Teleport to [2309.8,3757.62,0](GPS: 023006)
07.02.2020 23:09:23: 2h 27min | HoyoBani(76561198105940600) | Teleport to [1683.33,4046.15,0](GPS: 016009)
07.02.2020 23:09:43: 2h 27min | HoyoBani(76561198105940600) | Teleport to [3548.34,3134.59,0](GPS: 035000)
07.02.2020 23:09:47: 2h 27min | HoyoBani(76561198105940600) | Teleport to [3532.58,3118.88,0](GPS: 035000)
07.02.2020 23:11:37: 2h 29min | HoyoBani(76561198105940600) | Teleport to [3514.99,3079.48,0](GPS: 035000)
07.02.2020 23:11:40: 2h 29min | HoyoBani(76561198105940600) | Teleport to [3514.21,3081.08,0](GPS: 035000)
07.02.2020 23:12:05: 2h 29min | HoyoBani(76561198105940600) | Teleport to [3649.91,3107.13,0](GPS: 036000)
07.02.2020 23:12:24: 2h 30min | HoyoBani(76561198105940600) | Teleport to [3129.26,5075.49,0](GPS: 031020)
07.02.2020 23:12:25: 2h 30min | Nino Marino(76561198206026112) | God Mode - 0
07.02.2020 23:13:24: 2h 31min | Donnie Turbo(76561198041233395) | Teleport to [3414.43,4176.3,0](GPS: 034011)
07.02.2020 23:13:45: 2h 31min | Nino Marino(76561198206026112) | Teleport to [3128.57,5060.16,0](GPS: 031019)
07.02.2020 23:14:58: 2h 32min | Gatsby(76561198038112694) | HealRepairNear
07.02.2020 23:17:19: 2h 35min | HoyoBani(76561198105940600) | Teleport to [5527.64,4331.99,0](GPS: 055012)
07.02.2020 23:17:25: 2h 35min | Nino Marino(76561198206026112) | Teleport to [5515.69,4331.52,0](GPS: 055012)
07.02.2020 23:20:48: 2h 38min | HoyoBani(76561198105940600) | AdminConsole
07.02.2020 23:24:00: 2h 41min | HoyoBani(76561198105940600) | Teleport to [3657.33,3239.17,0](GPS: 036001)
07.02.2020 23:24:06: 2h 41min | Nino Marino(76561198206026112) | Teleport to [3654.58,3241.67,0](GPS: 036001)
07.02.2020 23:30:47: 2h 48min | Donnie Turbo(76561198041233395) | Teleport to [3650.96,3226.42,0](GPS: 036001)
07.02.2020 23:38:02: 2h 55min | Nino Marino(76561198206026112) | HealRepairNear
07.02.2020 23:38:02: 2h 55min | Nino Marino(76561198206026112) | HealRepairNear
07.02.2020 23:39:05: 2h 56min | HoyoBani(76561198105940600) | Teleport to [3515.45,3021.48,0](GPS: 035999)
07.02.2020 23:40:01: 2h 57min | HoyoBani(76561198105940600) | Teleport to [3013.82,3140.5,0](GPS: 030000)
07.02.2020 23:42:29: 2h 60min | Nino Marino(76561198206026112) | unlocked - [d3s_actros_14]
07.02.2020 23:42:53: 3h 0min | Nino Marino(76561198206026112) | locked - [d3s_actros_14]
07.02.2020 23:44:55: 3h 2min | Gatsby(76561198038112694) | HealRepairNear
07.02.2020 23:47:08: 3h 4min | Boyevik Butch-Mac Volkev(76561198089960350) | infiSTAR MapIcons - 1
07.02.2020 23:47:09: 3h 4min | Boyevik Butch-Mac Volkev(76561198089960350) | Teleport In Facing Direction (10m steps) - 1
07.02.2020 23:47:15: 3h 5min | Boyevik Butch-Mac Volkev(76561198089960350) | Teleport to [3644.99,3173.83,0](GPS: 036001)
07.02.2020 23:47:26: 3h 5min | Nino Marino(76561198206026112) | Vehicle God Mode - 1
07.02.2020 23:47:29: 3h 5min | Nino Marino(76561198206026112) | Vehicle God Mode - 0
07.02.2020 23:47:29: 3h 5min | Nino Marino(76561198206026112) | God Mode - 1
07.02.2020 23:47:31: 3h 5min | Nino Marino(76561198206026112) | SPECTATE - switchedCamera on Gatsby(76561198038112694) - V12_HARLEYBOBBER_noir
07.02.2020 23:47:39: 3h 5min | Nino Marino(76561198206026112) | SPECTATE - switchedCamera on AL "BIG AL" GAMBINO(76561198361509989) - C_man_1
07.02.2020 23:47:45: 3h 5min | Nino Marino(76561198206026112) | SPECTATE - switchedCamera on Boyevik Butch-Mac Volkev(76561198089960350) - C_man_1
07.02.2020 23:47:48: 3h 5min | Nino Marino(76561198206026112) | SPECTATE - switchedCamera on [1k-12] J. Shepard(76561198043298972) - d3s_tahoe_UNM
07.02.2020 23:47:55: 3h 5min | Nino Marino(76561198206026112) | SPECTATE - switchedCamera on Joe Montana(76561198368248470) - C_man_1
07.02.2020 23:47:59: 3h 5min | Nino Marino(76561198206026112) | SPECTATE - switchedCamera on John Anderson(76561198180893505) - C_man_1
07.02.2020 23:48:35: 3h 6min | Boyevik Butch-Mac Volkev(76561198089960350) | Self Disconnect
07.02.2020 23:53:47: 3h 11min | Donnie Turbo(76561198041233395) | Teleport to [5847.31,3013.64,0](GPS: 058999)
07.02.2020 23:54:47: 3h 12min | Donnie Turbo(76561198041233395) | Teleport to [5827.16,2937.5,0](GPS: 058998)
07.02.2020 23:59:22: 3h 17min | Donnie Turbo(76561198041233395) | Teleport to [5746.3,3106.51,0](GPS: 057000)
