21.02.2020 00:29:16: Nino Marino(76561198206026112) CLIENT OWNER ID [14], TOKEN [l4zyeto6cq21uhffd]
21.02.2020 00:33:45: Alexander.Rios(76561198037915534) CLIENT OWNER ID [6], TOKEN [onm5qkzqrpyopl5]
21.02.2020 00:34:52: HoyoBani(76561198105940600) CLIENT OWNER ID [15], TOKEN [g1zv6lxtxjvscct3qd3]
21.02.2020 00:37:03: Donnie Turbo(76561198041233395) CLIENT OWNER ID [11], TOKEN [q2ywin7u7hjo3ch5u]
21.02.2020 00:39:37: Alexander.Rios(76561198037915534) CLIENT OWNER ID [6], TOKEN [kzef5d5yd19dyy5f0z]
21.02.2020 00:51:20: Amado Carrillo fuentes(76561198354844800) CLIENT OWNER ID [16], TOKEN [qny3peh15ngu0sd117i]
21.02.2020 01:04:29: S.Kingston(76561198046640450) CLIENT OWNER ID [17], TOKEN [w777iuw6khkpix]
21.02.2020 01:10:21: AL "BIG AL" GAMBINO(76561198361509989) CLIENT OWNER ID [19], TOKEN [ask4e5xmzkp3rrwuqz]
21.02.2020 01:11:14: luke(76561198264871362) CLIENT OWNER ID [18], TOKEN [q11jgxzifo9ifdp88h]
21.02.2020 01:23:01: [3k-66] W.Blades(76561198281290777) CLIENT OWNER ID [20], TOKEN [nryp8s71l70ypwx]
21.02.2020 01:38:08: S.Kingston(76561198046640450) CLIENT OWNER ID [24], TOKEN [kzgyzb7xlv98mj2ukr]
21.02.2020 01:40:40: K-12 J Shepard(76561198043298972) CLIENT OWNER ID [9], TOKEN [sec2ihyfufxiq42nnw]
21.02.2020 01:43:35: Donnie Turbo(76561198041233395) CLIENT OWNER ID [11], TOKEN [pspqxy37k64zcphy]
21.02.2020 01:44:03: Sternn(76561198087299936) CLIENT OWNER ID [27], TOKEN [dhu6upuf32hllaqe6]
21.02.2020 01:44:05: Catdaddy(76561198171674043) CLIENT OWNER ID [26], TOKEN [f4o04tnlq0uj91j0dg]
21.02.2020 01:44:25: Sternn(76561198087299936) CLIENT OWNER ID [27], TOKEN [logepli1xlxs5c57]
21.02.2020 01:44:33: Catdaddy(76561198171674043) CLIENT OWNER ID [26], TOKEN [ezfw4g4cu218qw58]
21.02.2020 01:45:59: Catdaddy(76561198171674043) CLIENT OWNER ID [26], TOKEN [s91bk7sdpxoetz]
21.02.2020 01:47:39: Sternn(76561198087299936) CLIENT OWNER ID [27], TOKEN [n2kynwnbseri058yx]
21.02.2020 01:50:59: Sternn(76561198087299936) CLIENT OWNER ID [27], TOKEN [q6vmyh6gkax0x17]
21.02.2020 01:52:43: Sternn(76561198087299936) CLIENT OWNER ID [27], TOKEN [m0r01j3fovdiqto1wdg]
21.02.2020 01:54:34: luke(76561198264871362) CLIENT OWNER ID [28], TOKEN [g6fvmq2bsctuuvnbo]
21.02.2020 01:54:59: Catdaddy(76561198171674043) CLIENT OWNER ID [26], TOKEN [mz0uyelkfsuwjl7gi]
21.02.2020 02:00:40: luke(76561198264871362) CLIENT OWNER ID [29], TOKEN [bl1pez0nc64dpp]
21.02.2020 02:02:31: Sternn(76561198087299936) CLIENT OWNER ID [30], TOKEN [ir2foipj3tll1yukfh]
21.02.2020 02:06:54: Catdaddy(76561198171674043) CLIENT OWNER ID [26], TOKEN [lzuxk12xx6dbzynq]
21.02.2020 02:11:31: Sergei Kovacic(76561198043298972) CLIENT OWNER ID [31], TOKEN [omdkqi66brpwj1s]
21.02.2020 02:13:34: Ivan Pershketov(76561198105940600) CLIENT OWNER ID [33], TOKEN [vtqcpxl50orok0jl]
21.02.2020 02:13:41: Sternn(76561198087299936) CLIENT OWNER ID [32], TOKEN [b5y6df1bq5ete9uoe5q]
21.02.2020 02:20:39: Catdaddy(76561198171674043) CLIENT OWNER ID [34], TOKEN [b6pvbwldosjhqhuaxt]
21.02.2020 02:59:56: Keane Mac(76561198330320051) CLIENT OWNER ID [38], TOKEN [yyzuomp368ubxu0ahq]
21.02.2020 03:08:26: John Anderson(76561198180893505) CLIENT OWNER ID [39], TOKEN [w89h3lg01u37og8dos]
21.02.2020 03:13:17: Rogue Tjay(76561198883479728) CLIENT OWNER ID [40], TOKEN [sm2uo1lsgowlry87]
21.02.2020 03:21:04: Sherman(76561198038112694) CLIENT OWNER ID [41], TOKEN [me1o8pg72tw1jc6uv]
21.02.2020 03:42:45: Zander Marino(76561198180893505) CLIENT OWNER ID [42], TOKEN [tpwtfw4dr47hze47ub]
21.02.2020 04:22:23: Sherman(76561198038112694) CLIENT OWNER ID [41], TOKEN [qyt0jyo2wxup0wn]
21.02.2020 08:52:06: Sternn(76561198087299936) CLIENT OWNER ID [45], TOKEN [jrkdc1iznsnoyhv6t]
21.02.2020 10:21:18: Sternn(76561198087299936) CLIENT OWNER ID [46], TOKEN [k190a3offqqygezr]
21.02.2020 22:19:44: AL "BIG AL" GAMBINO(76561198361509989) CLIENT OWNER ID [47], TOKEN [feqv3hqujj7e7xwhg]
21.02.2020 23:59:40: Amado Carrillo fuentes(76561198354844800) CLIENT OWNER ID [49], TOKEN [h6ish4fzqgwdp6hk]
