14.02.2020 00:48:30: Melvin Bush(76561198083728776) CLIENT OWNER ID [16], TOKEN [of1mrkxmnjjo9uwzw]
14.02.2020 00:59:20: Jackz(76561198391774624) CLIENT OWNER ID [22], TOKEN [pcg5bsx9qepk37kmdy]
14.02.2020 01:02:13: Jackz(76561198391774624) CLIENT OWNER ID [23], TOKEN [pf081uomm4s1b014gk]
14.02.2020 01:37:03: [1k-40] Jose Santana(76561198206026112) CLIENT OWNER ID [25], TOKEN [xp06dhsgrvek4pv]
14.02.2020 03:26:05: HoyoBani(76561198105940600) CLIENT OWNER ID [4], TOKEN [j0vlb438wswozr50n]
14.02.2020 03:37:46: HoyoBani(76561198105940600) CLIENT OWNER ID [4], TOKEN [v4rnjvyjwesed25fb]
14.02.2020 03:44:25: HoyoBani(76561198105940600) CLIENT OWNER ID [4], TOKEN [j3hj6eg134kma25x6]
14.02.2020 03:48:20: HoyoBani(76561198105940600) CLIENT OWNER ID [4], TOKEN [dtqg3tkvboe4re5lomo]
14.02.2020 03:57:43: Peppe Valachi(76561198272370927) CLIENT OWNER ID [5], TOKEN [fismvnpy7rww18crc]
14.02.2020 05:36:41: Kyatt Demon(76561198159595292) CLIENT OWNER ID [7], TOKEN [pwi38qu76pmnoye]
14.02.2020 05:55:14: Jackz(76561198391774624) CLIENT OWNER ID [8], TOKEN [r7n0snjjppnrxpig]
14.02.2020 06:29:32: HoyoBani(76561198105940600) CLIENT OWNER ID [5], TOKEN [u4ouzfdrh65icc54t]
14.02.2020 06:33:09: HoyoBani(76561198105940600) CLIENT OWNER ID [13], TOKEN [hfl1j4tc1tr5n4yc0nh]
14.02.2020 06:34:38: Low_Poly_Man(76561198137223112) CLIENT OWNER ID [10], TOKEN [mfprwf26bpu3kapwbt]
14.02.2020 06:35:33: Jackz(76561198391774624) CLIENT OWNER ID [14], TOKEN [g01vj1qxt27ro5k]
14.02.2020 06:40:24: WarFire(76561198150464364) CLIENT OWNER ID [17], TOKEN [cusfhjhoxu18vmg3g]
14.02.2020 06:52:29: Kyatt Demon(76561198159595292) CLIENT OWNER ID [18], TOKEN [b1m4ll3idey5lqjc07]
14.02.2020 08:44:35: Melvin Bush(76561198083728776) CLIENT OWNER ID [19], TOKEN [jinlz3oyu6ptj1el0]
14.02.2020 09:00:54: Rick Cheney(76561198860031547) CLIENT OWNER ID [20], TOKEN [xavtzwdkmwm6x71]
14.02.2020 18:45:02: Kyatt Demon(76561198159595292) CLIENT OWNER ID [21], TOKEN [ckpw3tl0meswggfevz]
14.02.2020 19:35:51: Low_Poly_Man(76561198137223112) CLIENT OWNER ID [23], TOKEN [mesh3h21ql78yy8cxtv]
14.02.2020 19:35:53: WarFire(76561198150464364) CLIENT OWNER ID [24], TOKEN [iukzhw69xhzn0wxr4]
14.02.2020 19:40:57: WarFire(76561198150464364) CLIENT OWNER ID [24], TOKEN [rk1ox0jcjnu11kyp]
14.02.2020 19:44:27: Melvin Bush(76561198083728776) CLIENT OWNER ID [25], TOKEN [qhm7mu0dw8i83t14]
14.02.2020 19:48:13: Kyatt Demon(76561198159595292) CLIENT OWNER ID [26], TOKEN [j3jl5ishijbxhf5cmi4]
14.02.2020 19:53:00: Robert Kennedy(76561198083728776) CLIENT OWNER ID [27], TOKEN [phj428zj2mpu9pb32vs]
14.02.2020 19:54:46: Rick Cheney(76561198860031547) CLIENT OWNER ID [28], TOKEN [x6nmi0kiqe3drjxyr66]
14.02.2020 21:18:28: Sherman(76561198038112694) CLIENT OWNER ID [31], TOKEN [jq346foxbqih15g6]
14.02.2020 21:23:33: Simon(76561198139661569) CLIENT OWNER ID [33], TOKEN [gv5ec2pzz37nunl]
14.02.2020 21:34:27: Low_Poly_Man(76561198137223112) CLIENT OWNER ID [34], TOKEN [kbjlxw2vqu4cvfph]
14.02.2020 23:02:12: Alexander.Rios(76561198037915534) CLIENT OWNER ID [35], TOKEN [wq40224nyy3vrhq]
14.02.2020 23:13:51: Donnie Turbo(76561198041233395) CLIENT OWNER ID [36], TOKEN [q3ahx5xbabmgxd5j4z]
14.02.2020 23:54:54: Nino Marino(76561198206026112) CLIENT OWNER ID [37], TOKEN [vcscxz1i8p0bz7y]
