15.02.2020 00:05:51: Robert Kennedy(76561198083728776) CLIENT OWNER ID [38], TOKEN [ngeapv9341pqcyg71og]
15.02.2020 00:39:31: Sherman(76561198038112694) CLIENT OWNER ID [39], TOKEN [go6ve2jgpja13r64z4]
15.02.2020 00:56:47: Jackz(76561198391774624) CLIENT OWNER ID [41], TOKEN [slzq25d4wqgs7ckk]
15.02.2020 00:57:11: Low_Poly_Man(76561198137223112) CLIENT OWNER ID [42], TOKEN [ppdle3vxpqf3yk54c]
15.02.2020 01:01:05: Jackz(76561198391774624) CLIENT OWNER ID [43], TOKEN [ylwh86wc8ylg8z63]
15.02.2020 01:05:27: WarFire(76561198150464364) CLIENT OWNER ID [44], TOKEN [ibw5d8fakf8z8arkp]
15.02.2020 01:09:22: Robert Kennedy(76561198083728776) CLIENT OWNER ID [38], TOKEN [cy045f44l8aq2ul5]
15.02.2020 01:12:53: [1K-33] R. Tjay(76561198883479728) CLIENT OWNER ID [45], TOKEN [ye8k86zmvdfcqr3roy]
15.02.2020 01:16:13: S.Kingston(76561198046640450) CLIENT OWNER ID [46], TOKEN [uk2cv0aevp63xvi5u1v]
15.02.2020 01:21:22: S.Kingston(76561198046640450) CLIENT OWNER ID [47], TOKEN [tb6ecbu8g57g2n]
15.02.2020 01:22:19: Donnie Turbo(76561198041233395) CLIENT OWNER ID [36], TOKEN [o9ex50zkm59yohf1w4]
15.02.2020 01:51:16: Alexander.Rios(76561198037915534) CLIENT OWNER ID [35], TOKEN [kllsvb4oc6k19h]
15.02.2020 02:55:35: K-12 J Shepard(76561198043298972) CLIENT OWNER ID [48], TOKEN [wdh2kqzbflmxvely62f]
15.02.2020 03:36:38: Sherman(76561198038112694) CLIENT OWNER ID [49], TOKEN [hnl4fn6zh2626gr3nz]
15.02.2020 03:53:44: K-12 J Shepard(76561198043298972) CLIENT OWNER ID [48], TOKEN [lsqpr28z20doifh8ec]
15.02.2020 04:51:00: AL "BIG AL" GAMBINO(76561198361509989) CLIENT OWNER ID [51], TOKEN [yvxdrnlpc8qtzn42i]
15.02.2020 05:10:23: Nino Marino(76561198206026112) CLIENT OWNER ID [37], TOKEN [xvh8ul7r103tryx]
15.02.2020 05:18:26: HoyoBani(76561198105940600) CLIENT OWNER ID [52], TOKEN [dbas9bg57rci1k]
15.02.2020 06:19:23: HoyoBani(76561198105940600) CLIENT OWNER ID [4], TOKEN [jb4ovmyjqdtr9u6f1e]
15.02.2020 06:20:02: Sherman(76561198038112694) CLIENT OWNER ID [5], TOKEN [yu6ri6gn5mjwxuys]
15.02.2020 06:27:46: Nino Marino(76561198206026112) CLIENT OWNER ID [6], TOKEN [szoqtpcvwys6gcjxj4]
15.02.2020 06:56:07: HoyoBani(76561198105940600) CLIENT OWNER ID [4], TOKEN [mdu1kkxp7loqgw8r]
15.02.2020 07:10:10: Nino Marino(76561198206026112) CLIENT OWNER ID [5], TOKEN [iq9bh47ubwpzqlp]
15.02.2020 07:43:11: K-12 J Shepard(76561198043298972) CLIENT OWNER ID [6], TOKEN [vgppo4shqzdhw2j4nm5]
15.02.2020 08:22:48: K-12 J Shepard(76561198043298972) CLIENT OWNER ID [6], TOKEN [hv4ctc8k54hy17hvq4]
15.02.2020 18:34:36: AL "BIG AL" GAMBINO(76561198361509989) CLIENT OWNER ID [6], TOKEN [d182fdvs0psruwwx]
15.02.2020 20:21:24: WarFire(76561198150464364) CLIENT OWNER ID [7], TOKEN [pvcxyrx0qxlke6k]
15.02.2020 20:35:37: Jackz(76561198391774624) CLIENT OWNER ID [8], TOKEN [cftup338ht2yqeg24]
15.02.2020 20:42:50: Donnie Turbo(76561198041233395) CLIENT OWNER ID [9], TOKEN [saltth0h87deyd3lp7]
15.02.2020 21:04:11: Low_Poly_Man(76561198137223112) CLIENT OWNER ID [10], TOKEN [gewfdlsrpz7ney246]
15.02.2020 21:25:15: [1K-33] R. Tjay(76561198883479728) CLIENT OWNER ID [11], TOKEN [fwo0lzlhcx8haihg3]
15.02.2020 21:50:57: Robert Kennedy(76561198083728776) CLIENT OWNER ID [12], TOKEN [c6vi76nffq2xve7thq]
15.02.2020 21:51:48: Robert Kennedy(76561198083728776) CLIENT OWNER ID [12], TOKEN [oal2x0o7s5g6x15cs5]
15.02.2020 21:52:03: Robert Kennedy(76561198083728776) CLIENT OWNER ID [12], TOKEN [tdlwhv4gaobh21vgf]
15.02.2020 22:10:33: S.Kingston(76561198046640450) CLIENT OWNER ID [13], TOKEN [jzzp7gqdtvx4i5vfm8y]
15.02.2020 22:14:10: S.Kingston(76561198046640450) CLIENT OWNER ID [14], TOKEN [nnjttxbthddgn73943t]
15.02.2020 22:20:56: Nino Marino(76561198206026112) CLIENT OWNER ID [15], TOKEN [rcx9ykmqbluxx654h]
15.02.2020 22:36:30: luke(76561198264871362) CLIENT OWNER ID [16], TOKEN [nh6gl4yzin7cdvwb]
15.02.2020 22:55:32: [220]Para.R.Tjay(76561198883479728) CLIENT OWNER ID [17], TOKEN [yxtp7k5s2gu6eg]
15.02.2020 23:29:14: mr.bean(76561198883479728) CLIENT OWNER ID [20], TOKEN [fdo16bt8twmau4a]
15.02.2020 23:43:27: Zander Marino(76561198180893505) CLIENT OWNER ID [19], TOKEN [ecw4oy4fam12e3fs2u]
