27.01.2020 03:36:58: <infiSTAR.de> _fnc_RandomGen: {
_fnc_actualGen = {
_abc = ['z','y','x','w','v','u','t','s','r','q','p','o','n','m','l','k','j','i','h','g','f','e','d','c','b','a'];
_gen = _abc select (random ((count _abc)-1));
_arr = ['a','5','c','4','d','f','c','e','5','2','2','0','d','e','7','f','9','5','7','8','e','9','a','5','c','3','2','7','e','2','3'];
_randmax = {((round(random _randminval)) + (round(random _randmaxval))) max _randminval};
for '_i' from 0 to (call _randmax)do
{
_gen = _gen + str(round(random 9)) + (_arr select (random ((count _arr)-1)));
};
};
_gen = '';
while{_gen=='' || _gen in _allRandomGenVars}do{
call _fnc_actualGen;
};
_allRandomGenVars pushBack _gen;
_gen
}
27.01.2020 03:36:58: ----START-LINE----   (12-01-2020 22-45-36 - v0260)
27.01.2020 03:36:58: _adminbox: m5e750202008e9a4d227717701724
27.01.2020 03:36:58: _fnc_mpPackets: r973515351244083a487e728d7d656e40152248
27.01.2020 03:36:58: _FNC_AH_KICKLOG: a651e9089777512729e77352c8f1508129d2517178712
27.01.2020 03:36:58: _FNC_AH_KICKLOGSPAWN: b173c5872123245898723845e
27.01.2020 03:36:58: _FNC_PVAH_AdminReq: m5335522c589e47145202250e1c496c8e1c9a655d
27.01.2020 03:36:58: _token_by_uid: f3c33658e75232e6957495c9e6569198f354707484d
27.01.2020 03:36:58: _uid_by_token: u553d2e243c3d2772422c3c138e57855d
27.01.2020 03:36:58: _server_setTokenR: x5c0e6c6e293a15076c2d6e324498954247572c
27.01.2020 03:36:58: _YourPlayerToken: g458c5e3d8252925713385a1509576580872e
27.01.2020 03:36:58: _TokenCT: f8552970d334f471f729d4f65982c3982834e6235
27.01.2020 03:36:58: _AH_MAIN_BLOCK: y15351f952e5f375e7c7a
27.01.2020 03:36:58: _AHKickOFF: e5c2c42878e98358e0d6e
27.01.2020 03:36:58: _AHKickLog: q1468491f708f857c6394
27.01.2020 03:36:58: _clientdo: l199a6a5a72731c4e0578352e84121c57787a1762675c179e43
27.01.2020 03:36:58: _AH_RunCheckENDVAR: o8e9d225e0c8e673c9d1a
27.01.2020 03:36:58: _AH_RunCheckENDVAR_THREAD: m8924924f691707681d1e2d755e90253c3c3774583362
27.01.2020 03:36:58: _AH_HackLogArrayRND: y0d9e4c826e3715057d30854d
27.01.2020 03:36:58: _AH_SurvLogArrayRND: q87951c355237831c1c484e9d796d2875370f0543
27.01.2020 03:36:58: _AH_AdmiLogArrayRND: w6e655f6f24256529441d
27.01.2020 03:36:58: _TMPBAN: b678f9a2c7e85624e6f7a
27.01.2020 03:36:58: _massMessage: i7d0f45304987723d258f0c645505297e1c178f62576e35
27.01.2020 03:36:58: _massSysMessage: i79583c8c824d3487728e2f8e4c8289854f139d2798
27.01.2020 03:36:58: _AHpos: o3e1d656843274e2f0e2219747c7215606a79952c8583
27.01.2020 03:36:58: _ninetwo: m15575e991c1f451e127f84274e421a323545
27.01.2020 03:36:58: _ninetwothread: q1c8a27321a19426e94344f7f257335576c5e3e55273c7355
27.01.2020 03:36:58: _adminsA: k673e85244c7380948f87
27.01.2020 03:36:58: _MC: p6e7e354f098f873f47532e3f7c5e9268340c82224f3e7e3e
27.01.2020 03:36:58: _MCS: u4c82243a356d7c2939776a7f1e6e123c2013
27.01.2020 03:36:58: _checkidicheckcheck: q2c753e1e3c2e6a0c6543
27.01.2020 03:36:58: _lastshotmade: t3f8e2a30623082721730656915534800857c19231c
27.01.2020 03:36:58: <infiSTAR.de> _fnc_RandomGen: {
_fnc_actualGen = {
_abc = ['z','y','x','w','v','u','t','s','r','q','p','o','n','m','l','k','j','i','h','g','f','e','d','c','b','a'];
_gen = _abc select (random ((count _abc)-1));
_arr = ['a','5','c','4','d','f','c','e','5','2','2','0','d','e','7','f','9','5','7','8','e','9','a','5','c','3','2','7','e','2','3'];
_randmax = {((round(random _randminval)) + (round(random _randmaxval))) max _randminval};
for '_i' from 0 to (call _randmax)do
{
_gen = _gen + str(round(random 9)) + (_arr select (random ((count _arr)-1)));
};
};
_gen = '';
while{_gen=='' || _gen in _allRandomGenVars}do{
call _fnc_actualGen;
};
_allRandomGenVars pushBack _gen;
_gen
}
27.01.2020 03:36:58: ----START-LINE----   (12-01-2020 22-45-36 - v0260)
27.01.2020 03:36:58: _adminbox: m5e750202008e9a4d227717701724
27.01.2020 03:36:58: _fnc_mpPackets: r973515351244083a487e728d7d656e40152248
27.01.2020 03:36:58: _FNC_AH_KICKLOGSPAWN: b173c5872123245898723845e
27.01.2020 03:36:59: _YourPlayerToken: g458c5e3d8252925713385a1509576580872e
27.01.2020 03:36:59: _TokenCT: f8552970d334f471f729d4f65982c3982834e6235
27.01.2020 03:36:59: _AH_MAIN_BLOCK: y15351f952e5f375e7c7a
27.01.2020 03:36:59: _AHKickOFF: e5c2c42878e98358e0d6e
27.01.2020 03:36:59: _AHKickLog: q1468491f708f857c6394
27.01.2020 03:36:59: _clientdo: l199a6a5a72731c4e0578352e84121c57787a1762675c179e43
27.01.2020 03:36:59: _AH_RunCheckENDVAR: o8e9d225e0c8e673c9d1a
27.01.2020 03:36:59: _AH_RunCheckENDVAR_THREAD: m8924924f691707681d1e2d755e90253c3c3774583362
27.01.2020 03:36:59: _AH_HackLogArrayRND: y0d9e4c826e3715057d30854d
27.01.2020 03:36:59: _AH_SurvLogArrayRND: q87951c355237831c1c484e9d796d2875370f0543
27.01.2020 03:36:59: _AH_AdmiLogArrayRND: w6e655f6f24256529441d
27.01.2020 03:36:59: _TMPBAN: b678f9a2c7e85624e6f7a
27.01.2020 03:36:59: _massMessage: i7d0f45304987723d258f0c645505297e1c178f62576e35
27.01.2020 03:36:59: _massSysMessage: i79583c8c824d3487728e2f8e4c8289854f139d2798
27.01.2020 03:36:59: _AHpos: o3e1d656843274e2f0e2219747c7215606a79952c8583
27.01.2020 03:36:59: _ninetwo: m15575e991c1f451e127f84274e421a323545
27.01.2020 03:36:59: _ninetwothread: q1c8a27321a19426e94344f7f257335576c5e3e55273c7355
27.01.2020 03:36:59: _adminsA: k673e85244c7380948f87
27.01.2020 03:36:59: _MC: p6e7e354f098f873f47532e3f7c5e9268340c82224f3e7e3e
27.01.2020 03:36:59: _MCS: u4c82243a356d7c2939776a7f1e6e123c2013
27.01.2020 03:36:59: _checkidicheckcheck: q2c753e1e3c2e6a0c6543
27.01.2020 03:36:59: _lastshotmade: t3f8e2a30623082721730656915534800857c19231c
27.01.2020 03:36:59: _dellocveh: j295568655c84225e6585728e957a1c5c2e7f
27.01.2020 03:36:59: _inCombatTime: k2589898c8715674a0c8d
27.01.2020 03:36:59: _inCombatArray: i24774c55256e3c8d5c07721d775c723c3058139452
27.01.2020 03:36:59: _fnc_infiKeyHandler: i8372191977621f121714
27.01.2020 03:36:59: _vehicle_needs_check: p650e825d6f2c192f53053f871c8225836860
27.01.2020 03:36:59: _MAKE_VAR_DUMP_RANDOM: n8d38456c575c3d3d750e
27.01.2020 03:36:59: _MAKE_VAR_DUMP_CLIENT: d847a53852d2d1c4f5955876c783c4739
27.01.2020 03:36:59: _DUMPINGPLAYERUIDARRAY: j9c1f2c34956c621c878e6f325785625c5c8e6c75259e8d97
27.01.2020 03:36:59: _YourPlayerToken: g458c5e3d8252925713385a1509576580872e
27.01.2020 03:36:59: _TokenCT: f8552970d334f471f729d4f65982c3982834e6235
27.01.2020 03:36:59: _AH_MAIN_BLOCK: y15351f952e5f375e7c7a
27.01.2020 03:36:59: _AHKickOFF: e5c2c42878e98358e0d6e
27.01.2020 03:36:59: _AHKickLog: q1468491f708f857c6394
27.01.2020 03:36:59: _clientdo: l199a6a5a72731c4e0578352e84121c57787a1762675c179e43
27.01.2020 03:36:59: _AH_RunCheckENDVAR: o8e9d225e0c8e673c9d1a
27.01.2020 03:36:59: _AH_RunCheckENDVAR_THREAD: m8924924f691707681d1e2d755e90253c3c3774583362
27.01.2020 03:36:59: _AH_HackLogArrayRND: y0d9e4c826e3715057d30854d
27.01.2020 03:36:59: _AH_SurvLogArrayRND: q87951c355237831c1c484e9d796d2875370f0543
27.01.2020 03:36:59: _AH_AdmiLogArrayRND: w6e655f6f24256529441d
27.01.2020 03:36:59: _TMPBAN: b678f9a2c7e85624e6f7a
27.01.2020 03:36:59: _massMessage: i7d0f45304987723d258f0c645505297e1c178f62576e35
27.01.2020 03:36:59: _massSysMessage: i79583c8c824d3487728e2f8e4c8289854f139d2798
27.01.2020 03:36:59: _AHpos: o3e1d656843274e2f0e2219747c7215606a79952c8583
27.01.2020 03:36:59: _ninetwo: m15575e991c1f451e127f84274e421a323545
27.01.2020 03:36:59: _ninetwothread: q1c8a27321a19426e94344f7f257335576c5e3e55273c7355
27.01.2020 03:36:59: _adminsA: k673e85244c7380948f87
27.01.2020 03:36:59: _MC: p6e7e354f098f873f47532e3f7c5e9268340c82224f3e7e3e
27.01.2020 03:36:59: _MCS: u4c82243a356d7c2939776a7f1e6e123c2013
27.01.2020 03:36:59: _checkidicheckcheck: q2c753e1e3c2e6a0c6543
27.01.2020 03:36:59: _lastshotmade: t3f8e2a30623082721730656915534800857c19231c
27.01.2020 03:36:59: _dellocveh: j295568655c84225e6585728e957a1c5c2e7f
27.01.2020 03:36:59: _inCombatTime: k2589898c8715674a0c8d
27.01.2020 03:36:59: _inCombatArray: i24774c55256e3c8d5c07721d775c723c3058139452
27.01.2020 03:36:59: _fnc_infiKeyHandler: i8372191977621f121714
27.01.2020 03:36:59: _vehicle_needs_check: p650e825d6f2c192f53053f871c8225836860
27.01.2020 03:36:59: _MAKE_VAR_DUMP_RANDOM: n8d38456c575c3d3d750e
27.01.2020 03:36:59: _MAKE_VAR_DUMP_CLIENT: d847a53852d2d1c4f5955876c783c4739
27.01.2020 03:36:59: _DUMPINGPLAYERUIDARRAY: j9c1f2c34956c621c878e6f325785625c5c8e6c75259e8d97
27.01.2020 03:36:59: _CURRENTLYDUMPING: e5a4828493752347e25778c47280c2c3e8c7e85
27.01.2020 03:36:59: _antiantihack_rndvar: j859e106e645872258e571a8c226e
27.01.2020 03:36:59: _name_by_uid: x2c825f1c5e0812220e29179a2a42005c3257521c127212
27.01.2020 03:36:59: _owner_by_uid: x1575425e729c90355782322e171d9f0a3e50
27.01.2020 03:36:59: _customcommandingMenu: x476f4e50527c3588351d75554317374d
27.01.2020 03:36:59: _customcommandingMenuOpen: s396e2e59250c3e2c2c72548f8200452a9c5c5c701759
27.01.2020 03:36:59: _AH_KICKLOG: PVAHR_8p4r8i7o5x3k1e
27.01.2020 03:36:59: ----END-LINE----   (12-01-2020 22-45-36 - v0260)
27.01.2020 08:24:07: <infiSTAR.de> _fnc_RandomGen: {
_fnc_actualGen = {
_abc = ['z','y','x','w','v','u','t','s','r','q','p','o','n','m','l','k','j','i','h','g','f','e','d','c','b','a'];
_gen = _abc select (random ((count _abc)-1));
_arr = ['a','5','c','4','d','f','c','e','5','2','2','0','d','e','7','f','9','5','7','8','e','9','a','5','c','3','2','7','e','2','3'];
_randmax = {((round(random _randminval)) + (round(random _randmaxval))) max _randminval};
for '_i' from 0 to (call _randmax)do
{
_gen = _gen + str(round(random 9)) + (_arr select (random ((count _arr)-1)));
};
};
_gen = '';
while{_gen=='' || _gen in _allRandomGenVars}do{
call _fnc_actualGen;
};
_allRandomGenVars pushBack _gen;
_gen
}
27.01.2020 08:24:07: ----START-LINE----   (12-01-2020 22-45-36 - v0260)
27.01.2020 08:24:07: _adminbox: x3c278c2a456c94858299
27.01.2020 08:24:07: _fnc_mpPackets: v632a852255508259400f7805850e42
27.01.2020 08:24:07: _FNC_AH_KICKLOG: t557563426f3d8e8e927537
27.01.2020 08:24:07: _FNC_AH_KICKLOGSPAWN: h55148f4c8e6f9c27774e4e
27.01.2020 08:24:07: _FNC_PVAH_AdminReq: h1f2275123f02538d15255777
27.01.2020 08:24:07: _token_by_uid: u9a479938383e7c787a202e6d8767528c
27.01.2020 08:24:07: _uid_by_token: d9c2e602d773f9e636555
27.01.2020 08:24:07: _server_setTokenR: f272a3c2f194f4d672287
27.01.2020 08:24:07: _YourPlayerToken: t72459e952c7e5529121f
27.01.2020 08:24:07: _TokenCT: b4a6f738e274e82775c75
27.01.2020 08:24:07: _AH_MAIN_BLOCK: s7c67824f53454c8a4965
27.01.2020 08:24:07: _AHKickOFF: b8f992e4969694f657c62976e3f7c225c5c0549
27.01.2020 08:24:07: _AHKickLog: d472a5f895e6e359c0e1d1d4d258413
27.01.2020 08:24:07: _clientdo: d8e4c754573734c13653e441e631f55142e
27.01.2020 08:24:07: _AH_RunCheckENDVAR: y6442351a977e575c5a9e0c8979499274
27.01.2020 08:24:07: _AH_RunCheckENDVAR_THREAD: u358d7e15502d49353d87655c0e423e27221c
27.01.2020 08:24:07: _AH_HackLogArrayRND: r056537947c2e2a9e184709138f225463796f17659c
27.01.2020 08:24:07: _AH_SurvLogArrayRND: t651c49577e658c257c9e571277672d
27.01.2020 08:24:07: _AH_AdmiLogArrayRND: m720a6d6f977a3f65122e9e72594c13554e377d9f65676f
27.01.2020 08:24:07: _TMPBAN: d1d925e8902841f8a39555e52150c288c12738d727f52
27.01.2020 08:24:07: _massMessage: y5505434589251c37023222000e2f7a992f3735
27.01.2020 08:24:07: _massSysMessage: b0c4c1254287035652514523c7d785549
27.01.2020 08:24:07: _AHpos: y9e62405a452a8a485d3a82756d2c1e6c
27.01.2020 08:24:07: _ninetwo: o1e1d3412852c25335d135e7c7e
27.01.2020 08:24:07: _ninetwothread: e075245628e651e750982
27.01.2020 08:24:07: _adminsA: d0e588d69638945771c9c425e6d44
27.01.2020 08:24:07: _MC: l5755199d5c791c75225e6975
27.01.2020 08:24:07: _MCS: i627a95624e8e4382277f7e22887929527773
27.01.2020 08:24:07: _checkidicheckcheck: s65151993859f7a1d506c8a
27.01.2020 08:24:07: _lastshotmade: d7e87125e2f7c20952e9594194f830e93625e45738012124212
27.01.2020 08:24:07: <infiSTAR.de> _fnc_RandomGen: {
_fnc_actualGen = {
_abc = ['z','y','x','w','v','u','t','s','r','q','p','o','n','m','l','k','j','i','h','g','f','e','d','c','b','a'];
_gen = _abc select (random ((count _abc)-1));
_arr = ['a','5','c','4','d','f','c','e','5','2','2','0','d','e','7','f','9','5','7','8','e','9','a','5','c','3','2','7','e','2','3'];
_randmax = {((round(random _randminval)) + (round(random _randmaxval))) max _randminval};
for '_i' from 0 to (call _randmax)do
{
_gen = _gen + str(round(random 9)) + (_arr select (random ((count _arr)-1)));
};
};
_gen = '';
while{_gen=='' || _gen in _allRandomGenVars}do{
call _fnc_actualGen;
};
_allRandomGenVars pushBack _gen;
_gen
}
27.01.2020 08:24:07: ----START-LINE----   (12-01-2020 22-45-36 - v0260)
27.01.2020 08:24:07: _adminbox: x3c278c2a456c94858299
27.01.2020 08:24:07: _fnc_mpPackets: v632a852255508259400f7805850e42
27.01.2020 08:24:07: _FNC_AH_KICKLOG: t557563426f3d8e8e927537
27.01.2020 08:24:07: _FNC_AH_KICKLOGSPAWN: h55148f4c8e6f9c27774e4e
27.01.2020 08:24:07: _FNC_PVAH_AdminReq: h1f2275123f02538d15255777
27.01.2020 08:24:07: _token_by_uid: u9a479938383e7c787a202e6d8767528c
27.01.2020 08:24:07: _uid_by_token: d9c2e602d773f9e636555
27.01.2020 08:24:07: _server_setTokenR: f272a3c2f194f4d672287
27.01.2020 08:24:07: _YourPlayerToken: t72459e952c7e5529121f
27.01.2020 08:24:07: _TokenCT: b4a6f738e274e82775c75
27.01.2020 08:24:07: _AH_MAIN_BLOCK: s7c67824f53454c8a4965
27.01.2020 08:24:07: _AHKickOFF: b8f992e4969694f657c62976e3f7c225c5c0549
27.01.2020 08:24:07: _AHKickLog: d472a5f895e6e359c0e1d1d4d258413
27.01.2020 08:24:07: _clientdo: d8e4c754573734c13653e441e631f55142e
27.01.2020 08:24:07: _AH_RunCheckENDVAR: y6442351a977e575c5a9e0c8979499274
27.01.2020 08:24:07: _AH_RunCheckENDVAR_THREAD: u358d7e15502d49353d87655c0e423e27221c
27.01.2020 08:24:07: _AH_HackLogArrayRND: r056537947c2e2a9e184709138f225463796f17659c
27.01.2020 08:24:07: _AH_SurvLogArrayRND: t651c49577e658c257c9e571277672d
27.01.2020 08:24:07: _AH_AdmiLogArrayRND: m720a6d6f977a3f65122e9e72594c13554e377d9f65676f
27.01.2020 08:24:07: _TMPBAN: d1d925e8902841f8a39555e52150c288c12738d727f52
27.01.2020 08:24:07: _massMessage: y5505434589251c37023222000e2f7a992f3735
27.01.2020 08:24:07: _massSysMessage: b0c4c1254287035652514523c7d785549
27.01.2020 08:24:07: _AHpos: y9e62405a452a8a485d3a82756d2c1e6c
27.01.2020 08:24:08: _ninetwo: o1e1d3412852c25335d135e7c7e
27.01.2020 08:24:08: _ninetwothread: e075245628e651e750982
27.01.2020 08:24:08: _adminsA: d0e588d69638945771c9c425e6d44
27.01.2020 08:24:08: _MC: l5755199d5c791c75225e6975
27.01.2020 08:24:08: _MCS: i627a95624e8e4382277f7e22887929527773
27.01.2020 08:24:08: _checkidicheckcheck: s65151993859f7a1d506c8a
27.01.2020 08:24:08: _lastshotmade: d7e87125e2f7c20952e9594194f830e93625e45738012124212
27.01.2020 08:24:08: _dellocveh: u5a738f6a75148c9a3950396a2c608c1c5d65
27.01.2020 08:24:08: _inCombatTime: t2e178f4c657e85624f35571c870f6e736c6d
27.01.2020 08:24:08: _inCombatArray: u7d247e44523c278282352727828a8e271e82428f6988
27.01.2020 08:24:08: _fnc_infiKeyHandler: i82803832791c6f1d192c67591887879f4525126a65
27.01.2020 08:24:08: _vehicle_needs_check: h2c4e3f12881d2a54557f
27.01.2020 08:24:08: _MAKE_VAR_DUMP_RANDOM: v4d42758262351783455e
27.01.2020 08:24:08: _MAKE_VAR_DUMP_CLIENT: q8f83157a777e8d837c07357c9e3a5e4e82828d
27.01.2020 08:24:08: _DUMPINGPLAYERUIDARRAY: r875d3d4e3a827249378f873e594777151e3c1e
27.01.2020 08:24:08: _CURRENTLYDUMPING: q2277634f2f7313773e88
27.01.2020 08:24:08: _antiantihack_rndvar: i375e6a7d5547525a58833747576d893957558c5c
27.01.2020 08:24:08: _name_by_uid: k4912474e3e725d92052e55
27.01.2020 08:24:08: _owner_by_uid: q498e6f2d4e5e72155a75571c65
27.01.2020 08:24:08: _customcommandingMenu: v1e0e3a67828e8e62554e
27.01.2020 08:24:08: _customcommandingMenuOpen: l238a0c474f428e4252754a5e651d378d721c746c52051c3c4c4309
27.01.2020 08:24:08: _AH_KICKLOG: PVAHR_2k9q7m8q0f0c0d2z
27.01.2020 08:24:08: ----END-LINE----   (12-01-2020 22-45-36 - v0260)
27.01.2020 08:39:35: <infiSTAR.de> _fnc_RandomGen: {
_fnc_actualGen = {
_abc = ['z','y','x','w','v','u','t','s','r','q','p','o','n','m','l','k','j','i','h','g','f','e','d','c','b','a'];
_gen = _abc select (random ((count _abc)-1));
_arr = ['a','5','c','4','d','f','c','e','5','2','2','0','d','e','7','f','9','5','7','8','e','9','a','5','c','3','2','7','e','2','3'];
_randmax = {((round(random _randminval)) + (round(random _randmaxval))) max _randminval};
for '_i' from 0 to (call _randmax)do
{
_gen = _gen + str(round(random 9)) + (_arr select (random ((count _arr)-1)));
};
};
_gen = '';
while{_gen=='' || _gen in _allRandomGenVars}do{
call _fnc_actualGen;
};
_allRandomGenVars pushBack _gen;
_gen
}
27.01.2020 08:39:35: ----START-LINE----   (12-01-2020 22-45-36 - v0260)
27.01.2020 08:39:35: _adminbox: p55704553398f4878622a42
27.01.2020 08:39:35: _fnc_mpPackets: d3e6c657a448987856512123e8c378227
27.01.2020 08:39:36: _FNC_AH_KICKLOG: c4945178a2e356e7240206f8a6e7e8f455c225e4088
27.01.2020 08:39:36: _FNC_AH_KICKLOGSPAWN: z1c697725152a6283653737426a690c6e
27.01.2020 08:39:36: _FNC_PVAH_AdminReq: g891c3f0c8284174d773c2e5c0e
27.01.2020 08:39:36: _token_by_uid: q753e72377747495e7050
27.01.2020 08:39:36: _uid_by_token: c37347f385e9f6f5e8245724e7f
27.01.2020 08:39:36: _server_setTokenR: h18974e5213828c376e9535001493781d32
27.01.2020 08:39:36: _YourPlayerToken: d27699053609c674c555538459e4e3f647c9c1c5c6257778a3f02
27.01.2020 08:39:36: _TokenCT: t9f858a37129f7469095925455e3c1237753a425a22
27.01.2020 08:39:36: _AH_MAIN_BLOCK: q52594e5d3f72223e0222096c40372f52638c1e5e55
27.01.2020 08:39:36: _AHKickOFF: k190d48322f3562353c9c675295335d0e555d0055
27.01.2020 08:39:36: _AHKickLog: m1f2f72733f6e3c805c482f8c
27.01.2020 08:39:36: _clientdo: v79372f5e6e1583326f4d8e32
27.01.2020 08:39:36: _AH_RunCheckENDVAR: p1d558e42992e7c68877847
27.01.2020 08:39:36: _AH_RunCheckENDVAR_THREAD: p43821a19074c5a8e83955f83
27.01.2020 08:39:36: _AH_HackLogArrayRND: i1a9e697c1e258e9d025d62801c72877c24524e
27.01.2020 08:39:36: _AH_SurvLogArrayRND: g6217594f548d3f69121c
27.01.2020 08:39:36: _AH_AdmiLogArrayRND: l69572f74555d0f3f2f3e9e6e64628e054f87752e37378f47
27.01.2020 08:39:36: _TMPBAN: z4c4c15937d50354e1c392e65
27.01.2020 08:39:36: _massMessage: e4272177d4f652d8d1515772c3e7d652e34277e4d
27.01.2020 08:39:36: _massSysMessage: n1c5285896272683e6f1d154f345952
27.01.2020 08:39:36: _AHpos: l131a057d1214571755684a454a42
27.01.2020 08:39:36: _ninetwo: d1c3e653f8a357235872a7048
27.01.2020 08:39:36: _ninetwothread: r938c7927292e5c37055e1d1e9d8d5205457e3573645947
27.01.2020 08:39:36: _adminsA: b1f44773747839d591d6d7c582585276215
27.01.2020 08:39:36: _MC: n5238551d2f4e321d1e7e8f843e52486f6e1942
27.01.2020 08:39:36: _MCS: d33656a387d7e7542693a
27.01.2020 08:39:36: _checkidicheckcheck: v6c4c8e72302245420e5d022c07496d288f0a083d5d77683e
27.01.2020 08:39:36: _lastshotmade: k733f523d456e801f7e3232772304728915856c02
27.01.2020 08:39:36: _dellocveh: p3d4e13779e0c653f998215198d92155a9e
27.01.2020 08:39:36: _inCombatTime: y5c3e972f5e398487892e
27.01.2020 08:39:36: _inCombatArray: j34431710726c5c1d025e4915753d771d30322382650e3f
27.01.2020 08:39:36: <infiSTAR.de> _fnc_RandomGen: {
_fnc_actualGen = {
_abc = ['z','y','x','w','v','u','t','s','r','q','p','o','n','m','l','k','j','i','h','g','f','e','d','c','b','a'];
_gen = _abc select (random ((count _abc)-1));
_arr = ['a','5','c','4','d','f','c','e','5','2','2','0','d','e','7','f','9','5','7','8','e','9','a','5','c','3','2','7','e','2','3'];
_randmax = {((round(random _randminval)) + (round(random _randmaxval))) max _randminval};
for '_i' from 0 to (call _randmax)do
{
_gen = _gen + str(round(random 9)) + (_arr select (random ((count _arr)-1)));
};
};
_gen = '';
while{_gen=='' || _gen in _allRandomGenVars}do{
call _fnc_actualGen;
};
_allRandomGenVars pushBack _gen;
_gen
}
27.01.2020 08:39:36: ----START-LINE----   (12-01-2020 22-45-36 - v0260)
27.01.2020 08:39:36: _adminbox: p55704553398f4878622a42
27.01.2020 08:39:36: _fnc_mpPackets: d3e6c657a448987856512123e8c378227
27.01.2020 08:39:36: _FNC_AH_KICKLOG: c4945178a2e356e7240206f8a6e7e8f455c225e4088
27.01.2020 08:39:36: _FNC_AH_KICKLOGSPAWN: z1c697725152a6283653737426a690c6e
27.01.2020 08:39:36: _FNC_PVAH_AdminReq: g891c3f0c8284174d773c2e5c0e
27.01.2020 08:39:36: _token_by_uid: q753e72377747495e7050
27.01.2020 08:39:36: _uid_by_token: c37347f385e9f6f5e8245724e7f
27.01.2020 08:39:36: _server_setTokenR: h18974e5213828c376e9535001493781d32
27.01.2020 08:39:36: _YourPlayerToken: d27699053609c674c555538459e4e3f647c9c1c5c6257778a3f02
27.01.2020 08:39:36: _TokenCT: t9f858a37129f7469095925455e3c1237753a425a22
27.01.2020 08:39:36: _AH_MAIN_BLOCK: q52594e5d3f72223e0222096c40372f52638c1e5e55
27.01.2020 08:39:36: _AHKickOFF: k190d48322f3562353c9c675295335d0e555d0055
27.01.2020 08:39:36: _AHKickLog: m1f2f72733f6e3c805c482f8c
27.01.2020 08:39:36: _clientdo: v79372f5e6e1583326f4d8e32
27.01.2020 08:39:36: _AH_RunCheckENDVAR: p1d558e42992e7c68877847
27.01.2020 08:39:36: _AH_RunCheckENDVAR_THREAD: p43821a19074c5a8e83955f83
27.01.2020 08:39:36: _AH_HackLogArrayRND: i1a9e697c1e258e9d025d62801c72877c24524e
27.01.2020 08:39:36: _AH_SurvLogArrayRND: g6217594f548d3f69121c
27.01.2020 08:39:36: _AH_AdmiLogArrayRND: l69572f74555d0f3f2f3e9e6e64628e054f87752e37378f47
27.01.2020 08:39:36: _TMPBAN: z4c4c15937d50354e1c392e65
27.01.2020 08:39:36: _massMessage: e4272177d4f652d8d1515772c3e7d652e34277e4d
27.01.2020 08:39:36: _massSysMessage: n1c5285896272683e6f1d154f345952
27.01.2020 08:39:36: _AHpos: l131a057d1214571755684a454a42
27.01.2020 08:39:36: _ninetwo: d1c3e653f8a357235872a7048
27.01.2020 08:39:36: _ninetwothread: r938c7927292e5c37055e1d1e9d8d5205457e3573645947
27.01.2020 08:39:36: _adminsA: b1f44773747839d591d6d7c582585276215
27.01.2020 08:39:36: _MC: n5238551d2f4e321d1e7e8f843e52486f6e1942
27.01.2020 08:39:36: _MCS: d33656a387d7e7542693a
27.01.2020 08:39:36: _checkidicheckcheck: v6c4c8e72302245420e5d022c07496d288f0a083d5d77683e
27.01.2020 08:39:36: _lastshotmade: k733f523d456e801f7e3232772304728915856c02
27.01.2020 08:39:36: _dellocveh: p3d4e13779e0c653f998215198d92155a9e
27.01.2020 08:39:36: _inCombatTime: y5c3e972f5e398487892e
27.01.2020 08:39:36: _inCombatArray: j34431710726c5c1d025e4915753d771d30322382650e3f
27.01.2020 08:39:36: _fnc_infiKeyHandler: q9f5777072597180e3314
27.01.2020 08:39:36: _vehicle_needs_check: e480c4c1c592e24454069151f6532228e12656e450e8587
27.01.2020 08:39:36: _MAKE_VAR_DUMP_RANDOM: w625f7c7953408a4e675232
27.01.2020 08:39:36: _MAKE_VAR_DUMP_CLIENT: w3d194e2e50691c1c3e72546297628d701e3c1d5c02927c232d
27.01.2020 08:39:36: _DUMPINGPLAYERUIDARRAY: q421c4d6e7515471f728575291e07823a13
27.01.2020 08:39:36: _CURRENTLYDUMPING: k65976e8d3e789e6d12825c2e2f
27.01.2020 08:39:36: _antiantihack_rndvar: n9e15928e1c675e7d9a82851f4c1e424e5c82380e876a12
27.01.2020 08:39:36: _name_by_uid: w9a43854768453e727e7267324c527c5969558e4c3359
27.01.2020 08:39:36: _owner_by_uid: u7732024352191e5e6e327e20055f0c729599
27.01.2020 08:39:36: _customcommandingMenu: h987c453f34471512206345857e221f87
27.01.2020 08:39:36: _customcommandingMenuOpen: q775f22831c82144e1c3c5e102f7a9955
27.01.2020 08:39:36: _AH_KICKLOG: PVAHR_4o9s5u1u6k0l
27.01.2020 08:39:36: ----END-LINE----   (12-01-2020 22-45-36 - v0260)
27.01.2020 08:45:23: <infiSTAR.de> _fnc_RandomGen: {
_fnc_actualGen = {
_abc = ['z','y','x','w','v','u','t','s','r','q','p','o','n','m','l','k','j','i','h','g','f','e','d','c','b','a'];
_gen = _abc select (random ((count _abc)-1));
_arr = ['a','5','c','4','d','f','c','e','5','2','2','0','d','e','7','f','9','5','7','8','e','9','a','5','c','3','2','7','e','2','3'];
_randmax = {((round(random _randminval)) + (round(random _randmaxval))) max _randminval};
for '_i' from 0 to (call _randmax)do
{
_gen = _gen + str(round(random 9)) + (_arr select (random ((count _arr)-1)));
};
};
_gen = '';
while{_gen=='' || _gen in _allRandomGenVars}do{
call _fnc_actualGen;
};
_allRandomGenVars pushBack _gen;
_gen
}
27.01.2020 08:45:23: ----START-LINE----   (12-01-2020 22-45-36 - v0260)
27.01.2020 08:45:23: _adminbox: f87750e1e6f6e6e53881c
27.01.2020 08:45:23: _fnc_mpPackets: u23949d6f4287232f456f5e552c67197e6c1e756e93737c6f67
27.01.2020 08:45:23: _FNC_AH_KICKLOG: m5397821e3e55758a89385c9a7d402e6c7d7d
27.01.2020 08:45:23: _FNC_AH_KICKLOGSPAWN: b8d645e227999529e2c8d27991a358738355c
27.01.2020 08:45:23: _FNC_PVAH_AdminReq: v5d050a79284e725d6978631c5332331287922e641312
27.01.2020 08:45:23: _token_by_uid: v94899708152a12157f2c4237677c70192c4e
27.01.2020 08:45:23: _uid_by_token: u1a0528737f8f3e878d70552279137a143d20294c38855c49728e
27.01.2020 08:45:23: _server_setTokenR: y7c574f4c42793e9d123e0c352e623c35200235
27.01.2020 08:45:23: _YourPlayerToken: h3949877d6a124042392784174774804597751362
27.01.2020 08:45:23: _TokenCT: b4397885e4482174727680a8848
27.01.2020 08:45:23: _AH_MAIN_BLOCK: y7743096e896a6e851922
27.01.2020 08:45:23: _AHKickOFF: b7e09595720780d442f4f4e0d2f278c6d1c3f5a4d4a45
27.01.2020 08:45:23: _AHKickLog: d82651c80320a8e85756c774c537a4a173060
27.01.2020 08:45:23: _clientdo: j5f6a3c2c385c9715397d397e2a
27.01.2020 08:45:23: _AH_RunCheckENDVAR: q62927937074757735589
27.01.2020 08:45:23: _AH_RunCheckENDVAR_THREAD: l2d056d4f756a727822521e271c178c30628017175d
27.01.2020 08:45:23: _AH_HackLogArrayRND: b5707721570221c15196e827d77
27.01.2020 08:45:23: _AH_SurvLogArrayRND: b29253379823e396e7f59923c8382752a828d353e426f65
27.01.2020 08:45:24: _AH_AdmiLogArrayRND: r7d0915529f793f47123e39808287854e27
27.01.2020 08:45:24: _TMPBAN: r781d5f1e5c8e979e4a85720e97622715
27.01.2020 08:45:24: _massMessage: g55925e773a2d7e252c6d7d6e891d6c9c722c1c7515523f88527727
27.01.2020 08:45:24: _massSysMessage: s7712595c476c8347621d8e2383
27.01.2020 08:45:24: _AHpos: b795f8e386e798e7f1505
27.01.2020 08:45:24: _ninetwo: x6287049c3e6a7e4d6f89
27.01.2020 08:45:24: _ninetwothread: x6e4f976202750f999f8c047e3d87780e
27.01.2020 08:45:24: _adminsA: k175c8c5a3258227c4a5a69642587
27.01.2020 08:45:24: _MC: w23784d53844e1f45226e
27.01.2020 08:45:24: _MCS: o6e856048438f4995541e4e0e177c8485626c65642e425835681d
27.01.2020 08:45:24: _checkidicheckcheck: f427e3d1d35142f4f5d4e95423e4804824337
27.01.2020 08:45:24: _lastshotmade: d4c2e62607e9e6e0f1c9f079f253982281255
27.01.2020 08:45:24: <infiSTAR.de> _fnc_RandomGen: {
_fnc_actualGen = {
_abc = ['z','y','x','w','v','u','t','s','r','q','p','o','n','m','l','k','j','i','h','g','f','e','d','c','b','a'];
_gen = _abc select (random ((count _abc)-1));
_arr = ['a','5','c','4','d','f','c','e','5','2','2','0','d','e','7','f','9','5','7','8','e','9','a','5','c','3','2','7','e','2','3'];
_randmax = {((round(random _randminval)) + (round(random _randmaxval))) max _randminval};
for '_i' from 0 to (call _randmax)do
{
_gen = _gen + str(round(random 9)) + (_arr select (random ((count _arr)-1)));
};
};
_gen = '';
while{_gen=='' || _gen in _allRandomGenVars}do{
call _fnc_actualGen;
};
_allRandomGenVars pushBack _gen;
_gen
}
27.01.2020 08:45:24: ----START-LINE----   (12-01-2020 22-45-36 - v0260)
27.01.2020 08:45:24: _adminbox: f87750e1e6f6e6e53881c
27.01.2020 08:45:24: _fnc_mpPackets: u23949d6f4287232f456f5e552c67197e6c1e756e93737c6f67
27.01.2020 08:45:24: _FNC_AH_KICKLOG: m5397821e3e55758a89385c9a7d402e6c7d7d
27.01.2020 08:45:24: _FNC_AH_KICKLOGSPAWN: b8d645e227999529e2c8d27991a358738355c
27.01.2020 08:45:24: _FNC_PVAH_AdminReq: v5d050a79284e725d6978631c5332331287922e641312
27.01.2020 08:45:24: _token_by_uid: v94899708152a12157f2c4237677c70192c4e
27.01.2020 08:45:24: _uid_by_token: u1a0528737f8f3e878d70552279137a143d20294c38855c49728e
27.01.2020 08:45:24: _server_setTokenR: y7c574f4c42793e9d123e0c352e623c35200235
27.01.2020 08:45:24: _YourPlayerToken: h3949877d6a124042392784174774804597751362
27.01.2020 08:45:24: _TokenCT: b4397885e4482174727680a8848
27.01.2020 08:45:24: _AH_MAIN_BLOCK: y7743096e896a6e851922
27.01.2020 08:45:24: _AHKickOFF: b7e09595720780d442f4f4e0d2f278c6d1c3f5a4d4a45
27.01.2020 08:45:24: _AHKickLog: d82651c80320a8e85756c774c537a4a173060
27.01.2020 08:45:24: _clientdo: j5f6a3c2c385c9715397d397e2a
27.01.2020 08:45:24: _AH_RunCheckENDVAR: q62927937074757735589
27.01.2020 08:45:24: _AH_RunCheckENDVAR_THREAD: l2d056d4f756a727822521e271c178c30628017175d
27.01.2020 08:45:24: _AH_HackLogArrayRND: b5707721570221c15196e827d77
27.01.2020 08:45:24: _AH_SurvLogArrayRND: b29253379823e396e7f59923c8382752a828d353e426f65
27.01.2020 08:45:24: _AH_AdmiLogArrayRND: r7d0915529f793f47123e39808287854e27
27.01.2020 08:45:24: _TMPBAN: r781d5f1e5c8e979e4a85720e97622715
27.01.2020 08:45:24: _massMessage: g55925e773a2d7e252c6d7d6e891d6c9c722c1c7515523f88527727
27.01.2020 08:45:24: _massSysMessage: s7712595c476c8347621d8e2383
27.01.2020 08:45:24: _AHpos: b795f8e386e798e7f1505
27.01.2020 08:45:24: _ninetwo: x6287049c3e6a7e4d6f89
27.01.2020 08:45:24: _ninetwothread: x6e4f976202750f999f8c047e3d87780e
27.01.2020 08:45:24: _adminsA: k175c8c5a3258227c4a5a69642587
27.01.2020 08:45:24: _MC: w23784d53844e1f45226e
27.01.2020 08:45:24: _MCS: o6e856048438f4995541e4e0e177c8485626c65642e425835681d
27.01.2020 08:45:24: _checkidicheckcheck: f427e3d1d35142f4f5d4e95423e4804824337
27.01.2020 08:45:24: _lastshotmade: d4c2e62607e9e6e0f1c9f079f253982281255
27.01.2020 08:45:24: _dellocveh: l399e1373339f626e6e7377355725
27.01.2020 08:45:24: _inCombatTime: k723559182c52448f3937
27.01.2020 08:45:24: _inCombatArray: i6249621f1d9e77951c89755e6c7d6a4c67546295
27.01.2020 08:45:24: _fnc_infiKeyHandler: n37845d59337d4e754e858d37621f4c8f421e703e5f3f07
27.01.2020 08:45:24: _vehicle_needs_check: p5e729d3a840e59374e74758c98822e44
27.01.2020 08:45:24: _MAKE_VAR_DUMP_RANDOM: q4d277d2c574c3a4c7934
27.01.2020 08:45:24: _MAKE_VAR_DUMP_CLIENT: p7f531d7f196c2e1565278c3a
27.01.2020 08:45:24: _DUMPINGPLAYERUIDARRAY: u721e0827131c35925e940985157e4935
27.01.2020 08:45:24: _CURRENTLYDUMPING: a79305f8375848c6c121c
27.01.2020 08:45:24: _antiantihack_rndvar: n8c6085194e3d44377e734482358a
27.01.2020 08:45:24: _name_by_uid: k978a125073623f75427527909737120d475c7f277f
27.01.2020 08:45:24: _owner_by_uid: j1f142814638c774c120a
27.01.2020 08:45:24: _customcommandingMenu: k201d351562078c357f85
27.01.2020 08:45:24: _customcommandingMenuOpen: c72350952854d447f3c5c3952
27.01.2020 08:45:24: _AH_KICKLOG: PVAHR_8p2s7r6a9r5e
27.01.2020 08:45:24: ----END-LINE----   (12-01-2020 22-45-36 - v0260)
27.01.2020 16:54:08: <infiSTAR.de> _fnc_RandomGen: {
_fnc_actualGen = {
_abc = ['z','y','x','w','v','u','t','s','r','q','p','o','n','m','l','k','j','i','h','g','f','e','d','c','b','a'];
_gen = _abc select (random ((count _abc)-1));
_arr = ['a','5','c','4','d','f','c','e','5','2','2','0','d','e','7','f','9','5','7','8','e','9','a','5','c','3','2','7','e','2','3'];
_randmax = {((round(random _randminval)) + (round(random _randmaxval))) max _randminval};
for '_i' from 0 to (call _randmax)do
{
_gen = _gen + str(round(random 9)) + (_arr select (random ((count _arr)-1)));
};
};
_gen = '';
while{_gen=='' || _gen in _allRandomGenVars}do{
call _fnc_actualGen;
};
_allRandomGenVars pushBack _gen;
_gen
}
27.01.2020 16:54:08: ----START-LINE----   (12-01-2020 22-45-36 - v0260)
27.01.2020 16:54:08: _adminbox: k3d4e8558896e2e42922a6c7242753217426e7f
27.01.2020 16:54:08: _fnc_mpPackets: f4e1c4d89072e5233271c722e4c7c8f
27.01.2020 16:54:08: _FNC_AH_KICKLOG: p0c9a4e55476267752c8f5e327e104f23521e62
27.01.2020 16:54:08: _FNC_AH_KICKLOGSPAWN: y321e8d72258c222a148d97002c32504265
27.01.2020 16:54:08: _FNC_PVAH_AdminReq: l9d4a3a5988173265523c25
27.01.2020 16:54:08: _token_by_uid: p8c7245187e954e452e95
27.01.2020 16:54:08: _uid_by_token: w436c7c5220022e177e124c838862325a7948691d2a526388751c2f
27.01.2020 16:54:08: _server_setTokenR: v6c6053176c5e3c4d272f
27.01.2020 16:54:08: _YourPlayerToken: z3449736e1f252a758f7f629c425e0389
27.01.2020 16:54:08: _TokenCT: m1a3937180c5e14451c7817957f197452476a
27.01.2020 16:54:08: _AH_MAIN_BLOCK: h02896942139e5a0a2a654e2e2c8c8222
27.01.2020 16:54:08: _AHKickOFF: q3d793f5d1218295812028362400d059919156e85
27.01.2020 16:54:08: _AHKickLog: i0d858c3d523273233e63
27.01.2020 16:54:08: _clientdo: r7e3f320c55128e878f1e9565235e6e5f0e4a656d
27.01.2020 16:54:08: _AH_RunCheckENDVAR: p872d451f7a850e8553325305
27.01.2020 16:54:08: _AH_RunCheckENDVAR_THREAD: n7e9e8c5a7e7312876924
27.01.2020 16:54:08: _AH_HackLogArrayRND: q377e40371f7732777e376242
27.01.2020 16:54:08: _AH_SurvLogArrayRND: p4e39839e653588156775
27.01.2020 16:54:08: _AH_AdmiLogArrayRND: g3882906935383258622a2c596e0562
27.01.2020 16:54:08: _TMPBAN: u37323397273f55390052
27.01.2020 16:54:08: _massMessage: p0c2c2242297e52275060
27.01.2020 16:54:08: _massSysMessage: z37624e827a69223e175f72853849727a75
27.01.2020 16:54:08: _AHpos: l597232855d526205852a
27.01.2020 16:54:08: _ninetwo: w8a130e84258422170e83228414
27.01.2020 16:54:08: _ninetwothread: n2f5e83625c503d8f2e1e
27.01.2020 16:54:08: _adminsA: q47476d1264822c5e373e
27.01.2020 16:54:08: _MC: p0c7c42157a17153e0d34956e1e8d0c671f574a
27.01.2020 16:54:08: _MCS: b82372d256d2e673255076e520e737e4c1f723d836d5e
27.01.2020 16:54:08: _checkidicheckcheck: z6f24377c858519228582121c022c44678e
27.01.2020 16:54:08: _lastshotmade: s024c733e7c8f67954f4520647e6c928f3e7f
27.01.2020 16:54:08: _dellocveh: o226d8d7d475f545e6c15
27.01.2020 16:54:08: _inCombatTime: a5d425e845732331042881c1535156e
27.01.2020 16:54:08: _inCombatArray: g49475e453228554d35025e1967224c7e4d6019071e
27.01.2020 16:54:08: <infiSTAR.de> _fnc_RandomGen: {
_fnc_actualGen = {
_abc = ['z','y','x','w','v','u','t','s','r','q','p','o','n','m','l','k','j','i','h','g','f','e','d','c','b','a'];
_gen = _abc select (random ((count _abc)-1));
_arr = ['a','5','c','4','d','f','c','e','5','2','2','0','d','e','7','f','9','5','7','8','e','9','a','5','c','3','2','7','e','2','3'];
_randmax = {((round(random _randminval)) + (round(random _randmaxval))) max _randminval};
for '_i' from 0 to (call _randmax)do
{
_gen = _gen + str(round(random 9)) + (_arr select (random ((count _arr)-1)));
};
};
_gen = '';
while{_gen=='' || _gen in _allRandomGenVars}do{
call _fnc_actualGen;
};
_allRandomGenVars pushBack _gen;
_gen
}
27.01.2020 16:54:08: ----START-LINE----   (12-01-2020 22-45-36 - v0260)
27.01.2020 16:54:08: _adminbox: k3d4e8558896e2e42922a6c7242753217426e7f
27.01.2020 16:54:08: _fnc_mpPackets: f4e1c4d89072e5233271c722e4c7c8f
27.01.2020 16:54:08: _FNC_AH_KICKLOG: p0c9a4e55476267752c8f5e327e104f23521e62
27.01.2020 16:54:08: _FNC_AH_KICKLOGSPAWN: y321e8d72258c222a148d97002c32504265
27.01.2020 16:54:08: _FNC_PVAH_AdminReq: l9d4a3a5988173265523c25
27.01.2020 16:54:08: _token_by_uid: p8c7245187e954e452e95
27.01.2020 16:54:08: _uid_by_token: w436c7c5220022e177e124c838862325a7948691d2a526388751c2f
27.01.2020 16:54:08: _server_setTokenR: v6c6053176c5e3c4d272f
27.01.2020 16:54:08: _YourPlayerToken: z3449736e1f252a758f7f629c425e0389
27.01.2020 16:54:08: _TokenCT: m1a3937180c5e14451c7817957f197452476a
27.01.2020 16:54:08: _AH_MAIN_BLOCK: h02896942139e5a0a2a654e2e2c8c8222
27.01.2020 16:54:08: _AHKickOFF: q3d793f5d1218295812028362400d059919156e85
27.01.2020 16:54:08: _AHKickLog: i0d858c3d523273233e63
27.01.2020 16:54:08: _clientdo: r7e3f320c55128e878f1e9565235e6e5f0e4a656d
27.01.2020 16:54:08: _AH_RunCheckENDVAR: p872d451f7a850e8553325305
27.01.2020 16:54:09: _AH_RunCheckENDVAR_THREAD: n7e9e8c5a7e7312876924
27.01.2020 16:54:09: _AH_HackLogArrayRND: q377e40371f7732777e376242
27.01.2020 16:54:09: _AH_SurvLogArrayRND: p4e39839e653588156775
27.01.2020 16:54:09: _AH_AdmiLogArrayRND: g3882906935383258622a2c596e0562
27.01.2020 16:54:09: _TMPBAN: u37323397273f55390052
27.01.2020 16:54:09: _massMessage: p0c2c2242297e52275060
27.01.2020 16:54:09: _massSysMessage: z37624e827a69223e175f72853849727a75
27.01.2020 16:54:09: _AHpos: l597232855d526205852a
27.01.2020 16:54:09: _ninetwo: w8a130e84258422170e83228414
27.01.2020 16:54:09: _ninetwothread: n2f5e83625c503d8f2e1e
27.01.2020 16:54:09: _adminsA: q47476d1264822c5e373e
27.01.2020 16:54:09: _MC: p0c7c42157a17153e0d34956e1e8d0c671f574a
27.01.2020 16:54:09: _MCS: b82372d256d2e673255076e520e737e4c1f723d836d5e
27.01.2020 16:54:09: _checkidicheckcheck: z6f24377c858519228582121c022c44678e
27.01.2020 16:54:09: _lastshotmade: s024c733e7c8f67954f4520647e6c928f3e7f
27.01.2020 16:54:09: _dellocveh: o226d8d7d475f545e6c15
27.01.2020 16:54:09: _inCombatTime: a5d425e845732331042881c1535156e
27.01.2020 16:54:09: _inCombatArray: g49475e453228554d35025e1967224c7e4d6019071e
27.01.2020 16:54:09: _fnc_infiKeyHandler: g62696e541e7f876c6a45258419756e2885337e274962
27.01.2020 16:54:09: _vehicle_needs_check: v60885d68058d9c7d6585
27.01.2020 16:54:09: _MAKE_VAR_DUMP_RANDOM: v3215247c0e757f1c3275
27.01.2020 16:54:09: _MAKE_VAR_DUMP_CLIENT: n4245024e2735608c9873
27.01.2020 16:54:09: _DUMPINGPLAYERUIDARRAY: o7a7d655e3f456a2e3e13
27.01.2020 16:54:09: _CURRENTLYDUMPING: s7e6f5c043e4274726e657229153d
27.01.2020 16:54:09: _antiantihack_rndvar: y3f9a2e675e845f1c7a2a9e2c2d352d2e1499807f4a7d4f0e68
27.01.2020 16:54:09: _name_by_uid: w9e85455760634479331543621f60
27.01.2020 16:54:09: _owner_by_uid: g6738354f228d5e55777e4c258e0d823e
27.01.2020 16:54:09: _customcommandingMenu: q4d3e3a1e0e7d0e4e3e5c557c24749432654d1d5a
27.01.2020 16:54:09: _customcommandingMenuOpen: p055f128c491d0f426e976c4727
27.01.2020 16:54:09: _AH_KICKLOG: PVAHR_5w4q9f7h2b4x5s
27.01.2020 16:54:09: ----END-LINE----   (12-01-2020 22-45-36 - v0260)
27.01.2020 17:46:52: <infiSTAR.de> _fnc_RandomGen: {
_fnc_actualGen = {
_abc = ['z','y','x','w','v','u','t','s','r','q','p','o','n','m','l','k','j','i','h','g','f','e','d','c','b','a'];
_gen = _abc select (random ((count _abc)-1));
_arr = ['a','5','c','4','d','f','c','e','5','2','2','0','d','e','7','f','9','5','7','8','e','9','a','5','c','3','2','7','e','2','3'];
_randmax = {((round(random _randminval)) + (round(random _randmaxval))) max _randminval};
for '_i' from 0 to (call _randmax)do
{
_gen = _gen + str(round(random 9)) + (_arr select (random ((count _arr)-1)));
};
};
_gen = '';
while{_gen=='' || _gen in _allRandomGenVars}do{
call _fnc_actualGen;
};
_allRandomGenVars pushBack _gen;
_gen
}
27.01.2020 17:46:52: ----START-LINE----   (12-01-2020 22-45-36 - v0260)
27.01.2020 17:46:52: _adminbox: x8e4e3929627e542c596c388c280a03871e2e62079e2d7a1782
27.01.2020 17:46:52: _fnc_mpPackets: w870029698d1319671f8e4c8c4523
27.01.2020 17:46:52: _FNC_AH_KICKLOG: l9563356f6d1d12626f32
27.01.2020 17:46:52: _FNC_AH_KICKLOGSPAWN: q5c298577451c4e5d13873f7e244d17755e975f6c1d752a
27.01.2020 17:46:52: _FNC_PVAH_AdminReq: e3e8f831f9e6c326e8a536912453345
27.01.2020 17:46:52: _token_by_uid: g026e894d6d8f1269653c
27.01.2020 17:46:52: _uid_by_token: c8748656c128c755e851c199304
27.01.2020 17:46:52: _server_setTokenR: z85258a852e3e50427467995c
27.01.2020 17:46:52: _YourPlayerToken: p4232574c277a2f35656e622e995e6248850e583f14855249
27.01.2020 17:46:52: _TokenCT: t748e3450606743930d55
27.01.2020 17:46:52: _AH_MAIN_BLOCK: w55658f2e929287352935353727371a8e236e576404
27.01.2020 17:46:52: _AHKickOFF: u49724e15353d22358a397c0e129d2522953365575c056505
27.01.2020 17:46:52: _AHKickLog: t4d4c8c353f8c13786518785565
27.01.2020 17:46:52: _clientdo: u074c345e6233730a4c851e
27.01.2020 17:46:52: _AH_RunCheckENDVAR: j0e0459898d95124a335e2557396e977e8e
27.01.2020 17:46:52: _AH_RunCheckENDVAR_THREAD: v95159d828e1c371e5787
27.01.2020 17:46:52: _AH_HackLogArrayRND: v1e678e458c82593a558d878e8e4e474c1d
27.01.2020 17:46:52: _AH_SurvLogArrayRND: z57122f08274d3a1e4917
27.01.2020 17:46:52: _AH_AdmiLogArrayRND: t1c65127c5c00045e0e52754e93
27.01.2020 17:46:52: _TMPBAN: f503e845f7e9f14286e3c
27.01.2020 17:46:52: _massMessage: w276a357217849a3e371c629a63289552596c
27.01.2020 17:46:52: _massSysMessage: y154237741c3f1d15782f8e8a
27.01.2020 17:46:52: _AHpos: o3e3a8e076c27420c752792055e
27.01.2020 17:46:52: _ninetwo: u6c85833035730047944f
27.01.2020 17:46:52: _ninetwothread: g6932358f594c7d47430d254563
27.01.2020 17:46:52: _adminsA: y65729218829e555e55690d458e1a8e8e154d0503
27.01.2020 17:46:52: _MC: p6737197d235e29754c759d
27.01.2020 17:46:52: _MCS: q0855454e7963354c8947291e8d929f59
27.01.2020 17:46:52: _checkidicheckcheck: x8c593f6f4727554c13974e8848572d8f5e5e236785
27.01.2020 17:46:52: _lastshotmade: c773f47389c5c5e7715784f5c449e4357
27.01.2020 17:46:52: _dellocveh: g4a75986c027575573c785d88
27.01.2020 17:46:52: _inCombatTime: e24758972256c8268328f3c0232123c15228f5750454f2d77
27.01.2020 17:46:52: _inCombatArray: b3d4c38292e5d0e4e5735
27.01.2020 17:46:52: <infiSTAR.de> _fnc_RandomGen: {
_fnc_actualGen = {
_abc = ['z','y','x','w','v','u','t','s','r','q','p','o','n','m','l','k','j','i','h','g','f','e','d','c','b','a'];
_gen = _abc select (random ((count _abc)-1));
_arr = ['a','5','c','4','d','f','c','e','5','2','2','0','d','e','7','f','9','5','7','8','e','9','a','5','c','3','2','7','e','2','3'];
_randmax = {((round(random _randminval)) + (round(random _randmaxval))) max _randminval};
for '_i' from 0 to (call _randmax)do
{
_gen = _gen + str(round(random 9)) + (_arr select (random ((count _arr)-1)));
};
};
_gen = '';
while{_gen=='' || _gen in _allRandomGenVars}do{
call _fnc_actualGen;
};
_allRandomGenVars pushBack _gen;
_gen
}
27.01.2020 17:46:52: ----START-LINE----   (12-01-2020 22-45-36 - v0260)
27.01.2020 17:46:52: _adminbox: x8e4e3929627e542c596c388c280a03871e2e62079e2d7a1782
27.01.2020 17:46:52: _fnc_mpPackets: w870029698d1319671f8e4c8c4523
27.01.2020 17:46:52: _FNC_AH_KICKLOG: l9563356f6d1d12626f32
27.01.2020 17:46:52: _FNC_AH_KICKLOGSPAWN: q5c298577451c4e5d13873f7e244d17755e975f6c1d752a
27.01.2020 17:46:52: _FNC_PVAH_AdminReq: e3e8f831f9e6c326e8a536912453345
27.01.2020 17:46:52: _token_by_uid: g026e894d6d8f1269653c
27.01.2020 17:46:52: _uid_by_token: c8748656c128c755e851c199304
27.01.2020 17:46:52: _server_setTokenR: z85258a852e3e50427467995c
27.01.2020 17:46:52: _YourPlayerToken: p4232574c277a2f35656e622e995e6248850e583f14855249
27.01.2020 17:46:52: _TokenCT: t748e3450606743930d55
27.01.2020 17:46:52: _AH_MAIN_BLOCK: w55658f2e929287352935353727371a8e236e576404
27.01.2020 17:46:52: _AHKickOFF: u49724e15353d22358a397c0e129d2522953365575c056505
27.01.2020 17:46:52: _AHKickLog: t4d4c8c353f8c13786518785565
27.01.2020 17:46:52: _clientdo: u074c345e6233730a4c851e
27.01.2020 17:46:52: _AH_RunCheckENDVAR: j0e0459898d95124a335e2557396e977e8e
27.01.2020 17:46:52: _AH_RunCheckENDVAR_THREAD: v95159d828e1c371e5787
27.01.2020 17:46:52: _AH_HackLogArrayRND: v1e678e458c82593a558d878e8e4e474c1d
27.01.2020 17:46:52: _AH_SurvLogArrayRND: z57122f08274d3a1e4917
27.01.2020 17:46:52: _AH_AdmiLogArrayRND: t1c65127c5c00045e0e52754e93
27.01.2020 17:46:52: _TMPBAN: f503e845f7e9f14286e3c
27.01.2020 17:46:52: _massMessage: w276a357217849a3e371c629a63289552596c
27.01.2020 17:46:52: _massSysMessage: y154237741c3f1d15782f8e8a
27.01.2020 17:46:52: _AHpos: o3e3a8e076c27420c752792055e
27.01.2020 17:46:52: _ninetwo: u6c85833035730047944f
27.01.2020 17:46:52: _ninetwothread: g6932358f594c7d47430d254563
27.01.2020 17:46:52: _adminsA: y65729218829e555e55690d458e1a8e8e154d0503
27.01.2020 17:46:52: _MC: p6737197d235e29754c759d
27.01.2020 17:46:52: _MCS: q0855454e7963354c8947291e8d929f59
27.01.2020 17:46:52: _checkidicheckcheck: x8c593f6f4727554c13974e8848572d8f5e5e236785
27.01.2020 17:46:52: _lastshotmade: c773f47389c5c5e7715784f5c449e4357
27.01.2020 17:46:52: _dellocveh: g4a75986c027575573c785d88
27.01.2020 17:46:52: _inCombatTime: e24758972256c8268328f3c0232123c15228f5750454f2d77
27.01.2020 17:46:52: _inCombatArray: b3d4c38292e5d0e4e5735
27.01.2020 17:46:52: _fnc_infiKeyHandler: i6272257e5e1d25651d5e7a0220343c4e124e5522
27.01.2020 17:46:52: _vehicle_needs_check: y5244994e5e127865358e3d1e5d851d9e533e84
27.01.2020 17:46:52: _MAKE_VAR_DUMP_RANDOM: g9545378279191c25338e1e6d7a3e943e55156c1c
27.01.2020 17:46:52: _MAKE_VAR_DUMP_CLIENT: u5e355c67855963607f1f27124e2940604d885730729d
27.01.2020 17:46:52: _DUMPINGPLAYERUIDARRAY: c1e7c4464993017107c0f5559487722573d8c
27.01.2020 17:46:52: _CURRENTLYDUMPING: y1987426f4f80624d7e1c77252c5d35292f6e8e5049
27.01.2020 17:46:52: _antiantihack_rndvar: b279e6e0f77825c3215696e0e5e824c957e4c495e3c
27.01.2020 17:46:52: _name_by_uid: b054d797e441215523d23
27.01.2020 17:46:52: _owner_by_uid: x3c075f2c6e027e152c4a276e6c6e8537277a2e5725
27.01.2020 17:46:52: _customcommandingMenu: j65727c6e48886c75823c728372556d6e4e
27.01.2020 17:46:52: _customcommandingMenuOpen: h627e6e1252956e157d972c
27.01.2020 17:46:52: _AH_KICKLOG: PVAHR_7k6j6t4o4y7x7d0j
27.01.2020 17:46:52: ----END-LINE----   (12-01-2020 22-45-36 - v0260)
27.01.2020 20:34:54: <infiSTAR.de> _fnc_RandomGen: {
_fnc_actualGen = {
_abc = ['z','y','x','w','v','u','t','s','r','q','p','o','n','m','l','k','j','i','h','g','f','e','d','c','b','a'];
_gen = _abc select (random ((count _abc)-1));
_arr = ['a','5','c','4','d','f','c','e','5','2','2','0','d','e','7','f','9','5','7','8','e','9','a','5','c','3','2','7','e','2','3'];
_randmax = {((round(random _randminval)) + (round(random _randmaxval))) max _randminval};
for '_i' from 0 to (call _randmax)do
{
_gen = _gen + str(round(random 9)) + (_arr select (random ((count _arr)-1)));
};
};
_gen = '';
while{_gen=='' || _gen in _allRandomGenVars}do{
call _fnc_actualGen;
};
_allRandomGenVars pushBack _gen;
_gen
}
27.01.2020 20:34:54: ----START-LINE----   (12-01-2020 22-45-36 - v0260)
27.01.2020 20:34:54: _adminbox: g288269096589372e27475e1c1d5284875a6a47623c3e0e3e
27.01.2020 20:34:54: _fnc_mpPackets: a7732472a7f3c557770883f4955991a128c7c22
27.01.2020 20:34:54: _FNC_AH_KICKLOG: v25155467154e124c2e685d6c5f42279f678c5c
27.01.2020 20:34:54: _FNC_AH_KICKLOGSPAWN: g897c3c4a2569873540245e35284c25
27.01.2020 20:34:54: _FNC_PVAH_AdminReq: h8252593c146582582d6c4e1f6372526e42
27.01.2020 20:34:54: _token_by_uid: y3214427a4f0868505e488c67876f6f0a32272d3e
27.01.2020 20:34:55: _uid_by_token: s538847352c307c885f757e30153c82729d15
27.01.2020 20:34:55: _server_setTokenR: w87942a3f22770c3f8e1f1c77155e4c6953384565
27.01.2020 20:34:55: _YourPlayerToken: j6582751d3c67699c834f0e522d1542677a
27.01.2020 20:34:55: _TokenCT: q423985976c3813224e506c1f1369427d
27.01.2020 20:34:55: _AH_MAIN_BLOCK: i4c451278324e1897120c69655f6f3d0e25299a9c
27.01.2020 20:34:55: _AHKickOFF: n7a3a6e69299e1555224345393c135a071c
27.01.2020 20:34:55: _AHKickLog: p82524d68020f55378985740a6762491a1597951e54358c3a244a9d3269
27.01.2020 20:34:55: _clientdo: z22879d1e1e4e7f982a92
27.01.2020 20:34:55: _AH_RunCheckENDVAR: s9e8e4264545e3c8773157e837e4f7a45629e4c
27.01.2020 20:34:55: _AH_RunCheckENDVAR_THREAD: s5d4d5c1c5f9e3f4d22127e30121e
27.01.2020 20:34:55: _AH_HackLogArrayRND: a6305272c6d1a053f4d75
27.01.2020 20:34:55: _AH_SurvLogArrayRND: q0a38476d953737656d64
27.01.2020 20:34:55: _AH_AdmiLogArrayRND: n8f07574562079c300079683715407f4253853d09
27.01.2020 20:34:55: _TMPBAN: q5c1a730e028943533e851e6e1585875e925e380a45906e2297
27.01.2020 20:34:55: _massMessage: i6964855f0c7e2d671215987a7f47684a333d6f2e7c4e722d10451e62
27.01.2020 20:34:55: _massSysMessage: q73492e0909753e6f92172e63457389231953055789323f5575
27.01.2020 20:34:55: _AHpos: k6c5e1517620c124c9f4e933e57559c4c574e3f2e2772023a
27.01.2020 20:34:55: _ninetwo: r60458e67742c428e02276e7027571e
27.01.2020 20:34:55: _ninetwothread: d424c1c7c173d4528639d
27.01.2020 20:34:55: _adminsA: s8f8d1912259c62637d122d358e
27.01.2020 20:34:55: _MC: f05445e795d694e2c49224289
27.01.2020 20:34:55: _MCS: v20598e199c5a352a071f8a122900347c403e2282758525
27.01.2020 20:34:55: _checkidicheckcheck: p1a807d9d54252c9437406e8e1e3e072c825c844c1c
27.01.2020 20:34:55: _lastshotmade: l22058912397a723c1f827c9c509984
27.01.2020 20:34:55: <infiSTAR.de> _fnc_RandomGen: {
_fnc_actualGen = {
_abc = ['z','y','x','w','v','u','t','s','r','q','p','o','n','m','l','k','j','i','h','g','f','e','d','c','b','a'];
_gen = _abc select (random ((count _abc)-1));
_arr = ['a','5','c','4','d','f','c','e','5','2','2','0','d','e','7','f','9','5','7','8','e','9','a','5','c','3','2','7','e','2','3'];
_randmax = {((round(random _randminval)) + (round(random _randmaxval))) max _randminval};
for '_i' from 0 to (call _randmax)do
{
_gen = _gen + str(round(random 9)) + (_arr select (random ((count _arr)-1)));
};
};
_gen = '';
while{_gen=='' || _gen in _allRandomGenVars}do{
call _fnc_actualGen;
};
_allRandomGenVars pushBack _gen;
_gen
}
27.01.2020 20:34:55: ----START-LINE----   (12-01-2020 22-45-36 - v0260)
27.01.2020 20:34:55: _adminbox: g288269096589372e27475e1c1d5284875a6a47623c3e0e3e
27.01.2020 20:34:55: _fnc_mpPackets: a7732472a7f3c557770883f4955991a128c7c22
27.01.2020 20:34:55: _FNC_AH_KICKLOG: v25155467154e124c2e685d6c5f42279f678c5c
27.01.2020 20:34:55: _FNC_AH_KICKLOGSPAWN: g897c3c4a2569873540245e35284c25
27.01.2020 20:34:55: _FNC_PVAH_AdminReq: h8252593c146582582d6c4e1f6372526e42
27.01.2020 20:34:55: _token_by_uid: y3214427a4f0868505e488c67876f6f0a32272d3e
27.01.2020 20:34:55: _uid_by_token: s538847352c307c885f757e30153c82729d15
27.01.2020 20:34:55: _server_setTokenR: w87942a3f22770c3f8e1f1c77155e4c6953384565
27.01.2020 20:34:55: _YourPlayerToken: j6582751d3c67699c834f0e522d1542677a
27.01.2020 20:34:55: _TokenCT: q423985976c3813224e506c1f1369427d
27.01.2020 20:34:55: _AH_MAIN_BLOCK: i4c451278324e1897120c69655f6f3d0e25299a9c
27.01.2020 20:34:55: _AHKickOFF: n7a3a6e69299e1555224345393c135a071c
27.01.2020 20:34:55: _AHKickLog: p82524d68020f55378985740a6762491a1597951e54358c3a244a9d3269
27.01.2020 20:34:55: _clientdo: z22879d1e1e4e7f982a92
27.01.2020 20:34:55: _AH_RunCheckENDVAR: s9e8e4264545e3c8773157e837e4f7a45629e4c
27.01.2020 20:34:55: _AH_RunCheckENDVAR_THREAD: s5d4d5c1c5f9e3f4d22127e30121e
27.01.2020 20:34:55: _AH_HackLogArrayRND: a6305272c6d1a053f4d75
27.01.2020 20:34:55: _AH_SurvLogArrayRND: q0a38476d953737656d64
27.01.2020 20:34:55: _AH_AdmiLogArrayRND: n8f07574562079c300079683715407f4253853d09
27.01.2020 20:34:55: _TMPBAN: q5c1a730e028943533e851e6e1585875e925e380a45906e2297
27.01.2020 20:34:55: _massMessage: i6964855f0c7e2d671215987a7f47684a333d6f2e7c4e722d10451e62
27.01.2020 20:34:55: _massSysMessage: q73492e0909753e6f92172e63457389231953055789323f5575
27.01.2020 20:34:55: _AHpos: k6c5e1517620c124c9f4e933e57559c4c574e3f2e2772023a
27.01.2020 20:34:55: _ninetwo: r60458e67742c428e02276e7027571e
27.01.2020 20:34:55: _ninetwothread: d424c1c7c173d4528639d
27.01.2020 20:34:55: _adminsA: s8f8d1912259c62637d122d358e
27.01.2020 20:34:55: _MC: f05445e795d694e2c49224289
27.01.2020 20:34:55: _MCS: v20598e199c5a352a071f8a122900347c403e2282758525
27.01.2020 20:34:55: _checkidicheckcheck: p1a807d9d54252c9437406e8e1e3e072c825c844c1c
27.01.2020 20:34:55: _lastshotmade: l22058912397a723c1f827c9c509984
27.01.2020 20:34:55: _dellocveh: t296c554e4c4c22098727775a6289352e3297433e7e
27.01.2020 20:34:55: _inCombatTime: n9c75235c4c1c8c3e4300426a8a8282855d5e53
27.01.2020 20:34:55: _inCombatArray: p522d6e995200253e075c851f1e5c9c
27.01.2020 20:34:55: _fnc_infiKeyHandler: q6d69658e6529253c9423176e97086e
27.01.2020 20:34:55: _vehicle_needs_check: i95323e920a10478c124f5d
27.01.2020 20:34:55: _MAKE_VAR_DUMP_RANDOM: t535e65576e82729e156f275e95179e38876a
27.01.2020 20:34:55: _MAKE_VAR_DUMP_CLIENT: p35782a775285656e7555
27.01.2020 20:34:55: _DUMPINGPLAYERUIDARRAY: x455785625a4c222e3e7c
27.01.2020 20:34:55: _CURRENTLYDUMPING: c12344505294c3715129c0f
27.01.2020 20:34:55: _antiantihack_rndvar: q12547920142e620c021c4537298f793f0e
27.01.2020 20:34:55: _name_by_uid: s8f5263578e947e29448c1e755244528f8a5322
27.01.2020 20:34:55: _owner_by_uid: m7575477a6e446e881e45472c
27.01.2020 20:34:55: _customcommandingMenu: n176c6c523d3a705e60343d19
27.01.2020 20:34:55: _customcommandingMenuOpen: e5c7e555e423a3e3730524f606767693c
27.01.2020 20:34:55: _AH_KICKLOG: PVAHR_2x5w2x3w6d1o
27.01.2020 20:34:55: ----END-LINE----   (12-01-2020 22-45-36 - v0260)
