18.01.2020 00:01:13: 10h 26min | Jbo Marino[201](76561198206026112) | Stealth / Invisible - 0
18.01.2020 00:01:15: 10h 26min | Jbo Marino[201](76561198206026112) | Stealth / Invisible - 1
18.01.2020 00:04:47: 10h 30min | Jbo Marino[201](76561198206026112) | Teleport to [3502.87,3008.29,0](GPS: 035999)
18.01.2020 00:04:55: 10h 30min | Jbo Marino[201](76561198206026112) | Stealth / Invisible - 0
18.01.2020 00:10:57: 10h 36min | Jbo Marino[201](76561198206026112) | Teleport to [3544,3084.56,0](GPS: 035000)
18.01.2020 00:13:36: 10h 38min | Donnie Turbo(76561198041233395) | spawning Survivor Knife (Max_survivor_knife)
18.01.2020 00:14:42: 10h 39min | Donnie Turbo(76561198041233395) | Revive - civ_2(76561198883479728)
18.01.2020 00:15:51: 10h 41min | Donnie Turbo(76561198041233395) | Deleting GroundWeaponHolder @035999..
18.01.2020 00:16:01: 10h 41min | Jbo Marino[201](76561198206026112) | God Mode - 0
18.01.2020 00:21:20: 10h 46min | Jbo Marino[201](76561198206026112) | spawning TRG-20 5.56 mm (arifle_TRG20_ACO_F)
18.01.2020 00:21:43: 10h 46min | Jbo Marino[201](76561198206026112) | Deleting WeaponHolderSimulated @035999..
18.01.2020 00:21:46: 10h 46min | Donnie Turbo(76561198041233395) | Revive - medic_3(76561198041233395)
18.01.2020 00:24:07: 10h 49min | Jbo Marino[201](76561198206026112) | Deleting GroundWeaponHolder @035999..
18.01.2020 00:26:37: 10h 51min | Jbo Marino[201](76561198206026112) | Revive - medic_1(76561198206026112)
18.01.2020 00:26:41: 10h 51min | Donnie Turbo(76561198041233395) | Revive - medic_3(76561198041233395)
18.01.2020 00:27:35: 10h 52min | Donnie Turbo(76561198041233395) | Revive - civ_1(76561198883479728)
18.01.2020 00:29:56: 10h 55min | Donnie Turbo(76561198041233395) | Revive - civ_1(76561198883479728)
18.01.2020 00:30:03: 10h 55min | Jbo Marino[201](76561198206026112) | Deleting GroundWeaponHolder @035999..
18.01.2020 00:31:48: 10h 57min | Donnie Turbo(76561198041233395) | Deleting GroundWeaponHolder @035999..
18.01.2020 00:36:19: 11h 1min | Jbo Marino[201](76561198206026112) | HealRepairNear
18.01.2020 00:38:21: 11h 3min | Jbo Marino[201](76561198206026112) | HealRepairNear
18.01.2020 00:38:47: 11h 3min | Jbo Marino[201](76561198206026112) | SPECTATE - switchedCamera on Rogue Tjay(76561198883479728) - C_man_1
18.01.2020 00:42:59: 11h 8min | Jbo Marino[201](76561198206026112) | Added 5 heroin_processeds to Jbo Marino[201]!
18.01.2020 00:43:02: 11h 8min | Jbo Marino[201](76561198206026112) | Added 5 cocaine_processeds to Jbo Marino[201]!
18.01.2020 00:46:50: 11h 12min | Donnie Turbo(76561198041233395) | Revive - medic_3(76561198041233395)
18.01.2020 00:47:36: 11h 12min | Jbo Marino[201](76561198206026112) | Revive - civ_1(76561198883479728)
18.01.2020 00:48:40: 11h 13min | Jbo Marino[201](76561198206026112) | Revive - medic_3(76561198041233395)
18.01.2020 00:50:12: 11h 15min | Jbo Marino[201](76561198206026112) | Teleport to [3588.13,3059.14,0](GPS: 035999)
18.01.2020 01:05:11: 11h 30min | Donnie Turbo(76561198041233395) | Deleting C_Van_02_medevac_F @035999..
18.01.2020 01:07:01: 11h 32min | Donnie Turbo(76561198041233395) | Revive - medic_1(76561198206026112)
18.01.2020 01:09:24: 11h 34min | Jbo Marino[201](76561198206026112) | HealRepairNear
18.01.2020 01:09:24: 11h 34min | Jbo Marino[201](76561198206026112) | HealRepairNear
18.01.2020 01:18:38: 11h 43min | Donnie Turbo(76561198041233395) | spawning Minimi Mk3 7.62 Tactical Short (Desert) (sma_minimi_mk3_762tsb_des)
18.01.2020 01:19:07: 11h 44min | Donnie Turbo(76561198041233395) | spawning Katiba Carbine 6.5 mm (arifle_Katiba_C_F)
18.01.2020 01:20:18: 11h 45min | Donnie Turbo(76561198041233395) | Deleting GroundWeaponHolder @034999..
18.01.2020 01:32:11: 11h 57min | Jbo Marino[201](76561198206026112) | Stealth / Invisible - 1
18.01.2020 01:37:21: 12h 2min | Jbo Marino[201](76561198206026112) | Teleport to [3490.93,2994.09,0](GPS: 034999)
18.01.2020 01:37:33: 12h 2min | Jbo Marino[201](76561198206026112) | Stealth / Invisible - 0
18.01.2020 01:37:34: 12h 2min | Jbo Marino[201](76561198206026112) | Stealth / Invisible - 1
18.01.2020 01:37:38: 12h 2min | Jbo Marino[201](76561198206026112) | God Mode - 1
18.01.2020 01:42:52: 12h 8min | Donnie Turbo(76561198041233395) | Teleport to [3517.53,2992.41,0](GPS: 035999)
18.01.2020 01:46:54: 12h 12min | Jbo Marino[201](76561198206026112) | Teleport to [3906.61,3337.23,0](GPS: 039002)
18.01.2020 01:47:44: 12h 12min | Jbo Marino[201](76561198206026112) | Teleport to [3534.01,3115.76,0](GPS: 035000)
18.01.2020 01:48:58: 12h 14min | Jbo Marino[201](76561198206026112) | Move In Target Vehicle - [1K-33] R. Tjay [WEST](76561198883479728)
18.01.2020 01:58:50: 12h 24min | Jbo Marino[201](76561198206026112) | Teleport to [2039.62,3728.68,0](GPS: 020006)
18.01.2020 01:59:19: 12h 24min | Jbo Marino[201](76561198206026112) | Teleport to [3512.92,3040.87,0](GPS: 035999)
18.01.2020 02:00:52: 12h 26min | Jbo Marino[201](76561198206026112) | SPECTATE - switchedCamera on [1K-33] R. Tjay(76561198883479728) - d3s_taurus_FPI_10
18.01.2020 02:02:07: 12h 27min | Jbo Marino[201](76561198206026112) | Teleport to [3632.1,3571.83,0](GPS: 036004)
18.01.2020 02:06:31: 12h 31min | Donnie Turbo(76561198041233395) | HealRepairNear
18.01.2020 02:06:32: 12h 31min | Donnie Turbo(76561198041233395) | HealRepairNear
18.01.2020 02:10:34: 12h 35min | Donnie Turbo(76561198041233395) | HealRepairNear
18.01.2020 02:16:27: 12h 41min | Jbo Marino[201](76561198206026112) | Stealth / Invisible - 0
18.01.2020 02:16:28: 12h 41min | Jbo Marino[201](76561198206026112) | God Mode - 0
18.01.2020 03:05:25: 13h 30min | Nino Marino(76561198206026112) | unlocked - [d3s_taurus_FPI_10]
18.01.2020 03:05:51: 13h 31min | Nino Marino(76561198206026112) | locked - [d3s_taurus_FPI_10]
18.01.2020 03:08:36: 13h 33min | Nino Marino(76561198206026112) | SPECTATE - switchedCamera on alexs(76561198002867764) - C_man_1
18.01.2020 03:08:41: 13h 33min | Nino Marino(76561198206026112) | SPECTATE - switchedCamera on Rogue Tjay(76561198883479728) - C_man_1
18.01.2020 03:08:44: 13h 33min | Nino Marino(76561198206026112) | SPECTATE - switchedCamera on Dilan(76561198381615280) - d3s_actros_14
18.01.2020 03:08:50: 13h 34min | Nino Marino(76561198206026112) | SPECTATE - switchedCamera on Rogue Tjay(76561198883479728) - C_man_1
18.01.2020 03:17:34: 13h 42min | Nino Marino(76561198206026112) | Added 2 engineparts to Nino Marino!
18.01.2020 03:17:38: 13h 42min | Nino Marino(76561198206026112) | Added 2 quicksteels to Nino Marino!
18.01.2020 03:17:41: 13h 42min | Nino Marino(76561198206026112) | Added 2 engines to Nino Marino!
18.01.2020 03:17:51: 13h 43min | Nino Marino(76561198206026112) | Added 2 fueltanks to Nino Marino!
18.01.2020 03:17:54: 13h 43min | Nino Marino(76561198206026112) | Added 2 panelss to Nino Marino!
18.01.2020 03:17:56: 13h 43min | Nino Marino(76561198206026112) | Added 2 tires to Nino Marino!
18.01.2020 03:18:00: 13h 43min | Nino Marino(76561198206026112) | Added 2 bulbs to Nino Marino!
18.01.2020 03:18:04: 13h 43min | Nino Marino(76561198206026112) | Added 2 electronicss to Nino Marino!
18.01.2020 03:18:14: 13h 43min | Nino Marino(76561198206026112) | Added 2 brakepartss to Nino Marino!
18.01.2020 03:18:17: 13h 43min | Nino Marino(76561198206026112) | Added 2 glasspanels to Nino Marino!
18.01.2020 03:19:37: 13h 44min | Nino Marino(76561198206026112) | SPECTATE - switchedCamera on alexs(76561198002867764) - C_man_1
18.01.2020 03:19:44: 13h 44min | Nino Marino(76561198206026112) | SPECTATE - switchedCamera on Dilan(76561198381615280) - C_man_1
18.01.2020 03:19:50: 13h 45min | Nino Marino(76561198206026112) | SPECTATE - switchedCamera on Rogue Tjay(76561198883479728) - d3s_q50_ER_14
18.01.2020 03:23:23: 13h 48min | Nino Marino(76561198206026112) | SPECTATE - switchedCamera on Rogue Tjay(76561198883479728) - C_man_1
18.01.2020 03:23:32: 13h 48min | Nino Marino(76561198206026112) | SPECTATE - switchedCamera on alexs(76561198002867764) - C_man_1
18.01.2020 03:25:08: 13h 50min | Nino Marino(76561198206026112) | SPECTATE - switchedCamera on Rogue Tjay(76561198883479728) - C_man_1
18.01.2020 03:30:47: 13h 55min | Nino Marino(76561198206026112) | SPECTATE - switchedCamera on Dilan(76561198381615280) - C_man_1
18.01.2020 03:31:54: 13h 57min | Nino Marino(76561198206026112) | God Mode - 1
18.01.2020 03:31:55: 13h 57min | Nino Marino(76561198206026112) | Stealth / Invisible - 1
18.01.2020 03:32:03: 13h 57min | Nino Marino(76561198206026112) | Teleport - Me To Target - Dilan [CIV](76561198381615280)
18.01.2020 03:33:23: 13h 58min | Nino Marino(76561198206026112) | Teleport to [3695.45,3343.4,0](GPS: 036002)
18.01.2020 03:36:25: 14h 1min | Nino Marino(76561198206026112) | Teleport to [3600.95,4000.3,0](GPS: 036009)
18.01.2020 03:36:38: 14h 1min | Nino Marino(76561198206026112) | Stealth / Invisible - 0
18.01.2020 03:36:39: 14h 1min | Nino Marino(76561198206026112) | God Mode - 0
18.01.2020 03:41:36: 14h 6min | Nino Marino(76561198206026112) | SPECTATE - switchedCamera on Nino Marino(76561198206026112) - C_man_1
18.01.2020 03:44:03: 14h 9min | Nino Marino(76561198206026112) | spawning Cap [OPFOR] (H_Cap_brn_SPECOPS)
18.01.2020 03:44:18: 14h 9min | Nino Marino(76561198206026112) | spawning Cap (US MTP) (H_Cap_tan_specops_US)
18.01.2020 03:44:26: 14h 9min | Nino Marino(76561198206026112) | spawning Cap [AAF] (H_Cap_blk_Raven)
18.01.2020 03:47:07: 14h 12min | Nino Marino(76561198206026112) | spawning TAC SVD (BLK) (TRYK_V_tacSVD_BK)
18.01.2020 03:47:09: 14h 12min | Nino Marino(76561198206026112) | spawning TAC SVD (OD) (TRYK_V_tacSVD_OD)
18.01.2020 03:48:40: 14h 13min | Nino Marino(76561198206026112) | Deleting WeaponHolderSimulated @035999..
18.01.2020 03:50:41: 14h 15min | Nino Marino(76561198206026112) | God Mode - 1
18.01.2020 03:50:42: 14h 15min | Nino Marino(76561198206026112) | Stealth / Invisible - 1
18.01.2020 03:50:48: 14h 16min | Nino Marino(76561198206026112) | Teleport - Me To Target - Dilan [CIV](76561198381615280)
18.01.2020 03:51:29: 14h 16min | Nino Marino(76561198206026112) | Teleport to [3521.15,3029.01,0](GPS: 035999)
18.01.2020 03:51:38: 14h 16min | Nino Marino(76561198206026112) | Stealth / Invisible - 0
18.01.2020 03:51:39: 14h 16min | Nino Marino(76561198206026112) | God Mode - 0
18.01.2020 03:53:33: 14h 18min | Nino Marino(76561198206026112) | SPECTATE - switchedCamera on alexs(76561198002867764) - C_man_1
18.01.2020 03:54:01: 14h 19min | Nino Marino(76561198206026112) | SPECTATE - switchedCamera on Dilan(76561198381615280) - C_man_1
18.01.2020 03:59:48: 14h 25min | Nino Marino(76561198206026112) | Added 6 tires to Nino Marino!
18.01.2020 04:01:36: 14h 26min | Nino Marino(76561198206026112) | Added 6 tires to Nino Marino!
18.01.2020 04:21:25: 14h 46min | Nino Marino(76561198206026112) | Revive - medic_1(76561198180893505)
18.01.2020 04:21:50: 14h 47min | Nino Marino(76561198206026112) | SPECTATE - switchedCamera on alexs(76561198002867764) - d3s_actros_14
18.01.2020 04:21:54: 14h 47min | Nino Marino(76561198206026112) | SPECTATE - switchedCamera on Dilan(76561198381615280) - C_man_1
18.01.2020 04:25:04: 14h 50min | Nino Marino(76561198206026112) | SPECTATE - switchedCamera on alexs(76561198002867764) - d3s_actros_14
18.01.2020 04:32:45: 14h 57min | Nino Marino(76561198206026112) | locked - [d3s_q50_ER_14]
18.01.2020 04:32:52: 14h 58min | Nino Marino(76561198206026112) | unlocked - [d3s_charger_15_CPP]
18.01.2020 04:32:59: 14h 58min | Nino Marino(76561198206026112) | locked - [d3s_charger_15_CPP]
18.01.2020 04:40:28: 15h 5min | Nino Marino(76561198206026112) | SPECTATE - switchedCamera on alexs(76561198002867764) - C_man_1
18.01.2020 04:40:30: 15h 5min | Nino Marino(76561198206026112) | SPECTATE - switchedCamera on Dilan(76561198381615280) - d3s_actros_14
18.01.2020 04:40:39: 15h 5min | Nino Marino(76561198206026112) | SPECTATE - switchedCamera on Stanley Thompson [1K-75](76561198180893505) - EC635_ADAC
18.01.2020 04:40:43: 15h 5min | Nino Marino(76561198206026112) | SPECTATE - switchedCamera on Dilan(76561198381615280) - d3s_actros_14
18.01.2020 04:42:21: 15h 7min | Nino Marino(76561198206026112) | Added 1 etablis to Nino Marino!
18.01.2020 04:44:35: 15h 9min | Nino Marino(76561198206026112) | SPECTATE - switchedCamera on HoyoBani(76561198105940600) - C_man_1
18.01.2020 04:45:41: 15h 10min | Nino Marino(76561198206026112) | SPECTATE - switchedCamera on HoyoBani(76561198105940600) - C_man_1
18.01.2020 04:45:54: 15h 11min | Nino Marino(76561198206026112) | SPECTATE - switchedCamera on Dilan(76561198381615280) - C_man_1
18.01.2020 04:45:56: 15h 11min | Nino Marino(76561198206026112) | SPECTATE - switchedCamera on alexs(76561198002867764) - C_man_1
18.01.2020 04:45:58: 15h 11min | Nino Marino(76561198206026112) | SPECTATE - switchedCamera on Dilan(76561198381615280) - C_man_1
18.01.2020 04:46:05: 15h 11min | Nino Marino(76561198206026112) | SPECTATE - switchedCamera on HoyoBani(76561198105940600) - C_man_1
18.01.2020 04:46:31: 15h 11min | Nino Marino(76561198206026112) | SPECTATE - switchedCamera on Stanley Thompson [1K-75](76561198180893505) - d3s_charger_15_EMS
18.01.2020 04:49:15: 15h 14min | Nino Marino(76561198206026112) | SPECTATE - switchedCamera on Dilan(76561198381615280) - C_man_1
18.01.2020 04:49:23: 15h 14min | Nino Marino(76561198206026112) | SPECTATE - switchedCamera on alexs(76561198002867764) - d3s_actros_14
18.01.2020 04:49:29: 15h 14min | Nino Marino(76561198206026112) | SPECTATE - switchedCamera on HoyoBani(76561198105940600) - C_man_1
18.01.2020 04:49:56: 15h 15min | Nino Marino(76561198206026112) | SPECTATE - switchedCamera on Dilan(76561198381615280) - C_man_1
18.01.2020 04:50:02: 15h 15min | Nino Marino(76561198206026112) | SPECTATE - switchedCamera on Stanley Thompson [1K-75](76561198180893505) - d3s_charger_15_EMS
18.01.2020 04:50:07: 15h 15min | Nino Marino(76561198206026112) | SPECTATE - switchedCamera on alexs(76561198002867764) - d3s_actros_14
18.01.2020 04:50:08: 15h 15min | Nino Marino(76561198206026112) | SPECTATE - switchedCamera on Dilan(76561198381615280) - C_man_1
18.01.2020 04:50:12: 15h 15min | Nino Marino(76561198206026112) | SPECTATE - switchedCamera on HoyoBani(76561198105940600) - C_man_1
18.01.2020 04:53:04: 15h 18min | Boyevik Butch-Mac Volkev(76561198089960350) | Teleport - Me To Target - HoyoBani [CIV](76561198105940600)
18.01.2020 04:55:13: 15h 20min | Boyevik Butch-Mac Volkev(76561198089960350) | infiSTAR MapIcons - 1
18.01.2020 04:56:24: 15h 21min | Boyevik Butch-Mac Volkev(76561198089960350) | 100K Cash
18.01.2020 04:59:37: 15h 24min | Boyevik Butch-Mac Volkev(76561198089960350) | UnlimAmmo - 1
18.01.2020 05:01:55: 15h 27min | Nino Marino(76561198206026112) | SPECTATE - switchedCamera on HoyoBani(76561198105940600) - C_man_1
18.01.2020 05:01:58: 15h 27min | Nino Marino(76561198206026112) | SPECTATE - switchedCamera on Boyevik Butch-Mac Volkev(76561198089960350) - C_man_1
18.01.2020 05:02:26: 15h 27min | Nino Marino(76561198206026112) | God Mode - 1
18.01.2020 05:02:27: 15h 27min | Nino Marino(76561198206026112) | Stealth / Invisible - 1
18.01.2020 05:02:36: 15h 27min | Nino Marino(76561198206026112) | Teleport to [3552.61,3115.43,0](GPS: 035000)
18.01.2020 05:09:12: 15h 34min | Nino Marino(76561198206026112) | Teleport to [3645.33,3342.61,0](GPS: 036002)
18.01.2020 05:09:22: 15h 34min | Nino Marino(76561198206026112) | God Mode - 0
18.01.2020 05:09:23: 15h 34min | Nino Marino(76561198206026112) | Stealth / Invisible - 0
18.01.2020 05:10:49: 15h 36min | Nino Marino(76561198206026112) | SPECTATE - switchedCamera on Alexander.Rios(76561198037915534) - B_RangeMaster_F
18.01.2020 05:11:39: 15h 36min | Nino Marino(76561198206026112) | Stealth / Invisible - 1
18.01.2020 05:11:39: 15h 36min | Nino Marino(76561198206026112) | God Mode - 1
18.01.2020 05:11:46: 15h 36min | Nino Marino(76561198206026112) | Teleport to [3839.73,3281.29,0](GPS: 038002)
18.01.2020 05:14:28: 15h 39min | Nino Marino(76561198206026112) | Teleport to [3635.76,3333.93,0](GPS: 036002)
18.01.2020 05:14:41: 15h 39min | Nino Marino(76561198206026112) | God Mode - 0
18.01.2020 05:14:42: 15h 39min | Nino Marino(76561198206026112) | Stealth / Invisible - 0
18.01.2020 05:25:56: 15h 51min | Nino Marino(76561198206026112) | SPECTATE - switchedCamera on Stanley Thompson [1K-75](76561198180893505) - d3s_explorer_EMS_13
18.01.2020 05:26:42: 15h 51min | Boyevik Butch-Mac Volkev(76561198089960350) | HealRepairNear
18.01.2020 05:34:30: 15h 59min | Nino Marino(76561198206026112) | SPECTATE - switchedCamera on Alexander.Rios(76561198037915534) - B_RangeMaster_F
18.01.2020 05:34:55: 15h 60min | Nino Marino(76561198206026112) | SPECTATE - switchedCamera on Boyevik Butch-Mac Volkev(76561198089960350) - C_man_1
18.01.2020 05:39:54: 16h 5min | Nino Marino(76561198206026112) | SPECTATE - switchedCamera on HoyoBani(76561198105940600) - C_man_1
18.01.2020 05:40:00: 16h 5min | Nino Marino(76561198206026112) | SPECTATE - switchedCamera on Alexander.Rios(76561198037915534) - B_RangeMaster_F
18.01.2020 05:40:01: 16h 5min | Nino Marino(76561198206026112) | SPECTATE - switchedCamera on Boyevik Butch-Mac Volkev(76561198089960350) - C_man_1
18.01.2020 05:40:05: 16h 5min | Nino Marino(76561198206026112) | SPECTATE - switchedCamera on Alexander.Rios(76561198037915534) - B_RangeMaster_F
18.01.2020 05:40:10: 16h 5min | Boyevik Butch-Mac Volkev(76561198089960350) | HealRepairNear
18.01.2020 05:40:15: 16h 5min | Nino Marino(76561198206026112) | SPECTATE - switchedCamera on Boyevik Butch-Mac Volkev(76561198089960350) - C_man_1
18.01.2020 05:40:35: 16h 5min | Nino Marino(76561198206026112) | SPECTATE - switchedCamera on Stanley Thompson [1K-75](76561198180893505) - d3s_explorer_EMS_13
18.01.2020 05:40:42: 16h 5min | Nino Marino(76561198206026112) | God Mode - 1
18.01.2020 05:40:43: 16h 5min | Nino Marino(76561198206026112) | Stealth / Invisible - 1
18.01.2020 05:40:56: 16h 6min | Nino Marino(76561198206026112) | Teleport to [2761.32,4580.41,0](GPS: 027015)
18.01.2020 05:41:52: 16h 7min | Boyevik Butch-Mac Volkev(76561198089960350) | Added 1 blastingcharges to Boyevik Butch-Mac Volkev!
18.01.2020 05:42:13: 16h 7min | Boyevik Butch-Mac Volkev(76561198089960350) | Added 1 blastingcharges to Boyevik Butch-Mac Volkev!
18.01.2020 05:42:20: 16h 7min | Boyevik Butch-Mac Volkev(76561198089960350) | Teleport to [2780.03,4581.76,0](GPS: 027015)
18.01.2020 05:43:05: 16h 8min | Boyevik Butch-Mac Volkev(76561198089960350) | Added 1 boltcutters to Boyevik Butch-Mac Volkev!
18.01.2020 05:43:18: 16h 8min | Nino Marino(76561198206026112) | Added 1 boltcutters to Nino Marino!
18.01.2020 05:43:27: 16h 8min | Nino Marino(76561198206026112) | Added 1 blastingcharges to Nino Marino!
18.01.2020 05:43:33: 16h 8min | Nino Marino(76561198206026112) | SPECTATE - switchedCamera on Nino Marino(76561198206026112) - C_man_1
18.01.2020 05:43:40: 16h 8min | Nino Marino(76561198206026112) | Stealth / Invisible - 0
18.01.2020 05:43:41: 16h 8min | Nino Marino(76561198206026112) | God Mode - 0
18.01.2020 05:43:48: 16h 9min | Boyevik Butch-Mac Volkev(76561198089960350) | Teleport to [2872.7,4619.94,0](GPS: 028015)
18.01.2020 05:43:56: 16h 9min | Boyevik Butch-Mac Volkev(76561198089960350) | Teleport - Target To Me - HoyoBani [CIV](76561198105940600)
18.01.2020 05:43:56: 16h 9min | Boyevik Butch-Mac Volkev(76561198089960350) | Teleport - Target To Me - HoyoBani [CIV](76561198105940600)
18.01.2020 05:43:58: 16h 9min | Boyevik Butch-Mac Volkev(76561198089960350) | Teleport - Target To Me - Nino Marino [CIV](76561198206026112)
18.01.2020 05:43:58: 16h 9min | Boyevik Butch-Mac Volkev(76561198089960350) | Teleport - Target To Me - Nino Marino [CIV](76561198206026112)
18.01.2020 05:43:59: 16h 9min | Nino Marino(76561198206026112) | Teleport - Me To Target - Boyevik Butch-Mac Volkev [CIV](76561198089960350)
18.01.2020 05:45:51: 16h 11min | Nino Marino(76561198206026112) | Stealth / Invisible - 1
18.01.2020 05:46:01: 16h 11min | Nino Marino(76561198206026112) | Stealth / Invisible - 0
18.01.2020 05:46:30: 16h 11min | Nino Marino(76561198206026112) | Teleport to [2773.93,4580.79,0](GPS: 027015)
18.01.2020 05:47:48: 16h 13min | Boyevik Butch-Mac Volkev(76561198089960350) | Parachute Target - HoyoBani [CIV](76561198105940600)
18.01.2020 05:48:01: 16h 13min | Boyevik Butch-Mac Volkev(76561198089960350) | Parachute Target - HoyoBani [CIV](76561198105940600)
18.01.2020 05:48:11: 16h 13min | Boyevik Butch-Mac Volkev(76561198089960350) | SPECTATE - switchedCamera on HoyoBani(76561198105940600) - d3s_explorer_EMS_13
18.01.2020 05:48:12: 16h 13min | Boyevik Butch-Mac Volkev(76561198089960350) | Parachute Target - HoyoBani [CIV](76561198105940600)
18.01.2020 05:48:29: 16h 13min | Boyevik Butch-Mac Volkev(76561198089960350) | Eject - HoyoBani [CIV](76561198105940600)
18.01.2020 05:48:37: 16h 13min | Boyevik Butch-Mac Volkev(76561198089960350) | Revive - civ_1(76561198105940600)
18.01.2020 05:54:38: 16h 19min | Boyevik Butch-Mac Volkev(76561198089960350) | Revive - civ_4(76561198206026112)
18.01.2020 05:55:38: 16h 20min | Nino Marino(76561198206026112) | Revive - civ_1(76561198105940600)
18.01.2020 05:56:00: 16h 21min | Nino Marino(76561198206026112) | Revive - civ_4(76561198206026112)
18.01.2020 05:58:48: 16h 24min | Nino Marino(76561198206026112) | Added 1 toolkits to Nino Marino!
18.01.2020 06:00:17: 16h 25min | Nino Marino(76561198206026112) | Added 2 glasspanels to Nino Marino!
18.01.2020 06:08:20: 16h 33min | Boyevik Butch-Mac Volkev(76561198089960350) | HealRepairNear
18.01.2020 06:09:28: 16h 34min | Nino Marino(76561198206026112) | Stealth / Invisible - 1
18.01.2020 06:09:29: 16h 34min | Nino Marino(76561198206026112) | God Mode - 1
18.01.2020 06:09:38: 16h 34min | Nino Marino(76561198206026112) | Move In Target Vehicle - HoyoBani [CIV](76561198105940600)
18.01.2020 06:10:36: 16h 35min | Boyevik Butch-Mac Volkev(76561198089960350) | Revive - civ_1(76561198105940600)
18.01.2020 06:10:48: 16h 36min | Boyevik Butch-Mac Volkev(76561198089960350) | HealRepairNear
18.01.2020 06:11:29: 16h 36min | Boyevik Butch-Mac Volkev(76561198089960350) | Teleport - Target To Me - HoyoBani [CIV](76561198105940600)
18.01.2020 06:16:12: 16h 41min | Nino Marino(76561198206026112) | unlocked - [d3s_taurus_FPI_10]
18.01.2020 06:16:33: 16h 41min | Boyevik Butch-Mac Volkev(76561198089960350) | God Mode - 1
18.01.2020 06:17:26: 16h 42min | Nino Marino(76561198206026112) | SPECTATE - switchedCamera on Boyevik Butch-Mac Volkev(76561198089960350) - C_man_1
18.01.2020 06:17:37: 16h 42min | Boyevik Butch-Mac Volkev(76561198089960350) | noRecoil - 1
18.01.2020 06:18:16: 16h 43min | Boyevik Butch-Mac Volkev(76561198089960350) | infiSTAR Player ESP 1 - 1
18.01.2020 06:18:43: 16h 43min | Boyevik Butch-Mac Volkev(76561198089960350) | HealRepairNear
18.01.2020 06:19:09: 16h 44min | Nino Marino(76561198206026112) | locked - [d3s_taurus_FPI_10]
18.01.2020 06:19:39: 16h 44min | Nino Marino(76561198206026112) | locked - [d3s_explorer_EMS_13]
18.01.2020 06:20:13: 16h 45min | Nino Marino(76561198206026112) | unlocked - [d3s_taurus_FPI_10]
18.01.2020 06:20:15: 16h 45min | Nino Marino(76561198206026112) | locked - [d3s_taurus_FPI_10]
18.01.2020 06:20:29: 16h 45min | Boyevik Butch-Mac Volkev(76561198089960350) | God Mode - 0
18.01.2020 06:21:21: 16h 46min | Nino Marino(76561198206026112) | unlocked - [d3s_taurus_FPI_10]
18.01.2020 06:22:47: 16h 47min | Boyevik Butch-Mac Volkev(76561198089960350) | locked - [B_RangeMaster_F]
18.01.2020 06:22:47: 16h 48min | Boyevik Butch-Mac Volkev(76561198089960350) | locked - [B_RangeMaster_F]
18.01.2020 06:22:47: 16h 48min | Boyevik Butch-Mac Volkev(76561198089960350) | locked - [B_RangeMaster_F]
18.01.2020 06:22:47: 16h 48min | Boyevik Butch-Mac Volkev(76561198089960350) | locked - [B_RangeMaster_F]
18.01.2020 06:27:17: 16h 52min | Boyevik Butch-Mac Volkev(76561198089960350) | HealRepairNear
18.01.2020 06:31:11: 16h 56min | Boyevik Butch-Mac Volkev(76561198089960350) | spawning C4-BOM (pop_c4_bomba)
18.01.2020 06:31:11: 16h 56min | Boyevik Butch-Mac Volkev(76561198089960350) | spawning C4-BOM (pop_c4_bomba)
18.01.2020 06:31:12: 16h 56min | Boyevik Butch-Mac Volkev(76561198089960350) | spawning C4-BOM (pop_c4_bomba)
18.01.2020 06:31:12: 16h 56min | Boyevik Butch-Mac Volkev(76561198089960350) | spawning C4-BOM (pop_c4_bomba)
18.01.2020 06:31:13: 16h 56min | Boyevik Butch-Mac Volkev(76561198089960350) | spawning C4-BOM (pop_c4_bomba)
18.01.2020 06:31:38: 16h 56min | Boyevik Butch-Mac Volkev(76561198089960350) | spawning C4-BOM (pop_c4_bomba)
18.01.2020 06:31:39: 16h 56min | Boyevik Butch-Mac Volkev(76561198089960350) | spawning C4-OP (pop_c4)
18.01.2020 06:31:56: 16h 57min | Boyevik Butch-Mac Volkev(76561198089960350) | 50K Cash
18.01.2020 06:32:07: 16h 57min | Boyevik Butch-Mac Volkev(76561198089960350) | Teleport to [3524.66,3022.9,0](GPS: 035999)
18.01.2020 06:32:19: 16h 57min | Boyevik Butch-Mac Volkev(76561198089960350) | Teleport to [2782.75,4580.11,0](GPS: 027015)
18.01.2020 06:32:31: 16h 57min | Boyevik Butch-Mac Volkev(76561198089960350) | spawning C4-BOM (pop_c4_bomba)
18.01.2020 06:32:49: 16h 58min | Boyevik Butch-Mac Volkev(76561198089960350) | Teleport to [3126.29,5077.78,0](GPS: 031020)
18.01.2020 06:32:55: 16h 58min | Boyevik Butch-Mac Volkev(76561198089960350) | Teleport In Facing Direction (10m steps) - 1
18.01.2020 06:33:03: 16h 58min | Boyevik Butch-Mac Volkev(76561198089960350) | 100K Cash
18.01.2020 06:33:10: 16h 58min | Boyevik Butch-Mac Volkev(76561198089960350) | Teleport to [2781.01,4580.18,0](GPS: 027015)
18.01.2020 06:33:25: 16h 58min | Boyevik Butch-Mac Volkev(76561198089960350) | spawning C4-BOM (pop_c4_bomba)
18.01.2020 06:33:25: 16h 58min | Boyevik Butch-Mac Volkev(76561198089960350) | spawning C4-OP (pop_c4)
18.01.2020 06:33:42: 16h 58min | Boyevik Butch-Mac Volkev(76561198089960350) | Teleport to [3448.21,3202.77,0](GPS: 034001)
18.01.2020 06:33:56: 16h 59min | Boyevik Butch-Mac Volkev(76561198089960350) | God Mode - 1
18.01.2020 06:34:36: 16h 59min | Boyevik Butch-Mac Volkev(76561198089960350) | Revive - medic_1(76561198180893505)
18.01.2020 06:34:58: 16h 60min | Boyevik Butch-Mac Volkev(76561198089960350) | Deleting d3s_explorer_EMS_13 @035000..
18.01.2020 06:35:17: 16h 60min | Boyevik Butch-Mac Volkev(76561198089960350) | Teleport to [2447.81,4360.21,0](GPS: 024012)
