17.01.2020 00:06:57: 14h 27min | Donnie Turbo(76561198041233395) | spawning HARLEY DAVIDSON KNUCKLEHEAD Brosser Gris (V12_HARLEYKNUCKLEHEAD_BrosserG)
17.01.2020 00:08:03: 14h 29min | Donnie Turbo(76561198041233395) | spawning HARLEY DAVIDSON CUSTOM BOBBER Noir Metalliser (V12_HARLEYBOBBER_noir)
17.01.2020 00:08:16: 14h 29min | Donnie Turbo(76561198041233395) | Deleting V12_HARLEYBOBBER_noir @035000..
17.01.2020 00:24:26: 14h 45min | Donnie Turbo(76561198041233395) | Deleting V12_HARLEYKNUCKLEHEAD_BrosserG @035000..
17.01.2020 00:29:39: 14h 50min | Donnie Turbo(76561198041233395) | Teleport to [1985.92,4229.83,0](GPS: 019011)
17.01.2020 00:32:09: 14h 53min | Donnie Turbo(76561198041233395) | Teleport to [5574.64,4343.87,0](GPS: 055012)
17.01.2020 00:36:35: 14h 57min | Donnie Turbo(76561198041233395) | Teleport to [1962.75,4182.5,0](GPS: 019011)
17.01.2020 00:38:13: 14h 59min | Donnie Turbo(76561198041233395) | Teleport to [1971.54,4244.63,0](GPS: 019011)
17.01.2020 00:44:10: 15h 5min | Donnie Turbo(76561198041233395) | Teleport to [5548.34,4330,0](GPS: 055012)
17.01.2020 00:44:59: 15h 5min | Donnie Turbo(76561198041233395) | spawning SDAR 5.56 mm (arifle_SDAR_F)
17.01.2020 00:46:22: 15h 7min | Donnie Turbo(76561198041233395) | Deleting WeaponHolderSimulated @055012..
17.01.2020 00:46:37: 15h 7min | Donnie Turbo(76561198041233395) | Teleport to [6988.76,4844.18,0](GPS: 069017)
17.01.2020 00:47:25: 15h 8min | Donnie Turbo(76561198041233395) | UnlimAmmo - 1
17.01.2020 00:57:00: 15h 17min | Donnie Turbo(76561198041233395) | Teleport to [1975.77,4164.57,0](GPS: 019010)
17.01.2020 00:59:21: 15h 20min | Donnie Turbo(76561198041233395) | Teleport to [5931.02,2539,0](GPS: 059994)
17.01.2020 01:00:15: 15h 21min | Donnie Turbo(76561198041233395) | Teleport to [7069.94,4923.04,0](GPS: 070018)
17.01.2020 01:03:49: 15h 24min | Donnie Turbo(76561198041233395) | UnlimAmmo - 1
17.01.2020 01:06:45: 15h 27min | Jbo Marino[201](76561198206026112) | Deleting GroundWeaponHolder @035999..
17.01.2020 01:11:12: 15h 32min | Jbo Marino[201](76561198206026112) | SPECTATE - switchedCamera on Donnie Turbo(76561198041233395) - C_man_1
17.01.2020 01:12:43: 15h 33min | Donnie Turbo(76561198041233395) | Teleport to [5952.03,2590.67,0](GPS: 059995)
17.01.2020 01:13:10: 15h 34min | Donnie Turbo(76561198041233395) | Deleting GroundWeaponHolder @059995..
17.01.2020 01:13:30: 15h 34min | Jbo Marino[201](76561198206026112) | Teleport to [5922.2,2524.53,0](GPS: 059994)
17.01.2020 01:15:46: 15h 36min | Jbo Marino[201](76561198206026112) | Teleport to [4010.25,2420.69,0](GPS: 040993)
17.01.2020 01:15:55: 15h 36min | Donnie Turbo(76561198041233395) | Teleport to [1971.29,4244.98,0](GPS: 019011)
17.01.2020 01:15:56: 15h 36min | Jbo Marino[201](76561198206026112) | Teleport to [4247.27,2380.31,0](GPS: 042993)
17.01.2020 01:16:19: 15h 37min | Jbo Marino[201](76561198206026112) | SPECTATE - switchedCamera on Donnie Turbo(76561198041233395) - C_man_1
17.01.2020 01:16:43: 15h 37min | Donnie Turbo(76561198041233395) | Teleport to [4011,2412.19,0](GPS: 040993)
17.01.2020 01:17:07: 15h 38min | Donnie Turbo(76561198041233395) | Teleport to [4040.39,2471.04,0](GPS: 040993)
17.01.2020 01:17:19: 15h 38min | Jbo Marino[201](76561198206026112) | SPECTATE - switchedCamera on Donnie Turbo(76561198041233395) - C_man_1
17.01.2020 01:20:01: 15h 40min | Donnie Turbo(76561198041233395) | Teleport to [3145.72,5107.48,0](GPS: 031020)
17.01.2020 01:20:09: 15h 41min | Jbo Marino[201](76561198206026112) | Teleport - Me To Target - Donnie Turbo [CIV](76561198041233395)
17.01.2020 01:20:54: 15h 41min | Jbo Marino[201](76561198206026112) | spawning XXXX Gold Stubbie (snb_4xGold)
17.01.2020 01:20:55: 15h 41min | Jbo Marino[201](76561198206026112) | spawning Carlton Draught Stubbie (CarltonDraught)
17.01.2020 01:20:57: 15h 41min | Jbo Marino[201](76561198206026112) | spawning VB Can (VBCan)
17.01.2020 01:20:59: 15h 41min | Jbo Marino[201](76561198206026112) | spawning Jim Bean Can (Jimbeam)
17.01.2020 01:21:34: 15h 42min | Jbo Marino[201](76561198206026112) | spawning Survivor Knife (Max_survivor_knife)
17.01.2020 01:30:48: 15h 51min | Jbo Marino[201](76561198206026112) | Added 3 waterBottles to Jbo Marino[201]!
17.01.2020 01:30:51: 15h 51min | Jbo Marino[201](76561198206026112) | Added 3 tbacons to Jbo Marino[201]!
17.01.2020 01:38:15: 15h 59min | Jbo Marino[201](76561198206026112) | spawning Cama desmontada (pop_cama_inv)
17.01.2020 01:38:26: 15h 59min | Jbo Marino[201](76561198206026112) | spawning Tarjeta visa oro (pop_creditcard)
17.01.2020 01:38:44: 15h 59min | Jbo Marino[201](76561198206026112) | spawning Efedrina (200g) (pop_efedrina_b)
17.01.2020 01:38:45: 15h 59min | Jbo Marino[201](76561198206026112) | spawning coca (200g) (pop_coca_b)
17.01.2020 01:38:47: 15h 59min | Jbo Marino[201](76561198206026112) | spawning opio (200g)  (pop_opio_b)
17.01.2020 01:38:48: 15h 59min | Jbo Marino[201](76561198206026112) | spawning cannabis (200g) (pop_cannabis_b)
17.01.2020 01:38:54: 15h 59min | Jbo Marino[201](76561198206026112) | spawning Metanfetamina (200g) (pop_meta_b)
17.01.2020 01:39:56: 16h 0min | Jbo Marino[201](76561198206026112) | spawning Kit Csi (pop_csi)
17.01.2020 01:39:59: 16h 0min | Jbo Marino[201](76561198206026112) | spawning Diamante (pop_diamante)
17.01.2020 01:40:05: 16h 1min | Jbo Marino[201](76561198206026112) | spawning Test de drogas (pop_drogotest)
17.01.2020 01:40:06: 16h 1min | Jbo Marino[201](76561198206026112) | spawning Metadona (pop_metadona)
17.01.2020 01:40:07: 16h 1min | Jbo Marino[201](76561198206026112) | spawning Metadona (pop_metadona)
17.01.2020 01:40:12: 16h 1min | Jbo Marino[201](76561198206026112) | spawning esposas (pop_esposas)
17.01.2020 01:40:17: 16h 1min | Jbo Marino[201](76561198206026112) | spawning Fardo de marihuana (1Kg) (pop_marihuana_f)
17.01.2020 01:40:19: 16h 1min | Jbo Marino[201](76561198206026112) | spawning Fardo de Cocaina (1Kg) (pop_cocaina_f)
17.01.2020 01:41:00: 16h 1min | Jbo Marino[201](76561198206026112) | spawning Pala (pop_pala)
17.01.2020 01:42:08: 16h 3min | Jbo Marino[201](76561198206026112) | Deleting GroundWeaponHolder @032020..
17.01.2020 01:42:16: 16h 3min | Jbo Marino[201](76561198206026112) | Teleport to [3516.14,3036.26,0](GPS: 035999)
17.01.2020 01:42:19: 16h 3min | Donnie Turbo(76561198041233395) | Teleport to [3481.16,3001.05,0](GPS: 034999)
17.01.2020 01:44:03: 16h 5min | Jbo Marino[201](76561198206026112) | Revive - civ_3(76561198041233395)
17.01.2020 01:54:05: 16h 15min | Jbo Marino[201](76561198206026112) | Deleting Donnie Turbo(76561198041233395) vehicle: C_man_1 @035999..
17.01.2020 01:54:10: 16h 15min | Jbo Marino[201](76561198206026112) | Deleting Land_Stretcher_01_F @035999..
17.01.2020 01:55:41: 16h 16min | Donnie Turbo(76561198041233395) | Revive - medic_1(76561198206026112)
17.01.2020 01:57:42: 16h 18min | Jbo Marino[201](76561198206026112) | Unrestrain - civ_2(76561198041233395)
17.01.2020 01:57:45: 16h 18min | Jbo Marino[201](76561198206026112) | Unrestrain - civ_2(76561198041233395)
17.01.2020 01:58:00: 16h 18min | Jbo Marino[201](76561198206026112) | Teleport - Target To Me - Donnie Turbo [CIV](76561198041233395)
17.01.2020 01:58:13: 16h 19min | Jbo Marino[201](76561198206026112) | Deleting Land_Stretcher_01_F @035999..
17.01.2020 02:07:11: 16h 28min | Donnie Turbo(76561198041233395) | Added 10 lockpicks to Donnie Turbo!
17.01.2020 02:17:05: 16h 38min | Donnie Turbo(76561198041233395) | Heal - civ_2(76561198041233395)
17.01.2020 02:17:12: 16h 38min | Donnie Turbo(76561198041233395) | UnlimAmmo - 1
17.01.2020 02:17:47: 16h 38min | Donnie Turbo(76561198041233395) | Revive - medic_1(76561198206026112)
17.01.2020 02:18:14: 16h 39min | Jbo Marino[201](76561198206026112) | Added 1 defibrillators to Donnie Turbo!
17.01.2020 02:18:16: 16h 39min | Jbo Marino[201](76561198206026112) | Added 1 toolkits to Donnie Turbo!
17.01.2020 02:18:27: 16h 39min | Jbo Marino[201](76561198206026112) | Added 1 cocaine_processeds to Donnie Turbo!
17.01.2020 02:18:29: 16h 39min | Jbo Marino[201](76561198206026112) | Added 1 waterBottles to Donnie Turbo!
17.01.2020 02:18:29: 16h 39min | Jbo Marino[201](76561198206026112) | Added 1 waterBottles to Donnie Turbo!
17.01.2020 02:18:34: 16h 39min | Jbo Marino[201](76561198206026112) | Added 1 tbacons to Donnie Turbo!
17.01.2020 02:18:34: 16h 39min | Jbo Marino[201](76561198206026112) | Added 1 tbacons to Donnie Turbo!
17.01.2020 02:19:29: 16h 40min | Jbo Marino[201](76561198206026112) | Deleting Land_Stretcher_01_F @035999..
17.01.2020 02:22:30: 16h 43min | Jbo Marino[201](76561198206026112) | Teleport to [3515.95,3035.59,0](GPS: 035999)
17.01.2020 02:23:27: 16h 44min | Jbo Marino[201](76561198206026112) | spawning BMW M5 Unmarked(F10)'14 GOV 2 (d3s_amazing_f10_12_UNM_GOV2)
17.01.2020 02:24:37: 16h 45min | Donnie Turbo(76561198041233395) | Heal - civ_2(76561198041233395)
17.01.2020 02:25:16: 16h 46min | Jbo Marino[201](76561198206026112) | HealRepairNear
17.01.2020 02:25:18: 16h 46min | Jbo Marino[201](76561198206026112) | HealRepairNear
17.01.2020 02:25:35: 16h 46min | Jbo Marino[201](76561198206026112) | HealRepairNear
17.01.2020 02:25:36: 16h 46min | Jbo Marino[201](76561198206026112) | HealRepairNear
17.01.2020 02:26:14: 16h 47min | Jbo Marino[201](76561198206026112) | HealRepairNear
17.01.2020 02:26:14: 16h 47min | Jbo Marino[201](76561198206026112) | HealRepairNear
17.01.2020 02:26:23: 16h 47min | Jbo Marino[201](76561198206026112) | HealRepairNear
17.01.2020 02:26:24: 16h 47min | Jbo Marino[201](76561198206026112) | HealRepairNear
17.01.2020 02:27:34: 16h 48min | Jbo Marino[201](76561198206026112) | Deleting d3s_amazing_f10_12_UNM_GOV2 @029001..
17.01.2020 02:27:50: 16h 48min | Jbo Marino[201](76561198206026112) | spawning Nissan Skyline GT-R Mine's (R34)'02 (d3s_skyline_02_M)
17.01.2020 02:27:53: 16h 48min | Jbo Marino[201](76561198206026112) | spawning Nissan Skyline GT-R V-Spec II (R34)'02 (d3s_skyline_02_V)
17.01.2020 02:27:54: 16h 48min | Jbo Marino[201](76561198206026112) | spawning Nissan Skyline GT-R (R34)'02 (d3s_skyline_02)
17.01.2020 02:28:13: 16h 49min | Jbo Marino[201](76561198206026112) | Deleting d3s_skyline_02_V @029001..
17.01.2020 02:28:17: 16h 49min | Jbo Marino[201](76561198206026112) | Deleting d3s_skyline_02 @029001..
17.01.2020 02:30:52: 16h 51min | Jbo Marino[201](76561198206026112) | Deleting d3s_skyline_02_M @035996..
17.01.2020 02:31:07: 16h 52min | Jbo Marino[201](76561198206026112) | spawning CRF 450 SUPERMOTARD  Vert (V12_CRF450S_civ_Vert)
17.01.2020 02:31:08: 16h 52min | Jbo Marino[201](76561198206026112) | spawning CRF 450 SUPERMOTARD  Orange (V12_CRF450S_civ_Orange)
17.01.2020 02:31:08: 16h 52min | Jbo Marino[201](76561198206026112) | spawning CRF 450 SUPERMOTARD  Jaune (V12_CRF450S_civ_yellow)
17.01.2020 02:31:09: 16h 52min | Jbo Marino[201](76561198206026112) | spawning CRF 450 SUPERMOTARD  Gris (V12_CRF450S_civ_gris)
17.01.2020 02:31:10: 16h 52min | Jbo Marino[201](76561198206026112) | spawning CRF 450 SUPERMOTARD  Noir (V12_CRF450S_civ_noir)
17.01.2020 02:31:11: 16h 52min | Jbo Marino[201](76561198206026112) | spawning CRF 450 SUPERMOTARD  Bleu (V12_CRF450S_civ_bleu)
17.01.2020 02:31:51: 16h 52min | Jbo Marino[201](76561198206026112) | spawning BMW M2 ''Edition Black Shadow''18  (d3s_f87_18_EX)
17.01.2020 02:31:53: 16h 52min | Jbo Marino[201](76561198206026112) | spawning BMW M2 (F87) M Performance'17 (d3s_f87_17_EX)
17.01.2020 02:31:54: 16h 52min | Jbo Marino[201](76561198206026112) | spawning BMW AC Schnitzer M2 (F87)'16 (d3s_f87_17_ACH)
17.01.2020 02:31:56: 16h 52min | Jbo Marino[201](76561198206026112) | spawning BMW M2 Competition (F87)'18 (d3s_f87_18_m)
17.01.2020 02:31:58: 16h 52min | Jbo Marino[201](76561198206026112) | spawning BMW M2 (F87)'17 (d3s_f87_17_m)
17.01.2020 02:31:59: 16h 52min | Jbo Marino[201](76561198206026112) | spawning BMW 230i (F22) M Sport'17 (d3s_f87_17_sport)
17.01.2020 02:31:59: 16h 52min | Jbo Marino[201](76561198206026112) | spawning BMW 220i (F22)'17 (d3s_f87_17)
17.01.2020 02:32:00: 16h 52min | Jbo Marino[201](76561198206026112) | spawning Vorsteiner BMW M3 (F80)'14 VFS5 (d3s_f80_14_EX3)
17.01.2020 02:32:12: 16h 53min | Jbo Marino[201](76561198206026112) | Deleting d3s_f87_18_m @035996..
17.01.2020 02:32:15: 16h 53min | Jbo Marino[201](76561198206026112) | Deleting d3s_f87_18_EX @035996..
17.01.2020 02:32:17: 16h 53min | Jbo Marino[201](76561198206026112) | Deleting d3s_f87_17_EX @035996..
17.01.2020 02:32:19: 16h 53min | Jbo Marino[201](76561198206026112) | Deleting d3s_f87_17_ACH @035996..
17.01.2020 02:32:20: 16h 53min | Jbo Marino[201](76561198206026112) | Deleting d3s_f87_17 @035996..
17.01.2020 02:32:23: 16h 53min | Jbo Marino[201](76561198206026112) | Deleting d3s_f87_17_sport @035996..
17.01.2020 02:32:28: 16h 53min | Jbo Marino[201](76561198206026112) | Deleting d3s_f87_17_m @035996..
17.01.2020 02:33:34: 16h 54min | Jbo Marino[201](76561198206026112) | Deleting d3s_f80_14_EX3 @038002..
17.01.2020 02:34:27: 16h 55min | Donnie Turbo(76561198041233395) | HealRepairNear
17.01.2020 02:34:28: 16h 55min | Donnie Turbo(76561198041233395) | HealRepairNear
17.01.2020 02:41:53: 17h 2min | Jbo Marino[201](76561198206026112) | Teleport - Target To Me - Zander Marino [WEST](76561198180893505)
17.01.2020 02:45:08: 17h 6min | Jbo Marino[201](76561198206026112) | Revive - medic_1(76561198206026112)
17.01.2020 02:45:45: 17h 6min | Donnie Turbo(76561198041233395) | Revive - cop_1(76561198180893505)
17.01.2020 02:48:31: 17h 9min | Jbo Marino[201](76561198206026112) | Teleport to [3664.97,3300.97,0](GPS: 036002)
17.01.2020 02:50:12: 17h 11min | Jbo Marino[201](76561198206026112) | Teleport to [3514.4,3034.52,0](GPS: 035999)
17.01.2020 02:55:30: 17h 16min | Donnie Turbo(76561198041233395) | Revive - cop_1(76561198180893505)
17.01.2020 02:56:18: 17h 17min | Jbo Marino[201](76561198206026112) | SPECTATE - switchedCamera on Donnie Turbo(76561198041233395) - C_man_1
17.01.2020 02:56:21: 17h 17min | Jbo Marino[201](76561198206026112) | SPECTATE - switchedCamera on Zander Marino(76561198180893505) - B_RangeMaster_F
17.01.2020 03:00:11: 17h 21min | Donnie Turbo(76561198041233395) | Unrestrain - civ_2(76561198041233395)
17.01.2020 03:01:10: 17h 22min | Jbo Marino[201](76561198206026112) | Revive - medic_1(76561198206026112)
17.01.2020 03:01:35: 17h 22min | Jbo Marino[201](76561198206026112) | Revive - civ_2(76561198041233395)
17.01.2020 03:01:43: 17h 22min | Jbo Marino[201](76561198206026112) | Revive - cop_1(76561198180893505)
17.01.2020 03:02:15: 17h 23min | Jbo Marino[201](76561198206026112) | God Mode - 1
17.01.2020 03:05:54: 17h 26min | Jbo Marino[201](76561198206026112) | SPECTATE - switchedCamera on Donnie Turbo(76561198041233395) - C_man_1
17.01.2020 03:06:01: 17h 26min | Jbo Marino[201](76561198206026112) | Unrestrain - civ_2(76561198041233395)
17.01.2020 03:06:24: 17h 27min | Jbo Marino[201](76561198206026112) | Teleport - Target To Me - Donnie Turbo [CIV](76561198041233395)
17.01.2020 03:08:01: 17h 28min | Jbo Marino[201](76561198206026112) | Revive - civ_2(76561198041233395)
17.01.2020 03:08:31: 17h 29min | Donnie Turbo(76561198041233395) | Zeus Zander Marino(76561198180893505) @038002
17.01.2020 03:08:31: 17h 29min | Donnie Turbo(76561198041233395) | Zeus - cop_1(76561198180893505)
17.01.2020 03:11:26: 17h 32min | Donnie Turbo(76561198041233395) | spawning 4-five .45 ACP (Green) (hgun_Pistol_heavy_01_green_snds_F)
17.01.2020 03:12:42: 17h 33min | Donnie Turbo(76561198041233395) | HealRepairNear
17.01.2020 03:12:43: 17h 33min | Donnie Turbo(76561198041233395) | HealRepairNear
17.01.2020 03:13:14: 17h 34min | Jbo Marino[201](76561198206026112) | Teleport to [3520.53,3042.29,0](GPS: 035999)
17.01.2020 03:13:25: 17h 34min | Jbo Marino[201](76561198206026112) | HealRepairNear
17.01.2020 03:13:25: 17h 34min | Jbo Marino[201](76561198206026112) | HealRepairNear
17.01.2020 03:15:24: 17h 36min | Jbo Marino[201](76561198206026112) | spawning RPG-7 (launch_RPG7_F)
17.01.2020 03:15:47: 17h 36min | Jbo Marino[201](76561198206026112) | SPECTATE - switchedCamera on Zander Marino(76561198180893505) - B_RangeMaster_F
17.01.2020 03:16:09: 17h 37min | Jbo Marino[201](76561198206026112) | Teleport to [3853.83,3343.48,0](GPS: 038002)
17.01.2020 03:17:35: 17h 38min | Donnie Turbo(76561198041233395) | Revive - civ_2(76561198041233395)
17.01.2020 03:18:34: 17h 39min | Jbo Marino[201](76561198206026112) | Deleting GroundWeaponHolder @038001..
17.01.2020 03:20:07: 17h 41min | Jbo Marino[201](76561198206026112) | Unrestrain - civ_1(76561198883479728)
17.01.2020 03:20:10: 17h 41min | Jbo Marino[201](76561198206026112) | Unrestrain - civ_1(76561198883479728)
17.01.2020 03:21:33: 17h 42min | Jbo Marino[201](76561198206026112) | Unrestrain - medic_1(76561198206026112)
17.01.2020 03:21:34: 17h 42min | Jbo Marino[201](76561198206026112) | Unrestrain - medic_1(76561198206026112)
17.01.2020 03:21:43: 17h 42min | Jbo Marino[201](76561198206026112) | Restrain - civ_1(76561198883479728)
17.01.2020 03:24:15: 17h 45min | Donnie Turbo(76561198041233395) | HealRepairNear
17.01.2020 03:24:16: 17h 45min | Donnie Turbo(76561198041233395) | HealRepairNear
17.01.2020 03:24:26: 17h 45min | Jbo Marino[201](76561198206026112) | Revive - civ_1(76561198883479728)
17.01.2020 03:26:46: 17h 47min | Donnie Turbo(76561198041233395) | Revive - cop_1(76561198180893505)
17.01.2020 03:26:56: 17h 47min | Donnie Turbo(76561198041233395) | HealRepairNear
17.01.2020 03:26:56: 17h 47min | Donnie Turbo(76561198041233395) | HealRepairNear
17.01.2020 03:31:08: 17h 52min | Jbo Marino[201](76561198206026112) | Unrestrain - medic_1(76561198206026112)
17.01.2020 03:31:09: 17h 52min | Jbo Marino[201](76561198206026112) | Unrestrain - medic_1(76561198206026112)
17.01.2020 03:31:09: 17h 52min | Jbo Marino[201](76561198206026112) | Unrestrain - medic_1(76561198206026112)
17.01.2020 03:31:10: 17h 52min | Jbo Marino[201](76561198206026112) | Unrestrain - medic_1(76561198206026112)
17.01.2020 03:31:10: 17h 52min | Jbo Marino[201](76561198206026112) | Unrestrain - medic_1(76561198206026112)
17.01.2020 03:31:21: 17h 52min | Jbo Marino[201](76561198206026112) | Unrestrain - medic_1(76561198206026112)
17.01.2020 03:31:22: 17h 52min | Jbo Marino[201](76561198206026112) | Unrestrain - medic_1(76561198206026112)
17.01.2020 03:31:22: 17h 52min | Jbo Marino[201](76561198206026112) | Unrestrain - medic_1(76561198206026112)
17.01.2020 03:31:22: 17h 52min | Jbo Marino[201](76561198206026112) | Unrestrain - medic_1(76561198206026112)
17.01.2020 03:31:23: 17h 52min | Jbo Marino[201](76561198206026112) | Unrestrain - medic_1(76561198206026112)
17.01.2020 03:31:23: 17h 52min | Jbo Marino[201](76561198206026112) | Unrestrain - medic_1(76561198206026112)
17.01.2020 03:31:24: 17h 52min | Jbo Marino[201](76561198206026112) | Unrestrain - medic_1(76561198206026112)
17.01.2020 03:31:24: 17h 52min | Jbo Marino[201](76561198206026112) | Unrestrain - medic_1(76561198206026112)
17.01.2020 03:31:24: 17h 52min | Jbo Marino[201](76561198206026112) | Unrestrain - medic_1(76561198206026112)
17.01.2020 03:31:25: 17h 52min | Jbo Marino[201](76561198206026112) | Unrestrain - medic_1(76561198206026112)
17.01.2020 03:31:28: 17h 52min | Jbo Marino[201](76561198206026112) | Restrain - medic_1(76561198206026112)
17.01.2020 03:31:29: 17h 52min | Jbo Marino[201](76561198206026112) | Unrestrain - medic_1(76561198206026112)
17.01.2020 03:33:31: 17h 54min | Donnie Turbo(76561198041233395) | Revive - civ_2(76561198041233395)
17.01.2020 03:37:28: 17h 58min | Donnie Turbo(76561198041233395) | Heal - civ_2(76561198041233395)
17.01.2020 03:40:00: 18h 0min | Donnie Turbo(76561198041233395) | noRecoil - 1
17.01.2020 03:40:57: 18h 1min | Jbo Marino[201](76561198206026112) | SPECTATE - switchedCamera on Zander Marino(76561198180893505) - B_RangeMaster_F
17.01.2020 03:41:23: 18h 2min | Jbo Marino[201](76561198206026112) | Move In Target Vehicle - Zander Marino [WEST](76561198180893505)
17.01.2020 03:41:24: 18h 2min | Jbo Marino[201](76561198206026112) | Move In Target Vehicle - Zander Marino [WEST](76561198180893505)
17.01.2020 03:41:27: 18h 2min | Jbo Marino[201](76561198206026112) | Move In Target Vehicle - Zander Marino [WEST](76561198180893505)
17.01.2020 03:41:35: 18h 2min | Jbo Marino[201](76561198206026112) | HealRepairNear
17.01.2020 03:41:35: 18h 2min | Jbo Marino[201](76561198206026112) | HealRepairNear
17.01.2020 03:41:42: 18h 2min | Jbo Marino[201](76561198206026112) | Teleport to [2935.83,3584.73,0](GPS: 029005)
17.01.2020 03:42:53: 18h 3min | Jbo Marino[201](76561198206026112) | HealRepairNear
17.01.2020 03:42:53: 18h 3min | Jbo Marino[201](76561198206026112) | HealRepairNear
17.01.2020 03:43:27: 18h 4min | Jbo Marino[201](76561198206026112) | Teleport to [3843.4,3281.69,0](GPS: 038002)
17.01.2020 03:43:44: 18h 4min | Jbo Marino[201](76561198206026112) | Teleport to [3514.67,3040.53,0](GPS: 035999)
17.01.2020 03:47:27: 18h 8min | Jbo Marino[201](76561198206026112) | spawning Fardo de Cocaina (1Kg) (pop_cocaina_f)
17.01.2020 03:47:28: 18h 8min | Jbo Marino[201](76561198206026112) | spawning Fardo de Cocaina (1Kg) (pop_cocaina_f)
17.01.2020 03:47:28: 18h 8min | Jbo Marino[201](76561198206026112) | spawning Fardo de Cocaina (1Kg) (pop_cocaina_f)
17.01.2020 03:47:28: 18h 8min | Jbo Marino[201](76561198206026112) | spawning Fardo de Cocaina (1Kg) (pop_cocaina_f)
17.01.2020 03:47:29: 18h 8min | Jbo Marino[201](76561198206026112) | spawning Fardo de Cocaina (1Kg) (pop_cocaina_f)
17.01.2020 03:47:29: 18h 8min | Jbo Marino[201](76561198206026112) | spawning Fardo de Cocaina (1Kg) (pop_cocaina_f)
17.01.2020 03:50:12: 18h 11min | Jbo Marino[201](76561198206026112) | unlocked - [d3s_q50_ER_14]
17.01.2020 04:01:52: 18h 22min | Donnie Turbo(76561198041233395) | Revive - cop_2(76561198370210333)
17.01.2020 04:03:49: 18h 24min | Donnie Turbo(76561198041233395) | Teleport to [3396.4,4167.44,0](GPS: 033010)
17.01.2020 04:13:15: 0h 5min | Donnie Turbo(76561198041233395) | UnlimAmmo - 1
17.01.2020 04:13:23: 0h 5min | Donnie Turbo(76561198041233395) | noRecoil - 1
17.01.2020 04:21:24: 0h 3min | Donnie Turbo(76561198041233395) | UnlimAmmo - 1
17.01.2020 04:29:15: 0h 11min | Jbo Marino[201](76561198206026112) | SPECTATE - switchedCamera on Zander Marino(76561198180893505) - d3s_crown_98_PD
17.01.2020 04:40:57: 0h 22min | Jbo Marino[201](76561198206026112) | Deleting GroundWeaponHolder @035999..
17.01.2020 04:54:21: 0h 36min | Boyevik Butch-Mac Volkev(76561198089960350) | infiSTAR MapIcons - 1
17.01.2020 04:54:25: 0h 36min | Boyevik Butch-Mac Volkev(76561198089960350) | Teleport to [3767.78,3268.25,0](GPS: 037001)
17.01.2020 05:01:50: 0h 43min | Jbo Marino[201](76561198206026112) | Deleting GroundWeaponHolder @036002..
17.01.2020 05:20:10: 1h 2min | Jbo Marino[201](76561198206026112) | Added 1 redgulls to Jbo Marino[201]!
17.01.2020 05:31:54: 1h 13min | Jbo Marino[201](76561198206026112) | SPECTATE - switchedCamera on Wyclef(76561198038112694) - C_man_1
17.01.2020 05:32:00: 1h 14min | Jbo Marino[201](76561198206026112) | SPECTATE - switchedCamera on Alexander.Rios(76561198037915534) - C_man_1
17.01.2020 05:32:03: 1h 14min | Jbo Marino[201](76561198206026112) | SPECTATE - switchedCamera on Boyevik Butch-Mac Volkev(76561198089960350) - C_man_1
17.01.2020 05:32:05: 1h 14min | Jbo Marino[201](76561198206026112) | SPECTATE - switchedCamera on Davey Jones(76561198166473448) - B_RangeMaster_F
17.01.2020 05:32:10: 1h 14min | Jbo Marino[201](76561198206026112) | SPECTATE - switchedCamera on Eriden Parker(76561198054085448) - C_man_1
17.01.2020 05:32:14: 1h 14min | Jbo Marino[201](76561198206026112) | SPECTATE - switchedCamera on Zander Marino(76561198180893505) - B_RangeMaster_F
17.01.2020 05:37:36: 1h 19min | Jbo Marino[201](76561198206026112) | Added 5 coffees to Jbo Marino[201]!
17.01.2020 05:37:41: 1h 19min | Jbo Marino[201](76561198206026112) | Added 5 donutss to Jbo Marino[201]!
17.01.2020 05:49:28: 1h 31min | Boyevik Butch-Mac Volkev(76561198089960350) | Added 5 cocaine_processeds to Boyevik Butch-Mac Volkev!
17.01.2020 05:52:14: 1h 34min | Boyevik Butch-Mac Volkev(76561198089960350) | Unrestrain - civ_3(76561198038112694)
17.01.2020 05:57:20: 1h 39min | Boyevik Butch-Mac Volkev(76561198089960350) | Added 1 cocaine_processeds to Boyevik Butch-Mac Volkev!
17.01.2020 05:59:40: 1h 41min | Boyevik Butch-Mac Volkev(76561198089960350) | Added 1 cocaine_processeds to Boyevik Butch-Mac Volkev!
17.01.2020 06:02:14: 1h 44min | Jbo Marino[201](76561198206026112) | Added 5 coffees to Jbo Marino[201]!
17.01.2020 06:08:44: 1h 50min | Jbo Marino[201](76561198206026112) | SPECTATE - switchedCamera on Boyevik Butch-Mac Volkev(76561198089960350) - C_man_1
17.01.2020 06:09:12: 1h 51min | Jbo Marino[201](76561198206026112) | Unrestrain - civ_5(76561198089960350)
17.01.2020 06:16:13: 1h 58min | Boyevik Butch-Mac Volkev(76561198089960350) | Killing Boyevik Butch-Mac Volkev(76561198089960350) @036998
17.01.2020 06:16:13: 1h 58min | Boyevik Butch-Mac Volkev(76561198089960350) | Kill - civ_5(76561198089960350)
17.01.2020 06:17:59: 1h 60min | Jbo Marino[201](76561198206026112) | SPECTATE - switchedCamera on Boyevik Butch-Mac Volkev(76561198089960350) - C_man_1
17.01.2020 06:18:10: 1h 60min | Jbo Marino[201](76561198206026112) | Revive - civ_5(76561198089960350)
17.01.2020 06:18:30: 2h 0min | Boyevik Butch-Mac Volkev(76561198089960350) | HealRepairNear
17.01.2020 06:18:32: 2h 0min | Jbo Marino[201](76561198206026112) | Teleport to [3678.48,2994.72,0](GPS: 036999)
17.01.2020 06:20:07: 2h 2min | Boyevik Butch-Mac Volkev(76561198089960350) | Unrestrain - civ_3(76561198038112694)
17.01.2020 06:20:15: 2h 2min | Boyevik Butch-Mac Volkev(76561198089960350) | Restore - civ_5(76561198089960350)
17.01.2020 06:20:22: 2h 2min | Jbo Marino[201](76561198206026112) | Unrestrain - civ_5(76561198089960350)
17.01.2020 06:20:29: 2h 2min | Jbo Marino[201](76561198206026112) | Teleport - Target To Me - Boyevik Butch-Mac Volkev [CIV](76561198089960350)
17.01.2020 06:21:11: 2h 3min | Boyevik Butch-Mac Volkev(76561198089960350) | UnFreeze Target - civ_5(76561198089960350)
17.01.2020 06:21:16: 2h 3min | Boyevik Butch-Mac Volkev(76561198089960350) | Remove Gear - civ_5(76561198089960350)
17.01.2020 06:21:39: 2h 3min | Boyevik Butch-Mac Volkev(76561198089960350) | Eject - Boyevik Butch-Mac Volkev [CIV](76561198089960350)
17.01.2020 06:21:51: 2h 3min | Boyevik Butch-Mac Volkev(76561198089960350) | Kick (Announce) - civ_5(76561198089960350)
17.01.2020 06:25:25: 2h 7min | Jbo Marino[201](76561198206026112) | SPECTATE - switchedCamera on Davey Jones(76561198166473448) - d3s_raptor_UNM_17
17.01.2020 06:26:30: 2h 8min | Boyevik Butch-Mac Volkev(76561198089960350) | Teleport to [3610.66,3304.31,0](GPS: 036002)
17.01.2020 06:26:34: 2h 8min | Boyevik Butch-Mac Volkev(76561198089960350) | Teleport to [3611.92,3285.13,0](GPS: 036002)
17.01.2020 06:33:44: 2h 15min | Boyevik Butch-Mac Volkev(76561198089960350) | infiSTAR MapIcons - 1
17.01.2020 06:33:48: 2h 15min | Boyevik Butch-Mac Volkev(76561198089960350) | Teleport to [3708.2,3596.68,0](GPS: 037005)
17.01.2020 06:55:07: 2h 37min | Jbo Marino[201](76561198206026112) | SPECTATE - switchedCamera on Davey Jones(76561198166473448) - d3s_boss_15
17.01.2020 06:55:11: 2h 37min | Jbo Marino[201](76561198206026112) | SPECTATE - switchedCamera on Eriden Parker(76561198054085448) - d3s_crown_98_PD
17.01.2020 06:55:19: 2h 37min | Jbo Marino[201](76561198206026112) | SPECTATE - switchedCamera on Javier Escuella(76561198370210333) - d3s_wrx_sti_17
17.01.2020 06:55:30: 2h 37min | Jbo Marino[201](76561198206026112) | SPECTATE - switchedCamera on Zander Marino(76561198180893505) - d3s_crown_98_PD
17.01.2020 07:00:36: 2h 42min | Jbo Marino[201](76561198206026112) | SPECTATE - switchedCamera on Zander Marino(76561198180893505) - d3s_crown_98_PD
17.01.2020 07:03:18: 2h 45min | Jbo Marino[201](76561198206026112) | SPECTATE - switchedCamera on Zander Marino(76561198180893505) - B_RangeMaster_F
17.01.2020 07:03:36: 2h 45min | Jbo Marino[201](76561198206026112) | SPECTATE - switchedCamera on Javier Escuella(76561198370210333) - d3s_wrx_sti_17
17.01.2020 07:03:40: 2h 45min | Jbo Marino[201](76561198206026112) | SPECTATE - switchedCamera on Davey Jones(76561198166473448) - d3s_boss_15
17.01.2020 07:03:44: 2h 45min | Jbo Marino[201](76561198206026112) | SPECTATE - switchedCamera on Eriden Parker(76561198054085448) - C_man_1
17.01.2020 07:04:01: 2h 46min | Jbo Marino[201](76561198206026112) | SPECTATE - switchedCamera on Zander Marino(76561198180893505) - B_RangeMaster_F
17.01.2020 07:04:03: 2h 46min | Jbo Marino[201](76561198206026112) | SPECTATE - switchedCamera on Javier Escuella(76561198370210333) - d3s_wrx_sti_17
17.01.2020 07:04:07: 2h 46min | Jbo Marino[201](76561198206026112) | SPECTATE - switchedCamera on Eriden Parker(76561198054085448) - C_man_1
17.01.2020 07:07:40: 2h 49min | Jbo Marino[201](76561198206026112) | Stealth / Invisible - 1
17.01.2020 07:07:49: 2h 49min | Jbo Marino[201](76561198206026112) | Teleport - Me To Target - Davey Jones [CIV](76561198166473448)
17.01.2020 07:13:06: 2h 55min | Jbo Marino[201](76561198206026112) | spawning cannabis (200g) (pop_cannabis_b)
17.01.2020 07:13:07: 2h 55min | Jbo Marino[201](76561198206026112) | spawning cannabis (200g) (pop_cannabis_b)
17.01.2020 07:13:07: 2h 55min | Jbo Marino[201](76561198206026112) | spawning cannabis (200g) (pop_cannabis_b)
17.01.2020 07:13:07: 2h 55min | Jbo Marino[201](76561198206026112) | spawning cannabis (200g) (pop_cannabis_b)
17.01.2020 07:13:08: 2h 55min | Jbo Marino[201](76561198206026112) | spawning cannabis (200g) (pop_cannabis_b)
17.01.2020 07:13:08: 2h 55min | Jbo Marino[201](76561198206026112) | spawning cannabis (200g) (pop_cannabis_b)
17.01.2020 07:13:09: 2h 55min | Jbo Marino[201](76561198206026112) | spawning cannabis (200g) (pop_cannabis_b)
17.01.2020 07:13:25: 2h 55min | Jbo Marino[201](76561198206026112) | spawning coca (200g) (pop_coca_b)
17.01.2020 07:13:27: 2h 55min | Jbo Marino[201](76561198206026112) | spawning coca (200g) (pop_coca_b)
17.01.2020 07:13:27: 2h 55min | Jbo Marino[201](76561198206026112) | spawning coca (200g) (pop_coca_b)
17.01.2020 07:13:28: 2h 55min | Jbo Marino[201](76561198206026112) | spawning coca (200g) (pop_coca_b)
17.01.2020 07:13:28: 2h 55min | Jbo Marino[201](76561198206026112) | spawning coca (200g) (pop_coca_b)
17.01.2020 07:13:29: 2h 55min | Jbo Marino[201](76561198206026112) | spawning coca (200g) (pop_coca_b)
17.01.2020 07:13:29: 2h 55min | Jbo Marino[201](76561198206026112) | spawning coca (200g) (pop_coca_b)
17.01.2020 07:13:43: 2h 55min | Jbo Marino[201](76561198206026112) | spawning Fardo de marihuana (1Kg) (pop_marihuana_f)
17.01.2020 07:13:43: 2h 55min | Jbo Marino[201](76561198206026112) | spawning Fardo de marihuana (1Kg) (pop_marihuana_f)
17.01.2020 07:13:43: 2h 55min | Jbo Marino[201](76561198206026112) | spawning Fardo de marihuana (1Kg) (pop_marihuana_f)
17.01.2020 07:13:44: 2h 55min | Jbo Marino[201](76561198206026112) | spawning Fardo de marihuana (1Kg) (pop_marihuana_f)
17.01.2020 07:13:45: 2h 55min | Jbo Marino[201](76561198206026112) | spawning Fardo de Cocaina (1Kg) (pop_cocaina_f)
17.01.2020 07:13:46: 2h 55min | Jbo Marino[201](76561198206026112) | spawning Fardo de Cocaina (1Kg) (pop_cocaina_f)
17.01.2020 07:13:46: 2h 55min | Jbo Marino[201](76561198206026112) | spawning Fardo de Cocaina (1Kg) (pop_cocaina_f)
17.01.2020 07:13:47: 2h 55min | Jbo Marino[201](76561198206026112) | spawning Fardo de Cocaina (1Kg) (pop_cocaina_f)
17.01.2020 07:13:47: 2h 55min | Jbo Marino[201](76561198206026112) | spawning Fardo de Cocaina (1Kg) (pop_cocaina_f)
17.01.2020 07:13:47: 2h 55min | Jbo Marino[201](76561198206026112) | spawning Fardo de Cocaina (1Kg) (pop_cocaina_f)
17.01.2020 07:13:48: 2h 55min | Jbo Marino[201](76561198206026112) | spawning Fardo de Cocaina (1Kg) (pop_cocaina_f)
17.01.2020 07:13:48: 2h 55min | Jbo Marino[201](76561198206026112) | spawning Fardo de Cocaina (1Kg) (pop_cocaina_f)
17.01.2020 07:13:49: 2h 55min | Jbo Marino[201](76561198206026112) | spawning Fardo de Cocaina (1Kg) (pop_cocaina_f)
17.01.2020 07:13:49: 2h 55min | Jbo Marino[201](76561198206026112) | spawning Fardo de Cocaina (1Kg) (pop_cocaina_f)
17.01.2020 07:13:49: 2h 55min | Jbo Marino[201](76561198206026112) | spawning Fardo de Cocaina (1Kg) (pop_cocaina_f)
17.01.2020 07:13:50: 2h 55min | Jbo Marino[201](76561198206026112) | spawning Fardo de Cocaina (1Kg) (pop_cocaina_f)
17.01.2020 07:13:50: 2h 55min | Jbo Marino[201](76561198206026112) | spawning Fardo de Cocaina (1Kg) (pop_cocaina_f)
17.01.2020 07:13:52: 2h 55min | Jbo Marino[201](76561198206026112) | spawning Fardo de Cocaina (1Kg) (pop_cocaina_f)
17.01.2020 07:13:52: 2h 55min | Jbo Marino[201](76561198206026112) | spawning Fardo de Cocaina (1Kg) (pop_cocaina_f)
17.01.2020 07:14:57: 2h 56min | Jbo Marino[201](76561198206026112) | spawning Sofa biplaza POPLife (pop_sofa)
17.01.2020 07:15:44: 2h 57min | Jbo Marino[201](76561198206026112) | spawning Sofa biplaza POPLife (pop_sofa)
17.01.2020 07:16:28: 2h 58min | Jbo Marino[201](76561198206026112) | Heal - civ_3(76561198370210333)
17.01.2020 07:17:31: 2h 59min | Jbo Marino[201](76561198206026112) | spawning Agua Sucia (pop_aguasucia)
17.01.2020 07:17:55: 2h 59min | Jbo Marino[201](76561198206026112) | spawning Llaves de esposas (pop_llaves)
17.01.2020 07:18:06: 2h 60min | Jbo Marino[201](76561198206026112) | spawning Bottle of Orange Liqueur (plp_bo_inv_BottleLiqOrange)
17.01.2020 07:18:08: 2h 60min | Jbo Marino[201](76561198206026112) | spawning Bottle of Gin (plp_bo_inv_BottleGin)
17.01.2020 07:18:09: 2h 60min | Jbo Marino[201](76561198206026112) | spawning Bottle of Blue Corazol (plp_bo_inv_BottleBlueCorazol)
17.01.2020 07:18:09: 2h 60min | Jbo Marino[201](76561198206026112) | spawning Bottle of Bitters (plp_bo_inv_BottleBitters)
17.01.2020 07:18:28: 2h 60min | Jbo Marino[201](76561198206026112) | spawning Alcohol (pop_alcohol)
17.01.2020 07:18:32: 3h 0min | Jbo Marino[201](76561198206026112) | spawning agua limpia (pop_agualimpia)
17.01.2020 07:21:44: 3h 3min | Jbo Marino[201](76561198206026112) | SPECTATE - switchedCamera on Zander Marino(76561198180893505) - d3s_crown_98_PD
17.01.2020 07:21:59: 3h 4min | Jbo Marino[201](76561198206026112) | God Mode - 1
17.01.2020 07:23:04: 3h 5min | Jbo Marino[201](76561198206026112) | SPECTATE - switchedCamera on Zander Marino(76561198180893505) - d3s_crown_98_PD
17.01.2020 07:24:16: 3h 6min | Jbo Marino[201](76561198206026112) | SPECTATE - switchedCamera on Zander Marino(76561198180893505) - d3s_crown_98_PD
17.01.2020 07:33:36: 3h 15min | Jbo Marino[201](76561198206026112) | Teleport to [3496.81,3009.19,0](GPS: 034999)
17.01.2020 07:33:43: 3h 15min | Jbo Marino[201](76561198206026112) | Stealth / Invisible - 0
17.01.2020 07:33:56: 3h 15min | Jbo Marino[201](76561198206026112) | Teleport to [3640.76,3588.24,0](GPS: 036005)
17.01.2020 07:50:25: 3h 32min | Jbo Marino[201](76561198206026112) | Teleport to [3620.19,4127.95,0](GPS: 036010)
17.01.2020 07:52:36: 3h 34min | Jbo Marino[201](76561198206026112) | Teleport - Target To Me - Eriden Parker [CIV](76561198054085448)
17.01.2020 07:53:25: 3h 35min | Jbo Marino[201](76561198206026112) | Heal - civ_1(76561198054085448)
17.01.2020 07:53:27: 3h 35min | Jbo Marino[201](76561198206026112) | Heal - civ_1(76561198054085448)
17.01.2020 07:54:18: 3h 36min | Jbo Marino[201](76561198206026112) | Heal - civ_2(76561198166473448)
17.01.2020 07:58:42: 3h 40min | Jbo Marino[201](76561198206026112) | SPECTATE - switchedCamera on Eriden Parker(76561198054085448) - d3s_crown_98_PD
17.01.2020 07:58:45: 3h 40min | Jbo Marino[201](76561198206026112) | SPECTATE - switchedCamera on Javier Escuella(76561198370210333) - C_man_1
17.01.2020 07:58:54: 3h 40min | Jbo Marino[201](76561198206026112) | Unrestrain - civ_3(76561198370210333)
17.01.2020 08:00:26: 3h 42min | Jbo Marino[201](76561198206026112) | SPECTATE - switchedCamera on Javier Escuella(76561198370210333) - C_man_1
17.01.2020 08:07:51: 3h 49min | Jbo Marino[201](76561198206026112) | Stealth / Invisible - 1
17.01.2020 08:08:00: 3h 50min | Jbo Marino[201](76561198206026112) | Teleport to [3832.2,3201.78,0](GPS: 038001)
17.01.2020 08:19:41: 4h 1min | Jbo Marino[201](76561198206026112) | Unrestrain - civ_2(76561198166473448)
17.01.2020 08:44:15: 0h 4min | Boyevik Butch-Mac Volkev(76561198089960350) | infiSTAR MapIcons - 1
17.01.2020 08:44:19: 0h 4min | Boyevik Butch-Mac Volkev(76561198089960350) | Teleport to [3723.5,3193.73,0](GPS: 037001)
17.01.2020 08:47:56: 0h 8min | Boyevik Butch-Mac Volkev(76561198089960350) | Self Disconnect
17.01.2020 08:48:40: 0h 9min | Boyevik Butch-Mac Volkev(76561198089960350) | infiSTAR MapIcons - 1
17.01.2020 08:48:42: 0h 9min | Boyevik Butch-Mac Volkev(76561198089960350) | Teleport to [3855.78,3264.96,0](GPS: 038001)
17.01.2020 09:09:55: 0h 4min | Boyevik Butch-Mac Volkev(76561198089960350) | infiSTAR MapIcons - 1
17.01.2020 09:10:02: 0h 4min | Boyevik Butch-Mac Volkev(76561198089960350) | Teleport to [3738.28,3199.41,0](GPS: 037001)
17.01.2020 09:12:51: 0h 7min | Boyevik Butch-Mac Volkev(76561198089960350) | spawning Yamaha TT650 (TT650_Gue)
17.01.2020 09:13:16: 0h 7min | Boyevik Butch-Mac Volkev(76561198089960350) | Stealth / Invisible - 1
17.01.2020 09:13:16: 0h 7min | Boyevik Butch-Mac Volkev(76561198089960350) | God Mode - 1
17.01.2020 09:13:17: 0h 7min | Boyevik Butch-Mac Volkev(76561198089960350) | Stealth / Invisible - 0
17.01.2020 09:13:44: 0h 8min | Boyevik Butch-Mac Volkev(76561198089960350) | Revive - civ_1(76561198105940600)
17.01.2020 09:13:49: 0h 8min | Boyevik Butch-Mac Volkev(76561198089960350) | HealRepairNear
17.01.2020 09:14:41: 0h 9min | Boyevik Butch-Mac Volkev(76561198089960350) | UnlimAmmo - 1
17.01.2020 09:28:19: 0h 5min | Boyevik Butch-Mac Volkev(76561198089960350) | infiSTAR MapIcons - 1
17.01.2020 09:28:22: 0h 5min | Boyevik Butch-Mac Volkev(76561198089960350) | Teleport to [3716.79,3189.49,0](GPS: 037001)
17.01.2020 09:28:38: 0h 5min | Boyevik Butch-Mac Volkev(76561198089960350) | God Mode - 1
17.01.2020 09:28:38: 0h 5min | Boyevik Butch-Mac Volkev(76561198089960350) | UnlimAmmo - 1
17.01.2020 22:08:56: 8h 34min | Donnie Turbo(76561198041233395) | Teleport to [3998.05,4007.15,0](GPS: 039009)
17.01.2020 22:09:38: 8h 34min | Donnie Turbo(76561198041233395) | Teleport to [5701.27,4143.77,0](GPS: 057010)
17.01.2020 22:28:16: 8h 53min | Donnie Turbo(76561198041233395) | HealRepairNear
17.01.2020 22:28:16: 8h 53min | Donnie Turbo(76561198041233395) | HealRepairNear
17.01.2020 22:28:17: 8h 53min | Donnie Turbo(76561198041233395) | HealSelf
17.01.2020 22:28:17: 8h 53min | Donnie Turbo(76561198041233395) | HealSelf
17.01.2020 22:58:35: 9h 23min | Boyevik Butch-Mac Volkev(76561198089960350) | 50K Cash
17.01.2020 22:59:51: 9h 25min | Boyevik Butch-Mac Volkev(76561198089960350) | 50K Cash
17.01.2020 23:01:24: 9h 26min | Boyevik Butch-Mac Volkev(76561198089960350) | infiSTAR MapIcons - 1
17.01.2020 23:04:27: 9h 29min | Boyevik Butch-Mac Volkev(76561198089960350) | HealRepairNear
17.01.2020 23:14:37: 9h 39min | Boyevik Butch-Mac Volkev(76561198089960350) | HealRepairNear
17.01.2020 23:25:39: 9h 50min | Donnie Turbo(76561198041233395) | UnlimAmmo - 1
17.01.2020 23:26:06: 9h 51min | Boyevik Butch-Mac Volkev(76561198089960350) | HealRepairNear
17.01.2020 23:29:22: 9h 54min | Boyevik Butch-Mac Volkev(76561198089960350) | HealRepairNear
17.01.2020 23:41:24: 10h 6min | Donnie Turbo(76561198041233395) | Teleport - Me To Target - alexs [CIV](76561198002867764)
17.01.2020 23:49:15: 10h 14min | Donnie Turbo(76561198041233395) | Teleport to [3509.65,3048.5,0](GPS: 035999)
17.01.2020 23:53:06: 10h 18min | Jbo Marino[201](76561198206026112) | SPECTATE - switchedCamera on alexs(76561198002867764) - d3s_actros_14
17.01.2020 23:53:09: 10h 18min | Jbo Marino[201](76561198206026112) | SPECTATE - switchedCamera on Rogue Tjay(76561198883479728) - d3s_actros_14
17.01.2020 23:53:15: 10h 18min | Jbo Marino[201](76561198206026112) | SPECTATE - switchedCamera on alexs(76561198002867764) - d3s_actros_14
17.01.2020 23:53:25: 10h 18min | Jbo Marino[201](76561198206026112) | SPECTATE - switchedCamera on Rogue Tjay(76561198883479728) - d3s_actros_14
17.01.2020 23:56:14: 10h 21min | Jbo Marino[201](76561198206026112) | God Mode - 1
17.01.2020 23:56:14: 10h 21min | Jbo Marino[201](76561198206026112) | Stealth / Invisible - 1
17.01.2020 23:56:25: 10h 21min | Jbo Marino[201](76561198206026112) | Teleport to [5719.34,4880.76,0](GPS: 057018)
