17.02.2020 00:02:08: 0h 11min | HoyoBani(76561198105940600) | AdminConsole
17.02.2020 00:02:14: 0h 11min | HoyoBani(76561198105940600) | AdminConsole
17.02.2020 00:02:54: 0h 11min | Donnie Turbo(76561198041233395) | Teleport - Me To Target - HoyoBani [CIV](76561198105940600)
17.02.2020 00:07:35: 0h 16min | HoyoBani(76561198105940600) | AdminConsole
17.02.2020 00:22:34: 0h 31min | Donnie Turbo(76561198041233395) | Teleport - Target To Me - AL "BIG AL" GAMBINO [CIV](76561198361509989)
17.02.2020 01:52:05: 2h 1min | HoyoBani(76561198105940600) | infiSTAR Player ESP 1 - 1
17.02.2020 01:52:05: 2h 1min | HoyoBani(76561198105940600) | infiSTAR MapIcons - 1
17.02.2020 01:52:05: 2h 1min | HoyoBani(76561198105940600) | noRecoil - 1
17.02.2020 01:52:05: 2h 1min | HoyoBani(76561198105940600) | AdminConsole
17.02.2020 01:52:34: 2h 1min | HoyoBani(76561198105940600) | HealRepairNear
17.02.2020 01:54:54: 2h 3min | HoyoBani(76561198105940600) | infiSTAR Player ESP 1 - 0
17.02.2020 01:54:56: 2h 3min | HoyoBani(76561198105940600) | Vehicle Marker - 1
17.02.2020 01:54:57: 2h 3min | HoyoBani(76561198105940600) | infiSTAR MapIcons - 0
17.02.2020 01:54:58: 2h 3min | HoyoBani(76561198105940600) | Vehicle Marker - 0
17.02.2020 01:54:59: 2h 3min | HoyoBani(76561198105940600) | noRecoil - 0
17.02.2020 01:55:11: 2h 4min | HoyoBani(76561198105940600) | infiSTAR Player ESP 1 - 1
17.02.2020 01:55:14: 2h 4min | HoyoBani(76561198105940600) | clear ingame AdminLog
17.02.2020 01:58:58: 2h 7min | Sherman(76561198038112694) | Teleport to [3506.61,3093.86,0](GPS: 035000)
17.02.2020 01:59:35: 2h 8min | Donnie Turbo(76561198041233395) | Revive - medic_6(76561198180893505)
17.02.2020 02:03:48: 2h 12min | Donnie Turbo(76561198041233395) | spawning Axe (Max_axe)
17.02.2020 02:05:25: 2h 14min | Nino Marino(76561198206026112) | Teleport to [3503.94,3095.72,0](GPS: 035000)
17.02.2020 02:07:17: 2h 16min | Sherman(76561198038112694) | unlocked - [d3s_veneno_13]
17.02.2020 02:07:18: 2h 16min | Sherman(76561198038112694) | locked - [d3s_veneno_13]
17.02.2020 02:10:52: 2h 19min | Sherman(76561198038112694) | HealRepairNear
17.02.2020 02:15:29: 2h 24min | Judge Whinehoe(76561198206026112) | Deleting GroundWeaponHolder @035000..
17.02.2020 02:26:44: 2h 35min | Sherman(76561198038112694) | unlocked - [d3s_veneno_13]
17.02.2020 02:35:28: 2h 44min | HoyoBani(76561198105940600) | AdminConsole
17.02.2020 02:35:34: 2h 44min | HoyoBani(76561198105940600) | AdminConsole
17.02.2020 02:36:20: 2h 45min | Judge Whinehoe(76561198206026112) | locked - [d3s_model_a]
17.02.2020 02:41:21: 2h 50min | Donnie Turbo(76561198041233395) | HealRepairNear
17.02.2020 02:42:14: 2h 51min | Donnie Turbo(76561198041233395) | Deleting d3s_charger_15_EMS @036006..
17.02.2020 02:45:18: 2h 54min | HoyoBani(76561198105940600) | AdminConsole
17.02.2020 02:45:51: 2h 54min | HoyoBani(76561198105940600) | AdminConsole
17.02.2020 02:46:19: 2h 55min | HoyoBani(76561198105940600) | AdminConsole
17.02.2020 02:49:44: 2h 58min | HoyoBani(76561198105940600) | AdminConsole
17.02.2020 02:52:46: 3h 1min | HoyoBani(76561198105940600) | AdminConsole
17.02.2020 02:53:22: 3h 2min | HoyoBani(76561198105940600) | AdminConsole
17.02.2020 02:55:09: 3h 4min | HoyoBani(76561198105940600) | AdminConsole
17.02.2020 02:59:52: 3h 8min | HoyoBani(76561198105940600) | 50K Cash
17.02.2020 03:05:25: 3h 14min | HoyoBani(76561198105940600) | Teleport to [3806.41,3040.69,0](GPS: 038999)
17.02.2020 03:06:05: 3h 15min | HoyoBani(76561198105940600) | Teleport to [2162.18,3448.19,0](GPS: 021003)
17.02.2020 03:10:29: 3h 19min | HoyoBani(76561198105940600) | AdminConsole
17.02.2020 03:10:43: 3h 19min | HoyoBani(76561198105940600) | AdminConsole
17.02.2020 03:37:48: 3h 46min | Sherman(76561198038112694) | HealRepairNear
17.02.2020 03:41:51: 3h 50min | Donnie Turbo(76561198041233395) | Revive - civ_4(76561198860031547)
17.02.2020 03:52:00: 4h 1min | Donnie Turbo(76561198041233395) | HealRepairNear
17.02.2020 03:57:03: 4h 6min | Donnie Turbo(76561198041233395) | HealRepairNear
17.02.2020 03:58:02: 4h 7min | Donnie Turbo(76561198041233395) | HealRepairNear
17.02.2020 03:58:03: 4h 7min | Donnie Turbo(76561198041233395) | HealRepairNear
17.02.2020 03:59:54: 4h 8min | Jbo Marino[201](76561198206026112) | Added 3 batmanBandaids to Jbo Marino[201]!
17.02.2020 03:59:58: 4h 8min | Jbo Marino[201](76561198206026112) | Added 3 scoobydooBandaids to Jbo Marino[201]!
17.02.2020 04:09:18: 4h 18min | Donnie Turbo(76561198041233395) | spawning Quartz Regalia D-Type ''Special Edition'' (d3s_QUA_Regalia_23_D_SE)
17.02.2020 04:11:37: 4h 20min | Donnie Turbo(76561198041233395) | Deleting d3s_QUA_Regalia_23_D_SE @036002..
17.02.2020 04:29:09: 4h 38min | Donnie Turbo(76561198041233395) | Revive - civ_1(76561198180893505)
17.02.2020 04:30:23: 4h 39min | Jbo Marino[201](76561198206026112) | Revive - medic_6(76561198206026112)
17.02.2020 04:31:01: 4h 40min | Donnie Turbo(76561198041233395) | Revive - medic_6(76561198206026112)
17.02.2020 04:32:58: 4h 41min | Jbo Marino[201](76561198206026112) | Revive - medic_6(76561198206026112)
17.02.2020 04:33:15: 4h 42min | Donnie Turbo(76561198041233395) | Revive - civ_3(76561198041233395)
17.02.2020 04:34:27: 4h 43min | Donnie Turbo(76561198041233395) | Revive - civ_1(76561198180893505)
17.02.2020 04:35:19: 4h 44min | Jbo Marino[201](76561198206026112) | Revive - medic_6(76561198206026112)
17.02.2020 04:35:31: 4h 44min | Jbo Marino[201](76561198206026112) | God Mode - 1
17.02.2020 04:35:33: 4h 44min | Jbo Marino[201](76561198206026112) | Revive - medic_6(76561198206026112)
17.02.2020 04:36:00: 4h 45min | Donnie Turbo(76561198041233395) | Revive - civ_1(76561198180893505)
17.02.2020 04:36:04: 4h 45min | Donnie Turbo(76561198041233395) | Revive - civ_3(76561198041233395)
17.02.2020 04:37:33: 4h 46min | Jbo Marino[201](76561198206026112) | spawning IMI Desert Eagle 12.7×33mm AE (CSW_Desert_Eagle)
17.02.2020 04:37:50: 4h 46min | Jbo Marino[201](76561198206026112) | spawning SW Model 500 12.7×41mm Magnum (CSW_M500)
17.02.2020 04:38:23: 4h 47min | Jbo Marino[201](76561198206026112) | Revive - civ_1(76561198180893505)
17.02.2020 04:38:25: 4h 47min | Donnie Turbo(76561198041233395) | Revive - civ_1(76561198180893505)
17.02.2020 04:38:50: 4h 47min | Jbo Marino[201](76561198206026112) | Revive - civ_1(76561198180893505)
17.02.2020 04:39:23: 4h 48min | Jbo Marino[201](76561198206026112) | Teleport to [3708.37,3265.74,0](GPS: 037001)
17.02.2020 04:39:43: 4h 48min | Jbo Marino[201](76561198206026112) | Teleport to [3608.18,3280.7,0](GPS: 036002)
17.02.2020 04:40:02: 4h 49min | Jbo Marino[201](76561198206026112) | Revive - civ_1(76561198180893505)
17.02.2020 04:43:31: 4h 52min | Donnie Turbo(76561198041233395) | Revive - civ_3(76561198041233395)
17.02.2020 04:43:32: 4h 52min | Jbo Marino[201](76561198206026112) | Revive - civ_3(76561198041233395)
17.02.2020 04:44:11: 4h 53min | Jbo Marino[201](76561198206026112) | HealRepairNear
17.02.2020 04:44:11: 4h 53min | Jbo Marino[201](76561198206026112) | HealRepairNear
17.02.2020 04:46:10: 4h 55min | Donnie Turbo(76561198041233395) | spawning IMI Desert Eagle 12.7×33mm AE (CSW_Desert_Eagle)
17.02.2020 04:46:12: 4h 55min | Donnie Turbo(76561198041233395) | spawning IMI Desert Eagle 12.7×33mm AE (CSW_Desert_Eagle)
17.02.2020 04:46:13: 4h 55min | Donnie Turbo(76561198041233395) | spawning IMI Desert Eagle 12.7×33mm AE (CSW_Desert_Eagle)
17.02.2020 22:21:58: 0h 53min | Donnie Turbo(76561198041233395) | spawning Promet Modular Sight (optic_ico_01_f)
17.02.2020 22:22:25: 0h 53min | Donnie Turbo(76561198041233395) | spawning SMA Tasco Green dot Glare (SMA_AIMPOINT_GLARE)
17.02.2020 22:22:44: 0h 53min | Donnie Turbo(76561198041233395) | spawning Anschutz Diopter (hlc_optic_ANGSCHUTZ)
17.02.2020 22:24:09: 0h 55min | Donnie Turbo(76561198041233395) | Deleting WeaponHolderSimulated @034011..
17.02.2020 22:25:54: 0h 57min | Donnie Turbo(76561198041233395) | spawning G36 Dual-Optic 1.5x (HLC_Optic_G36Dualoptic15x)
17.02.2020 22:26:43: 0h 57min | Donnie Turbo(76561198041233395) | Deleting WeaponHolderSimulated @034011..
17.02.2020 22:31:10: 1h 2min | Donnie Turbo(76561198041233395) | spawning LRPS (optic_LRPS)
17.02.2020 22:33:05: 1h 4min | Donnie Turbo(76561198041233395) | spawning LRPS (optic_LRPS)
17.02.2020 22:33:12: 1h 4min | Donnie Turbo(76561198041233395) | spawning M320 LRR .408 (srifle_LRR_LRPS_F)
17.02.2020 22:35:42: 1h 6min | Donnie Turbo(76561198041233395) | spawning MRCO (optic_MRCO)
17.02.2020 22:36:38: 1h 7min | Donnie Turbo(76561198041233395) | spawning MRCO (optic_MRCO)
17.02.2020 23:16:12: 1h 47min | Donnie Turbo(76561198041233395) | unlocked - [C_Kart_01_Red_F]
17.02.2020 23:16:13: 1h 47min | Donnie Turbo(76561198041233395) | locked - [C_Kart_01_Red_F]
17.02.2020 23:16:13: 1h 47min | Donnie Turbo(76561198041233395) | unlocked - [C_Kart_01_Red_F]
17.02.2020 23:16:14: 1h 47min | Donnie Turbo(76561198041233395) | locked - [C_Kart_01_Red_F]
17.02.2020 23:16:15: 1h 47min | Donnie Turbo(76561198041233395) | unlocked - [C_Kart_01_Red_F]
17.02.2020 23:16:15: 1h 47min | Donnie Turbo(76561198041233395) | locked - [C_Kart_01_Red_F]
17.02.2020 23:16:17: 1h 47min | Donnie Turbo(76561198041233395) | unlocked - [C_Kart_01_Red_F]
17.02.2020 23:16:19: 1h 47min | Donnie Turbo(76561198041233395) | locked - [C_Kart_01_Red_F]
17.02.2020 23:16:21: 1h 47min | Donnie Turbo(76561198041233395) | HealRepairNear
17.02.2020 23:16:32: 1h 47min | Donnie Turbo(76561198041233395) | HealRepairNear
17.02.2020 23:23:12: 1h 54min | Donnie Turbo(76561198041233395) | Revive - civ_1(76561198361509989)
17.02.2020 23:23:49: 1h 55min | Donnie Turbo(76561198041233395) | HealRepairNear
17.02.2020 23:23:51: 1h 55min | Donnie Turbo(76561198041233395) | HealRepairNear
17.02.2020 23:32:31: 2h 3min | Donnie Turbo(76561198041233395) | Heal - civ_1(76561198361509989)
