14.01.2020 00:00:12: Donnie Turbo(76561198041233395) CLIENT OWNER ID [16], TOKEN [cjbyb51zoymuyutv9]
14.01.2020 00:33:00: Jose Santana(76561198206026112) CLIENT OWNER ID [10], TOKEN [q9ydjt2w1li4bljotcu]
14.01.2020 01:09:30: Donnie Turbo(76561198041233395) CLIENT OWNER ID [17], TOKEN [bf7xtci7c0stdv]
14.01.2020 01:33:16: Zander Marino(76561198180893505) CLIENT OWNER ID [18], TOKEN [bzd68zicca5egob26ai]
14.01.2020 01:37:03: Zander Marino(76561198180893505) CLIENT OWNER ID [19], TOKEN [v0n2dcd1njask8gffq]
14.01.2020 01:40:26: Zander Marino(76561198180893505) CLIENT OWNER ID [20], TOKEN [v1nk2ofg18ihhb6t]
14.01.2020 01:44:20: luke(76561198264871362) CLIENT OWNER ID [21], TOKEN [gds2d11yscxo189]
14.01.2020 01:51:52: Donnie Turbo(76561198041233395) CLIENT OWNER ID [23], TOKEN [v4b7i6168th537s4kg]
14.01.2020 01:57:46: Donnie Turbo(76561198041233395) CLIENT OWNER ID [24], TOKEN [knzcsgzvxrj8k6x]
14.01.2020 02:02:56: Zander Marino(76561198180893505) CLIENT OWNER ID [25], TOKEN [o9md5v0qicarfy4m3u]
14.01.2020 02:08:03: Héctor "Lil Loco" Arturo(76561197999316388) CLIENT OWNER ID [26], TOKEN [iqc466zsdxl0dnf]
14.01.2020 02:08:33: Harold Reginald(76561198355765034) CLIENT OWNER ID [27], TOKEN [h1nf4sn0t6y3sxyupxc]
14.01.2020 02:09:29: Harold Reginald(76561198355765034) CLIENT OWNER ID [27], TOKEN [lpw1t2aqg23cuqspw5]
14.01.2020 02:15:22: Harold Reginald(76561198355765034) CLIENT OWNER ID [27], TOKEN [kp6a8ts5tkdbhla]
14.01.2020 02:17:01: Wyclef(76561198038112694) CLIENT OWNER ID [29], TOKEN [gwvpd07keyhumw3rqg]
14.01.2020 02:25:09: Donnie Turbo(76561198041233395) CLIENT OWNER ID [32], TOKEN [vsmw6jgnucbcg5]
14.01.2020 02:29:40: Héctor "Lil Loco" Arturo(76561197999316388) CLIENT OWNER ID [30], TOKEN [tq06ww1gbf01v2a]
14.01.2020 02:42:31: Héctor "Lil Loco" Arturo(76561197999316388) CLIENT OWNER ID [33], TOKEN [xzx5h5pzoqve8q3eif]
14.01.2020 02:55:32: J. Daker(76561198038112694) CLIENT OWNER ID [34], TOKEN [oe2z8bellgewsed1]
14.01.2020 02:58:36: William Jones(76561198166473448) CLIENT OWNER ID [35], TOKEN [ouej6qigfsq2baw31]
14.01.2020 03:09:03: Davey Jones(76561198166473448) CLIENT OWNER ID [36], TOKEN [vvfj01r7hczug1xyd]
14.01.2020 04:11:40: luke(76561198264871362) CLIENT OWNER ID [21], TOKEN [g4vpkvzo5rnvmpf5]
14.01.2020 05:11:30: Pablo Escobar(76561198370210333) CLIENT OWNER ID [38], TOKEN [hhbvom18w63ipmfd]
14.01.2020 05:12:23: Pablo Escobar(76561198370210333) CLIENT OWNER ID [38], TOKEN [q6lux3uxg4sgyeuz]
14.01.2020 05:23:18: Davey Jones(76561198166473448) CLIENT OWNER ID [40], TOKEN [a7p8g3d5n5bsqmzjw]
14.01.2020 05:24:59: Javier Escuella(76561198370210333) CLIENT OWNER ID [41], TOKEN [jifjo4ni8tyteg9g]
14.01.2020 06:08:24: Zander Marino(76561198180893505) CLIENT OWNER ID [25], TOKEN [eox6lcw4e2ufxg5]
14.01.2020 06:36:19: Davey Jones(76561198166473448) CLIENT OWNER ID [40], TOKEN [m4xfzo6mzlw16qce2w]
14.01.2020 21:45:12: Wyclef(76561198038112694) CLIENT OWNER ID [4], TOKEN [s2ttgyuyla7gpsh2]
14.01.2020 22:32:35: Nino Marino(76561198206026112) CLIENT OWNER ID [5], TOKEN [e5mjsuscchov0lqns6]
14.01.2020 22:51:01: Wyclef(76561198038112694) CLIENT OWNER ID [5], TOKEN [lhlwcdd74jz07szi0]
14.01.2020 23:01:22: Nino Marino(76561198206026112) CLIENT OWNER ID [6], TOKEN [xe7ueozhhxji8e6]
14.01.2020 23:12:24: Donnie Turbo(76561198041233395) CLIENT OWNER ID [7], TOKEN [jlpq36i121r6fmf0]
