27.02.2020 00:02:10: infiSTAR_PlayerConnected_id: 1
27.02.2020 00:02:10: infiSTAR_PlayerDisconnected_id: 0
27.02.2020 00:17:41: 0h 17min | Connected: Donnie Turbo(76561198041233395 - 5) - time: 933.407 - serverFPS: 47.3373
27.02.2020 00:20:05: 0h 19min | Connected: AL "BIG AL" GAMBINO(76561198361509989 - 6) - time: 1076.47 - serverFPS: 45.4545
27.02.2020 00:25:49: 0h 25min | Connected: John Anderson(76561198180893505 - 9) - time: 1418.1 - serverFPS: 45.584
27.02.2020 00:27:33: 0h 27min | Connected: Amado Carrillo fuentes(76561198354844800 - 8) - time: 1522.55 - serverFPS: 45.8453
27.02.2020 00:38:11: 0h 37min | Disconnected: AL "BIG AL" GAMBINO(76561198361509989 - 6) - time: 2160.53 - serverFPS: 45.7143
27.02.2020 00:46:45: 0h 46min | Connected: luke(76561198264871362 - 10) - time: 2673.04 - serverFPS: 45.4545
27.02.2020 00:48:29: 0h 48min | Disconnected: luke(76561198264871362 - 10) - time: 2777.12 - serverFPS: 45.8453
27.02.2020 00:52:00: 0h 51min | Connected: luke(76561198264871362 - 11) - time: 2988.47 - serverFPS: 45.7143
27.02.2020 01:10:23: 1h 9min | Disconnected: luke(76561198264871362 - 11) - time: 4090.95 - serverFPS: 41.7755
27.02.2020 01:11:39: 1h 11min | Connected: Sherman(76561198038112694 - 13) - time: 4167.27 - serverFPS: 45.4545
27.02.2020 01:12:38: 1h 12min | Disconnected: John Anderson(76561198180893505 - 9) - time: 4225.11 - serverFPS: 45.3258
27.02.2020 01:13:34: 1h 13min | Connected: luke(76561198264871362 - 16) - time: 4281.06 - serverFPS: 45.584
27.02.2020 01:14:09: 1h 13min | Connected: John Anderson(76561198180893505 - 17) - time: 4316.68 - serverFPS: 45.8453
27.02.2020 01:17:46: 1h 17min | Disconnected: luke(76561198264871362 - 16) - time: 4532.33 - serverFPS: 45.1977
27.02.2020 01:22:42: 1h 22min | Connected: luke(76561198264871362 - 18) - time: 4827.92 - serverFPS: 46.1095
27.02.2020 01:24:09: 1h 23min | Disconnected: luke(76561198264871362 - 18) - time: 4915.25 - serverFPS: 45.1977
27.02.2020 01:28:15: 1h 27min | Connected: luke(76561198264871362 - 19) - time: 5161.43 - serverFPS: 45.8453
27.02.2020 01:34:35: 1h 34min | Connected: Rogue Tjay(76561198883479728 - 20) - time: 5540.93 - serverFPS: 45.584
27.02.2020 01:36:09: 1h 35min | Disconnected: Rogue Tjay(76561198883479728 - 20) - time: 5634.44 - serverFPS: 45.3258
27.02.2020 01:41:08: 1h 40min | Connected: Rogue Tjay(76561198883479728 - 21) - time: 5932.77 - serverFPS: 45.584
27.02.2020 01:46:23: 1h 45min | Disconnected: luke(76561198264871362 - 19) - time: 6248.05 - serverFPS: 42.5532
27.02.2020 01:50:11: 1h 49min | Connected: luke(76561198264871362 - 22) - time: 6476.57 - serverFPS: 45.584
27.02.2020 01:58:02: 1h 57min | Disconnected: Rogue Tjay(76561198883479728 - 21) - time: 6946.56 - serverFPS: 43.8356
27.02.2020 02:08:37: 2h 8min | Disconnected: luke(76561198264871362 - 22) - time: 7581.36 - serverFPS: 41.0256
27.02.2020 02:15:26: 2h 15min | Disconnected: John Anderson(76561198180893505 - 17) - time: 7990.73 - serverFPS: 45.584
27.02.2020 02:18:11: 2h 17min | Disconnected: Amado Carrillo fuentes(76561198354844800 - 8) - time: 8155.76 - serverFPS: 45.4545
27.02.2020 02:25:33: 2h 25min | Connected: Stanley Thompson [1K-75](76561198180893505 - 24) - time: 8598.19 - serverFPS: 45.1977
27.02.2020 02:30:12: 2h 29min | Disconnected: Sherman(76561198038112694 - 13) - time: 8876.28 - serverFPS: 45.7143
27.02.2020 02:33:49: 2h 33min | Disconnected: Stanley Thompson [1K-75](76561198180893505 - 24) - time: 9093.19 - serverFPS: 45.1977
27.02.2020 02:50:10: 2h 49min | Connected: luke(76561198264871362 - 25) - time: 10074.3 - serverFPS: 47.1976
27.02.2020 03:23:51: 3h 23min | Connected: Stanley Thompson [1K-75](76561198180893505 - 26) - time: 12095.4 - serverFPS: 45.8453
27.02.2020 03:30:21: 3h 29min | Disconnected: Stanley Thompson [1K-75](76561198180893505 - 26) - time: 12484.8 - serverFPS: 45.4545
27.02.2020 03:30:36: 3h 30min | Connected: Stanley Thompson [1K-75](76561198180893505 - 26) - time: 12499.8 - serverFPS: 45.4545
27.02.2020 03:32:29: 3h 32min | Disconnected: luke(76561198264871362 - 25) - time: 12612.2 - serverFPS: 47.3373
27.02.2020 03:32:46: 3h 32min | Disconnected: Stanley Thompson [1K-75](76561198180893505 - 26) - time: 12630 - serverFPS: 46.1095
27.02.2020 03:33:25: 3h 33min | Connected: John Anderson(76561198180893505 - 27) - time: 12669.2 - serverFPS: 45.7143
27.02.2020 03:51:33: 3h 51min | Connected: luke(76561198264871362 - 28) - time: 13755.8 - serverFPS: 45.4545
27.02.2020 03:52:00: 3h 51min | Disconnected: John Anderson(76561198180893505 - 27) - time: 13783 - serverFPS: 43.8356
27.02.2020 03:53:26: 3h 53min | Connected: John Anderson(76561198180893505 - 32) - time: 13869.4 - serverFPS: 45.4545
27.02.2020 04:00:19: 3h 59min | Disconnected: luke(76561198264871362 - 28) - time: 14282.1 - serverFPS: 45.1977
27.02.2020 04:53:58: 4h 53min | Connected: luke(76561198264871362 - 33) - time: 17501.3 - serverFPS: 45.4545
27.02.2020 05:01:40: 5h 1min | Disconnected: luke(76561198264871362 - 33) - time: 17962.9 - serverFPS: 45.8453
27.02.2020 05:25:30: infiSTAR_PlayerConnected_id: 1
27.02.2020 05:25:30: infiSTAR_PlayerDisconnected_id: 0
27.02.2020 05:29:09: 0h 5min | Connected: Sherman(76561198038112694 - 4) - time: 222.029 - serverFPS: 46.3768
27.02.2020 05:41:58: 0h 18min | Disconnected: Sherman(76561198038112694 - 4) - time: 989.857 - serverFPS: 46.5116
27.02.2020 05:42:38: 0h 18min | Connected: Jbo Marino[201](76561198206026112 - 5) - time: 1030.17 - serverFPS: 45.7143
27.02.2020 05:47:48: 0h 23min | Disconnected: Jbo Marino[201](76561198206026112 - 5) - time: 1340.4 - serverFPS: 44.1989
27.02.2020 05:54:31: 0h 30min | Connected: Jbo Marino[201](76561198206026112 - 6) - time: 1743.39 - serverFPS: 47.4777
27.02.2020 06:06:44: 0h 42min | Disconnected: Jbo Marino[201](76561198206026112 - 6) - time: 2475.7 - serverFPS: 45.4545
27.02.2020 06:14:37: 0h 50min | Connected: Sherman(76561198038112694 - 7) - time: 2949.07 - serverFPS: 45.4545
27.02.2020 06:16:45: 0h 52min | Disconnected: Sherman(76561198038112694 - 7) - time: 3076.2 - serverFPS: 45.584
27.02.2020 06:22:05: infiSTAR_PlayerConnected_id: 1
27.02.2020 06:22:05: infiSTAR_PlayerDisconnected_id: 0
27.02.2020 06:24:14: 0h 3min | Connected: Sherman(76561198038112694 - 4) - time: 131.79 - serverFPS: 45.3258
27.02.2020 06:27:40: 0h 7min | Disconnected: Sherman(76561198038112694 - 4) - time: 338.2 - serverFPS: 45.8453
27.02.2020 07:36:05: 1h 15min | Connected: Nino Marino(76561198206026112 - 8) - time: 4443.26 - serverFPS: 45.3258
27.02.2020 07:57:32: 1h 37min | Connected: Robert Kennedy(76561198083728776 - 9) - time: 5729.75 - serverFPS: 45.7143
27.02.2020 08:02:25: 1h 42min | Disconnected: Robert Kennedy(76561198083728776 - 9) - time: 6022.42 - serverFPS: 45.4545
27.02.2020 08:12:21: 1h 51min | Disconnected: Nino Marino(76561198206026112 - 8) - time: 6618.01 - serverFPS: 45.977
27.02.2020 08:38:20: 2h 17min | Connected: Sternn(76561198087299936 - 10) - time: 8177.09 - serverFPS: 45.7143
27.02.2020 09:07:53: 2h 47min | Disconnected: Sternn(76561198087299936 - 10) - time: 9949.47 - serverFPS: 45.3258
27.02.2020 12:02:01: infiSTAR_PlayerConnected_id: 1
27.02.2020 12:02:01: infiSTAR_PlayerDisconnected_id: 0
27.02.2020 20:56:24: 8h 56min | Connected: Donnie Turbo(76561198041233395 - 5) - time: 32066.9 - serverFPS: 46.1095
27.02.2020 21:28:25: 9h 28min | Connected: WarFire(76561198150464364 - 6) - time: 33986.7 - serverFPS: 46.9208
27.02.2020 21:34:01: 9h 33min | Disconnected: WarFire(76561198150464364 - 6) - time: 34321.9 - serverFPS: 47.9042
27.02.2020 22:13:20: 10h 13min | Connected: Axel Jones(76561198091943121 - 8) - time: 36680.8 - serverFPS: 46.2428
27.02.2020 22:13:22: 10h 13min | Disconnected: Axel Jones(76561198091943121 - 8) - time: 36683.4 - serverFPS: 45.584
27.02.2020 22:18:50: 10h 18min | Connected: Axel Jones(76561198091943121 - 9) - time: 37012 - serverFPS: 47.3373
27.02.2020 22:50:11: 10h 49min | Disconnected: Axel Jones(76561198091943121 - 9) - time: 38891.8 - serverFPS: 45.977
