27.01.2020 00:03:44: 20h 32min | Jbo Marino[201](76561198206026112) | spawning Tractor (C_Tractor_01_F)
27.01.2020 00:04:19: 20h 32min | Jbo Marino[201](76561198206026112) | Deleting C_Tractor_01_F @035999..
27.01.2020 00:05:46: 20h 34min | Jbo Marino[201](76561198206026112) | SPECTATE - switchedCamera on Davey Jones(76561198166473448) - C_man_1
27.01.2020 00:05:54: 20h 34min | Jbo Marino[201](76561198206026112) | SPECTATE - switchedCamera on Donnie Turbo(76561198041233395) - d3s_boss_15
27.01.2020 00:05:55: 20h 34min | Jbo Marino[201](76561198206026112) | SPECTATE - switchedCamera on [1K-33] R. Tjay(76561198883479728) - d3s_charger_15_CPP
27.01.2020 00:05:57: 20h 34min | Jbo Marino[201](76561198206026112) | SPECTATE - switchedCamera on Davey Jones(76561198166473448) - d3s_boss_15
27.01.2020 00:06:02: 20h 34min | Jbo Marino[201](76561198206026112) | SPECTATE - switchedCamera on Thomas(76561198174871239) - C_man_1
27.01.2020 00:06:05: 20h 34min | Jbo Marino[201](76561198206026112) | SPECTATE - switchedCamera on Donnie Turbo(76561198041233395) - d3s_boss_15
27.01.2020 00:09:30: 20h 38min | Jbo Marino[201](76561198206026112) | SPECTATE - switchedCamera on [1K-33] R. Tjay(76561198883479728) - B_RangeMaster_F
27.01.2020 00:10:15: 20h 38min | Donnie Turbo(76561198041233395) | UnlimAmmo - 0
27.01.2020 00:15:50: 20h 44min | Donnie Turbo(76561198041233395) | UnlimAmmo - 1
27.01.2020 00:16:23: 20h 45min | Jbo Marino[201](76561198206026112) | SPECTATE - switchedCamera on Donnie Turbo(76561198041233395) - d3s_boss_15
27.01.2020 00:16:28: 20h 45min | Jbo Marino[201](76561198206026112) | SPECTATE - switchedCamera on Davey Jones(76561198166473448) - d3s_boss_15
27.01.2020 00:18:15: 20h 46min | Jbo Marino[201](76561198206026112) | God Mode - 1
27.01.2020 00:18:16: 20h 46min | Jbo Marino[201](76561198206026112) | Stealth / Invisible - 1
27.01.2020 00:18:20: 20h 47min | Jbo Marino[201](76561198206026112) | SPECTATE - switchedCamera on Davey Jones(76561198166473448) - d3s_boss_15
27.01.2020 00:18:42: 20h 47min | Jbo Marino[201](76561198206026112) | Stealth / Invisible - 0
27.01.2020 00:18:44: 20h 47min | Jbo Marino[201](76561198206026112) | God Mode - 0
27.01.2020 00:24:49: 20h 53min | Donnie Turbo(76561198041233395) | UnlimAmmo - 0
27.01.2020 00:28:20: 20h 57min | Donnie Turbo(76561198041233395) | Teleport to [3823.8,3272.06,0](GPS: 038002)
27.01.2020 00:31:36: 20h 60min | Donnie Turbo(76561198041233395) | Teleport to [3670.33,3997.76,0](GPS: 036009)
27.01.2020 00:39:13: 21h 7min | Donnie Turbo(76561198041233395) | Teleport to [3902.57,3171.94,0](GPS: 039000)
27.01.2020 00:40:51: 21h 9min | Donnie Turbo(76561198041233395) | spawning A3L Pokemon GO Backpack (Red) (A3L_BergenPogo_red)
27.01.2020 00:41:41: 21h 10min | Donnie Turbo(76561198041233395) | Teleport to [3563.33,3116.09,0](GPS: 035000)
27.01.2020 00:43:06: 21h 11min | Jbo Marino[201](76561198206026112) | SPECTATE - switchedCamera on Davey Jones(76561198166473448) - C_man_1
27.01.2020 00:43:18: 21h 11min | Donnie Turbo(76561198041233395) | Teleport to [3816,3218.28,0](GPS: 038001)
27.01.2020 00:51:56: 21h 20min | Donnie Turbo(76561198041233395) | Teleport to [5553.75,4329.95,0](GPS: 055012)
27.01.2020 00:52:26: 21h 21min | Donnie Turbo(76561198041233395) | Teleport to [3542.98,2988.13,0](GPS: 035999)
27.01.2020 00:53:24: 21h 22min | Jbo Marino[201](76561198206026112) | SPECTATE - switchedCamera on Davey Jones(76561198166473448) - C_man_1
27.01.2020 00:53:28: 21h 22min | Jbo Marino[201](76561198206026112) | SPECTATE - switchedCamera on [1K-33] R. Tjay(76561198883479728) - d3s_charger_15_CPP
27.01.2020 00:53:29: 21h 22min | Jbo Marino[201](76561198206026112) | SPECTATE - switchedCamera on [1A-02]J. Daker(76561198038112694) - d3s_camry_18_UNM
27.01.2020 00:53:32: 21h 22min | Jbo Marino[201](76561198206026112) | SPECTATE - switchedCamera on Donnie Turbo(76561198041233395) - C_man_1
27.01.2020 00:53:33: 21h 22min | Jbo Marino[201](76561198206026112) | SPECTATE - switchedCamera on Javier Escuella(76561198370210333) - d3s_wrx_sti_17
27.01.2020 00:53:41: 21h 22min | Jbo Marino[201](76561198206026112) | SPECTATE - switchedCamera on Jbo Marino[201](76561198206026112) - d3s_raptor_EMS_17
27.01.2020 00:53:43: 21h 22min | Jbo Marino[201](76561198206026112) | SPECTATE - switchedCamera on Javier Escuella(76561198370210333) - d3s_wrx_sti_17
27.01.2020 00:53:49: 21h 22min | Jbo Marino[201](76561198206026112) | SPECTATE - switchedCamera on Thomas(76561198174871239) - d3s_raptor_SCR_17
27.01.2020 01:00:34: 21h 29min | Jbo Marino[201](76561198206026112) | SPECTATE - switchedCamera on [1K-33] R. Tjay(76561198883479728) - d3s_charger_15_CPP
27.01.2020 01:00:37: 21h 29min | Jbo Marino[201](76561198206026112) | SPECTATE - switchedCamera on Davey Jones(76561198166473448) - C_man_1
27.01.2020 01:00:42: 21h 29min | Jbo Marino[201](76561198206026112) | SPECTATE - switchedCamera on Javier Escuella(76561198370210333) - d3s_wrx_sti_17
27.01.2020 01:00:43: 21h 29min | Jbo Marino[201](76561198206026112) | SPECTATE - switchedCamera on Jbo Marino[201](76561198206026112) - d3s_raptor_EMS_17
27.01.2020 01:00:47: 21h 29min | Jbo Marino[201](76561198206026112) | SPECTATE - switchedCamera on Thomas(76561198174871239) - d3s_raptor_SCR_17
27.01.2020 01:00:50: 21h 29min | Jbo Marino[201](76561198206026112) | SPECTATE - switchedCamera on [1A-02]J. Daker(76561198038112694) - d3s_camry_18_UNM
27.01.2020 01:01:20: 21h 30min | Donnie Turbo(76561198041233395) | Teleport - Target To Me - Davey Jones [CIV](76561198166473448)
27.01.2020 01:02:07: 21h 30min | Jbo Marino[201](76561198206026112) | SPECTATE - switchedCamera on Thomas(76561198174871239) - d3s_raptor_SCR_17
27.01.2020 01:02:15: 21h 30min | Jbo Marino[201](76561198206026112) | SPECTATE - switchedCamera on [1A-02]J. Daker(76561198038112694) - d3s_camry_18_UNM
27.01.2020 01:02:16: 21h 30min | Jbo Marino[201](76561198206026112) | SPECTATE - switchedCamera on [1K-33] R. Tjay(76561198883479728) - d3s_charger_15_CPP
27.01.2020 01:02:19: 21h 31min | Jbo Marino[201](76561198206026112) | SPECTATE - switchedCamera on Thomas(76561198174871239) - d3s_raptor_SCR_17
27.01.2020 01:02:31: 21h 31min | Jbo Marino[201](76561198206026112) | SPECTATE - switchedCamera on Davey Jones(76561198166473448) - d3s_boss_15
27.01.2020 01:22:42: 21h 51min | Jbo Marino[201](76561198206026112) | SPECTATE - switchedCamera on [1K-33] R. Tjay(76561198883479728) - d3s_FPIU_13
27.01.2020 01:22:51: 21h 51min | Jbo Marino[201](76561198206026112) | SPECTATE - switchedCamera on Davey Jones(76561198166473448) - d3s_boss_15
27.01.2020 01:23:04: 21h 51min | Jbo Marino[201](76561198206026112) | SPECTATE - switchedCamera on Thomas(76561198174871239) - d3s_raptor_SCR_17
27.01.2020 01:25:13: 21h 53min | Jbo Marino[201](76561198206026112) | SPECTATE - switchedCamera on Davey Jones(76561198166473448) - d3s_boss_15
27.01.2020 01:25:19: 21h 54min | Jbo Marino[201](76561198206026112) | SPECTATE - switchedCamera on [1K-33] R. Tjay(76561198883479728) - d3s_FPIU_13
27.01.2020 01:28:04: 21h 56min | Donnie Turbo(76561198041233395) | Teleport to [5606.31,4299.83,0](GPS: 056012)
27.01.2020 01:32:10: 22h 0min | Donnie Turbo(76561198041233395) | Teleport to [3467.48,2813.24,0](GPS: 034997)
27.01.2020 01:37:39: 22h 6min | Donnie Turbo(76561198041233395) | UnlimAmmo - 1
27.01.2020 01:37:52: 22h 6min | Donnie Turbo(76561198041233395) | HealRepairNear
27.01.2020 01:37:52: 22h 6min | Donnie Turbo(76561198041233395) | HealRepairNear
27.01.2020 01:37:55: 22h 6min | Donnie Turbo(76561198041233395) | locked - [d3s_raptor_EMS_17]
27.01.2020 01:53:35: 22h 22min | Boyevik Butch-Mac Volkev(76561198089960350) | Teleport to [3146.6,4756.5,0](GPS: 031016)
27.01.2020 01:53:39: 22h 22min | Boyevik Butch-Mac Volkev(76561198089960350) | Stealth / Invisible - 1
27.01.2020 01:53:40: 22h 22min | Boyevik Butch-Mac Volkev(76561198089960350) | infiSTAR MapIcons - 1
27.01.2020 01:53:44: 22h 22min | Boyevik Butch-Mac Volkev(76561198089960350) | God Mode - 1
27.01.2020 01:53:45: 22h 22min | Boyevik Butch-Mac Volkev(76561198089960350) | Teleport In Facing Direction (10m steps) - 1
27.01.2020 01:57:59: 22h 26min | Donnie Turbo(76561198041233395) | Deleting GroundWeaponHolder @038001..
27.01.2020 02:03:12: 22h 31min | Jbo Marino[201](76561198206026112) | SPECTATE - switchedCamera on Harold Reginald(76561198355765034) - C_man_1
27.01.2020 02:03:25: 22h 32min | Jbo Marino[201](76561198206026112) | Teleport - Target To Me - Harold Reginald [CIV](76561198355765034)
27.01.2020 02:06:08: 22h 34min | Jbo Marino[201](76561198206026112) | SPECTATE - switchedCamera on Boyevik Butch-Mac Volkev(76561198089960350) - C_man_1
27.01.2020 02:06:48: 22h 35min | Boyevik Butch-Mac Volkev(76561198089960350) | Teleport to [3583.96,3195.31,0](GPS: 035001)
27.01.2020 02:07:15: 22h 35min | Boyevik Butch-Mac Volkev(76561198089960350) | Teleport to [3845.25,3267.09,0](GPS: 038001)
27.01.2020 02:07:34: 22h 36min | Donnie Turbo(76561198041233395) | UnlimAmmo - 0
27.01.2020 02:08:02: 22h 36min | Boyevik Butch-Mac Volkev(76561198089960350) | Teleport to [3745.68,3268.86,0](GPS: 037001)
27.01.2020 02:10:41: 22h 39min | Boyevik Butch-Mac Volkev(76561198089960350) | Move In Target Vehicle - Harold Reginald [CIV](76561198355765034)
27.01.2020 02:10:51: 22h 39min | Boyevik Butch-Mac Volkev(76561198089960350) | Stealth / Invisible - 0
27.01.2020 02:10:55: 22h 39min | Boyevik Butch-Mac Volkev(76561198089960350) | Stealth / Invisible - 1
27.01.2020 02:12:20: 22h 41min | Boyevik Butch-Mac Volkev(76561198089960350) | Eject - Boyevik Butch-Mac Volkev [CIV](76561198089960350)
27.01.2020 02:13:07: 22h 41min | Jbo Marino[201](76561198206026112) | SPECTATE - switchedCamera on Javier Escuella(76561198370210333) - C_man_1
27.01.2020 02:13:24: 22h 42min | Jbo Marino[201](76561198206026112) | Teleport - Me To Target - Javier Escuella [CIV](76561198370210333)
27.01.2020 02:13:34: 22h 42min | Boyevik Butch-Mac Volkev(76561198089960350) | Stealth / Invisible - 0
27.01.2020 02:15:43: 22h 44min | Jbo Marino[201](76561198206026112) | Teleport to [3564.51,2992.87,0](GPS: 035999)
27.01.2020 02:28:13: 22h 56min | Jbo Marino[201](76561198206026112) | spawning Fardo de Cocaina (1Kg) (pop_cocaina_f)
27.01.2020 02:28:13: 22h 56min | Jbo Marino[201](76561198206026112) | spawning Fardo de Cocaina (1Kg) (pop_cocaina_f)
27.01.2020 02:28:13: 22h 56min | Jbo Marino[201](76561198206026112) | spawning Fardo de Cocaina (1Kg) (pop_cocaina_f)
27.01.2020 02:28:14: 22h 56min | Jbo Marino[201](76561198206026112) | spawning Fardo de Cocaina (1Kg) (pop_cocaina_f)
27.01.2020 02:31:36: 22h 60min | Boyevik Butch-Mac Volkev(76561198089960350) | God Mode - 0
27.01.2020 02:33:50: 23h 2min | Boyevik Butch-Mac Volkev(76561198089960350) | Teleport to [3514.92,3013.27,0](GPS: 035999)
27.01.2020 02:37:46: 23h 6min | Boyevik Butch-Mac Volkev(76561198089960350) | Teleport to [3534.8,3127.26,0](GPS: 035000)
27.01.2020 02:37:53: 23h 6min | Boyevik Butch-Mac Volkev(76561198089960350) | Teleport to [3512.97,3018.05,0](GPS: 035999)
27.01.2020 02:41:02: 23h 9min | Boyevik Butch-Mac Volkev(76561198089960350) | Move In Target Vehicle - [1A-01] J Shepard [WEST](76561198043298972)
27.01.2020 02:44:37: 23h 13min | Boyevik Butch-Mac Volkev(76561198089960350) | unlocked - [d3s_charger_15_CPP]
27.01.2020 02:44:39: 23h 13min | Donnie Turbo(76561198041233395) | unlocked - [d3s_vklasse_17]
27.01.2020 02:44:50: 23h 13min | Boyevik Butch-Mac Volkev(76561198089960350) | HealRepairNear
27.01.2020 02:44:56: 23h 13min | Donnie Turbo(76561198041233395) | locked - [d3s_vklasse_17]
27.01.2020 02:46:40: 23h 15min | Donnie Turbo(76561198041233395) | Deleting d3s_fseries_17_TOW @038000..
27.01.2020 02:51:35: 23h 20min | Donnie Turbo(76561198041233395) | Teleport to [3911.13,3251.25,0](GPS: 039001)
27.01.2020 02:58:11: 23h 26min | Boyevik Butch-Mac Volkev(76561198089960350) | unlocked - [d3s_charger_15_CPP]
27.01.2020 02:58:13: 23h 26min | Boyevik Butch-Mac Volkev(76561198089960350) | locked - [d3s_charger_15_CPP]
27.01.2020 02:58:55: 23h 27min | Boyevik Butch-Mac Volkev(76561198089960350) | unlocked - [d3s_charger_15_CPP]
27.01.2020 02:58:57: 23h 27min | Boyevik Butch-Mac Volkev(76561198089960350) | locked - [d3s_charger_15_CPP]
27.01.2020 03:07:38: 23h 36min | Donnie Turbo(76561198041233395) | spawning Tractor (C_Tractor_01_F)
27.01.2020 03:07:47: 23h 36min | Donnie Turbo(76561198041233395) | locked - [C_Tractor_01_F]
27.01.2020 03:08:33: 23h 37min | Donnie Turbo(76561198041233395) | unlocked - [C_Tractor_01_F]
27.01.2020 03:08:40: 23h 37min | Donnie Turbo(76561198041233395) | locked - [C_Tractor_01_F]
27.01.2020 03:12:14: 23h 40min | Boyevik Butch-Mac Volkev(76561198089960350) | Revive - civ_4(76561198370210333)
27.01.2020 03:15:21: 23h 44min | Boyevik Butch-Mac Volkev(76561198089960350) | locked - [d3s_charger_15_CPP]
27.01.2020 03:16:46: 23h 45min | Boyevik Butch-Mac Volkev(76561198089960350) | unlocked - [d3s_charger_15_CPP]
27.01.2020 03:21:31: 23h 50min | Boyevik Butch-Mac Volkev(76561198089960350) | Revive - civ_3(76561198038112694)
27.01.2020 03:21:58: 23h 50min | Boyevik Butch-Mac Volkev(76561198089960350) | HealRepairNear
27.01.2020 03:28:29: 23h 57min | Donnie Turbo(76561198041233395) | God Mode - 1
27.01.2020 03:28:35: 23h 57min | Donnie Turbo(76561198041233395) | UnlimAmmo - 1
27.01.2020 03:28:55: 23h 57min | Jbo Marino[201](76561198206026112) | Teleport - Me To Target - Zander Marino [GUER](76561198180893505)
27.01.2020 03:29:30: 23h 58min | Donnie Turbo(76561198041233395) | noRecoil - 1
27.01.2020 03:29:33: 23h 58min | Donnie Turbo(76561198041233395) | God Mode - 0
27.01.2020 03:30:12: 23h 58min | Jbo Marino[201](76561198206026112) | Stealth / Invisible - 1
27.01.2020 03:30:13: 23h 58min | Jbo Marino[201](76561198206026112) | God Mode - 1
27.01.2020 03:30:57: 23h 59min | Donnie Turbo(76561198041233395) | Revive - medic_2(76561198180893505)
27.01.2020 03:56:36: 0h 21min | Donnie Turbo(76561198041233395) | UnlimAmmo - 1
27.01.2020 03:56:40: 0h 21min | Donnie Turbo(76561198041233395) | noRecoil - 1
27.01.2020 05:22:02: 1h 46min | [1k-40] Jose Santana(76561198206026112) | Teleport to [3845.68,3275.13,0](GPS: 038002)
27.01.2020 05:24:39: 1h 49min | [1k-40] Jose Santana(76561198206026112) | Killing Zander Marino(76561198180893505) @038001
27.01.2020 05:24:39: 1h 49min | [1k-40] Jose Santana(76561198206026112) | Kill - civ_1(76561198180893505)
27.01.2020 05:24:42: 1h 49min | [1k-40] Jose Santana(76561198206026112) | Revive - cop_1(76561198206026112)
27.01.2020 05:25:02: 1h 49min | [1k-40] Jose Santana(76561198206026112) | Revive - civ_1(76561198180893505)
27.01.2020 05:25:22: 1h 50min | [1k-40] Jose Santana(76561198206026112) | Killing Zander Marino(76561198180893505) @038001
27.01.2020 05:25:22: 1h 50min | [1k-40] Jose Santana(76561198206026112) | Kill - civ_1(76561198180893505)
27.01.2020 05:25:27: 1h 50min | [1k-40] Jose Santana(76561198206026112) | Revive - civ_2(76561198860031547)
27.01.2020 05:25:32: 1h 50min | [1k-40] Jose Santana(76561198206026112) | Revive - cop_1(76561198206026112)
27.01.2020 05:25:39: 1h 50min | [1k-40] Jose Santana(76561198206026112) | Revive - civ_1(76561198180893505)
27.01.2020 05:26:05: 1h 50min | [1k-40] Jose Santana(76561198206026112) | Revive - civ_2(76561198860031547)
27.01.2020 05:26:21: 1h 51min | [1k-40] Jose Santana(76561198206026112) | Revive - civ_1(76561198180893505)
27.01.2020 05:27:27: 1h 52min | [1k-40] Jose Santana(76561198206026112) | spawning Honda Civic COP (d3s_civic_17_COP)
27.01.2020 05:27:33: 1h 52min | [1k-40] Jose Santana(76561198206026112) | spawning MINI Cooper Clubman'11 (d3s_clubman_11)
27.01.2020 05:27:47: 1h 52min | [1k-40] Jose Santana(76561198206026112) | spawning Dodge Coronet Police '70 (d3s_coronet_70_COP)
27.01.2020 05:28:41: 1h 53min | [1k-40] Jose Santana(76561198206026112) | Deleting d3s_clubman_11 @038002..
27.01.2020 05:28:59: 1h 53min | [1k-40] Jose Santana(76561198206026112) | unlocked - [d3s_coronet_70_COP]
27.01.2020 05:30:07: 1h 54min | [1k-40] Jose Santana(76561198206026112) | HealRepairNear
27.01.2020 05:30:07: 1h 54min | [1k-40] Jose Santana(76561198206026112) | HealRepairNear
27.01.2020 05:31:09: 1h 55min | [1k-40] Jose Santana(76561198206026112) | HealRepairNear
27.01.2020 05:31:09: 1h 55min | [1k-40] Jose Santana(76561198206026112) | HealRepairNear
27.01.2020 05:32:44: 1h 57min | [1k-40] Jose Santana(76561198206026112) | spawning Ferrari 599XX Evoluzione'12 (d3s_599XXE_12)
27.01.2020 05:32:54: 1h 57min | [1k-40] Jose Santana(76561198206026112) | Deleting d3s_civic_17_COP @035009..
27.01.2020 05:35:00: 1h 59min | [1k-40] Jose Santana(76561198206026112) | Zeus Zander Marino(76561198180893505) @034007
27.01.2020 05:35:00: 1h 59min | [1k-40] Jose Santana(76561198206026112) | Zeus - civ_1(76561198180893505)
27.01.2020 05:35:17: 1h 59min | [1k-40] Jose Santana(76561198206026112) | Revive - civ_1(76561198180893505)
27.01.2020 05:35:53: 2h 0min | [1k-40] Jose Santana(76561198206026112) | HealRepairNear
27.01.2020 05:35:53: 2h 0min | [1k-40] Jose Santana(76561198206026112) | HealRepairNear
27.01.2020 05:36:16: 2h 0min | [1k-40] Jose Santana(76561198206026112) | Heal - civ_2(76561198860031547)
27.01.2020 05:36:18: 2h 1min | [1k-40] Jose Santana(76561198206026112) | Heal - cop_1(76561198206026112)
27.01.2020 05:37:45: 2h 2min | [1k-40] Jose Santana(76561198206026112) | Revive - cop_1(76561198206026112)
27.01.2020 05:37:50: 2h 2min | [1k-40] Jose Santana(76561198206026112) | Revive - civ_1(76561198180893505)
27.01.2020 05:38:23: 2h 3min | [1k-40] Jose Santana(76561198206026112) | spawning Pagani Zonda Barchetta R'18 (d3s_zonda_18_R)
27.01.2020 05:38:25: 2h 3min | [1k-40] Jose Santana(76561198206026112) | spawning Pagani Zonda Barchetta '18 (d3s_zonda_18)
27.01.2020 05:38:43: 2h 3min | [1k-40] Jose Santana(76561198206026112) | spawning Bugatti La Voiture Noire ''110 ans Bugatti''19 (d3s_voiture_19_B)
27.01.2020 05:38:45: 2h 3min | [1k-40] Jose Santana(76561198206026112) | spawning Bugatti La Voiture Noire '19 (d3s_voiture_19)
27.01.2020 05:38:46: 2h 3min | [1k-40] Jose Santana(76561198206026112) | spawning Bugatti Veyron 16.4 Super Sport '12 (d3s_veyron_12_SS)
27.01.2020 05:38:47: 2h 3min | [1k-40] Jose Santana(76561198206026112) | spawning Bugatti Veyron '11 (d3s_veyron_12)
27.01.2020 05:38:48: 2h 3min | [1k-40] Jose Santana(76561198206026112) | spawning Bugatti Centodieci ''EB110 Homage''19 (d3s_eb110_19_H)
27.01.2020 05:38:49: 2h 3min | [1k-40] Jose Santana(76561198206026112) | spawning Bugatti Centodieci '19 (d3s_eb110_19)
27.01.2020 05:38:51: 2h 3min | [1k-40] Jose Santana(76561198206026112) | spawning Bugatti Divo EX'19 (d3s_divo_19_P)
27.01.2020 05:40:05: 2h 4min | [1k-40] Jose Santana(76561198206026112) | HealRepairNear
27.01.2020 05:40:06: 2h 4min | [1k-40] Jose Santana(76561198206026112) | HealRepairNear
27.01.2020 05:40:21: 2h 5min | [1k-40] Jose Santana(76561198206026112) | HealRepairNear
27.01.2020 05:40:21: 2h 5min | [1k-40] Jose Santana(76561198206026112) | HealRepairNear
27.01.2020 05:42:02: 2h 6min | [1k-40] Jose Santana(76561198206026112) | Deleting d3s_divo_19_P @034008..
27.01.2020 05:42:22: 2h 7min | [1k-40] Jose Santana(76561198206026112) | HealRepairNear
27.01.2020 05:42:23: 2h 7min | [1k-40] Jose Santana(76561198206026112) | HealRepairNear
27.01.2020 05:42:31: 2h 7min | [1k-40] Jose Santana(76561198206026112) | unlocked - [d3s_zonda_18]
27.01.2020 05:44:38: 2h 9min | [1k-40] Jose Santana(76561198206026112) | unlocked - [d3s_zonda_18_R]
27.01.2020 05:44:49: 2h 9min | [1k-40] Jose Santana(76561198206026112) | Deleting d3s_eb110_19_H @034008..
27.01.2020 05:44:53: 2h 9min | [1k-40] Jose Santana(76561198206026112) | Deleting d3s_voiture_19 @034008..
27.01.2020 05:44:55: 2h 9min | [1k-40] Jose Santana(76561198206026112) | Deleting d3s_599XXE_12 @034008..
27.01.2020 05:45:13: 2h 9min | [1k-40] Jose Santana(76561198206026112) | spawning Porsche Macan'16 COP (d3s_macan_16_COP)
27.01.2020 05:45:14: 2h 9min | [1k-40] Jose Santana(76561198206026112) | spawning Porsche Macan'16 EMS (d3s_macan_16_EMS)
27.01.2020 05:45:16: 2h 9min | [1k-40] Jose Santana(76561198206026112) | spawning MadMax Cardinal Grinder (Cardinal_Grinder)
27.01.2020 05:45:17: 2h 9min | [1k-40] Jose Santana(76561198206026112) | spawning MadMax Righteous Spike (Righteous_Spike)
27.01.2020 05:45:19: 2h 10min | [1k-40] Jose Santana(76561198206026112) | spawning Chevrolet Malibu Police Unmarked'18 (d3s_malibu_18_UNM)
27.01.2020 05:45:22: 2h 10min | [1k-40] Jose Santana(76561198206026112) | spawning McLaren 720S P14'19 (d3s_mclaren_18)
27.01.2020 05:45:23: 2h 10min | [1k-40] Jose Santana(76561198206026112) | spawning McLaren Vorsteiner 720S P14'19 (d3s_mclaren_18_V)
27.01.2020 05:45:24: 2h 10min | [1k-40] Jose Santana(76561198206026112) | spawning McLaren 720S [Police] (d3s_mclaren_18_COP)
27.01.2020 05:45:28: 2h 10min | [1k-40] Jose Santana(76561198206026112) | spawning  KTM 1290 Super Duke (d3s_KTM_1290_Super_Duke)
27.01.2020 05:45:47: 2h 10min | [1k-40] Jose Santana(76561198206026112) | spawning Koenigsegg Regera '15 (d3s_regera_15)
27.01.2020 05:45:50: 2h 10min | [1k-40] Jose Santana(76561198206026112) | spawning Koenigsegg Regera R'15 (d3s_regera_15_R)
27.01.2020 05:46:50: 2h 11min | [1k-40] Jose Santana(76561198206026112) | Teleport - Target To Me - Zander Marino [CIV](76561198180893505)
27.01.2020 05:48:39: 2h 13min | [1k-40] Jose Santana(76561198206026112) | HealRepairNear
27.01.2020 05:48:39: 2h 13min | [1k-40] Jose Santana(76561198206026112) | HealRepairNear
27.01.2020 05:48:50: 2h 13min | [1k-40] Jose Santana(76561198206026112) | Deleting d3s_KTM_1290_Super_Duke @034008..
27.01.2020 05:48:55: 2h 13min | [1k-40] Jose Santana(76561198206026112) | Deleting d3s_macan_16_EMS @034008..
27.01.2020 05:48:56: 2h 13min | [1k-40] Jose Santana(76561198206026112) | Deleting d3s_macan_16_COP @034008..
27.01.2020 05:49:00: 2h 13min | [1k-40] Jose Santana(76561198206026112) | Deleting d3s_malibu_18_UNM @034008..
27.01.2020 05:49:04: 2h 13min | [1k-40] Jose Santana(76561198206026112) | Deleting d3s_eb110_19 @034008..
27.01.2020 05:49:06: 2h 13min | [1k-40] Jose Santana(76561198206026112) | Deleting d3s_veyron_12 @034008..
27.01.2020 05:49:08: 2h 13min | [1k-40] Jose Santana(76561198206026112) | Deleting d3s_voiture_19_B @034008..
27.01.2020 05:49:10: 2h 13min | [1k-40] Jose Santana(76561198206026112) | Deleting d3s_veyron_12_SS @034008..
27.01.2020 05:49:13: 2h 13min | [1k-40] Jose Santana(76561198206026112) | Deleting d3s_zonda_18 @034008..
27.01.2020 05:49:26: 2h 14min | [1k-40] Jose Santana(76561198206026112) | Deleting d3s_regera_15_R @034008..
27.01.2020 05:49:30: 2h 14min | [1k-40] Jose Santana(76561198206026112) | Deleting Cardinal_Grinder @034008..
27.01.2020 05:49:32: 2h 14min | [1k-40] Jose Santana(76561198206026112) | Deleting d3s_mclaren_18_V @034008..
27.01.2020 05:49:38: 2h 14min | [1k-40] Jose Santana(76561198206026112) | Deleting Righteous_Spike @034008..
27.01.2020 05:50:28: 2h 15min | [1k-40] Jose Santana(76561198206026112) | spawning Ferrari LaFerrari Prototipo'14 (d3s_LaFerrari_14_P)
27.01.2020 05:50:39: 2h 15min | [1k-40] Jose Santana(76561198206026112) | spawning Ford Model A Sultan (d3s_model_a)
27.01.2020 05:51:11: 2h 15min | [1k-40] Jose Santana(76561198206026112) | spawning Nissan Silvia S15 Rocket Bunny'02 (d3s_silvia_s15_02)
27.01.2020 05:51:13: 2h 15min | [1k-40] Jose Santana(76561198206026112) | spawning Nissan Silvia S15 Rocket Bunny'02 Yamaguchi-Gumi (YG_silvia_s15_02)
27.01.2020 05:51:17: 2h 15min | [1k-40] Jose Santana(76561198206026112) | spawning Nissan Skyline GT-R (R34)'02 (d3s_skyline_02)
27.01.2020 05:51:17: 2h 16min | [1k-40] Jose Santana(76561198206026112) | spawning Nissan Skyline GT-R V-Spec II (R34)'02 (d3s_skyline_02_V)
27.01.2020 05:51:18: 2h 16min | [1k-40] Jose Santana(76561198206026112) | spawning Nissan Skyline GT-R Mine's (R34)'02 (d3s_skyline_02_M)
27.01.2020 05:51:38: 2h 16min | [1k-40] Jose Santana(76561198206026112) | spawning Nissan Titan Warrior'17 (d3s_titan_17)
27.01.2020 05:51:46: 2h 16min | [1k-40] Jose Santana(76561198206026112) | spawning Vorsteiner Lada Vesta'15 VFS2 (d3s_vesta_15_EX)
27.01.2020 05:51:55: 2h 16min | [1k-40] Jose Santana(76561198206026112) | spawning Subaru WRX'17 FnF8 (d3s_wrx_sti_YG)
27.01.2020 05:51:57: 2h 16min | [1k-40] Jose Santana(76561198206026112) | spawning Subaru WRX STI'17 (d3s_wrx_sti_17)
27.01.2020 05:52:06: 2h 16min | [1k-40] Jose Santana(76561198206026112) | spawning Jaguar F-Type'16 (d3s_FType_19)
27.01.2020 05:52:07: 2h 16min | [1k-40] Jose Santana(76561198206026112) | spawning Jaguar F-Type SVR'19 (d3s_FType_19_SVR)
27.01.2020 05:52:27: 2h 17min | [1k-40] Jose Santana(76561198206026112) | Heal - civ_1(76561198180893505)
27.01.2020 05:54:38: 2h 19min | [1k-40] Jose Santana(76561198206026112) | Deleting d3s_skyline_02_V @034008..
27.01.2020 05:54:43: 2h 19min | [1k-40] Jose Santana(76561198206026112) | Deleting d3s_skyline_02 @034008..
27.01.2020 05:54:44: 2h 19min | [1k-40] Jose Santana(76561198206026112) | Deleting d3s_titan_17 @034008..
27.01.2020 05:54:46: 2h 19min | [1k-40] Jose Santana(76561198206026112) | Deleting d3s_vesta_15_EX @034008..
27.01.2020 05:54:49: 2h 19min | [1k-40] Jose Santana(76561198206026112) | Deleting d3s_wrx_sti_17 @034008..
27.01.2020 05:54:52: 2h 19min | [1k-40] Jose Santana(76561198206026112) | Deleting d3s_wrx_sti_YG @034008..
27.01.2020 05:54:58: 2h 19min | [1k-40] Jose Santana(76561198206026112) | Deleting d3s_FType_19_SVR @034008..
27.01.2020 05:55:01: 2h 19min | [1k-40] Jose Santana(76561198206026112) | Deleting d3s_model_a @034008..
27.01.2020 05:55:06: 2h 19min | [1k-40] Jose Santana(76561198206026112) | Deleting d3s_mclaren_18 @034008..
27.01.2020 05:55:09: 2h 19min | [1k-40] Jose Santana(76561198206026112) | Deleting d3s_zonda_18_R @034008..
27.01.2020 05:55:14: 2h 19min | [1k-40] Jose Santana(76561198206026112) | Deleting d3s_mclaren_18_COP @034008..
27.01.2020 05:55:20: 2h 20min | [1k-40] Jose Santana(76561198206026112) | Deleting d3s_skyline_02_M @034008..
27.01.2020 05:55:22: 2h 20min | [1k-40] Jose Santana(76561198206026112) | Deleting d3s_regera_15 @034008..
27.01.2020 05:55:26: 2h 20min | [1k-40] Jose Santana(76561198206026112) | Deleting d3s_silvia_s15_02 @034008..
27.01.2020 05:55:31: 2h 20min | [1k-40] Jose Santana(76561198206026112) | Deleting YG_silvia_s15_02 @034008..
27.01.2020 05:56:24: 2h 21min | [1k-40] Jose Santana(76561198206026112) | spawning Bugatti Divo EX'19 (d3s_divo_19_P)
27.01.2020 05:57:20: 2h 22min | [1k-40] Jose Santana(76561198206026112) | spawning Plymouth Road Runner GTX '71 (d3s_roadrunner_71_GTX)
27.01.2020 05:57:50: 2h 22min | [1k-40] Jose Santana(76561198206026112) | spawning Citroen Survolt `10 (d3s_survolt_10)
27.01.2020 05:58:59: 2h 23min | [1k-40] Jose Santana(76561198206026112) | spawning Kart (C_Kart_01_F)
27.01.2020 05:59:00: 2h 23min | [1k-40] Jose Santana(76561198206026112) | spawning Kart (C_Kart_01_F)
27.01.2020 05:59:00: 2h 23min | [1k-40] Jose Santana(76561198206026112) | spawning Kart (Bluking) (C_Kart_01_Blu_F)
27.01.2020 05:59:01: 2h 23min | [1k-40] Jose Santana(76561198206026112) | spawning Kart (Vrana) (C_Kart_01_Vrana_F)
27.01.2020 05:59:35: 2h 24min | [1k-40] Jose Santana(76561198206026112) | spawning M2A4 Slammer UP (B_MBT_01_TUSK_F)
27.01.2020 06:02:44: 2h 27min | [1k-40] Jose Santana(76561198206026112) | Revive - civ_2(76561198860031547)
27.01.2020 06:03:21: 2h 28min | [1k-40] Jose Santana(76561198206026112) | Revive - civ_2(76561198860031547)
27.01.2020 06:04:16: 2h 28min | [1k-40] Jose Santana(76561198206026112) | Deleting B_MBT_01_TUSK_F @034008..
27.01.2020 06:04:25: 2h 29min | [1k-40] Jose Santana(76561198206026112) | Deleting d3s_FType_19 @034008..
27.01.2020 06:04:31: 2h 29min | [1k-40] Jose Santana(76561198206026112) | Deleting d3s_LaFerrari_14_P @034008..
27.01.2020 06:04:35: 2h 29min | [1k-40] Jose Santana(76561198206026112) | Deleting d3s_divo_19_P @034008..
27.01.2020 06:05:10: 2h 29min | [1k-40] Jose Santana(76561198206026112) | spawning To-201 Shikra (O_Plane_Fighter_02_F)
27.01.2020 06:05:53: 2h 30min | [1k-40] Jose Santana(76561198206026112) | spawning MQ-4A Greyhawk (B_UAV_02_F)
27.01.2020 06:06:47: 2h 31min | [1k-40] Jose Santana(76561198206026112) | God Mode - 1
27.01.2020 06:06:54: 2h 31min | [1k-40] Jose Santana(76561198206026112) | Revive - civ_1(76561198180893505)
27.01.2020 06:06:58: 2h 31min | [1k-40] Jose Santana(76561198206026112) | Deleting B_UAV_02_F @034008..
27.01.2020 06:09:09: 2h 33min | [1k-40] Jose Santana(76561198206026112) | Revive - civ_1(76561198180893505)
27.01.2020 06:09:42: 2h 34min | [1k-40] Jose Santana(76561198206026112) | Teleport - Target To Me - Zander Marino [CIV](76561198180893505)
27.01.2020 06:10:15: 2h 34min | [1k-40] Jose Santana(76561198206026112) | spawning A-143 Buzzard (CAS) (I_Plane_Fighter_03_CAS_F)
27.01.2020 06:10:44: 2h 35min | [1k-40] Jose Santana(76561198206026112) | DayTime
27.01.2020 06:11:02: 2h 35min | [1k-40] Jose Santana(76561198206026112) | Deleting C_Kart_01_F @034008..
27.01.2020 06:11:07: 2h 35min | [1k-40] Jose Santana(76561198206026112) | Deleting C_Kart_01_Blu_F @034008..
27.01.2020 06:11:12: 2h 35min | [1k-40] Jose Santana(76561198206026112) | Teleport - Target To Me - Zander Marino [CIV](76561198180893505)
27.01.2020 06:11:31: 2h 36min | [1k-40] Jose Santana(76561198206026112) | Revive - civ_1(76561198180893505)
27.01.2020 06:11:38: 2h 36min | [1k-40] Jose Santana(76561198206026112) | Deleting C_Kart_01_Vrana_F @034008..
27.01.2020 06:11:57: 2h 36min | [1k-40] Jose Santana(76561198206026112) | Zeus Rick Cheney(76561198860031547) @035008
27.01.2020 06:11:57: 2h 36min | [1k-40] Jose Santana(76561198206026112) | Zeus - civ_2(76561198860031547)
27.01.2020 06:12:04: 2h 36min | [1k-40] Jose Santana(76561198206026112) | Zeus Rick Cheney(76561198860031547) @035008
27.01.2020 06:12:04: 2h 36min | [1k-40] Jose Santana(76561198206026112) | Zeus - civ_2(76561198860031547)
27.01.2020 06:12:12: 2h 36min | [1k-40] Jose Santana(76561198206026112) | Revive - civ_2()
27.01.2020 06:12:22: 2h 37min | [1k-40] Jose Santana(76561198206026112) | Revive - civ_2(76561198860031547)
27.01.2020 06:14:18: 2h 39min | [1k-40] Jose Santana(76561198206026112) | spawning F/A-181 Black Wasp II (Cluster) (B_Plane_Fighter_01_Cluster_F)
27.01.2020 06:14:30: 2h 39min | [1k-40] Jose Santana(76561198206026112) | Deleting d3s_survolt_10 @035008..
27.01.2020 06:15:10: 2h 39min | [1k-40] Jose Santana(76561198206026112) | Restore - civ_1(76561198180893505)
27.01.2020 06:16:41: 2h 41min | [1k-40] Jose Santana(76561198206026112) | Revive - civ_2(76561198860031547)
27.01.2020 06:18:40: 2h 43min | [1k-40] Jose Santana(76561198206026112) | Teleport - Target To Me - Zander Marino [CIV](76561198180893505)
27.01.2020 06:18:46: 2h 43min | [1k-40] Jose Santana(76561198206026112) | Revive - civ_2(76561198860031547)
27.01.2020 06:18:54: 2h 43min | [1k-40] Jose Santana(76561198206026112) | Revive - civ_1(76561198180893505)
27.01.2020 06:18:59: 2h 43min | [1k-40] Jose Santana(76561198206026112) | Teleport - Target To Me - Zander Marino [CIV](76561198180893505)
27.01.2020 06:19:10: 2h 43min | [1k-40] Jose Santana(76561198206026112) | Revive - civ_1(76561198180893505)
27.01.2020 06:19:40: 2h 44min | [1k-40] Jose Santana(76561198206026112) | Revive - civ_2(76561198860031547)
27.01.2020 06:19:47: 2h 44min | [1k-40] Jose Santana(76561198206026112) | Revive - civ_1(76561198180893505)
27.01.2020 06:20:27: 2h 45min | [1k-40] Jose Santana(76561198206026112) | Revive - civ_1(76561198180893505)
27.01.2020 06:20:50: 2h 45min | [1k-40] Jose Santana(76561198206026112) | Revive - civ_2(76561198860031547)
27.01.2020 06:20:56: 2h 45min | [1k-40] Jose Santana(76561198206026112) | Revive - civ_1(76561198180893505)
27.01.2020 06:21:16: 2h 45min | [1k-40] Jose Santana(76561198206026112) | spawning PO-30 Orca (Black & White) (O_Heli_Light_02_v2_F)
27.01.2020 06:21:23: 2h 46min | [1k-40] Jose Santana(76561198206026112) | spawning UH-80 Ghost Hawk (Camo) (B_Heli_Transport_01_camo_F)
27.01.2020 06:21:50: 2h 46min | [1k-40] Jose Santana(76561198206026112) | spawning EC635 (AT) (EC635_AT_CSAT)
27.01.2020 06:22:26: 2h 47min | [1k-40] Jose Santana(76561198206026112) | Revive - civ_2(76561198860031547)
27.01.2020 06:22:30: 2h 47min | [1k-40] Jose Santana(76561198206026112) | Deleting O_Heli_Light_02_v2_F @035008..
27.01.2020 06:22:43: 2h 47min | [1k-40] Jose Santana(76561198206026112) | spawning Mk32 GMG 20 mm (Raised) (O_GMG_01_high_F)
27.01.2020 06:22:47: 2h 47min | [1k-40] Jose Santana(76561198206026112) | spawning Mk30A HMG .50 (B_HMG_01_A_F)
27.01.2020 06:22:48: 2h 47min | [1k-40] Jose Santana(76561198206026112) | spawning Mk30 HMG .50 (Raised) (B_HMG_01_high_F)
27.01.2020 06:22:50: 2h 47min | [1k-40] Jose Santana(76561198206026112) | spawning Mk32 GMG 20 mm (B_GMG_01_F)
27.01.2020 06:23:21: 2h 48min | [1k-40] Jose Santana(76561198206026112) | Deleting B_Heli_Transport_01_camo_F @035008..
27.01.2020 06:23:46: 2h 48min | [1k-40] Jose Santana(76561198206026112) | Deleting B_HMG_01_high_F @035008..
27.01.2020 06:24:01: 2h 48min | [1k-40] Jose Santana(76561198206026112) | Deleting GroundWeaponHolder @035008..
27.01.2020 06:24:03: 2h 48min | [1k-40] Jose Santana(76561198206026112) | Deleting GroundWeaponHolder @035008..
27.01.2020 06:27:00: 2h 51min | [1k-40] Jose Santana(76561198206026112) | Deleting B_GMG_01_F @035008..
27.01.2020 06:27:06: 2h 51min | [1k-40] Jose Santana(76561198206026112) | Revive - civ_1(76561198180893505)
27.01.2020 06:27:10: 2h 51min | [1k-40] Jose Santana(76561198206026112) | Heal - civ_2(76561198860031547)
27.01.2020 06:27:22: 2h 52min | [1k-40] Jose Santana(76561198206026112) | Deleting Zander Marino(76561198180893505) vehicle: O_GMG_01_high_F @035008..
27.01.2020 06:27:27: 2h 52min | [1k-40] Jose Santana(76561198206026112) | Deleting GroundWeaponHolder @035008..
27.01.2020 06:27:39: 2h 52min | [1k-40] Jose Santana(76561198206026112) | Deleting d3s_roadrunner_71_GTX @034008..
27.01.2020 06:27:44: 2h 52min | [1k-40] Jose Santana(76561198206026112) | Deleting EC635_AT_CSAT @034008..
27.01.2020 06:27:51: 2h 52min | [1k-40] Jose Santana(76561198206026112) | Revive - civ_1(76561198180893505)
27.01.2020 06:28:00: 2h 52min | [1k-40] Jose Santana(76561198206026112) | HealRepairNear
27.01.2020 06:28:00: 2h 52min | [1k-40] Jose Santana(76561198206026112) | HealRepairNear
27.01.2020 06:28:17: 2h 52min | [1k-40] Jose Santana(76561198206026112) | HealRepairNear
27.01.2020 06:28:17: 2h 53min | [1k-40] Jose Santana(76561198206026112) | HealRepairNear
27.01.2020 06:28:41: 2h 53min | [1k-40] Jose Santana(76561198206026112) | Revive - civ_2(76561198860031547)
27.01.2020 06:29:29: 2h 54min | [1k-40] Jose Santana(76561198206026112) | Revive - civ_2(76561198860031547)
27.01.2020 06:30:43: 2h 55min | [1k-40] Jose Santana(76561198206026112) | spawning Ford Mustang Police (MkV) '13 (d3s_boss_13_COP)
27.01.2020 06:30:47: 2h 55min | [1k-40] Jose Santana(76561198206026112) | spawning Ford Mustang GT HEIST'14 (d3s_boss_15_payback)
27.01.2020 06:30:47: 2h 55min | [1k-40] Jose Santana(76561198206026112) | spawning Ford Mustang GT Premium HPE750'14 (d3s_boss_15)
27.01.2020 06:30:48: 2h 55min | [1k-40] Jose Santana(76561198206026112) | spawning Ford Mustang Unmarked (MkV) '13 (d3s_boss_13_UNM)
27.01.2020 06:30:50: 2h 55min | [1k-40] Jose Santana(76561198206026112) | spawning Ford Mustang Boss 302 (MkV) '13 (d3s_boss_13_302)
27.01.2020 06:30:53: 2h 55min | [1k-40] Jose Santana(76561198206026112) | spawning Ford Mustang Boss (MkV) '13 (d3s_boss_13)
27.01.2020 06:31:18: 2h 56min | [1k-40] Jose Santana(76561198206026112) | Revive - civ_2(76561198860031547)
27.01.2020 06:31:27: 2h 56min | [1k-40] Jose Santana(76561198206026112) | HealRepairNear
27.01.2020 06:31:27: 2h 56min | [1k-40] Jose Santana(76561198206026112) | HealRepairNear
27.01.2020 06:31:37: 2h 56min | [1k-40] Jose Santana(76561198206026112) | Deleting d3s_boss_13_UNM @034008..
27.01.2020 06:32:30: 2h 57min | [1k-40] Jose Santana(76561198206026112) | Revive - civ_1(76561198180893505)
27.01.2020 06:32:50: 2h 57min | [1k-40] Jose Santana(76561198206026112) | Restore - civ_1(76561198180893505)
27.01.2020 06:33:03: 2h 57min | [1k-40] Jose Santana(76561198206026112) | HealRepairNear
27.01.2020 06:33:03: 2h 57min | [1k-40] Jose Santana(76561198206026112) | HealRepairNear
27.01.2020 06:33:57: 2h 58min | [1k-40] Jose Santana(76561198206026112) | Revive - civ_2(76561198860031547)
27.01.2020 06:34:21: 2h 59min | [1k-40] Jose Santana(76561198206026112) | Revive - civ_2(76561198860031547)
27.01.2020 06:34:25: 2h 59min | [1k-40] Jose Santana(76561198206026112) | Revive - civ_1(76561198180893505)
27.01.2020 06:35:08: 2h 59min | [1k-40] Jose Santana(76561198206026112) | Deleting d3s_boss_15_payback @035007..
27.01.2020 06:35:42: 2h 60min | [1k-40] Jose Santana(76561198206026112) | Restore - civ_1(76561198180893505)
27.01.2020 06:35:45: 2h 60min | [1k-40] Jose Santana(76561198206026112) | Restore - civ_2(76561198860031547)
27.01.2020 06:37:39: 3h 2min | [1k-40] Jose Santana(76561198206026112) | Deleting GroundWeaponHolder @034008..
27.01.2020 06:39:13: 3h 3min | [1k-40] Jose Santana(76561198206026112) | Deleting C_Kart_01_F @035008..
27.01.2020 06:40:38: 3h 5min | [1k-40] Jose Santana(76561198206026112) | Deleting GroundWeaponHolder @034008..
27.01.2020 06:40:41: 3h 5min | [1k-40] Jose Santana(76561198206026112) | Deleting d3s_boss_13 @034008..
27.01.2020 06:41:01: 3h 5min | [1k-40] Jose Santana(76561198206026112) | God Mode - 0
27.01.2020 06:42:09: 3h 6min | [1k-40] Jose Santana(76561198206026112) | Deleting d3s_boss_13_COP @040013..
27.01.2020 06:42:51: 3h 7min | [1k-40] Jose Santana(76561198206026112) | spawning Lamborghini Veneno Police (d3s_veneno_13_COP)
27.01.2020 06:46:28: 3h 11min | [1k-40] Jose Santana(76561198206026112) | Revive - civ_1(76561198180893505)
27.01.2020 06:46:37: 3h 11min | [1k-40] Jose Santana(76561198206026112) | Revive - cop_1(76561198206026112)
27.01.2020 06:47:42: 3h 12min | [1k-40] Jose Santana(76561198206026112) | Teleport to [5261.83,2899.99,0](GPS: 052998)
27.01.2020 06:48:20: 3h 13min | [1k-40] Jose Santana(76561198206026112) | spawning Toyota Camry Police'18 (d3s_camry_18_COP)
27.01.2020 06:48:22: 3h 13min | [1k-40] Jose Santana(76561198206026112) | spawning Toyota Camry Police Unmarked'18 (d3s_camry_18_UNM)
27.01.2020 06:48:28: 3h 13min | [1k-40] Jose Santana(76561198206026112) | Deleting d3s_camry_18_COP @052998..
27.01.2020 06:49:18: 3h 14min | [1k-40] Jose Santana(76561198206026112) | HealRepairNear
27.01.2020 06:49:18: 3h 14min | [1k-40] Jose Santana(76561198206026112) | HealRepairNear
27.01.2020 06:53:14: 3h 17min | [1k-40] Jose Santana(76561198206026112) | Deleting d3s_camry_18_UNM @058008..
27.01.2020 06:55:01: 3h 19min | [1k-40] Jose Santana(76561198206026112) | Revive - civ_2(76561198860031547)
27.01.2020 06:57:47: 3h 22min | [1k-40] Jose Santana(76561198206026112) | Revive - civ_2(76561198860031547)
27.01.2020 06:57:58: 3h 22min | [1k-40] Jose Santana(76561198206026112) | Revive - civ_1(76561198180893505)
27.01.2020 06:58:19: 3h 23min | [1k-40] Jose Santana(76561198206026112) | Revive - cop_1(76561198206026112)
27.01.2020 06:58:40: 3h 23min | [1k-40] Jose Santana(76561198206026112) | Revive - civ_2(76561198860031547)
27.01.2020 06:58:45: 3h 23min | [1k-40] Jose Santana(76561198206026112) | Revive - cop_1(76561198206026112)
27.01.2020 06:58:54: 3h 23min | [1k-40] Jose Santana(76561198206026112) | Deleting d3s_boss_15 @058008..
27.01.2020 06:59:48: 3h 24min | [1k-40] Jose Santana(76561198206026112) | spawning  APRILIA MXV 450 PEINTURE 4 (V12_APRILIAMXV4504)
27.01.2020 06:59:49: 3h 24min | [1k-40] Jose Santana(76561198206026112) | spawning  APRILIA MXV 450 PEINTURE 4 (V12_APRILIAMXV4504)
27.01.2020 06:59:49: 3h 24min | [1k-40] Jose Santana(76561198206026112) | spawning  APRILIA MXV 450 PEINTURE 4 (V12_APRILIAMXV4504)
27.01.2020 06:59:50: 3h 24min | [1k-40] Jose Santana(76561198206026112) | spawning  APRILIA MXV 450 PEINTURE 3 (V12_APRILIAMXV4503)
27.01.2020 06:59:51: 3h 24min | [1k-40] Jose Santana(76561198206026112) | spawning  APRILIA MXV 450 PEINTURE 2 (V12_APRILIAMXV4502)
27.01.2020 06:59:52: 3h 24min | [1k-40] Jose Santana(76561198206026112) | spawning  APRILIA MXV 450 PEINTURE 1 (V12_APRILIAMXV450)
27.01.2020 07:00:37: 3h 25min | [1k-40] Jose Santana(76561198206026112) | HealRepairNear
27.01.2020 07:00:37: 3h 25min | [1k-40] Jose Santana(76561198206026112) | HealRepairNear
27.01.2020 07:00:58: 3h 25min | [1k-40] Jose Santana(76561198206026112) | Heal - civ_2(76561198860031547)
27.01.2020 07:02:27: 3h 27min | [1k-40] Jose Santana(76561198206026112) | HealRepairNear
27.01.2020 07:02:27: 3h 27min | [1k-40] Jose Santana(76561198206026112) | HealRepairNear
27.01.2020 07:03:58: 3h 28min | [1k-40] Jose Santana(76561198206026112) | Deleting Land_RMAir_02_AtriumMF @057008..
27.01.2020 07:04:13: 3h 28min | [1k-40] Jose Santana(76561198206026112) | Deleting V12_APRILIAMXV450 @058007..
27.01.2020 07:04:23: 3h 29min | [1k-40] Jose Santana(76561198206026112) | Deleting V12_APRILIAMXV4503 @058007..
27.01.2020 07:04:33: 3h 29min | [1k-40] Jose Santana(76561198206026112) | Deleting V12_APRILIAMXV4504 @057007..
27.01.2020 07:04:49: 3h 29min | [1k-40] Jose Santana(76561198206026112) | Restore - civ_2(76561198860031547)
27.01.2020 07:04:52: 3h 29min | [1k-40] Jose Santana(76561198206026112) | Restore - civ_1(76561198180893505)
27.01.2020 07:06:49: 3h 31min | [1k-40] Jose Santana(76561198206026112) | Teleport - Target To Me - Rick Cheney [CIV](76561198860031547)
27.01.2020 07:06:54: 3h 31min | [1k-40] Jose Santana(76561198206026112) | Revive - civ_2()
27.01.2020 07:07:23: 3h 32min | [1k-40] Jose Santana(76561198206026112) | spawning YAMAHA YZF Noir Mat (V12_YZF_MAT)
27.01.2020 07:07:27: 3h 32min | [1k-40] Jose Santana(76561198206026112) | spawning YAMAHA YZF Noir Mat (V12_YZF_MAT)
27.01.2020 07:07:28: 3h 32min | [1k-40] Jose Santana(76561198206026112) | spawning YAMAHA YZF Noir Mat (V12_YZF_MAT)
27.01.2020 07:07:28: 3h 32min | [1k-40] Jose Santana(76561198206026112) | spawning YAMAHA YZF Noir Mat (V12_YZF_MAT)
27.01.2020 07:07:39: 3h 32min | [1k-40] Jose Santana(76561198206026112) | Deleting V12_APRILIAMXV4502 @072008..
27.01.2020 07:07:50: 3h 32min | [1k-40] Jose Santana(76561198206026112) | Revive - civ_2(76561198860031547)
27.01.2020 07:07:58: 3h 32min | [1k-40] Jose Santana(76561198206026112) | Teleport - Target To Me - Rick Cheney [CIV](76561198860031547)
27.01.2020 07:08:15: 3h 32min | [1k-40] Jose Santana(76561198206026112) | spawning YAMAHA YZF Noir Mat (V12_YZF_MAT)
27.01.2020 07:08:17: 3h 32min | [1k-40] Jose Santana(76561198206026112) | spawning YAMAHA YZF Or (V12_YZF_OR)
27.01.2020 07:08:18: 3h 33min | [1k-40] Jose Santana(76561198206026112) | spawning YAMAHA YZF Bleu Chromer (V12_YZF_BC)
27.01.2020 07:08:20: 3h 33min | [1k-40] Jose Santana(76561198206026112) | spawning YAMAHA YZF Vert Or (V12_YZF_VO)
27.01.2020 07:08:21: 3h 33min | [1k-40] Jose Santana(76561198206026112) | spawning YAMAHA YZF Noir Mat (V12_YZF_MAT)
27.01.2020 07:08:41: 3h 33min | [1k-40] Jose Santana(76561198206026112) | Deleting V12_YZF_OR @072008..
27.01.2020 07:08:45: 3h 33min | [1k-40] Jose Santana(76561198206026112) | Deleting V12_YZF_VO @072008..
27.01.2020 07:09:35: 3h 34min | [1k-40] Jose Santana(76561198206026112) | Heal - civ_2(76561198860031547)
27.01.2020 07:09:37: 3h 34min | [1k-40] Jose Santana(76561198206026112) | Heal - cop_1(76561198206026112)
27.01.2020 07:09:39: 3h 34min | [1k-40] Jose Santana(76561198206026112) | Revive - civ_1(76561198180893505)
27.01.2020 07:09:49: 3h 34min | [1k-40] Jose Santana(76561198206026112) | Deleting V12_YZF_MAT @062008..
27.01.2020 07:09:54: 3h 34min | [1k-40] Jose Santana(76561198206026112) | Deleting V12_YZF_MAT @062008..
27.01.2020 07:10:08: 3h 34min | [1k-40] Jose Santana(76561198206026112) | Deleting V12_YZF_BC @061008..
27.01.2020 07:10:28: 3h 35min | [1k-40] Jose Santana(76561198206026112) | spawning YAMAHA YZF Noir Mat (V12_YZF_MAT)
27.01.2020 07:10:28: 3h 35min | [1k-40] Jose Santana(76561198206026112) | spawning YAMAHA YZF Noir Mat (V12_YZF_MAT)
27.01.2020 07:10:28: 3h 35min | [1k-40] Jose Santana(76561198206026112) | spawning YAMAHA YZF Noir Mat (V12_YZF_MAT)
27.01.2020 07:10:42: 3h 35min | [1k-40] Jose Santana(76561198206026112) | DayTime
27.01.2020 07:12:01: 3h 36min | [1k-40] Jose Santana(76561198206026112) | Deleting d3s_veneno_13_COP @052998..
27.01.2020 07:12:36: 3h 37min | [1k-40] Jose Santana(76561198206026112) | Teleport to [5015.1,1940.22,0](GPS: 050988)
27.01.2020 07:12:50: 3h 37min | [1k-40] Jose Santana(76561198206026112) | Revive - civ_2(76561198860031547)
27.01.2020 07:13:06: 3h 37min | [1k-40] Jose Santana(76561198206026112) | Revive - civ_2(76561198860031547)
27.01.2020 07:13:15: 3h 37min | [1k-40] Jose Santana(76561198206026112) | Teleport - Target To Me - Rick Cheney [CIV](76561198860031547)
27.01.2020 07:13:18: 3h 38min | [1k-40] Jose Santana(76561198206026112) | Teleport - Target To Me - Zander Marino [CIV](76561198180893505)
27.01.2020 07:13:30: 3h 38min | [1k-40] Jose Santana(76561198206026112) | Revive - civ_2(76561198860031547)
27.01.2020 07:13:38: 3h 38min | [1k-40] Jose Santana(76561198206026112) | Heal - civ_1(76561198180893505)
27.01.2020 07:14:36: 3h 39min | [1k-40] Jose Santana(76561198206026112) | Deleting V12_YZF_MAT @050989..
27.01.2020 07:14:40: 3h 39min | [1k-40] Jose Santana(76561198206026112) | Deleting  @050989..
27.01.2020 07:16:58: 3h 41min | [1k-40] Jose Santana(76561198206026112) | Teleport to [4910.65,1931,0](GPS: 049988)
27.01.2020 07:18:28: 3h 43min | [1k-40] Jose Santana(76561198206026112) | spawning agua limpia (pop_agualimpia)
27.01.2020 07:18:28: 3h 43min | [1k-40] Jose Santana(76561198206026112) | spawning Alcohol (pop_alcohol)
27.01.2020 07:18:30: 3h 43min | [1k-40] Jose Santana(76561198206026112) | spawning opio (200g)  (pop_opio_b)
27.01.2020 07:18:31: 3h 43min | [1k-40] Jose Santana(76561198206026112) | spawning cannabis (200g) (pop_cannabis_b)
27.01.2020 07:18:32: 3h 43min | [1k-40] Jose Santana(76561198206026112) | spawning coca (200g) (pop_coca_b)
27.01.2020 07:18:34: 3h 43min | [1k-40] Jose Santana(76561198206026112) | spawning coca (200g) (pop_coca_b)
27.01.2020 07:18:34: 3h 43min | [1k-40] Jose Santana(76561198206026112) | spawning coca (200g) (pop_coca_b)
27.01.2020 07:18:34: 3h 43min | [1k-40] Jose Santana(76561198206026112) | spawning coca (200g) (pop_coca_b)
27.01.2020 07:18:35: 3h 43min | [1k-40] Jose Santana(76561198206026112) | spawning coca (200g) (pop_coca_b)
27.01.2020 07:18:36: 3h 43min | [1k-40] Jose Santana(76561198206026112) | spawning Efedrina (200g) (pop_efedrina_b)
27.01.2020 07:18:36: 3h 43min | [1k-40] Jose Santana(76561198206026112) | spawning Efedrina (200g) (pop_efedrina_b)
27.01.2020 07:18:37: 3h 43min | [1k-40] Jose Santana(76561198206026112) | spawning Efedrina para hace meta (200g) (pop_efedrina_meta_b)
27.01.2020 07:18:38: 3h 43min | [1k-40] Jose Santana(76561198206026112) | spawning Metanfetamina (200g) (pop_meta_b)
27.01.2020 07:18:39: 3h 43min | [1k-40] Jose Santana(76561198206026112) | spawning Metanfetamina (200g) (pop_meta_b)
27.01.2020 07:18:39: 3h 43min | [1k-40] Jose Santana(76561198206026112) | spawning Metanfetamina (200g) (pop_meta_b)
27.01.2020 07:18:39: 3h 43min | [1k-40] Jose Santana(76561198206026112) | spawning Metanfetamina (200g) (pop_meta_b)
27.01.2020 07:18:50: 3h 43min | [1k-40] Jose Santana(76561198206026112) | spawning Armario grande (pop_armariog)
27.01.2020 07:18:51: 3h 43min | [1k-40] Jose Santana(76561198206026112) | spawning Armario bajo (pop_armariop)
27.01.2020 07:18:52: 3h 43min | [1k-40] Jose Santana(76561198206026112) | spawning Armario bajo (pop_armariop)
27.01.2020 07:19:01: 3h 43min | [1k-40] Jose Santana(76561198206026112) | spawning Componentes (pop_componentes)
27.01.2020 07:19:03: 3h 43min | [1k-40] Jose Santana(76561198206026112) | spawning Test de drogas (pop_drogotest)
27.01.2020 07:19:04: 3h 43min | [1k-40] Jose Santana(76561198206026112) | spawning Metadona (pop_metadona)
27.01.2020 07:19:05: 3h 43min | [1k-40] Jose Santana(76561198206026112) | spawning esposas (pop_esposas)
27.01.2020 07:19:06: 3h 43min | [1k-40] Jose Santana(76561198206026112) | spawning Fardo de Heroina (1Kg) (pop_heroina_f)
27.01.2020 07:19:08: 3h 43min | [1k-40] Jose Santana(76561198206026112) | spawning Fardo de Cocaina (1Kg) (pop_cocaina_f)
27.01.2020 07:19:08: 3h 43min | [1k-40] Jose Santana(76561198206026112) | spawning Fardo de Cocaina (1Kg) (pop_cocaina_f)
27.01.2020 07:19:09: 3h 43min | [1k-40] Jose Santana(76561198206026112) | spawning Fardo de Cocaina (1Kg) (pop_cocaina_f)
27.01.2020 07:19:09: 3h 43min | [1k-40] Jose Santana(76561198206026112) | spawning Fardo de Cocaina (1Kg) (pop_cocaina_f)
27.01.2020 07:19:09: 3h 43min | [1k-40] Jose Santana(76561198206026112) | spawning Fardo de Cocaina (1Kg) (pop_cocaina_f)
27.01.2020 07:19:10: 3h 43min | [1k-40] Jose Santana(76561198206026112) | spawning Fardo de Cocaina (1Kg) (pop_cocaina_f)
27.01.2020 07:19:10: 3h 43min | [1k-40] Jose Santana(76561198206026112) | spawning Fardo de Cocaina (1Kg) (pop_cocaina_f)
27.01.2020 07:19:10: 3h 43min | [1k-40] Jose Santana(76561198206026112) | spawning Fardo de Cocaina (1Kg) (pop_cocaina_f)
27.01.2020 07:19:11: 3h 43min | [1k-40] Jose Santana(76561198206026112) | spawning Fardo de Cocaina (1Kg) (pop_cocaina_f)
27.01.2020 07:19:33: 3h 44min | [1k-40] Jose Santana(76561198206026112) | Deleting WeaponHolderSimulated @049988..
27.01.2020 07:22:43: 3h 47min | [1k-40] Jose Santana(76561198206026112) | Revive - cop_2(76561198180893505)
27.01.2020 07:23:00: 3h 47min | [1k-40] Jose Santana(76561198206026112) | Revive - cop_1(76561198206026112)
27.01.2020 07:23:13: 3h 47min | [1k-40] Jose Santana(76561198206026112) | God Mode - 1
27.01.2020 07:23:33: 3h 48min | [1k-40] Jose Santana(76561198206026112) | Revive - cop_2(76561198180893505)
27.01.2020 07:23:43: 3h 48min | [1k-40] Jose Santana(76561198206026112) | Revive - civ_2(76561198860031547)
27.01.2020 07:24:23: 3h 49min | [1k-40] Jose Santana(76561198206026112) | Teleport to [5452.88,2595.65,0](GPS: 054995)
27.01.2020 07:24:32: 3h 49min | [1k-40] Jose Santana(76561198206026112) | Teleport - Target To Me - Rick Cheney [CIV](76561198860031547)
27.01.2020 07:24:34: 3h 49min | [1k-40] Jose Santana(76561198206026112) | Teleport - Target To Me - Zander Marino [WEST](76561198180893505)
27.01.2020 07:24:36: 3h 49min | [1k-40] Jose Santana(76561198206026112) | Teleport - Target To Me - Zander Marino [WEST](76561198180893505)
27.01.2020 07:32:07: 3h 56min | [1k-40] Jose Santana(76561198206026112) | Revive - cop_2(76561198180893505)
27.01.2020 07:35:04: 3h 59min | [1k-40] Jose Santana(76561198206026112) | Revive - cop_2(76561198180893505)
27.01.2020 07:35:47: 3h 60min | [1k-40] Jose Santana(76561198206026112) | Revive - civ_2(76561198860031547)
27.01.2020 07:53:42: 4h 18min | [1k-40] Jose Santana(76561198206026112) | Revive - civ_2(76561198860031547)
27.01.2020 07:54:51: 4h 19min | [1k-40] Jose Santana(76561198206026112) | Heal - civ_2(76561198860031547)
27.01.2020 07:56:22: 4h 21min | [1k-40] Jose Santana(76561198206026112) | Revive - civ_2(76561198860031547)
27.01.2020 07:57:04: 4h 21min | [1k-40] Jose Santana(76561198206026112) | Revive - cop_2(76561198180893505)
27.01.2020 07:57:43: 4h 22min | [1k-40] Jose Santana(76561198206026112) | Revive - civ_2(76561198860031547)
27.01.2020 07:58:40: 4h 23min | [1k-40] Jose Santana(76561198206026112) | Revive - civ_2(76561198860031547)
27.01.2020 07:58:45: 4h 23min | [1k-40] Jose Santana(76561198206026112) | Revive - cop_2(76561198180893505)
27.01.2020 07:59:06: 4h 23min | [1k-40] Jose Santana(76561198206026112) | Revive - civ_2(76561198860031547)
27.01.2020 07:59:33: 4h 24min | [1k-40] Jose Santana(76561198206026112) | Revive - cop_2(76561198180893505)
27.01.2020 08:00:00: 4h 24min | [1k-40] Jose Santana(76561198206026112) | Teleport to [4941.37,1895.2,0](GPS: 049988)
27.01.2020 08:00:14: 4h 24min | [1k-40] Jose Santana(76561198206026112) | Teleport to [5448.28,2448.19,0](GPS: 054993)
27.01.2020 08:00:20: 4h 25min | [1k-40] Jose Santana(76561198206026112) | unlocked - [d3s_crown_98_PD]
27.01.2020 08:00:33: 4h 25min | [1k-40] Jose Santana(76561198206026112) | Teleport to [3573.44,3184.91,0](GPS: 035001)
27.01.2020 08:01:10: 4h 25min | [1k-40] Jose Santana(76561198206026112) | locked - [d3s_crown_98_PD]
27.01.2020 08:02:14: 4h 26min | [1k-40] Jose Santana(76561198206026112) | Revive - cop_2(76561198180893505)
27.01.2020 08:03:08: 4h 27min | [1k-40] Jose Santana(76561198206026112) | Teleport to [3619.52,3230.99,0](GPS: 036001)
27.01.2020 08:03:46: 4h 28min | [1k-40] Jose Santana(76561198206026112) | Revive - civ_2(76561198860031547)
27.01.2020 08:04:28: 4h 29min | [1k-40] Jose Santana(76561198206026112) | Revive - cop_2(76561198180893505)
27.01.2020 08:05:58: 4h 30min | [1k-40] Jose Santana(76561198206026112) | Revive - cop_2(76561198180893505)
27.01.2020 23:29:11: 2h 55min | Donnie Turbo(76561198041233395) | Deleting GroundWeaponHolder @038001..
27.01.2020 23:29:37: 2h 56min | Donnie Turbo(76561198041233395) | spawning Kozlice 12G (Sawed-Off) (sgun_HunterShotgun_01_sawedoff_F)
27.01.2020 23:30:19: 2h 56min | Donnie Turbo(76561198041233395) | UnlimAmmo - 1
27.01.2020 23:30:35: 2h 57min | Donnie Turbo(76561198041233395) | spawning Axe (Max_axe)
27.01.2020 23:38:18: 3h 4min | Donnie Turbo(76561198041233395) | UnlimAmmo - 1
27.01.2020 23:48:45: 3h 15min | Donnie Turbo(76561198041233395) | noRecoil - 1
27.01.2020 23:53:24: 3h 20min | Donnie Turbo(76561198041233395) | UnlimAmmo - 0
27.01.2020 23:53:25: 3h 20min | Donnie Turbo(76561198041233395) | noRecoil - 0
27.01.2020 23:54:07: 3h 20min | Donnie Turbo(76561198041233395) | UnlimAmmo - 1
27.01.2020 23:57:04: 3h 23min | Donnie Turbo(76561198041233395) | Added 10 boltcutters to Donnie Turbo!
27.01.2020 23:58:38: 3h 25min | Boyevik Butch-Mac Volkev(76561198089960350) | infiSTAR MapIcons - 1
27.01.2020 23:59:20: 3h 25min | Boyevik Butch-Mac Volkev(76561198089960350) | Stealth / Invisible - 1
27.01.2020 23:59:23: 3h 26min | Boyevik Butch-Mac Volkev(76561198089960350) | God Mode - 1
27.01.2020 23:59:24: 3h 26min | Boyevik Butch-Mac Volkev(76561198089960350) | Teleport to [3813.06,3142.4,0](GPS: 038000)
