17.01.2020 00:02:45: Donnie Turbo(76561198041233395) CLIENT OWNER ID [4], TOKEN [kja5elaop055jituv]
17.01.2020 00:20:29: Donnie Turbo(76561198041233395) CLIENT OWNER ID [5], TOKEN [jzwn46hj5bi8httoo5]
17.01.2020 00:23:59: Donnie Turbo(76561198041233395) CLIENT OWNER ID [6], TOKEN [qajv8dc8r8w5k0hghx9]
17.01.2020 00:29:15: Donnie Turbo(76561198041233395) CLIENT OWNER ID [6], TOKEN [u2gv0ws60iuzlu]
17.01.2020 01:03:15: Donnie Turbo(76561198041233395) CLIENT OWNER ID [8], TOKEN [oze2cih8yrx736yc46]
17.01.2020 01:04:31: Jbo Marino[201](76561198206026112) CLIENT OWNER ID [7], TOKEN [u37e2eemch0r5e9]
17.01.2020 01:48:03: Donnie Turbo(76561198041233395) CLIENT OWNER ID [8], TOKEN [iytpq7wagr9vrcy]
17.01.2020 01:52:47: Donnie Turbo(76561198041233395) CLIENT OWNER ID [8], TOKEN [p9yrq2xxh5347ebyg]
17.01.2020 02:06:27: Zander Marino(76561198180893505) CLIENT OWNER ID [9], TOKEN [k6jxkyjr5kiwjf]
17.01.2020 02:07:13: Zander Marino(76561198180893505) CLIENT OWNER ID [9], TOKEN [jir8wej0miwtjc86]
17.01.2020 02:08:12: Zander Marino(76561198180893505) CLIENT OWNER ID [9], TOKEN [s8oc9xsmqi8rroiu]
17.01.2020 02:40:58: Zander Marino(76561198180893505) CLIENT OWNER ID [10], TOKEN [iwqroeestcgqq5o]
17.01.2020 03:11:34: Rogue Tjay(76561198883479728) CLIENT OWNER ID [11], TOKEN [f9eck3mn2fk7wh]
17.01.2020 03:51:14: Pablo Escobar(76561198370210333) CLIENT OWNER ID [13], TOKEN [bcybyj2ajenzw5q1]
17.01.2020 03:51:37: Pablo Escobar(76561198370210333) CLIENT OWNER ID [13], TOKEN [c97e1y7pr2og76ritz]
17.01.2020 03:52:00: Pablo Escobar(76561198370210333) CLIENT OWNER ID [13], TOKEN [e5ps7u8ch59n546km]
17.01.2020 03:52:51: Pablo Escobar(76561198370210333) CLIENT OWNER ID [13], TOKEN [qt3z98u5y0yj6qrgp]
17.01.2020 03:58:42: Pablo Escobar(76561198370210333) CLIENT OWNER ID [14], TOKEN [wug4l1ezgkzwfh]
17.01.2020 04:02:41: Davey Jones(76561198166473448) CLIENT OWNER ID [15], TOKEN [o3pw3h9uzossffw]
17.01.2020 04:11:29: Davey Jones(76561198166473448) CLIENT OWNER ID [4], TOKEN [k9onbr1z0wm8cch1p]
17.01.2020 04:12:23: Donnie Turbo(76561198041233395) CLIENT OWNER ID [5], TOKEN [ge2nbf1un1qiz7hi]
17.01.2020 04:12:33: Zander Marino(76561198180893505) CLIENT OWNER ID [7], TOKEN [nnt3747dxkvf1gxf]
17.01.2020 04:13:01: Rogue Tjay(76561198883479728) CLIENT OWNER ID [6], TOKEN [ownomol680bhtbuzvir]
17.01.2020 04:13:39: Pablo Escobar(76561198370210333) CLIENT OWNER ID [8], TOKEN [crjee9gy1q47fky]
17.01.2020 04:20:16: Davey Jones(76561198166473448) CLIENT OWNER ID [4], TOKEN [lmkg51pvmy0pc1e]
17.01.2020 04:20:31: Rogue Tjay(76561198883479728) CLIENT OWNER ID [7], TOKEN [bjxy37bi5h7lxr79]
17.01.2020 04:20:41: Donnie Turbo(76561198041233395) CLIENT OWNER ID [8], TOKEN [y64zu0both9buie]
17.01.2020 04:20:55: Pablo Escobar(76561198370210333) CLIENT OWNER ID [6], TOKEN [p9t1blpv16fxbkk]
17.01.2020 04:21:35: Zander Marino(76561198180893505) CLIENT OWNER ID [9], TOKEN [fxo1y20m5gb4ngf23]
17.01.2020 04:27:34: Eriden Parker(76561198054085448) CLIENT OWNER ID [5], TOKEN [fh1ohe7l7w1vxm0ibxd]
17.01.2020 04:28:04: Jbo Marino[201](76561198206026112) CLIENT OWNER ID [10], TOKEN [pb1zdc3muzo05tun]
17.01.2020 04:39:06: [1A-02] J. Daker(76561198038112694) CLIENT OWNER ID [11], TOKEN [ob6qtq2biox50l64li]
17.01.2020 04:40:13: Wyclef(76561198038112694) CLIENT OWNER ID [12], TOKEN [pxxh1n8ytj2pjy0dq]
17.01.2020 04:52:22: Donnie Turbo(76561198041233395) CLIENT OWNER ID [14], TOKEN [ftaty6zl0uono147s]
17.01.2020 04:53:29: Alexander.Rios(76561198037915534) CLIENT OWNER ID [13], TOKEN [cndfgcq4vetsmlhy]
17.01.2020 04:53:54: Boyevik Butch-Mac Volkev(76561198089960350) CLIENT OWNER ID [15], TOKEN [yfbs8fjff1gto0gosy]
17.01.2020 04:54:22: Alexander.Rios(76561198037915534) CLIENT OWNER ID [13], TOKEN [lnpz7tpwy7vhg77mi]
17.01.2020 04:57:47: Alexander.Rios(76561198037915534) CLIENT OWNER ID [16], TOKEN [a7dd80l1fvrx8szr4su]
17.01.2020 05:26:37: Alexander.Rios(76561198037915534) CLIENT OWNER ID [16], TOKEN [qmtiist58bhv6e4d]
17.01.2020 05:29:15: Alexander.Rios(76561198037915534) CLIENT OWNER ID [16], TOKEN [dn10j4crjyh7yc8bj]
17.01.2020 05:34:27: Alexander.Rios(76561198037915534) CLIENT OWNER ID [16], TOKEN [sxljk8k7wmhqs27]
17.01.2020 05:40:00: Zander Marino(76561198180893505) CLIENT OWNER ID [9], TOKEN [telyd9x57q5iso6n]
17.01.2020 06:26:17: Boyevik Butch-Mac Volkev(76561198089960350) CLIENT OWNER ID [21], TOKEN [v7y0ilp0tby08wicqi4]
17.01.2020 06:51:38: Davey Jones(76561198166473448) CLIENT OWNER ID [4], TOKEN [xf5m2crybv2fjkox]
17.01.2020 06:52:07: Javier Escuella(76561198370210333) CLIENT OWNER ID [22], TOKEN [ehwkbnf8pkxmez]
17.01.2020 06:53:44: Jbo Marino[201](76561198206026112) CLIENT OWNER ID [10], TOKEN [nzu3y4b6liwly7sdpbg]
17.01.2020 08:37:56: HoyoBani(76561198105940600) CLIENT OWNER ID [4], TOKEN [jb7v61ge0dbvfh]
17.01.2020 08:41:51: HoyoBani(76561198105940600) CLIENT OWNER ID [4], TOKEN [qgqwtugiaevof1u6j]
17.01.2020 08:43:31: Boyevik Butch-Mac Volkev(76561198089960350) CLIENT OWNER ID [5], TOKEN [n46aijerp3ew275gw]
17.01.2020 08:48:06: Boyevik Butch-Mac Volkev(76561198089960350) CLIENT OWNER ID [5], TOKEN [w7tlz9sm1piwz6]
17.01.2020 09:07:33: HoyoBani(76561198105940600) CLIENT OWNER ID [4], TOKEN [sqbvygel6u5kx84d2n]
17.01.2020 09:09:33: Boyevik Butch-Mac Volkev(76561198089960350) CLIENT OWNER ID [5], TOKEN [k4v0t68kfy8x53nmmg]
17.01.2020 09:25:47: HoyoBani(76561198105940600) CLIENT OWNER ID [4], TOKEN [pz5yi6ekd71kva00te]
17.01.2020 09:27:59: Boyevik Butch-Mac Volkev(76561198089960350) CLIENT OWNER ID [5], TOKEN [jickxwf0zvjhktj]
17.01.2020 18:05:31: Eriden Parker(76561198054085448) CLIENT OWNER ID [5], TOKEN [vka18lxl4c8w5tddo0]
17.01.2020 20:41:18: Rogue Tjay(76561198883479728) CLIENT OWNER ID [9], TOKEN [xwswp7bctkpz9bicuc]
17.01.2020 20:47:35: alexs(76561198002867764) CLIENT OWNER ID [10], TOKEN [jp5wh0p2hoxt6wvkos]
17.01.2020 21:07:10: Dilan(76561198381615280) CLIENT OWNER ID [15], TOKEN [j306de2he1bv5y5m3]
17.01.2020 21:12:47: Dilan(76561198381615280) CLIENT OWNER ID [16], TOKEN [w9b618ds8ewpso97di]
17.01.2020 22:01:04: Donnie Turbo(76561198041233395) CLIENT OWNER ID [19], TOKEN [jllh8l0ynodyzbcev]
17.01.2020 22:16:07: desti(76561198294090911) CLIENT OWNER ID [22], TOKEN [t6r0uty02ixagzcq]
17.01.2020 22:17:43: desti(76561198294090911) CLIENT OWNER ID [22], TOKEN [qyjjbsiynhnfsazf]
17.01.2020 22:43:58: Dilan(76561198381615280) CLIENT OWNER ID [23], TOKEN [eekhb0zwyrugrv]
17.01.2020 22:57:51: Boyevik Butch-Mac Volkev(76561198089960350) CLIENT OWNER ID [24], TOKEN [cqbn4jbsaq87rif5l]
17.01.2020 23:01:07: Rogue Tjay(76561198883479728) CLIENT OWNER ID [25], TOKEN [l0d04yixp2oh2sh]
17.01.2020 23:15:58: alexs(76561198002867764) CLIENT OWNER ID [27], TOKEN [nv1srh70s9oqh7fns]
17.01.2020 23:50:48: Jbo Marino[201](76561198206026112) CLIENT OWNER ID [30], TOKEN [hkobu7v95ditj6wc6z]
