05.02.2020 00:00:02: Doug Dimmadont(76561198083728776) CLIENT OWNER ID [16], TOKEN [pwrpxkmf0e2taj4w2]
05.02.2020 00:06:19: Dan Dimmadont(76561198860031547) CLIENT OWNER ID [18], TOKEN [pxok1gqcuiuscukr]
05.02.2020 00:14:35: AL "BIG AL" GAMBINO(76561198361509989) CLIENT OWNER ID [19], TOKEN [wqmx9efpuqklywovtz2]
05.02.2020 00:16:30: Nino Marino(76561198206026112) CLIENT OWNER ID [20], TOKEN [h19mwwvqh02v0li3k]
05.02.2020 00:25:51: Joe Montana(76561198368248470) CLIENT OWNER ID [21], TOKEN [ch64tmn31a79rjxm]
05.02.2020 00:35:20: John Anderson(76561198180893505) CLIENT OWNER ID [22], TOKEN [ydc0mkl1abeihned0s]
05.02.2020 00:38:35: Alexander.Rios(76561198037915534) CLIENT OWNER ID [23], TOKEN [gyixmc5y8oarxx3k]
05.02.2020 00:44:34: [1K-33] R. Tjay(76561198883479728) CLIENT OWNER ID [24], TOKEN [cm7ribztv2xzmwh1]
05.02.2020 00:44:42: Harold Reginald(76561198355765034) CLIENT OWNER ID [25], TOKEN [t18wtlq7kl5mqf]
05.02.2020 01:00:34: luke(76561198264871362) CLIENT OWNER ID [26], TOKEN [pchlnwq2bhch8y]
05.02.2020 01:14:41: S.Kingston(76561198046640450) CLIENT OWNER ID [29], TOKEN [izyidn5ilmcigj2]
05.02.2020 01:45:13: HoyoBani(76561198105940600) CLIENT OWNER ID [30], TOKEN [tesu81bmpyhifhb3w]
05.02.2020 01:50:29: Alexander.Rios(76561198037915534) CLIENT OWNER ID [23], TOKEN [lelpmr9303l874rb]
05.02.2020 02:04:02: Dan Dimmadont(76561198860031547) CLIENT OWNER ID [18], TOKEN [h6k179ikqp2jwf5kx2]
05.02.2020 02:42:15: Robert Kennedy(76561198083728776) CLIENT OWNER ID [32], TOKEN [i1l2hef0mlem1k]
05.02.2020 02:49:16: Robert Kennedy(76561198083728776) CLIENT OWNER ID [33], TOKEN [jhlfkzam84c78dr]
05.02.2020 02:58:00: Eddie Spaghetti(76561198046997779) CLIENT OWNER ID [34], TOKEN [nm1i0mnwqfne83v6h0f]
05.02.2020 04:50:49: AL "BIG AL" GAMBINO(76561198361509989) CLIENT OWNER ID [36], TOKEN [hnragclql8xmn4n75]
05.02.2020 04:56:35: Wyclef(76561198038112694) CLIENT OWNER ID [37], TOKEN [vhu28fpiyslfczo]
05.02.2020 05:25:14: Joe Montana(76561198368248470) CLIENT OWNER ID [39], TOKEN [ba6em5hqstup4sl]
05.02.2020 06:02:28: Nino Marino(76561198206026112) CLIENT OWNER ID [40], TOKEN [ew86ih5l1mlr2g]
05.02.2020 06:12:00: AL "BIG AL" GAMBINO(76561198361509989) CLIENT OWNER ID [36], TOKEN [jt0ws3jy7xjlglnmci]
05.02.2020 06:13:22: Joe Montana(76561198368248470) CLIENT OWNER ID [39], TOKEN [fnyqapbymfrtay8]
05.02.2020 06:13:51: Nino Marino(76561198206026112) CLIENT OWNER ID [40], TOKEN [delw9cbfuxt6au]
05.02.2020 06:56:29: AL "BIG AL" GAMBINO(76561198361509989) CLIENT OWNER ID [36], TOKEN [we5ytwi62kyx4ye]
05.02.2020 07:07:17: AL "BIG AL" GAMBINO(76561198361509989) CLIENT OWNER ID [41], TOKEN [ffsevpg10rc0u3j4]
05.02.2020 07:45:44: Boyevik Butch-Mac Volkev(76561198089960350) CLIENT OWNER ID [4], TOKEN [c9oo51e2rwyktk2u1]
05.02.2020 08:02:02: Boyevik Butch-Mac Volkev(76561198089960350) CLIENT OWNER ID [5], TOKEN [sujtru7lxlufhz3ld]
05.02.2020 08:24:58: Nino Marino(76561198206026112) CLIENT OWNER ID [4], TOKEN [do7fffgwgrx7afuzh6]
05.02.2020 08:28:56: Nino Marino(76561198206026112) CLIENT OWNER ID [4], TOKEN [eevgl4ikit64p11]
05.02.2020 08:39:01: Nino Marino(76561198206026112) CLIENT OWNER ID [4], TOKEN [pfn2w09lqb4szvot187]
05.02.2020 13:37:21: George Clean(76561198130285673) CLIENT OWNER ID [5], TOKEN [rqpqxlqjxgx71hznra]
05.02.2020 13:37:23: thomas(76561198248187246) CLIENT OWNER ID [6], TOKEN [gbs6fexol3t7w6t7or8]
05.02.2020 19:37:18: George Clean(76561198130285673) CLIENT OWNER ID [7], TOKEN [kzodsnxvw6w8inh93]
05.02.2020 19:42:50: deadrider41(76561198172486071) CLIENT OWNER ID [9], TOKEN [jj9f6hmwf041frs42s]
05.02.2020 19:44:40: thomas(76561198248187246) CLIENT OWNER ID [10], TOKEN [rk63pj0jnzpwiej]
05.02.2020 20:19:01: Donnie Turbo(76561198041233395) CLIENT OWNER ID [11], TOKEN [l477ru6nq71hlnnpsbz]
05.02.2020 20:33:48: AL "BIG AL" GAMBINO(76561198361509989) CLIENT OWNER ID [12], TOKEN [je71vdhsm74tll5at]
05.02.2020 20:57:57: Joe Montana(76561198368248470) CLIENT OWNER ID [14], TOKEN [h80esd4yskwsn5y]
05.02.2020 21:20:19: Nino Marino(76561198206026112) CLIENT OWNER ID [15], TOKEN [nj6l9sh6mcqvid6u]
05.02.2020 21:39:01: HoyoBani(76561198105940600) CLIENT OWNER ID [16], TOKEN [x0z87l94a0bncv8u]
05.02.2020 21:56:07: [1K-33] R. Tjay(76561198883479728) CLIENT OWNER ID [17], TOKEN [fn8bwbtrlp7iak7]
05.02.2020 22:23:05: HoyoBani(76561198105940600) CLIENT OWNER ID [16], TOKEN [xzpj357ae1n19q8ggo]
05.02.2020 22:27:03: Bob Lee Swagger(76561198318724805) CLIENT OWNER ID [18], TOKEN [b6eglldej4slh6vi1t8]
05.02.2020 22:29:27: George Clean(76561198130285673) CLIENT OWNER ID [7], TOKEN [dk6hzjlvfwnyvqi0i6l]
05.02.2020 23:08:16: Wyclef(76561198038112694) CLIENT OWNER ID [19], TOKEN [p8v1rxyeh1e6pqi]
05.02.2020 23:44:27: Robert Kennedy(76561198083728776) CLIENT OWNER ID [20], TOKEN [kre6bohbvxfi7wbf]
