14.01.2020 00:00:12: 15h 9min | Connected: Donnie Turbo(76561198041233395 - 16) - time: 54486.4 - serverFPS: 45.4545
14.01.2020 00:33:00: 15h 42min | Connected: Jose Santana(76561198206026112 - 10) - time: 56454.1 - serverFPS: 45.3258
14.01.2020 01:07:27: 16h 17min | Disconnected: Donnie Turbo(76561198041233395 - 16) - time: 58520.7 - serverFPS: 45.4545
14.01.2020 01:09:30: 16h 19min | Connected: Donnie Turbo(76561198041233395 - 17) - time: 58644.4 - serverFPS: 45.4545
14.01.2020 01:33:16: 16h 42min | Connected: Zander Marino(76561198180893505 - 18) - time: 60064.9 - serverFPS: 45.4545
14.01.2020 01:33:41: 16h 43min | Disconnected: Zander Marino(76561198180893505 - 18) - time: 60089.6 - serverFPS: 45.8453
14.01.2020 01:37:03: 16h 46min | Connected: Zander Marino(76561198180893505 - 19) - time: 60291.8 - serverFPS: 45.977
14.01.2020 01:37:23: 16h 46min | Disconnected: Zander Marino(76561198180893505 - 19) - time: 60311.7 - serverFPS: 45.977
14.01.2020 01:40:26: 16h 50min | Connected: Zander Marino(76561198180893505 - 20) - time: 60494.3 - serverFPS: 46.1095
14.01.2020 01:44:20: 16h 53min | Connected: luke(76561198264871362 - 21) - time: 60728.8 - serverFPS: 46.1095
14.01.2020 01:49:31: 16h 59min | Disconnected: Donnie Turbo(76561198041233395 - 17) - time: 61038.5 - serverFPS: 45.977
14.01.2020 01:51:52: 17h 1min | Connected: Donnie Turbo(76561198041233395 - 23) - time: 61180.5 - serverFPS: 46.1095
14.01.2020 01:53:08: 17h 2min | Disconnected: Donnie Turbo(76561198041233395 - 23) - time: 61255.6 - serverFPS: 45.8453
14.01.2020 01:57:46: 17h 7min | Connected: Donnie Turbo(76561198041233395 - 24) - time: 61533.7 - serverFPS: 45.7143
14.01.2020 01:58:54: 17h 8min | Disconnected: SEAGINATOR SUN :)(76561198883479728 - 14) - time: 61601.5 - serverFPS: 45.977
14.01.2020 02:00:42: 17h 10min | Disconnected: Zander Marino(76561198180893505 - 20) - time: 61709.9 - serverFPS: 45.584
14.01.2020 02:02:56: 17h 12min | Connected: Zander Marino(76561198180893505 - 25) - time: 61842.5 - serverFPS: 45.584
14.01.2020 02:08:03: 17h 17min | Connected: Héctor "Lil Loco" Arturo(76561197999316388 - 26) - time: 62149.4 - serverFPS: 46.1095
14.01.2020 02:08:25: 17h 18min | Disconnected: Héctor "Lil Loco" Arturo(76561197999316388 - 26) - time: 62171.5 - serverFPS: 45.977
14.01.2020 02:08:33: 17h 18min | Connected: Harold Reginald(76561198355765034 - 27) - time: 62180 - serverFPS: 45.8453
14.01.2020 02:09:04: 17h 18min | Disconnected: Harold Reginald(76561198355765034 - 27) - time: 62210.7 - serverFPS: 45.3258
14.01.2020 02:09:29: 17h 19min | Connected: Harold Reginald(76561198355765034 - 27) - time: 62236 - serverFPS: 45.3258
14.01.2020 02:15:10: 17h 24min | Disconnected: Harold Reginald(76561198355765034 - 27) - time: 62576.4 - serverFPS: 46.1095
14.01.2020 02:15:22: 17h 24min | Connected: Harold Reginald(76561198355765034 - 27) - time: 62587.8 - serverFPS: 45.584
14.01.2020 02:17:01: 17h 26min | Connected: Wyclef(76561198038112694 - 29) - time: 62687 - serverFPS: 45.977
14.01.2020 02:22:16: 17h 31min | Disconnected: Donnie Turbo(76561198041233395 - 24) - time: 63001.5 - serverFPS: 45.584
14.01.2020 02:25:09: 17h 34min | Connected: Donnie Turbo(76561198041233395 - 32) - time: 63175.2 - serverFPS: 45.4545
14.01.2020 02:29:40: 17h 39min | Connected: Héctor "Lil Loco" Arturo(76561197999316388 - 30) - time: 63445.8 - serverFPS: 45.8453
14.01.2020 02:30:02: 17h 39min | Disconnected: Héctor "Lil Loco" Arturo(76561197999316388 - 30) - time: 63467.6 - serverFPS: 46.1095
14.01.2020 02:42:31: 17h 52min | Connected: Héctor "Lil Loco" Arturo(76561197999316388 - 33) - time: 64216.3 - serverFPS: 45.584
14.01.2020 02:44:33: 17h 54min | Disconnected: Harold Reginald(76561198355765034 - 27) - time: 64338.5 - serverFPS: 46.1095
14.01.2020 02:53:31: 18h 3min | Disconnected: Wyclef(76561198038112694 - 29) - time: 64875.6 - serverFPS: 46.1095
14.01.2020 02:55:32: 18h 5min | Connected: J. Daker(76561198038112694 - 34) - time: 64996.4 - serverFPS: 45.8453
14.01.2020 02:58:36: 18h 8min | Connected: William Jones(76561198166473448 - 35) - time: 65180.2 - serverFPS: 45.977
14.01.2020 02:58:58: 18h 8min | Disconnected: William Jones(76561198166473448 - 35) - time: 65202.4 - serverFPS: 45.8453
14.01.2020 03:09:03: 18h 18min | Connected: Davey Jones(76561198166473448 - 36) - time: 65807 - serverFPS: 45.977
14.01.2020 03:45:43: 18h 55min | Disconnected: Donnie Turbo(76561198041233395 - 32) - time: 68006.9 - serverFPS: 45.8453
14.01.2020 03:46:48: 18h 56min | Disconnected: J. Daker(76561198038112694 - 34) - time: 68071.8 - serverFPS: 45.977
14.01.2020 03:48:01: 18h 57min | Disconnected: Héctor "Lil Loco" Arturo(76561197999316388 - 33) - time: 68144.8 - serverFPS: 46.1095
14.01.2020 04:11:18: 19h 20min | Disconnected: luke(76561198264871362 - 21) - time: 69541.4 - serverFPS: 45.7143
14.01.2020 04:11:40: 19h 21min | Connected: luke(76561198264871362 - 21) - time: 69563.9 - serverFPS: 45.1977
14.01.2020 05:11:30: 20h 21min | Connected: Pablo Escobar(76561198370210333 - 38) - time: 73153.6 - serverFPS: 46.3768
14.01.2020 05:11:46: 20h 21min | Disconnected: Pablo Escobar(76561198370210333 - 38) - time: 73169 - serverFPS: 46.6472
14.01.2020 05:12:23: 20h 21min | Connected: Pablo Escobar(76561198370210333 - 38) - time: 73206.4 - serverFPS: 45.584
14.01.2020 05:15:04: 20h 24min | Disconnected: luke(76561198264871362 - 21) - time: 73366.7 - serverFPS: 45.7143
14.01.2020 05:20:58: 20h 30min | Disconnected: Davey Jones(76561198166473448 - 36) - time: 73720.5 - serverFPS: 38.0047
14.01.2020 05:22:22: 20h 31min | Disconnected: Pablo Escobar(76561198370210333 - 38) - time: 73804.6 - serverFPS: 45.977
14.01.2020 05:23:18: 20h 32min | Connected: Davey Jones(76561198166473448 - 40) - time: 73860 - serverFPS: 46.3768
14.01.2020 05:24:59: 20h 34min | Connected: Javier Escuella(76561198370210333 - 41) - time: 73961.5 - serverFPS: 45.8453
14.01.2020 06:07:42: 21h 17min | Disconnected: Zander Marino(76561198180893505 - 25) - time: 76523.9 - serverFPS: 45.584
14.01.2020 06:08:24: 21h 18min | Connected: Zander Marino(76561198180893505 - 25) - time: 76566.3 - serverFPS: 46.2428
14.01.2020 06:26:54: 21h 36min | Disconnected: Zander Marino(76561198180893505 - 25) - time: 77675.5 - serverFPS: 46.1095
14.01.2020 06:27:10: 21h 36min | Disconnected: Jose Santana(76561198206026112 - 10) - time: 77691.8 - serverFPS: 45.8453
14.01.2020 06:35:37: 21h 45min | Disconnected: Davey Jones(76561198166473448 - 40) - time: 78199.1 - serverFPS: 46.1095
14.01.2020 06:36:19: 21h 45min | Connected: Davey Jones(76561198166473448 - 40) - time: 78241.1 - serverFPS: 45.8453
14.01.2020 06:47:01: 21h 56min | Disconnected: Davey Jones(76561198166473448 - 40) - time: 78882.5 - serverFPS: 45.8453
14.01.2020 06:47:11: 21h 56min | Disconnected: Javier Escuella(76561198370210333 - 41) - time: 78892.7 - serverFPS: 45.977
14.01.2020 09:21:00: infiSTAR_PlayerConnected_id: 1
14.01.2020 09:21:00: infiSTAR_PlayerDisconnected_id: 0
14.01.2020 21:37:59: infiSTAR_PlayerConnected_id: 1
14.01.2020 21:37:59: infiSTAR_PlayerDisconnected_id: 0
14.01.2020 21:45:12: 0h 8min | Connected: Wyclef(76561198038112694 - 4) - time: 435.309 - serverFPS: 45.7143
14.01.2020 22:16:19: 0h 40min | Disconnected: Wyclef(76561198038112694 - 4) - time: 2302.29 - serverFPS: 45.584
14.01.2020 22:32:35: 0h 56min | Connected: Nino Marino(76561198206026112 - 5) - time: 3278.03 - serverFPS: 45.977
14.01.2020 22:46:39: infiSTAR_PlayerConnected_id: 1
14.01.2020 22:46:39: infiSTAR_PlayerDisconnected_id: 0
14.01.2020 22:51:01: 0h 6min | Connected: Wyclef(76561198038112694 - 5) - time: 265.038 - serverFPS: 45.977
14.01.2020 22:51:58: 0h 7min | Disconnected: Wyclef(76561198038112694 - 5) - time: 322.271 - serverFPS: 46.3768
14.01.2020 23:01:22: 0h 16min | Connected: Nino Marino(76561198206026112 - 6) - time: 885.946 - serverFPS: 45.977
14.01.2020 23:12:24: 0h 27min | Connected: Donnie Turbo(76561198041233395 - 7) - time: 1547.61 - serverFPS: 45.584
