20.02.2020 00:01:58: Robert Kennedy(76561198083728776) CLIENT OWNER ID [7], TOKEN [blhdq2d1tndhlucm]
20.02.2020 00:24:39: Nino Marino(76561198206026112) CLIENT OWNER ID [10], TOKEN [n2eh249k80jnj7qb7]
20.02.2020 01:04:11: Sherman(76561198038112694) CLIENT OWNER ID [11], TOKEN [n0sitqp7kmwf6s4]
20.02.2020 01:24:23: Sherman(76561198038112694) CLIENT OWNER ID [4], TOKEN [whoncm5xd8d1zmh2ui]
20.02.2020 01:33:02: Donnie Turbo(76561198041233395) CLIENT OWNER ID [5], TOKEN [t418uel4d434d3e]
20.02.2020 01:38:07: S.Kingston(76561198046640450) CLIENT OWNER ID [6], TOKEN [u5bw4794mdja36x2]
20.02.2020 01:45:12: [3k-66] W.Blades(76561198281290777) CLIENT OWNER ID [9], TOKEN [vbur4h0852hiautm]
20.02.2020 01:50:21: Zander Marino(76561198180893505) CLIENT OWNER ID [8], TOKEN [qcvrnf510e6hck5ls5]
20.02.2020 01:53:59: Rogue Tjay(76561198883479728) CLIENT OWNER ID [10], TOKEN [e1s1om1exdns1dwq1w]
20.02.2020 02:06:33: luke(76561198264871362) CLIENT OWNER ID [12], TOKEN [n4k6jzq3lbez6zv5kg]
20.02.2020 02:08:45: Amado Carrillo fuentes(76561198354844800) CLIENT OWNER ID [14], TOKEN [yxxdxj2bky0d1t0v]
20.02.2020 02:13:39: John Anderson(76561198180893505) CLIENT OWNER ID [13], TOKEN [bcy81ydvevrllt09]
20.02.2020 02:22:31: Peppe Valachi(76561198272370927) CLIENT OWNER ID [18], TOKEN [amndutocm7al1u08tj]
20.02.2020 02:25:16: Low_Poly_Man(76561198137223112) CLIENT OWNER ID [19], TOKEN [d05aqjku631wpizwu]
20.02.2020 02:58:47: Nino Marino(76561198206026112) CLIENT OWNER ID [20], TOKEN [uxhzb35h6ce0ac7gpi]
20.02.2020 04:26:36: AL "BIG AL" GAMBINO(76561198361509989) CLIENT OWNER ID [21], TOKEN [nfcrqngt5cs7xkz91v]
20.02.2020 05:27:25: John Anderson(76561198180893505) CLIENT OWNER ID [22], TOKEN [knv5v17ymn2bfbg]
20.02.2020 07:12:49: Robert Kennedy(76561198083728776) CLIENT OWNER ID [4], TOKEN [dhnfp98peavjbhbmll]
20.02.2020 07:30:53: Robert Kennedy(76561198083728776) CLIENT OWNER ID [4], TOKEN [ngontgkv4yhsnocof09]
20.02.2020 21:00:07: AL "BIG AL" GAMBINO(76561198361509989) CLIENT OWNER ID [5], TOKEN [bi03pmm2s67imiloium]
20.02.2020 21:39:14: Alexander.Rios(76561198037915534) CLIENT OWNER ID [6], TOKEN [re3deqgtjw16037]
20.02.2020 21:44:41: Alexander.Rios(76561198037915534) CLIENT OWNER ID [6], TOKEN [p8ob5dqq4m6dxq5fm4]
20.02.2020 21:48:31: Firefox(76561198091328447) CLIENT OWNER ID [8], TOKEN [a3elxuhl68knh6s5l]
20.02.2020 21:53:43: K-12 J Shepard(76561198043298972) CLIENT OWNER ID [9], TOKEN [jrieg8q844g7pvq]
20.02.2020 21:57:43: Sherman(76561198038112694) CLIENT OWNER ID [10], TOKEN [ymjpiyev9pr0p0w]
20.02.2020 21:58:22: K-12 J Shepard(76561198043298972) CLIENT OWNER ID [9], TOKEN [ye3gxc190ereltscj]
20.02.2020 22:14:47: Donnie Turbo(76561198041233395) CLIENT OWNER ID [11], TOKEN [eysnlqkr72983p]
20.02.2020 23:08:26: Firefox(76561198091328447) CLIENT OWNER ID [8], TOKEN [qctyvleohtva7jz4]
20.02.2020 23:24:50: AL "BIG AL" GAMBINO(76561198361509989) CLIENT OWNER ID [13], TOKEN [q147478mnhwoaaz]
20.02.2020 23:53:45: Donnie Turbo(76561198041233395) CLIENT OWNER ID [11], TOKEN [xd9om2k40rm4z6rnz]
