25.02.2020 00:02:35: John Anderson(76561198180893505) CLIENT OWNER ID [7], TOKEN [dspcy4buya3smq5ks8]
25.02.2020 00:04:05: Donnie Turbo(76561198041233395) CLIENT OWNER ID [5], TOKEN [g5ibzzpq12omy3rb]
25.02.2020 00:06:50: Khalidan Steyr(76561197997126699) CLIENT OWNER ID [9], TOKEN [o2eogmscocmbngn8l]
25.02.2020 00:07:52: luke(76561198264871362) CLIENT OWNER ID [10], TOKEN [jwhrlftgcl9lj3u5]
25.02.2020 00:54:15: John Anderson(76561198180893505) CLIENT OWNER ID [7], TOKEN [v1k3gg6yf1mi342l]
25.02.2020 00:59:23: John Anderson(76561198180893505) CLIENT OWNER ID [7], TOKEN [t6emxwzvk9xv70j]
25.02.2020 00:59:24: AL "BIG AL" GAMBINO(76561198361509989) CLIENT OWNER ID [12], TOKEN [xhkhnjzml07u5lo8]
25.02.2020 01:17:09: Nino Marino(76561198206026112) CLIENT OWNER ID [13], TOKEN [k04ttjfi3rpvs1n]
25.02.2020 01:26:28: Amado Carrillo fuentes(76561198354844800) CLIENT OWNER ID [14], TOKEN [ko0ctk4dlhcnf31y]
25.02.2020 01:30:11: Amado Carrillo fuentes(76561198354844800) CLIENT OWNER ID [14], TOKEN [txvm0m7i4xtehgm5]
25.02.2020 01:35:07: Zander Marino(76561198180893505) CLIENT OWNER ID [16], TOKEN [a2l463frdry7m657p]
25.02.2020 01:37:28: luke(76561198264871362) CLIENT OWNER ID [17], TOKEN [lun510iity5vf0oz]
25.02.2020 01:52:44: [1k-40] Jose Santana(76561198206026112) CLIENT OWNER ID [18], TOKEN [m4b103fmrlg7bxo1]
25.02.2020 02:25:13: Sherman(76561198038112694) CLIENT OWNER ID [19], TOKEN [j93nezy48v6cwnxp41]
25.02.2020 02:28:12: luke(76561198264871362) CLIENT OWNER ID [20], TOKEN [tedzz8rpwu6qzhe4m]
25.02.2020 02:32:55: luke(76561198264871362) CLIENT OWNER ID [21], TOKEN [r8gp9k05proi9e70]
25.02.2020 02:55:54: luke(76561198264871362) CLIENT OWNER ID [22], TOKEN [mfndz0r4fchcdw5x17]
25.02.2020 03:37:30: Zander Marino(76561198180893505) CLIENT OWNER ID [16], TOKEN [pfp80mq3jq7ol51nx]
25.02.2020 03:37:57: luke(76561198264871362) CLIENT OWNER ID [23], TOKEN [bfuz0bwlvol5ctbe]
25.02.2020 05:50:57: HoyoBani(76561198105940600) CLIENT OWNER ID [4], TOKEN [p2h65sdll9lnec467]
25.02.2020 06:01:08: Sherman(76561198038112694) CLIENT OWNER ID [5], TOKEN [o318fi8diqwl1y]
25.02.2020 06:13:35: Nino Marino(76561198206026112) CLIENT OWNER ID [7], TOKEN [n0rgnfk8ys039ub]
25.02.2020 06:17:50: Stanley Thompson [1K-75](76561198180893505) CLIENT OWNER ID [8], TOKEN [tptlk4n3dy4zrvdpw]
25.02.2020 18:35:46: Sherman(76561198038112694) CLIENT OWNER ID [4], TOKEN [gg6alkpfqrjvvgexby]
25.02.2020 22:52:54: AL "BIG AL" GAMBINO(76561198361509989) CLIENT OWNER ID [5], TOKEN [ybgewid20dctmcq]
25.02.2020 23:40:14: Donnie Turbo(76561198041233395) CLIENT OWNER ID [6], TOKEN [vts8wna1t6rtwqr]
