26.01.2020 00:14:36: Umbellay Zulu(76561198361509989) CLIENT OWNER ID [29], TOKEN [gnuptgw6sjztie]
26.01.2020 00:23:04: Harold Reginald(76561198355765034) CLIENT OWNER ID [31], TOKEN [kkmnpjv7h7l6yve]
26.01.2020 00:30:34: Harold Reginald(76561198355765034) CLIENT OWNER ID [32], TOKEN [tptbbbxkxmke72v1]
26.01.2020 00:50:36: Harold Reginald(76561198355765034) CLIENT OWNER ID [35], TOKEN [ectfgb18d4kueh]
26.01.2020 00:51:10: Joe Montana(76561198368248470) CLIENT OWNER ID [33], TOKEN [xwmwlt5ywh2ptn33n]
26.01.2020 01:09:09: mikez(76561198319287419) CLIENT OWNER ID [39], TOKEN [nfoowpcfbakffb]
26.01.2020 01:09:41: mikez(76561198319287419) CLIENT OWNER ID [39], TOKEN [k5imgp48824ceaz4]
26.01.2020 01:10:01: mikez(76561198319287419) CLIENT OWNER ID [39], TOKEN [fhs2d94th58h5bi53]
26.01.2020 01:14:17: mikez(76561198319287419) CLIENT OWNER ID [40], TOKEN [jx6f6f5ipel6elvnd]
26.01.2020 01:23:24: Harold Reginald(76561198355765034) CLIENT OWNER ID [41], TOKEN [vu2zw5afh86k8stf3xb]
26.01.2020 01:27:34: [ION]Eriden Parker(76561198054085448) CLIENT OWNER ID [14], TOKEN [vgxu2xh9aspk9rd]
26.01.2020 01:42:49: mikez(76561198319287419) CLIENT OWNER ID [42], TOKEN [tjddzcx27dvlle3h]
26.01.2020 01:55:26: Donnie Turbo(76561198041233395) CLIENT OWNER ID [43], TOKEN [j4v3hdny053nxpfq]
26.01.2020 01:57:55: William Jones(76561198166473448) CLIENT OWNER ID [44], TOKEN [lottfodullzlgu7li]
26.01.2020 02:02:43: Harold Reginald(76561198355765034) CLIENT OWNER ID [45], TOKEN [o6dkb5uuyyzhb038b]
26.01.2020 02:03:03: [1K-33] R. Tjay(76561198883479728) CLIENT OWNER ID [46], TOKEN [kv4k8ggy31thod25]
26.01.2020 02:04:40: Harold Reginald(76561198355765034) CLIENT OWNER ID [45], TOKEN [hm05gbsutt7m0xtzzf]
26.01.2020 02:11:59: Joe Montana(76561198368248470) CLIENT OWNER ID [47], TOKEN [lywxrk2msqufvlmzh7]
26.01.2020 02:13:20: Harold Reginald(76561198355765034) CLIENT OWNER ID [48], TOKEN [t2cm3ojy6q8ng1s4k]
26.01.2020 02:14:50: Mike Hutchinson(76561198043298972) CLIENT OWNER ID [51], TOKEN [f861mc9ttiahkxd4]
26.01.2020 02:16:45: William Jones(76561198166473448) CLIENT OWNER ID [52], TOKEN [ks42iaeidqpq4fu]
26.01.2020 02:19:39: [1A-01] J Shepard(76561198043298972) CLIENT OWNER ID [53], TOKEN [quctqu75cqe3recj1]
26.01.2020 02:38:59: [1A-02]J. Daker(76561198038112694) CLIENT OWNER ID [55], TOKEN [jfmkv645e40w18bk]
26.01.2020 02:47:05: [1K-33] R. Tjay(76561198883479728) CLIENT OWNER ID [56], TOKEN [suvhp2fmrg82o6koc]
26.01.2020 03:02:25: Harold Reginald(76561198355765034) CLIENT OWNER ID [48], TOKEN [cwsk1gwko5s2uzmvf7]
26.01.2020 03:07:38: Zander Marino(76561198180893505) CLIENT OWNER ID [58], TOKEN [r7zxshmjqgi2y3m]
26.01.2020 03:17:52: Umbellay Zulu(76561198361509989) CLIENT OWNER ID [59], TOKEN [omvm12njmxx3o71up]
26.01.2020 03:27:11: Chief Blades(76561198281290777) CLIENT OWNER ID [60], TOKEN [a4wx4j7dfr7eflr6]
26.01.2020 03:27:58: Chief Blades(76561198281290777) CLIENT OWNER ID [60], TOKEN [co88ymu1cj24eyi]
26.01.2020 03:36:18: Boyevik Butch-Mac Volkev(76561198089960350) CLIENT OWNER ID [4], TOKEN [bx6t7cvmr6kj4j]
26.01.2020 03:37:11: Harold Reginald(76561198355765034) CLIENT OWNER ID [7], TOKEN [uiqk831r1xbz95fx]
26.01.2020 03:37:30: Umbellay Zulu(76561198361509989) CLIENT OWNER ID [6], TOKEN [b4hbdny4d7lc3y]
26.01.2020 03:40:24: William Jones(76561198166473448) CLIENT OWNER ID [11], TOKEN [wem73cmgboli1n]
26.01.2020 03:40:41: [1A-01] J Shepard(76561198043298972) CLIENT OWNER ID [12], TOKEN [r63iudh8ty0go30]
26.01.2020 03:40:44: Nino Marino(76561198206026112) CLIENT OWNER ID [10], TOKEN [pdmd87ssc7zqyzvsn8]
26.01.2020 03:42:10: Kermit(76561198043298972) CLIENT OWNER ID [16], TOKEN [c0ojl9ou0o4lr5c]
26.01.2020 03:43:16: Chief Blades(76561198281290777) CLIENT OWNER ID [13], TOKEN [vkripdwuk3tdmf]
26.01.2020 03:43:53: Chief Blades(76561198281290777) CLIENT OWNER ID [13], TOKEN [o1xwc2hybo5yf9m0s]
26.01.2020 03:44:02: [1A-02]J. Daker(76561198038112694) CLIENT OWNER ID [15], TOKEN [ieifhdrsyoqcn2s]
26.01.2020 03:49:21: Zander Marino(76561198180893505) CLIENT OWNER ID [14], TOKEN [ldqvz19x0wobzdv]
26.01.2020 04:00:12: Chief Blades(76561198281290777) CLIENT OWNER ID [18], TOKEN [kw64lrgpuyb4scy2t]
26.01.2020 04:05:34: Chief Blades(76561198281290777) CLIENT OWNER ID [18], TOKEN [nnhqu2api1ztyzp9t3]
26.01.2020 04:21:59: Harold Reginald(76561198355765034) CLIENT OWNER ID [19], TOKEN [pd5oxoodyro0riwc]
26.01.2020 04:44:59: Umbellay Zulu(76561198361509989) CLIENT OWNER ID [20], TOKEN [uzyq627ui8012cen]
26.01.2020 04:54:31: Zander Marino(76561198180893505) CLIENT OWNER ID [14], TOKEN [ah7jfj3xwjujbs]
26.01.2020 04:59:57: Harold Reginald(76561198355765034) CLIENT OWNER ID [22], TOKEN [v6vd94uc4bbyefw0d]
26.01.2020 05:58:03: Rick Cheney(76561198860031547) CLIENT OWNER ID [24], TOKEN [j4mp21rlxfw6zohu]
26.01.2020 06:16:30: Robert Kennedy(76561198083728776) CLIENT OWNER ID [26], TOKEN [k2vuzk5km7fgqi1md]
26.01.2020 06:26:48: Nino Marino(76561198206026112) CLIENT OWNER ID [27], TOKEN [tmcp1qhx237880y6z4]
26.01.2020 15:13:32: Thomas(76561198174871239) CLIENT OWNER ID [28], TOKEN [bvfo1bfwnondqly]
26.01.2020 20:21:27: Abduwale Muse(76561198033160260) CLIENT OWNER ID [29], TOKEN [ueqvmgf6higosr5]
26.01.2020 21:08:52: Thomas(76561198174871239) CLIENT OWNER ID [30], TOKEN [kho5an3vzgq14unx]
26.01.2020 21:19:57: Donnie Turbo(76561198041233395) CLIENT OWNER ID [31], TOKEN [akzhg9pfmozhlnbjdd1]
26.01.2020 21:58:06: Umbellay Zulu(76561198361509989) CLIENT OWNER ID [32], TOKEN [q30hgks1l1hu2tk]
26.01.2020 22:03:12: AL "BIG AL" GAMBINO(76561198361509989) CLIENT OWNER ID [33], TOKEN [xzzsdtgz87r8f9]
26.01.2020 22:53:16: Donnie Turbo(76561198041233395) CLIENT OWNER ID [31], TOKEN [jy3efdx7smk775f]
26.01.2020 22:54:53: Thomas(76561198174871239) CLIENT OWNER ID [34], TOKEN [jj9cpntbkem40o79]
26.01.2020 23:01:27: Donnie Turbo(76561198041233395) CLIENT OWNER ID [31], TOKEN [rr50hgadbcrj48l45j]
26.01.2020 23:10:44: [1K-33] R. Tjay(76561198883479728) CLIENT OWNER ID [35], TOKEN [laahyb7bllo16qokytn]
26.01.2020 23:14:59: Davey Jones(76561198166473448) CLIENT OWNER ID [37], TOKEN [f8y2wu5u3k27rrw]
26.01.2020 23:15:42: Davey Jones(76561198166473448) CLIENT OWNER ID [37], TOKEN [c603g4f3s50cel8of8]
26.01.2020 23:27:54: Jbo Marino[201](76561198206026112) CLIENT OWNER ID [40], TOKEN [fq3cdpx6e35cxb]
