27.01.2020 00:10:20: 20h 39min | Disconnected: Thomas(76561198174871239 - 34) - time: 74229.7 - serverFPS: 46.2428
27.01.2020 00:21:33: 20h 50min | Connected: [1A-02]J. Daker(76561198038112694 - 42) - time: 74902.5 - serverFPS: 45.8453
27.01.2020 00:39:17: 21h 7min | Connected: Thomas(76561198174871239 - 43) - time: 75965.1 - serverFPS: 46.3768
27.01.2020 00:51:38: 21h 20min | Connected: Javier Escuella(76561198370210333 - 44) - time: 76706.3 - serverFPS: 46.3768
27.01.2020 01:13:59: 21h 42min | Connected: Harold Reginald(76561198355765034 - 46) - time: 78046.2 - serverFPS: 45.7143
27.01.2020 01:15:23: 21h 44min | Disconnected: Harold Reginald(76561198355765034 - 46) - time: 78130.2 - serverFPS: 46.5116
27.01.2020 01:19:49: 21h 48min | Connected: Harold Reginald(76561198355765034 - 47) - time: 78396.5 - serverFPS: 46.1095
27.01.2020 01:24:21: 21h 53min | Disconnected: Harold Reginald(76561198355765034 - 47) - time: 78668.9 - serverFPS: 46.3768
27.01.2020 01:28:26: 21h 57min | Connected: Harold Reginald(76561198355765034 - 48) - time: 78912.7 - serverFPS: 45.977
27.01.2020 01:31:24: 21h 60min | Disconnected: Harold Reginald(76561198355765034 - 48) - time: 79090.8 - serverFPS: 45.584
27.01.2020 01:41:14: 22h 9min | Connected: Harold Reginald(76561198355765034 - 50) - time: 79681 - serverFPS: 46.3768
27.01.2020 01:41:31: 22h 10min | Connected: [1A-01] J Shepard(76561198043298972 - 52) - time: 79697.3 - serverFPS: 45.7143
27.01.2020 01:42:21: 22h 11min | Disconnected: Harold Reginald(76561198355765034 - 50) - time: 79747 - serverFPS: 46.1095
27.01.2020 01:48:59: 22h 17min | Connected: Harold Reginald(76561198355765034 - 53) - time: 80145.1 - serverFPS: 46.5116
27.01.2020 01:49:46: 22h 18min | Connected: Boyevik Butch-Mac Volkev(76561198089960350 - 54) - time: 80192.4 - serverFPS: 45.584
27.01.2020 01:53:12: 22h 21min | Disconnected: Davey Jones(76561198166473448 - 37) - time: 80398.2 - serverFPS: 46.2428
27.01.2020 01:56:02: 22h 24min | Connected: Abduwale Muse(76561198033160260 - 55) - time: 80568.1 - serverFPS: 45.977
27.01.2020 01:56:37: 22h 25min | Disconnected: Harold Reginald(76561198355765034 - 53) - time: 80602.1 - serverFPS: 45.7143
27.01.2020 01:58:12: 22h 26min | Disconnected: Thomas(76561198174871239 - 43) - time: 80697.8 - serverFPS: 45.8453
27.01.2020 02:00:42: 22h 29min | Connected: Harold Reginald(76561198355765034 - 56) - time: 80847.1 - serverFPS: 45.977
27.01.2020 02:01:44: 22h 30min | Disconnected: Abduwale Muse(76561198033160260 - 55) - time: 80908.7 - serverFPS: 46.1095
27.01.2020 02:03:21: 22h 32min | Connected: Todd McCoy(76561198097718378 - 58) - time: 81006.1 - serverFPS: 45.7143
27.01.2020 02:03:36: 22h 32min | Connected: Abduwale Muse(76561198033160260 - 59) - time: 81021.6 - serverFPS: 46.1095
27.01.2020 02:04:36: 22h 33min | Disconnected: Todd McCoy(76561198097718378 - 58) - time: 81080.7 - serverFPS: 45.584
27.01.2020 02:05:21: 22h 34min | Connected: Thomas Woods(76561198174871239 - 61) - time: 81126 - serverFPS: 45.7143
27.01.2020 02:06:51: 22h 35min | Disconnected: [1K-33] R. Tjay(76561198883479728 - 35) - time: 81215.8 - serverFPS: 45.7143
27.01.2020 02:13:24: 22h 42min | Disconnected: Harold Reginald(76561198355765034 - 56) - time: 81608.6 - serverFPS: 41.7755
27.01.2020 02:34:36: 23h 3min | Disconnected: [1A-02]J. Daker(76561198038112694 - 42) - time: 82880.3 - serverFPS: 46.3768
27.01.2020 02:40:56: 23h 9min | Connected: Zander Marino(76561198180893505 - 62) - time: 83260.6 - serverFPS: 45.8453
27.01.2020 02:46:09: 23h 14min | Disconnected: Abduwale Muse(76561198033160260 - 59) - time: 83572.9 - serverFPS: 46.1095
27.01.2020 03:12:57: 23h 41min | Disconnected: Javier Escuella(76561198370210333 - 44) - time: 85180.9 - serverFPS: 46.5116
27.01.2020 03:16:42: 23h 45min | Connected: Wyclef(76561198038112694 - 65) - time: 85405.5 - serverFPS: 45.584
27.01.2020 03:18:34: 23h 47min | Disconnected: Thomas Woods(76561198174871239 - 61) - time: 85517.4 - serverFPS: 45.977
27.01.2020 03:24:57: 23h 53min | Disconnected: [1A-01] J Shepard(76561198043298972 - 52) - time: 85900.1 - serverFPS: 45.8453
27.01.2020 03:25:24: 23h 54min | Disconnected: Wyclef(76561198038112694 - 65) - time: 85927.9 - serverFPS: 46.2428
27.01.2020 03:25:25: 23h 54min | Disconnected: Boyevik Butch-Mac Volkev(76561198089960350 - 54) - time: 85928.8 - serverFPS: 45.977
27.01.2020 03:33:06: 24h 1min | Disconnected: Jbo Marino[201](76561198206026112 - 40) - time: 86389.3 - serverFPS: 45.8453
27.01.2020 03:36:59: infiSTAR_PlayerConnected_id: 1
27.01.2020 03:36:59: infiSTAR_PlayerDisconnected_id: 0
27.01.2020 03:41:19: 0h 6min | Connected: Zander Marino(76561198180893505 - 4) - time: 262.003 - serverFPS: 45.8453
27.01.2020 03:56:08: 0h 20min | Connected: Donnie Turbo(76561198041233395 - 5) - time: 1151.61 - serverFPS: 46.3768
27.01.2020 04:04:35: 0h 29min | Disconnected: Donnie Turbo(76561198041233395 - 5) - time: 1657.6 - serverFPS: 46.3768
27.01.2020 05:03:22: 1h 28min | Connected: Rick Cheney(76561198860031547 - 9) - time: 5183.94 - serverFPS: 45.4545
27.01.2020 05:21:27: 1h 46min | Connected: [1k-40] Jose Santana(76561198206026112 - 10) - time: 6268.83 - serverFPS: 45.7143
27.01.2020 07:15:43: 3h 40min | Disconnected: Zander Marino(76561198180893505 - 4) - time: 13124 - serverFPS: 46.5116
27.01.2020 07:16:18: 3h 41min | Connected: Zander Marino(76561198180893505 - 4) - time: 13158.3 - serverFPS: 46.2428
27.01.2020 08:04:48: 4h 29min | Disconnected: Rick Cheney(76561198860031547 - 9) - time: 16068.8 - serverFPS: 45.4545
27.01.2020 08:05:10: 4h 29min | Connected: Rick Cheney(76561198860031547 - 9) - time: 16090.5 - serverFPS: 45.3258
27.01.2020 08:11:44: 4h 36min | Disconnected: [1k-40] Jose Santana(76561198206026112 - 10) - time: 16484 - serverFPS: 45.7143
27.01.2020 08:14:56: 4h 39min | Disconnected: Rick Cheney(76561198860031547 - 9) - time: 16676.7 - serverFPS: 45.7143
27.01.2020 08:15:01: 4h 39min | Disconnected: Zander Marino(76561198180893505 - 4) - time: 16681.5 - serverFPS: 45.7143
27.01.2020 08:24:08: infiSTAR_PlayerConnected_id: 1
27.01.2020 08:24:08: infiSTAR_PlayerDisconnected_id: 0
27.01.2020 08:26:50: 0h 4min | Connected: Wyclef(76561198038112694 - 4) - time: 165.397 - serverFPS: 47.4777
27.01.2020 08:30:30: 0h 7min | Disconnected: Wyclef(76561198038112694 - 4) - time: 384.827 - serverFPS: 46.1095
27.01.2020 08:39:36: infiSTAR_PlayerConnected_id: 1
27.01.2020 08:39:36: infiSTAR_PlayerDisconnected_id: 0
27.01.2020 08:40:49: 0h 2min | Connected: Wyclef(76561198038112694 - 4) - time: 75.533 - serverFPS: 45.8453
27.01.2020 08:41:10: 0h 3min | Disconnected: Wyclef(76561198038112694 - 4) - time: 96.303 - serverFPS: 45.977
27.01.2020 08:45:24: infiSTAR_PlayerConnected_id: 1
27.01.2020 08:45:24: infiSTAR_PlayerDisconnected_id: 0
27.01.2020 16:54:09: infiSTAR_PlayerConnected_id: 1
27.01.2020 16:54:09: infiSTAR_PlayerDisconnected_id: 0
27.01.2020 16:57:12: 0h 4min | Connected: Wyclef(76561198038112694 - 4) - time: 185.869 - serverFPS: 46.5116
27.01.2020 16:59:20: 0h 6min | Disconnected: Wyclef(76561198038112694 - 4) - time: 312.114 - serverFPS: 46.6472
27.01.2020 17:46:52: infiSTAR_PlayerConnected_id: 1
27.01.2020 17:46:52: infiSTAR_PlayerDisconnected_id: 0
27.01.2020 17:50:24: 0h 5min | Connected: Wyclef(76561198038112694 - 4) - time: 214.184 - serverFPS: 46.6472
27.01.2020 17:50:44: 0h 5min | Disconnected: Wyclef(76561198038112694 - 4) - time: 233.98 - serverFPS: 45.7143
27.01.2020 20:34:55: infiSTAR_PlayerConnected_id: 1
27.01.2020 20:34:55: infiSTAR_PlayerDisconnected_id: 0
27.01.2020 22:12:16: 1h 38min | Connected: John Ross(76561198365314871 - 4) - time: 5844.23 - serverFPS: 45.977
27.01.2020 22:12:16: 1h 38min | Disconnected: John Ross(76561198365314871 - 4) - time: 5844.3 - serverFPS: 38.9294
27.01.2020 22:18:01: 1h 44min | Connected: Thomas(76561198174871239 - 5) - time: 6188.99 - serverFPS: 45.8453
27.01.2020 23:05:04: 2h 31min | Disconnected: Thomas(76561198174871239 - 5) - time: 9010.93 - serverFPS: 45.7143
27.01.2020 23:06:00: 2h 32min | Connected: Thomas Woods(76561198174871239 - 7) - time: 9067.16 - serverFPS: 45.7143
27.01.2020 23:27:46: 2h 54min | Connected: Donnie Turbo(76561198041233395 - 8) - time: 10372.8 - serverFPS: 45.977
27.01.2020 23:31:48: 2h 58min | Disconnected: Donnie Turbo(76561198041233395 - 8) - time: 10614.4 - serverFPS: 45.977
27.01.2020 23:37:20: 3h 3min | Connected: Donnie Turbo(76561198041233395 - 9) - time: 10946.8 - serverFPS: 45.4545
27.01.2020 23:46:29: 3h 13min | Connected: Wyclef(76561198038112694 - 10) - time: 11495.2 - serverFPS: 47.1976
27.01.2020 23:56:55: 3h 23min | Connected: Boyevik Butch-Mac Volkev(76561198089960350 - 11) - time: 12120.8 - serverFPS: 45.8453
