25.01.2020 00:01:54: luke(76561198264871362) CLIENT OWNER ID [19], TOKEN [hkz8nk803n4u15g3]
25.01.2020 00:10:48: Eriden Parker(76561198054085448) CLIENT OWNER ID [20], TOKEN [qn88y6p3soem8gbq2f]
25.01.2020 00:38:12: Eriden Parker(76561198054085448) CLIENT OWNER ID [20], TOKEN [quj4cgvv1k12vh]
25.01.2020 02:34:29: [1A-02]J. Daker(76561198038112694) CLIENT OWNER ID [22], TOKEN [h09y85czbvs68p2f6]
25.01.2020 02:38:28: Zander Marino(76561198180893505) CLIENT OWNER ID [23], TOKEN [rx2jr50605d4yy38ya]
25.01.2020 02:45:38: [1K-33] R. Tjay(76561198883479728) CLIENT OWNER ID [25], TOKEN [ow23ojema5mmbwkbg4]
25.01.2020 02:50:08: [1A-01] J Shepard(76561198043298972) CLIENT OWNER ID [28], TOKEN [pvjmniyrrge3fncrkz0]
25.01.2020 02:51:00: [1A-01] J Shepard(76561198043298972) CLIENT OWNER ID [28], TOKEN [xyxyokf7pwfsgo]
25.01.2020 02:53:13: [1A-01] J Shepard(76561198043298972) CLIENT OWNER ID [28], TOKEN [ift0gblvy1alnnq0]
25.01.2020 02:58:45: Mike Hutchinson(76561198043298972) CLIENT OWNER ID [29], TOKEN [yxn9f37ywch3h2]
25.01.2020 03:19:34: Zander Marino(76561198180893505) CLIENT OWNER ID [30], TOKEN [ih427gzxtpl22puffu]
25.01.2020 03:30:23: Zander Marino(76561198180893505) CLIENT OWNER ID [31], TOKEN [v49hoohs4nwjx55s3sf]
25.01.2020 03:48:33: Javier Escuella(76561198370210333) CLIENT OWNER ID [34], TOKEN [jv6hqyu30kajmy6du]
25.01.2020 03:55:57: Héctor "Lil Loco" Arturo(76561197999316388) CLIENT OWNER ID [36], TOKEN [s4ye0selideksr1]
25.01.2020 05:00:33: Connor M(76561198150427636) CLIENT OWNER ID [38], TOKEN [j2kxorvuks1e0j]
25.01.2020 06:07:38: Zander Marino(76561198180893505) CLIENT OWNER ID [31], TOKEN [ezqj7hfwfj5bb2zqyi]
25.01.2020 06:19:36: Abduwale Muse(76561198033160260) CLIENT OWNER ID [40], TOKEN [l5uz2kc5hzvp1mv]
25.01.2020 06:54:12: Abduwale Muse(76561198033160260) CLIENT OWNER ID [4], TOKEN [hxyzkpy3fsfrwt]
25.01.2020 07:05:10: Abduwale Muse(76561198033160260) CLIENT OWNER ID [5], TOKEN [i84vjy7qoi5wx2]
25.01.2020 08:01:14: Chief Blades(76561198281290777) CLIENT OWNER ID [8], TOKEN [nro71i0ib5emwj9o8]
25.01.2020 08:06:50: Abduwale Muse(76561198033160260) CLIENT OWNER ID [5], TOKEN [bbvf6r4jne8dqe]
25.01.2020 08:52:12: Abduwale Muse(76561198033160260) CLIENT OWNER ID [5], TOKEN [xon581hj047d4gg90go]
25.01.2020 08:55:37: Abduwale Muse(76561198033160260) CLIENT OWNER ID [5], TOKEN [tji64sg2yv18a6k1o]
25.01.2020 14:36:24: Eriden Parker(76561198054085448) CLIENT OWNER ID [10], TOKEN [psrdwsj88iya68ri2sl]
25.01.2020 18:18:15: Abduwale Muse(76561198033160260) CLIENT OWNER ID [11], TOKEN [m594inxx1gjzbwr]
25.01.2020 19:47:31: [ION]Eriden Parker(76561198054085448) CLIENT OWNER ID [14], TOKEN [be68yojvw0irgy]
25.01.2020 21:43:42: Thomas(76561198174871239) CLIENT OWNER ID [17], TOKEN [ltkesyjik1cbljrtf]
25.01.2020 21:52:44: Thomas(76561198174871239) CLIENT OWNER ID [17], TOKEN [ut5puen7ovny07]
25.01.2020 21:55:32: Thomas(76561198174871239) CLIENT OWNER ID [18], TOKEN [vjs3ivfc2vtwfa4]
25.01.2020 21:56:44: Thomas(76561198174871239) CLIENT OWNER ID [18], TOKEN [ts1cf76iyodkwycsmc]
25.01.2020 22:14:31: Donnie Turbo(76561198041233395) CLIENT OWNER ID [19], TOKEN [o2bp2f81sm1lu8hrd]
25.01.2020 22:21:40: [1K-33] R. Tjay(76561198883479728) CLIENT OWNER ID [20], TOKEN [gzw0nk81obm5qd5zg8l]
25.01.2020 22:27:29: Nino Marino(76561198206026112) CLIENT OWNER ID [21], TOKEN [gk78nkr4zowrbbo]
25.01.2020 23:30:22: Chief Blades(76561198281290777) CLIENT OWNER ID [26], TOKEN [k384fjzevqlv5de3]
25.01.2020 23:53:32: Donnie Turbo(76561198041233395) CLIENT OWNER ID [27], TOKEN [xxc9r6uvq6gdw7u8qqw]
25.01.2020 23:56:59: Boyevik Butch-Mac Volkev(76561198089960350) CLIENT OWNER ID [28], TOKEN [tsl4mkv7mce1qdmwdrf]
