07.02.2020 02:15:26: Donnie Turbo(76561198041233395) CLIENT OWNER ID [4], TOKEN [hrg89gmjubbf07uu]
07.02.2020 02:18:04: AL "BIG AL" GAMBINO(76561198361509989) CLIENT OWNER ID [6], TOKEN [mpklsnjyk4q6kr5pjs]
07.02.2020 02:22:11: AL "BIG AL" GAMBINO(76561198361509989) CLIENT OWNER ID [7], TOKEN [cih4lum123gcv6ruf0]
07.02.2020 02:41:02: Joe Montana(76561198368248470) CLIENT OWNER ID [8], TOKEN [pd84y2oe0usqs74dh]
07.02.2020 02:55:07: AL "BIG AL" GAMBINO(76561198361509989) CLIENT OWNER ID [9], TOKEN [au8sg6yihqfjt0ke3m]
07.02.2020 03:09:14: John Anderson(76561198180893505) CLIENT OWNER ID [12], TOKEN [u2took38o3h0isw3]
07.02.2020 03:13:46: luke(76561198264871362) CLIENT OWNER ID [13], TOKEN [qhrh60z5s2h6f2qgk]
07.02.2020 03:21:10: luke(76561198264871362) CLIENT OWNER ID [14], TOKEN [f6p1x7x1dlcb4qc2]
07.02.2020 03:31:27: John Anderson(76561198180893505) CLIENT OWNER ID [15], TOKEN [ul31tb0rosyoc3ek]
07.02.2020 03:38:46: Nino Marino(76561198206026112) CLIENT OWNER ID [16], TOKEN [loyygmt96yncgjj]
07.02.2020 03:47:21: Chris(76561198092965556) CLIENT OWNER ID [17], TOKEN [hc1gbjeweeevr6]
07.02.2020 04:01:18: Wyclef(76561198038112694) CLIENT OWNER ID [19], TOKEN [ftha8ofnc5dm1pp]
07.02.2020 04:19:37: Doug Dimmadont(76561198083728776) CLIENT OWNER ID [21], TOKEN [iahxe328dem0luj]
07.02.2020 04:20:03: Dan Dimmadont(76561198860031547) CLIENT OWNER ID [20], TOKEN [ghkjqma7kmz8xmxp]
07.02.2020 04:35:28: AL "BIG AL" GAMBINO(76561198361509989) CLIENT OWNER ID [22], TOKEN [pmf0sc54cthuxdq6]
07.02.2020 04:59:54: Dan Dimmadont(76561198860031547) CLIENT OWNER ID [20], TOKEN [f3z1pyilcfty4r9zc6]
07.02.2020 05:05:14: Boyevik Butch-Mac Volkev(76561198089960350) CLIENT OWNER ID [4], TOKEN [dw2is0e5inza5v8jg]
07.02.2020 05:08:23: Melvin Bush(76561198083728776) CLIENT OWNER ID [6], TOKEN [va8k63q6v689iz8i]
07.02.2020 05:08:44: Jeb Bush (76561198860031547) CLIENT OWNER ID [5], TOKEN [wovdlsdu2ajihq762n]
07.02.2020 05:12:12: AL "BIG AL" GAMBINO(76561198361509989) CLIENT OWNER ID [9], TOKEN [eg62n1jukg9enusyj]
07.02.2020 05:13:53: John Anderson(76561198180893505) CLIENT OWNER ID [8], TOKEN [kvrqam30ozu0yom]
07.02.2020 05:15:34: Gatsby(76561198038112694) CLIENT OWNER ID [10], TOKEN [r2kt6wsq3zl1kyy]
07.02.2020 05:19:46: Jeb Bush (76561198860031547) CLIENT OWNER ID [11], TOKEN [fhcnzkj9hd1nu0kmw]
07.02.2020 05:40:47: Melvin Bush(76561198083728776) CLIENT OWNER ID [5], TOKEN [e8u7wgw6qczb3im]
07.02.2020 05:41:52: Boyevik Butch-Mac Volkev(76561198089960350) CLIENT OWNER ID [4], TOKEN [dtyctng6llsttm6e]
07.02.2020 05:45:35: John Anderson(76561198180893505) CLIENT OWNER ID [6], TOKEN [bu2n67bdzfh17qz]
07.02.2020 05:55:38: Melvin Bush(76561198083728776) CLIENT OWNER ID [4], TOKEN [db31bjc7o298abvkwa]
07.02.2020 06:09:28: Jbo Marino[201](76561198206026112) CLIENT OWNER ID [5], TOKEN [o8hnjvfbiy4fygx4dke]
07.02.2020 06:10:47: Melvin Bush(76561198083728776) CLIENT OWNER ID [4], TOKEN [vfmvq28xhqbbml6xzfo]
07.02.2020 06:12:15: Melvin Bush(76561198083728776) CLIENT OWNER ID [4], TOKEN [m4udb5dtsqypqsb]
07.02.2020 06:22:11: Melvin Bush(76561198083728776) CLIENT OWNER ID [7], TOKEN [l94u6obozdey2i7jek]
07.02.2020 06:22:34: Nino Marino(76561198206026112) CLIENT OWNER ID [6], TOKEN [txffbfjovw7620hs7q]
07.02.2020 07:00:37: John Anderson(76561198180893505) CLIENT OWNER ID [8], TOKEN [oy8qo9mdoer9flv]
07.02.2020 07:13:28: John Anderson(76561198180893505) CLIENT OWNER ID [8], TOKEN [feg963ywj2s6khh81x]
07.02.2020 07:21:38: Melvin Bush(76561198083728776) CLIENT OWNER ID [4], TOKEN [w1669cyvlltp5iz]
07.02.2020 07:27:39: Boyevik Butch-Mac Volkev(76561198089960350) CLIENT OWNER ID [5], TOKEN [k5bdw10k4p1179k]
07.02.2020 07:29:26: John Anderson(76561198180893505) CLIENT OWNER ID [7], TOKEN [ru27cih9mb35zujr]
07.02.2020 07:30:07: Nino Marino(76561198206026112) CLIENT OWNER ID [6], TOKEN [xycnr8ir4rk72xa0]
07.02.2020 07:35:22: Gatsby(76561198038112694) CLIENT OWNER ID [8], TOKEN [qki0fjgwrzfbs2w]
07.02.2020 07:39:33: John Anderson(76561198180893505) CLIENT OWNER ID [9], TOKEN [bdd5j7d2g6lnj6g59wr]
07.02.2020 07:41:50: Melvin Bush(76561198083728776) CLIENT OWNER ID [4], TOKEN [hqvi99q0zicp8xt]
07.02.2020 07:42:09: Prescott Bush (76561198860031547) CLIENT OWNER ID [10], TOKEN [q7c1zmozhdov04nx0jl]
07.02.2020 07:52:22: Melvin Bush(76561198083728776) CLIENT OWNER ID [11], TOKEN [ceavxuc3bp0du6wbwh]
07.02.2020 08:21:50: John Anderson(76561198180893505) CLIENT OWNER ID [9], TOKEN [fqpno7y8dwxta678c2]
07.02.2020 08:24:39: Boyevik Butch-Mac Volkev(76561198089960350) CLIENT OWNER ID [5], TOKEN [k116b2b8smdf99fzg5r]
07.02.2020 08:41:47: John Anderson(76561198180893505) CLIENT OWNER ID [4], TOKEN [gjzzfh392gnajgq]
07.02.2020 09:21:49: Nino Marino(76561198206026112) CLIENT OWNER ID [5], TOKEN [i4h5h41nxi1jxmf8]
07.02.2020 11:43:07: Boyevik Butch-Mac Volkev(76561198089960350) CLIENT OWNER ID [4], TOKEN [g0auh6xspwwz343516]
07.02.2020 11:54:43: Boyevik Butch-Mac Volkev(76561198089960350) CLIENT OWNER ID [4], TOKEN [ncuwzn73t5wgcvnrb]
07.02.2020 13:34:02: Boyevik Butch-Mac Volkev(76561198089960350) CLIENT OWNER ID [4], TOKEN [qt7aiqe517w71xe]
07.02.2020 16:05:41: AL "BIG AL" GAMBINO(76561198361509989) CLIENT OWNER ID [4], TOKEN [kwedgq1gcophbkjff]
07.02.2020 18:57:38: Melvin Bush(76561198083728776) CLIENT OWNER ID [5], TOKEN [ovexlhfxi7d09hfu]
07.02.2020 19:26:10: Melvin Bush(76561198083728776) CLIENT OWNER ID [5], TOKEN [ux0mxsim5gsh2jeh]
07.02.2020 19:38:25: Melvin Bush(76561198083728776) CLIENT OWNER ID [4], TOKEN [xkrouipnnfh3ybww5]
07.02.2020 19:48:50: Melvin Bush(76561198083728776) CLIENT OWNER ID [4], TOKEN [ughux8gpvc0mjsvqx]
07.02.2020 19:49:53: Gatsby(76561198038112694) CLIENT OWNER ID [5], TOKEN [t5r698t6bmphlxfrx]
07.02.2020 21:06:09: AL "BIG AL" GAMBINO(76561198361509989) CLIENT OWNER ID [4], TOKEN [m8cefsx873bzkd]
07.02.2020 21:21:06: Joe Montana(76561198368248470) CLIENT OWNER ID [5], TOKEN [rv1mdpuv01vk2uuro]
07.02.2020 22:02:48: Donnie Turbo(76561198041233395) CLIENT OWNER ID [7], TOKEN [bzm1ga06b7l04k7m7u]
07.02.2020 22:03:27: John Anderson(76561198180893505) CLIENT OWNER ID [6], TOKEN [brpmfz77t85f3gt3]
07.02.2020 22:03:28: Donnie Turbo(76561198041233395) CLIENT OWNER ID [7], TOKEN [u7w6jq4zuzsw1nt5q]
07.02.2020 22:07:55: Donnie Turbo(76561198041233395) CLIENT OWNER ID [9], TOKEN [cb8f2fkgef433hq]
07.02.2020 22:08:40: Nino Marino(76561198206026112) CLIENT OWNER ID [8], TOKEN [nobr3zq1cx22sp4wn]
07.02.2020 22:32:33: Donnie Turbo(76561198041233395) CLIENT OWNER ID [11], TOKEN [rkq6w0ds5n31ig9t9]
07.02.2020 22:32:36: Nino Marino(76561198206026112) CLIENT OWNER ID [10], TOKEN [k2rebyfwekbwir3x]
07.02.2020 22:38:43: HoyoBani(76561198105940600) CLIENT OWNER ID [12], TOKEN [kvxwrdzpef38b6bub]
07.02.2020 22:43:37: Gatsby(76561198038112694) CLIENT OWNER ID [13], TOKEN [iopoxgyessq65m10]
07.02.2020 22:43:45: Donnie Turbo(76561198041233395) CLIENT OWNER ID [14], TOKEN [g7q6bh7enkhb73snzz]
07.02.2020 23:08:54: HoyoBani(76561198105940600) CLIENT OWNER ID [12], TOKEN [v6x9d6nw3wxqsmqz8]
07.02.2020 23:12:50: Donnie Turbo(76561198041233395) CLIENT OWNER ID [16], TOKEN [qip3bw3nf0cj2p7]
07.02.2020 23:29:25: [1k-12] J. Shepard(76561198043298972) CLIENT OWNER ID [18], TOKEN [s4fui2e50kpbvgps]
07.02.2020 23:39:32: luke(76561198264871362) CLIENT OWNER ID [21], TOKEN [u8ygccgubrs83l090]
07.02.2020 23:45:14: luke(76561198264871362) CLIENT OWNER ID [22], TOKEN [r0ajj6q5gy7phtlyq]
07.02.2020 23:46:41: Boyevik Butch-Mac Volkev(76561198089960350) CLIENT OWNER ID [23], TOKEN [xevjnsvkswsqs3upxbm]
07.02.2020 23:56:06: luke(76561198264871362) CLIENT OWNER ID [24], TOKEN [vdymzfvsrkcumcn]
07.02.2020 23:59:46: Radzig Kobyla(76561198089960350) CLIENT OWNER ID [26], TOKEN [vcxpmrwne3gh6dg]
