10.02.2020 00:36:26: Donnie Turbo(76561198041233395) CLIENT OWNER ID [10], TOKEN [s693yufwdke652lsaxv]
10.02.2020 00:46:42: Donnie Turbo(76561198041233395) CLIENT OWNER ID [10], TOKEN [vm4fkzl53y9vdduoe1]
10.02.2020 00:56:03: Donnie Turbo(76561198041233395) CLIENT OWNER ID [10], TOKEN [x0mc6bxu7qxn002]
10.02.2020 01:01:24: WarFire(76561198150464364) CLIENT OWNER ID [11], TOKEN [rlwf0jqeqzgtr5]
10.02.2020 01:18:28: Jackz(76561198391774624) CLIENT OWNER ID [12], TOKEN [iyyc3fy0xryj552]
10.02.2020 01:32:29: Rogue Tjay(76561198883479728) CLIENT OWNER ID [13], TOKEN [cp5rwvzxgh1hs3x]
10.02.2020 01:44:49: Low_Poly_Man(76561198137223112) CLIENT OWNER ID [14], TOKEN [l0h5wunoyt8tfsqic21]
10.02.2020 01:50:51: Mike Hutchinson(76561198043298972) CLIENT OWNER ID [15], TOKEN [g8vzad26mq0loj]
10.02.2020 01:59:28: Donnie Turbo(76561198041233395) CLIENT OWNER ID [16], TOKEN [lky6i84wrbeigm2]
10.02.2020 02:01:38: [1k-40] Jose Santana(76561198206026112) CLIENT OWNER ID [18], TOKEN [flh5xio0f2z9c7i1y]
10.02.2020 02:02:32: Sherman(76561198038112694) CLIENT OWNER ID [20], TOKEN [e471qrswju9l2jnbaq3]
10.02.2020 02:11:24: [3k-66] W.Blades(76561198281290777) CLIENT OWNER ID [21], TOKEN [r55gcbpjx6orzv8x]
10.02.2020 02:18:08: Rogue Tjay(76561198883479728) CLIENT OWNER ID [22], TOKEN [mytjxoy4ci8bl64]
10.02.2020 02:47:37: Mike Hutchinson(76561198043298972) CLIENT OWNER ID [15], TOKEN [icgehqjxlfkmo0u]
10.02.2020 03:01:04: Jackz(76561198391774624) CLIENT OWNER ID [12], TOKEN [mocfqblb7o50xg578]
10.02.2020 03:23:21: Zander Marino(76561198180893505) CLIENT OWNER ID [25], TOKEN [xbqj9adlof3gb6gniy]
10.02.2020 03:27:14: Héctor "Lil Loco" Arturo(76561197999316388) CLIENT OWNER ID [26], TOKEN [mb2y0bfdt7hmfcivv]
10.02.2020 03:43:24: luke(76561198264871362) CLIENT OWNER ID [28], TOKEN [tnv5w6jeks3uuvg2]
10.02.2020 03:49:50: Héctor "Lil Loco" Arturo(76561197999316388) CLIENT OWNER ID [29], TOKEN [gzwkw35j7d7r5kizpe]
10.02.2020 03:53:21: luke(76561198264871362) CLIENT OWNER ID [30], TOKEN [aqwunjidquo1qf97z]
10.02.2020 03:58:39: luke(76561198264871362) CLIENT OWNER ID [31], TOKEN [juw0foyga2uqjpy]
10.02.2020 04:08:16: Zander Marino(76561198180893505) CLIENT OWNER ID [33], TOKEN [j1n7stcd8q50014rm]
10.02.2020 04:26:34: HoyoBani(76561198105940600) CLIENT OWNER ID [36], TOKEN [dceghxj0fb80mgwt]
10.02.2020 04:26:35: Harold Reginald(76561198355765034) CLIENT OWNER ID [35], TOKEN [dwsdllfx7p6lsx]
10.02.2020 04:34:02: Harold Reginald(76561198355765034) CLIENT OWNER ID [35], TOKEN [hqzpoe8jnrwddy0]
10.02.2020 04:45:05: Sherman(76561198038112694) CLIENT OWNER ID [37], TOKEN [mhui003semuydc4gox]
10.02.2020 04:58:04: Rick Cheney(76561198860031547) CLIENT OWNER ID [38], TOKEN [c7d4g1qynyg1m6ms]
10.02.2020 04:58:44: Javier Escuella(76561198370210333) CLIENT OWNER ID [39], TOKEN [mqqido4d24qjw30]
10.02.2020 05:14:29: Sergei Kovacic(76561198043298972) CLIENT OWNER ID [42], TOKEN [vkrcqkiwqen5yol]
10.02.2020 05:35:38: Joe Montana(76561198368248470) CLIENT OWNER ID [43], TOKEN [lbyy33srrul3vjpon70]
10.02.2020 06:22:53: AL "BIG AL" GAMBINO(76561198361509989) CLIENT OWNER ID [47], TOKEN [xi6fqr0oizsza1wf3lt]
10.02.2020 07:26:26: John Anderson(76561198180893505) CLIENT OWNER ID [48], TOKEN [klx134q43kpvk2cx]
10.02.2020 07:33:10: Nino Marino(76561198206026112) CLIENT OWNER ID [49], TOKEN [qw0o74yywqvx4b8]
10.02.2020 07:41:32: Nino Marino(76561198206026112) CLIENT OWNER ID [49], TOKEN [t70nfhppn8ci5m4w2z]
10.02.2020 07:44:25: Nino Marino(76561198206026112) CLIENT OWNER ID [49], TOKEN [rlpfc12rbjor2se4lw]
10.02.2020 09:43:38: John Anderson(76561198180893505) CLIENT OWNER ID [48], TOKEN [gl8p2724dp16h8]
10.02.2020 17:22:30: WarFire(76561198150464364) CLIENT OWNER ID [51], TOKEN [ixlyos4nv1kkinlhqh]
10.02.2020 19:01:05: Melvin Bush(76561198083728776) CLIENT OWNER ID [52], TOKEN [ns5uqums8njbr6]
10.02.2020 19:11:28: AL "BIG AL" GAMBINO(76561198361509989) CLIENT OWNER ID [53], TOKEN [ebszyi9fomxjahxt4m2]
10.02.2020 19:23:04: Rogue Tjay(76561198883479728) CLIENT OWNER ID [54], TOKEN [q9p6eeg2mhpdr7l0j7f]
10.02.2020 19:58:47: Sherman(76561198038112694) CLIENT OWNER ID [55], TOKEN [gwlnwgctd6wvwruu9]
10.02.2020 19:59:28: Sherman(76561198038112694) CLIENT OWNER ID [55], TOKEN [o5pc35lxx6ga8rh]
10.02.2020 20:05:04: [1k-12] J. Shepard(76561198043298972) CLIENT OWNER ID [57], TOKEN [khy1hoi5u7fe3b27abz]
10.02.2020 21:06:04: AL "BIG AL" GAMBINO(76561198361509989) CLIENT OWNER ID [9], TOKEN [fccifzyegvd9aiy1i]
10.02.2020 21:06:15: WarFire(76561198150464364) CLIENT OWNER ID [8], TOKEN [m46nacwlr89kmhf0]
10.02.2020 21:11:36: Rogue Tjay(76561198883479728) CLIENT OWNER ID [10], TOKEN [pbdl1by7zd2vpl7q]
10.02.2020 21:43:03: AL "BIG AL" GAMBINO(76561198361509989) CLIENT OWNER ID [13], TOKEN [qszmjhlhj5wrp3b]
10.02.2020 22:11:20: Low_Poly_Man(76561198137223112) CLIENT OWNER ID [14], TOKEN [wwf5l0ht0myho1g9]
10.02.2020 22:12:23: Jbo Marino[201](76561198206026112) CLIENT OWNER ID [16], TOKEN [rts8atd1v3g3hyubr5l]
10.02.2020 22:21:27: Joe Montana(76561198368248470) CLIENT OWNER ID [17], TOKEN [gfgtwfz2pw1065wg]
10.02.2020 22:29:13: Donnie Turbo(76561198041233395) CLIENT OWNER ID [18], TOKEN [y5y79e6pz6rbxjg]
10.02.2020 23:17:12: Jackz(76561198391774624) CLIENT OWNER ID [19], TOKEN [u477i8k2i3zv5jyh]
10.02.2020 23:22:46: WarFire(76561198150464364) CLIENT OWNER ID [20], TOKEN [m3de03rlwvjmeyk]
10.02.2020 23:37:37: [1k-40] Jose Santana(76561198206026112) CLIENT OWNER ID [22], TOKEN [hzumwu4kr3trb3s2a6e]
10.02.2020 23:41:04: Amado Carrillo fuentes(76561198354844800) CLIENT OWNER ID [23], TOKEN [avgj7xaxmvyvol5]
10.02.2020 23:43:47: AL "BIG AL" GAMBINO(76561198361509989) CLIENT OWNER ID [24], TOKEN [l6rqj7e8vsnf5lo]
10.02.2020 23:56:50: Joe Montana(76561198368248470) CLIENT OWNER ID [25], TOKEN [jw5t81o0j6amjv3sd]
