18.01.2020 19:49:53: <infiSTAR.de> _fnc_RandomGen: {
_fnc_actualGen = {
_abc = ['z','y','x','w','v','u','t','s','r','q','p','o','n','m','l','k','j','i','h','g','f','e','d','c','b','a'];
_gen = _abc select (random ((count _abc)-1));
_arr = ['a','5','c','4','d','f','c','e','5','2','2','0','d','e','7','f','9','5','7','8','e','9','a','5','c','3','2','7','e','2','3'];
_randmax = {((round(random _randminval)) + (round(random _randmaxval))) max _randminval};
for '_i' from 0 to (call _randmax)do
{
_gen = _gen + str(round(random 9)) + (_arr select (random ((count _arr)-1)));
};
};
_gen = '';
while{_gen=='' || _gen in _allRandomGenVars}do{
call _fnc_actualGen;
};
_allRandomGenVars pushBack _gen;
_gen
}
18.01.2020 19:49:53: ----START-LINE----   (12-01-2020 22-45-36 - v0260)
18.01.2020 19:49:53: _adminbox: h52785f2f172289057535650f9d5f007c4f7d090e8c5c825c73
18.01.2020 19:49:53: _fnc_mpPackets: w6a1c181d5f774d7f8f623e1c1d1c0d1785354515894517
18.01.2020 19:49:53: _FNC_AH_KICKLOG: c42026d899e7e425a3279
18.01.2020 19:49:53: _FNC_AH_KICKLOGSPAWN: f328d5e5e3c296e571c65
18.01.2020 19:49:53: _FNC_PVAH_AdminReq: b629f425e2a52655d3517657785420d6e
18.01.2020 19:49:53: _token_by_uid: t32789390783e02128c5c13273f
18.01.2020 19:49:53: _uid_by_token: q0f873e7d89122c2d2c72429e151e857d09337e32
18.01.2020 19:49:53: _server_setTokenR: j278e1f37152f8f49644f
18.01.2020 19:49:53: _YourPlayerToken: l2532375c68259724805d3f3252193d3e82725e7e50
18.01.2020 19:49:53: _TokenCT: o2267676e6d291e0a5225693222847a
18.01.2020 19:49:53: _AH_MAIN_BLOCK: e945e706d8e8d2234174e
18.01.2020 19:49:53: _AHKickOFF: o221c2517050267937372223c5c6f
18.01.2020 19:49:53: _AHKickLog: m443a552d1e57272c3c579e14
18.01.2020 19:49:53: _clientdo: t3a4e558d3d22878e2c02158c5d29157272825d35127a3c
18.01.2020 19:49:53: _AH_RunCheckENDVAR: i7a552e62791e174522296523838c2835827e728e7c9a734e35
18.01.2020 19:49:53: _AH_RunCheckENDVAR_THREAD: i82054a499d094d5e721225
18.01.2020 19:49:53: _AH_HackLogArrayRND: b5f5c02733e3a27356535
18.01.2020 19:49:53: _AH_SurvLogArrayRND: b725229898a1d499e47797525
18.01.2020 19:49:53: _AH_AdmiLogArrayRND: b875d8752783c7502327a39052c52
18.01.2020 19:49:53: _TMPBAN: n8a22224a3f3c7573874f1320324c851a321e4219793725
18.01.2020 19:49:54: _massMessage: e198e9c5949376e1d38477f875c6e194c
18.01.2020 19:49:54: _massSysMessage: g393f12380735008d504e2285124c858535
18.01.2020 19:49:54: _AHpos: x341c344912191c1542523e04476d192c
18.01.2020 19:49:54: _ninetwo: q696a8545320d0c623733774c
18.01.2020 19:49:54: _ninetwothread: y8322524e5a793c1e8922
18.01.2020 19:49:54: _adminsA: i232c156d7f75447e894a3a85
18.01.2020 19:49:54: _MC: a650f829e04975267950744835f6e7a35126f
18.01.2020 19:49:54: _MCS: c758f1a653e0e492272007e
18.01.2020 19:49:54: _checkidicheckcheck: f40851d570d876d85751e3e838914393737903e84
18.01.2020 19:49:54: _lastshotmade: g3a9e540803674e872f42135a75027549672c0e0d19
18.01.2020 19:49:54: _dellocveh: s384213755e7e177385994e
18.01.2020 19:49:54: _inCombatTime: u45674d623c7857827007393d62122c4c7e
18.01.2020 19:49:54: _inCombatArray: u451c6e8e3f83572d1422457f5f13775f
18.01.2020 19:49:54: _fnc_infiKeyHandler: p8c87055c2d75350e227987632e07328e7f
18.01.2020 19:49:54: _vehicle_needs_check: o128a736f13021c436a75
18.01.2020 19:49:54: _MAKE_VAR_DUMP_RANDOM: s1f839d601032955f8412836c937c
18.01.2020 19:49:54: _MAKE_VAR_DUMP_CLIENT: z82226c523295858f423c428f95242e2c
18.01.2020 19:49:54: _DUMPINGPLAYERUIDARRAY: g0595621f4d4a226e69407f97158e631f25423455574f72973e
18.01.2020 19:49:54: _CURRENTLYDUMPING: m521e67673e59058e15473a626279
18.01.2020 19:49:54: _antiantihack_rndvar: j1d4785472739773e3f47
18.01.2020 19:49:54: _name_by_uid: z87480972771e071f684f
18.01.2020 19:49:54: _owner_by_uid: y484c98457d22658a1c85
18.01.2020 19:49:54: _customcommandingMenu: q4a7d4d5d62223c1e1f5e5d
18.01.2020 19:49:54: _customcommandingMenuOpen: s18275e124997223a72552e8f9825772f6e731e
18.01.2020 19:49:54: _AH_KICKLOG: PVAHR_8f8s9b3e1j
18.01.2020 19:49:54: ----END-LINE----   (12-01-2020 22-45-36 - v0260)
18.01.2020 21:42:36: <infiSTAR.de> _fnc_RandomGen: {
_fnc_actualGen = {
_abc = ['z','y','x','w','v','u','t','s','r','q','p','o','n','m','l','k','j','i','h','g','f','e','d','c','b','a'];
_gen = _abc select (random ((count _abc)-1));
_arr = ['a','5','c','4','d','f','c','e','5','2','2','0','d','e','7','f','9','5','7','8','e','9','a','5','c','3','2','7','e','2','3'];
_randmax = {((round(random _randminval)) + (round(random _randmaxval))) max _randminval};
for '_i' from 0 to (call _randmax)do
{
_gen = _gen + str(round(random 9)) + (_arr select (random ((count _arr)-1)));
};
};
_gen = '';
while{_gen=='' || _gen in _allRandomGenVars}do{
call _fnc_actualGen;
};
_allRandomGenVars pushBack _gen;
_gen
}
18.01.2020 21:42:36: ----START-LINE----   (12-01-2020 22-45-36 - v0260)
18.01.2020 21:42:36: _adminbox: q22242d1e705f3e62475a
18.01.2020 21:42:36: _fnc_mpPackets: v82658e423c7c152c5c9e5c3c
18.01.2020 21:42:36: _FNC_AH_KICKLOG: d25858f5c307c126775474269652302
18.01.2020 21:42:36: _FNC_AH_KICKLOGSPAWN: s185c471e1559321e6c044577
18.01.2020 21:42:36: _FNC_PVAH_AdminReq: s732c95192d321c63655a521e
18.01.2020 21:42:36: _token_by_uid: f400d401e1e9534952415
18.01.2020 21:42:36: _uid_by_token: y1e3e007a856f335f125e5d
18.01.2020 21:42:36: _server_setTokenR: r395e858d257e5237756e5310
18.01.2020 21:42:36: _YourPlayerToken: k6e721d353c3879023c7527573c44078e6247432f858c
18.01.2020 21:42:36: _TokenCT: m12586832551a8e0c4a5e
18.01.2020 21:42:36: _AH_MAIN_BLOCK: h6d89437c47244787988e8c1733423537
18.01.2020 21:42:36: _AHKickOFF: v25993963172c757c3e8f
18.01.2020 21:42:36: _AHKickLog: d958f854222696c0c7d6f0f5d4e
18.01.2020 21:42:36: _clientdo: z4e6d9c772c25573e4243
18.01.2020 21:42:36: _AH_RunCheckENDVAR: u5d3e6c427a6e6c7e1f3e131f25845c
18.01.2020 21:42:36: _AH_RunCheckENDVAR_THREAD: b1e4f4e2a95250e335e676568370e
18.01.2020 21:42:36: _AH_HackLogArrayRND: a4c3c23492e5572438a87
18.01.2020 21:42:36: _AH_SurvLogArrayRND: d6c879e24685e376f8d35
18.01.2020 21:42:36: _AH_AdmiLogArrayRND: f79458a7f3a5582323c734c4d0f258e55752395459c0c20134783
18.01.2020 21:42:36: _TMPBAN: j83771a8e2e1e345e322c
18.01.2020 21:42:36: _massMessage: x0f858c6d123500855c5c07820e3269285a1f2a4f55571e2e
18.01.2020 21:42:36: _massSysMessage: g126d5a921a5c7538576f4912
18.01.2020 21:42:36: _AHpos: h2e046943406c6e7d6e3f
18.01.2020 21:42:37: _ninetwo: t85856305697c72725d8a83
18.01.2020 21:42:37: _ninetwothread: d3035671e822e22531e5c
18.01.2020 21:42:37: _adminsA: l9d5f6747251e134e7c3a63372225
18.01.2020 21:42:37: _MC: n2d254278673a976e6e44278e8213233e0c725a128e85
18.01.2020 21:42:37: _MCS: o0e4a625c351572190517
18.01.2020 21:42:37: _checkidicheckcheck: u2703927e8232946972374880551e
18.01.2020 21:42:37: _lastshotmade: i2e708f20753f22473e35
18.01.2020 21:42:37: _dellocveh: n32851f3c7e159c882292558542
18.01.2020 21:42:37: _inCombatTime: w6258857c651c1259530f
18.01.2020 21:42:37: _inCombatArray: n67299e6982699a755e3f85991d1c6f
18.01.2020 21:42:37: _fnc_infiKeyHandler: o29647a2550472a407e957e3d7e2e780e3e728710237769
18.01.2020 21:42:37: _vehicle_needs_check: w831c0c029f5e407f95673c144d236c721d2a0727998997482569
18.01.2020 21:42:37: _MAKE_VAR_DUMP_RANDOM: k457e6552858c6e4c725f
18.01.2020 21:42:37: _MAKE_VAR_DUMP_CLIENT: w77222c3265229c9f2e3765841c473e2239227f8e376c034e
18.01.2020 21:42:37: _DUMPINGPLAYERUIDARRAY: n63431237375e3297630709453d1c
18.01.2020 21:42:37: _CURRENTLYDUMPING: y5e8c6f7e42594f3570204e277515
18.01.2020 21:42:37: _antiantihack_rndvar: x630e6f778f192c25448997134f257a25553572
18.01.2020 21:42:37: _name_by_uid: j5f9a45890d6235145329621c5e0a0f3c7e4c22
18.01.2020 21:42:37: _owner_by_uid: u79597e6a7d325e6c8272836785
18.01.2020 21:42:37: _customcommandingMenu: t5f7d24688e4565728d17
18.01.2020 21:42:37: _customcommandingMenuOpen: i22738a554a7d154c171e6c7d8525071764854847
18.01.2020 21:42:37: _AH_KICKLOG: PVAHR_7w1y4m5e1e5o
18.01.2020 21:42:37: ----END-LINE----   (12-01-2020 22-45-36 - v0260)
