02.02.2020 00:07:00: luke(76561198264871362) CLIENT OWNER ID [49], TOKEN [ubjxoosmt3twizmvh]
02.02.2020 00:25:33: mr.bean(76561198883479728) CLIENT OWNER ID [50], TOKEN [pveezi4kew778g0]
02.02.2020 00:53:06: Wyclef(76561198038112694) CLIENT OWNER ID [51], TOKEN [owlwjsscq3b0xm1]
02.02.2020 01:11:51: Abduwale Muse(76561198033160260) CLIENT OWNER ID [52], TOKEN [sobgfo1lcxw7yz2m4]
02.02.2020 01:40:59: Robert Kennedy(76561198083728776) CLIENT OWNER ID [53], TOKEN [bb057gxwgmzue48]
02.02.2020 01:47:53: Robert Kennedy(76561198083728776) CLIENT OWNER ID [53], TOKEN [wroqz424okg26jvu]
02.02.2020 02:08:34: Donnie Turbo(76561198041233395) CLIENT OWNER ID [54], TOKEN [vd8qooxxmvcqly]
02.02.2020 02:25:55: AL "BIG AL" GAMBINO(76561198361509989) CLIENT OWNER ID [56], TOKEN [kylfq31qjt7p66w]
02.02.2020 02:49:24: Donnie Turbo(76561198041233395) CLIENT OWNER ID [57], TOKEN [hg42xrqh5k0v0csn]
02.02.2020 03:26:41: [1K-12] J Shepard(76561198043298972) CLIENT OWNER ID [59], TOKEN [thubnbr1gnmgfpjlwn]
02.02.2020 03:49:20: Alexander.Rios(76561198037915534) CLIENT OWNER ID [60], TOKEN [nmub1xu6ufk6b0p0]
02.02.2020 03:51:13: Stanley Thompson [1K-75](76561198180893505) CLIENT OWNER ID [58], TOKEN [wct5jkoxxzopwcm]
02.02.2020 03:56:29: John Anderson(76561198180893505) CLIENT OWNER ID [61], TOKEN [pimnm54g6hzo5zg]
02.02.2020 03:59:43: Robert Kennedy(76561198083728776) CLIENT OWNER ID [62], TOKEN [k3il48gx13o97m]
02.02.2020 04:04:46: Rick Cheney(76561198860031547) CLIENT OWNER ID [63], TOKEN [gmcuop8rv1jpno6g]
02.02.2020 04:14:11: Wyclef(76561198038112694) CLIENT OWNER ID [65], TOKEN [srasvfaougvp3lw]
02.02.2020 04:14:39: Boyevik Butch-Mac Volkev(76561198089960350) CLIENT OWNER ID [66], TOKEN [ehheg6t9k3ph8wi]
02.02.2020 04:24:41: Héctor "Lil Loco" Arturo(76561197999316388) CLIENT OWNER ID [67], TOKEN [mnx6xxxfqsn94v189n3]
02.02.2020 04:31:00: Judge Whinehoe(76561198206026112) CLIENT OWNER ID [68], TOKEN [g2o0yymszzc8lqz]
02.02.2020 04:34:12: [RMC] Tabed(76561198123697713) CLIENT OWNER ID [69], TOKEN [eha816bzk0iihy]
02.02.2020 05:20:58: HoyoBani(76561198105940600) CLIENT OWNER ID [71], TOKEN [rmzz096crs3w4m]
02.02.2020 05:28:11: Nino Marino(76561198206026112) CLIENT OWNER ID [72], TOKEN [dcd067g0b1edd5u]
02.02.2020 06:15:11: Rick Cheney(76561198860031547) CLIENT OWNER ID [63], TOKEN [pjg27tg0jyeaqa2aer]
02.02.2020 06:15:28: Robert Kennedy(76561198083728776) CLIENT OWNER ID [62], TOKEN [qjis030cgqntmx]
02.02.2020 06:18:01: AL "BIG AL" GAMBINO(76561198361509989) CLIENT OWNER ID [75], TOKEN [bydc42hepnqzuca]
02.02.2020 06:21:23: AL "BIG AL" GAMBINO(76561198361509989) CLIENT OWNER ID [76], TOKEN [onc5mqeerxrut76c8zi]
02.02.2020 07:13:14: John Anderson(76561198180893505) CLIENT OWNER ID [61], TOKEN [dv62n9plw8woph]
02.02.2020 07:13:15: Rick Cheney(76561198860031547) CLIENT OWNER ID [63], TOKEN [pi9lgr2ohzh0byfyn18]
02.02.2020 07:15:39: Nino Marino(76561198206026112) CLIENT OWNER ID [72], TOKEN [n72qubmqnfq21ropqz]
02.02.2020 08:11:08: Nino Marino(76561198206026112) CLIENT OWNER ID [72], TOKEN [t00tlreoykswu1ocj]
02.02.2020 10:07:28: HoyoBani(76561198105940600) CLIENT OWNER ID [4], TOKEN [gdvfqrbbqadhz6n]
02.02.2020 10:12:51: HoyoBani(76561198105940600) CLIENT OWNER ID [4], TOKEN [g87ywt3muzfuimtt604]
02.02.2020 10:17:04: Boyevik Butch-Mac Volkev(76561198089960350) CLIENT OWNER ID [6], TOKEN [jhi60yz6plpb4pbbg]
02.02.2020 10:19:29: Robert Kennedy(76561198083728776) CLIENT OWNER ID [5], TOKEN [ag16xjpa6o56bfm4]
02.02.2020 10:29:24: HoyoBani(76561198105940600) CLIENT OWNER ID [4], TOKEN [yvk2wjr8fm90ds]
02.02.2020 10:30:04: Boyevik Butch-Mac Volkev(76561198089960350) CLIENT OWNER ID [5], TOKEN [as4iltcybld7nllt]
02.02.2020 13:27:56: George Clean(76561198130285673) CLIENT OWNER ID [4], TOKEN [ea1jqbfhv33mfa9a]
02.02.2020 13:31:32: thomas(76561198248187246) CLIENT OWNER ID [5], TOKEN [pd9uxsnuvpdfg4q]
02.02.2020 13:34:01: George Clean(76561198130285673) CLIENT OWNER ID [6], TOKEN [b4vmsjxnsyuri358]
02.02.2020 13:34:29: thomas(76561198248187246) CLIENT OWNER ID [5], TOKEN [ek1eh3o3hcfeoy3l7]
02.02.2020 13:58:33: thomas(76561198248187246) CLIENT OWNER ID [7], TOKEN [aduqatslixb53etble]
02.02.2020 14:56:33: George Clean(76561198130285673) CLIENT OWNER ID [8], TOKEN [na4wngusrqlml55e8]
02.02.2020 15:11:02: thomas(76561198248187246) CLIENT OWNER ID [9], TOKEN [b0la84dsziljmkgc]
02.02.2020 18:16:44: Wyclef(76561198038112694) CLIENT OWNER ID [11], TOKEN [ou6j043fldnlbfd]
02.02.2020 18:23:12: George Clean(76561198130285673) CLIENT OWNER ID [12], TOKEN [riim14bb68q21pxsxv]
02.02.2020 19:32:35: AL "BIG AL" GAMBINO(76561198361509989) CLIENT OWNER ID [14], TOKEN [l52nzydiqhc3wyf5c]
02.02.2020 19:53:54: George Clean(76561198130285673) CLIENT OWNER ID [15], TOKEN [kybu6ozcmxtb3bfi4i]
02.02.2020 20:05:36: deadrider41(76561198172486071) CLIENT OWNER ID [16], TOKEN [s0ffnrx3xhxzzqs]
02.02.2020 20:12:43: luke(76561198264871362) CLIENT OWNER ID [17], TOKEN [mfcxc7t6um5k16r]
02.02.2020 20:50:49: Rick Cheney(76561198860031547) CLIENT OWNER ID [18], TOKEN [j67ooa58pqn1k88w2]
02.02.2020 20:56:23: Nino Marino(76561198206026112) CLIENT OWNER ID [19], TOKEN [wlk0e2h5cieq72]
02.02.2020 21:27:18: Robert Kennedy(76561198083728776) CLIENT OWNER ID [4], TOKEN [q68s5ah0a9ys7l3]
02.02.2020 21:27:20: George Clean(76561198130285673) CLIENT OWNER ID [6], TOKEN [ayxtdqi453oox5i7]
02.02.2020 21:28:24: Wyclef(76561198038112694) CLIENT OWNER ID [5], TOKEN [nvbyg10oeb68oue85u]
02.02.2020 21:28:28: deadrider41(76561198172486071) CLIENT OWNER ID [7], TOKEN [o7lgnqj0be54c7jvtkw]
02.02.2020 21:32:38: Rick Cheney(76561198860031547) CLIENT OWNER ID [8], TOKEN [sg57a3nr9susf35opil]
02.02.2020 21:43:24: [RMC] Tabed(76561198123697713) CLIENT OWNER ID [9], TOKEN [w77lr3342rzghx0dvj]
02.02.2020 21:47:39: deadrider41(76561198172486071) CLIENT OWNER ID [10], TOKEN [aqua41nfhv787d8]
02.02.2020 21:50:42: deadrider41(76561198172486071) CLIENT OWNER ID [11], TOKEN [bobkgnl6ajo36qvwkn]
02.02.2020 21:52:55: Nino Marino(76561198206026112) CLIENT OWNER ID [12], TOKEN [fu2b8ug1yimuzpl]
02.02.2020 21:54:26: deadrider41(76561198172486071) CLIENT OWNER ID [13], TOKEN [d885w47nwu66f8gb5]
02.02.2020 22:01:27: deadrider41(76561198172486071) CLIENT OWNER ID [16], TOKEN [ozlp35efmfvg51]
02.02.2020 22:03:33: luke(76561198264871362) CLIENT OWNER ID [17], TOKEN [lsouej4mlb5ybh]
02.02.2020 22:04:17: Donnie Turbo(76561198041233395) CLIENT OWNER ID [15], TOKEN [pvowbr5f97btse6s]
02.02.2020 22:07:23: deadrider41(76561198172486071) CLIENT OWNER ID [18], TOKEN [nwsvu1xqpgxopmlmfd]
02.02.2020 22:10:32: Rick Cheney(76561198860031547) CLIENT OWNER ID [8], TOKEN [pda3s1s0whvb3x8u5]
02.02.2020 22:12:26: Thomas Woods(76561198174871239) CLIENT OWNER ID [14], TOKEN [wsnyephp6zcyyccjr2]
02.02.2020 22:12:56: deadrider41(76561198172486071) CLIENT OWNER ID [19], TOKEN [os7i01tudkwt2qx]
02.02.2020 22:18:19: deadrider41(76561198172486071) CLIENT OWNER ID [20], TOKEN [a3nq7pvs71zpcj42]
02.02.2020 22:27:08: deadrider41(76561198172486071) CLIENT OWNER ID [21], TOKEN [u7zxyr2i43d57unlb]
02.02.2020 23:06:37: Zander Marino(76561198180893505) CLIENT OWNER ID [22], TOKEN [y8e16x20dspzsxz]
02.02.2020 23:14:36: S.Kingston(76561198046640450) CLIENT OWNER ID [23], TOKEN [eoizkxun1x0jj7fn7b]
02.02.2020 23:26:41: Donnie Turbo(76561198041233395) CLIENT OWNER ID [24], TOKEN [nevmix44yxm54voml]
