02.02.2020 00:07:00: 19h 39min | Connected: luke(76561198264871362 - 49) - time: 70632.4 - serverFPS: 45.977
02.02.2020 00:25:33: 19h 57min | Connected: mr.bean(76561198883479728 - 50) - time: 71745.1 - serverFPS: 45.977
02.02.2020 00:53:06: 20h 25min | Connected: Wyclef(76561198038112694 - 51) - time: 73396.6 - serverFPS: 46.1095
02.02.2020 01:06:58: 20h 38min | Disconnected: George Clean(76561198130285673 - 47) - time: 74228.8 - serverFPS: 46.6472
02.02.2020 01:07:38: 20h 39min | Disconnected: mr.bean(76561198883479728 - 50) - time: 74268.1 - serverFPS: 45.3258
02.02.2020 01:11:51: 20h 43min | Connected: Abduwale Muse(76561198033160260 - 52) - time: 74521.9 - serverFPS: 45.7143
02.02.2020 01:39:59: 21h 12min | Disconnected: Abduwale Muse(76561198033160260 - 52) - time: 76208.4 - serverFPS: 45.584
02.02.2020 01:40:59: 21h 13min | Connected: Robert Kennedy(76561198083728776 - 53) - time: 76268.4 - serverFPS: 45.584
02.02.2020 01:45:45: 21h 17min | Disconnected: Wyclef(76561198038112694 - 51) - time: 76554.3 - serverFPS: 45.977
02.02.2020 01:47:37: 21h 19min | Disconnected: Robert Kennedy(76561198083728776 - 53) - time: 76666.3 - serverFPS: 46.9208
02.02.2020 01:47:53: 21h 19min | Connected: Robert Kennedy(76561198083728776 - 53) - time: 76681.9 - serverFPS: 46.1095
02.02.2020 02:08:34: 21h 40min | Connected: Donnie Turbo(76561198041233395 - 54) - time: 77922.4 - serverFPS: 45.584
02.02.2020 02:08:44: 21h 40min | Disconnected: Donnie Turbo(76561198041233395 - 54) - time: 77932.1 - serverFPS: 45.584
02.02.2020 02:25:55: 21h 57min | Connected: AL "BIG AL" GAMBINO(76561198361509989 - 56) - time: 78963.1 - serverFPS: 47.3373
02.02.2020 02:32:39: 22h 4min | Disconnected: Robert Kennedy(76561198083728776 - 53) - time: 79366.7 - serverFPS: 42.4403
02.02.2020 02:49:24: 22h 21min | Connected: Donnie Turbo(76561198041233395 - 57) - time: 80371.8 - serverFPS: 45.8453
02.02.2020 03:26:41: 22h 58min | Connected: [1K-12] J Shepard(76561198043298972 - 59) - time: 82608 - serverFPS: 45.7143
02.02.2020 03:49:20: 23h 21min | Connected: Alexander.Rios(76561198037915534 - 60) - time: 83966.2 - serverFPS: 47.1976
02.02.2020 03:51:13: 23h 23min | Connected: Stanley Thompson [1K-75](76561198180893505 - 58) - time: 84078.6 - serverFPS: 45.7143
02.02.2020 03:52:55: 23h 24min | Disconnected: Stanley Thompson [1K-75](76561198180893505 - 58) - time: 84180.5 - serverFPS: 45.4545
02.02.2020 03:56:29: 23h 28min | Connected: John Anderson(76561198180893505 - 61) - time: 84395.1 - serverFPS: 45.977
02.02.2020 03:59:43: 23h 31min | Connected: Robert Kennedy(76561198083728776 - 62) - time: 84588.3 - serverFPS: 45.3258
02.02.2020 04:04:46: 23h 36min | Connected: Rick Cheney(76561198860031547 - 63) - time: 84891 - serverFPS: 45.1977
02.02.2020 04:14:11: 23h 46min | Connected: Wyclef(76561198038112694 - 65) - time: 85455.4 - serverFPS: 45.7143
02.02.2020 04:14:40: 23h 46min | Connected: Boyevik Butch-Mac Volkev(76561198089960350 - 66) - time: 85483.9 - serverFPS: 43.1267
02.02.2020 04:24:41: 23h 56min | Connected: Héctor "Lil Loco" Arturo(76561197999316388 - 67) - time: 86084.1 - serverFPS: 45.8453
02.02.2020 04:27:29: 23h 59min | Disconnected: Nino Marino(76561198206026112 - 46) - time: 86252.1 - serverFPS: 45.3258
02.02.2020 04:31:00: 24h 3min | Connected: Judge Whinehoe(76561198206026112 - 68) - time: 86462.9 - serverFPS: 45.584
02.02.2020 04:34:12: 24h 6min | Connected: [RMC] Tabed(76561198123697713 - 69) - time: 86654.3 - serverFPS: 45.584
02.02.2020 05:20:58: 24h 52min | Connected: HoyoBani(76561198105940600 - 71) - time: 89459.5 - serverFPS: 45.4545
02.02.2020 05:26:44: 24h 58min | Disconnected: Judge Whinehoe(76561198206026112 - 68) - time: 89805.4 - serverFPS: 46.2428
02.02.2020 05:28:12: 24h 60min | Connected: Nino Marino(76561198206026112 - 72) - time: 89892.9 - serverFPS: 46.3768
02.02.2020 05:31:38: 25h 3min | Disconnected: Joe Montana(76561198368248470 - 42) - time: 90099.2 - serverFPS: 45.584
02.02.2020 05:32:31: 25h 4min | Disconnected: Donnie Turbo(76561198041233395 - 57) - time: 90152.7 - serverFPS: 45.7143
02.02.2020 05:35:19: 25h 7min | Disconnected: AL "BIG AL" GAMBINO(76561198361509989 - 56) - time: 90319.9 - serverFPS: 45.4545
02.02.2020 05:41:25: 25h 13min | Disconnected: [RMC] Tabed(76561198123697713 - 69) - time: 90685.6 - serverFPS: 45.8453
02.02.2020 06:06:51: 25h 38min | Disconnected: Alexander.Rios(76561198037915534 - 60) - time: 92210.8 - serverFPS: 45.3258
02.02.2020 06:08:42: 25h 40min | Disconnected: Boyevik Butch-Mac Volkev(76561198089960350 - 66) - time: 92321.9 - serverFPS: 46.1095
02.02.2020 06:09:27: 25h 41min | Disconnected: Héctor "Lil Loco" Arturo(76561197999316388 - 67) - time: 92367.6 - serverFPS: 43.0108
02.02.2020 06:10:21: 25h 42min | Disconnected: Wyclef(76561198038112694 - 65) - time: 92421.4 - serverFPS: 41.9948
02.02.2020 06:11:51: 25h 43min | Disconnected: [1K-12] J Shepard(76561198043298972 - 59) - time: 92511.1 - serverFPS: 45.4545
02.02.2020 06:13:18: 25h 45min | Disconnected: HoyoBani(76561198105940600 - 71) - time: 92597.7 - serverFPS: 45.584
02.02.2020 06:14:44: 25h 46min | Disconnected: Rick Cheney(76561198860031547 - 63) - time: 92683.9 - serverFPS: 45.4545
02.02.2020 06:14:49: 25h 46min | Disconnected: Robert Kennedy(76561198083728776 - 62) - time: 92688.8 - serverFPS: 46.3768
02.02.2020 06:15:11: 25h 47min | Connected: Rick Cheney(76561198860031547 - 63) - time: 92711.3 - serverFPS: 46.3768
02.02.2020 06:15:28: 25h 47min | Connected: Robert Kennedy(76561198083728776 - 62) - time: 92728.1 - serverFPS: 45.8453
02.02.2020 06:18:01: 25h 50min | Connected: AL "BIG AL" GAMBINO(76561198361509989 - 75) - time: 92881 - serverFPS: 46.2428
02.02.2020 06:18:04: 25h 50min | Disconnected: AL "BIG AL" GAMBINO(76561198361509989 - 75) - time: 92883.7 - serverFPS: 45.7143
02.02.2020 06:21:23: 25h 53min | Connected: AL "BIG AL" GAMBINO(76561198361509989 - 76) - time: 93082.8 - serverFPS: 46.5116
02.02.2020 06:23:39: 25h 55min | Disconnected: luke(76561198264871362 - 49) - time: 93218.2 - serverFPS: 45.584
02.02.2020 06:58:13: 26h 30min | Disconnected: Robert Kennedy(76561198083728776 - 62) - time: 95291.9 - serverFPS: 45.3258
02.02.2020 07:12:38: 26h 44min | Disconnected: John Anderson(76561198180893505 - 61) - time: 96156.5 - serverFPS: 45.4545
02.02.2020 07:12:41: 26h 44min | Disconnected: Rick Cheney(76561198860031547 - 63) - time: 96159.6 - serverFPS: 45.7143
02.02.2020 07:13:14: 26h 45min | Connected: John Anderson(76561198180893505 - 61) - time: 96192.1 - serverFPS: 45.977
02.02.2020 07:13:15: 26h 45min | Connected: Rick Cheney(76561198860031547 - 63) - time: 96193.5 - serverFPS: 46.1095
02.02.2020 07:15:00: 26h 47min | Disconnected: Nino Marino(76561198206026112 - 72) - time: 96298.4 - serverFPS: 45.8453
02.02.2020 07:15:39: 26h 47min | Connected: Nino Marino(76561198206026112 - 72) - time: 96336.6 - serverFPS: 45.977
02.02.2020 08:09:57: 27h 41min | Disconnected: John Anderson(76561198180893505 - 61) - time: 99594.1 - serverFPS: 45.3258
02.02.2020 08:09:57: 27h 41min | Disconnected: Nino Marino(76561198206026112 - 72) - time: 99594.1 - serverFPS: 45.3258
02.02.2020 08:10:10: 27h 42min | Disconnected: Rick Cheney(76561198860031547 - 63) - time: 99607.6 - serverFPS: 46.2428
02.02.2020 08:11:08: 27h 43min | Connected: Nino Marino(76561198206026112 - 72) - time: 99664.9 - serverFPS: 45.4545
02.02.2020 08:15:25: 27h 47min | Disconnected: AL "BIG AL" GAMBINO(76561198361509989 - 76) - time: 99919.9 - serverFPS: 46.2428
02.02.2020 08:28:41: 28h 0min | Disconnected: Nino Marino(76561198206026112 - 72) - time: 100716 - serverFPS: 45.8453
02.02.2020 10:06:07: infiSTAR_PlayerConnected_id: 1
02.02.2020 10:06:07: infiSTAR_PlayerDisconnected_id: 0
02.02.2020 10:07:28: 0h 2min | Connected: HoyoBani(76561198105940600 - 4) - time: 83.509 - serverFPS: 46.1095
02.02.2020 10:10:38: infiSTAR_PlayerConnected_id: 1
02.02.2020 10:10:38: infiSTAR_PlayerDisconnected_id: 0
02.02.2020 10:12:51: 0h 3min | Connected: HoyoBani(76561198105940600 - 4) - time: 136.446 - serverFPS: 46.1095
02.02.2020 10:17:04: 0h 8min | Connected: Boyevik Butch-Mac Volkev(76561198089960350 - 6) - time: 388.475 - serverFPS: 46.3768
02.02.2020 10:19:29: 0h 10min | Connected: Robert Kennedy(76561198083728776 - 5) - time: 533.696 - serverFPS: 45.8453
02.02.2020 10:28:26: infiSTAR_PlayerConnected_id: 1
02.02.2020 10:28:26: infiSTAR_PlayerDisconnected_id: 0
02.02.2020 10:29:24: 0h 2min | Connected: HoyoBani(76561198105940600 - 4) - time: 61.1 - serverFPS: 46.1095
02.02.2020 10:30:04: 0h 3min | Connected: Boyevik Butch-Mac Volkev(76561198089960350 - 5) - time: 100.651 - serverFPS: 45.8453
02.02.2020 10:40:43: 0h 13min | Disconnected: Boyevik Butch-Mac Volkev(76561198089960350 - 5) - time: 739.445 - serverFPS: 45.977
02.02.2020 10:40:49: 0h 13min | Disconnected: HoyoBani(76561198105940600 - 4) - time: 745.402 - serverFPS: 45.584
02.02.2020 10:53:06: infiSTAR_PlayerConnected_id: 1
02.02.2020 10:53:06: infiSTAR_PlayerDisconnected_id: 0
02.02.2020 13:27:56: 2h 36min | Connected: George Clean(76561198130285673 - 4) - time: 9292.92 - serverFPS: 45.3258
02.02.2020 13:31:32: 2h 40min | Connected: thomas(76561198248187246 - 5) - time: 9508.85 - serverFPS: 45.584
02.02.2020 13:31:49: 2h 40min | Disconnected: thomas(76561198248187246 - 5) - time: 9526.08 - serverFPS: 45.7143
02.02.2020 13:33:12: 2h 41min | Disconnected: George Clean(76561198130285673 - 4) - time: 9608.52 - serverFPS: 45.4545
02.02.2020 13:34:01: 2h 42min | Connected: George Clean(76561198130285673 - 6) - time: 9657.34 - serverFPS: 45.7143
02.02.2020 13:34:29: 2h 42min | Connected: thomas(76561198248187246 - 5) - time: 9684.96 - serverFPS: 45.7143
02.02.2020 13:54:25: 3h 2min | Disconnected: thomas(76561198248187246 - 5) - time: 10881.9 - serverFPS: 45.8453
02.02.2020 13:58:33: 3h 7min | Connected: thomas(76561198248187246 - 7) - time: 11129.2 - serverFPS: 45.7143
02.02.2020 14:54:15: 4h 2min | Disconnected: George Clean(76561198130285673 - 6) - time: 14471.1 - serverFPS: 46.1095
02.02.2020 14:56:33: 4h 5min | Connected: George Clean(76561198130285673 - 8) - time: 14609 - serverFPS: 45.7143
02.02.2020 15:06:51: 4h 15min | Disconnected: thomas(76561198248187246 - 7) - time: 15227 - serverFPS: 45.7143
02.02.2020 15:11:02: 4h 19min | Connected: thomas(76561198248187246 - 9) - time: 15477.2 - serverFPS: 45.584
02.02.2020 15:58:16: 5h 6min | Disconnected: thomas(76561198248187246 - 9) - time: 18311 - serverFPS: 45.977
02.02.2020 17:09:57: 6h 18min | Disconnected: George Clean(76561198130285673 - 8) - time: 22612.1 - serverFPS: 45.3258
02.02.2020 18:16:44: 7h 25min | Connected: Wyclef(76561198038112694 - 11) - time: 26618.8 - serverFPS: 45.584
02.02.2020 18:20:08: 7h 28min | Disconnected: Wyclef(76561198038112694 - 11) - time: 26822.7 - serverFPS: 45.8453
02.02.2020 18:23:12: 7h 31min | Connected: George Clean(76561198130285673 - 12) - time: 27007 - serverFPS: 46.2428
02.02.2020 19:32:35: 8h 41min | Connected: AL "BIG AL" GAMBINO(76561198361509989 - 14) - time: 31169.7 - serverFPS: 45.977
02.02.2020 19:35:14: 8h 43min | Disconnected: George Clean(76561198130285673 - 12) - time: 31328.6 - serverFPS: 45.7143
02.02.2020 19:53:54: 9h 2min | Connected: George Clean(76561198130285673 - 15) - time: 32447.8 - serverFPS: 45.8453
02.02.2020 20:05:36: 9h 14min | Connected: deadrider41(76561198172486071 - 16) - time: 33149.1 - serverFPS: 45.584
02.02.2020 20:12:43: 9h 21min | Connected: luke(76561198264871362 - 17) - time: 33576.6 - serverFPS: 45.584
02.02.2020 20:50:49: 9h 59min | Connected: Rick Cheney(76561198860031547 - 18) - time: 35860.8 - serverFPS: 45.4545
02.02.2020 20:56:23: 10h 4min | Connected: Nino Marino(76561198206026112 - 19) - time: 36195.4 - serverFPS: 46.9208
02.02.2020 20:56:27: 10h 4min | Disconnected: luke(76561198264871362 - 17) - time: 36198.9 - serverFPS: 45.7143
02.02.2020 20:58:45: 10h 7min | Disconnected: deadrider41(76561198172486071 - 16) - time: 36336.7 - serverFPS: 43.2432
02.02.2020 20:59:00: 10h 7min | Disconnected: AL "BIG AL" GAMBINO(76561198361509989 - 14) - time: 36352 - serverFPS: 45.4545
02.02.2020 21:04:27: 10h 12min | Disconnected: Rick Cheney(76561198860031547 - 18) - time: 36679 - serverFPS: 45.977
02.02.2020 21:04:44: 10h 13min | Disconnected: Nino Marino(76561198206026112 - 19) - time: 36695.3 - serverFPS: 47.4777
02.02.2020 21:04:57: 10h 13min | Disconnected: George Clean(76561198130285673 - 15) - time: 36708.4 - serverFPS: 45.584
02.02.2020 21:25:46: infiSTAR_PlayerConnected_id: 1
02.02.2020 21:25:46: infiSTAR_PlayerDisconnected_id: 0
02.02.2020 21:27:18: 0h 3min | Connected: Robert Kennedy(76561198083728776 - 4) - time: 95.082 - serverFPS: 46.6472
02.02.2020 21:27:20: 0h 3min | Connected: George Clean(76561198130285673 - 6) - time: 96.325 - serverFPS: 36.1174
02.02.2020 21:28:24: 0h 4min | Connected: Wyclef(76561198038112694 - 5) - time: 160.124 - serverFPS: 46.6472
02.02.2020 21:28:28: 0h 4min | Connected: deadrider41(76561198172486071 - 7) - time: 164.051 - serverFPS: 48.7805
02.02.2020 21:28:32: 0h 4min | Disconnected: Wyclef(76561198038112694 - 5) - time: 168.409 - serverFPS: 45.7143
02.02.2020 21:32:38: 0h 8min | Connected: Rick Cheney(76561198860031547 - 8) - time: 414.036 - serverFPS: 45.584
02.02.2020 21:43:24: 0h 19min | Connected: [RMC] Tabed(76561198123697713 - 9) - time: 1059.83 - serverFPS: 45.584
02.02.2020 21:44:42: 0h 20min | Disconnected: deadrider41(76561198172486071 - 7) - time: 1136.92 - serverFPS: 45.4545
02.02.2020 21:47:39: 0h 23min | Connected: deadrider41(76561198172486071 - 10) - time: 1313.97 - serverFPS: 45.4545
02.02.2020 21:47:56: 0h 23min | Disconnected: deadrider41(76561198172486071 - 10) - time: 1331 - serverFPS: 45.4545
02.02.2020 21:50:42: 0h 26min | Connected: deadrider41(76561198172486071 - 11) - time: 1496.95 - serverFPS: 45.584
02.02.2020 21:50:59: 0h 26min | Disconnected: deadrider41(76561198172486071 - 11) - time: 1513.85 - serverFPS: 45.4545
02.02.2020 21:52:55: 0h 28min | Connected: Nino Marino(76561198206026112 - 12) - time: 1629.84 - serverFPS: 46.6472
02.02.2020 21:54:26: 0h 30min | Connected: deadrider41(76561198172486071 - 13) - time: 1721.29 - serverFPS: 45.584
02.02.2020 21:54:43: 0h 30min | Disconnected: deadrider41(76561198172486071 - 13) - time: 1737.91 - serverFPS: 45.977
02.02.2020 22:01:27: 0h 37min | Connected: deadrider41(76561198172486071 - 16) - time: 2141.59 - serverFPS: 45.7143
02.02.2020 22:01:44: 0h 37min | Disconnected: deadrider41(76561198172486071 - 16) - time: 2158.64 - serverFPS: 45.3258
02.02.2020 22:03:33: 0h 39min | Connected: luke(76561198264871362 - 17) - time: 2267.35 - serverFPS: 45.584
02.02.2020 22:04:17: 0h 40min | Connected: Donnie Turbo(76561198041233395 - 15) - time: 2311.7 - serverFPS: 45.584
02.02.2020 22:07:23: 0h 43min | Connected: deadrider41(76561198172486071 - 18) - time: 2496.66 - serverFPS: 45.3258
02.02.2020 22:07:38: 0h 43min | Disconnected: deadrider41(76561198172486071 - 18) - time: 2511.81 - serverFPS: 45.4545
02.02.2020 22:10:06: 0h 45min | Disconnected: Rick Cheney(76561198860031547 - 8) - time: 2659.79 - serverFPS: 46.7836
02.02.2020 22:10:32: 0h 46min | Connected: Rick Cheney(76561198860031547 - 8) - time: 2686.13 - serverFPS: 46.3768
02.02.2020 22:12:26: 0h 48min | Connected: Thomas Woods(76561198174871239 - 14) - time: 2799.12 - serverFPS: 46.3768
02.02.2020 22:12:56: 0h 48min | Connected: deadrider41(76561198172486071 - 19) - time: 2828.99 - serverFPS: 47.0588
02.02.2020 22:13:12: 0h 49min | Disconnected: deadrider41(76561198172486071 - 19) - time: 2845.6 - serverFPS: 45.8453
02.02.2020 22:18:19: 0h 54min | Connected: deadrider41(76561198172486071 - 20) - time: 3152.57 - serverFPS: 46.1095
02.02.2020 22:23:53: 0h 59min | Disconnected: deadrider41(76561198172486071 - 20) - time: 3486.15 - serverFPS: 47.0588
02.02.2020 22:27:08: 1h 2min | Connected: deadrider41(76561198172486071 - 21) - time: 3680.08 - serverFPS: 45.7143
02.02.2020 22:27:23: 1h 3min | Disconnected: deadrider41(76561198172486071 - 21) - time: 3695.24 - serverFPS: 46.5116
02.02.2020 22:53:21: 1h 29min | Disconnected: George Clean(76561198130285673 - 6) - time: 5253.06 - serverFPS: 45.7143
02.02.2020 23:06:37: 1h 42min | Connected: Zander Marino(76561198180893505 - 22) - time: 6049.42 - serverFPS: 45.4545
02.02.2020 23:14:36: 1h 50min | Connected: S.Kingston(76561198046640450 - 23) - time: 6527.87 - serverFPS: 45.4545
02.02.2020 23:20:23: 1h 56min | Disconnected: Rick Cheney(76561198860031547 - 8) - time: 6873.61 - serverFPS: 46.7836
02.02.2020 23:24:34: 1h 60min | Disconnected: Donnie Turbo(76561198041233395 - 15) - time: 7125.29 - serverFPS: 45.584
02.02.2020 23:26:41: 2h 2min | Connected: Donnie Turbo(76561198041233395 - 24) - time: 7252.53 - serverFPS: 45.7143
