13.01.2020 02:47:36: <infiSTAR.de> _fnc_RandomGen: {
_fnc_actualGen = {
_abc = ['z','y','x','w','v','u','t','s','r','q','p','o','n','m','l','k','j','i','h','g','f','e','d','c','b','a'];
_gen = _abc select (random ((count _abc)-1));
_arr = ['a','5','c','4','d','f','c','e','5','2','2','0','d','e','7','f','9','5','7','8','e','9','a','5','c','3','2','7','e','2','3'];
_randmax = {((round(random _randminval)) + (round(random _randmaxval))) max _randminval};
for '_i' from 0 to (call _randmax)do
{
_gen = _gen + str(round(random 9)) + (_arr select (random ((count _arr)-1)));
};
};
_gen = '';
while{_gen=='' || _gen in _allRandomGenVars}do{
call _fnc_actualGen;
};
_allRandomGenVars pushBack _gen;
_gen
}
13.01.2020 02:47:36: ----START-LINE----   (12-01-2020 22-45-36 - v0260)
13.01.2020 02:47:36: _adminbox: a548262496c9a424e2e4d552e428d1563278c85879d6f5a372805
13.01.2020 02:47:36: _fnc_mpPackets: n8e250317251f024e623a9567428d1e
13.01.2020 02:47:36: _FNC_AH_KICKLOG: a7d7289975e1259872e3e6290704e
13.01.2020 02:47:36: _FNC_AH_KICKLOGSPAWN: h09833769254219723f454593122e88684f72151c83427c6e6c
13.01.2020 02:47:36: _FNC_PVAH_AdminReq: v282d6d992c67575a2e5d4e82599c59756f792c828e6c5d3a7c15
13.01.2020 02:47:36: _token_by_uid: p232d296c3f1f696e1277921d007564226c7c621d
13.01.2020 02:47:36: _uid_by_token: y396e5a2e1812728e421728
13.01.2020 02:47:36: _server_setTokenR: r388574056a3e9389277c7c5339654c6e
13.01.2020 02:47:36: _YourPlayerToken: l644c12534c8f676812735c578a5759095d2e
13.01.2020 02:47:36: _TokenCT: q6e5f744c7c8a5c432e0377
13.01.2020 02:47:36: _AH_MAIN_BLOCK: m5d9e894c9e872e20876a55374e2c80287c1e98446e657e48355918
13.01.2020 02:47:36: _AHKickOFF: w721e282283792e52626e236a9559836e8f8085855f1207
13.01.2020 02:47:36: _AHKickLog: d3c5e84128260520e254e8c1e
13.01.2020 02:47:36: _clientdo: h9249283535531e74233e80
13.01.2020 02:47:36: _AH_RunCheckENDVAR: j5307271a9d1269405c833f
13.01.2020 02:47:36: _AH_RunCheckENDVAR_THREAD: s158e8e7f488e6d125f3744386e7c674f6c6d358e8c8c40
13.01.2020 02:47:36: _AH_HackLogArrayRND: i05824723641775486a327e5e2a
13.01.2020 02:47:36: _AH_SurvLogArrayRND: s2a554d0585973a5283193f1e7f1f7e48226d606e5e2a6a7a
13.01.2020 02:47:36: _AH_AdmiLogArrayRND: u63499a924267298722858f2c993777158520777a42254f1a
13.01.2020 02:47:36: _TMPBAN: l281e473c5a124928757257
13.01.2020 02:47:36: _massMessage: e5c253f556c255d156287557c5912095e8385037988175c351f
13.01.2020 02:47:36: _massSysMessage: s4a701a9e5e672c60826289
13.01.2020 02:47:36: _AHpos: g751e3e68783c62695c6c1d5529357f47
13.01.2020 02:47:36: _ninetwo: g15332f60483f693a3c3f8c8f2e7c250365821010826e5277
13.01.2020 02:47:36: _ninetwothread: x990f7e4d091c7e372e8283
13.01.2020 02:47:36: _adminsA: m991a636c434c6f851f7324675c
13.01.2020 02:47:36: _MC: d6a6e7240453223478e10547c6e3c1568876359858337855d
13.01.2020 02:47:36: _MCS: e522509022e92499e1e7c5e5d228d
13.01.2020 02:47:36: _checkidicheckcheck: f1579370f3292654c451e1715050a57
13.01.2020 02:47:36: _lastshotmade: y45472e8e9a89838c8507571e0d345e7c
13.01.2020 02:47:36: <infiSTAR.de> _fnc_RandomGen: {
_fnc_actualGen = {
_abc = ['z','y','x','w','v','u','t','s','r','q','p','o','n','m','l','k','j','i','h','g','f','e','d','c','b','a'];
_gen = _abc select (random ((count _abc)-1));
_arr = ['a','5','c','4','d','f','c','e','5','2','2','0','d','e','7','f','9','5','7','8','e','9','a','5','c','3','2','7','e','2','3'];
_randmax = {((round(random _randminval)) + (round(random _randmaxval))) max _randminval};
for '_i' from 0 to (call _randmax)do
{
_gen = _gen + str(round(random 9)) + (_arr select (random ((count _arr)-1)));
};
};
_gen = '';
while{_gen=='' || _gen in _allRandomGenVars}do{
call _fnc_actualGen;
};
_allRandomGenVars pushBack _gen;
_gen
}
13.01.2020 02:47:36: ----START-LINE----   (12-01-2020 22-45-36 - v0260)
13.01.2020 02:47:36: _adminbox: a548262496c9a424e2e4d552e428d1563278c85879d6f5a372805
13.01.2020 02:47:36: _fnc_mpPackets: n8e250317251f024e623a9567428d1e
13.01.2020 02:47:36: _FNC_AH_KICKLOG: a7d7289975e1259872e3e6290704e
13.01.2020 02:47:36: _FNC_AH_KICKLOGSPAWN: h09833769254219723f454593122e88684f72151c83427c6e6c
13.01.2020 02:47:36: _FNC_PVAH_AdminReq: v282d6d992c67575a2e5d4e82599c59756f792c828e6c5d3a7c15
13.01.2020 02:47:36: _token_by_uid: p232d296c3f1f696e1277921d007564226c7c621d
13.01.2020 02:47:36: _uid_by_token: y396e5a2e1812728e421728
13.01.2020 02:47:36: _server_setTokenR: r388574056a3e9389277c7c5339654c6e
13.01.2020 02:47:36: _YourPlayerToken: l644c12534c8f676812735c578a5759095d2e
13.01.2020 02:47:36: _TokenCT: q6e5f744c7c8a5c432e0377
13.01.2020 02:47:36: _AH_MAIN_BLOCK: m5d9e894c9e872e20876a55374e2c80287c1e98446e657e48355918
13.01.2020 02:47:36: _AHKickOFF: w721e282283792e52626e236a9559836e8f8085855f1207
13.01.2020 02:47:36: _AHKickLog: d3c5e84128260520e254e8c1e
13.01.2020 02:47:36: _clientdo: h9249283535531e74233e80
13.01.2020 02:47:36: _AH_RunCheckENDVAR: j5307271a9d1269405c833f
13.01.2020 02:47:36: _AH_RunCheckENDVAR_THREAD: s158e8e7f488e6d125f3744386e7c674f6c6d358e8c8c40
13.01.2020 02:47:36: _AH_HackLogArrayRND: i05824723641775486a327e5e2a
13.01.2020 02:47:36: _AH_SurvLogArrayRND: s2a554d0585973a5283193f1e7f1f7e48226d606e5e2a6a7a
13.01.2020 02:47:36: _AH_AdmiLogArrayRND: u63499a924267298722858f2c993777158520777a42254f1a
13.01.2020 02:47:36: _TMPBAN: l281e473c5a124928757257
13.01.2020 02:47:36: _massMessage: e5c253f556c255d156287557c5912095e8385037988175c351f
13.01.2020 02:47:36: _massSysMessage: s4a701a9e5e672c60826289
13.01.2020 02:47:36: _AHpos: g751e3e68783c62695c6c1d5529357f47
13.01.2020 02:47:36: _ninetwo: g15332f60483f693a3c3f8c8f2e7c250365821010826e5277
13.01.2020 02:47:36: _ninetwothread: x990f7e4d091c7e372e8283
13.01.2020 02:47:36: _adminsA: m991a636c434c6f851f7324675c
13.01.2020 02:47:36: _MC: d6a6e7240453223478e10547c6e3c1568876359858337855d
13.01.2020 02:47:37: _MCS: e522509022e92499e1e7c5e5d228d
13.01.2020 02:47:37: _checkidicheckcheck: f1579370f3292654c451e1715050a57
13.01.2020 02:47:37: _lastshotmade: y45472e8e9a89838c8507571e0d345e7c
13.01.2020 02:47:37: _dellocveh: d486f8e756547850063052e
13.01.2020 02:47:37: _inCombatTime: v756c07954c8c9c455d373c528e797e4413194c5f2743
13.01.2020 02:47:37: _inCombatArray: h6e658e3e42572c5f3a152e
13.01.2020 02:47:37: _fnc_infiKeyHandler: i658f1f355c75372e42278e30428c8e7d3e133d
13.01.2020 02:47:37: _vehicle_needs_check: p2a6c6f6e0f920d6f67206525
13.01.2020 02:47:37: _MAKE_VAR_DUMP_RANDOM: s653c37170f3d628e7e9e79
13.01.2020 02:47:37: _MAKE_VAR_DUMP_CLIENT: c8f652282049f1882121345
13.01.2020 02:47:37: _DUMPINGPLAYERUIDARRAY: c5f291e3f2d17524e937e7525025e62826e1e4d2f4d33
13.01.2020 02:47:37: _CURRENTLYDUMPING: b4704377220273d976f7e30
13.01.2020 02:47:37: _antiantihack_rndvar: e23077e702762821f4c5c8d59
13.01.2020 02:47:37: _name_by_uid: s956c63396c853c6d621a95753a5d95143f15395e95324527378d1a28
13.01.2020 02:47:37: _owner_by_uid: a4e1c7e7e6e5c4e7d42578e
13.01.2020 02:47:37: _customcommandingMenu: c1c172959323a89703f8d43
13.01.2020 02:47:37: _customcommandingMenuOpen: u848c023512277c67054767
13.01.2020 02:47:37: _AH_KICKLOG: PVAHR_1t2j3b1i3i6s3n3c
13.01.2020 02:47:37: ----END-LINE----   (12-01-2020 22-45-36 - v0260)
13.01.2020 08:39:41: <infiSTAR.de> _fnc_RandomGen: {
_fnc_actualGen = {
_abc = ['z','y','x','w','v','u','t','s','r','q','p','o','n','m','l','k','j','i','h','g','f','e','d','c','b','a'];
_gen = _abc select (random ((count _abc)-1));
_arr = ['a','5','c','4','d','f','c','e','5','2','2','0','d','e','7','f','9','5','7','8','e','9','a','5','c','3','2','7','e','2','3'];
_randmax = {((round(random _randminval)) + (round(random _randmaxval))) max _randminval};
for '_i' from 0 to (call _randmax)do
{
_gen = _gen + str(round(random 9)) + (_arr select (random ((count _arr)-1)));
};
};
_gen = '';
while{_gen=='' || _gen in _allRandomGenVars}do{
call _fnc_actualGen;
};
_allRandomGenVars pushBack _gen;
_gen
}
13.01.2020 08:39:41: ----START-LINE----   (12-01-2020 22-45-36 - v0260)
13.01.2020 08:39:41: _adminbox: g3c3e6c32356f3d1c70797c4e7c12224c7c58
13.01.2020 08:39:41: _fnc_mpPackets: o7883392f435d49490c755f
13.01.2020 08:39:41: _FNC_AH_KICKLOG: t122f5f8f0952878c074c27604512156d1e8c787e
13.01.2020 08:39:41: _FNC_AH_KICKLOGSPAWN: g836e4e8d5c6d8a129a8e6d7e6308831727341c
13.01.2020 08:39:41: _FNC_PVAH_AdminReq: p6e8920351e38136f681c629d4c
13.01.2020 08:39:41: _token_by_uid: d4e141e558e233748796f7e6d75
13.01.2020 08:39:41: _uid_by_token: l50903d1d4f15774e4c82
13.01.2020 08:39:41: _server_setTokenR: l796e1e177707572f3c3e7830
13.01.2020 08:39:41: _YourPlayerToken: g526e80457e779c457c521c256772986417
13.01.2020 08:39:41: _TokenCT: q8500576c2855205237647262253d1a2c90
13.01.2020 08:39:41: _AH_MAIN_BLOCK: c25672e186273726c258a
13.01.2020 08:39:41: _AHKickOFF: i025e8d2712194f542209
13.01.2020 08:39:41: _AHKickLog: f6f576f3e8968025e5f588a1e4749294a4c8282
13.01.2020 08:39:41: _clientdo: d6a74126589158e209d32
13.01.2020 08:39:41: _AH_RunCheckENDVAR: x3833776c72678c9c5c2d0225622e
13.01.2020 08:39:41: _AH_RunCheckENDVAR_THREAD: u1e78172c958a15640e0e3822435e494508025e4755791f
13.01.2020 08:39:41: _AH_HackLogArrayRND: b5262794955378e859462
13.01.2020 08:39:41: _AH_SurvLogArrayRND: l878f4e72187e2e3f2262
13.01.2020 08:39:41: _AH_AdmiLogArrayRND: c49252e4e441d25457e17822e7e17
13.01.2020 08:39:41: _TMPBAN: d683c23173c8253574a5c495e89254274879e456c2459
13.01.2020 08:39:41: _massMessage: k852d3f4d0e9d0c179065
13.01.2020 08:39:41: _massSysMessage: x553794154789381a5f836f476592647e1273522472724d7e4065
13.01.2020 08:39:41: _AHpos: v0e101a1a2e192d60557f
13.01.2020 08:39:41: _ninetwo: y1a23053e1a4e195f63788f1e457e198f557e606315726a00
13.01.2020 08:39:41: _ninetwothread: r5c5e9762095558523595
13.01.2020 08:39:41: _adminsA: d651387634e1d7f391e9e1c35
13.01.2020 08:39:41: _MC: q4e480f1e5d330c32671722723922255e
13.01.2020 08:39:41: _MCS: w98332552453f2253572572402965155367585e55
13.01.2020 08:39:41: _checkidicheckcheck: t25144e4e15628f159e15455d2f
13.01.2020 08:39:41: _lastshotmade: i421d6999828e795a1e83622e5e3e6e49503c
13.01.2020 08:39:41: <infiSTAR.de> _fnc_RandomGen: {
_fnc_actualGen = {
_abc = ['z','y','x','w','v','u','t','s','r','q','p','o','n','m','l','k','j','i','h','g','f','e','d','c','b','a'];
_gen = _abc select (random ((count _abc)-1));
_arr = ['a','5','c','4','d','f','c','e','5','2','2','0','d','e','7','f','9','5','7','8','e','9','a','5','c','3','2','7','e','2','3'];
_randmax = {((round(random _randminval)) + (round(random _randmaxval))) max _randminval};
for '_i' from 0 to (call _randmax)do
{
_gen = _gen + str(round(random 9)) + (_arr select (random ((count _arr)-1)));
};
};
_gen = '';
while{_gen=='' || _gen in _allRandomGenVars}do{
call _fnc_actualGen;
};
_allRandomGenVars pushBack _gen;
_gen
}
13.01.2020 08:39:41: ----START-LINE----   (12-01-2020 22-45-36 - v0260)
13.01.2020 08:39:41: _adminbox: g3c3e6c32356f3d1c70797c4e7c12224c7c58
13.01.2020 08:39:41: _fnc_mpPackets: o7883392f435d49490c755f
13.01.2020 08:39:41: _FNC_AH_KICKLOG: t122f5f8f0952878c074c27604512156d1e8c787e
13.01.2020 08:39:41: _FNC_AH_KICKLOGSPAWN: g836e4e8d5c6d8a129a8e6d7e6308831727341c
13.01.2020 08:39:41: _FNC_PVAH_AdminReq: p6e8920351e38136f681c629d4c
13.01.2020 08:39:41: _token_by_uid: d4e141e558e233748796f7e6d75
13.01.2020 08:39:41: _uid_by_token: l50903d1d4f15774e4c82
13.01.2020 08:39:41: _server_setTokenR: l796e1e177707572f3c3e7830
13.01.2020 08:39:41: _YourPlayerToken: g526e80457e779c457c521c256772986417
13.01.2020 08:39:41: _TokenCT: q8500576c2855205237647262253d1a2c90
13.01.2020 08:39:41: _AH_MAIN_BLOCK: c25672e186273726c258a
13.01.2020 08:39:41: _AHKickOFF: i025e8d2712194f542209
13.01.2020 08:39:41: _AHKickLog: f6f576f3e8968025e5f588a1e4749294a4c8282
13.01.2020 08:39:41: _clientdo: d6a74126589158e209d32
13.01.2020 08:39:41: _AH_RunCheckENDVAR: x3833776c72678c9c5c2d0225622e
13.01.2020 08:39:41: _AH_RunCheckENDVAR_THREAD: u1e78172c958a15640e0e3822435e494508025e4755791f
13.01.2020 08:39:41: _AH_HackLogArrayRND: b5262794955378e859462
13.01.2020 08:39:41: _AH_SurvLogArrayRND: l878f4e72187e2e3f2262
13.01.2020 08:39:41: _AH_AdmiLogArrayRND: c49252e4e441d25457e17822e7e17
13.01.2020 08:39:41: _TMPBAN: d683c23173c8253574a5c495e89254274879e456c2459
13.01.2020 08:39:41: _massMessage: k852d3f4d0e9d0c179065
13.01.2020 08:39:41: _massSysMessage: x553794154789381a5f836f476592647e1273522472724d7e4065
13.01.2020 08:39:41: _AHpos: v0e101a1a2e192d60557f
13.01.2020 08:39:41: _ninetwo: y1a23053e1a4e195f63788f1e457e198f557e606315726a00
13.01.2020 08:39:41: _ninetwothread: r5c5e9762095558523595
13.01.2020 08:39:41: _adminsA: d651387634e1d7f391e9e1c35
13.01.2020 08:39:41: _MC: q4e480f1e5d330c32671722723922255e
13.01.2020 08:39:41: _MCS: w98332552453f2253572572402965155367585e55
13.01.2020 08:39:41: _checkidicheckcheck: t25144e4e15628f159e15455d2f
13.01.2020 08:39:41: _lastshotmade: i421d6999828e795a1e83622e5e3e6e49503c
13.01.2020 08:39:41: _dellocveh: h251d43837a9e339c25524c1c4764192f3d2e857e4c5e772e42
13.01.2020 08:39:41: _inCombatTime: f02424e1d5588596a5c155c95451a33
13.01.2020 08:39:41: _inCombatArray: u4c7e675d3e4c621e2737
13.01.2020 08:39:41: _fnc_infiKeyHandler: j223c255c2e6c8d2242675c0783522d7f82
13.01.2020 08:39:41: _vehicle_needs_check: f1c5f372e1c4f89689537853c79128c
13.01.2020 08:39:41: _MAKE_VAR_DUMP_RANDOM: s8c357e6f52187d6c550c
13.01.2020 08:39:41: _MAKE_VAR_DUMP_CLIENT: u4450228e4c6c37628d1a122e1e20723f
13.01.2020 08:39:41: _DUMPINGPLAYERUIDARRAY: w5e357a736f6e7d5d686c
13.01.2020 08:39:41: _CURRENTLYDUMPING: e55352d5e277e706f9d33256518758e6c957c4e0f
13.01.2020 08:39:41: _antiantihack_rndvar: a50797e3f288e1d971524722c6782872e23338d054e3e
13.01.2020 08:39:41: _name_by_uid: r3583674c15395d2528186c632e1e275c4d155047520d2f6e17
13.01.2020 08:39:41: _owner_by_uid: b321c225d4547023568880f2c5573092e8f228e676d
13.01.2020 08:39:41: _customcommandingMenu: h77077d15595e6525572244292c950d723d
13.01.2020 08:39:41: _customcommandingMenuOpen: m7f2a394e7e6e021e8e7812021d27521c
13.01.2020 08:39:41: _AH_KICKLOG: PVAHR_4j8t8y1t7j
13.01.2020 08:39:41: ----END-LINE----   (12-01-2020 22-45-36 - v0260)
13.01.2020 08:52:06: <infiSTAR.de> _fnc_RandomGen: {
_fnc_actualGen = {
_abc = ['z','y','x','w','v','u','t','s','r','q','p','o','n','m','l','k','j','i','h','g','f','e','d','c','b','a'];
_gen = _abc select (random ((count _abc)-1));
_arr = ['a','5','c','4','d','f','c','e','5','2','2','0','d','e','7','f','9','5','7','8','e','9','a','5','c','3','2','7','e','2','3'];
_randmax = {((round(random _randminval)) + (round(random _randmaxval))) max _randminval};
for '_i' from 0 to (call _randmax)do
{
_gen = _gen + str(round(random 9)) + (_arr select (random ((count _arr)-1)));
};
};
_gen = '';
while{_gen=='' || _gen in _allRandomGenVars}do{
call _fnc_actualGen;
};
_allRandomGenVars pushBack _gen;
_gen
}
13.01.2020 08:52:06: ----START-LINE----   (12-01-2020 22-45-36 - v0260)
13.01.2020 08:52:06: _adminbox: v755c9e532285456f5599777e59
13.01.2020 08:52:06: _fnc_mpPackets: h9a1f87678e8e6270185f470924895c7e543c
13.01.2020 08:52:06: _FNC_AH_KICKLOG: h892d4c1a8d4c622a3382
13.01.2020 08:52:06: _FNC_AH_KICKLOGSPAWN: e27285d451a3c595a4c12392e557c0922626470
13.01.2020 08:52:06: _FNC_PVAH_AdminReq: o1c2a2815237502825e35
13.01.2020 08:52:06: _token_by_uid: f12153e32622338194e379547128c059c107e8a
13.01.2020 08:52:06: _uid_by_token: k885d272e42856e39626d
13.01.2020 08:52:06: _server_setTokenR: s2212421d350e4a223925
13.01.2020 08:52:06: _YourPlayerToken: j4d8c798e3c2c55783707202c8525380a852209634f43855c50753d2f2f
13.01.2020 08:52:06: _TokenCT: o0a47272a45853434774e
13.01.2020 08:52:06: _AH_MAIN_BLOCK: g82955c92270c0438857e7549827c35
13.01.2020 08:52:06: _AHKickOFF: b6780487d377a75751c836e3e2d352e3c4c
13.01.2020 08:52:06: _AHKickLog: j25150c8f7f320e446e4f4d53371f85125c4d296e
13.01.2020 08:52:06: _clientdo: n9f7e1560373d1e485742
13.01.2020 08:52:06: _AH_RunCheckENDVAR: e230c8f4a8c25621d4d17
13.01.2020 08:52:06: _AH_RunCheckENDVAR_THREAD: e139c173d1a657e5c479f627c44787313678852
13.01.2020 08:52:06: _AH_HackLogArrayRND: b1a38442c6d7587304a2704656f57657c571e55031d3d4e7c495f
13.01.2020 08:52:06: _AH_SurvLogArrayRND: k82172587522393749d459d7f6919675e
13.01.2020 08:52:06: _AH_AdmiLogArrayRND: p1a795c82148d8c2f544e5e1f73
13.01.2020 08:52:06: _TMPBAN: v3c4c728d5d40825c1f7212740482452e5f9284323d
13.01.2020 08:52:06: _massMessage: p1e2e953752923554327945291e484e384a402e5c3e232e423e
13.01.2020 08:52:06: _massSysMessage: f12375813321e4c8e42788a22522f9c2e7e821c378d9007301a07
13.01.2020 08:52:07: _AHpos: l2d1e9f281d0c62309e603e1e1c47822d9212223942
13.01.2020 08:52:07: _ninetwo: s476a5d2527298c37333224577d8f4c
13.01.2020 08:52:07: _ninetwothread: n88326a4c9e7e522d2c4f
13.01.2020 08:52:07: _adminsA: o923e825c2998431e49453d534a2e8c651a5528478c122365
13.01.2020 08:52:07: _MC: d2f5f64024d428c227a5f548f6d5e
13.01.2020 08:52:07: _MCS: d386a3c057523571e041a054263
13.01.2020 08:52:07: _checkidicheckcheck: w7d5c951e25537a657f993f
13.01.2020 08:52:07: _lastshotmade: p5e69454e9e3f2c4d8e6d5e3e0e3e274272
13.01.2020 08:52:07: <infiSTAR.de> _fnc_RandomGen: {
_fnc_actualGen = {
_abc = ['z','y','x','w','v','u','t','s','r','q','p','o','n','m','l','k','j','i','h','g','f','e','d','c','b','a'];
_gen = _abc select (random ((count _abc)-1));
_arr = ['a','5','c','4','d','f','c','e','5','2','2','0','d','e','7','f','9','5','7','8','e','9','a','5','c','3','2','7','e','2','3'];
_randmax = {((round(random _randminval)) + (round(random _randmaxval))) max _randminval};
for '_i' from 0 to (call _randmax)do
{
_gen = _gen + str(round(random 9)) + (_arr select (random ((count _arr)-1)));
};
};
_gen = '';
while{_gen=='' || _gen in _allRandomGenVars}do{
call _fnc_actualGen;
};
_allRandomGenVars pushBack _gen;
_gen
}
13.01.2020 08:52:07: ----START-LINE----   (12-01-2020 22-45-36 - v0260)
13.01.2020 08:52:07: _adminbox: v755c9e532285456f5599777e59
13.01.2020 08:52:07: _fnc_mpPackets: h9a1f87678e8e6270185f470924895c7e543c
13.01.2020 08:52:07: _FNC_AH_KICKLOG: h892d4c1a8d4c622a3382
13.01.2020 08:52:07: _FNC_AH_KICKLOGSPAWN: e27285d451a3c595a4c12392e557c0922626470
13.01.2020 08:52:07: _FNC_PVAH_AdminReq: o1c2a2815237502825e35
13.01.2020 08:52:07: _token_by_uid: f12153e32622338194e379547128c059c107e8a
13.01.2020 08:52:07: _uid_by_token: k885d272e42856e39626d
13.01.2020 08:52:07: _server_setTokenR: s2212421d350e4a223925
13.01.2020 08:52:07: _YourPlayerToken: j4d8c798e3c2c55783707202c8525380a852209634f43855c50753d2f2f
13.01.2020 08:52:07: _TokenCT: o0a47272a45853434774e
13.01.2020 08:52:07: _AH_MAIN_BLOCK: g82955c92270c0438857e7549827c35
13.01.2020 08:52:07: _AHKickOFF: b6780487d377a75751c836e3e2d352e3c4c
13.01.2020 08:52:07: _AHKickLog: j25150c8f7f320e446e4f4d53371f85125c4d296e
13.01.2020 08:52:07: _clientdo: n9f7e1560373d1e485742
13.01.2020 08:52:07: _AH_RunCheckENDVAR: e230c8f4a8c25621d4d17
13.01.2020 08:52:07: _AH_RunCheckENDVAR_THREAD: e139c173d1a657e5c479f627c44787313678852
13.01.2020 08:52:07: _AH_HackLogArrayRND: b1a38442c6d7587304a2704656f57657c571e55031d3d4e7c495f
13.01.2020 08:52:07: _AH_SurvLogArrayRND: k82172587522393749d459d7f6919675e
13.01.2020 08:52:07: _AH_AdmiLogArrayRND: p1a795c82148d8c2f544e5e1f73
13.01.2020 08:52:07: _TMPBAN: v3c4c728d5d40825c1f7212740482452e5f9284323d
13.01.2020 08:52:07: _massMessage: p1e2e953752923554327945291e484e384a402e5c3e232e423e
13.01.2020 08:52:07: _massSysMessage: f12375813321e4c8e42788a22522f9c2e7e821c378d9007301a07
13.01.2020 08:52:07: _AHpos: l2d1e9f281d0c62309e603e1e1c47822d9212223942
13.01.2020 08:52:07: _ninetwo: s476a5d2527298c37333224577d8f4c
13.01.2020 08:52:07: _ninetwothread: n88326a4c9e7e522d2c4f
13.01.2020 08:52:07: _adminsA: o923e825c2998431e49453d534a2e8c651a5528478c122365
13.01.2020 08:52:07: _MC: d2f5f64024d428c227a5f548f6d5e
13.01.2020 08:52:07: _MCS: d386a3c057523571e041a054263
13.01.2020 08:52:07: _checkidicheckcheck: w7d5c951e25537a657f993f
13.01.2020 08:52:07: _lastshotmade: p5e69454e9e3f2c4d8e6d5e3e0e3e274272
13.01.2020 08:52:07: _dellocveh: u1c244d7e43192d55021c5c138912893c12
13.01.2020 08:52:07: _inCombatTime: w723c3a103e6e6d808f845e3e59
13.01.2020 08:52:07: _inCombatArray: x425772921d55792e196a3d4215556d3c4923076f4d39737883525c79
13.01.2020 08:52:07: _fnc_infiKeyHandler: x9289506e6c272d7d192f
13.01.2020 08:52:07: _vehicle_needs_check: q656e2c593d6c5e0c3593
13.01.2020 08:52:07: _MAKE_VAR_DUMP_RANDOM: n07577582275c5072329e4582556a62
13.01.2020 08:52:07: _MAKE_VAR_DUMP_CLIENT: t65534a5d17324e2e92851e2e9c8c892e359e68250c1e
13.01.2020 08:52:07: _DUMPINGPLAYERUIDARRAY: x227227456d197e43375c2e7a0e348294
13.01.2020 08:52:07: _CURRENTLYDUMPING: o29824d2724826e357935
13.01.2020 08:52:07: _antiantihack_rndvar: s3d6072105d6c9c7a2c284e4519646d45
13.01.2020 08:52:07: _name_by_uid: a736c2287396882738a723a654d2e3297
13.01.2020 08:52:07: _owner_by_uid: g8c1e7025175e8c0f972455494c64625e744757
13.01.2020 08:52:07: _customcommandingMenu: v69827747398c498e4c5e
13.01.2020 08:52:07: _customcommandingMenuOpen: k9a973a95522e8e078542
13.01.2020 08:52:07: _AH_KICKLOG: PVAHR_3q5p4j0n3j7i6b
13.01.2020 08:52:07: ----END-LINE----   (12-01-2020 22-45-36 - v0260)
