08.02.2020 00:06:30: 3h 24min | Disconnected: Donnie Turbo(76561198041233395 - 16) - time: 12155 - serverFPS: 46.7836
08.02.2020 00:07:14: 3h 25min | Connected: Warren Blades(76561198281290777 - 27) - time: 12198.3 - serverFPS: 46.1095
08.02.2020 00:12:21: 3h 30min | Disconnected: HoyoBani(76561198105940600 - 12) - time: 12504.9 - serverFPS: 45.4545
08.02.2020 00:16:30: 3h 34min | Disconnected: luke(76561198264871362 - 24) - time: 12754.3 - serverFPS: 45.584
08.02.2020 00:17:10: 3h 34min | Connected: luke(76561198264871362 - 24) - time: 12793.5 - serverFPS: 45.584
08.02.2020 00:20:00: 3h 37min | Disconnected: AL "BIG AL" GAMBINO(76561198361509989 - 4) - time: 12964.3 - serverFPS: 46.5116
08.02.2020 00:20:13: 3h 37min | Disconnected: Joe Montana(76561198368248470 - 5) - time: 12977 - serverFPS: 45.3258
08.02.2020 00:28:24: 3h 46min | Disconnected: [1k-12] J. Shepard(76561198043298972 - 18) - time: 13468 - serverFPS: 45.3258
08.02.2020 00:45:20: infiSTAR_PlayerConnected_id: 1
08.02.2020 00:45:20: infiSTAR_PlayerDisconnected_id: 0
08.02.2020 00:48:25: 0h 4min | Connected: HoyoBani(76561198105940600 - 4) - time: 188.33 - serverFPS: 45.4545
08.02.2020 01:02:02: infiSTAR_PlayerConnected_id: 1
08.02.2020 01:02:02: infiSTAR_PlayerDisconnected_id: 0
08.02.2020 01:03:41: 0h 3min | Connected: HoyoBani(76561198105940600 - 5) - time: 102.703 - serverFPS: 45.4545
08.02.2020 01:47:22: infiSTAR_PlayerConnected_id: 1
08.02.2020 01:47:22: infiSTAR_PlayerDisconnected_id: 0
08.02.2020 01:49:35: 0h 3min | Connected: HoyoBani(76561198105940600 - 4) - time: 135 - serverFPS: 45.3258
08.02.2020 01:49:52: 0h 4min | Connected: luke(76561198264871362 - 5) - time: 152.058 - serverFPS: 45.584
08.02.2020 01:51:00: 0h 5min | Connected: Gatsby(76561198038112694 - 6) - time: 219.85 - serverFPS: 45.4545
08.02.2020 01:54:43: 0h 9min | Connected: Donnie Turbo(76561198041233395 - 7) - time: 442.023 - serverFPS: 46.2428
08.02.2020 02:04:57: 0h 19min | Disconnected: luke(76561198264871362 - 5) - time: 1055.84 - serverFPS: 46.2428
08.02.2020 02:05:08: 0h 19min | Connected: luke(76561198264871362 - 5) - time: 1067.19 - serverFPS: 45.584
08.02.2020 02:19:58: 0h 34min | Disconnected: luke(76561198264871362 - 5) - time: 1956.52 - serverFPS: 45.8453
08.02.2020 02:22:24: 0h 36min | Connected: John Anderson(76561198180893505 - 8) - time: 2102.58 - serverFPS: 45.584
08.02.2020 02:28:49: infiSTAR_PlayerConnected_id: 1
08.02.2020 02:28:49: infiSTAR_PlayerDisconnected_id: 0
08.02.2020 02:53:49: 0h 26min | Connected: HoyoBani(76561198105940600 - 4) - time: 1502.72 - serverFPS: 45.7143
08.02.2020 03:22:01: infiSTAR_PlayerConnected_id: 1
08.02.2020 03:22:01: infiSTAR_PlayerDisconnected_id: 0
08.02.2020 03:24:09: 0h 3min | Connected: HoyoBani(76561198105940600 - 4) - time: 130.292 - serverFPS: 45.4545
08.02.2020 03:34:37: infiSTAR_PlayerConnected_id: 1
08.02.2020 03:34:37: infiSTAR_PlayerDisconnected_id: 0
08.02.2020 03:37:38: 0h 4min | Connected: HoyoBani(76561198105940600 - 4) - time: 183.214 - serverFPS: 46.2428
08.02.2020 03:51:24: infiSTAR_PlayerConnected_id: 1
08.02.2020 03:51:24: infiSTAR_PlayerDisconnected_id: 0
08.02.2020 03:52:34: 0h 2min | Connected: HoyoBani(76561198105940600 - 4) - time: 72.488 - serverFPS: 45.584
08.02.2020 03:58:11: infiSTAR_PlayerConnected_id: 1
08.02.2020 03:58:11: infiSTAR_PlayerDisconnected_id: 0
08.02.2020 03:59:23: 0h 2min | Connected: HoyoBani(76561198105940600 - 4) - time: 75.177 - serverFPS: 45.977
08.02.2020 04:07:01: infiSTAR_PlayerConnected_id: 1
08.02.2020 04:07:01: infiSTAR_PlayerDisconnected_id: 0
08.02.2020 04:08:15: 0h 2min | Connected: HoyoBani(76561198105940600 - 4) - time: 76.888 - serverFPS: 45.7143
08.02.2020 04:16:41: infiSTAR_PlayerConnected_id: 1
08.02.2020 04:16:41: infiSTAR_PlayerDisconnected_id: 0
08.02.2020 04:16:56: 0h 1min | Connected: HoyoBani(76561198105940600 - 4) - time: 19.252 - serverFPS: 46.1095
08.02.2020 04:29:05: infiSTAR_PlayerConnected_id: 1
08.02.2020 04:29:05: infiSTAR_PlayerDisconnected_id: 0
08.02.2020 04:30:04: 0h 2min | Connected: HoyoBani(76561198105940600 - 4) - time: 61.357 - serverFPS: 45.584
08.02.2020 04:34:10: 0h 6min | Disconnected: HoyoBani(76561198105940600 - 4) - time: 306.827 - serverFPS: 45.8453
08.02.2020 04:34:21: 0h 6min | Connected: HoyoBani(76561198105940600 - 4) - time: 317.939 - serverFPS: 45.7143
08.02.2020 04:39:34: infiSTAR_PlayerConnected_id: 1
08.02.2020 04:39:34: infiSTAR_PlayerDisconnected_id: 0
08.02.2020 04:40:50: 0h 2min | Connected: HoyoBani(76561198105940600 - 4) - time: 79.481 - serverFPS: 45.8453
08.02.2020 04:49:17: infiSTAR_PlayerConnected_id: 1
08.02.2020 04:49:17: infiSTAR_PlayerDisconnected_id: 0
08.02.2020 04:50:49: 0h 3min | Connected: HoyoBani(76561198105940600 - 4) - time: 95.312 - serverFPS: 46.2428
08.02.2020 05:16:07: 0h 5min | Connected: HoyoBani(76561198105940600 - 4) - time: 215.207 - serverFPS: 46.2428
08.02.2020 05:21:48: 0h 10min | Connected: luke(76561198264871362 - 5) - time: 555.344 - serverFPS: 45.4545
08.02.2020 05:30:07: infiSTAR_PlayerConnected_id: 1
08.02.2020 05:30:07: infiSTAR_PlayerDisconnected_id: 0
08.02.2020 05:34:31: 0h 6min | Connected: HoyoBani(76561198105940600 - 6) - time: 266.629 - serverFPS: 45.584
08.02.2020 05:37:31: 0h 9min | Connected: luke(76561198264871362 - 7) - time: 445.659 - serverFPS: 45.584
08.02.2020 05:42:42: 0h 14min | Disconnected: HoyoBani(76561198105940600 - 6) - time: 756.474 - serverFPS: 45.7143
08.02.2020 05:55:03: 0h 27min | Connected: John Anderson(76561198180893505 - 8) - time: 1496.66 - serverFPS: 45.3258
08.02.2020 06:02:26: 0h 34min | Connected: Nino Marino(76561198206026112 - 4) - time: 1939.42 - serverFPS: 46.2428
08.02.2020 06:42:36: 1h 14min | Disconnected: John Anderson(76561198180893505 - 8) - time: 4348.38 - serverFPS: 45.4545
08.02.2020 06:45:29: 1h 17min | Connected: Stanley Thompson [1K-75](76561198180893505 - 9) - time: 4521.4 - serverFPS: 46.1095
08.02.2020 07:24:06: 1h 56min | Disconnected: luke(76561198264871362 - 7) - time: 6837.42 - serverFPS: 45.8453
08.02.2020 07:24:28: 1h 56min | Connected: luke(76561198264871362 - 7) - time: 6859.8 - serverFPS: 44.8179
08.02.2020 08:02:29: infiSTAR_PlayerConnected_id: 1
08.02.2020 08:02:29: infiSTAR_PlayerDisconnected_id: 0
08.02.2020 08:08:32: infiSTAR_PlayerConnected_id: 1
08.02.2020 08:08:32: infiSTAR_PlayerDisconnected_id: 0
08.02.2020 08:10:32: 0h 3min | Connected: HoyoBani(76561198105940600 - 4) - time: 123.587 - serverFPS: 45.977
08.02.2020 08:11:33: 0h 4min | Connected: luke(76561198264871362 - 5) - time: 184.056 - serverFPS: 46.7836
08.02.2020 08:13:23: 0h 6min | Disconnected: HoyoBani(76561198105940600 - 4) - time: 293.888 - serverFPS: 41.0256
08.02.2020 08:20:47: 0h 14min | Connected: Stanley Thompson [1K-75](76561198180893505 - 6) - time: 737.107 - serverFPS: 45.4545
08.02.2020 08:26:58: 0h 20min | Connected: Nino Marino(76561198206026112 - 7) - time: 1107.85 - serverFPS: 45.8453
08.02.2020 08:37:43: infiSTAR_PlayerConnected_id: 1
08.02.2020 08:37:43: infiSTAR_PlayerDisconnected_id: 0
08.02.2020 08:40:13: 0h 4min | Connected: luke(76561198264871362 - 4) - time: 152.912 - serverFPS: 45.584
08.02.2020 08:41:27: 0h 5min | Connected: Nino Marino(76561198206026112 - 6) - time: 225.994 - serverFPS: 45.4545
08.02.2020 08:41:30: 0h 5min | Connected: Radzig Kobyla(76561198089960350 - 5) - time: 229.067 - serverFPS: 45.4545
08.02.2020 08:43:18: 0h 7min | Connected: Stanley Thompson [1K-75](76561198180893505 - 7) - time: 336.329 - serverFPS: 46.6472
08.02.2020 08:52:01: 0h 15min | Disconnected: Radzig Kobyla(76561198089960350 - 5) - time: 859.552 - serverFPS: 46.7836
08.02.2020 08:52:07: 0h 16min | Disconnected: Nino Marino(76561198206026112 - 6) - time: 865.388 - serverFPS: 45.8453
08.02.2020 08:52:16: 0h 16min | Connected: Radzig Kobyla(76561198089960350 - 5) - time: 873.962 - serverFPS: 46.3768
08.02.2020 08:56:58: 0h 20min | Connected: Nino Marino(76561198206026112 - 8) - time: 1155.75 - serverFPS: 45.4545
08.02.2020 09:01:31: 0h 25min | Disconnected: luke(76561198264871362 - 4) - time: 1429.21 - serverFPS: 45.8453
08.02.2020 09:17:02: 0h 40min | Disconnected: Stanley Thompson [1K-75](76561198180893505 - 7) - time: 2360.12 - serverFPS: 45.3258
08.02.2020 09:20:06: 0h 44min | Connected: John Anderson(76561198180893505 - 10) - time: 2544.01 - serverFPS: 45.7143
08.02.2020 09:31:36: infiSTAR_PlayerConnected_id: 1
08.02.2020 09:31:36: infiSTAR_PlayerDisconnected_id: 0
08.02.2020 09:33:45: 0h 3min | Connected: Radzig Kobyla(76561198089960350 - 4) - time: 132.074 - serverFPS: 46.5116
08.02.2020 09:54:00: 0h 24min | Disconnected: Radzig Kobyla(76561198089960350 - 4) - time: 1345.88 - serverFPS: 45.0704
