01.03.2020 00:02:58: Betty Boop White(76561198206026112) CLIENT OWNER ID [4], TOKEN [foyoj7rrv1zcuu6otnd]
01.03.2020 00:06:36: Stanley Thompson [1K-75](76561198180893505) CLIENT OWNER ID [5], TOKEN [imftg6v3jfd8ttgxyx]
01.03.2020 00:07:01: Low_Poly_Man(76561198137223112) CLIENT OWNER ID [6], TOKEN [onsg3ppeuu7qz65hys]
01.03.2020 00:08:23: luke(76561198264871362) CLIENT OWNER ID [8], TOKEN [fv1jlj39i4uly27s]
01.03.2020 00:10:27: Donnie Turbo(76561198041233395) CLIENT OWNER ID [9], TOKEN [yivrgdne0ei0dice]
01.03.2020 00:11:10: Rogue Tjay(76561198883479728) CLIENT OWNER ID [10], TOKEN [tz6qks92hzqs3n87iz6]
01.03.2020 00:31:26: Rogue Tjay(76561198883479728) CLIENT OWNER ID [12], TOKEN [av1gd0jz5a5jwjr]
01.03.2020 00:49:15: S.Kingston(76561198046640450) CLIENT OWNER ID [7], TOKEN [x2g2biqlv78seyg]
01.03.2020 01:21:23: Rogue Tjay(76561198883479728) CLIENT OWNER ID [12], TOKEN [pv6jm8gp136mayu]
01.03.2020 01:22:45: Zander Marino(76561198180893505) CLIENT OWNER ID [17], TOKEN [eksdsno11xv05mlon8]
01.03.2020 02:11:46: William(76561198213286991) CLIENT OWNER ID [18], TOKEN [csvoxrxuhi31hxl]
01.03.2020 02:30:07: Sternn(76561198087299936) CLIENT OWNER ID [19], TOKEN [xaf4qoihi4cjfd4k]
01.03.2020 03:10:06: Giuseppe Di Angelo(76561198149474498) CLIENT OWNER ID [21], TOKEN [rvjbmpwm72dx7j]
01.03.2020 03:14:39: Betty Boop White(76561198206026112) CLIENT OWNER ID [4], TOKEN [sl2b0215clu6wfw63rr]
01.03.2020 04:14:59: luke(76561198264871362) CLIENT OWNER ID [8], TOKEN [brm42rsnbbn9li4]
01.03.2020 09:45:51: Giuseppe Di Angelo(76561198149474498) CLIENT OWNER ID [4], TOKEN [b2k0tmcor9jw8ahst]
01.03.2020 12:19:25: luke(76561198264871362) CLIENT OWNER ID [7], TOKEN [xvk0xosg55f08s]
01.03.2020 12:20:38: luke(76561198264871362) CLIENT OWNER ID [7], TOKEN [r7cmoj2v7m5iazibhh]
01.03.2020 13:31:59: Sherman(76561198038112694) CLIENT OWNER ID [8], TOKEN [a2jhorjzi63w0ka]
01.03.2020 13:53:19: Low_Poly_Man(76561198137223112) CLIENT OWNER ID [9], TOKEN [yuivxectsrnrxxtcf4]
01.03.2020 13:56:15: Wyclef(76561198038112694) CLIENT OWNER ID [10], TOKEN [ph0b2vhqq4w4tu]
01.03.2020 14:06:39: Axel Jones(76561198091943121) CLIENT OWNER ID [11], TOKEN [vnhisi7vmr5ccjt]
01.03.2020 14:38:56: Low_Poly_Man(76561198137223112) CLIENT OWNER ID [9], TOKEN [qfw8it7q2l4gkojm]
01.03.2020 14:43:26: Axel Jones(76561198091943121) CLIENT OWNER ID [13], TOKEN [iv0t5k3i7rcn2ghd5hh]
01.03.2020 14:46:19: Ivan Pershketov(76561198105940600) CLIENT OWNER ID [14], TOKEN [relx00thmg47eguc8t]
01.03.2020 14:55:23: Axel Jones(76561198091943121) CLIENT OWNER ID [4], TOKEN [cuntsg2fw1lohzso]
01.03.2020 14:56:27: Ivan Pershketov(76561198105940600) CLIENT OWNER ID [7], TOKEN [wvqi00gq5lwusw]
01.03.2020 14:57:31: Wyclef(76561198038112694) CLIENT OWNER ID [5], TOKEN [vtwtqub4nblb9hgbg4w]
01.03.2020 15:01:24: Axel Jones(76561198091943121) CLIENT OWNER ID [9], TOKEN [jyns1j1hcnx5zkzh]
01.03.2020 15:02:52: Low_Poly_Man(76561198137223112) CLIENT OWNER ID [11], TOKEN [iy6elc0l7s690cbjh]
01.03.2020 15:04:40: Donnie Turbo(76561198041233395) CLIENT OWNER ID [13], TOKEN [ciic6zgcxzxav2w]
01.03.2020 15:06:39: luke(76561198264871362) CLIENT OWNER ID [12], TOKEN [pu63rb7f0a6dvdt]
01.03.2020 15:12:12: Ivan Pershketov(76561198105940600) CLIENT OWNER ID [7], TOKEN [h8t07mxrluz8ou15eg]
01.03.2020 15:12:15: Wyclef(76561198038112694) CLIENT OWNER ID [6], TOKEN [nbpuze32ueju4ap6s]
01.03.2020 15:12:19: luke(76561198264871362) CLIENT OWNER ID [5], TOKEN [qrw6m3v3tq6v9s44jj]
01.03.2020 15:12:20: Axel Jones(76561198091943121) CLIENT OWNER ID [8], TOKEN [el0wci8bpywwztq1t]
01.03.2020 15:12:25: Low_Poly_Man(76561198137223112) CLIENT OWNER ID [4], TOKEN [gxh0x79qtjq019ki9]
01.03.2020 15:14:46: William Romano(76561198149474498) CLIENT OWNER ID [9], TOKEN [emualt2eie5c3jq15y]
01.03.2020 15:16:06: Donnie Turbo(76561198041233395) CLIENT OWNER ID [10], TOKEN [te7xf3vlhnj7fiwu]
01.03.2020 15:19:49: K-12 J. Shepard(76561198043298972) CLIENT OWNER ID [12], TOKEN [n2wt64aumffuoxi5]
01.03.2020 15:26:30: Wyclef(76561198038112694) CLIENT OWNER ID [6], TOKEN [ho8nyl76n6w83nakdsg]
01.03.2020 15:48:47: Ivan Pershketov(76561198105940600) CLIENT OWNER ID [15], TOKEN [qlef9hofdkdf1l2xu]
01.03.2020 15:51:30: luke(76561198264871362) CLIENT OWNER ID [17], TOKEN [gf4uhcyhd5jb8ucb1]
01.03.2020 15:53:53: S.Kingston(76561198046640450) CLIENT OWNER ID [16], TOKEN [avxjztlap7ue7qzu7]
01.03.2020 16:36:32: William(76561198213286991) CLIENT OWNER ID [23], TOKEN [re4g4b7h8bwv1f1hkxo]
01.03.2020 17:03:37: William Romano(76561198149474498) CLIENT OWNER ID [5], TOKEN [wjadr3cg0grownjl]
01.03.2020 17:05:03: K-12 J. Shepard(76561198043298972) CLIENT OWNER ID [6], TOKEN [qg3ojpp99mqyxvqb]
01.03.2020 17:19:01: Donnie Turbo(76561198041233395) CLIENT OWNER ID [8], TOKEN [tw18dnrtln3l0grum90]
01.03.2020 17:20:25: Nino Marino(76561198206026112) CLIENT OWNER ID [9], TOKEN [m54jlul2bikvgwm]
01.03.2020 17:24:26: Wyclef(76561198038112694) CLIENT OWNER ID [4], TOKEN [u4oj4vzj251t0twfvn]
01.03.2020 17:29:17: Rogue Tjay(76561198883479728) CLIENT OWNER ID [10], TOKEN [rkk3za4remgr2qr9]
01.03.2020 17:41:50: Axel Wolfe(76561198091943121) CLIENT OWNER ID [12], TOKEN [pbr5q6w2q2inqb7]
01.03.2020 17:46:27: Rogue Tjay(76561198883479728) CLIENT OWNER ID [10], TOKEN [bcr7tfxi3n6qhnz2gt]
01.03.2020 17:55:10: luke(76561198264871362) CLIENT OWNER ID [14], TOKEN [g9kg6gc2j464xmwt]
01.03.2020 17:55:56: Low_Poly_Man(76561198137223112) CLIENT OWNER ID [13], TOKEN [ph8oebhqsrewqpgv3f]
01.03.2020 18:53:37: John Anderson(76561198180893505) CLIENT OWNER ID [17], TOKEN [ywjmpikoulr0b9r]
01.03.2020 18:57:42: luke(76561198264871362) CLIENT OWNER ID [18], TOKEN [xxfkht216icuyzmz]
01.03.2020 19:05:12: John Anderson(76561198180893505) CLIENT OWNER ID [19], TOKEN [v349qde5dmv2duxxo]
01.03.2020 19:08:07: John Anderson(76561198180893505) CLIENT OWNER ID [20], TOKEN [ys5nmtyrptp2mok]
01.03.2020 19:25:18: John Anderson(76561198180893505) CLIENT OWNER ID [4], TOKEN [ldqxw7597moumum27sg]
01.03.2020 19:27:07: Donnie Turbo(76561198041233395) CLIENT OWNER ID [5], TOKEN [w5haylys86capk1q]
01.03.2020 19:33:39: Nino Marino(76561198206026112) CLIENT OWNER ID [6], TOKEN [a0vycknn83plsmkib]
01.03.2020 19:34:18: John Anderson(76561198180893505) CLIENT OWNER ID [4], TOKEN [fixlen2h9mj1b1p]
01.03.2020 19:39:38: John Anderson(76561198180893505) CLIENT OWNER ID [4], TOKEN [tzgpyr85c58m2h2yh]
01.03.2020 19:52:27: luke(76561198264871362) CLIENT OWNER ID [7], TOKEN [j20hydjk4kb2lvy1f]
01.03.2020 20:40:19: luke(76561198264871362) CLIENT OWNER ID [8], TOKEN [usclbms1ttclrru2s]
