23.02.2020 00:02:53: 1h 42min | Connected: Jacob Petrenko(76561198091328447 - 19) - time: 6046.95 - serverFPS: 45.3258
23.02.2020 00:03:10: 1h 42min | Disconnected: Peppe Valachi(76561198272370927 - 14) - time: 6063.4 - serverFPS: 45.3258
23.02.2020 00:05:46: 1h 45min | Disconnected: AL "BIG AL" GAMBINO(76561198361509989 - 6) - time: 6219.88 - serverFPS: 45.8453
23.02.2020 00:06:50: 1h 46min | Disconnected: Sternn(76561198087299936 - 5) - time: 6283.57 - serverFPS: 46.3768
23.02.2020 00:07:08: 1h 46min | Connected: Sternn(76561198087299936 - 5) - time: 6301.94 - serverFPS: 45.8453
23.02.2020 00:07:59: 1h 47min | Connected: Peppe Valachi(76561198272370927 - 14) - time: 6352.53 - serverFPS: 45.7143
23.02.2020 01:02:22: 2h 41min | Disconnected: Jacob Petrenko(76561198091328447 - 19) - time: 9614.79 - serverFPS: 46.2428
23.02.2020 01:14:02: 2h 53min | Connected: Jacob Petrenko(76561198091328447 - 19) - time: 10314.6 - serverFPS: 45.3258
23.02.2020 01:17:22: 2h 56min | Disconnected: Sherman(76561198038112694 - 10) - time: 10514.8 - serverFPS: 46.5116
23.02.2020 01:17:35: 2h 57min | Connected: Zander Marino(76561198180893505 - 21) - time: 10527.7 - serverFPS: 47.1976
23.02.2020 01:19:32: 2h 59min | Disconnected: Zander Marino(76561198180893505 - 21) - time: 10644.3 - serverFPS: 46.5116
23.02.2020 01:25:31: 3h 5min | Connected: Sherman(76561198038112694 - 22) - time: 11003.2 - serverFPS: 46.5116
23.02.2020 01:59:16: 3h 38min | Disconnected: Rogue Tjay(76561198883479728 - 17) - time: 13027.2 - serverFPS: 45.584
23.02.2020 02:02:59: 3h 42min | Connected: Robert Kennedy(76561198083728776 - 26) - time: 13250.9 - serverFPS: 45.4545
23.02.2020 02:10:00: 3h 49min | Connected: John Anderson(76561198180893505 - 25) - time: 13671 - serverFPS: 46.1095
23.02.2020 02:10:42: 3h 50min | Connected: Sergei Kovacic(76561198043298972 - 27) - time: 13713.1 - serverFPS: 45.8453
23.02.2020 02:16:21: 3h 55min | Disconnected: Sherman(76561198038112694 - 22) - time: 14052 - serverFPS: 45.7143
23.02.2020 02:16:43: 3h 56min | Connected: Sherman(76561198038112694 - 22) - time: 14074 - serverFPS: 45.8453
23.02.2020 02:32:26: 4h 12min | Disconnected: Amado Carrillo fuentes(76561198354844800 - 13) - time: 15016.9 - serverFPS: 45.7143
23.02.2020 02:33:09: 4h 12min | Connected: Amado Carrillo fuentes(76561198354844800 - 13) - time: 15059.6 - serverFPS: 45.8453
23.02.2020 02:38:47: 4h 18min | Connected: Ted Kennedy(76561198042633029 - 28) - time: 15397.7 - serverFPS: 45.4545
23.02.2020 02:42:56: 4h 22min | Disconnected: Sherman(76561198038112694 - 22) - time: 15646 - serverFPS: 45.7143
23.02.2020 02:50:42: 4h 30min | Connected: Sherman(76561198038112694 - 29) - time: 16111.9 - serverFPS: 47.3373
23.02.2020 03:13:36: 4h 53min | Disconnected: luke(76561198264871362 - 8) - time: 17485.4 - serverFPS: 44.5682
23.02.2020 03:14:44: 4h 54min | Disconnected: Jacob Petrenko(76561198091328447 - 19) - time: 17552.8 - serverFPS: 45.7143
23.02.2020 03:18:32: 4h 58min | Disconnected: Robert Kennedy(76561198083728776 - 26) - time: 17780.8 - serverFPS: 46.7836
23.02.2020 03:19:17: 4h 58min | Connected: Melvin Bush(76561198083728776 - 31) - time: 17826 - serverFPS: 46.1095
23.02.2020 03:23:03: 5h 2min | Disconnected: Donnie Turbo(76561198041233395 - 7) - time: 18051.8 - serverFPS: 46.7836
23.02.2020 03:23:52: 5h 3min | Connected: Donnie Turbo(76561198041233395 - 7) - time: 18100.6 - serverFPS: 45.584
23.02.2020 03:31:56: 5h 11min | Disconnected: John Anderson(76561198180893505 - 25) - time: 18584.6 - serverFPS: 45.3258
23.02.2020 03:35:18: 5h 14min | Connected: John Anderson(76561198180893505 - 32) - time: 18786.2 - serverFPS: 45.584
23.02.2020 03:37:46: 5h 17min | Connected: Ivan Pershketov(76561198105940600 - 34) - time: 18934.5 - serverFPS: 45.3258
23.02.2020 03:37:58: 5h 17min | Connected: luke(76561198264871362 - 33) - time: 18945.7 - serverFPS: 46.2428
23.02.2020 04:15:02: 5h 54min | Disconnected: Sherman(76561198038112694 - 29) - time: 21170.1 - serverFPS: 45.584
23.02.2020 04:15:37: 5h 55min | Connected: Sherman(76561198038112694 - 29) - time: 21204.4 - serverFPS: 45.7143
23.02.2020 04:31:18: 6h 10min | Disconnected: Peppe Valachi(76561198272370927 - 14) - time: 22144.9 - serverFPS: 43.956
23.02.2020 04:33:40: 6h 13min | Disconnected: Sherman(76561198038112694 - 29) - time: 22286.8 - serverFPS: 45.977
23.02.2020 04:41:47: 6h 21min | Connected: Sherman(76561198038112694 - 36) - time: 22773.6 - serverFPS: 45.584
23.02.2020 04:48:36: 6h 28min | Disconnected: [1k-40] Jose Santana(76561198206026112 - 16) - time: 23182.8 - serverFPS: 46.3768
23.02.2020 04:49:03: 6h 28min | Disconnected: Donnie Turbo(76561198041233395 - 7) - time: 23210.2 - serverFPS: 45.3258
23.02.2020 04:58:33: 6h 38min | Disconnected: Sherman(76561198038112694 - 36) - time: 23779.9 - serverFPS: 45.1977
23.02.2020 04:59:19: 6h 38min | Disconnected: Ivan Pershketov(76561198105940600 - 34) - time: 23825.9 - serverFPS: 45.584
23.02.2020 04:59:26: 6h 39min | Disconnected: Sergei Kovacic(76561198043298972 - 27) - time: 23832.6 - serverFPS: 45.1977
23.02.2020 04:59:56: 6h 39min | Disconnected: Amado Carrillo fuentes(76561198354844800 - 13) - time: 23862.7 - serverFPS: 46.2428
23.02.2020 05:05:42: 6h 45min | Disconnected: Melvin Bush(76561198083728776 - 31) - time: 24209.1 - serverFPS: 47.3373
23.02.2020 05:06:55: 6h 46min | Disconnected: Ted Kennedy(76561198042633029 - 28) - time: 24281.6 - serverFPS: 46.9208
23.02.2020 05:09:36: 6h 49min | Disconnected: Sternn(76561198087299936 - 5) - time: 24442.2 - serverFPS: 45.7143
23.02.2020 05:34:31: 7h 14min | Disconnected: John Anderson(76561198180893505 - 32) - time: 25938.2 - serverFPS: 46.9208
23.02.2020 05:34:40: 7h 14min | Disconnected: luke(76561198264871362 - 33) - time: 25946.5 - serverFPS: 45.584
23.02.2020 21:54:37: 23h 34min | Connected: Jacob Petrenko(76561198091328447 - 39) - time: 84742.7 - serverFPS: 45.584
23.02.2020 22:33:40: 24h 13min | Connected: Sternn(76561198087299936 - 40) - time: 87085.4 - serverFPS: 46.5116
23.02.2020 22:42:17: 24h 21min | Disconnected: Jacob Petrenko(76561198091328447 - 39) - time: 87601.6 - serverFPS: 45.7143
23.02.2020 23:16:29: 24h 56min | Connected: luke(76561198264871362 - 41) - time: 89653.2 - serverFPS: 45.977
23.02.2020 23:22:07: 25h 1min | Connected: Donnie Turbo(76561198041233395 - 42) - time: 89991.7 - serverFPS: 46.7836
23.02.2020 23:33:03: 25h 12min | Connected: Nino Marino(76561198206026112 - 43) - time: 90647 - serverFPS: 45.584
23.02.2020 23:45:55: 25h 25min | Connected: Rogue Tjay(76561198883479728 - 44) - time: 91418.3 - serverFPS: 45.8453
