16.01.2020 01:49:32: 23h 57min | Disconnected: Rogue Tjay(76561198883479728 - 24) - time: 86138.2 - serverFPS: 45.7143
16.01.2020 01:49:39: 23h 57min | Disconnected: alexs(76561198002867764 - 23) - time: 86145.3 - serverFPS: 46.2428
16.01.2020 01:53:56: 24h 1min | Connected: Wyclef(76561198038112694 - 29) - time: 86402.1 - serverFPS: 46.2428
16.01.2020 01:54:28: 24h 2min | Disconnected: Wyclef(76561198038112694 - 29) - time: 86433.8 - serverFPS: 46.5116
16.01.2020 01:56:37: 24h 4min | Disconnected: Jose Santana(76561198206026112 - 13) - time: 86563.4 - serverFPS: 46.6472
16.01.2020 05:04:48: infiSTAR_PlayerConnected_id: 1
16.01.2020 05:04:49: infiSTAR_PlayerDisconnected_id: 0
16.01.2020 05:08:23: 0h 5min | Connected: Boyevik Butch-Mac Volkev(76561198089960350 - 4) - time: 217.019 - serverFPS: 45.977
16.01.2020 05:32:11: 0h 28min | Disconnected: Boyevik Butch-Mac Volkev(76561198089960350 - 4) - time: 1644.89 - serverFPS: 45.7143
16.01.2020 05:40:30: 0h 37min | Connected: Wyclef(76561198038112694 - 6) - time: 2143.76 - serverFPS: 45.977
16.01.2020 05:41:58: 0h 38min | Disconnected: Wyclef(76561198038112694 - 6) - time: 2231.86 - serverFPS: 45.977
16.01.2020 07:25:06: 2h 21min | Connected: Jbo Marino[201](76561198206026112 - 7) - time: 8419.05 - serverFPS: 45.8453
16.01.2020 07:25:57: 2h 22min | Disconnected: Jbo Marino[201](76561198206026112 - 7) - time: 8469.96 - serverFPS: 46.2428
16.01.2020 07:26:37: 2h 23min | Connected: Jbo Marino[201](76561198206026112 - 8) - time: 8509.87 - serverFPS: 46.1095
16.01.2020 07:59:14: 2h 56min | Disconnected: Jbo Marino[201](76561198206026112 - 8) - time: 10466.9 - serverFPS: 45.977
16.01.2020 09:30:21: infiSTAR_PlayerConnected_id: 1
16.01.2020 09:30:21: infiSTAR_PlayerDisconnected_id: 0
16.01.2020 09:35:31: 0h 6min | Connected: Boyevik Butch-Mac Volkev(76561198089960350 - 4) - time: 311.978 - serverFPS: 46.1095
16.01.2020 09:38:18: 0h 9min | Disconnected: Boyevik Butch-Mac Volkev(76561198089960350 - 4) - time: 478.805 - serverFPS: 46.2428
16.01.2020 09:40:38: infiSTAR_PlayerConnected_id: 1
16.01.2020 09:40:38: infiSTAR_PlayerDisconnected_id: 0
