24.01.2020 22:32:01: <infiSTAR.de> _fnc_RandomGen: {
_fnc_actualGen = {
_abc = ['z','y','x','w','v','u','t','s','r','q','p','o','n','m','l','k','j','i','h','g','f','e','d','c','b','a'];
_gen = _abc select (random ((count _abc)-1));
_arr = ['a','5','c','4','d','f','c','e','5','2','2','0','d','e','7','f','9','5','7','8','e','9','a','5','c','3','2','7','e','2','3'];
_randmax = {((round(random _randminval)) + (round(random _randmaxval))) max _randminval};
for '_i' from 0 to (call _randmax)do
{
_gen = _gen + str(round(random 9)) + (_arr select (random ((count _arr)-1)));
};
};
_gen = '';
while{_gen=='' || _gen in _allRandomGenVars}do{
call _fnc_actualGen;
};
_allRandomGenVars pushBack _gen;
_gen
}
24.01.2020 22:32:01: ----START-LINE----   (12-01-2020 22-45-36 - v0260)
24.01.2020 22:32:01: _adminbox: a4f2e7d1e5e737f2c958717250e4c15232c654d0238
24.01.2020 22:32:01: _fnc_mpPackets: c7e444c47526c9c35078e30
24.01.2020 22:32:01: _FNC_AH_KICKLOG: x4d3c4d9c0c355d451c4d45624c4e3f47125e8f
24.01.2020 22:32:01: _FNC_AH_KICKLOGSPAWN: q6e3e4c395a32472d8e7540672c0d578f9c9e
24.01.2020 22:32:01: _FNC_PVAH_AdminReq: u7d151f7f4c281f452c175c6a255f1d62975572734f43
24.01.2020 22:32:01: _token_by_uid: l872d6e79576e298024494c87758e8e5f25090c97
24.01.2020 22:32:01: _uid_by_token: s5488582e8e706e9d2c30281a649c8d13
24.01.2020 22:32:01: _server_setTokenR: v550f1515556c42741965758d6765
24.01.2020 22:32:01: _YourPlayerToken: u5e67006d5e3e487927758f552560
24.01.2020 22:32:01: _TokenCT: a458d5a575917283e9714
24.01.2020 22:32:01: _AH_MAIN_BLOCK: w307d6519555e3f021e4e6d4d902265523985502c328c69
24.01.2020 22:32:01: _AHKickOFF: c27149f634d926e6227857e835d659d4c
24.01.2020 22:32:01: _AHKickLog: q025e0c1957097f5f9a621e129a42
24.01.2020 22:32:01: _clientdo: f027d088e7e17956c02852c4f35
24.01.2020 22:32:01: _AH_RunCheckENDVAR: o3d47274982827e5e1f43
24.01.2020 22:32:01: _AH_RunCheckENDVAR_THREAD: b742d840d2c244f4a1c14727c8552
24.01.2020 22:32:01: _AH_HackLogArrayRND: m6a5729208757957c7e2e6c437e43
24.01.2020 22:32:01: _AH_SurvLogArrayRND: z927e13626e3a8e4e1557174c4f7557434d80158e6c626a5d52
24.01.2020 22:32:01: _AH_AdmiLogArrayRND: q1e2d1d1d6d473c1c5c4357173d3e8d488e92
24.01.2020 22:32:01: _TMPBAN: s2e724d3e721472722c399e6349
24.01.2020 22:32:01: _massMessage: t407e2d502d1c404c8d422e
24.01.2020 22:32:01: _massSysMessage: g3a3f432c9e671a243c3f5e8003177515
24.01.2020 22:32:01: _AHpos: m6f2c5a8c6c3e43779e628c5c7a79204e350c8a1f2520325c
24.01.2020 22:32:01: _ninetwo: b2e2d758522759d6227906a
24.01.2020 22:32:01: _ninetwothread: s723515122d8e7e69720765527255524a6d19325c2a4e9567297e1e158e
24.01.2020 22:32:01: _adminsA: e258e8892100c22501577
24.01.2020 22:32:01: _MC: d1e50053c045e24145c33052e5d2d28152c349c352e
24.01.2020 22:32:01: _MCS: v299f872c7f745a528c6352370f5982491e527953
24.01.2020 22:32:01: _checkidicheckcheck: v2d4c35829c1e3c38100e653c12844f421e7562196d8c8c3e17
24.01.2020 22:32:01: _lastshotmade: b8c9c9f5712331a1e2c432e72033a858a050403448e4d358e
24.01.2020 22:32:01: _dellocveh: s1e5f855e201755656794
24.01.2020 22:32:01: _inCombatTime: y559574573743102d7e471e2e1e49
24.01.2020 22:32:01: _inCombatArray: n1a2e3e3428624983254a
24.01.2020 22:32:01: _fnc_infiKeyHandler: m296f323c3c8207552c7949252510851c2e2f1e9e122259
24.01.2020 22:32:01: _vehicle_needs_check: e8d82777e0e058e677e842e69155c2732303952123d
24.01.2020 22:32:01: _MAKE_VAR_DUMP_RANDOM: e752c453c2215552e3a5e77
24.01.2020 22:32:02: _MAKE_VAR_DUMP_CLIENT: w15272c2f5270271d2c1f726f9e1e3f5d6c
24.01.2020 22:32:02: _DUMPINGPLAYERUIDARRAY: v375e7c6c80877e08479e5c333e2c481e
24.01.2020 22:32:02: _CURRENTLYDUMPING: f4f5365751e25740e9d83
24.01.2020 22:32:02: _antiantihack_rndvar: e7a6f397e9f9e291524833253388f32336d4f975c
24.01.2020 22:32:02: _name_by_uid: y6242452c12449582553382333515158715
24.01.2020 22:32:02: _owner_by_uid: g9d225f1573173c636c577e0c6a73825e85
24.01.2020 22:32:02: _customcommandingMenu: x373f6737958e2e202c4c62687d878e
24.01.2020 22:32:02: _customcommandingMenuOpen: m6a7c2e5053157c1d323e59771799
24.01.2020 22:32:02: _AH_KICKLOG: PVAHR_3z1m6k7b0j2n7y9w
24.01.2020 22:32:02: ----END-LINE----   (12-01-2020 22-45-36 - v0260)
24.01.2020 22:32:02: _AH_RunCheckENDVAR: o3d47274982827e5e1f43
24.01.2020 22:32:02: _AH_RunCheckENDVAR_THREAD: b742d840d2c244f4a1c14727c8552
24.01.2020 22:32:02: _AH_HackLogArrayRND: m6a5729208757957c7e2e6c437e43
24.01.2020 22:32:02: _AH_SurvLogArrayRND: z927e13626e3a8e4e1557174c4f7557434d80158e6c626a5d52
24.01.2020 22:32:02: _AH_AdmiLogArrayRND: q1e2d1d1d6d473c1c5c4357173d3e8d488e92
24.01.2020 22:32:02: _TMPBAN: s2e724d3e721472722c399e6349
24.01.2020 22:32:02: _massMessage: t407e2d502d1c404c8d422e
24.01.2020 22:32:02: _massSysMessage: g3a3f432c9e671a243c3f5e8003177515
24.01.2020 22:32:02: _AHpos: m6f2c5a8c6c3e43779e628c5c7a79204e350c8a1f2520325c
24.01.2020 22:32:02: _ninetwo: b2e2d758522759d6227906a
24.01.2020 22:32:02: _ninetwothread: s723515122d8e7e69720765527255524a6d19325c2a4e9567297e1e158e
24.01.2020 22:32:02: _adminsA: e258e8892100c22501577
24.01.2020 22:32:02: _MC: d1e50053c045e24145c33052e5d2d28152c349c352e
24.01.2020 22:32:02: _MCS: v299f872c7f745a528c6352370f5982491e527953
24.01.2020 22:32:02: _checkidicheckcheck: v2d4c35829c1e3c38100e653c12844f421e7562196d8c8c3e17
24.01.2020 22:32:02: _lastshotmade: b8c9c9f5712331a1e2c432e72033a858a050403448e4d358e
24.01.2020 22:32:02: _dellocveh: s1e5f855e201755656794
24.01.2020 22:32:02: _inCombatTime: y559574573743102d7e471e2e1e49
24.01.2020 22:32:02: _inCombatArray: n1a2e3e3428624983254a
24.01.2020 22:32:02: _fnc_infiKeyHandler: m296f323c3c8207552c7949252510851c2e2f1e9e122259
24.01.2020 22:32:02: _vehicle_needs_check: e8d82777e0e058e677e842e69155c2732303952123d
24.01.2020 22:32:02: _MAKE_VAR_DUMP_RANDOM: e752c453c2215552e3a5e77
24.01.2020 22:32:02: _MAKE_VAR_DUMP_CLIENT: w15272c2f5270271d2c1f726f9e1e3f5d6c
24.01.2020 22:32:02: _DUMPINGPLAYERUIDARRAY: v375e7c6c80877e08479e5c333e2c481e
24.01.2020 22:32:02: _CURRENTLYDUMPING: f4f5365751e25740e9d83
24.01.2020 22:32:02: _antiantihack_rndvar: e7a6f397e9f9e291524833253388f32336d4f975c
24.01.2020 22:32:02: _name_by_uid: y6242452c12449582553382333515158715
24.01.2020 22:32:02: _owner_by_uid: g9d225f1573173c636c577e0c6a73825e85
24.01.2020 22:32:02: _customcommandingMenu: x373f6737958e2e202c4c62687d878e
24.01.2020 22:32:02: _customcommandingMenuOpen: m6a7c2e5053157c1d323e59771799
24.01.2020 22:32:02: _AH_KICKLOG: PVAHR_3z1m6k7b0j2n7y9w
24.01.2020 22:32:02: ----END-LINE----   (12-01-2020 22-45-36 - v0260)
