02.03.2020 15:33:56: Axel Wolfe(76561198091943121) CLIENT OWNER ID [9], TOKEN [qzgdgiwogdqd85umbd]
02.03.2020 15:38:15: Axel Wolfe(76561198091943121) CLIENT OWNER ID [10], TOKEN [hfg6471twomlui]
02.03.2020 16:24:27: WarFire(76561198150464364) CLIENT OWNER ID [11], TOKEN [tq2vc5lbju5k5iml]
02.03.2020 16:30:21: Low_Poly_Man(76561198137223112) CLIENT OWNER ID [12], TOKEN [mdxf9puv6bonpr]
02.03.2020 16:55:48: Robert Kennedy(76561198083728776) CLIENT OWNER ID [16], TOKEN [iuldhl05o5j362kii]
02.03.2020 16:56:33: William(76561198213286991) CLIENT OWNER ID [17], TOKEN [ss82na3upzqovcvzc]
02.03.2020 17:14:57: William Romano(76561198149474498) CLIENT OWNER ID [5], TOKEN [c8fxktk0cfztodhorm]
02.03.2020 17:27:08: Donnie Turbo(76561198041233395) CLIENT OWNER ID [6], TOKEN [ml3ih6gmwor826s0]
02.03.2020 17:27:19: John Anderson(76561198180893505) CLIENT OWNER ID [7], TOKEN [hbphq4uv6yb4zc43eh]
02.03.2020 17:28:41: William Romano(76561198149474498) CLIENT OWNER ID [5], TOKEN [hiiueqc5qpkgdvh]
02.03.2020 17:31:38: Low_Poly_Man(76561198137223112) CLIENT OWNER ID [8], TOKEN [etlbpwf6g3ozrl3ivk]
02.03.2020 17:32:00: WarFire(76561198150464364) CLIENT OWNER ID [9], TOKEN [qgamhti68cj3sdn2]
02.03.2020 17:37:54: [1k-40] Jose Santana(76561198206026112) CLIENT OWNER ID [10], TOKEN [jjiaznnmvuwtt52xz]
02.03.2020 17:56:35: Chee Ghost(76561199028114643) CLIENT OWNER ID [11], TOKEN [cn0jbgtm5jhfgtn]
02.03.2020 18:05:52: S.Kingston(76561198046640450) CLIENT OWNER ID [12], TOKEN [omfitr532jdccim]
02.03.2020 18:06:18: Peppe Valachi(76561198272370927) CLIENT OWNER ID [13], TOKEN [vwt9sreh9z2x8mgaey]
02.03.2020 18:09:01: William(76561198213286991) CLIENT OWNER ID [14], TOKEN [gzjwynxaltif4n63e]
02.03.2020 18:11:20: Chee Ghost(76561199028114643) CLIENT OWNER ID [15], TOKEN [rsgxs7tdbjpsutm]
02.03.2020 18:21:30: Ryan Johnson(76561198272370927) CLIENT OWNER ID [16], TOKEN [xnsmib58jz6jbnz74ks]
02.03.2020 18:23:58: Zander Marino(76561198180893505) CLIENT OWNER ID [18], TOKEN [lufz2x21ov0rtu31s]
02.03.2020 18:24:28: Axel Wolfe(76561198091943121) CLIENT OWNER ID [17], TOKEN [cv91b1l1v8e1m5vn]
02.03.2020 18:34:37: Chee Ghost(76561199028114643) CLIENT OWNER ID [19], TOKEN [dsts0wybw6trkfj]
02.03.2020 18:36:43: luke(76561198264871362) CLIENT OWNER ID [20], TOKEN [ljxpk6emp9r17ly]
02.03.2020 18:50:22: Zander Marino(76561198180893505) CLIENT OWNER ID [22], TOKEN [ropefj13uuocejt57]
02.03.2020 18:52:31: luke(76561198264871362) CLIENT OWNER ID [23], TOKEN [u6xz36wnzns3wovy]
02.03.2020 19:00:23: luke(76561198264871362) CLIENT OWNER ID [25], TOKEN [xrl3rs0zqp47ppp6x4]
02.03.2020 19:00:25: Amado Carrillo fuentes(76561198354844800) CLIENT OWNER ID [24], TOKEN [d1c8rulnfvyxxc8pc44]
02.03.2020 19:29:31: luke(76561198264871362) CLIENT OWNER ID [27], TOKEN [hcl5kp8peztk763c6]
02.03.2020 19:32:21: Amado Carrillo fuentes(76561198354844800) CLIENT OWNER ID [24], TOKEN [xktf88c4z33qlc]
02.03.2020 19:38:25: Chee Ghost(76561199028114643) CLIENT OWNER ID [28], TOKEN [fakg6yhyw9n3kl0s1a]
02.03.2020 19:45:46: Amado Carrillo fuentes(76561198354844800) CLIENT OWNER ID [29], TOKEN [dxbmod5ytjiqmf6rs]
02.03.2020 20:03:47: Chee Ghost(76561199028114643) CLIENT OWNER ID [30], TOKEN [p08kzh1hebcbyluw4t]
02.03.2020 20:06:51: Harold Reginald(76561198355765034) CLIENT OWNER ID [32], TOKEN [nq8oe1iw66sjm0p8]
02.03.2020 20:08:16: K-12 J. Shepard(76561198043298972) CLIENT OWNER ID [33], TOKEN [ypq60xypxk8qli8ir]
02.03.2020 20:53:38: Nino Marino(76561198206026112) CLIENT OWNER ID [34], TOKEN [rmqtc1i2gw0oqpmlnm]
02.03.2020 22:49:54: Donnie Turbo(76561198041233395) CLIENT OWNER ID [6], TOKEN [k9wg340e43h4zn54]
