31.01.2020 00:01:02: 7h 33min | Disconnected: Rogue Tjay(76561198883479728 - 12) - time: 27098.9 - serverFPS: 47.3373
31.01.2020 00:07:48: 7h 40min | Connected: luke(76561198264871362 - 19) - time: 27505.3 - serverFPS: 46.6472
31.01.2020 00:27:57: 7h 60min | Connected: Eriden Parker(76561198054085448 - 20) - time: 28712.7 - serverFPS: 46.1095
31.01.2020 00:28:00: 7h 60min | Disconnected: Eriden Parker(76561198054085448 - 20) - time: 28716.2 - serverFPS: 46.1095
31.01.2020 00:28:20: 8h 0min | Connected: Eriden Parker(76561198054085448 - 20) - time: 28736.3 - serverFPS: 46.5116
31.01.2020 00:28:22: 8h 0min | Disconnected: Eriden Parker(76561198054085448 - 20) - time: 28738.5 - serverFPS: 45.4545
31.01.2020 00:30:37: 8h 2min | Connected: Eriden Parker(76561198054085448 - 20) - time: 28873.4 - serverFPS: 47.0588
31.01.2020 00:30:39: 8h 2min | Disconnected: Eriden Parker(76561198054085448 - 20) - time: 28875 - serverFPS: 45.3258
31.01.2020 00:30:59: 8h 3min | Connected: Eriden Parker(76561198054085448 - 20) - time: 28895.3 - serverFPS: 47.4777
31.01.2020 00:31:04: 8h 3min | Disconnected: Eriden Parker(76561198054085448 - 20) - time: 28900.1 - serverFPS: 45.584
31.01.2020 00:32:54: 8h 5min | Disconnected: luke(76561198264871362 - 19) - time: 29009.6 - serverFPS: 45.584
31.01.2020 00:33:30: 8h 5min | Connected: luke(76561198264871362 - 19) - time: 29046.5 - serverFPS: 45.4545
31.01.2020 00:47:10: 8h 19min | Connected: Eriden Parker(76561198054085448 - 21) - time: 29865.4 - serverFPS: 45.4545
31.01.2020 00:51:05: 8h 23min | Connected: AL "BIG AL" GAMBINO(76561198361509989 - 22) - time: 30100.4 - serverFPS: 45.1977
31.01.2020 00:57:44: 8h 30min | Disconnected: Donnie Turbo(76561198041233395 - 10) - time: 30498.5 - serverFPS: 46.9208
31.01.2020 01:03:18: 8h 35min | Connected: Donnie Turbo(76561198041233395 - 23) - time: 30832.3 - serverFPS: 45.584
31.01.2020 01:10:51: 8h 43min | Disconnected: [1K-12] J Shepard(76561198043298972 - 18) - time: 31284.7 - serverFPS: 46.1095
31.01.2020 01:45:49: 9h 18min | Disconnected: Eriden Parker(76561198054085448 - 21) - time: 33383.1 - serverFPS: 45.977
31.01.2020 01:46:13: 9h 18min | Disconnected: Joe Montana(76561198368248470 - 16) - time: 33407 - serverFPS: 45.4545
31.01.2020 01:46:15: 9h 18min | Connected: Eriden Parker(76561198054085448 - 21) - time: 33408.8 - serverFPS: 45.584
31.01.2020 01:50:35: 9h 22min | Disconnected: luke(76561198264871362 - 19) - time: 33668.4 - serverFPS: 46.6472
31.01.2020 01:50:41: 9h 22min | Connected: Joe Montana(76561198368248470 - 16) - time: 33673.8 - serverFPS: 45.584
31.01.2020 01:51:12: 9h 23min | Connected: luke(76561198264871362 - 19) - time: 33704.6 - serverFPS: 45.3258
31.01.2020 01:52:03: 9h 24min | Disconnected: luke(76561198264871362 - 19) - time: 33755.8 - serverFPS: 45.977
31.01.2020 01:52:38: 9h 24min | Connected: luke(76561198264871362 - 24) - time: 33791.2 - serverFPS: 45.7143
31.01.2020 01:54:56: 9h 27min | Disconnected: luke(76561198264871362 - 24) - time: 33927.6 - serverFPS: 45.584
31.01.2020 02:03:42: 9h 36min | Connected: luke(76561198264871362 - 25) - time: 34454.3 - serverFPS: 45.3258
31.01.2020 02:26:30: 9h 58min | Disconnected: AL "BIG AL" GAMBINO(76561198361509989 - 22) - time: 35821 - serverFPS: 47.3373
31.01.2020 02:37:05: 10h 9min | Connected: Rick Cheney(76561198860031547 - 28) - time: 36455.3 - serverFPS: 45.4545
31.01.2020 02:39:04: 10h 11min | Connected: Zander Marino(76561198180893505 - 29) - time: 36574.1 - serverFPS: 45.4545
31.01.2020 02:58:43: 10h 31min | Connected: Uriah Oxford(76561198027608434 - 30) - time: 37752.5 - serverFPS: 46.2428
31.01.2020 03:01:34: 10h 33min | Disconnected: luke(76561198264871362 - 25) - time: 37923.6 - serverFPS: 46.1095
31.01.2020 03:07:48: 10h 40min | Connected: luke(76561198264871362 - 31) - time: 38297.1 - serverFPS: 47.4777
31.01.2020 03:16:30: 10h 48min | Disconnected: Uriah Oxford(76561198027608434 - 30) - time: 38818.7 - serverFPS: 45.3258
31.01.2020 03:19:38: 10h 51min | Disconnected: Eriden Parker(76561198054085448 - 21) - time: 39007.3 - serverFPS: 45.584
31.01.2020 03:20:40: 10h 52min | Connected: Uriah Oxford(76561198027608434 - 33) - time: 39068.9 - serverFPS: 46.2428
31.01.2020 03:20:46: 10h 53min | Disconnected: Donnie Turbo(76561198041233395 - 23) - time: 39074.9 - serverFPS: 45.8453
31.01.2020 03:22:31: 10h 54min | Disconnected: Uriah Oxford(76561198027608434 - 33) - time: 39179.9 - serverFPS: 45.8453
31.01.2020 03:23:03: 10h 55min | Connected: Donnie Turbo(76561198041233395 - 34) - time: 39211.6 - serverFPS: 45.584
31.01.2020 03:23:13: 10h 55min | Connected: Uriah Oxford(76561198027608434 - 33) - time: 39222.2 - serverFPS: 44.9438
31.01.2020 03:23:37: 10h 55min | Disconnected: Uriah Oxford(76561198027608434 - 33) - time: 39245.6 - serverFPS: 46.2428
31.01.2020 03:41:54: 11h 14min | Disconnected: Donnie Turbo(76561198041233395 - 34) - time: 40341.4 - serverFPS: 45.7143
31.01.2020 03:44:36: 11h 16min | Disconnected: Zander Marino(76561198180893505 - 29) - time: 40502.1 - serverFPS: 45.584
31.01.2020 03:47:09: 11h 19min | Connected: Stanley Thompson [1K-75](76561198180893505 - 35) - time: 40655.2 - serverFPS: 45.4545
31.01.2020 03:47:29: 11h 19min | Connected: Uriah Oxford(76561198027608434 - 36) - time: 40675 - serverFPS: 45.4545
31.01.2020 04:07:11: 11h 39min | Connected: Harold Reginald(76561198355765034 - 37) - time: 41857.1 - serverFPS: 46.6472
31.01.2020 04:12:39: 11h 44min | Disconnected: luke(76561198264871362 - 31) - time: 42183.8 - serverFPS: 45.7143
31.01.2020 04:24:35: 11h 56min | Connected: Wyclef(76561198038112694 - 38) - time: 42899.9 - serverFPS: 45.584
31.01.2020 04:53:04: 12h 25min | Disconnected: Joe Montana(76561198368248470 - 16) - time: 44608.5 - serverFPS: 45.3258
31.01.2020 04:53:12: 12h 25min | Disconnected: Alexander.Rios(76561198037915534 - 14) - time: 44616.5 - serverFPS: 45.8453
31.01.2020 04:53:49: 12h 26min | Connected: [1K-12] J Shepard(76561198043298972 - 39) - time: 44653.8 - serverFPS: 45.977
31.01.2020 04:56:21: 12h 28min | Disconnected: Harold Reginald(76561198355765034 - 37) - time: 44805.2 - serverFPS: 45.584
31.01.2020 05:00:50: 12h 33min | Disconnected: [1K-12] J Shepard(76561198043298972 - 39) - time: 45074.7 - serverFPS: 45.7143
31.01.2020 05:00:50: 12h 33min | Disconnected: Nino Marino(76561198206026112 - 13) - time: 45074.7 - serverFPS: 45.584
31.01.2020 05:02:10: 12h 34min | Connected: Mike Hutchinson(76561198043298972 - 40) - time: 45153.9 - serverFPS: 45.7143
31.01.2020 05:15:08: 12h 47min | Connected: Jbo Marino[201](76561198206026112 - 41) - time: 45931.6 - serverFPS: 45.8453
31.01.2020 05:28:29: 13h 0min | Disconnected: Boyevik Butch-Mac Volkev(76561198089960350 - 17) - time: 46732.2 - serverFPS: 45.7143
31.01.2020 05:32:40: 13h 4min | Disconnected: Wyclef(76561198038112694 - 38) - time: 46983.4 - serverFPS: 45.8453
31.01.2020 05:32:44: 13h 5min | Connected: Eriden Parker(76561198054085448 - 42) - time: 46987.1 - serverFPS: 38.0952
31.01.2020 05:36:02: 13h 8min | Connected: Robert Kennedy(76561198083728776 - 43) - time: 47185 - serverFPS: 45.8453
31.01.2020 05:49:47: 13h 22min | Connected: AL "BIG AL" GAMBINO(76561198361509989 - 44) - time: 48010 - serverFPS: 45.977
31.01.2020 05:51:03: 13h 23min | Disconnected: Uriah Oxford(76561198027608434 - 36) - time: 48085.3 - serverFPS: 45.584
31.01.2020 06:02:26: 13h 34min | Connected: Uriah Oxford(76561198027608434 - 46) - time: 48768.3 - serverFPS: 45.3258
31.01.2020 06:03:26: 13h 35min | Disconnected: Uriah Oxford(76561198027608434 - 46) - time: 48828.5 - serverFPS: 46.1095
31.01.2020 06:06:15: 13h 38min | Connected: Uriah Oxford(76561198027608434 - 47) - time: 48996.9 - serverFPS: 45.7143
31.01.2020 06:11:07: 13h 43min | Connected: Richard Jones(76561198166473448 - 50) - time: 49288.3 - serverFPS: 45.4545
31.01.2020 06:11:09: 13h 43min | Disconnected: Mike Hutchinson(76561198043298972 - 40) - time: 49290.2 - serverFPS: 46.3768
31.01.2020 06:11:29: 13h 43min | Connected: Mike Hutchinson(76561198043298972 - 40) - time: 49310.1 - serverFPS: 45.584
31.01.2020 06:11:35: 13h 43min | Disconnected: Richard Jones(76561198166473448 - 50) - time: 49315.5 - serverFPS: 26.2295
31.01.2020 06:11:55: 13h 44min | Connected: Richard Jones(76561198166473448 - 50) - time: 49335.6 - serverFPS: 45.584
31.01.2020 06:14:58: 13h 47min | Disconnected: Uriah Oxford(76561198027608434 - 47) - time: 49518.3 - serverFPS: 45.977
31.01.2020 06:15:23: 13h 47min | Disconnected: Jbo Marino[201](76561198206026112 - 41) - time: 49543.9 - serverFPS: 45.977
31.01.2020 06:19:43: 13h 52min | Connected: Nino Marino(76561198206026112 - 51) - time: 49803.3 - serverFPS: 45.977
31.01.2020 06:39:15: 14h 11min | Connected: Uriah Oxford(76561198041276439 - 53) - time: 50975.2 - serverFPS: 45.584
31.01.2020 06:39:19: 14h 11min | Disconnected: Uriah Oxford(76561198041276439 - 53) - time: 50978.5 - serverFPS: 42.328
31.01.2020 06:41:44: 14h 14min | Disconnected: Mike Hutchinson(76561198043298972 - 40) - time: 51123.6 - serverFPS: 47.1976
31.01.2020 06:43:19: 14h 15min | Connected: Uriah Oxford(76561198041276439 - 55) - time: 51218.4 - serverFPS: 45.584
31.01.2020 06:46:46: 14h 19min | Connected: Carlos F. Diaz(76561197999316388 - 49) - time: 51425.2 - serverFPS: 45.3258
31.01.2020 07:24:56: 14h 57min | Connected: HoyoBani(76561198105940600 - 56) - time: 53715.2 - serverFPS: 46.9208
31.01.2020 07:26:31: 14h 58min | Disconnected: Richard Jones(76561198166473448 - 50) - time: 53809.4 - serverFPS: 45.3258
31.01.2020 07:27:24: 14h 59min | Disconnected: Uriah Oxford(76561198041276439 - 55) - time: 53862.2 - serverFPS: 45.584
31.01.2020 07:28:12: 15h 0min | Connected: [1K-12] J Shepard(76561198043298972 - 58) - time: 53910.8 - serverFPS: 41.5584
31.01.2020 07:30:03: 15h 2min | Connected: Boyevik Butch-Mac Volkev(76561198089960350 - 59) - time: 54022 - serverFPS: 45.7143
31.01.2020 07:32:20: 15h 4min | Connected: Uriah Oxford(76561198041276439 - 61) - time: 54157.6 - serverFPS: 45.7143
31.01.2020 07:34:22: 15h 6min | Connected: Wyclef(76561198038112694 - 62) - time: 54279.6 - serverFPS: 45.584
31.01.2020 07:35:29: 15h 7min | Disconnected: Uriah Oxford(76561198041276439 - 61) - time: 54346.7 - serverFPS: 45.977
31.01.2020 07:40:28: 15h 12min | Connected: Uriah Oxford(76561198041276439 - 64) - time: 54644.9 - serverFPS: 45.584
31.01.2020 07:43:03: 15h 15min | Connected: [RMC] Tabed(76561198123697713 - 65) - time: 54800 - serverFPS: 36.1991
31.01.2020 07:43:49: 15h 16min | Disconnected: [RMC] Tabed(76561198123697713 - 65) - time: 54846.2 - serverFPS: 46.2428
31.01.2020 07:44:01: 15h 16min | Connected: [RMC] Tabed(76561198123697713 - 65) - time: 54858 - serverFPS: 46.6472
31.01.2020 07:51:22: 15h 23min | Connected: Joe Montana(76561198368248470 - 66) - time: 55298.8 - serverFPS: 47.4777
31.01.2020 07:51:46: 15h 24min | Disconnected: Stanley Thompson [1K-75](76561198180893505 - 35) - time: 55322.6 - serverFPS: 45.4545
31.01.2020 07:51:55: 15h 24min | Disconnected: Rick Cheney(76561198860031547 - 28) - time: 55331.3 - serverFPS: 45.7143
31.01.2020 07:52:23: 15h 24min | Connected: Rick Cheney(76561198860031547 - 28) - time: 55359.1 - serverFPS: 45.584
31.01.2020 07:56:44: 15h 29min | Connected: John Anderson(76561198180893505 - 69) - time: 55619.7 - serverFPS: 45.4545
31.01.2020 08:03:16: 15h 35min | Disconnected: HoyoBani(76561198105940600 - 56) - time: 56011.6 - serverFPS: 46.1095
31.01.2020 08:05:30: 15h 37min | Disconnected: [RMC] Tabed(76561198123697713 - 65) - time: 56145.6 - serverFPS: 45.977
31.01.2020 08:14:54: 15h 47min | Connected: John Howitzer(76561198135174268 - 70) - time: 56709.7 - serverFPS: 45.8453
31.01.2020 08:17:40: 15h 49min | Disconnected: John Howitzer(76561198135174268 - 70) - time: 56875.1 - serverFPS: 45.4545
31.01.2020 08:21:39: 15h 53min | Connected: John Howitzer(76561198135174268 - 71) - time: 57114.5 - serverFPS: 45.3258
31.01.2020 08:22:44: 15h 55min | Disconnected: John Howitzer(76561198135174268 - 71) - time: 57178.1 - serverFPS: 45.1977
31.01.2020 08:25:55: 15h 58min | Connected: John Howitzer(76561198135174268 - 72) - time: 57369.1 - serverFPS: 45.3258
31.01.2020 08:30:28: 16h 2min | Disconnected: John Howitzer(76561198135174268 - 72) - time: 57642.9 - serverFPS: 45.584
31.01.2020 08:30:48: 16h 3min | Connected: John Howitzer(76561198135174268 - 72) - time: 57662.9 - serverFPS: 45.584
31.01.2020 08:46:19: 16h 18min | Disconnected: Uriah Oxford(76561198041276439 - 64) - time: 58593.1 - serverFPS: 45.7143
31.01.2020 09:02:07: 16h 34min | Disconnected: [1K-12] J Shepard(76561198043298972 - 58) - time: 59541.1 - serverFPS: 45.7143
31.01.2020 09:30:20: 17h 2min | Connected: Warren Blades(76561198281290777 - 73) - time: 61233.3 - serverFPS: 45.3258
31.01.2020 09:48:24: 17h 20min | Disconnected: Eriden Parker(76561198054085448 - 42) - time: 62316.7 - serverFPS: 45.584
31.01.2020 09:49:29: 17h 21min | Disconnected: Wyclef(76561198038112694 - 62) - time: 62381.6 - serverFPS: 47.0588
31.01.2020 10:03:34: 17h 35min | Disconnected: Robert Kennedy(76561198083728776 - 43) - time: 63227.4 - serverFPS: 44.6927
31.01.2020 10:04:11: 17h 36min | Connected: Robert Kennedy(76561198083728776 - 43) - time: 63263.6 - serverFPS: 45.4545
31.01.2020 10:05:18: 17h 37min | Disconnected: Rick Cheney(76561198860031547 - 28) - time: 63330.3 - serverFPS: 45.7143
31.01.2020 10:05:57: 17h 38min | Connected: Rick Cheney(76561198860031547 - 28) - time: 63369.4 - serverFPS: 46.2428
31.01.2020 10:05:59: 17h 38min | Disconnected: Warren Blades(76561198281290777 - 73) - time: 63371.2 - serverFPS: 45.584
31.01.2020 10:06:38: 17h 38min | Connected: Warren Blades(76561198281290777 - 73) - time: 63410.5 - serverFPS: 45.584
31.01.2020 10:09:38: 17h 41min | Disconnected: Joe Montana(76561198368248470 - 66) - time: 63590.6 - serverFPS: 47.4777
31.01.2020 10:19:13: 17h 51min | Disconnected: Warren Blades(76561198281290777 - 73) - time: 64165.2 - serverFPS: 46.1095
31.01.2020 10:19:41: 17h 51min | Connected: Warren Blades(76561198281290777 - 73) - time: 64193.3 - serverFPS: 46.6472
31.01.2020 10:28:29: 18h 0min | Disconnected: AL "BIG AL" GAMBINO(76561198361509989 - 44) - time: 64720.9 - serverFPS: 45.584
31.01.2020 10:31:44: 18h 4min | Disconnected: John Howitzer(76561198135174268 - 72) - time: 64915.6 - serverFPS: 45.7143
31.01.2020 10:32:07: 18h 4min | Connected: John Howitzer(76561198135174268 - 72) - time: 64938.1 - serverFPS: 45.8453
31.01.2020 10:44:07: 18h 16min | Disconnected: Nino Marino(76561198206026112 - 51) - time: 65657.7 - serverFPS: 45.4545
31.01.2020 10:51:20: 18h 23min | Disconnected: Boyevik Butch-Mac Volkev(76561198089960350 - 59) - time: 66090.9 - serverFPS: 46.6472
31.01.2020 10:51:23: 18h 23min | Disconnected: Carlos F. Diaz(76561197999316388 - 49) - time: 66093.8 - serverFPS: 39.9002
31.01.2020 11:06:11: 18h 38min | Disconnected: Robert Kennedy(76561198083728776 - 43) - time: 66982.3 - serverFPS: 45.0704
31.01.2020 11:07:03: 18h 39min | Disconnected: Warren Blades(76561198281290777 - 73) - time: 67033.7 - serverFPS: 45.8453
31.01.2020 11:12:00: 18h 44min | Disconnected: John Howitzer(76561198135174268 - 72) - time: 67330.4 - serverFPS: 45.3258
31.01.2020 11:13:25: 18h 45min | Connected: John Jamison(76561198135174268 - 75) - time: 67415.4 - serverFPS: 47.0588
31.01.2020 11:45:17: 19h 17min | Disconnected: Rick Cheney(76561198860031547 - 28) - time: 69327.3 - serverFPS: 45.8453
31.01.2020 12:03:15: 19h 35min | Disconnected: John Jamison(76561198135174268 - 75) - time: 70404.5 - serverFPS: 45.8453
31.01.2020 12:10:42: 19h 43min | Connected: Rick Cheney(76561198860031547 - 77) - time: 70851.4 - serverFPS: 45.8453
31.01.2020 12:10:45: 19h 43min | Disconnected: Rick Cheney(76561198860031547 - 77) - time: 70854.4 - serverFPS: 45.1977
31.01.2020 12:11:28: 19h 43min | Connected: Rick Cheney(76561198860031547 - 77) - time: 70897.1 - serverFPS: 46.7836
31.01.2020 12:11:30: 19h 43min | Disconnected: Rick Cheney(76561198860031547 - 77) - time: 70899.3 - serverFPS: 46.2428
31.01.2020 12:12:13: 19h 44min | Connected: Rick Cheney(76561198860031547 - 77) - time: 70941.9 - serverFPS: 46.7836
31.01.2020 12:12:15: 19h 44min | Disconnected: Rick Cheney(76561198860031547 - 77) - time: 70944.3 - serverFPS: 45.8453
31.01.2020 12:17:06: 19h 49min | Connected: Rick Cheney(76561198860031547 - 78) - time: 71235 - serverFPS: 45.4545
31.01.2020 12:27:30: 19h 59min | Disconnected: John Anderson(76561198180893505 - 69) - time: 71858.7 - serverFPS: 45.3258
31.01.2020 12:27:56: 19h 60min | Connected: John Anderson(76561198180893505 - 69) - time: 71885.4 - serverFPS: 45.3258
31.01.2020 13:53:01: 21h 25min | Disconnected: John Anderson(76561198180893505 - 69) - time: 76989.4 - serverFPS: 45.7143
31.01.2020 13:53:28: 21h 25min | Disconnected: Rick Cheney(76561198860031547 - 78) - time: 77016.4 - serverFPS: 45.8453
31.01.2020 14:03:26: 21h 35min | Connected: John Jamison(76561198135174268 - 79) - time: 77614.3 - serverFPS: 45.584
31.01.2020 14:06:46: 21h 39min | Disconnected: John Jamison(76561198135174268 - 79) - time: 77813.7 - serverFPS: 45.4545
31.01.2020 18:52:59: 26h 25min | Connected: George Clean(76561198130285673 - 80) - time: 94985.2 - serverFPS: 45.7143
31.01.2020 19:34:29: 27h 6min | Connected: thomas(76561198248187246 - 82) - time: 97474.9 - serverFPS: 46.7836
31.01.2020 19:38:35: 27h 10min | Connected: deadrider41(76561198172486071 - 83) - time: 97720.7 - serverFPS: 45.4545
31.01.2020 20:22:06: 27h 54min | Connected: Thomas Woods(76561198174871239 - 84) - time: 100331 - serverFPS: 46.1095
31.01.2020 20:28:09: 27h 60min | Connected: Eriden Parker(76561198054085448 - 86) - time: 100694 - serverFPS: 45.4545
31.01.2020 20:37:58: 28h 10min | Connected: [1K-12] J Shepard(76561198043298972 - 87) - time: 101283 - serverFPS: 45.7143
31.01.2020 20:53:28: 28h 25min | Disconnected: thomas(76561198248187246 - 82) - time: 102212 - serverFPS: 44.6927
31.01.2020 20:58:14: 28h 30min | Disconnected: [1K-12] J Shepard(76561198043298972 - 87) - time: 102498 - serverFPS: 45.4545
31.01.2020 21:05:56: 28h 38min | Disconnected: deadrider41(76561198172486071 - 83) - time: 102961 - serverFPS: 45.977
31.01.2020 21:07:32: 28h 39min | Disconnected: George Clean(76561198130285673 - 80) - time: 103056 - serverFPS: 45.1977
31.01.2020 21:30:23: 29h 2min | Connected: Robert Kennedy(76561198083728776 - 88) - time: 104427 - serverFPS: 45.584
31.01.2020 21:30:25: 29h 2min | Disconnected: Robert Kennedy(76561198083728776 - 88) - time: 104429 - serverFPS: 45.584
31.01.2020 21:30:41: 29h 2min | Connected: [RMC] Tabed(76561198123697713 - 89) - time: 104445 - serverFPS: 46.6472
31.01.2020 21:31:29: 29h 3min | Connected: Robert Kennedy(76561198083728776 - 88) - time: 104491 - serverFPS: 45.4545
31.01.2020 21:31:31: 29h 3min | Disconnected: Robert Kennedy(76561198083728776 - 88) - time: 104492 - serverFPS: 45.7143
31.01.2020 21:35:19: 29h 7min | Connected: Robert Kennedy(76561198083728776 - 90) - time: 104721 - serverFPS: 45.1977
31.01.2020 21:36:49: 29h 9min | Disconnected: [RMC] Tabed(76561198123697713 - 89) - time: 104810 - serverFPS: 45.3258
31.01.2020 21:37:05: 29h 9min | Connected: [RMC] Tabed(76561198123697713 - 89) - time: 104827 - serverFPS: 46.9208
31.01.2020 21:55:21: 29h 27min | Connected: [220]Para.R.Tjay(76561198883479728 - 92) - time: 105922 - serverFPS: 46.5116
31.01.2020 22:05:48: 29h 38min | Disconnected: Eriden Parker(76561198054085448 - 86) - time: 106549 - serverFPS: 45.584
31.01.2020 22:15:42: 29h 48min | Disconnected: Robert Kennedy(76561198083728776 - 90) - time: 107143 - serverFPS: 46.6472
31.01.2020 22:16:05: 29h 48min | Connected: Robert Kennedy(76561198083728776 - 90) - time: 107165 - serverFPS: 45.4545
31.01.2020 22:25:40: 29h 57min | Connected: Eriden Parker(76561198054085448 - 93) - time: 107740 - serverFPS: 45.8453
31.01.2020 23:11:49: 30h 44min | Connected: AL "BIG AL" GAMBINO(76561198361509989 - 94) - time: 110509 - serverFPS: 45.4545
31.01.2020 23:11:50: 30h 44min | Disconnected: AL "BIG AL" GAMBINO(76561198361509989 - 94) - time: 110510 - serverFPS: 45.4545
31.01.2020 23:13:35: 30h 45min | Connected: AL "BIG AL" GAMBINO(76561198361509989 - 95) - time: 110615 - serverFPS: 45.4545
31.01.2020 23:13:36: 30h 45min | Disconnected: AL "BIG AL" GAMBINO(76561198361509989 - 95) - time: 110616 - serverFPS: 46.5116
31.01.2020 23:14:18: 30h 46min | Connected: AL "BIG AL" GAMBINO(76561198361509989 - 95) - time: 110658 - serverFPS: 46.1095
31.01.2020 23:14:21: 30h 46min | Disconnected: AL "BIG AL" GAMBINO(76561198361509989 - 95) - time: 110661 - serverFPS: 46.7836
31.01.2020 23:19:55: 30h 52min | Connected: AL "BIG AL" GAMBINO(76561198361509989 - 96) - time: 110995 - serverFPS: 46.2428
