22.02.2020 00:00:47: 41h 44min | Connected: Sherman(76561198038112694 - 50) - time: 150127 - serverFPS: 46.5116
22.02.2020 00:01:23: 41h 44min | Disconnected: Sherman(76561198038112694 - 50) - time: 150163 - serverFPS: 45.3258
22.02.2020 00:02:59: 41h 46min | Connected: Sternn(76561198087299936 - 51) - time: 150259 - serverFPS: 45.4545
22.02.2020 00:09:53: 41h 53min | Connected: Sherman(76561198038112694 - 53) - time: 150673 - serverFPS: 45.584
22.02.2020 00:13:26: 41h 56min | Connected: Rogue Tjay(76561198883479728 - 54) - time: 150886 - serverFPS: 45.8453
22.02.2020 00:22:04: 42h 5min | Connected: Catdaddy(76561198171674043 - 55) - time: 151403 - serverFPS: 45.7143
22.02.2020 00:22:09: 42h 5min | Disconnected: Catdaddy(76561198171674043 - 55) - time: 151407 - serverFPS: 45.977
22.02.2020 00:25:17: 42h 8min | Connected: Catdaddy(76561198171674043 - 56) - time: 151596 - serverFPS: 43.3604
22.02.2020 00:25:35: 42h 8min | Disconnected: Sherman(76561198038112694 - 53) - time: 151614 - serverFPS: 45.7143
22.02.2020 00:31:52: 42h 15min | Disconnected: Amado Carrillo fuentes(76561198354844800 - 49) - time: 151990 - serverFPS: 46.5116
22.02.2020 00:33:57: 42h 17min | Disconnected: Catdaddy(76561198171674043 - 56) - time: 152116 - serverFPS: 45.3258
22.02.2020 00:34:08: 42h 17min | Connected: Sergei Kovacic(76561198043298972 - 58) - time: 152127 - serverFPS: 45.4545
22.02.2020 00:37:00: 42h 20min | Connected: Catdaddy(76561198171674043 - 59) - time: 152298 - serverFPS: 45.977
22.02.2020 00:42:31: 42h 25min | Connected: Nino Marino(76561198206026112 - 61) - time: 152629 - serverFPS: 35.2423
22.02.2020 00:43:00: 42h 26min | Connected: Donnie Turbo(76561198041233395 - 60) - time: 152657 - serverFPS: 45.4545
22.02.2020 00:43:46: 42h 27min | Connected: Sherman(76561198038112694 - 64) - time: 152703 - serverFPS: 46.1095
22.02.2020 00:44:14: 42h 27min | Disconnected: Catdaddy(76561198171674043 - 59) - time: 152731 - serverFPS: 45.8453
22.02.2020 00:45:11: 42h 28min | Disconnected: Rogue Tjay(76561198883479728 - 54) - time: 152788 - serverFPS: 45.4545
22.02.2020 00:45:57: 42h 29min | Disconnected: Sherman(76561198038112694 - 64) - time: 152834 - serverFPS: 45.8453
22.02.2020 00:46:09: 42h 29min | Connected: Sherman(76561198038112694 - 64) - time: 152845 - serverFPS: 44.8179
22.02.2020 00:46:55: 42h 30min | Connected: John Anderson(76561198180893505 - 65) - time: 152892 - serverFPS: 45.8453
22.02.2020 00:47:31: 42h 30min | Connected: Antonio Shafur(76561198138704548 - 63) - time: 152928 - serverFPS: 45.3258
22.02.2020 00:47:54: 42h 31min | Disconnected: Antonio Shafur(76561198138704548 - 63) - time: 152951 - serverFPS: 45.3258
22.02.2020 00:48:36: 42h 31min | Connected: Antonio Shafur(76561198138704548 - 63) - time: 152993 - serverFPS: 46.7836
22.02.2020 00:48:53: 42h 32min | Disconnected: Antonio Shafur(76561198138704548 - 63) - time: 153009 - serverFPS: 45.977
22.02.2020 00:49:23: 42h 32min | Disconnected: Sherman(76561198038112694 - 64) - time: 153039 - serverFPS: 46.1095
22.02.2020 00:50:36: 42h 33min | Connected: luke(76561198264871362 - 66) - time: 153113 - serverFPS: 45.1977
22.02.2020 00:51:15: 42h 34min | Connected: Antonio Shafur(76561198138704548 - 67) - time: 153151 - serverFPS: 45.4545
22.02.2020 00:53:16: 42h 36min | Disconnected: Antonio Shafur(76561198138704548 - 67) - time: 153272 - serverFPS: 45.3258
22.02.2020 00:53:49: 42h 37min | Connected: Antonio Shafur(76561198138704548 - 67) - time: 153304 - serverFPS: 45.977
22.02.2020 00:57:41: 42h 41min | Connected: Sherman(76561198038112694 - 68) - time: 153537 - serverFPS: 47.1976
22.02.2020 00:59:01: 42h 42min | Connected: Amado Carrillo fuentes(76561198354844800 - 49) - time: 153617 - serverFPS: 47.3373
22.02.2020 01:06:23: 42h 49min | Connected: Catdaddy(76561198171674043 - 70) - time: 154058 - serverFPS: 45.8453
22.02.2020 01:06:49: 42h 50min | Disconnected: Catdaddy(76561198171674043 - 70) - time: 154084 - serverFPS: 46.7836
22.02.2020 01:14:23: 42h 57min | Disconnected: Antonio Shafur(76561198138704548 - 67) - time: 154537 - serverFPS: 45.584
22.02.2020 01:16:44: 42h 60min | Disconnected: Sergei Kovacic(76561198043298972 - 58) - time: 154678 - serverFPS: 45.7143
22.02.2020 01:16:51: 42h 60min | Disconnected: Sherman(76561198038112694 - 68) - time: 154686 - serverFPS: 45.584
22.02.2020 01:17:11: 43h 0min | Connected: Sherman(76561198038112694 - 68) - time: 154706 - serverFPS: 46.7836
22.02.2020 01:17:22: 43h 0min | Connected: Sergei Kovacic(76561198043298972 - 58) - time: 154716 - serverFPS: 46.2428
22.02.2020 01:28:45: 43h 12min | Connected: Peppe Valachi(76561198272370927 - 73) - time: 155399 - serverFPS: 45.3258
22.02.2020 01:39:30: 43h 22min | Connected: Rogue Tjay(76561198883479728 - 74) - time: 156043 - serverFPS: 46.1095
22.02.2020 01:40:22: 43h 23min | Connected: Todd McCoy(76561198097718378 - 75) - time: 156095 - serverFPS: 45.584
22.02.2020 01:48:31: 43h 31min | Connected: [3k-66] W.Blades(76561198281290777 - 76) - time: 156584 - serverFPS: 45.977
22.02.2020 01:50:31: 43h 33min | Disconnected: Todd McCoy(76561198097718378 - 75) - time: 156704 - serverFPS: 45.584
22.02.2020 01:52:50: 43h 36min | Disconnected: Amado Carrillo fuentes(76561198354844800 - 49) - time: 156843 - serverFPS: 45.977
22.02.2020 01:53:17: 43h 36min | Connected: Amado Carrillo fuentes(76561198354844800 - 49) - time: 156869 - serverFPS: 46.5116
22.02.2020 01:54:39: 43h 37min | Connected: Todd McCoy(76561198097718378 - 77) - time: 156951 - serverFPS: 45.977
22.02.2020 01:56:21: 43h 39min | Disconnected: Todd McCoy(76561198097718378 - 77) - time: 157053 - serverFPS: 45.7143
22.02.2020 02:23:54: 44h 7min | Disconnected: Sternn(76561198087299936 - 51) - time: 158706 - serverFPS: 45.4545
22.02.2020 02:26:11: 44h 9min | Disconnected: Rogue Tjay(76561198883479728 - 74) - time: 158842 - serverFPS: 45.4545
22.02.2020 02:26:25: 44h 9min | Disconnected: [3k-66] W.Blades(76561198281290777 - 76) - time: 158856 - serverFPS: 45.4545
22.02.2020 02:47:12: 44h 30min | Disconnected: Sherman(76561198038112694 - 68) - time: 160104 - serverFPS: 45.977
22.02.2020 02:47:49: 44h 31min | Disconnected: John Anderson(76561198180893505 - 65) - time: 160140 - serverFPS: 45.3258
22.02.2020 02:55:21: 44h 38min | Connected: Sherman(76561198038112694 - 78) - time: 160593 - serverFPS: 47.9042
22.02.2020 02:58:42: 44h 42min | Connected: Ivan Pershketov(76561198105940600 - 80) - time: 160793 - serverFPS: 45.1977
22.02.2020 02:59:07: 44h 42min | Disconnected: Ivan Pershketov(76561198105940600 - 80) - time: 160817 - serverFPS: 45.584
22.02.2020 03:00:53: 44h 44min | Disconnected: Amado Carrillo fuentes(76561198354844800 - 49) - time: 160924 - serverFPS: 46.2428
22.02.2020 03:01:27: 44h 44min | Connected: Amado Carrillo fuentes(76561198354844800 - 49) - time: 160958 - serverFPS: 43.5967
22.02.2020 03:02:27: 44h 45min | Connected: Ivan Pershketov(76561198105940600 - 82) - time: 161017 - serverFPS: 45.584
22.02.2020 03:02:30: 44h 45min | Disconnected: Nino Marino(76561198206026112 - 61) - time: 161021 - serverFPS: 45.584
22.02.2020 03:02:32: 44h 45min | Connected: AL "BIG AL" GAMBINO(76561198361509989 - 81) - time: 161023 - serverFPS: 45.3258
22.02.2020 03:03:04: 44h 46min | Disconnected: Amado Carrillo fuentes(76561198354844800 - 49) - time: 161054 - serverFPS: 45.0704
22.02.2020 03:03:50: 44h 47min | Connected: [1k-40] Jose Santana(76561198206026112 - 83) - time: 161100 - serverFPS: 45.4545
22.02.2020 03:11:10: 44h 54min | Connected: Amado Carrillo fuentes(76561198354844800 - 84) - time: 161540 - serverFPS: 45.584
22.02.2020 03:12:33: 44h 55min | Disconnected: Sherman(76561198038112694 - 78) - time: 161622 - serverFPS: 46.6472
22.02.2020 03:12:52: 44h 56min | Connected: Sherman(76561198038112694 - 78) - time: 161642 - serverFPS: 45.7143
22.02.2020 03:13:33: 44h 56min | Disconnected: Ivan Pershketov(76561198105940600 - 82) - time: 161682 - serverFPS: 45.4545
22.02.2020 03:13:49: 44h 57min | Disconnected: Amado Carrillo fuentes(76561198354844800 - 84) - time: 161699 - serverFPS: 45.7143
22.02.2020 03:13:49: 44h 57min | Connected: Ivan Pershketov(76561198105940600 - 82) - time: 161699 - serverFPS: 45.8453
22.02.2020 03:14:08: 44h 57min | Connected: Amado Carrillo fuentes(76561198354844800 - 84) - time: 161718 - serverFPS: 47.3373
22.02.2020 03:14:14: 44h 57min | Connected: Alexander.Rios(76561198037915534 - 85) - time: 161723 - serverFPS: 46.2428
22.02.2020 03:18:01: 45h 1min | Connected: John Anderson(76561198180893505 - 86) - time: 161949 - serverFPS: 45.7143
22.02.2020 03:28:07: 45h 11min | Disconnected: John Anderson(76561198180893505 - 86) - time: 162554 - serverFPS: 45.8453
22.02.2020 03:30:40: 45h 14min | Connected: John Anderson(76561198180893505 - 88) - time: 162707 - serverFPS: 46.1095
22.02.2020 03:51:03: 45h 34min | Disconnected: John Anderson(76561198180893505 - 88) - time: 163930 - serverFPS: 46.5116
22.02.2020 03:53:17: 45h 36min | Connected: John Anderson(76561198180893505 - 89) - time: 164064 - serverFPS: 43.4783
22.02.2020 04:04:17: 45h 47min | Disconnected: Sherman(76561198038112694 - 78) - time: 164724 - serverFPS: 45.4545
22.02.2020 04:04:41: 45h 48min | Connected: Sherman(76561198038112694 - 78) - time: 164747 - serverFPS: 45.584
22.02.2020 04:31:03: 46h 14min | Disconnected: AL "BIG AL" GAMBINO(76561198361509989 - 81) - time: 166329 - serverFPS: 45.4545
22.02.2020 04:58:28: 46h 41min | Disconnected: Sergei Kovacic(76561198043298972 - 58) - time: 167973 - serverFPS: 45.7143
22.02.2020 04:58:46: 46h 42min | Disconnected: Sherman(76561198038112694 - 78) - time: 167991 - serverFPS: 46.9208
22.02.2020 04:58:51: 46h 42min | Disconnected: Ivan Pershketov(76561198105940600 - 82) - time: 167996 - serverFPS: 45.7143
22.02.2020 04:58:57: 46h 42min | Disconnected: Alexander.Rios(76561198037915534 - 85) - time: 168002 - serverFPS: 46.1095
22.02.2020 04:59:04: 46h 42min | Disconnected: Amado Carrillo fuentes(76561198354844800 - 84) - time: 168009 - serverFPS: 47.3373
22.02.2020 05:36:50: 47h 20min | Connected: Sternn(76561198087299936 - 91) - time: 170275 - serverFPS: 45.7143
22.02.2020 05:37:25: 47h 20min | Disconnected: luke(76561198264871362 - 66) - time: 170310 - serverFPS: 45.7143
22.02.2020 06:04:08: 47h 47min | Disconnected: Donnie Turbo(76561198041233395 - 60) - time: 171913 - serverFPS: 45.8453
22.02.2020 06:14:33: 47h 57min | Disconnected: [1k-40] Jose Santana(76561198206026112 - 83) - time: 172537 - serverFPS: 45.977
22.02.2020 06:15:30: 47h 58min | Disconnected: John Anderson(76561198180893505 - 89) - time: 172594 - serverFPS: 43.5967
22.02.2020 06:15:45: 47h 59min | Disconnected: Peppe Valachi(76561198272370927 - 73) - time: 172609 - serverFPS: 46.6472
22.02.2020 06:48:24: 48h 31min | Connected: Robert Kennedy(76561198083728776 - 92) - time: 174568 - serverFPS: 45.8453
22.02.2020 06:57:15: 48h 40min | Connected: AL "BIG AL" GAMBINO(76561198361509989 - 93) - time: 175098 - serverFPS: 46.9208
22.02.2020 07:01:22: 48h 44min | Disconnected: AL "BIG AL" GAMBINO(76561198361509989 - 93) - time: 175345 - serverFPS: 46.2428
22.02.2020 07:05:50: infiSTAR_PlayerConnected_id: 1
22.02.2020 07:05:50: infiSTAR_PlayerDisconnected_id: 0
22.02.2020 07:08:03: 0h 3min | Connected: Robert Kennedy(76561198083728776 - 5) - time: 135.584 - serverFPS: 45.584
22.02.2020 07:10:42: 0h 6min | Disconnected: Robert Kennedy(76561198083728776 - 5) - time: 294.559 - serverFPS: 45.4545
22.02.2020 07:10:53: 0h 6min | Connected: Robert Kennedy(76561198083728776 - 5) - time: 305.806 - serverFPS: 46.3768
22.02.2020 07:11:48: 0h 7min | Disconnected: Robert Kennedy(76561198083728776 - 5) - time: 360.569 - serverFPS: 46.1095
22.02.2020 07:12:56: 0h 8min | Connected: AL "BIG AL" GAMBINO(76561198361509989 - 10) - time: 428.003 - serverFPS: 45.584
22.02.2020 07:12:59: 0h 8min | Disconnected: AL "BIG AL" GAMBINO(76561198361509989 - 10) - time: 430.681 - serverFPS: 44.3213
22.02.2020 07:14:28: 0h 10min | Connected: Robert Kennedy(76561198083728776 - 12) - time: 520.136 - serverFPS: 45.584
22.02.2020 07:14:48: 0h 10min | Connected: Sternn(76561198087299936 - 11) - time: 539.502 - serverFPS: 45.584
22.02.2020 07:14:50: 0h 10min | Disconnected: Sternn(76561198087299936 - 11) - time: 542.065 - serverFPS: 46.9208
22.02.2020 07:15:38: 0h 11min | Disconnected: Robert Kennedy(76561198083728776 - 12) - time: 589.966 - serverFPS: 47.4777
22.02.2020 07:15:54: 0h 11min | Connected: AL "BIG AL" GAMBINO(76561198361509989 - 13) - time: 605.123 - serverFPS: 45.7143
22.02.2020 07:18:44: 0h 14min | Connected: Sternn(76561198087299936 - 14) - time: 775.828 - serverFPS: 47.1976
22.02.2020 07:21:44: 0h 17min | Connected: Robert Kennedy(76561198083728776 - 15) - time: 955.102 - serverFPS: 45.4545
22.02.2020 07:24:15: 0h 20min | Disconnected: AL "BIG AL" GAMBINO(76561198361509989 - 13) - time: 1105.78 - serverFPS: 45.3258
22.02.2020 07:40:36: 0h 36min | Disconnected: Robert Kennedy(76561198083728776 - 15) - time: 2086.78 - serverFPS: 46.2428
22.02.2020 07:52:49: 0h 48min | Disconnected: Sternn(76561198087299936 - 14) - time: 2820 - serverFPS: 45.3258
22.02.2020 20:14:31: 13h 10min | Connected: Sternn(76561198087299936 - 16) - time: 47321.4 - serverFPS: 46.3768
22.02.2020 20:25:02: 13h 20min | Connected: Donnie Turbo(76561198041233395 - 17) - time: 47952.5 - serverFPS: 45.3258
22.02.2020 20:29:26: 13h 25min | Disconnected: Donnie Turbo(76561198041233395 - 17) - time: 48216.8 - serverFPS: 45.1977
22.02.2020 20:31:05: 13h 26min | Connected: luke(76561198264871362 - 18) - time: 48314.9 - serverFPS: 45.584
22.02.2020 20:33:06: 13h 29min | Connected: Donnie Turbo(76561198041233395 - 17) - time: 48435.6 - serverFPS: 46.1095
22.02.2020 20:33:14: 13h 29min | Disconnected: luke(76561198264871362 - 18) - time: 48443.7 - serverFPS: 45.1977
22.02.2020 20:34:15: 13h 30min | Connected: luke(76561198264871362 - 20) - time: 48504.7 - serverFPS: 46.1095
22.02.2020 20:37:02: 13h 32min | Disconnected: luke(76561198264871362 - 20) - time: 48671.9 - serverFPS: 45.4545
22.02.2020 20:42:39: 13h 38min | Disconnected: Sternn(76561198087299936 - 16) - time: 49008.4 - serverFPS: 45.7143
22.02.2020 21:04:42: infiSTAR_PlayerConnected_id: 1
22.02.2020 21:04:42: infiSTAR_PlayerDisconnected_id: 0
22.02.2020 21:08:21: 0h 5min | Connected: luke(76561198264871362 - 5) - time: 221.417 - serverFPS: 45.3258
22.02.2020 21:09:12: 0h 6min | Disconnected: luke(76561198264871362 - 5) - time: 272.684 - serverFPS: 45.7143
22.02.2020 21:12:51: 0h 9min | Connected: luke(76561198264871362 - 6) - time: 491.886 - serverFPS: 46.1095
22.02.2020 21:18:15: 0h 15min | Connected: Nino Marino(76561198206026112 - 8) - time: 815.137 - serverFPS: 45.8453
22.02.2020 21:20:25: 0h 17min | Disconnected: Nino Marino(76561198206026112 - 8) - time: 944.851 - serverFPS: 46.5116
22.02.2020 21:21:28: 0h 18min | Disconnected: luke(76561198264871362 - 6) - time: 1007.74 - serverFPS: 45.584
22.02.2020 21:27:48: 0h 24min | Connected: Sternn(76561198087299936 - 10) - time: 1388.01 - serverFPS: 45.4545
22.02.2020 22:05:53: 1h 2min | Connected: AL "BIG AL" GAMBINO(76561198361509989 - 12) - time: 3671.87 - serverFPS: 45.977
22.02.2020 22:10:21: 1h 7min | Disconnected: AL "BIG AL" GAMBINO(76561198361509989 - 12) - time: 3940.29 - serverFPS: 45.0704
22.02.2020 22:22:02: infiSTAR_PlayerConnected_id: 1
22.02.2020 22:22:02: infiSTAR_PlayerDisconnected_id: 0
22.02.2020 22:23:23: 0h 3min | Connected: Sternn(76561198087299936 - 5) - time: 83.548 - serverFPS: 45.7143
22.02.2020 22:23:42: 0h 3min | Connected: Ivan Pershketov(76561198105940600 - 4) - time: 101.644 - serverFPS: 45.7143
22.02.2020 22:24:19: 0h 3min | Disconnected: Sternn(76561198087299936 - 5) - time: 138.258 - serverFPS: 45.4545
22.02.2020 22:24:32: 0h 4min | Connected: Sternn(76561198087299936 - 5) - time: 150.859 - serverFPS: 44.8179
22.02.2020 22:26:26: 0h 6min | Connected: AL "BIG AL" GAMBINO(76561198361509989 - 6) - time: 265.238 - serverFPS: 47.0588
22.02.2020 22:29:22: 0h 8min | Connected: Donnie Turbo(76561198041233395 - 7) - time: 440.742 - serverFPS: 45.3258
22.02.2020 22:29:53: 0h 9min | Disconnected: Donnie Turbo(76561198041233395 - 7) - time: 471.248 - serverFPS: 46.2428
22.02.2020 22:30:11: 0h 9min | Connected: Donnie Turbo(76561198041233395 - 7) - time: 489.208 - serverFPS: 45.1977
22.02.2020 22:44:17: 0h 23min | Disconnected: Ivan Pershketov(76561198105940600 - 4) - time: 1334.71 - serverFPS: 46.3768
22.02.2020 22:58:13: 0h 37min | Connected: luke(76561198264871362 - 8) - time: 2170.83 - serverFPS: 46.5116
22.02.2020 23:14:47: 0h 54min | Connected: Amado Carrillo fuentes(76561198354844800 - 9) - time: 3164.05 - serverFPS: 45.977
22.02.2020 23:20:31: 0h 60min | Connected: Sherman(76561198038112694 - 10) - time: 3507.62 - serverFPS: 45.8453
22.02.2020 23:21:31: 1h 1min | Disconnected: Amado Carrillo fuentes(76561198354844800 - 9) - time: 3567.31 - serverFPS: 45.4545
22.02.2020 23:28:51: 1h 8min | Connected: Amado Carrillo fuentes(76561198354844800 - 12) - time: 4007.46 - serverFPS: 45.977
22.02.2020 23:28:56: 1h 8min | Disconnected: Amado Carrillo fuentes(76561198354844800 - 12) - time: 4012.3 - serverFPS: 47.9042
22.02.2020 23:30:48: 1h 10min | Connected: Amado Carrillo fuentes(76561198354844800 - 12) - time: 4124 - serverFPS: 46.3768
22.02.2020 23:30:50: 1h 10min | Disconnected: Amado Carrillo fuentes(76561198354844800 - 12) - time: 4126.16 - serverFPS: 45.7143
22.02.2020 23:32:08: 1h 11min | Disconnected: luke(76561198264871362 - 8) - time: 4204.06 - serverFPS: 45.7143
22.02.2020 23:32:19: 1h 11min | Connected: Amado Carrillo fuentes(76561198354844800 - 12) - time: 4214.9 - serverFPS: 45.7143
22.02.2020 23:32:22: 1h 11min | Disconnected: Amado Carrillo fuentes(76561198354844800 - 12) - time: 4218.19 - serverFPS: 45.584
22.02.2020 23:32:30: 1h 12min | Connected: luke(76561198264871362 - 8) - time: 4226.63 - serverFPS: 45.584
22.02.2020 23:38:01: 1h 17min | Connected: Amado Carrillo fuentes(76561198354844800 - 13) - time: 4556.57 - serverFPS: 45.3258
22.02.2020 23:40:55: 1h 20min | Connected: Peppe Valachi(76561198272370927 - 14) - time: 4730.85 - serverFPS: 46.6472
22.02.2020 23:44:07: 1h 23min | Connected: [1k-40] Jose Santana(76561198206026112 - 16) - time: 4922.04 - serverFPS: 45.584
22.02.2020 23:50:31: 1h 30min | Connected: Rogue Tjay(76561198883479728 - 17) - time: 5306.5 - serverFPS: 45.584
