08.02.2020 00:07:14: Warren Blades(76561198281290777) CLIENT OWNER ID [27], TOKEN [vmr1wsgbqk2vu23mz1]
08.02.2020 00:17:10: luke(76561198264871362) CLIENT OWNER ID [24], TOKEN [b93eg8by10d4700l]
08.02.2020 00:48:25: HoyoBani(76561198105940600) CLIENT OWNER ID [4], TOKEN [jdbgva7n0jg4kyrt]
08.02.2020 01:03:41: HoyoBani(76561198105940600) CLIENT OWNER ID [5], TOKEN [tao42jh3lxv6x5lw]
08.02.2020 01:49:35: HoyoBani(76561198105940600) CLIENT OWNER ID [4], TOKEN [mjykestp5hqw5h4]
08.02.2020 01:49:52: luke(76561198264871362) CLIENT OWNER ID [5], TOKEN [jzprle8bhmcx7jq26kn]
08.02.2020 01:51:00: Gatsby(76561198038112694) CLIENT OWNER ID [6], TOKEN [m58ry82lu52v81pv]
08.02.2020 01:54:43: Donnie Turbo(76561198041233395) CLIENT OWNER ID [7], TOKEN [ngriizhx3q5mwnoc8y]
08.02.2020 02:05:08: luke(76561198264871362) CLIENT OWNER ID [5], TOKEN [j2lihcpmopuljm4m]
08.02.2020 02:22:24: John Anderson(76561198180893505) CLIENT OWNER ID [8], TOKEN [refgujnn10kiwkrwv]
08.02.2020 02:53:49: HoyoBani(76561198105940600) CLIENT OWNER ID [4], TOKEN [yb0jjj5p2cxfu5njaz]
08.02.2020 03:24:09: HoyoBani(76561198105940600) CLIENT OWNER ID [4], TOKEN [xysjfz6xewf2o1bvbm7]
08.02.2020 03:37:38: HoyoBani(76561198105940600) CLIENT OWNER ID [4], TOKEN [qh1inkktj8f0sdenw]
08.02.2020 03:52:34: HoyoBani(76561198105940600) CLIENT OWNER ID [4], TOKEN [dxmjit90yhsxkx33qi]
08.02.2020 03:59:23: HoyoBani(76561198105940600) CLIENT OWNER ID [4], TOKEN [vnllmqx13iyht7u]
08.02.2020 04:08:15: HoyoBani(76561198105940600) CLIENT OWNER ID [4], TOKEN [q7uclyn75v74w6lcl]
08.02.2020 04:16:56: HoyoBani(76561198105940600) CLIENT OWNER ID [4], TOKEN [mu44nm3ifvg2d8u]
08.02.2020 04:30:04: HoyoBani(76561198105940600) CLIENT OWNER ID [4], TOKEN [s02zj7bc80xrdc7]
08.02.2020 04:34:21: HoyoBani(76561198105940600) CLIENT OWNER ID [4], TOKEN [aovj186crhydftslz]
08.02.2020 04:40:50: HoyoBani(76561198105940600) CLIENT OWNER ID [4], TOKEN [lf27v72mdmxcwbky7w]
08.02.2020 04:50:49: HoyoBani(76561198105940600) CLIENT OWNER ID [4], TOKEN [fij2qkn3p82rgmz]
08.02.2020 05:16:07: HoyoBani(76561198105940600) CLIENT OWNER ID [4], TOKEN [xodtjixs6ixjwzlk7]
08.02.2020 05:21:48: luke(76561198264871362) CLIENT OWNER ID [5], TOKEN [k72mbt9s2sdkmx0]
08.02.2020 05:34:31: HoyoBani(76561198105940600) CLIENT OWNER ID [6], TOKEN [d0fdz3xdwvm091z]
08.02.2020 05:37:31: luke(76561198264871362) CLIENT OWNER ID [7], TOKEN [bbstyf6dk9t5ayxjrp]
08.02.2020 05:55:03: John Anderson(76561198180893505) CLIENT OWNER ID [8], TOKEN [s6hz4728qnigdn]
08.02.2020 06:02:26: Nino Marino(76561198206026112) CLIENT OWNER ID [4], TOKEN [v8wmvlse11iw82]
08.02.2020 06:45:29: Stanley Thompson [1K-75](76561198180893505) CLIENT OWNER ID [9], TOKEN [qon7w1dtr2wg0cb07n]
08.02.2020 07:24:28: luke(76561198264871362) CLIENT OWNER ID [7], TOKEN [mn1q4m4jl44d536b3]
08.02.2020 08:10:32: HoyoBani(76561198105940600) CLIENT OWNER ID [4], TOKEN [dd1i8edgv241m8k0v]
08.02.2020 08:11:33: luke(76561198264871362) CLIENT OWNER ID [5], TOKEN [g4610vkc9z9qzt8]
08.02.2020 08:20:47: Stanley Thompson [1K-75](76561198180893505) CLIENT OWNER ID [6], TOKEN [wkqgjiewwakpscrzp]
08.02.2020 08:26:58: Nino Marino(76561198206026112) CLIENT OWNER ID [7], TOKEN [dxsy15csgugcx3oxce]
08.02.2020 08:40:13: luke(76561198264871362) CLIENT OWNER ID [4], TOKEN [p7o0ap6azo5lqsb]
08.02.2020 08:41:27: Nino Marino(76561198206026112) CLIENT OWNER ID [6], TOKEN [dd9r6jgxmzcpvflyj]
08.02.2020 08:41:30: Radzig Kobyla(76561198089960350) CLIENT OWNER ID [5], TOKEN [vn8t5wenekval60]
08.02.2020 08:43:18: Stanley Thompson [1K-75](76561198180893505) CLIENT OWNER ID [7], TOKEN [he70783732yd6da97]
08.02.2020 08:52:15: Radzig Kobyla(76561198089960350) CLIENT OWNER ID [5], TOKEN [kykwpaf5ad7kd6t4l]
08.02.2020 08:56:58: Nino Marino(76561198206026112) CLIENT OWNER ID [8], TOKEN [mp3h8m9xv05g6w9]
08.02.2020 09:20:06: John Anderson(76561198180893505) CLIENT OWNER ID [10], TOKEN [etx0kn54ye6vz3ig]
08.02.2020 09:33:45: Radzig Kobyla(76561198089960350) CLIENT OWNER ID [4], TOKEN [o030e07krdp9l8jtez]
