24.02.2020 00:14:55: Sherman(76561198038112694) CLIENT OWNER ID [45], TOKEN [gppq6txbmmxziz]
24.02.2020 00:20:38: Robert Kennedy(76561198083728776) CLIENT OWNER ID [48], TOKEN [oxn6ezhwhjn8xqx]
24.02.2020 00:21:10: Robert Kennedy(76561198083728776) CLIENT OWNER ID [48], TOKEN [v475w1t5e440s05]
24.02.2020 00:21:39: Robert Kennedy(76561198083728776) CLIENT OWNER ID [48], TOKEN [sdnck47kil5hdtf]
24.02.2020 00:21:59: Rick Cheney(76561198860031547) CLIENT OWNER ID [47], TOKEN [hi6ew8eolrktuo4yc]
24.02.2020 00:23:30: Sherman(76561198038112694) CLIENT OWNER ID [49], TOKEN [eckaxii6tai9r910]
24.02.2020 00:23:51: Robert Kennedy(76561198083728776) CLIENT OWNER ID [50], TOKEN [xqf2vqhwwy1hge]
24.02.2020 00:27:12: Stanley Thompson [1K-75](76561198180893505) CLIENT OWNER ID [51], TOKEN [eyw3oooocjx03c]
24.02.2020 00:30:28: LaMarcus Johnson(76561198043298972) CLIENT OWNER ID [53], TOKEN [hftukybsawxj72167r]
24.02.2020 00:48:20: Donnie Turbo(76561198041233395) CLIENT OWNER ID [42], TOKEN [i1f88ln4jzlsph0m1vv]
24.02.2020 01:00:21: luke(76561198264871362) CLIENT OWNER ID [54], TOKEN [s2qkh2cyskmb5303md]
24.02.2020 01:15:16: HoyoBani(76561198105940600) CLIENT OWNER ID [56], TOKEN [qkj14gua50hs7k2r2hj]
24.02.2020 01:49:24: Sergei Chedakai(76561198043298972) CLIENT OWNER ID [58], TOKEN [ymxlr3dknxyckyk1m]
24.02.2020 01:52:11: John Anderson(76561198180893505) CLIENT OWNER ID [59], TOKEN [ick7d7c442la1n7tft]
24.02.2020 01:59:10: Amado Carrillo fuentes(76561198354844800) CLIENT OWNER ID [60], TOKEN [bmvqc2hswdnrvho]
24.02.2020 02:40:20: Sherman(76561198038112694) CLIENT OWNER ID [49], TOKEN [obf8yf4lzoep71w1cjv]
24.02.2020 02:56:09: AL "BIG AL" GAMBINO(76561198361509989) CLIENT OWNER ID [62], TOKEN [rzl354jx6bhgm1k]
24.02.2020 04:07:37: John Anderson(76561198180893505) CLIENT OWNER ID [63], TOKEN [rdr3vr4kzofqar6]
24.02.2020 04:08:30: Sternn(76561198087299936) CLIENT OWNER ID [40], TOKEN [ij77qmktzzftd38tm]
24.02.2020 04:11:00: Stanley Thompson [1K-75](76561198180893505) CLIENT OWNER ID [65], TOKEN [p5hhyo3q1qy5kr3]
24.02.2020 04:12:18: luke(76561198264871362) CLIENT OWNER ID [66], TOKEN [h3eqbd2w0ymoiow2]
24.02.2020 04:33:32: Robert Kennedy(76561198083728776) CLIENT OWNER ID [67], TOKEN [q7perhuv862muvt8]
24.02.2020 04:52:01: John Anderson(76561198180893505) CLIENT OWNER ID [68], TOKEN [htr0mwap3uz2spwe3g]
24.02.2020 05:26:16: Donnie Turbo(76561198041233395) CLIENT OWNER ID [69], TOKEN [k8dx5wxvg2steb72ud]
24.02.2020 05:31:57: Para.KSteyr[221](76561197997126699) CLIENT OWNER ID [71], TOKEN [wngpb5sqzs6h7jglq]
24.02.2020 05:39:32: Sergei Chedakai(76561198043298972) CLIENT OWNER ID [72], TOKEN [aqm8f2ld1atypn]
24.02.2020 06:34:08: Stanley Thompson [1K-75](76561198180893505) CLIENT OWNER ID [4], TOKEN [ahwru4odes72o1ksg]
