13.02.2020 00:01:03: 22h 44min | Connected: AL "BIG AL" GAMBINO(76561198361509989 - 73) - time: 81748.5 - serverFPS: 45.3258
13.02.2020 00:07:19: 22h 51min | Connected: S.Kingston(76561198046640450 - 74) - time: 82124.3 - serverFPS: 45.7143
13.02.2020 00:07:58: 22h 51min | Disconnected: Jbo Marino[201](76561198206026112 - 60) - time: 82162.5 - serverFPS: 46.3768
13.02.2020 00:14:04: 22h 57min | Disconnected: [3k-66] W.Blades(76561198281290777 - 69) - time: 82528.9 - serverFPS: 47.3373
13.02.2020 00:19:52: 23h 3min | Connected: Jbo Marino[201](76561198206026112 - 75) - time: 82876.6 - serverFPS: 45.1977
13.02.2020 00:53:26: 23h 37min | Connected: Robert Kennedy(76561198083728776 - 78) - time: 84889.6 - serverFPS: 45.4545
13.02.2020 00:54:03: 23h 37min | Disconnected: Jackz(76561198391774624 - 70) - time: 84926.9 - serverFPS: 46.3768
13.02.2020 00:58:47: 23h 42min | Connected: Jackz(76561198391774624 - 70) - time: 85210.4 - serverFPS: 47.4777
13.02.2020 01:00:51: 23h 44min | Disconnected: S.Kingston(76561198046640450 - 74) - time: 85334.6 - serverFPS: 46.3768
13.02.2020 01:01:36: 23h 45min | Connected: S.Kingston(76561198046640450 - 74) - time: 85379.4 - serverFPS: 45.7143
13.02.2020 01:21:56: 24h 5min | Disconnected: WarFire(76561198150464364 - 57) - time: 86599.2 - serverFPS: 45.977
13.02.2020 01:24:32: 24h 8min | Disconnected: Kyatt Demon(76561198159595292 - 64) - time: 86755.5 - serverFPS: 45.584
13.02.2020 01:26:15: 24h 9min | Disconnected: AL "BIG AL" GAMBINO(76561198361509989 - 73) - time: 86857.9 - serverFPS: 45.4545
13.02.2020 01:31:48: 24h 15min | Connected: Rogue Tjay(76561198883479728 - 80) - time: 87191.4 - serverFPS: 45.3258
13.02.2020 01:33:35: 24h 17min | Connected: Amado Carrillo fuentes(76561198354844800 - 81) - time: 87297.8 - serverFPS: 45.7143
13.02.2020 01:36:06: 24h 19min | Disconnected: Amado Carrillo fuentes(76561198354844800 - 81) - time: 87448.4 - serverFPS: 45.8453
13.02.2020 01:36:24: 24h 20min | Connected: Amado Carrillo fuentes(76561198354844800 - 81) - time: 87466 - serverFPS: 45.7143
13.02.2020 01:46:26: 24h 30min | Connected: TrueSpartacus(76561198304771417 - 82) - time: 88068.6 - serverFPS: 45.1977
13.02.2020 01:49:23: 24h 33min | Connected: Kyatt Demon(76561198159595292 - 83) - time: 88245.5 - serverFPS: 46.1095
13.02.2020 01:51:44: 24h 35min | Disconnected: S.Kingston(76561198046640450 - 74) - time: 88385.8 - serverFPS: 45.3258
13.02.2020 01:54:54: 24h 38min | Connected: S.Kingston(76561198046640450 - 84) - time: 88576 - serverFPS: 45.977
13.02.2020 02:16:11: 24h 59min | Disconnected: Robert Kennedy(76561198083728776 - 78) - time: 89852.1 - serverFPS: 45.4545
13.02.2020 02:20:55: 25h 4min | Connected: WarFire(76561198150464364 - 85) - time: 90135.7 - serverFPS: 46.5116
13.02.2020 02:34:23: 25h 18min | Connected: Robert Kennedy(76561198083728776 - 87) - time: 90943.3 - serverFPS: 46.3768
13.02.2020 02:41:21: 25h 25min | Disconnected: Rogue Tjay(76561198883479728 - 80) - time: 91361.9 - serverFPS: 45.7143
13.02.2020 02:43:15: 25h 26min | Disconnected: S.Kingston(76561198046640450 - 84) - time: 91475.2 - serverFPS: 45.8453
13.02.2020 02:54:13: 25h 37min | Connected: Héctor "Lil Loco" Arturo(76561197999316388 - 86) - time: 92132.7 - serverFPS: 45.7143
13.02.2020 02:54:35: 25h 38min | Disconnected: Donnie Turbo(76561198041233395 - 58) - time: 92155.1 - serverFPS: 45.4545
13.02.2020 02:57:25: 25h 41min | Connected: Sherman(76561198038112694 - 88) - time: 92325.3 - serverFPS: 46.1095
13.02.2020 02:59:22: 25h 43min | Disconnected: Amado Carrillo fuentes(76561198354844800 - 81) - time: 92442.1 - serverFPS: 40.5063
13.02.2020 03:15:25: 25h 59min | Connected: [3k-66] W.Blades(76561198281290777 - 89) - time: 93397.4 - serverFPS: 45.7143
13.02.2020 03:46:51: 26h 30min | Connected: Rick Cheney(76561198860031547 - 90) - time: 95282.1 - serverFPS: 46.1095
13.02.2020 03:54:51: 26h 38min | Connected: K-12 J. Shepard(76561198043298972 - 92) - time: 95762 - serverFPS: 45.584
13.02.2020 03:55:52: 26h 39min | Disconnected: K-12 J. Shepard(76561198043298972 - 92) - time: 95822.8 - serverFPS: 46.1095
13.02.2020 03:56:41: 26h 40min | Connected: K-12 J Shepard(76561198043298972 - 93) - time: 95871.5 - serverFPS: 46.6472
13.02.2020 04:07:34: 26h 51min | Connected: Amado Carrillo fuentes(76561198354844800 - 94) - time: 96524.9 - serverFPS: 43.8356
13.02.2020 04:58:38: 27h 42min | Connected: HoyoBani(76561198105940600 - 95) - time: 99587.1 - serverFPS: 38.4615
13.02.2020 05:06:18: 27h 50min | Disconnected: Low_Poly_Man(76561198137223112 - 59) - time: 100047 - serverFPS: 45.4545
13.02.2020 05:08:45: 27h 52min | Disconnected: WarFire(76561198150464364 - 85) - time: 100193 - serverFPS: 45.8453
13.02.2020 05:11:58: 27h 55min | Disconnected: Jackz(76561198391774624 - 70) - time: 100387 - serverFPS: 45.7143
13.02.2020 05:18:06: 28h 1min | Disconnected: K-12 J Shepard(76561198043298972 - 93) - time: 100754 - serverFPS: 46.1095
13.02.2020 05:18:30: 28h 2min | Connected: K-12 J Shepard(76561198043298972 - 93) - time: 100778 - serverFPS: 45.8453
13.02.2020 05:20:08: 28h 3min | Disconnected: Héctor "Lil Loco" Arturo(76561197999316388 - 86) - time: 100877 - serverFPS: 45.3258
13.02.2020 05:20:38: 28h 4min | Disconnected: Robert Kennedy(76561198083728776 - 87) - time: 100906 - serverFPS: 45.8453
13.02.2020 05:23:14: 28h 6min | Disconnected: Rick Cheney(76561198860031547 - 90) - time: 101063 - serverFPS: 45.584
13.02.2020 05:27:49: 28h 11min | Disconnected: [3k-66] W.Blades(76561198281290777 - 89) - time: 101337 - serverFPS: 45.977
13.02.2020 05:37:37: 28h 21min | Disconnected: Sherman(76561198038112694 - 88) - time: 101925 - serverFPS: 45.977
13.02.2020 05:39:43: 28h 23min | Disconnected: K-12 J Shepard(76561198043298972 - 93) - time: 102050 - serverFPS: 46.9208
13.02.2020 05:53:59: 28h 37min | Disconnected: HoyoBani(76561198105940600 - 95) - time: 102907 - serverFPS: 42.1053
13.02.2020 05:54:38: 28h 38min | Disconnected: Amado Carrillo fuentes(76561198354844800 - 94) - time: 102946 - serverFPS: 45.7143
13.02.2020 05:55:04: 28h 38min | Disconnected: Jbo Marino[201](76561198206026112 - 75) - time: 102971 - serverFPS: 45.4545
13.02.2020 06:10:00: infiSTAR_PlayerConnected_id: 1
13.02.2020 06:10:00: infiSTAR_PlayerDisconnected_id: 0
13.02.2020 06:14:13: 0h 5min | Connected: TrueSpartacus(76561198304771417 - 5) - time: 256.04 - serverFPS: 45.7143
13.02.2020 06:22:45: 0h 14min | Connected: Kyatt Demon(76561198159595292 - 7) - time: 767.744 - serverFPS: 45.7143
13.02.2020 06:26:36: 0h 18min | Connected: Robert Kennedy(76561198083728776 - 8) - time: 998.425 - serverFPS: 45.584
13.02.2020 06:36:24: 0h 28min | Connected: k_mer(76561198085015751 - 10) - time: 1585.81 - serverFPS: 46.1095
13.02.2020 06:36:27: 0h 28min | Disconnected: k_mer(76561198085015751 - 10) - time: 1588.53 - serverFPS: 45.7143
13.02.2020 06:37:18: 0h 28min | Connected: k_mer(76561198085015751 - 10) - time: 1638.97 - serverFPS: 45.584
13.02.2020 06:37:20: 0h 28min | Disconnected: k_mer(76561198085015751 - 10) - time: 1641.21 - serverFPS: 45.584
13.02.2020 06:37:28: 0h 29min | Connected: AL "BIG AL" GAMBINO(76561198361509989 - 9) - time: 1649.54 - serverFPS: 45.7143
13.02.2020 06:37:57: 0h 29min | Connected: k_mer(76561198085015751 - 10) - time: 1678.28 - serverFPS: 45.4545
13.02.2020 06:37:59: 0h 29min | Disconnected: k_mer(76561198085015751 - 10) - time: 1680.36 - serverFPS: 46.6472
13.02.2020 06:39:15: 0h 30min | Connected: k_mer(76561198085015751 - 10) - time: 1755.71 - serverFPS: 45.1977
13.02.2020 06:39:20: 0h 31min | Disconnected: k_mer(76561198085015751 - 10) - time: 1761.38 - serverFPS: 45.7143
13.02.2020 06:41:50: 0h 33min | Connected: k_mer(76561198085015751 - 11) - time: 1910.91 - serverFPS: 45.7143
13.02.2020 06:41:52: 0h 33min | Disconnected: k_mer(76561198085015751 - 11) - time: 1912.97 - serverFPS: 45.7143
13.02.2020 06:51:25: 0h 43min | Connected: k_mer(76561198085015751 - 12) - time: 2486.33 - serverFPS: 45.3258
13.02.2020 07:04:16: 0h 55min | Disconnected: Robert Kennedy(76561198083728776 - 8) - time: 3257.23 - serverFPS: 47.4777
13.02.2020 07:14:07: 1h 5min | Disconnected: AL "BIG AL" GAMBINO(76561198361509989 - 9) - time: 3846.94 - serverFPS: 46.6472
13.02.2020 07:33:41: 1h 25min | Connected: Nino Marino(76561198206026112 - 13) - time: 5021.41 - serverFPS: 45.977
13.02.2020 08:25:09: 2h 16min | Disconnected: k_mer(76561198085015751 - 12) - time: 8108.74 - serverFPS: 45.3258
13.02.2020 08:25:31: 2h 17min | Disconnected: Nino Marino(76561198206026112 - 13) - time: 8130.18 - serverFPS: 45.4545
13.02.2020 09:11:38: 3h 3min | Connected: Papa Khan (76561198153547715 - 15) - time: 10897.2 - serverFPS: 45.4545
13.02.2020 09:13:51: 3h 5min | Disconnected: Papa Khan (76561198153547715 - 15) - time: 11030.3 - serverFPS: 45.584
13.02.2020 12:42:48: 6h 34min | Disconnected: TrueSpartacus(76561198304771417 - 5) - time: 23567.1 - serverFPS: 45.3258
13.02.2020 12:44:06: 6h 35min | Disconnected: Kyatt Demon(76561198159595292 - 7) - time: 23644.7 - serverFPS: 45.584
13.02.2020 15:27:08: 9h 18min | Connected: WarFire(76561198150464364 - 17) - time: 33426.8 - serverFPS: 45.584
13.02.2020 16:25:22: 10h 17min | Disconnected: WarFire(76561198150464364 - 17) - time: 36919.9 - serverFPS: 45.3258
13.02.2020 17:16:15: 11h 7min | Connected: WarFire(76561198150464364 - 17) - time: 39973.1 - serverFPS: 45.3258
13.02.2020 17:32:14: 11h 23min | Disconnected: WarFire(76561198150464364 - 17) - time: 40931.6 - serverFPS: 45.1977
13.02.2020 17:48:08: infiSTAR_PlayerConnected_id: 1
13.02.2020 17:48:08: infiSTAR_PlayerDisconnected_id: 0
13.02.2020 18:02:14: 0h 15min | Connected: John Anderson(76561198180893505 - 5) - time: 848.053 - serverFPS: 45.8453
13.02.2020 18:37:07: 0h 50min | Connected: WarFire(76561198150464364 - 6) - time: 2939.55 - serverFPS: 46.1095
13.02.2020 19:06:13: 1h 19min | Connected: Robert Kennedy(76561198083728776 - 7) - time: 4684.77 - serverFPS: 45.8453
13.02.2020 19:23:33: 1h 37min | Connected: Nino Marino(76561198206026112 - 8) - time: 5724.42 - serverFPS: 45.3258
13.02.2020 19:54:32: 2h 8min | Connected: S.Kingston(76561198046640450 - 9) - time: 7582.92 - serverFPS: 46.2428
13.02.2020 20:06:15: 2h 19min | Disconnected: WarFire(76561198150464364 - 6) - time: 8285.4 - serverFPS: 45.3258
13.02.2020 20:07:36: 2h 21min | Connected: Sherman(76561198038112694 - 10) - time: 8367.17 - serverFPS: 45.4545
13.02.2020 20:20:37: 2h 34min | Connected: AL "BIG AL" GAMBINO(76561198361509989 - 11) - time: 9147.41 - serverFPS: 45.0704
13.02.2020 20:41:07: 2h 54min | Disconnected: AL "BIG AL" GAMBINO(76561198361509989 - 11) - time: 10376.9 - serverFPS: 45.584
13.02.2020 20:57:57: 3h 11min | Connected: Kyatt Demon(76561198159595292 - 12) - time: 11386.1 - serverFPS: 45.977
13.02.2020 21:21:49: 3h 35min | Disconnected: Kyatt Demon(76561198159595292 - 12) - time: 12818.1 - serverFPS: 45.7143
13.02.2020 21:41:54: 3h 55min | Connected: Donnie Turbo(76561198041233395 - 13) - time: 14022.4 - serverFPS: 47.1976
13.02.2020 21:47:14: 4h 0min | Connected: AL "BIG AL" GAMBINO(76561198361509989 - 14) - time: 14342.1 - serverFPS: 45.977
13.02.2020 21:48:04: 4h 1min | Disconnected: Robert Kennedy(76561198083728776 - 7) - time: 14391.6 - serverFPS: 45.1977
13.02.2020 21:48:44: 4h 2min | Connected: Melvin Bush(76561198083728776 - 16) - time: 14431.7 - serverFPS: 45.584
13.02.2020 21:51:04: 4h 4min | Connected: Prescott Bush (76561198860031547 - 15) - time: 14572.4 - serverFPS: 45.977
13.02.2020 21:59:01: 4h 12min | Disconnected: Prescott Bush (76561198860031547 - 15) - time: 15048.3 - serverFPS: 45.7143
13.02.2020 21:59:05: 4h 12min | Connected: [1K-33] R. Tjay(76561198883479728 - 18) - time: 15051.9 - serverFPS: 45.7143
13.02.2020 22:03:40: 4h 17min | Connected: Rick Cheney(76561198860031547 - 19) - time: 15327.2 - serverFPS: 45.1977
13.02.2020 22:06:12: 4h 19min | Disconnected: Sherman(76561198038112694 - 10) - time: 15478.3 - serverFPS: 45.584
13.02.2020 22:20:05: 4h 33min | Disconnected: AL "BIG AL" GAMBINO(76561198361509989 - 14) - time: 16311.6 - serverFPS: 46.3768
13.02.2020 22:34:21: 4h 47min | Disconnected: [1K-33] R. Tjay(76561198883479728 - 18) - time: 17167.6 - serverFPS: 45.977
13.02.2020 23:18:28: 5h 31min | Connected: AL "BIG AL" GAMBINO(76561198361509989 - 21) - time: 19814 - serverFPS: 46.3768
13.02.2020 23:21:32: 5h 35min | Disconnected: Rick Cheney(76561198860031547 - 19) - time: 19998.2 - serverFPS: 45.4545
13.02.2020 23:30:53: 5h 44min | Disconnected: Nino Marino(76561198206026112 - 8) - time: 20559.1 - serverFPS: 45.3258
13.02.2020 23:47:54: 6h 1min | Disconnected: S.Kingston(76561198046640450 - 9) - time: 21580 - serverFPS: 46.2428
