05.03.2020 08:28:52: Alex Potato(76561198135028041) CLIENT OWNER ID [4], TOKEN [xkp815j2ucgr3g3r]
05.03.2020 09:51:23: William(76561198213286991) CLIENT OWNER ID [5], TOKEN [og3ccciv436otdm6t]
05.03.2020 12:22:51: Ethan Romano(76561198108391247) CLIENT OWNER ID [4], TOKEN [tfgwt5reglkznai]
05.03.2020 12:33:10: Alex Potato(76561198135028041) CLIENT OWNER ID [5], TOKEN [l39cu0eeb3vxskb7ofu]
05.03.2020 12:39:45: Ethan Romano(76561198108391247) CLIENT OWNER ID [6], TOKEN [b15ycjmpkebrk9aqcim]
05.03.2020 13:33:23: S.Kingston(76561198046640450) CLIENT OWNER ID [7], TOKEN [m9kgamtmsn5yrw94n]
05.03.2020 13:47:22: Alex Potato(76561198135028041) CLIENT OWNER ID [8], TOKEN [isn9qm0y8uowseu]
05.03.2020 13:58:33: William(76561198213286991) CLIENT OWNER ID [9], TOKEN [j2cu15gc77y6nmt7]
05.03.2020 14:04:38: Wyclef(76561198038112694) CLIENT OWNER ID [10], TOKEN [u0406sd3qti0lks]
05.03.2020 14:50:39: Donnie Turbo(76561198041233395) CLIENT OWNER ID [11], TOKEN [v217oxmx61xs14mb]
05.03.2020 14:55:14: Alex Potato(76561198135028041) CLIENT OWNER ID [12], TOKEN [gavq1s0qrrulhjm]
05.03.2020 16:23:47: Axel Wolfe(76561198091943121) CLIENT OWNER ID [13], TOKEN [oct2pzo192z6thrn]
05.03.2020 16:25:53: User(76561197961603102) CLIENT OWNER ID [14], TOKEN [upk9ui4n70kk3yk]
05.03.2020 16:26:32: User(76561197961603102) CLIENT OWNER ID [14], TOKEN [pfzhhwccuf581n56nz5]
05.03.2020 16:46:30: cmoor(76561198036952108) CLIENT OWNER ID [15], TOKEN [xpuxhlf5gdor8exdvz]
05.03.2020 16:47:25: Sternn(76561198087299936) CLIENT OWNER ID [16], TOKEN [fxqqjvarr8j9e1s]
05.03.2020 16:51:41: William Romano(76561198149474498) CLIENT OWNER ID [17], TOKEN [xvtstn5e36d9bjx1p]
05.03.2020 16:52:13: Nino Marino(76561198206026112) CLIENT OWNER ID [18], TOKEN [pbrh5dqt7dhpeldx4q]
05.03.2020 16:55:49: Ethan Romano(76561198108391247) CLIENT OWNER ID [19], TOKEN [alwjcwbwd9bp2h1kxqs]
05.03.2020 17:17:19: luke(76561198264871362) CLIENT OWNER ID [21], TOKEN [img4wejzpro03b4]
05.03.2020 17:17:24: Ivan Pershketov(76561198105940600) CLIENT OWNER ID [20], TOKEN [qgyk8fkbz271i7fp]
05.03.2020 17:24:10: luke(76561198264871362) CLIENT OWNER ID [22], TOKEN [oy0spwez3tzrege]
05.03.2020 17:31:02: Amado Carrillo fuentes(76561198354844800) CLIENT OWNER ID [23], TOKEN [re4snrmnn7fw61yzye]
05.03.2020 17:47:30: Peppe Valachi(76561198272370927) CLIENT OWNER ID [25], TOKEN [svvjoq3kgo6m1b6exeh]
05.03.2020 17:59:33: Axel Wolfe(76561198091943121) CLIENT OWNER ID [27], TOKEN [lzqza1wrn8xuvzdpm5m]
05.03.2020 18:07:43: Frederick Roberts(76561198077986945) CLIENT OWNER ID [28], TOKEN [tetlattvm80uvyqxufo]
05.03.2020 18:30:29: PFC DJ(76561198237011162) CLIENT OWNER ID [29], TOKEN [sw3h9y4iv85rvx0pkyk]
05.03.2020 18:40:02: PFC DJ(76561198237011162) CLIENT OWNER ID [30], TOKEN [ks50r4lxr8trfxm]
05.03.2020 19:05:21: Ivan Pershketov(76561198105940600) CLIENT OWNER ID [31], TOKEN [yxepmufq883vony]
05.03.2020 19:13:05: Ryan Johnson(76561198272370927) CLIENT OWNER ID [33], TOKEN [wf8o792f0bpzpbiy]
05.03.2020 19:13:37: luke(76561198264871362) CLIENT OWNER ID [32], TOKEN [vlu8rwetmo05p3]
05.03.2020 19:21:26: Alex Potato(76561198135028041) CLIENT OWNER ID [34], TOKEN [v6msj3c4lf1d74]
05.03.2020 19:48:44: Alex Potato(76561198135028041) CLIENT OWNER ID [34], TOKEN [ycvse3bzjwp2xqx005]
05.03.2020 19:52:52: luke(76561198264871362) CLIENT OWNER ID [35], TOKEN [m5jhfjhonw5vur9]
05.03.2020 19:56:37: Ivan Pershketov(76561198105940600) CLIENT OWNER ID [36], TOKEN [mtddnot7pw3tbm]
05.03.2020 20:33:01: luke(76561198264871362) CLIENT OWNER ID [37], TOKEN [j5npdnnl5l663gp]
05.03.2020 20:39:18: Ryan Johnson(76561198272370927) CLIENT OWNER ID [33], TOKEN [u8how3w7vrm784ie]
05.03.2020 20:45:35: luke(76561198264871362) CLIENT OWNER ID [40], TOKEN [awakb9ugp7tsqve8dj]
05.03.2020 21:04:39: K-12 J. Shepard(76561198043298972) CLIENT OWNER ID [43], TOKEN [y4xf44fgcvtsml70]
05.03.2020 21:07:12: Wyclef(76561198038112694) CLIENT OWNER ID [44], TOKEN [ibx0mk5gqu1tyfi]
05.03.2020 21:09:25: Wyclef(76561198038112694) CLIENT OWNER ID [44], TOKEN [gm2fepvwxaqrt06f8]
05.03.2020 21:11:19: luke(76561198264871362) CLIENT OWNER ID [42], TOKEN [p3oik3gzmx1ubx4a]
05.03.2020 21:54:33: Robert Kennedy(76561198083728776) CLIENT OWNER ID [45], TOKEN [j3u4xh83u1c4jt8]
