06.02.2020 00:15:42: 15h 45min | Nino Marino(76561198206026112) | God Mode - 0
06.02.2020 00:38:01: 16h 8min | Wyclef(76561198038112694) | HealRepairNear
06.02.2020 00:38:53: 16h 8min | Donnie Turbo(76561198041233395) | HealRepairNear
06.02.2020 00:38:53: 16h 8min | Donnie Turbo(76561198041233395) | HealRepairNear
06.02.2020 00:48:59: 16h 19min | Nino Marino(76561198206026112) | Revive - civ_2(76561198180893505)
06.02.2020 00:56:25: 16h 26min | Wyclef(76561198038112694) | Teleport to [7482.73,3694.54,0](GPS: 074006)
06.02.2020 00:59:05: 16h 29min | Wyclef(76561198038112694) | Teleport to [3486.07,4181.06,0](GPS: 034011)
06.02.2020 01:06:20: 0h 2min | Wyclef(76561198038112694) | Teleport to [7483.43,3693.65,0](GPS: 074006)
06.02.2020 01:33:58: 0h 12min | Wyclef(76561198038112694) | Teleport to [7483.44,3695.65,0](GPS: 074006)
06.02.2020 02:13:15: 0h 51min | Wyclef(76561198038112694) | Teleport to [3567.57,4142.98,0](GPS: 035010)
06.02.2020 02:13:26: 0h 52min | Wyclef(76561198038112694) | Teleport to [3370.78,3232.48,0](GPS: 033001)
06.02.2020 02:14:02: 0h 52min | Wyclef(76561198038112694) | HealRepairNear
06.02.2020 02:20:42: 0h 59min | Wyclef(76561198038112694) | Teleport to [3978.41,5244.34,0](GPS: 039021)
06.02.2020 02:33:17: 1h 11min | Nino Marino(76561198206026112) | Teleport to [3495.39,4488.79,0](GPS: 034014)
06.02.2020 02:34:54: 1h 13min | Wyclef(76561198038112694) | Teleport to [3640.18,3338.58,0](GPS: 036002)
06.02.2020 02:35:04: 1h 13min | Wyclef(76561198038112694) | HealRepairNear
06.02.2020 02:41:28: 1h 20min | Wyclef(76561198038112694) | Revive - civ_1()
06.02.2020 02:41:31: 1h 20min | Wyclef(76561198038112694) | Revive - civ_1(76561198038112694)
06.02.2020 02:41:45: 1h 20min | Wyclef(76561198038112694) | Revive - cop_1()
06.02.2020 02:41:52: 1h 20min | Wyclef(76561198038112694) | Revive - cop_1(76561198883479728)
06.02.2020 03:00:59: 1h 39min | Wyclef(76561198038112694) | Teleport to [7513.84,550.793,0](GPS: 075974)
06.02.2020 03:01:11: 1h 39min | Wyclef(76561198038112694) | Teleport - Target To Me - luke [WEST](76561198264871362)
06.02.2020 03:01:15: 1h 39min | Wyclef(76561198038112694) | Teleport - Target To Me - [1K-33] R. Tjay [WEST](76561198883479728)
06.02.2020 03:01:48: 1h 40min | Wyclef(76561198038112694) | HealRepairNear
06.02.2020 03:02:56: 1h 41min | Wyclef(76561198038112694) | Teleport to [3678.02,3336.33,0](GPS: 036002)
06.02.2020 03:03:03: 1h 41min | Wyclef(76561198038112694) | Teleport - Target To Me - [1K-33] R. Tjay [WEST](76561198883479728)
06.02.2020 03:03:07: 1h 41min | Wyclef(76561198038112694) | Teleport - Target To Me - luke [WEST](76561198264871362)
06.02.2020 03:04:38: 1h 43min | Wyclef(76561198038112694) | Teleport to [6019.43,825.604,0](GPS: 060977)
06.02.2020 03:04:43: 1h 43min | Wyclef(76561198038112694) | Teleport to [6002.72,866.099,0](GPS: 060977)
06.02.2020 03:04:55: 1h 43min | Wyclef(76561198038112694) | Teleport to [3691.84,3333.6,0](GPS: 036002)
06.02.2020 03:17:44: 1h 56min | Nino Marino(76561198206026112) | Revive - cop_2(76561198264871362)
06.02.2020 03:28:53: 2h 7min | Wyclef(76561198038112694) | HealRepairNear
06.02.2020 03:29:40: 2h 8min | Wyclef(76561198038112694) | Revive - cop_1(76561198883479728)
06.02.2020 03:39:25: 2h 18min | Nino Marino(76561198206026112) | locked - [d3s_savana_05]
06.02.2020 03:39:39: 2h 18min | Nino Marino(76561198206026112) | unlocked - [d3s_w140_98]
06.02.2020 03:58:34: 2h 37min | Wyclef(76561198038112694) | Kick (Announce) - civ_1(76561198038112694)
06.02.2020 03:59:07: 2h 37min | Nino Marino(76561198206026112) | Heal - cop_1(76561198883479728)
06.02.2020 04:03:07: 2h 41min | Nino Marino(76561198206026112) | Teleport to [3334.69,4017.82,0](GPS: 033009)
06.02.2020 04:06:08: 2h 44min | Nino Marino(76561198206026112) | Revive - cop_1(76561198883479728)
06.02.2020 04:07:12: 2h 45min | HoyoBani(76561198105940600) | infiSTAR Player ESP 1 - 1
06.02.2020 04:07:12: 2h 45min | HoyoBani(76561198105940600) | infiSTAR MapIcons - 1
06.02.2020 04:07:12: 2h 45min | HoyoBani(76561198105940600) | noRecoil - 1
06.02.2020 04:07:51: 2h 46min | HoyoBani(76561198105940600) | Teleport to [3507.94,3087.27,0](GPS: 035000)
06.02.2020 04:08:14: 2h 46min | Nino Marino(76561198206026112) | Teleport to [3332.03,4020.69,0](GPS: 033009)
06.02.2020 04:08:31: 2h 47min | Nino Marino(76561198206026112) | Teleport to [3329.3,4016.47,0](GPS: 033009)
06.02.2020 04:09:43: 2h 48min | Nino Marino(76561198206026112) | Heal - civ_2(76561198206026112)
06.02.2020 04:11:05: 2h 49min | HoyoBani(76561198105940600) | AdminConsole
06.02.2020 04:11:46: 2h 50min | HoyoBani(76561198105940600) | AdminConsole
06.02.2020 04:12:35: 2h 51min | Nino Marino(76561198206026112) | Revive - civ_2(76561198206026112)
06.02.2020 04:12:59: 2h 51min | Nino Marino(76561198206026112) | Heal - cop_1(76561198883479728)
06.02.2020 04:13:58: 2h 52min | HoyoBani(76561198105940600) | AdminConsole
06.02.2020 04:14:28: 2h 53min | Nino Marino(76561198206026112) | Revive - civ_2(76561198206026112)
06.02.2020 04:15:22: 2h 53min | Nino Marino(76561198206026112) | Teleport - Me To Target - HoyoBani [CIV](76561198105940600)
06.02.2020 04:17:40: 2h 56min | HoyoBani(76561198105940600) | AdminConsole
06.02.2020 04:19:26: 2h 58min | Nino Marino(76561198206026112) | Teleport to [3508.82,4142.08,0](GPS: 035010)
06.02.2020 04:22:02: 3h 0min | HoyoBani(76561198105940600) | AdminConsole
06.02.2020 04:22:03: 3h 0min | HoyoBani(76561198105940600) | AdminConsole
06.02.2020 04:25:03: 3h 3min | HoyoBani(76561198105940600) | AdminConsole
06.02.2020 04:37:17: 3h 15min | Nino Marino(76561198206026112) | God Mode - 1
06.02.2020 04:49:05: 3h 27min | Wyclef(76561198038112694) | Stealth / Invisible - 1
06.02.2020 04:50:14: 3h 28min | Wyclef(76561198038112694) | Teleport to [3849.15,3273.48,0](GPS: 038002)
06.02.2020 04:50:22: 3h 28min | Wyclef(76561198038112694) | Stealth / Invisible - 0
06.02.2020 04:50:57: 3h 29min | Wyclef(76561198038112694) | Teleport to [3570.49,3008.96,0](GPS: 035999)
06.02.2020 04:57:57: 3h 36min | Wyclef(76561198038112694) | Teleport to [3352.97,4070.39,0](GPS: 033009)
06.02.2020 04:58:18: 3h 36min | Wyclef(76561198038112694) | Teleport to [3401.38,4205.55,0](GPS: 034011)
06.02.2020 04:58:23: 3h 36min | Wyclef(76561198038112694) | Teleport to [3352.14,4075.49,0](GPS: 033010)
06.02.2020 04:59:11: 3h 37min | Wyclef(76561198038112694) | Teleport to [4002.7,2483.79,0](GPS: 040994)
06.02.2020 04:59:23: 3h 37min | Wyclef(76561198038112694) | Teleport to [4081.24,2173.89,0](GPS: 040991)
06.02.2020 04:59:26: 3h 38min | Wyclef(76561198038112694) | Teleport to [4208.97,2161.77,0](GPS: 042990)
06.02.2020 04:59:29: 3h 38min | Wyclef(76561198038112694) | Teleport to [4267.99,2126.38,0](GPS: 042990)
06.02.2020 05:01:49: 3h 40min | Wyclef(76561198038112694) | Teleport to [4018.07,2480.13,0](GPS: 040994)
06.02.2020 05:05:00: 3h 43min | Nino Marino(76561198206026112) | God Mode - 0
06.02.2020 05:09:03: 3h 47min | Wyclef(76561198038112694) | Teleport to [3511.09,3081.74,0](GPS: 035000)
06.02.2020 05:09:45: 3h 48min | Wyclef(76561198038112694) | Teleport to [3339.26,3248.65,0](GPS: 033001)
06.02.2020 05:10:15: 3h 48min | Wyclef(76561198038112694) | Teleport to [3418.47,4177.51,0](GPS: 034011)
06.02.2020 05:21:29: 0h 5min | HoyoBani(76561198105940600) | infiSTAR Player ESP 1 - 1
06.02.2020 05:21:29: 0h 5min | HoyoBani(76561198105940600) | infiSTAR MapIcons - 1
06.02.2020 05:21:30: 0h 5min | HoyoBani(76561198105940600) | noRecoil - 1
06.02.2020 05:21:38: 0h 5min | HoyoBani(76561198105940600) | AdminConsole
06.02.2020 05:22:29: 0h 6min | HoyoBani(76561198105940600) | Teleport to [2154.56,3470.7,0](GPS: 021003)
06.02.2020 05:23:02: 0h 6min | HoyoBani(76561198105940600) | Teleport to [2153.39,3444.53,0](GPS: 021003)
06.02.2020 05:23:25: 0h 7min | HoyoBani(76561198105940600) | Teleport to [2153.97,3447.94,0](GPS: 021003)
06.02.2020 05:23:53: 0h 7min | HoyoBani(76561198105940600) | Teleport to [3516.24,3085.21,0](GPS: 035000)
06.02.2020 05:26:27: 0h 10min | Wyclef(76561198038112694) | Teleport to [3353.25,4180.4,0](GPS: 033011)
06.02.2020 05:28:23: 0h 12min | HoyoBani(76561198105940600) | SPECTATE - switchedCamera on Wyclef(76561198038112694) - C_man_1
06.02.2020 05:28:37: 0h 12min | HoyoBani(76561198105940600) | Teleport to [3396.45,4164.72,0](GPS: 033010)
06.02.2020 05:30:33: 0h 14min | HoyoBani(76561198105940600) | Teleport to [3515.23,3092.78,0](GPS: 035000)
06.02.2020 05:31:14: 0h 14min | Wyclef(76561198038112694) | Teleport to [3510.24,3081.58,0](GPS: 035000)
06.02.2020 05:32:03: 0h 15min | HoyoBani(76561198105940600) | Teleport to [2186.28,3512.78,0](GPS: 021004)
06.02.2020 05:32:09: 0h 15min | HoyoBani(76561198105940600) | Teleport to [2159.44,3496.55,0](GPS: 021004)
06.02.2020 05:32:14: 0h 15min | HoyoBani(76561198105940600) | Teleport to [2158.88,3472.9,0](GPS: 021004)
06.02.2020 05:32:20: 0h 15min | HoyoBani(76561198105940600) | Teleport to [2243.2,3439.38,0](GPS: 022003)
06.02.2020 05:32:28: 0h 16min | HoyoBani(76561198105940600) | Teleport to [2159.19,3444.83,0](GPS: 021003)
06.02.2020 05:32:29: 0h 16min | HoyoBani(76561198105940600) | Teleport to [2156.61,3445.29,0](GPS: 021003)
06.02.2020 05:33:09: 0h 16min | Wyclef(76561198038112694) | Teleport to [2169.9,3441.21,0](GPS: 021003)
06.02.2020 05:37:30: 0h 21min | HoyoBani(76561198105940600) | Teleport to [2862.17,4606.52,0](GPS: 028015)
06.02.2020 05:37:34: 0h 21min | HoyoBani(76561198105940600) | Teleport to [5522.78,4327.84,0](GPS: 055012)
06.02.2020 05:39:03: 0h 22min | HoyoBani(76561198105940600) | Teleport to [2159.15,3441.65,0](GPS: 021003)
06.02.2020 05:40:26: 0h 24min | Nino Marino(76561198206026112) | Teleport to [3666.82,3936.39,0](GPS: 036008)
06.02.2020 05:41:33: 0h 25min | Nino Marino(76561198206026112) | Teleport - Me To Target - HoyoBani [CIV](76561198105940600)
06.02.2020 05:41:46: 0h 25min | HoyoBani(76561198105940600) | HealRepairNear
06.02.2020 05:44:27: 0h 28min | Wyclef(76561198038112694) | Revive - civ_2()
06.02.2020 05:44:29: 0h 28min | Wyclef(76561198038112694) | Revive - civ_2(76561198038112694)
06.02.2020 05:49:20: 0h 32min | Nino Marino(76561198206026112) | Teleport to [3359.87,4174.58,0](GPS: 033011)
06.02.2020 05:53:51: 0h 37min | Wyclef(76561198038112694) | Teleport to [3352.2,4076.63,0](GPS: 033010)
06.02.2020 05:54:27: 0h 38min | Wyclef(76561198038112694) | HealRepairNear
06.02.2020 05:55:06: 0h 38min | Wyclef(76561198038112694) | HealRepairNear
06.02.2020 05:59:00: 0h 42min | Nino Marino(76561198206026112) | SPECTATE - switchedCamera on Wyclef(76561198038112694) - d3s_w140_98
06.02.2020 06:00:06: 0h 43min | Nino Marino(76561198206026112) | Teleport - Me To Target - Wyclef [CIV](76561198038112694)
06.02.2020 06:05:07: 0h 48min | Wyclef(76561198038112694) | HealRepairNear
06.02.2020 06:11:04: 0h 54min | Nino Marino(76561198206026112) | Move In Target Vehicle - John Anderson [CIV](76561198180893505)
06.02.2020 06:16:46: 0h 60min | Nino Marino(76561198206026112) | unlocked - [d3s_actros_14]
06.02.2020 06:16:52: 0h 60min | Nino Marino(76561198206026112) | locked - [d3s_actros_14]
06.02.2020 06:16:59: 1h 0min | Nino Marino(76561198206026112) | God Mode - 1
06.02.2020 06:17:00: 1h 0min | Nino Marino(76561198206026112) | Stealth / Invisible - 1
06.02.2020 06:17:06: 1h 0min | Nino Marino(76561198206026112) | Move In Target Vehicle - AL "BIG AL" GAMBINO [CIV](76561198361509989)
06.02.2020 06:18:15: 1h 1min | Nino Marino(76561198206026112) | DeadPlayer Marker - 1
06.02.2020 06:18:17: 1h 1min | Nino Marino(76561198206026112) | DeadPlayer Marker - 0
06.02.2020 06:18:23: 1h 1min | Nino Marino(76561198206026112) | Stealth / Invisible - 0
06.02.2020 06:18:23: 1h 2min | Nino Marino(76561198206026112) | God Mode - 0
06.02.2020 06:26:27: 1h 10min | Nino Marino(76561198206026112) | Revive - civ_3(76561198180893505)
06.02.2020 06:50:41: 1h 34min | Nino Marino(76561198206026112) | Revive - civ_5(76561198206026112)
06.02.2020 06:51:40: 1h 35min | Nino Marino(76561198206026112) | Revive - civ_3(76561198180893505)
06.02.2020 06:52:33: 1h 36min | Wyclef(76561198038112694) | HealRepairNear
06.02.2020 06:53:53: 1h 37min | Wyclef(76561198038112694) | Teleport to [7475.72,536.277,0](GPS: 074974)
06.02.2020 06:53:58: 1h 37min | Wyclef(76561198038112694) | Teleport to [3461.52,4162.75,0](GPS: 034010)
06.02.2020 06:57:04: 1h 40min | Nino Marino(76561198206026112) | unlocked - [d3s_raptor_SCR_17]
06.02.2020 06:57:11: 1h 40min | Nino Marino(76561198206026112) | HealRepairNear
06.02.2020 06:58:05: 1h 41min | Nino Marino(76561198206026112) | HealRepairNear
06.02.2020 06:58:12: 1h 41min | Nino Marino(76561198206026112) | locked - [d3s_raptor_SCR_17]
06.02.2020 06:58:19: 1h 41min | Nino Marino(76561198206026112) | Teleport to [3752.62,3262,0](GPS: 037001)
06.02.2020 07:04:18: 1h 47min | Nino Marino(76561198206026112) | Teleport to [3614.55,3340.78,0](GPS: 036002)
06.02.2020 07:04:30: 1h 48min | Nino Marino(76561198206026112) | Teleport to [3654.47,3242.16,0](GPS: 036001)
06.02.2020 07:04:41: 1h 48min | Nino Marino(76561198206026112) | Teleport - Target To Me - John Anderson [CIV](76561198180893505)
06.02.2020 07:04:52: 1h 48min | Nino Marino(76561198206026112) | Teleport to [3422.72,4220.35,0](GPS: 034011)
06.02.2020 07:09:17: 1h 52min | Nino Marino(76561198206026112) | Teleport - Target To Me - John Anderson [CIV](76561198180893505)
06.02.2020 07:09:28: 1h 53min | Nino Marino(76561198206026112) | Heal - civ_3(76561198180893505)
06.02.2020 07:14:32: 1h 58min | Nino Marino(76561198206026112) | DayTime
06.02.2020 07:18:40: 2h 2min | Nino Marino(76561198206026112) | HealRepairNear
06.02.2020 07:18:40: 2h 2min | Nino Marino(76561198206026112) | HealRepairNear
06.02.2020 07:19:54: 2h 3min | Nino Marino(76561198206026112) | HealRepairNear
06.02.2020 07:19:54: 2h 3min | Nino Marino(76561198206026112) | HealRepairNear
06.02.2020 07:21:27: 2h 5min | Nino Marino(76561198206026112) | Teleport to [5476.71,3124.6,0](GPS: 054000)
06.02.2020 07:29:26: 2h 13min | Nino Marino(76561198206026112) | Teleport to [7338.21,3730.13,0](GPS: 073006)
06.02.2020 07:29:40: 2h 13min | Nino Marino(76561198206026112) | Teleport to [5476.66,3143.37,0](GPS: 054000)
06.02.2020 07:29:54: 2h 13min | Nino Marino(76561198206026112) | Teleport to [7336.52,3732.2,0](GPS: 073006)
06.02.2020 07:30:19: 2h 13min | Nino Marino(76561198206026112) | Move In Target Vehicle - John Anderson [CIV](76561198180893505)
06.02.2020 07:30:37: 2h 14min | Nino Marino(76561198206026112) | Teleport to [7343.14,3751.93,0](GPS: 073006)
06.02.2020 07:31:47: 2h 15min | Nino Marino(76561198206026112) | Heal - civ_5(76561198206026112)
06.02.2020 09:16:03: 0h 8min | Wyclef(76561198038112694) | Teleport to [2764.36,922.92,0](GPS: 027978)
06.02.2020 09:35:32: 0h 4min | Wyclef(76561198038112694) | Teleport to [4627.78,2659.93,0](GPS: 046995)
06.02.2020 09:35:57: 0h 5min | Wyclef(76561198038112694) | Teleport to [4620.33,2584.65,0](GPS: 046995)
06.02.2020 09:36:02: 0h 5min | Wyclef(76561198038112694) | Teleport to [4686.09,2602.64,0](GPS: 046995)
06.02.2020 09:37:25: 0h 6min | Wyclef(76561198038112694) | spawning Tractor (C_Tractor_01_F)
06.02.2020 09:38:27: 0h 7min | Wyclef(76561198038112694) | Vehboost - 1
06.02.2020 09:38:59: 0h 8min | Wyclef(76561198038112694) | Vehboost - 0
06.02.2020 09:39:15: 0h 8min | Wyclef(76561198038112694) | Deleting C_Tractor_01_F @044998..
06.02.2020 09:39:52: 0h 8min | Wyclef(76561198038112694) | spawning HARLEY DAVIDSON CUSTOM BOBBER Brosser Or (V12_HARLEYBOBBER_BrosserD)
06.02.2020 09:40:00: 0h 9min | Wyclef(76561198038112694) | Vehboost - 1
06.02.2020 09:40:39: 0h 9min | Wyclef(76561198038112694) | Deleting V12_HARLEYBOBBER_BrosserD @035002..
06.02.2020 09:41:33: 0h 10min | Wyclef(76561198038112694) | spawning Pagani Zonda Barchetta R'18 (d3s_zonda_18_R)
06.02.2020 09:41:58: 0h 11min | Wyclef(76561198038112694) | Deleting d3s_zonda_18_R @036003..
06.02.2020 09:42:05: 0h 11min | Wyclef(76561198038112694) | spawning Pagani Zonda Barchetta '18 (d3s_zonda_18)
06.02.2020 09:42:56: 0h 12min | Wyclef(76561198038112694) | HealRepairNear
06.02.2020 09:44:19: 0h 13min | Wyclef(76561198038112694) | Revive - civ_1()
06.02.2020 09:44:21: 0h 13min | Wyclef(76561198038112694) | Revive - civ_1(76561198038112694)
06.02.2020 09:44:32: 0h 13min | Wyclef(76561198038112694) | HealRepairNear
06.02.2020 09:45:21: 0h 14min | Wyclef(76561198038112694) | Teleport to [3982.02,5479.34,0](GPS: 039024)
06.02.2020 09:45:22: 0h 14min | Wyclef(76561198038112694) | Teleport to [3883.42,4979.54,0](GPS: 038019)
06.02.2020 09:45:35: 0h 14min | Wyclef(76561198038112694) | spawning Pagani Zonda Barchetta '18 (d3s_zonda_18)
06.02.2020 09:46:42: 0h 15min | Wyclef(76561198038112694) | Teleport to [3583.22,3286.04,0](GPS: 035002)
06.02.2020 10:07:02: 0h 6min | Boyevik Butch-Mac Volkev(76561198089960350) | Deleting Land_HeliPad @035999..
06.02.2020 10:17:10: 0h 16min | Boyevik Butch-Mac Volkev(76561198089960350) | HealRepairNear
06.02.2020 10:18:39: 0h 18min | Boyevik Butch-Mac Volkev(76561198089960350) | HealRepairNear
06.02.2020 10:19:53: 0h 19min | Boyevik Butch-Mac Volkev(76561198089960350) | HealRepairNear
06.02.2020 10:20:06: 0h 19min | Boyevik Butch-Mac Volkev(76561198089960350) | HealRepairNear
06.02.2020 10:21:07: 0h 20min | Boyevik Butch-Mac Volkev(76561198089960350) | Teleport In Facing Direction (10m steps) - 1
06.02.2020 10:21:09: 0h 20min | Boyevik Butch-Mac Volkev(76561198089960350) | God Mode - 1
06.02.2020 10:23:25: 0h 22min | Boyevik Butch-Mac Volkev(76561198089960350) | Teleport to [4633.84,2664.14,0](GPS: 046995)
06.02.2020 10:40:28: 0h 10min | Boyevik Butch-Mac Volkev(76561198089960350) | HealRepairNear
06.02.2020 10:44:10: 0h 14min | Boyevik Butch-Mac Volkev(76561198089960350) | Self Disconnect
06.02.2020 10:44:55: 0h 14min | Boyevik Butch-Mac Volkev(76561198089960350) | Deleting Land_HeliPad @035999..
06.02.2020 10:45:06: 0h 15min | Boyevik Butch-Mac Volkev(76561198089960350) | 50K Cash
06.02.2020 10:46:51: 0h 16min | Boyevik Butch-Mac Volkev(76561198089960350) | Teleport In Facing Direction (10m steps) - 1
06.02.2020 10:46:53: 0h 16min | Boyevik Butch-Mac Volkev(76561198089960350) | God Mode - 1
06.02.2020 10:47:02: 0h 17min | Boyevik Butch-Mac Volkev(76561198089960350) | HealRepairNear
06.02.2020 10:47:07: 0h 17min | Boyevik Butch-Mac Volkev(76561198089960350) | Self Disconnect
06.02.2020 10:47:26: 0h 17min | Boyevik Butch-Mac Volkev(76561198089960350) | Teleport to [4671.12,2697.48,0](GPS: 046996)
06.02.2020 10:48:04: 0h 18min | Boyevik Butch-Mac Volkev(76561198089960350) | HealRepairNear
06.02.2020 10:48:06: 0h 18min | Boyevik Butch-Mac Volkev(76561198089960350) | God Mode - 1
06.02.2020 10:48:08: 0h 18min | Boyevik Butch-Mac Volkev(76561198089960350) | Teleport In Facing Direction (10m steps) - 1
06.02.2020 10:48:49: 0h 18min | Boyevik Butch-Mac Volkev(76561198089960350) | spawning Tractor (C_Tractor_01_F)
06.02.2020 10:48:53: 0h 18min | Boyevik Butch-Mac Volkev(76561198089960350) | locked - [C_Tractor_01_F]
06.02.2020 10:48:55: 0h 18min | Boyevik Butch-Mac Volkev(76561198089960350) | unlocked - [C_Tractor_01_F]
06.02.2020 10:49:36: 0h 19min | Boyevik Butch-Mac Volkev(76561198089960350) | AdminConsole
06.02.2020 10:50:41: 0h 20min | Boyevik Butch-Mac Volkev(76561198089960350) | Deleting C_Tractor_01_F @046995..
06.02.2020 10:51:18: 0h 21min | Boyevik Butch-Mac Volkev(76561198089960350) | spawning MH-9 Hummingbird (B_Heli_Light_01_F)
06.02.2020 10:53:10: 0h 23min | Boyevik Butch-Mac Volkev(76561198089960350) | spawning Mi-48 Kajman (O_Heli_Attack_02_F)
06.02.2020 10:53:27: 0h 23min | Boyevik Butch-Mac Volkev(76561198089960350) | Vehicle God Mode - 1
06.02.2020 10:53:28: 0h 23min | Boyevik Butch-Mac Volkev(76561198089960350) | UnlimAmmo - 1
06.02.2020 10:53:29: 0h 23min | Boyevik Butch-Mac Volkev(76561198089960350) | noRecoil - 1
06.02.2020 10:53:29: 0h 23min | Boyevik Butch-Mac Volkev(76561198089960350) | FastFire - 1
06.02.2020 10:53:31: 0h 23min | Boyevik Butch-Mac Volkev(76561198089960350) | Lower Terrain - 1
06.02.2020 23:42:54: 0h 13min | Donnie Turbo(76561198041233395) | Deleting Land_HeliPad @035999..
06.02.2020 23:43:00: 0h 13min | Donnie Turbo(76561198041233395) | Deleting B_UAV_06_medical_F @035999..
06.02.2020 23:55:28: 0h 25min | Donnie Turbo(76561198041233395) | Teleport to [4628.58,2667.84,0](GPS: 046995)
