03.02.2020 00:13:52: 2h 49min | Nino Marino(76561198206026112) | Teleport - Target To Me - luke [GUER](76561198264871362)
03.02.2020 00:28:01: 3h 3min | Nino Marino(76561198206026112) | God Mode - 1
03.02.2020 00:28:01: 3h 3min | Nino Marino(76561198206026112) | God Mode - 0
03.02.2020 00:33:48: 3h 9min | Donnie Turbo(76561198041233395) | UnlimAmmo - 1
03.02.2020 00:53:47: 3h 29min | Nino Marino(76561198206026112) | Teleport - Target To Me - S.Kingston [CIV](76561198046640450)
03.02.2020 00:55:41: 3h 31min | Nino Marino(76561198206026112) | Heal - civ_6(76561198264871362)
03.02.2020 00:58:47: 3h 34min | Donnie Turbo(76561198041233395) | Heal - civ_3(76561198041233395)
03.02.2020 01:01:46: 3h 37min | Nino Marino(76561198206026112) | Heal - civ_2(76561198361509989)
03.02.2020 01:05:08: 3h 40min | Donnie Turbo(76561198041233395) | Heal - civ_1(76561198046640450)
03.02.2020 01:14:25: 3h 50min | Donnie Turbo(76561198041233395) | UnlimAmmo - 1
03.02.2020 01:32:03: 4h 7min | Donnie Turbo(76561198041233395) | Teleport to [5557.15,4327.91,0](GPS: 055012)
03.02.2020 01:32:20: 4h 8min | Donnie Turbo(76561198041233395) | Teleport to [3459.76,4204.06,0](GPS: 034011)
03.02.2020 01:50:09: 4h 25min | Donnie Turbo(76561198041233395) | spawning P07 9 mm (hgun_P07_F)
03.02.2020 01:50:29: 4h 26min | Donnie Turbo(76561198041233395) | Deleting WeaponHolderSimulated @018009..
03.02.2020 02:16:45: 4h 52min | Nino Marino(76561198206026112) | Added 3 spikeStrips to Nino Marino!
03.02.2020 02:20:47: 4h 56min | Nino Marino(76561198206026112) | Deleting GroundWeaponHolder @034011..
03.02.2020 02:26:24: 5h 2min | Nino Marino(76561198206026112) | SPECTATE - switchedCamera on Alexander.Rios(76561198037915534) - B_RangeMaster_F
03.02.2020 02:27:13: 5h 3min | Donnie Turbo(76561198041233395) | HealRepairNear
03.02.2020 02:27:13: 5h 3min | Donnie Turbo(76561198041233395) | HealRepairNear
03.02.2020 02:27:21: 5h 3min | Nino Marino(76561198206026112) | SPECTATE - switchedCamera on Alexander.Rios(76561198037915534) - B_RangeMaster_F
03.02.2020 02:27:23: 5h 3min | Nino Marino(76561198206026112) | Revive - cop_3(76561198037915534)
03.02.2020 02:27:29: 5h 3min | Nino Marino(76561198206026112) | Revive - cop_2(76561198123697713)
03.02.2020 02:28:53: 5h 4min | Donnie Turbo(76561198041233395) | unlocked - [d3s_g500_18_EMS]
03.02.2020 02:28:59: 5h 4min | Donnie Turbo(76561198041233395) | locked - [d3s_g500_18_EMS]
03.02.2020 02:32:34: 5h 8min | Nino Marino(76561198206026112) | Added 1 defibrillators to Nino Marino!
03.02.2020 02:34:19: 5h 10min | Donnie Turbo(76561198041233395) | unlocked - [d3s_f80_14_EX3]
03.02.2020 02:34:29: 5h 10min | Donnie Turbo(76561198041233395) | locked - [d3s_f80_14_EX3]
03.02.2020 02:38:06: 5h 13min | Nino Marino(76561198206026112) | God Mode - 1
03.02.2020 02:38:07: 5h 13min | Nino Marino(76561198206026112) | God Mode - 0
03.02.2020 02:49:03: 5h 24min | Nino Marino(76561198206026112) | Heal - civ_6(76561198264871362)
03.02.2020 02:49:04: 5h 24min | Donnie Turbo(76561198041233395) | Heal - civ_6(76561198264871362)
03.02.2020 03:06:25: 5h 42min | Donnie Turbo(76561198041233395) | locked - [V12_APRILIAMXV4504]
03.02.2020 03:06:25: 5h 42min | Donnie Turbo(76561198041233395) | unlocked - [V12_APRILIAMXV4504]
03.02.2020 03:06:41: 5h 42min | Donnie Turbo(76561198041233395) | HealRepairNear
03.02.2020 03:06:41: 5h 42min | Donnie Turbo(76561198041233395) | HealRepairNear
03.02.2020 03:06:42: 5h 42min | Donnie Turbo(76561198041233395) | HealRepairNear
03.02.2020 03:06:42: 5h 42min | Donnie Turbo(76561198041233395) | HealRepairNear
03.02.2020 03:07:16: 5h 43min | Donnie Turbo(76561198041233395) | HealRepairNear
03.02.2020 03:07:16: 5h 43min | Donnie Turbo(76561198041233395) | HealRepairNear
03.02.2020 03:08:40: 5h 44min | Donnie Turbo(76561198041233395) | spawning  APRILIA MXV 450 PEINTURE 1 (V12_APRILIAMXV450)
03.02.2020 03:10:13: 5h 46min | Donnie Turbo(76561198041233395) | HealRepairNear
03.02.2020 03:10:14: 5h 46min | Donnie Turbo(76561198041233395) | HealRepairNear
03.02.2020 03:11:18: 5h 47min | Donnie Turbo(76561198041233395) | Deleting V12_APRILIAMXV450 @032006..
03.02.2020 03:11:33: 5h 47min | Donnie Turbo(76561198041233395) | Teleport to [3650.87,3238.17,0](GPS: 036001)
03.02.2020 03:11:46: 5h 47min | Donnie Turbo(76561198041233395) | Teleport - Target To Me - luke [CIV](76561198264871362)
03.02.2020 03:24:54: 6h 0min | Donnie Turbo(76561198041233395) | Deleting GroundWeaponHolder @031019..
03.02.2020 03:42:24: 6h 18min | [1k-40] Jose Santana(76561198206026112) | SPECTATE - switchedCamera on luke(76561198264871362) - C_man_1
03.02.2020 03:47:32: 6h 23min | [1k-40] Jose Santana(76561198206026112) | God Mode - 1
03.02.2020 03:47:33: 6h 23min | [1k-40] Jose Santana(76561198206026112) | Stealth / Invisible - 1
03.02.2020 03:47:43: 6h 23min | [1k-40] Jose Santana(76561198206026112) | Teleport - Me To Target - [1k-40] Jose Santana [WEST](76561198206026112)
03.02.2020 03:47:59: 6h 23min | [1k-40] Jose Santana(76561198206026112) | Teleport - Me To Target - [1K-12] J Shepard [WEST](76561198043298972)
03.02.2020 03:48:28: 6h 24min | [1k-40] Jose Santana(76561198206026112) | Teleport - Me To Target - Alexander.Rios [WEST](76561198037915534)
03.02.2020 03:48:52: 6h 24min | [1k-40] Jose Santana(76561198206026112) | Teleport - Me To Target - Donnie Turbo [CIV](76561198041233395)
03.02.2020 03:50:54: 6h 26min | [1k-40] Jose Santana(76561198206026112) | Teleport to [6072.46,3940.87,0](GPS: 060008)
03.02.2020 03:51:04: 6h 26min | [1k-40] Jose Santana(76561198206026112) | Teleport - Target To Me - [1K-12] J Shepard [WEST](76561198043298972)
03.02.2020 03:51:27: 6h 27min | [1k-40] Jose Santana(76561198206026112) | Teleport to [6804.34,2481.63,0](GPS: 068994)
03.02.2020 03:52:27: 6h 28min | [1k-40] Jose Santana(76561198206026112) | Move In Target Vehicle - [1K-12] J Shepard [WEST](76561198043298972)
03.02.2020 03:55:41: 6h 31min | Donnie Turbo(76561198041233395) | UnlimAmmo - 0
03.02.2020 04:02:50: 6h 38min | [1k-40] Jose Santana(76561198206026112) | Move In Target Vehicle - [1K-12] J Shepard [WEST](76561198043298972)
03.02.2020 04:09:06: 6h 44min | [1k-40] Jose Santana(76561198206026112) | Teleport to [6077.83,3062.13,0](GPS: 060999)
03.02.2020 04:09:37: 6h 45min | [1k-40] Jose Santana(76561198206026112) | Move In Target Vehicle - [RMC] Tabed [WEST](76561198123697713)
03.02.2020 04:09:41: 6h 45min | [1k-40] Jose Santana(76561198206026112) | Move In Target Vehicle - [RMC] Tabed [WEST](76561198123697713)
03.02.2020 04:09:45: 6h 45min | [1k-40] Jose Santana(76561198206026112) | Teleport - Me To Target - [RMC] Tabed [WEST](76561198123697713)
03.02.2020 04:10:09: 6h 45min | [1k-40] Jose Santana(76561198206026112) | Stealth / Invisible - 0
03.02.2020 04:10:10: 6h 45min | [1k-40] Jose Santana(76561198206026112) | Stealth / Invisible - 1
03.02.2020 04:10:36: 6h 46min | [1k-40] Jose Santana(76561198206026112) | Move In Target Vehicle - Donnie Turbo [CIV](76561198041233395)
03.02.2020 04:11:57: 6h 47min | [1k-40] Jose Santana(76561198206026112) | Teleport to [5991.62,4087.11,0](GPS: 059010)
03.02.2020 04:13:18: 6h 49min | [1k-40] Jose Santana(76561198206026112) | Revive - cop_1(76561198043298972)
03.02.2020 04:13:51: 6h 49min | [1k-40] Jose Santana(76561198206026112) | Stealth / Invisible - 0
03.02.2020 04:14:53: 6h 50min | [1k-40] Jose Santana(76561198206026112) | Teleport to [3855.34,3247.93,0](GPS: 038001)
03.02.2020 04:15:15: 6h 51min | [1k-40] Jose Santana(76561198206026112) | Teleport - Me To Target - John Anderson [CIV](76561198180893505)
03.02.2020 04:18:21: 6h 54min | [1k-40] Jose Santana(76561198206026112) | Teleport to [3842.99,3248.26,0](GPS: 038001)
03.02.2020 04:20:13: 6h 56min | [1k-40] Jose Santana(76561198206026112) | Move In Target Vehicle - luke [CIV](76561198264871362)
03.02.2020 04:20:51: 6h 56min | [1k-40] Jose Santana(76561198206026112) | HealRepairNear
03.02.2020 04:20:51: 6h 56min | [1k-40] Jose Santana(76561198206026112) | HealRepairNear
03.02.2020 04:26:04: 7h 1min | [1k-40] Jose Santana(76561198206026112) | Teleport to [3849.69,3248.8,0](GPS: 038001)
03.02.2020 04:26:13: 7h 2min | [1k-40] Jose Santana(76561198206026112) | God Mode - 0
03.02.2020 04:26:25: 7h 2min | Donnie Turbo(76561198041233395) | HealRepairNear
03.02.2020 04:37:30: 7h 13min | Donnie Turbo(76561198041233395) | spawning ACP-C2 .45 ACP (hgun_ACPC2_F)
03.02.2020 04:51:45: 7h 27min | [1k-40] Jose Santana(76561198206026112) | God Mode - 1
03.02.2020 04:51:47: 7h 27min | [1k-40] Jose Santana(76561198206026112) | God Mode - 0
03.02.2020 05:02:26: 7h 38min | Donnie Turbo(76561198041233395) | HealRepairNear
03.02.2020 05:02:26: 7h 38min | Donnie Turbo(76561198041233395) | HealRepairNear
03.02.2020 05:05:42: 7h 41min | Donnie Turbo(76561198041233395) | Revive - civ_3(76561198264871362)
03.02.2020 05:06:50: 7h 42min | Donnie Turbo(76561198041233395) | Deleting I_Heli_Transport_02_F @031019..
03.02.2020 05:11:23: 7h 47min | [1k-40] Jose Santana(76561198206026112) | SPECTATE - switchedCamera on Doug Dimmadont(76561198083728776) - C_man_1
03.02.2020 05:11:49: 7h 47min | [1k-40] Jose Santana(76561198206026112) | SPECTATE - switchedCamera on Dan Dimmadont(76561198860031547) - C_man_1
03.02.2020 05:11:55: 7h 47min | [1k-40] Jose Santana(76561198206026112) | SPECTATE - switchedCamera on Donnie Turbo(76561198041233395) - I_E_Heli_light_03_unarmed_F
03.02.2020 05:12:09: 7h 47min | [1k-40] Jose Santana(76561198206026112) | SPECTATE - switchedCamera on luke(76561198264871362) - C_man_1
03.02.2020 05:12:18: 7h 48min | [1k-40] Jose Santana(76561198206026112) | SPECTATE - switchedCamera on Dan Dimmadont(76561198860031547) - C_man_1
03.02.2020 05:14:02: 7h 49min | [1k-40] Jose Santana(76561198206026112) | SPECTATE - switchedCamera on Alexander.Rios(76561198037915534) - d3s_FPIU_13
03.02.2020 05:14:40: 7h 50min | [1k-40] Jose Santana(76561198206026112) | SPECTATE - switchedCamera on Javier Escuella(76561198370210333) - d3s_gl63amg_12_SE
03.02.2020 05:14:47: 7h 50min | [1k-40] Jose Santana(76561198206026112) | SPECTATE - switchedCamera on Alexander.Rios(76561198037915534) - d3s_FPIU_13
03.02.2020 05:14:58: 7h 50min | [1k-40] Jose Santana(76561198206026112) | SPECTATE - switchedCamera on [RMC] Tabed(76561198123697713) - B_RangeMaster_F
03.02.2020 05:15:12: 7h 51min | [1k-40] Jose Santana(76561198206026112) | SPECTATE - switchedCamera on [1K-12] J Shepard(76561198043298972) - B_RangeMaster_F
03.02.2020 05:15:25: 7h 51min | [1k-40] Jose Santana(76561198206026112) | SPECTATE - switchedCamera on [RMC] Tabed(76561198123697713) - I_E_Heli_light_03_unarmed_F
03.02.2020 05:15:30: 7h 51min | [1k-40] Jose Santana(76561198206026112) | SPECTATE - switchedCamera on [1K-12] J Shepard(76561198043298972) - B_RangeMaster_F
03.02.2020 05:16:00: 7h 51min | [1k-40] Jose Santana(76561198206026112) | SPECTATE - switchedCamera on Alexander.Rios(76561198037915534) - d3s_FPIU_13
03.02.2020 05:20:55: 7h 56min | Donnie Turbo(76561198041233395) | Eject - [RMC] Tabed [WEST](76561198123697713)
03.02.2020 05:21:22: 7h 57min | Donnie Turbo(76561198041233395) | Teleport - Target To Me - [1K-12] J Shepard [WEST](76561198043298972)
03.02.2020 05:22:05: 7h 57min | Donnie Turbo(76561198041233395) | Unrestrain - cop_1(76561198043298972)
03.02.2020 05:22:11: 7h 58min | Donnie Turbo(76561198041233395) | Unrestrain - cop_2(76561198123697713)
03.02.2020 05:22:38: 7h 58min | [1k-40] Jose Santana(76561198206026112) | Teleport - Me To Target - Doug Dimmadont [CIV](76561198083728776)
03.02.2020 05:24:36: 7h 60min | [1k-40] Jose Santana(76561198206026112) | Revive - cop_1(76561198043298972)
03.02.2020 05:24:41: 8h 0min | [1k-40] Jose Santana(76561198206026112) | Revive - cop_2(76561198123697713)
03.02.2020 05:25:34: 8h 1min | [1k-40] Jose Santana(76561198206026112) | Revive - cop_4(76561198206026112)
03.02.2020 05:25:38: 8h 1min | Donnie Turbo(76561198041233395) | Revive - cop_4(76561198206026112)
03.02.2020 05:27:01: 8h 2min | [1k-40] Jose Santana(76561198206026112) | Revive - cop_4(76561198206026112)
03.02.2020 05:27:22: 8h 3min | [1k-40] Jose Santana(76561198206026112) | Teleport - Me To Target - Javier Escuella [CIV](76561198370210333)
03.02.2020 05:31:44: 8h 7min | [1k-40] Jose Santana(76561198206026112) | Teleport to [3864.82,3248.58,0](GPS: 038001)
03.02.2020 05:31:51: 8h 7min | [1k-40] Jose Santana(76561198206026112) | Revive - cop_1(76561198043298972)
03.02.2020 05:31:58: 8h 7min | [1k-40] Jose Santana(76561198206026112) | Teleport - Target To Me - [1K-12] J Shepard [WEST](76561198043298972)
03.02.2020 05:32:07: 8h 7min | [1k-40] Jose Santana(76561198206026112) | Revive - cop_1(76561198043298972)
03.02.2020 05:33:45: 8h 9min | [1k-40] Jose Santana(76561198206026112) | Heal - cop_1(76561198043298972)
03.02.2020 05:33:49: 8h 9min | [1k-40] Jose Santana(76561198206026112) | Heal - cop_4(76561198206026112)
03.02.2020 05:40:07: 8h 15min | [1k-40] Jose Santana(76561198206026112) | SPECTATE - switchedCamera on John Anderson(76561198180893505) - C_man_1
03.02.2020 05:40:32: 8h 16min | [1k-40] Jose Santana(76561198206026112) | Revive - civ_4(76561198860031547)
03.02.2020 06:20:21: 8h 56min | [1k-40] Jose Santana(76561198206026112) | Revive - cop_2(76561198123697713)
03.02.2020 06:20:24: 8h 56min | [1k-40] Jose Santana(76561198206026112) | SPECTATE - switchedCamera on [RMC] Tabed(76561198123697713) - B_RangeMaster_F
03.02.2020 06:22:09: 8h 57min | [1k-40] Jose Santana(76561198206026112) | God Mode - 1
03.02.2020 06:22:09: 8h 57min | [1k-40] Jose Santana(76561198206026112) | God Mode - 0
03.02.2020 06:35:55: 9h 11min | [1k-40] Jose Santana(76561198206026112) | Deleting GroundWeaponHolder @038002..
03.02.2020 06:43:07: 9h 18min | Wyclef(76561198038112694) | Deleting GroundWeaponHolder @038001..
03.02.2020 07:01:58: 9h 37min | [1k-40] Jose Santana(76561198206026112) | spawning Axe (Max_axe)
03.02.2020 07:01:59: 9h 37min | [1k-40] Jose Santana(76561198206026112) | spawning Axe (Max_axe)
03.02.2020 07:01:59: 9h 37min | [1k-40] Jose Santana(76561198206026112) | spawning Axe (Max_axe)
03.02.2020 07:02:00: 9h 37min | [1k-40] Jose Santana(76561198206026112) | spawning Axe (Max_axe)
03.02.2020 07:02:00: 9h 37min | [1k-40] Jose Santana(76561198206026112) | spawning Axe (Max_axe)
03.02.2020 07:02:00: 9h 37min | [1k-40] Jose Santana(76561198206026112) | spawning Axe (Max_axe)
03.02.2020 07:02:01: 9h 37min | [1k-40] Jose Santana(76561198206026112) | spawning Axe (Max_axe)
03.02.2020 07:03:51: 9h 39min | [1k-40] Jose Santana(76561198206026112) | Revive - civ_2(76561198180893505)
03.02.2020 07:04:17: 9h 40min | [1k-40] Jose Santana(76561198206026112) | spawning Axe (Max_axe)
03.02.2020 07:05:30: 9h 41min | [1k-40] Jose Santana(76561198206026112) | Teleport - Target To Me - [RMC] Tabed [WEST](76561198123697713)
03.02.2020 07:09:46: 9h 45min | [1k-40] Jose Santana(76561198206026112) | Revive - cop_2(76561198123697713)
03.02.2020 07:12:18: 9h 48min | [1k-40] Jose Santana(76561198206026112) | Deleting WeaponHolderSimulated @035999..
03.02.2020 07:36:55: 10h 12min | [1k-40] Jose Santana(76561198206026112) | Deleting GroundWeaponHolder @038001..
03.02.2020 07:37:57: 10h 13min | [1k-40] Jose Santana(76561198206026112) | SPECTATE - switchedCamera on Warren Blades(76561198281290777) - B_RangeMaster_F
03.02.2020 07:45:30: 10h 21min | [1k-40] Jose Santana(76561198206026112) | unlocked - [d3s_huracan_18_SPD_P]
03.02.2020 07:45:32: 10h 21min | [1k-40] Jose Santana(76561198206026112) | locked - [d3s_huracan_18_SPD_P]
03.02.2020 07:47:08: 10h 22min | [1k-40] Jose Santana(76561198206026112) | unlocked - [d3s_huracan_18_SPD_P]
03.02.2020 07:48:59: 10h 24min | [1k-40] Jose Santana(76561198206026112) | locked - [d3s_huracan_18_SPD_P]
03.02.2020 07:51:12: 10h 27min | [1k-40] Jose Santana(76561198206026112) | locked - [d3s_huracan_18_SPD_P]
03.02.2020 07:52:30: 10h 28min | Wyclef(76561198038112694) | HealRepairNear
03.02.2020 07:57:15: 10h 33min | [1k-40] Jose Santana(76561198206026112) | God Mode - 1
03.02.2020 07:57:16: 10h 33min | [1k-40] Jose Santana(76561198206026112) | God Mode - 0
03.02.2020 08:12:02: 10h 47min | [1k-40] Jose Santana(76561198206026112) | Revive - civ_2(76561198180893505)
03.02.2020 08:17:20: 10h 53min | [1k-40] Jose Santana(76561198206026112) | Revive - civ_2(76561198180893505)
03.02.2020 08:19:34: 10h 55min | [1k-40] Jose Santana(76561198206026112) | Heal - cop_4(76561198206026112)
03.02.2020 09:26:56: 0h 9min | Boyevik Butch-Mac Volkev(76561198089960350) | Teleport - Me To Target - HoyoBani [CIV](76561198105940600)
03.02.2020 09:31:27: 0h 14min | Boyevik Butch-Mac Volkev(76561198089960350) | AdminConsole
03.02.2020 09:31:48: 0h 14min | Boyevik Butch-Mac Volkev(76561198089960350) | AdminConsole
03.02.2020 09:32:24: 0h 15min | Boyevik Butch-Mac Volkev(76561198089960350) | AdminConsole
03.02.2020 09:32:40: 0h 15min | Boyevik Butch-Mac Volkev(76561198089960350) | AdminConsole
03.02.2020 09:33:15: 0h 16min | Boyevik Butch-Mac Volkev(76561198089960350) | AdminConsole
03.02.2020 09:34:30: 0h 17min | Boyevik Butch-Mac Volkev(76561198089960350) | AdminConsole
03.02.2020 09:35:18: 0h 18min | Boyevik Butch-Mac Volkev(76561198089960350) | AdminConsole
03.02.2020 09:35:28: 0h 18min | Boyevik Butch-Mac Volkev(76561198089960350) | Teleport to [3952.14,3641.11,0](GPS: 039005)
03.02.2020 09:35:35: 0h 18min | Boyevik Butch-Mac Volkev(76561198089960350) | AdminConsole
03.02.2020 09:37:15: 0h 20min | Boyevik Butch-Mac Volkev(76561198089960350) | God Mode - 1
03.02.2020 09:37:18: 0h 20min | Boyevik Butch-Mac Volkev(76561198089960350) | Teleport In Facing Direction (10m steps) - 1
03.02.2020 09:38:29: 0h 21min | Boyevik Butch-Mac Volkev(76561198089960350) | Teleport to [4272.59,2241.73,0](GPS: 042991)
03.02.2020 09:40:12: 0h 22min | Boyevik Butch-Mac Volkev(76561198089960350) | Killing Boyevik Butch-Mac Volkev(76561198089960350) @039992
03.02.2020 09:40:12: 0h 22min | Boyevik Butch-Mac Volkev(76561198089960350) | Kill - civ_2(76561198089960350)
03.02.2020 09:40:25: 0h 23min | Boyevik Butch-Mac Volkev(76561198089960350) | Revive - civ_2(76561198089960350)
03.02.2020 09:43:15: 0h 25min | Boyevik Butch-Mac Volkev(76561198089960350) | Revive - civ_1(76561198105940600)
03.02.2020 09:43:29: 0h 26min | Boyevik Butch-Mac Volkev(76561198089960350) | HealRepairNear
03.02.2020 09:44:06: 0h 26min | Boyevik Butch-Mac Volkev(76561198089960350) | Revive - civ_1(76561198105940600)
03.02.2020 09:44:29: 0h 27min | Boyevik Butch-Mac Volkev(76561198089960350) | God Mode - 0
03.02.2020 09:44:43: 0h 27min | Boyevik Butch-Mac Volkev(76561198089960350) | Revive - civ_1(76561198105940600)
03.02.2020 09:45:06: 0h 27min | Boyevik Butch-Mac Volkev(76561198089960350) | Revive - civ_2(76561198089960350)
03.02.2020 09:45:27: 0h 28min | Boyevik Butch-Mac Volkev(76561198089960350) | Revive - civ_2(76561198089960350)
03.02.2020 09:45:43: 0h 28min | Boyevik Butch-Mac Volkev(76561198089960350) | God Mode - 1
03.02.2020 09:45:46: 0h 28min | Boyevik Butch-Mac Volkev(76561198089960350) | Revive - civ_2(76561198089960350)
03.02.2020 09:46:12: 0h 28min | Boyevik Butch-Mac Volkev(76561198089960350) | Revive - civ_1(76561198105940600)
03.02.2020 22:42:27: 0h 52min | Jbo Marino[201](76561198206026112) | Deleting GroundWeaponHolder @035999..
03.02.2020 22:51:41: 1h 2min | Jbo Marino[201](76561198206026112) | spawning TRYK Shemagh+ESS(WH) (TRYK_Shemagh_EAR_WH_NV)
03.02.2020 22:52:49: 1h 3min | Jbo Marino[201](76561198206026112) | spawning TRYK Shemagh(WH) (TRYK_Shemagh_WH_NV)
03.02.2020 22:53:12: 1h 3min | Jbo Marino[201](76561198206026112) | spawning TRYK Shemagh+shade NV(WH) (TRYK_Shemagh_shade_WH_N)
03.02.2020 22:54:24: 1h 4min | Jbo Marino[201](76561198206026112) | Deleting GroundWeaponHolder @035999..
03.02.2020 22:54:33: 1h 4min | Jbo Marino[201](76561198206026112) | Deleting GroundWeaponHolder @035999..
03.02.2020 22:56:08: 1h 6min | Jbo Marino[201](76561198206026112) | Teleport - Me To Target - Alexander.Rios [WEST](76561198037915534)
03.02.2020 22:56:25: 1h 6min | Jbo Marino[201](76561198206026112) | Teleport to [3846.95,3262.35,0](GPS: 038001)
03.02.2020 22:57:20: 1h 7min | Jbo Marino[201](76561198206026112) | Teleport to [3501.53,2999.6,0](GPS: 035999)
03.02.2020 23:18:04: 1h 28min | Donnie Turbo(76561198041233395) | Teleport to [3514.69,2994.61,0](GPS: 035999)
03.02.2020 23:26:52: 1h 37min | Jbo Marino[201](76561198206026112) | God Mode - 1
03.02.2020 23:30:42: 1h 41min | Donnie Turbo(76561198041233395) | spawning Axe (Max_axe)
03.02.2020 23:31:08: 1h 41min | Donnie Turbo(76561198041233395) | UnlimAmmo - 1
03.02.2020 23:32:59: 1h 43min | Donnie Turbo(76561198041233395) | HealRepairNear
03.02.2020 23:32:59: 1h 43min | Donnie Turbo(76561198041233395) | HealRepairNear
03.02.2020 23:52:47: 2h 3min | Donnie Turbo(76561198041233395) | spawning Axe (Max_axe)
03.02.2020 23:53:07: 2h 3min | Wyclef(76561198038112694) | Added 1 boltcutters to Wyclef!
03.02.2020 23:53:10: 2h 3min | Jbo Marino[201](76561198206026112) | God Mode - 0
03.02.2020 23:56:16: 2h 6min | Wyclef(76561198038112694) | Added 2 lockpicks to Wyclef!
