04.02.2020 00:39:32: 2h 49min | Connected: Robert Kennedy(76561198083728776 - 31) - time: 10090.7 - serverFPS: 45.7143
04.02.2020 00:43:01: 2h 53min | Disconnected: Eddie Spaghetti(76561198046997779 - 15) - time: 10299 - serverFPS: 45.584
04.02.2020 00:58:27: 3h 8min | Disconnected: Robert Kennedy(76561198083728776 - 31) - time: 11225 - serverFPS: 45.4545
04.02.2020 00:59:09: 3h 9min | Connected: Héctor "Lil Loco" Arturo(76561197999316388 - 32) - time: 11267.1 - serverFPS: 45.8453
04.02.2020 00:59:11: 3h 9min | Connected: Doug Dimmadont(76561198083728776 - 33) - time: 11269.1 - serverFPS: 45.3258
04.02.2020 01:07:26: 3h 17min | Disconnected: [1K-12] J Shepard(76561198043298972 - 22) - time: 11763.6 - serverFPS: 45.3258
04.02.2020 01:20:27: 3h 30min | Connected: Eddie Spaghetti(76561198046997779 - 34) - time: 12544.1 - serverFPS: 45.7143
04.02.2020 01:25:17: 3h 35min | Connected: Boyevik Butch-Mac Volkev(76561198089960350 - 35) - time: 12833.8 - serverFPS: 46.6472
04.02.2020 01:30:57: 3h 41min | Disconnected: Wyclef(76561198038112694 - 27) - time: 13173.4 - serverFPS: 45.7143
04.02.2020 02:42:21: 4h 52min | Disconnected: AL "BIG AL" GAMBINO(76561198361509989 - 10) - time: 17455.4 - serverFPS: 47.4777
04.02.2020 02:43:48: 4h 54min | Disconnected: Stanley Thompson [1K-75](76561198180893505 - 29) - time: 17542.2 - serverFPS: 47.9042
04.02.2020 02:44:13: 4h 54min | Connected: [1K-12] J Shepard(76561198043298972 - 22) - time: 17567.8 - serverFPS: 46.7836
04.02.2020 02:46:00: 4h 56min | Connected: Zander Marino(76561198180893505 - 37) - time: 17674.5 - serverFPS: 45.3258
04.02.2020 02:47:34: 4h 57min | Disconnected: Zander Marino(76561198180893505 - 37) - time: 17767.6 - serverFPS: 45.3258
04.02.2020 02:50:05: 4h 60min | Disconnected: Donnie Turbo(76561198041233395 - 18) - time: 17918.7 - serverFPS: 45.7143
04.02.2020 02:50:31: 5h 0min | Connected: Zander Marino(76561198180893505 - 38) - time: 17945.2 - serverFPS: 45.4545
04.02.2020 02:51:10: 5h 1min | Disconnected: luke(76561198264871362 - 28) - time: 17984.4 - serverFPS: 45.7143
04.02.2020 02:51:13: 5h 1min | Disconnected: Zander Marino(76561198180893505 - 38) - time: 17986.8 - serverFPS: 45.1977
04.02.2020 02:51:36: 5h 2min | Connected: luke(76561198264871362 - 28) - time: 18009.6 - serverFPS: 46.5116
04.02.2020 03:11:58: 5h 22min | Connected: Eriden Parker(76561198054085448 - 42) - time: 19231.1 - serverFPS: 45.8453
04.02.2020 03:12:00: 5h 22min | Disconnected: Eriden Parker(76561198054085448 - 42) - time: 19233.2 - serverFPS: 45.4545
04.02.2020 03:12:25: 5h 22min | Disconnected: Alexander.Rios(76561198037915534 - 14) - time: 19258.5 - serverFPS: 45.977
04.02.2020 03:19:44: 5h 30min | Connected: Wyclef(76561198038112694 - 43) - time: 19697.3 - serverFPS: 46.1095
04.02.2020 03:25:05: 5h 35min | Connected: Zander Marino(76561198180893505 - 38) - time: 20017.7 - serverFPS: 45.584
04.02.2020 03:35:29: 5h 45min | Disconnected: [1K-12] J Shepard(76561198043298972 - 22) - time: 20641 - serverFPS: 45.977
04.02.2020 03:39:02: 5h 49min | Disconnected: Boyevik Butch-Mac Volkev(76561198089960350 - 35) - time: 20854.2 - serverFPS: 45.4545
04.02.2020 03:42:22: 5h 52min | Disconnected: Héctor "Lil Loco" Arturo(76561197999316388 - 32) - time: 21054.1 - serverFPS: 45.7143
04.02.2020 03:53:35: 6h 4min | Disconnected: Doug Dimmadont(76561198083728776 - 33) - time: 21726.4 - serverFPS: 45.4545
04.02.2020 03:55:30: 6h 5min | Disconnected: Eddie Spaghetti(76561198046997779 - 34) - time: 21841.6 - serverFPS: 45.4545
04.02.2020 04:01:25: 6h 11min | Disconnected: Rick Cheney(76561198860031547 - 23) - time: 22196.8 - serverFPS: 45.7143
04.02.2020 04:02:09: 6h 12min | Disconnected: Wyclef(76561198038112694 - 43) - time: 22240.3 - serverFPS: 45.1977
04.02.2020 04:19:37: 6h 30min | Disconnected: Zander Marino(76561198180893505 - 38) - time: 23287.9 - serverFPS: 45.977
04.02.2020 04:19:38: 6h 30min | Disconnected: luke(76561198264871362 - 28) - time: 23289.6 - serverFPS: 47.1976
04.02.2020 04:19:48: 6h 30min | Disconnected: Jbo Marino[201](76561198206026112 - 11) - time: 23299.3 - serverFPS: 45.977
04.02.2020 04:20:12: 6h 30min | Connected: Zander Marino(76561198180893505 - 38) - time: 23323.7 - serverFPS: 47.0588
04.02.2020 04:20:17: 6h 30min | Connected: luke(76561198264871362 - 28) - time: 23327.9 - serverFPS: 45.7143
04.02.2020 04:27:28: 6h 37min | Connected: Jbo Marino[201](76561198206026112 - 46) - time: 23759.1 - serverFPS: 45.3258
04.02.2020 04:53:20: 7h 3min | Connected: HoyoBani(76561198105940600 - 47) - time: 25309.6 - serverFPS: 45.3258
04.02.2020 05:32:38: 7h 43min | Disconnected: HoyoBani(76561198105940600 - 47) - time: 27667.3 - serverFPS: 45.584
04.02.2020 05:44:04: 7h 54min | Disconnected: luke(76561198264871362 - 28) - time: 28352.8 - serverFPS: 45.584
04.02.2020 06:05:49: 8h 16min | Disconnected: Zander Marino(76561198180893505 - 38) - time: 29656.7 - serverFPS: 46.7836
04.02.2020 06:16:28: 8h 26min | Disconnected: Jbo Marino[201](76561198206026112 - 46) - time: 30295.6 - serverFPS: 45.7143
04.02.2020 06:25:16: 8h 35min | Connected: Alexander.Rios(76561198037915534 - 49) - time: 30824.2 - serverFPS: 46.2428
04.02.2020 06:30:20: 8h 40min | Connected: Wyclef(76561198038112694 - 50) - time: 31127.4 - serverFPS: 45.8453
04.02.2020 06:52:25: infiSTAR_PlayerConnected_id: 1
04.02.2020 06:52:25: infiSTAR_PlayerDisconnected_id: 0
04.02.2020 06:55:09: infiSTAR_PlayerConnected_id: 1
04.02.2020 06:55:09: infiSTAR_PlayerDisconnected_id: 0
04.02.2020 06:56:38: 0h 3min | Connected: HoyoBani(76561198105940600 - 4) - time: 91.566 - serverFPS: 46.2428
04.02.2020 07:09:00: infiSTAR_PlayerConnected_id: 1
04.02.2020 07:09:00: infiSTAR_PlayerDisconnected_id: 0
04.02.2020 07:12:57: 0h 5min | Connected: HoyoBani(76561198105940600 - 6) - time: 240.634 - serverFPS: 45.7143
04.02.2020 07:21:16: 0h 13min | Connected: Alexander.Rios(76561198037915534 - 7) - time: 738.718 - serverFPS: 46.3768
04.02.2020 07:25:36: 0h 18min | Connected: Wyclef(76561198038112694 - 8) - time: 997.978 - serverFPS: 45.584
04.02.2020 07:30:01: 0h 22min | Disconnected: Wyclef(76561198038112694 - 8) - time: 1263.96 - serverFPS: 46.5116
04.02.2020 07:33:24: infiSTAR_PlayerConnected_id: 1
04.02.2020 07:33:24: infiSTAR_PlayerDisconnected_id: 0
04.02.2020 07:44:19: 0h 12min | Connected: Wyclef(76561198038112694 - 5) - time: 658.966 - serverFPS: 45.8453
04.02.2020 07:55:26: 0h 23min | Connected: Alexander.Rios(76561198037915534 - 7) - time: 1325.85 - serverFPS: 45.3258
04.02.2020 07:58:19: 0h 26min | Disconnected: Wyclef(76561198038112694 - 5) - time: 1498.19 - serverFPS: 45.977
04.02.2020 08:05:06: 0h 33min | Connected: Nino Marino(76561198206026112 - 8) - time: 1904.99 - serverFPS: 47.4777
04.02.2020 09:20:14: 1h 48min | Disconnected: Nino Marino(76561198206026112 - 8) - time: 6412.06 - serverFPS: 46.6472
04.02.2020 09:23:14: 1h 51min | Disconnected: Alexander.Rios(76561198037915534 - 7) - time: 6592.28 - serverFPS: 45.7143
04.02.2020 09:23:57: 1h 52min | Connected: Alexander.Rios(76561198037915534 - 7) - time: 6635.08 - serverFPS: 45.977
04.02.2020 09:24:36: 1h 52min | Disconnected: Alexander.Rios(76561198037915534 - 7) - time: 6674.23 - serverFPS: 46.9208
04.02.2020 09:24:47: 1h 53min | Connected: Alexander.Rios(76561198037915534 - 7) - time: 6685.22 - serverFPS: 45.4545
04.02.2020 09:25:05: 1h 53min | Disconnected: Alexander.Rios(76561198037915534 - 7) - time: 6702.98 - serverFPS: 45.977
04.02.2020 15:45:21: infiSTAR_PlayerConnected_id: 1
04.02.2020 15:45:21: infiSTAR_PlayerDisconnected_id: 0
04.02.2020 15:48:45: 0h 5min | Connected: Wyclef(76561198038112694 - 4) - time: 194.467 - serverFPS: 46.5116
04.02.2020 15:49:50: 0h 6min | Disconnected: Wyclef(76561198038112694 - 4) - time: 259.827 - serverFPS: 45.8453
04.02.2020 16:52:39: infiSTAR_PlayerConnected_id: 1
04.02.2020 16:52:39: infiSTAR_PlayerDisconnected_id: 0
04.02.2020 16:55:54: 0h 4min | Connected: Wyclef(76561198038112694 - 4) - time: 198.598 - serverFPS: 46.1095
04.02.2020 16:59:06: 0h 8min | Disconnected: Wyclef(76561198038112694 - 4) - time: 390.297 - serverFPS: 45.977
04.02.2020 17:07:53: infiSTAR_PlayerConnected_id: 1
04.02.2020 17:07:53: infiSTAR_PlayerDisconnected_id: 0
04.02.2020 17:10:09: 0h 3min | Connected: Wyclef(76561198038112694 - 4) - time: 138.314 - serverFPS: 45.977
04.02.2020 17:11:58: 0h 5min | Disconnected: Wyclef(76561198038112694 - 4) - time: 247.859 - serverFPS: 46.1095
04.02.2020 17:21:31: 0h 15min | Connected: Wyclef(76561198038112694 - 5) - time: 820.48 - serverFPS: 45.584
04.02.2020 17:22:18: 0h 16min | Disconnected: Wyclef(76561198038112694 - 5) - time: 867.041 - serverFPS: 45.1977
04.02.2020 17:34:21: 0h 28min | Connected: Wyclef(76561198038112694 - 6) - time: 1590.66 - serverFPS: 45.584
04.02.2020 17:35:06: 0h 28min | Disconnected: Wyclef(76561198038112694 - 6) - time: 1634.69 - serverFPS: 46.1095
04.02.2020 17:40:12: infiSTAR_PlayerConnected_id: 1
04.02.2020 17:40:12: infiSTAR_PlayerDisconnected_id: 0
04.02.2020 17:42:33: 0h 3min | Connected: Wyclef(76561198038112694 - 4) - time: 143.784 - serverFPS: 46.7836
04.02.2020 17:43:51: 0h 5min | Disconnected: Wyclef(76561198038112694 - 4) - time: 221.21 - serverFPS: 46.6472
04.02.2020 17:49:07: infiSTAR_PlayerConnected_id: 1
04.02.2020 17:49:07: infiSTAR_PlayerDisconnected_id: 0
04.02.2020 17:52:19: 0h 4min | Connected: Wyclef(76561198038112694 - 4) - time: 195.415 - serverFPS: 46.6472
04.02.2020 18:05:44: 0h 18min | Disconnected: Wyclef(76561198038112694 - 4) - time: 999.44 - serverFPS: 45.3258
04.02.2020 20:43:34: 2h 56min | Connected: Donnie Turbo(76561198041233395 - 6) - time: 10470 - serverFPS: 46.3768
04.02.2020 20:47:01: 2h 59min | Connected: Nino Marino(76561198206026112 - 5) - time: 10676.9 - serverFPS: 45.584
04.02.2020 20:48:02: 3h 0min | Disconnected: Donnie Turbo(76561198041233395 - 6) - time: 10736.4 - serverFPS: 46.1095
04.02.2020 20:48:19: 3h 0min | Connected: Donnie Turbo(76561198041233395 - 6) - time: 10753.2 - serverFPS: 46.5116
04.02.2020 21:02:28: 3h 14min | Connected: adelp(76561198180893505 - 8) - time: 11601.8 - serverFPS: 45.977
04.02.2020 21:06:53: 3h 19min | Disconnected: adelp(76561198180893505 - 8) - time: 11867.3 - serverFPS: 47.1976
04.02.2020 22:16:17: 4h 28min | Disconnected: Donnie Turbo(76561198041233395 - 6) - time: 16030.3 - serverFPS: 45.8453
04.02.2020 22:16:51: 4h 29min | Connected: Donnie Turbo(76561198041233395 - 6) - time: 16064.7 - serverFPS: 45.584
04.02.2020 22:26:33: 4h 39min | Connected: Zander Marino(76561198180893505 - 10) - time: 16646.7 - serverFPS: 45.7143
04.02.2020 22:39:38: 4h 52min | Disconnected: Zander Marino(76561198180893505 - 10) - time: 17430.7 - serverFPS: 45.7143
04.02.2020 22:52:47: 5h 5min | Disconnected: Donnie Turbo(76561198041233395 - 6) - time: 18219.9 - serverFPS: 46.5116
04.02.2020 22:53:23: 5h 5min | Connected: Donnie Turbo(76561198041233395 - 6) - time: 18255.8 - serverFPS: 45.4545
04.02.2020 23:05:34: 5h 18min | Connected: Zander Marino(76561198180893505 - 11) - time: 18986.1 - serverFPS: 46.3768
04.02.2020 23:06:51: 5h 19min | Connected: Boyevik Butch-Mac Volkev(76561198089960350 - 12) - time: 19063.7 - serverFPS: 45.4545
04.02.2020 23:20:25: 5h 32min | Disconnected: Donnie Turbo(76561198041233395 - 6) - time: 19876.6 - serverFPS: 45.7143
04.02.2020 23:20:56: 5h 33min | Connected: Donnie Turbo(76561198041233395 - 6) - time: 19907.9 - serverFPS: 45.8453
04.02.2020 23:21:13: 5h 33min | Disconnected: Boyevik Butch-Mac Volkev(76561198089960350 - 12) - time: 19924.9 - serverFPS: 45.3258
04.02.2020 23:21:26: 5h 33min | Disconnected: Zander Marino(76561198180893505 - 11) - time: 19937.7 - serverFPS: 45.7143
04.02.2020 23:21:37: 5h 34min | Disconnected: Nino Marino(76561198206026112 - 5) - time: 19948.8 - serverFPS: 45.7143
04.02.2020 23:23:37: 5h 36min | Disconnected: Donnie Turbo(76561198041233395 - 6) - time: 20068.2 - serverFPS: 45.7143
04.02.2020 23:27:54: 5h 40min | Connected: Alexander.Rios(76561198037915534 - 13) - time: 20325.3 - serverFPS: 45.4545
04.02.2020 23:42:34: 5h 55min | Disconnected: Alexander.Rios(76561198037915534 - 13) - time: 21204.7 - serverFPS: 47.3373
04.02.2020 23:42:44: 5h 55min | Connected: mr.bean(76561198883479728 - 14) - time: 21214.9 - serverFPS: 45.584
04.02.2020 23:47:15: infiSTAR_PlayerConnected_id: 1
04.02.2020 23:47:15: infiSTAR_PlayerDisconnected_id: 0
04.02.2020 23:51:19: 0h 5min | Connected: Boyevik Butch-Mac Volkev(76561198089960350 - 7) - time: 246.522 - serverFPS: 46.5116
04.02.2020 23:52:30: 0h 6min | Connected: Donnie Turbo(76561198041233395 - 8) - time: 317.139 - serverFPS: 45.8453
04.02.2020 23:55:33: 0h 9min | Connected: Zander Marino(76561198180893505 - 4) - time: 500.786 - serverFPS: 46.6472
04.02.2020 23:56:24: 0h 10min | Connected: mr.bean(76561198883479728 - 14) - time: 550.68 - serverFPS: 46.1095
04.02.2020 23:58:33: 0h 12min | Connected: Alexander.Rios(76561198037915534 - 15) - time: 679.244 - serverFPS: 45.4545
