01.03.2020 00:02:04: infiSTAR_PlayerConnected_id: 1
01.03.2020 00:02:04: infiSTAR_PlayerDisconnected_id: 0
01.03.2020 00:02:58: 0h 2min | Connected: Betty Boop White(76561198206026112 - 4) - time: 56.953 - serverFPS: 45.7143
01.03.2020 00:06:36: 0h 6min | Connected: Stanley Thompson [1K-75](76561198180893505 - 5) - time: 274.295 - serverFPS: 45.584
01.03.2020 00:07:01: 0h 6min | Connected: Low_Poly_Man(76561198137223112 - 6) - time: 298.514 - serverFPS: 45.8453
01.03.2020 00:08:23: 0h 8min | Connected: luke(76561198264871362 - 8) - time: 380.674 - serverFPS: 47.3373
01.03.2020 00:10:27: 0h 10min | Connected: Donnie Turbo(76561198041233395 - 9) - time: 504.214 - serverFPS: 45.584
01.03.2020 00:11:10: 0h 10min | Connected: Rogue Tjay(76561198883479728 - 10) - time: 546.797 - serverFPS: 45.977
01.03.2020 00:12:20: 0h 11min | Disconnected: Rogue Tjay(76561198883479728 - 10) - time: 616.664 - serverFPS: 45.1977
01.03.2020 00:31:26: 0h 31min | Connected: Rogue Tjay(76561198883479728 - 12) - time: 1762.31 - serverFPS: 46.7836
01.03.2020 00:49:15: 0h 48min | Connected: S.Kingston(76561198046640450 - 7) - time: 2830.81 - serverFPS: 46.1095
01.03.2020 01:20:36: 1h 20min | Disconnected: Rogue Tjay(76561198883479728 - 12) - time: 4710.87 - serverFPS: 45.4545
01.03.2020 01:21:23: 1h 21min | Connected: Rogue Tjay(76561198883479728 - 12) - time: 4758.14 - serverFPS: 45.4545
01.03.2020 01:21:55: 1h 21min | Disconnected: Stanley Thompson [1K-75](76561198180893505 - 5) - time: 4789.25 - serverFPS: 46.5116
01.03.2020 01:22:45: 1h 22min | Connected: Zander Marino(76561198180893505 - 17) - time: 4839.58 - serverFPS: 46.3768
01.03.2020 02:04:48: 2h 4min | Disconnected: Rogue Tjay(76561198883479728 - 12) - time: 7360.59 - serverFPS: 45.1977
01.03.2020 02:09:09: 2h 8min | Disconnected: Low_Poly_Man(76561198137223112 - 6) - time: 7621.38 - serverFPS: 46.3768
01.03.2020 02:11:46: 2h 11min | Connected: William(76561198213286991 - 18) - time: 7778.09 - serverFPS: 46.7836
01.03.2020 02:20:07: 2h 19min | Disconnected: William(76561198213286991 - 18) - time: 8278.94 - serverFPS: 45.1977
01.03.2020 02:30:07: 2h 29min | Connected: Sternn(76561198087299936 - 19) - time: 8879.2 - serverFPS: 45.0704
01.03.2020 02:36:08: 2h 35min | Disconnected: Betty Boop White(76561198206026112 - 4) - time: 9240.63 - serverFPS: 45.8453
01.03.2020 03:10:06: 3h 9min | Connected: Giuseppe Di Angelo(76561198149474498 - 21) - time: 11277.9 - serverFPS: 46.3768
01.03.2020 03:14:39: 3h 14min | Connected: Betty Boop White(76561198206026112 - 4) - time: 11550.9 - serverFPS: 45.584
01.03.2020 04:14:29: 4h 14min | Disconnected: luke(76561198264871362 - 8) - time: 15139.4 - serverFPS: 45.584
01.03.2020 04:14:59: 4h 14min | Connected: luke(76561198264871362 - 8) - time: 15169.8 - serverFPS: 45.7143
01.03.2020 04:51:41: 4h 51min | Disconnected: Giuseppe Di Angelo(76561198149474498 - 21) - time: 17371.2 - serverFPS: 45.7143
01.03.2020 05:53:56: 5h 53min | Disconnected: S.Kingston(76561198046640450 - 7) - time: 21106.8 - serverFPS: 45.8453
01.03.2020 06:33:39: 6h 33min | Disconnected: Sternn(76561198087299936 - 19) - time: 23489.8 - serverFPS: 45.7143
01.03.2020 06:33:59: 6h 33min | Disconnected: Betty Boop White(76561198206026112 - 4) - time: 23509.2 - serverFPS: 45.7143
01.03.2020 06:47:23: 6h 47min | Disconnected: Zander Marino(76561198180893505 - 17) - time: 24313.2 - serverFPS: 46.9208
01.03.2020 06:47:45: 6h 47min | Disconnected: Donnie Turbo(76561198041233395 - 9) - time: 24335.5 - serverFPS: 45.3258
01.03.2020 06:47:46: 6h 47min | Disconnected: luke(76561198264871362 - 8) - time: 24335.9 - serverFPS: 45.7143
01.03.2020 05:01:58: infiSTAR_PlayerConnected_id: 1
01.03.2020 05:01:58: infiSTAR_PlayerDisconnected_id: 0
01.03.2020 09:45:51: 4h 45min | Connected: Giuseppe Di Angelo(76561198149474498 - 4) - time: 17035.8 - serverFPS: 46.5116
01.03.2020 09:47:41: 4h 47min | Disconnected: Giuseppe Di Angelo(76561198149474498 - 4) - time: 17145.2 - serverFPS: 44.6927
01.03.2020 12:19:25: 7h 19min | Connected: luke(76561198264871362 - 7) - time: 26249.5 - serverFPS: 45.3258
01.03.2020 12:20:27: 7h 20min | Disconnected: luke(76561198264871362 - 7) - time: 26310.8 - serverFPS: 46.3768
01.03.2020 12:20:38: 7h 20min | Connected: luke(76561198264871362 - 7) - time: 26321.7 - serverFPS: 45.584
01.03.2020 12:33:18: 7h 32min | Disconnected: luke(76561198264871362 - 7) - time: 27081.8 - serverFPS: 45.7143
01.03.2020 13:31:59: 8h 31min | Connected: Sherman(76561198038112694 - 8) - time: 30602.5 - serverFPS: 45.4545
01.03.2020 13:53:19: 8h 53min | Connected: Low_Poly_Man(76561198137223112 - 9) - time: 31882 - serverFPS: 46.3768
01.03.2020 13:55:16: 8h 54min | Disconnected: Sherman(76561198038112694 - 8) - time: 31998.6 - serverFPS: 45.584
01.03.2020 13:56:15: 8h 55min | Connected: Wyclef(76561198038112694 - 10) - time: 32057.7 - serverFPS: 45.977
01.03.2020 14:06:39: 9h 6min | Connected: Axel Jones(76561198091943121 - 11) - time: 32681.6 - serverFPS: 45.7143
01.03.2020 14:38:18: 9h 37min | Disconnected: Low_Poly_Man(76561198137223112 - 9) - time: 34579.6 - serverFPS: 45.4545
01.03.2020 14:38:56: 9h 38min | Connected: Low_Poly_Man(76561198137223112 - 9) - time: 34617.1 - serverFPS: 46.6472
01.03.2020 14:41:02: 9h 40min | Disconnected: Axel Jones(76561198091943121 - 11) - time: 34743.5 - serverFPS: 47.4777
01.03.2020 14:43:26: 9h 43min | Connected: Axel Jones(76561198091943121 - 13) - time: 34887.1 - serverFPS: 45.3258
01.03.2020 14:46:19: 9h 46min | Connected: Ivan Pershketov(76561198105940600 - 14) - time: 35060.3 - serverFPS: 45.8453
01.03.2020 14:50:45: 9h 50min | Disconnected: Wyclef(76561198038112694 - 10) - time: 35325.1 - serverFPS: 46.3768
01.03.2020 14:50:57: 9h 50min | Disconnected: Axel Jones(76561198091943121 - 13) - time: 35337.2 - serverFPS: 45.8453
01.03.2020 14:54:20: infiSTAR_PlayerConnected_id: 1
01.03.2020 14:54:20: infiSTAR_PlayerDisconnected_id: 0
01.03.2020 14:55:23: 0h 2min | Connected: Axel Jones(76561198091943121 - 4) - time: 64.983 - serverFPS: 45.8453
01.03.2020 14:56:22: 0h 3min | Disconnected: Axel Jones(76561198091943121 - 4) - time: 123.287 - serverFPS: 45.7143
01.03.2020 14:56:27: 0h 3min | Connected: Ivan Pershketov(76561198105940600 - 7) - time: 128.785 - serverFPS: 46.1095
01.03.2020 14:57:31: 0h 4min | Connected: Wyclef(76561198038112694 - 5) - time: 191.37 - serverFPS: 45.977
01.03.2020 15:01:24: 0h 8min | Connected: Axel Jones(76561198091943121 - 9) - time: 424.791 - serverFPS: 45.977
01.03.2020 15:02:52: 0h 10min | Connected: Low_Poly_Man(76561198137223112 - 11) - time: 512.205 - serverFPS: 45.8453
01.03.2020 15:04:40: 0h 12min | Connected: Donnie Turbo(76561198041233395 - 13) - time: 619.536 - serverFPS: 45.584
01.03.2020 15:06:39: 0h 14min | Connected: luke(76561198264871362 - 12) - time: 738.72 - serverFPS: 46.3768
01.03.2020 15:11:54: infiSTAR_PlayerConnected_id: 1
01.03.2020 15:11:54: infiSTAR_PlayerDisconnected_id: 0
01.03.2020 15:12:12: 0h 2min | Connected: Ivan Pershketov(76561198105940600 - 7) - time: 20.667 - serverFPS: 45.4545
01.03.2020 15:12:15: 0h 2min | Connected: Wyclef(76561198038112694 - 6) - time: 23.235 - serverFPS: 33.8983
01.03.2020 15:12:19: 0h 2min | Connected: luke(76561198264871362 - 5) - time: 27.531 - serverFPS: 45.4545
01.03.2020 15:12:20: 0h 2min | Connected: Axel Jones(76561198091943121 - 8) - time: 28.511 - serverFPS: 45.8453
01.03.2020 15:12:25: 0h 2min | Connected: Low_Poly_Man(76561198137223112 - 4) - time: 31.965 - serverFPS: 46.7836
01.03.2020 15:14:46: 0h 4min | Connected: William Romano(76561198149474498 - 9) - time: 172.99 - serverFPS: 45.8453
01.03.2020 15:16:06: 0h 5min | Connected: Donnie Turbo(76561198041233395 - 10) - time: 252.41 - serverFPS: 45.584
01.03.2020 15:19:49: 0h 9min | Connected: K-12 J. Shepard(76561198043298972 - 12) - time: 475.481 - serverFPS: 46.2428
01.03.2020 15:26:16: 0h 16min | Disconnected: Wyclef(76561198038112694 - 6) - time: 861.395 - serverFPS: 45.584
01.03.2020 15:26:30: 0h 16min | Connected: Wyclef(76561198038112694 - 6) - time: 875.556 - serverFPS: 46.2428
01.03.2020 15:44:20: 0h 34min | Disconnected: luke(76561198264871362 - 5) - time: 1945.46 - serverFPS: 46.1095
01.03.2020 15:47:15: 0h 37min | Disconnected: Ivan Pershketov(76561198105940600 - 7) - time: 2120.19 - serverFPS: 45.8453
01.03.2020 15:48:47: 0h 38min | Connected: Ivan Pershketov(76561198105940600 - 15) - time: 2212.16 - serverFPS: 46.3768
01.03.2020 15:51:30: 0h 41min | Connected: luke(76561198264871362 - 17) - time: 2374.89 - serverFPS: 46.1095
01.03.2020 15:53:53: 0h 43min | Connected: S.Kingston(76561198046640450 - 16) - time: 2517.53 - serverFPS: 46.6472
01.03.2020 16:26:49: 1h 16min | Disconnected: Axel Jones(76561198091943121 - 8) - time: 4492.39 - serverFPS: 46.1095
01.03.2020 16:34:29: 1h 24min | Disconnected: Low_Poly_Man(76561198137223112 - 4) - time: 4952.9 - serverFPS: 47.0588
01.03.2020 16:36:32: 1h 26min | Connected: William(76561198213286991 - 23) - time: 5075.78 - serverFPS: 45.4545
01.03.2020 16:54:27: 1h 44min | Disconnected: Ivan Pershketov(76561198105940600 - 15) - time: 6149.77 - serverFPS: 46.3768
01.03.2020 16:59:20: 1h 49min | Disconnected: William(76561198213286991 - 23) - time: 6443.4 - serverFPS: 45.7143
01.03.2020 17:02:00: infiSTAR_PlayerConnected_id: 1
01.03.2020 17:02:00: infiSTAR_PlayerDisconnected_id: 0
01.03.2020 17:03:37: 0h 3min | Connected: William Romano(76561198149474498 - 5) - time: 99.222 - serverFPS: 45.584
01.03.2020 17:05:03: 0h 4min | Connected: K-12 J. Shepard(76561198043298972 - 6) - time: 185.127 - serverFPS: 45.4545
01.03.2020 17:19:01: 0h 18min | Connected: Donnie Turbo(76561198041233395 - 8) - time: 1022.24 - serverFPS: 46.6472
01.03.2020 17:20:25: 0h 20min | Connected: Nino Marino(76561198206026112 - 9) - time: 1105.69 - serverFPS: 45.3258
01.03.2020 17:24:26: 0h 24min | Connected: Wyclef(76561198038112694 - 4) - time: 1345.86 - serverFPS: 45.8453
01.03.2020 17:29:00: 0h 28min | Disconnected: William Romano(76561198149474498 - 5) - time: 1620.21 - serverFPS: 45.4545
01.03.2020 17:29:17: 0h 28min | Connected: Rogue Tjay(76561198883479728 - 10) - time: 1636.81 - serverFPS: 45.584
01.03.2020 17:41:50: 0h 41min | Connected: Axel Wolfe(76561198091943121 - 12) - time: 2389.7 - serverFPS: 46.1095
01.03.2020 17:45:03: 0h 44min | Disconnected: Rogue Tjay(76561198883479728 - 10) - time: 2581.93 - serverFPS: 45.977
01.03.2020 17:46:27: 0h 46min | Connected: Rogue Tjay(76561198883479728 - 10) - time: 2665.82 - serverFPS: 46.3768
01.03.2020 17:55:10: 0h 54min | Connected: luke(76561198264871362 - 14) - time: 3188.04 - serverFPS: 45.4545
01.03.2020 17:55:56: 0h 55min | Connected: Low_Poly_Man(76561198137223112 - 13) - time: 3233.72 - serverFPS: 45.977
01.03.2020 18:24:08: 1h 23min | Disconnected: Rogue Tjay(76561198883479728 - 10) - time: 4924.84 - serverFPS: 46.6472
01.03.2020 18:31:42: 1h 31min | Disconnected: luke(76561198264871362 - 14) - time: 5379.3 - serverFPS: 46.1095
01.03.2020 18:33:00: 1h 32min | Disconnected: K-12 J. Shepard(76561198043298972 - 6) - time: 5457.27 - serverFPS: 45.7143
01.03.2020 18:33:01: 1h 32min | Disconnected: Wyclef(76561198038112694 - 4) - time: 5458.01 - serverFPS: 45.7143
01.03.2020 18:33:53: 1h 33min | Disconnected: Low_Poly_Man(76561198137223112 - 13) - time: 5509.75 - serverFPS: 47.0588
01.03.2020 18:40:35: 1h 40min | Disconnected: Axel Wolfe(76561198091943121 - 12) - time: 5911.49 - serverFPS: 45.4545
01.03.2020 18:53:37: 1h 53min | Connected: John Anderson(76561198180893505 - 17) - time: 6693.72 - serverFPS: 45.977
01.03.2020 18:57:43: 1h 57min | Connected: luke(76561198264871362 - 18) - time: 6938.73 - serverFPS: 45.3258
01.03.2020 19:03:14: 2h 2min | Disconnected: John Anderson(76561198180893505 - 17) - time: 7270.1 - serverFPS: 45.7143
01.03.2020 19:05:12: 2h 4min | Connected: John Anderson(76561198180893505 - 19) - time: 7388.42 - serverFPS: 45.4545
01.03.2020 19:06:17: 2h 5min | Disconnected: John Anderson(76561198180893505 - 19) - time: 7453.23 - serverFPS: 45.8453
01.03.2020 19:08:07: 2h 7min | Connected: John Anderson(76561198180893505 - 20) - time: 7562.56 - serverFPS: 45.7143
01.03.2020 19:22:24: infiSTAR_PlayerConnected_id: 1
01.03.2020 19:22:24: infiSTAR_PlayerDisconnected_id: 0
01.03.2020 19:25:18: 0h 4min | Connected: John Anderson(76561198180893505 - 4) - time: 177.177 - serverFPS: 45.8453
01.03.2020 19:27:07: 0h 6min | Connected: Donnie Turbo(76561198041233395 - 5) - time: 285.003 - serverFPS: 46.5116
01.03.2020 19:33:39: 0h 12min | Connected: Nino Marino(76561198206026112 - 6) - time: 676.8 - serverFPS: 45.584
01.03.2020 19:33:59: 0h 13min | Disconnected: John Anderson(76561198180893505 - 4) - time: 696.769 - serverFPS: 45.1977
01.03.2020 19:34:18: 0h 13min | Connected: John Anderson(76561198180893505 - 4) - time: 715.971 - serverFPS: 45.4545
01.03.2020 19:39:25: 0h 18min | Disconnected: John Anderson(76561198180893505 - 4) - time: 1022.33 - serverFPS: 45.3258
01.03.2020 19:39:38: 0h 18min | Connected: John Anderson(76561198180893505 - 4) - time: 1035.46 - serverFPS: 45.8453
01.03.2020 19:45:17: 0h 24min | Disconnected: Nino Marino(76561198206026112 - 6) - time: 1373.8 - serverFPS: 45.8453
01.03.2020 19:52:27: 0h 31min | Connected: luke(76561198264871362 - 7) - time: 1803.05 - serverFPS: 45.4545
01.03.2020 20:35:45: 1h 15min | Disconnected: luke(76561198264871362 - 7) - time: 4400.07 - serverFPS: 45.584
01.03.2020 20:40:19: 1h 19min | Connected: luke(76561198264871362 - 8) - time: 4674.21 - serverFPS: 45.584
01.03.2020 21:32:25: 2h 11min | Disconnected: luke(76561198264871362 - 8) - time: 7799 - serverFPS: 46.3768
01.03.2020 23:21:08: 3h 60min | Disconnected: John Anderson(76561198180893505 - 4) - time: 14321.4 - serverFPS: 45.8453
01.03.2020 23:21:30: 4h 0min | Disconnected: Donnie Turbo(76561198041233395 - 5) - time: 14343.7 - serverFPS: 45.7143
