04.02.2020 00:06:16: 2h 16min | Donnie Turbo(76561198041233395) | spawning Axe (Max_axe)
04.02.2020 00:20:28: 2h 30min | Jbo Marino[201](76561198206026112) | NightTime
04.02.2020 00:23:57: 2h 34min | Jbo Marino[201](76561198206026112) | Teleport to [3315.53,3250.94,0](GPS: 033001)
04.02.2020 00:37:04: 2h 47min | Jbo Marino[201](76561198206026112) | God Mode - 1
04.02.2020 00:37:05: 2h 47min | Jbo Marino[201](76561198206026112) | God Mode - 0
04.02.2020 00:49:22: 2h 59min | Jbo Marino[201](76561198206026112) | God Mode - 1
04.02.2020 00:49:43: 2h 60min | Donnie Turbo(76561198041233395) | unlocked - [d3s_FPIU_13]
04.02.2020 00:49:49: 2h 60min | Donnie Turbo(76561198041233395) | locked - [d3s_FPIU_13]
04.02.2020 00:59:41: 3h 10min | Jbo Marino[201](76561198206026112) | Teleport - Me To Target - [1K-12] J Shepard [WEST](76561198043298972)
04.02.2020 00:59:52: 3h 10min | Héctor "Lil Loco" Arturo(76561197999316388) | infiSTAR MapIcons - 1
04.02.2020 01:00:03: 3h 10min | Héctor "Lil Loco" Arturo(76561197999316388) | Teleport to [3868.25,3271.38,0](GPS: 038001)
04.02.2020 01:06:54: 3h 17min | Jbo Marino[201](76561198206026112) | SPECTATE - switchedCamera on AL "BIG AL" GAMBINO(76561198361509989) - C_man_1
04.02.2020 01:07:03: 3h 17min | Héctor "Lil Loco" Arturo(76561197999316388) | Teleport to [3934.68,3607.74,0](GPS: 039005)
04.02.2020 01:07:06: 3h 17min | Jbo Marino[201](76561198206026112) | Heal - civ_4(76561198361509989)
04.02.2020 01:07:15: 3h 17min | Héctor "Lil Loco" Arturo(76561197999316388) | Teleport to [3961.21,3587.28,0](GPS: 039005)
04.02.2020 01:07:24: 3h 17min | Jbo Marino[201](76561198206026112) | Added 1 toolkits to AL "BIG AL" GAMBINO!
04.02.2020 01:07:34: 3h 17min | Héctor "Lil Loco" Arturo(76561197999316388) | Teleport to [3865.89,3270.81,0](GPS: 038001)
04.02.2020 01:14:51: 3h 25min | Donnie Turbo(76561198041233395) | God Mode - 1
04.02.2020 01:15:21: 3h 25min | Donnie Turbo(76561198041233395) | God Mode - 0
04.02.2020 01:15:38: 3h 26min | Jbo Marino[201](76561198206026112) | Teleport to [3507.81,2995.43,0](GPS: 035999)
04.02.2020 01:15:40: 3h 26min | Donnie Turbo(76561198041233395) | Revive - medic_3(76561198041233395)
04.02.2020 01:15:47: 3h 26min | Héctor "Lil Loco" Arturo(76561197999316388) | Teleport to [4226.18,2212.01,0](GPS: 042991)
04.02.2020 01:15:52: 3h 26min | Héctor "Lil Loco" Arturo(76561197999316388) | Teleport to [4188.25,2269.26,0](GPS: 041991)
04.02.2020 01:16:04: 3h 26min | Donnie Turbo(76561198041233395) | Teleport to [3403.68,4883.32,0](GPS: 034018)
04.02.2020 01:16:22: 3h 26min | Héctor "Lil Loco" Arturo(76561197999316388) | HealRepairNear
04.02.2020 01:16:33: 3h 26min | Héctor "Lil Loco" Arturo(76561197999316388) | HealRepairNear
04.02.2020 01:17:01: 3h 27min | Héctor "Lil Loco" Arturo(76561197999316388) | Teleport to [3124.09,5068.34,0](GPS: 031019)
04.02.2020 01:17:18: 3h 27min | Jbo Marino[201](76561198206026112) | God Mode - 0
04.02.2020 01:17:22: 3h 27min | Jbo Marino[201](76561198206026112) | God Mode - 1
04.02.2020 01:17:39: 3h 28min | Donnie Turbo(76561198041233395) | HealRepairNear
04.02.2020 01:17:39: 3h 28min | Donnie Turbo(76561198041233395) | HealRepairNear
04.02.2020 01:19:45: 3h 30min | Héctor "Lil Loco" Arturo(76561197999316388) | HealRepairNear
04.02.2020 01:20:46: 3h 31min | Wyclef(76561198038112694) | Teleport to [3661.82,3242.69,0](GPS: 036001)
04.02.2020 01:21:13: 3h 31min | Wyclef(76561198038112694) | spawning ACO (Green) (optic_ACO_grn)
04.02.2020 01:21:15: 3h 31min | Wyclef(76561198038112694) | spawning ACO (Green) (optic_ACO_grn)
04.02.2020 01:21:16: 3h 31min | Wyclef(76561198038112694) | spawning ACO (Green) (optic_ACO_grn)
04.02.2020 01:21:16: 3h 31min | Wyclef(76561198038112694) | spawning ACO (Green) (optic_ACO_grn)
04.02.2020 01:21:16: 3h 31min | Wyclef(76561198038112694) | spawning ACO (Green) (optic_ACO_grn)
04.02.2020 01:21:17: 3h 31min | Wyclef(76561198038112694) | spawning ACO (Green) (optic_ACO_grn)
04.02.2020 01:21:17: 3h 31min | Wyclef(76561198038112694) | spawning ACO (Green) (optic_ACO_grn)
04.02.2020 01:21:17: 3h 31min | Wyclef(76561198038112694) | spawning ACO (Green) (optic_ACO_grn)
04.02.2020 01:21:18: 3h 31min | Wyclef(76561198038112694) | spawning ACO (Green) (optic_ACO_grn)
04.02.2020 01:21:18: 3h 31min | Wyclef(76561198038112694) | spawning ACO (Green) (optic_ACO_grn)
04.02.2020 01:21:18: 3h 31min | Wyclef(76561198038112694) | spawning ACO (Green) (optic_ACO_grn)
04.02.2020 01:21:19: 3h 31min | Wyclef(76561198038112694) | spawning ACO (Green) (optic_ACO_grn)
04.02.2020 01:21:19: 3h 31min | Wyclef(76561198038112694) | spawning ACO (Green) (optic_ACO_grn)
04.02.2020 01:21:19: 3h 31min | Wyclef(76561198038112694) | spawning ACO (Green) (optic_ACO_grn)
04.02.2020 01:21:20: 3h 31min | Wyclef(76561198038112694) | spawning ACO (Green) (optic_ACO_grn)
04.02.2020 01:21:36: 3h 32min | Donnie Turbo(76561198041233395) | HealRepairNear
04.02.2020 01:22:51: 3h 33min | Wyclef(76561198038112694) | spawning AAC "Honey-Badger" Carbine (hlc_rifle_honeybase_x15)
04.02.2020 01:22:51: 3h 33min | Wyclef(76561198038112694) | spawning AAC "Honey-Badger" Carbine (hlc_rifle_honeybase_x15)
04.02.2020 01:22:52: 3h 33min | Wyclef(76561198038112694) | spawning AAC "Honey-Badger" Carbine (hlc_rifle_honeybase_x15)
04.02.2020 01:22:53: 3h 33min | Wyclef(76561198038112694) | spawning AAC "Honey-Badger" Carbine (hlc_rifle_honeybase_x15)
04.02.2020 01:22:53: 3h 33min | Wyclef(76561198038112694) | spawning AAC "Honey-Badger" Carbine (hlc_rifle_honeybase_x15)
04.02.2020 01:22:54: 3h 33min | Wyclef(76561198038112694) | spawning AAC "Honey-Badger" Carbine (hlc_rifle_honeybase_x15)
04.02.2020 01:22:54: 3h 33min | Wyclef(76561198038112694) | spawning AAC "Honey-Badger" Carbine (hlc_rifle_honeybase_x15)
04.02.2020 01:22:54: 3h 33min | Wyclef(76561198038112694) | spawning AAC "Honey-Badger" Carbine (hlc_rifle_honeybase_x15)
04.02.2020 01:22:55: 3h 33min | Wyclef(76561198038112694) | spawning AAC "Honey-Badger" Carbine (hlc_rifle_honeybase_x15)
04.02.2020 01:22:55: 3h 33min | Wyclef(76561198038112694) | spawning AAC "Honey-Badger" Carbine (hlc_rifle_honeybase_x15)
04.02.2020 01:22:55: 3h 33min | Wyclef(76561198038112694) | spawning AAC "Honey-Badger" Carbine (hlc_rifle_honeybase_x15)
04.02.2020 01:22:56: 3h 33min | Wyclef(76561198038112694) | spawning AAC "Honey-Badger" Carbine (hlc_rifle_honeybase_x15)
04.02.2020 01:22:56: 3h 33min | Wyclef(76561198038112694) | spawning AAC "Honey-Badger" Carbine (hlc_rifle_honeybase_x15)
04.02.2020 01:22:56: 3h 33min | Wyclef(76561198038112694) | spawning AAC "Honey-Badger" Carbine (hlc_rifle_honeybase_x15)
04.02.2020 01:22:57: 3h 33min | Wyclef(76561198038112694) | spawning AAC "Honey-Badger" Carbine (hlc_rifle_honeybase_x15)
04.02.2020 01:24:12: 3h 34min | Héctor "Lil Loco" Arturo(76561197999316388) | Teleport to [4283.71,2303.33,0](GPS: 042992)
04.02.2020 01:24:17: 3h 34min | Wyclef(76561198038112694) | Deleting GroundWeaponHolder @036001..
04.02.2020 01:25:35: 3h 36min | Boyevik Butch-Mac Volkev(76561198089960350) | infiSTAR MapIcons - 1
04.02.2020 01:26:00: 3h 36min | Boyevik Butch-Mac Volkev(76561198089960350) | Teleport to [3658.56,3244.42,0](GPS: 036001)
04.02.2020 01:26:00: 3h 36min | Wyclef(76561198038112694) | Teleport to [3875.06,3265.12,0](GPS: 038001)
04.02.2020 01:27:42: 3h 38min | Donnie Turbo(76561198041233395) | spawning Knife (max_Knife)
04.02.2020 01:30:23: 3h 40min | Donnie Turbo(76561198041233395) | unlocked - [d3s_raptor_EMS_17]
04.02.2020 01:31:30: 3h 41min | Donnie Turbo(76561198041233395) | Added 15 heroin_processeds to Donnie Turbo!
04.02.2020 01:36:11: 3h 46min | Donnie Turbo(76561198041233395) | locked - [d3s_raptor_EMS_17]
04.02.2020 01:36:33: 3h 46min | Jbo Marino[201](76561198206026112) | God Mode - 0
04.02.2020 01:44:06: 3h 54min | Héctor "Lil Loco" Arturo(76561197999316388) | SPECTATE - switchedCamera on Eddie Spaghetti(76561198046997779) - C_man_1
04.02.2020 01:44:21: 3h 54min | Héctor "Lil Loco" Arturo(76561197999316388) | unlocked - [B_G_Offroad_01_F]
04.02.2020 01:45:39: 3h 56min | Donnie Turbo(76561198041233395) | spawning Axe (Max_axe)
04.02.2020 01:46:08: 3h 56min | Héctor "Lil Loco" Arturo(76561197999316388) | spawning .300AAC EPR 30Rnd STANAG Magazine (29rnd_300BLK_STANAG)
04.02.2020 01:46:08: 3h 56min | Héctor "Lil Loco" Arturo(76561197999316388) | spawning .300AAC EPR 30Rnd STANAG Magazine (29rnd_300BLK_STANAG)
04.02.2020 01:46:08: 3h 56min | Héctor "Lil Loco" Arturo(76561197999316388) | spawning .300AAC EPR 30Rnd STANAG Magazine (29rnd_300BLK_STANAG)
04.02.2020 01:46:09: 3h 56min | Héctor "Lil Loco" Arturo(76561197999316388) | spawning .300AAC EPR 30Rnd STANAG Magazine (29rnd_300BLK_STANAG)
04.02.2020 01:46:10: 3h 56min | Héctor "Lil Loco" Arturo(76561197999316388) | spawning .300AAC EPR 30Rnd STANAG Magazine (29rnd_300BLK_STANAG)
04.02.2020 01:46:10: 3h 56min | Héctor "Lil Loco" Arturo(76561197999316388) | spawning .300AAC EPR 30Rnd STANAG Magazine (29rnd_300BLK_STANAG)
04.02.2020 01:46:11: 3h 56min | Héctor "Lil Loco" Arturo(76561197999316388) | spawning .300AAC EPR 30Rnd STANAG Magazine (29rnd_300BLK_STANAG)
04.02.2020 01:46:12: 3h 56min | Héctor "Lil Loco" Arturo(76561197999316388) | spawning .300AAC EPR 30Rnd STANAG Magazine (29rnd_300BLK_STANAG)
04.02.2020 01:46:12: 3h 56min | Héctor "Lil Loco" Arturo(76561197999316388) | spawning .300AAC EPR 30Rnd STANAG Magazine (29rnd_300BLK_STANAG)
04.02.2020 01:46:13: 3h 56min | Héctor "Lil Loco" Arturo(76561197999316388) | spawning .300AAC EPR 30Rnd STANAG Magazine (29rnd_300BLK_STANAG)
04.02.2020 01:46:13: 3h 56min | Héctor "Lil Loco" Arturo(76561197999316388) | spawning .300AAC EPR 30Rnd STANAG Magazine (29rnd_300BLK_STANAG)
04.02.2020 01:46:13: 3h 56min | Héctor "Lil Loco" Arturo(76561197999316388) | spawning .300AAC EPR 30Rnd STANAG Magazine (29rnd_300BLK_STANAG)
04.02.2020 01:46:14: 3h 56min | Héctor "Lil Loco" Arturo(76561197999316388) | spawning .300AAC EPR 30Rnd STANAG Magazine (29rnd_300BLK_STANAG)
04.02.2020 01:46:14: 3h 56min | Héctor "Lil Loco" Arturo(76561197999316388) | spawning .300AAC EPR 30Rnd STANAG Magazine (29rnd_300BLK_STANAG)
04.02.2020 01:46:14: 3h 56min | Héctor "Lil Loco" Arturo(76561197999316388) | spawning .300AAC EPR 30Rnd STANAG Magazine (29rnd_300BLK_STANAG)
04.02.2020 01:46:14: 3h 56min | Héctor "Lil Loco" Arturo(76561197999316388) | spawning .300AAC EPR 30Rnd STANAG Magazine (29rnd_300BLK_STANAG)
04.02.2020 01:46:15: 3h 56min | Héctor "Lil Loco" Arturo(76561197999316388) | spawning .300AAC EPR 30Rnd STANAG Magazine (29rnd_300BLK_STANAG)
04.02.2020 01:46:15: 3h 56min | Héctor "Lil Loco" Arturo(76561197999316388) | spawning .300AAC EPR 30Rnd STANAG Magazine (29rnd_300BLK_STANAG)
04.02.2020 01:46:15: 3h 56min | Héctor "Lil Loco" Arturo(76561197999316388) | spawning .300AAC EPR 30Rnd STANAG Magazine (29rnd_300BLK_STANAG)
04.02.2020 01:46:16: 3h 56min | Héctor "Lil Loco" Arturo(76561197999316388) | spawning .300AAC EPR 30Rnd STANAG Magazine (29rnd_300BLK_STANAG)
04.02.2020 01:46:16: 3h 56min | Héctor "Lil Loco" Arturo(76561197999316388) | spawning .300AAC EPR 30Rnd STANAG Magazine (29rnd_300BLK_STANAG)
04.02.2020 01:46:16: 3h 56min | Héctor "Lil Loco" Arturo(76561197999316388) | spawning .300AAC EPR 30Rnd STANAG Magazine (29rnd_300BLK_STANAG)
04.02.2020 01:46:17: 3h 56min | Héctor "Lil Loco" Arturo(76561197999316388) | spawning .300AAC EPR 30Rnd STANAG Magazine (29rnd_300BLK_STANAG)
04.02.2020 01:46:17: 3h 56min | Héctor "Lil Loco" Arturo(76561197999316388) | spawning .300AAC EPR 30Rnd STANAG Magazine (29rnd_300BLK_STANAG)
04.02.2020 01:46:18: 3h 56min | Héctor "Lil Loco" Arturo(76561197999316388) | spawning .300AAC EPR 30Rnd STANAG Magazine (29rnd_300BLK_STANAG)
04.02.2020 01:46:18: 3h 56min | Héctor "Lil Loco" Arturo(76561197999316388) | spawning .300AAC EPR 30Rnd STANAG Magazine (29rnd_300BLK_STANAG)
04.02.2020 01:46:18: 3h 56min | Héctor "Lil Loco" Arturo(76561197999316388) | spawning .300AAC EPR 30Rnd STANAG Magazine (29rnd_300BLK_STANAG)
04.02.2020 01:46:19: 3h 56min | Héctor "Lil Loco" Arturo(76561197999316388) | spawning .300AAC EPR 30Rnd STANAG Magazine (29rnd_300BLK_STANAG)
04.02.2020 01:46:19: 3h 56min | Héctor "Lil Loco" Arturo(76561197999316388) | spawning .300AAC EPR 30Rnd STANAG Magazine (29rnd_300BLK_STANAG)
04.02.2020 01:46:19: 3h 56min | Héctor "Lil Loco" Arturo(76561197999316388) | spawning .300AAC EPR 30Rnd STANAG Magazine (29rnd_300BLK_STANAG)
04.02.2020 01:46:20: 3h 56min | Héctor "Lil Loco" Arturo(76561197999316388) | spawning .300AAC EPR 30Rnd STANAG Magazine (29rnd_300BLK_STANAG)
04.02.2020 01:46:20: 3h 56min | Héctor "Lil Loco" Arturo(76561197999316388) | spawning .300AAC EPR 30Rnd STANAG Magazine (29rnd_300BLK_STANAG)
04.02.2020 01:46:20: 3h 56min | Héctor "Lil Loco" Arturo(76561197999316388) | spawning .300AAC EPR 30Rnd STANAG Magazine (29rnd_300BLK_STANAG)
04.02.2020 01:46:21: 3h 56min | Héctor "Lil Loco" Arturo(76561197999316388) | spawning .300AAC EPR 30Rnd STANAG Magazine (29rnd_300BLK_STANAG)
04.02.2020 01:46:21: 3h 56min | Héctor "Lil Loco" Arturo(76561197999316388) | spawning .300AAC EPR 30Rnd STANAG Magazine (29rnd_300BLK_STANAG)
04.02.2020 01:46:22: 3h 56min | Héctor "Lil Loco" Arturo(76561197999316388) | spawning .300AAC EPR 30Rnd STANAG Magazine (29rnd_300BLK_STANAG)
04.02.2020 01:46:22: 3h 56min | Héctor "Lil Loco" Arturo(76561197999316388) | spawning .300AAC EPR 30Rnd STANAG Magazine (29rnd_300BLK_STANAG)
04.02.2020 01:46:22: 3h 56min | Héctor "Lil Loco" Arturo(76561197999316388) | spawning .300AAC EPR 30Rnd STANAG Magazine (29rnd_300BLK_STANAG)
04.02.2020 01:46:23: 3h 56min | Héctor "Lil Loco" Arturo(76561197999316388) | spawning .300AAC EPR 30Rnd STANAG Magazine (29rnd_300BLK_STANAG)
04.02.2020 01:46:23: 3h 56min | Héctor "Lil Loco" Arturo(76561197999316388) | spawning .300AAC EPR 30Rnd STANAG Magazine (29rnd_300BLK_STANAG)
04.02.2020 01:46:24: 3h 56min | Héctor "Lil Loco" Arturo(76561197999316388) | spawning .300AAC EPR 30Rnd STANAG Magazine (29rnd_300BLK_STANAG)
04.02.2020 01:46:24: 3h 56min | Héctor "Lil Loco" Arturo(76561197999316388) | spawning .300AAC EPR 30Rnd STANAG Magazine (29rnd_300BLK_STANAG)
04.02.2020 01:46:24: 3h 56min | Héctor "Lil Loco" Arturo(76561197999316388) | spawning .300AAC EPR 30Rnd STANAG Magazine (29rnd_300BLK_STANAG)
04.02.2020 01:46:25: 3h 56min | Héctor "Lil Loco" Arturo(76561197999316388) | spawning .300AAC EPR 30Rnd STANAG Magazine (29rnd_300BLK_STANAG)
04.02.2020 01:46:25: 3h 56min | Héctor "Lil Loco" Arturo(76561197999316388) | spawning .300AAC EPR 30Rnd STANAG Magazine (29rnd_300BLK_STANAG)
04.02.2020 01:46:25: 3h 56min | Héctor "Lil Loco" Arturo(76561197999316388) | spawning .300AAC EPR 30Rnd STANAG Magazine (29rnd_300BLK_STANAG)
04.02.2020 01:46:26: 3h 56min | Héctor "Lil Loco" Arturo(76561197999316388) | spawning .300AAC EPR 30Rnd STANAG Magazine (29rnd_300BLK_STANAG)
04.02.2020 01:46:26: 3h 56min | Héctor "Lil Loco" Arturo(76561197999316388) | spawning .300AAC EPR 30Rnd STANAG Magazine (29rnd_300BLK_STANAG)
04.02.2020 01:46:27: 3h 56min | Héctor "Lil Loco" Arturo(76561197999316388) | spawning .300AAC EPR 30Rnd STANAG Magazine (29rnd_300BLK_STANAG)
04.02.2020 01:46:27: 3h 56min | Héctor "Lil Loco" Arturo(76561197999316388) | spawning .300AAC EPR 30Rnd STANAG Magazine (29rnd_300BLK_STANAG)
04.02.2020 01:46:27: 3h 56min | Héctor "Lil Loco" Arturo(76561197999316388) | spawning .300AAC EPR 30Rnd STANAG Magazine (29rnd_300BLK_STANAG)
04.02.2020 01:46:28: 3h 56min | Héctor "Lil Loco" Arturo(76561197999316388) | spawning .300AAC EPR 30Rnd STANAG Magazine (29rnd_300BLK_STANAG)
04.02.2020 01:46:28: 3h 56min | Héctor "Lil Loco" Arturo(76561197999316388) | spawning .300AAC EPR 30Rnd STANAG Magazine (29rnd_300BLK_STANAG)
04.02.2020 01:46:28: 3h 56min | Héctor "Lil Loco" Arturo(76561197999316388) | spawning .300AAC EPR 30Rnd STANAG Magazine (29rnd_300BLK_STANAG)
04.02.2020 01:46:29: 3h 56min | Héctor "Lil Loco" Arturo(76561197999316388) | spawning .300AAC EPR 30Rnd STANAG Magazine (29rnd_300BLK_STANAG)
04.02.2020 01:46:29: 3h 56min | Héctor "Lil Loco" Arturo(76561197999316388) | spawning .300AAC EPR 30Rnd STANAG Magazine (29rnd_300BLK_STANAG)
04.02.2020 01:46:30: 3h 56min | Héctor "Lil Loco" Arturo(76561197999316388) | spawning .300AAC EPR 30Rnd STANAG Magazine (29rnd_300BLK_STANAG)
04.02.2020 01:46:30: 3h 56min | Héctor "Lil Loco" Arturo(76561197999316388) | spawning .300AAC EPR 30Rnd STANAG Magazine (29rnd_300BLK_STANAG)
04.02.2020 01:46:30: 3h 56min | Héctor "Lil Loco" Arturo(76561197999316388) | spawning .300AAC EPR 30Rnd STANAG Magazine (29rnd_300BLK_STANAG)
04.02.2020 01:46:31: 3h 56min | Héctor "Lil Loco" Arturo(76561197999316388) | spawning .300AAC EPR 30Rnd STANAG Magazine (29rnd_300BLK_STANAG)
04.02.2020 01:46:31: 3h 56min | Héctor "Lil Loco" Arturo(76561197999316388) | spawning .300AAC EPR 30Rnd STANAG Magazine (29rnd_300BLK_STANAG)
04.02.2020 01:46:32: 3h 56min | Héctor "Lil Loco" Arturo(76561197999316388) | spawning .300AAC EPR 30Rnd STANAG Magazine (29rnd_300BLK_STANAG)
04.02.2020 01:46:32: 3h 56min | Héctor "Lil Loco" Arturo(76561197999316388) | spawning .300AAC EPR 30Rnd STANAG Magazine (29rnd_300BLK_STANAG)
04.02.2020 01:46:32: 3h 56min | Héctor "Lil Loco" Arturo(76561197999316388) | spawning .300AAC EPR 30Rnd STANAG Magazine (29rnd_300BLK_STANAG)
04.02.2020 01:46:33: 3h 56min | Héctor "Lil Loco" Arturo(76561197999316388) | spawning .300AAC EPR 30Rnd STANAG Magazine (29rnd_300BLK_STANAG)
04.02.2020 01:46:33: 3h 56min | Héctor "Lil Loco" Arturo(76561197999316388) | spawning .300AAC EPR 30Rnd STANAG Magazine (29rnd_300BLK_STANAG)
04.02.2020 01:46:33: 3h 56min | Héctor "Lil Loco" Arturo(76561197999316388) | spawning .300AAC EPR 30Rnd STANAG Magazine (29rnd_300BLK_STANAG)
04.02.2020 01:46:48: 3h 57min | Héctor "Lil Loco" Arturo(76561197999316388) | spawning .300AAC EPR 30Rnd STANAG Magazine (29rnd_300BLK_STANAG)
04.02.2020 01:46:48: 3h 57min | Héctor "Lil Loco" Arturo(76561197999316388) | spawning .300AAC EPR 30Rnd STANAG Magazine (29rnd_300BLK_STANAG)
04.02.2020 01:46:48: 3h 57min | Héctor "Lil Loco" Arturo(76561197999316388) | spawning .300AAC EPR 30Rnd STANAG Magazine (29rnd_300BLK_STANAG)
04.02.2020 01:46:49: 3h 57min | Héctor "Lil Loco" Arturo(76561197999316388) | spawning .300AAC EPR 30Rnd STANAG Magazine (29rnd_300BLK_STANAG)
04.02.2020 01:46:49: 3h 57min | Héctor "Lil Loco" Arturo(76561197999316388) | spawning .300AAC EPR 30Rnd STANAG Magazine (29rnd_300BLK_STANAG)
04.02.2020 01:46:49: 3h 57min | Héctor "Lil Loco" Arturo(76561197999316388) | spawning .300AAC EPR 30Rnd STANAG Magazine (29rnd_300BLK_STANAG)
04.02.2020 01:46:50: 3h 57min | Héctor "Lil Loco" Arturo(76561197999316388) | spawning .300AAC EPR 30Rnd STANAG Magazine (29rnd_300BLK_STANAG)
04.02.2020 01:46:50: 3h 57min | Héctor "Lil Loco" Arturo(76561197999316388) | spawning .300AAC EPR 30Rnd STANAG Magazine (29rnd_300BLK_STANAG)
04.02.2020 01:46:50: 3h 57min | Héctor "Lil Loco" Arturo(76561197999316388) | spawning .300AAC EPR 30Rnd STANAG Magazine (29rnd_300BLK_STANAG)
04.02.2020 01:46:51: 3h 57min | Héctor "Lil Loco" Arturo(76561197999316388) | spawning .300AAC EPR 30Rnd STANAG Magazine (29rnd_300BLK_STANAG)
04.02.2020 01:46:51: 3h 57min | Héctor "Lil Loco" Arturo(76561197999316388) | spawning .300AAC EPR 30Rnd STANAG Magazine (29rnd_300BLK_STANAG)
04.02.2020 01:46:51: 3h 57min | Héctor "Lil Loco" Arturo(76561197999316388) | spawning .300AAC EPR 30Rnd STANAG Magazine (29rnd_300BLK_STANAG)
04.02.2020 01:46:52: 3h 57min | Héctor "Lil Loco" Arturo(76561197999316388) | spawning .300AAC EPR 30Rnd STANAG Magazine (29rnd_300BLK_STANAG)
04.02.2020 01:46:52: 3h 57min | Héctor "Lil Loco" Arturo(76561197999316388) | spawning .300AAC EPR 30Rnd STANAG Magazine (29rnd_300BLK_STANAG)
04.02.2020 01:46:53: 3h 57min | Héctor "Lil Loco" Arturo(76561197999316388) | spawning .300AAC EPR 30Rnd STANAG Magazine (29rnd_300BLK_STANAG)
04.02.2020 01:46:53: 3h 57min | Héctor "Lil Loco" Arturo(76561197999316388) | spawning .300AAC EPR 30Rnd STANAG Magazine (29rnd_300BLK_STANAG)
04.02.2020 01:46:53: 3h 57min | Héctor "Lil Loco" Arturo(76561197999316388) | spawning .300AAC EPR 30Rnd STANAG Magazine (29rnd_300BLK_STANAG)
04.02.2020 01:46:54: 3h 57min | Héctor "Lil Loco" Arturo(76561197999316388) | spawning .300AAC EPR 30Rnd STANAG Magazine (29rnd_300BLK_STANAG)
04.02.2020 01:46:54: 3h 57min | Héctor "Lil Loco" Arturo(76561197999316388) | spawning .300AAC EPR 30Rnd STANAG Magazine (29rnd_300BLK_STANAG)
04.02.2020 01:46:54: 3h 57min | Héctor "Lil Loco" Arturo(76561197999316388) | spawning .300AAC EPR 30Rnd STANAG Magazine (29rnd_300BLK_STANAG)
04.02.2020 01:46:55: 3h 57min | Héctor "Lil Loco" Arturo(76561197999316388) | spawning .300AAC EPR 30Rnd STANAG Magazine (29rnd_300BLK_STANAG)
04.02.2020 01:46:55: 3h 57min | Héctor "Lil Loco" Arturo(76561197999316388) | spawning .300AAC EPR 30Rnd STANAG Magazine (29rnd_300BLK_STANAG)
04.02.2020 01:46:55: 3h 57min | Héctor "Lil Loco" Arturo(76561197999316388) | spawning .300AAC EPR 30Rnd STANAG Magazine (29rnd_300BLK_STANAG)
04.02.2020 01:46:56: 3h 57min | Héctor "Lil Loco" Arturo(76561197999316388) | spawning .300AAC EPR 30Rnd STANAG Magazine (29rnd_300BLK_STANAG)
04.02.2020 01:46:56: 3h 57min | Héctor "Lil Loco" Arturo(76561197999316388) | spawning .300AAC EPR 30Rnd STANAG Magazine (29rnd_300BLK_STANAG)
04.02.2020 01:46:56: 3h 57min | Héctor "Lil Loco" Arturo(76561197999316388) | spawning .300AAC EPR 30Rnd STANAG Magazine (29rnd_300BLK_STANAG)
04.02.2020 01:46:57: 3h 57min | Héctor "Lil Loco" Arturo(76561197999316388) | spawning .300AAC EPR 30Rnd STANAG Magazine (29rnd_300BLK_STANAG)
04.02.2020 01:46:57: 3h 57min | Héctor "Lil Loco" Arturo(76561197999316388) | spawning .300AAC EPR 30Rnd STANAG Magazine (29rnd_300BLK_STANAG)
04.02.2020 01:46:58: 3h 57min | Héctor "Lil Loco" Arturo(76561197999316388) | spawning .300AAC EPR 30Rnd STANAG Magazine (29rnd_300BLK_STANAG)
04.02.2020 01:46:58: 3h 57min | Héctor "Lil Loco" Arturo(76561197999316388) | spawning .300AAC EPR 30Rnd STANAG Magazine (29rnd_300BLK_STANAG)
04.02.2020 01:46:59: 3h 57min | Héctor "Lil Loco" Arturo(76561197999316388) | spawning .300AAC EPR 30Rnd STANAG Magazine (29rnd_300BLK_STANAG)
04.02.2020 01:46:59: 3h 57min | Héctor "Lil Loco" Arturo(76561197999316388) | spawning .300AAC EPR 30Rnd STANAG Magazine (29rnd_300BLK_STANAG)
04.02.2020 01:46:59: 3h 57min | Héctor "Lil Loco" Arturo(76561197999316388) | spawning .300AAC EPR 30Rnd STANAG Magazine (29rnd_300BLK_STANAG)
04.02.2020 01:47:00: 3h 57min | Héctor "Lil Loco" Arturo(76561197999316388) | spawning .300AAC EPR 30Rnd STANAG Magazine (29rnd_300BLK_STANAG)
04.02.2020 01:47:00: 3h 57min | Héctor "Lil Loco" Arturo(76561197999316388) | spawning .300AAC EPR 30Rnd STANAG Magazine (29rnd_300BLK_STANAG)
04.02.2020 01:47:00: 3h 57min | Héctor "Lil Loco" Arturo(76561197999316388) | spawning .300AAC EPR 30Rnd STANAG Magazine (29rnd_300BLK_STANAG)
04.02.2020 01:47:01: 3h 57min | Héctor "Lil Loco" Arturo(76561197999316388) | spawning .300AAC EPR 30Rnd STANAG Magazine (29rnd_300BLK_STANAG)
04.02.2020 01:47:01: 3h 57min | Héctor "Lil Loco" Arturo(76561197999316388) | spawning .300AAC EPR 30Rnd STANAG Magazine (29rnd_300BLK_STANAG)
04.02.2020 01:47:01: 3h 57min | Héctor "Lil Loco" Arturo(76561197999316388) | spawning .300AAC EPR 30Rnd STANAG Magazine (29rnd_300BLK_STANAG)
04.02.2020 01:47:01: 3h 57min | Héctor "Lil Loco" Arturo(76561197999316388) | spawning .300AAC EPR 30Rnd STANAG Magazine (29rnd_300BLK_STANAG)
04.02.2020 01:47:02: 3h 57min | Héctor "Lil Loco" Arturo(76561197999316388) | spawning .300AAC EPR 30Rnd STANAG Magazine (29rnd_300BLK_STANAG)
04.02.2020 01:47:02: 3h 57min | Héctor "Lil Loco" Arturo(76561197999316388) | spawning .300AAC EPR 30Rnd STANAG Magazine (29rnd_300BLK_STANAG)
04.02.2020 01:47:02: 3h 57min | Héctor "Lil Loco" Arturo(76561197999316388) | spawning .300AAC EPR 30Rnd STANAG Magazine (29rnd_300BLK_STANAG)
04.02.2020 01:47:03: 3h 57min | Héctor "Lil Loco" Arturo(76561197999316388) | spawning .300AAC EPR 30Rnd STANAG Magazine (29rnd_300BLK_STANAG)
04.02.2020 01:47:03: 3h 57min | Héctor "Lil Loco" Arturo(76561197999316388) | spawning .300AAC EPR 30Rnd STANAG Magazine (29rnd_300BLK_STANAG)
04.02.2020 01:47:03: 3h 57min | Héctor "Lil Loco" Arturo(76561197999316388) | spawning .300AAC EPR 30Rnd STANAG Magazine (29rnd_300BLK_STANAG)
04.02.2020 01:47:04: 3h 57min | Héctor "Lil Loco" Arturo(76561197999316388) | spawning .300AAC EPR 30Rnd STANAG Magazine (29rnd_300BLK_STANAG)
04.02.2020 01:47:05: 3h 57min | Héctor "Lil Loco" Arturo(76561197999316388) | spawning .300AAC EPR 30Rnd STANAG Magazine (29rnd_300BLK_STANAG)
04.02.2020 01:47:06: 3h 57min | Héctor "Lil Loco" Arturo(76561197999316388) | spawning .300AAC EPR 30Rnd STANAG Magazine (29rnd_300BLK_STANAG)
04.02.2020 01:47:06: 3h 57min | Héctor "Lil Loco" Arturo(76561197999316388) | spawning .300AAC EPR 30Rnd STANAG Magazine (29rnd_300BLK_STANAG)
04.02.2020 01:47:06: 3h 57min | Héctor "Lil Loco" Arturo(76561197999316388) | spawning .300AAC EPR 30Rnd STANAG Magazine (29rnd_300BLK_STANAG)
04.02.2020 01:50:20: 4h 0min | Jbo Marino[201](76561198206026112) | unlocked - [d3s_f80_14_EX3]
04.02.2020 01:50:30: 4h 0min | Jbo Marino[201](76561198206026112) | locked - [d3s_f80_14_EX3]
04.02.2020 02:40:29: 4h 50min | Héctor "Lil Loco" Arturo(76561197999316388) | Vehicle Marker - 1
04.02.2020 02:41:48: 4h 52min | Héctor "Lil Loco" Arturo(76561197999316388) | Give All Licenses
04.02.2020 02:41:49: 4h 52min | Héctor "Lil Loco" Arturo(76561197999316388) | Give All Licenses
04.02.2020 02:46:38: 4h 57min | Jbo Marino[201](76561198206026112) | spawning Axe (Max_axe)
04.02.2020 02:46:39: 4h 57min | Jbo Marino[201](76561198206026112) | spawning Hammer (Max_hammer)
04.02.2020 02:52:45: 5h 3min | Boyevik Butch-Mac Volkev(76561198089960350) | 100K Cash
04.02.2020 02:54:59: 5h 5min | Boyevik Butch-Mac Volkev(76561198089960350) | HealRepairNear
04.02.2020 02:59:19: 5h 9min | Boyevik Butch-Mac Volkev(76561198089960350) | UnlimAmmo - 1
04.02.2020 03:00:04: 5h 10min | Héctor "Lil Loco" Arturo(76561197999316388) | SPECTATE - switchedCamera on Boyevik Butch-Mac Volkev(76561198089960350) - C_man_1
04.02.2020 03:00:10: 5h 10min | Héctor "Lil Loco" Arturo(76561197999316388) | SPECTATE - switchedCamera on Doug Dimmadont(76561198083728776) - C_man_1
04.02.2020 03:00:15: 5h 10min | Héctor "Lil Loco" Arturo(76561197999316388) | SPECTATE - switchedCamera on Boyevik Butch-Mac Volkev(76561198089960350) - C_man_1
04.02.2020 03:01:43: 5h 12min | Jbo Marino[201](76561198206026112) | God Mode - 1
04.02.2020 03:02:01: 5h 12min | Héctor "Lil Loco" Arturo(76561197999316388) | SPECTATE - switchedCamera on Boyevik Butch-Mac Volkev(76561198089960350) - C_man_1
04.02.2020 03:02:07: 5h 12min | Héctor "Lil Loco" Arturo(76561197999316388) | SPECTATE - switchedCamera on Alexander.Rios(76561198037915534) - B_RangeMaster_F
04.02.2020 03:02:10: 5h 12min | Héctor "Lil Loco" Arturo(76561197999316388) | SPECTATE - switchedCamera on Boyevik Butch-Mac Volkev(76561198089960350) - C_man_1
04.02.2020 03:05:57: 5h 16min | Boyevik Butch-Mac Volkev(76561198089960350) | 500K Cash
04.02.2020 03:10:25: 5h 20min | Héctor "Lil Loco" Arturo(76561197999316388) | HealRepairNear
04.02.2020 03:18:36: 5h 29min | Héctor "Lil Loco" Arturo(76561197999316388) | Revive - civ_7(76561198089960350)
04.02.2020 03:22:14: 5h 32min | Jbo Marino[201](76561198206026112) | God Mode - 0
04.02.2020 03:23:59: 5h 34min | Boyevik Butch-Mac Volkev(76561198089960350) | unlocked - [d3s_novus_phantom_18_2]
04.02.2020 03:24:05: 5h 34min | Héctor "Lil Loco" Arturo(76561197999316388) | locked - [d3s_novus_phantom_18_2]
04.02.2020 03:24:05: 5h 34min | Héctor "Lil Loco" Arturo(76561197999316388) | unlocked - [d3s_novus_phantom_18_2]
04.02.2020 03:24:06: 5h 34min | Boyevik Butch-Mac Volkev(76561198089960350) | locked - [d3s_novus_phantom_18_2]
04.02.2020 03:24:06: 5h 34min | Héctor "Lil Loco" Arturo(76561197999316388) | locked - [d3s_novus_phantom_18_2]
04.02.2020 03:24:06: 5h 34min | Héctor "Lil Loco" Arturo(76561197999316388) | unlocked - [d3s_novus_phantom_18_2]
04.02.2020 03:24:06: 5h 34min | Héctor "Lil Loco" Arturo(76561197999316388) | locked - [d3s_novus_phantom_18_2]
04.02.2020 03:24:06: 5h 34min | Héctor "Lil Loco" Arturo(76561197999316388) | unlocked - [d3s_novus_phantom_18_2]
04.02.2020 03:24:06: 5h 34min | Héctor "Lil Loco" Arturo(76561197999316388) | locked - [d3s_novus_phantom_18_2]
04.02.2020 03:24:06: 5h 34min | Héctor "Lil Loco" Arturo(76561197999316388) | unlocked - [d3s_novus_phantom_18_2]
04.02.2020 03:24:06: 5h 34min | Héctor "Lil Loco" Arturo(76561197999316388) | locked - [d3s_novus_phantom_18_2]
04.02.2020 03:24:06: 5h 34min | Héctor "Lil Loco" Arturo(76561197999316388) | unlocked - [d3s_novus_phantom_18_2]
04.02.2020 03:24:06: 5h 34min | Héctor "Lil Loco" Arturo(76561197999316388) | locked - [d3s_novus_phantom_18_2]
04.02.2020 03:24:06: 5h 34min | Héctor "Lil Loco" Arturo(76561197999316388) | unlocked - [d3s_novus_phantom_18_2]
04.02.2020 03:24:06: 5h 34min | Héctor "Lil Loco" Arturo(76561197999316388) | locked - [d3s_novus_phantom_18_2]
04.02.2020 03:24:06: 5h 34min | Héctor "Lil Loco" Arturo(76561197999316388) | unlocked - [d3s_novus_phantom_18_2]
04.02.2020 03:24:06: 5h 34min | Héctor "Lil Loco" Arturo(76561197999316388) | locked - [d3s_novus_phantom_18_2]
04.02.2020 03:24:06: 5h 34min | Héctor "Lil Loco" Arturo(76561197999316388) | unlocked - [d3s_novus_phantom_18_2]
04.02.2020 03:24:06: 5h 34min | Héctor "Lil Loco" Arturo(76561197999316388) | locked - [d3s_novus_phantom_18_2]
04.02.2020 03:24:06: 5h 34min | Héctor "Lil Loco" Arturo(76561197999316388) | unlocked - [d3s_novus_phantom_18_2]
04.02.2020 03:24:06: 5h 34min | Héctor "Lil Loco" Arturo(76561197999316388) | locked - [d3s_novus_phantom_18_2]
04.02.2020 03:24:06: 5h 34min | Héctor "Lil Loco" Arturo(76561197999316388) | unlocked - [d3s_novus_phantom_18_2]
04.02.2020 03:24:07: 5h 34min | Héctor "Lil Loco" Arturo(76561197999316388) | locked - [d3s_novus_phantom_18_2]
04.02.2020 03:24:07: 5h 34min | Héctor "Lil Loco" Arturo(76561197999316388) | unlocked - [d3s_novus_phantom_18_2]
04.02.2020 03:24:07: 5h 34min | Héctor "Lil Loco" Arturo(76561197999316388) | locked - [d3s_novus_phantom_18_2]
04.02.2020 03:24:07: 5h 34min | Héctor "Lil Loco" Arturo(76561197999316388) | unlocked - [d3s_novus_phantom_18_2]
04.02.2020 03:24:07: 5h 34min | Héctor "Lil Loco" Arturo(76561197999316388) | locked - [d3s_novus_phantom_18_2]
04.02.2020 03:24:07: 5h 34min | Héctor "Lil Loco" Arturo(76561197999316388) | unlocked - [d3s_novus_phantom_18_2]
04.02.2020 03:24:07: 5h 34min | Héctor "Lil Loco" Arturo(76561197999316388) | locked - [d3s_novus_phantom_18_2]
04.02.2020 03:24:07: 5h 34min | Héctor "Lil Loco" Arturo(76561197999316388) | unlocked - [d3s_novus_phantom_18_2]
04.02.2020 03:24:07: 5h 34min | Héctor "Lil Loco" Arturo(76561197999316388) | locked - [d3s_novus_phantom_18_2]
04.02.2020 03:24:22: 5h 34min | Boyevik Butch-Mac Volkev(76561198089960350) | unlocked - [d3s_novus_phantom_18_2]
04.02.2020 03:24:27: 5h 34min | Boyevik Butch-Mac Volkev(76561198089960350) | locked - [d3s_novus_phantom_18_2]
04.02.2020 03:24:43: 5h 35min | Boyevik Butch-Mac Volkev(76561198089960350) | Zeus Eddie Spaghetti(76561198046997779) @038002
04.02.2020 03:24:43: 5h 35min | Boyevik Butch-Mac Volkev(76561198089960350) | Zeus - civ_6(76561198046997779)
04.02.2020 03:24:54: 5h 35min | Héctor "Lil Loco" Arturo(76561197999316388) | Vehicle Marker - 0
04.02.2020 03:29:00: 5h 39min | Boyevik Butch-Mac Volkev(76561198089960350) | Parachute Target - Eddie Spaghetti [CIV](76561198046997779)
04.02.2020 03:29:06: 5h 39min | Boyevik Butch-Mac Volkev(76561198089960350) | Parachute Target - Eddie Spaghetti [CIV](76561198046997779)
04.02.2020 03:29:09: 5h 39min | Boyevik Butch-Mac Volkev(76561198089960350) | Parachute Target - Eddie Spaghetti [CIV](76561198046997779)
04.02.2020 03:29:14: 5h 39min | Boyevik Butch-Mac Volkev(76561198089960350) | Parachute Target - Eddie Spaghetti [CIV](76561198046997779)
04.02.2020 03:29:49: 5h 40min | Boyevik Butch-Mac Volkev(76561198089960350) | Parachute Target - Eddie Spaghetti [CIV](76561198046997779)
04.02.2020 03:30:31: 5h 40min | Boyevik Butch-Mac Volkev(76561198089960350) | Parachute Target - Wyclef [CIV](76561198038112694)
04.02.2020 03:30:55: 5h 41min | Boyevik Butch-Mac Volkev(76561198089960350) | Parachute Target - Eddie Spaghetti [CIV](76561198046997779)
04.02.2020 03:39:58: 5h 50min | Jbo Marino[201](76561198206026112) | Deleting GroundWeaponHolder @038001..
04.02.2020 03:40:03: 5h 50min | Jbo Marino[201](76561198206026112) | Deleting GroundWeaponHolder @038001..
04.02.2020 04:00:12: 6h 10min | Jbo Marino[201](76561198206026112) | unlocked - [d3s_camaro_zl1_17]
04.02.2020 04:00:20: 6h 10min | Jbo Marino[201](76561198206026112) | locked - [d3s_camaro_zl1_17]
04.02.2020 04:02:07: 6h 12min | Jbo Marino[201](76561198206026112) | SPECTATE - switchedCamera on Wyclef(76561198038112694) - C_man_1
04.02.2020 04:02:11: 6h 12min | Jbo Marino[201](76561198206026112) | SPECTATE - switchedCamera on () - 
04.02.2020 04:33:38: 6h 44min | Jbo Marino[201](76561198206026112) | Revive - civ_2(76561198264871362)
04.02.2020 04:33:43: 6h 44min | Jbo Marino[201](76561198206026112) | Revive - civ_1(76561198180893505)
04.02.2020 04:47:00: 6h 57min | Jbo Marino[201](76561198206026112) | HealRepairNear
04.02.2020 04:47:11: 6h 57min | Jbo Marino[201](76561198206026112) | HealRepairNear
04.02.2020 04:47:11: 6h 57min | Jbo Marino[201](76561198206026112) | HealRepairNear
04.02.2020 04:58:13: 7h 8min | Jbo Marino[201](76561198206026112) | HealRepairNear
04.02.2020 04:58:41: 7h 9min | Jbo Marino[201](76561198206026112) | HealRepairNear
04.02.2020 05:12:53: 7h 23min | Jbo Marino[201](76561198206026112) | Revive - civ_1(76561198180893505)
04.02.2020 05:12:58: 7h 23min | Jbo Marino[201](76561198206026112) | Revive - medic_1(76561198105940600)
04.02.2020 05:13:03: 7h 23min | Jbo Marino[201](76561198206026112) | SPECTATE - switchedCamera on HoyoBani(76561198105940600) - B_RangeMaster_F
04.02.2020 05:13:20: 7h 23min | Jbo Marino[201](76561198206026112) | Teleport to [3523.71,3029.42,0](GPS: 035999)
04.02.2020 05:13:23: 7h 23min | Jbo Marino[201](76561198206026112) | Teleport to [3520.72,3027.93,0](GPS: 035999)
04.02.2020 05:13:49: 7h 24min | Jbo Marino[201](76561198206026112) | Teleport to [2983.9,3976.18,0](GPS: 029009)
04.02.2020 05:20:39: 7h 31min | Jbo Marino[201](76561198206026112) | Zeus Zander Marino(76561198180893505) @029008
04.02.2020 05:20:39: 7h 31min | Jbo Marino[201](76561198206026112) | Zeus - civ_1(76561198180893505)
04.02.2020 05:20:46: 7h 31min | Jbo Marino[201](76561198206026112) | Exploding Zander Marino(76561198180893505) @029008
04.02.2020 05:20:46: 7h 31min | Jbo Marino[201](76561198206026112) | Explode - civ_1(76561198180893505)
04.02.2020 05:21:34: 7h 31min | Jbo Marino[201](76561198206026112) | spawning LRPS (Green Hex) (optic_LRPS_ghex_F)
04.02.2020 05:21:39: 7h 32min | Jbo Marino[201](76561198206026112) | spawning M320 LRR .408 (Tropic) (srifle_LRR_tna_F)
04.02.2020 05:22:54: 7h 33min | Jbo Marino[201](76561198206026112) | spawning LRPS (optic_LRPS)
04.02.2020 05:23:12: 7h 33min | Jbo Marino[201](76561198206026112) | spawning ASP-1 Kir 12.7 mm (Tan) (srifle_DMR_04_Tan_F)
04.02.2020 05:23:23: 7h 33min | Jbo Marino[201](76561198206026112) | Revive - civ_2(76561198264871362)
04.02.2020 05:35:05: 7h 45min | Jbo Marino[201](76561198206026112) | Deleting GroundWeaponHolder @033009..
04.02.2020 05:35:05: 7h 45min | Jbo Marino[201](76561198206026112) | Deleting Land_smd_watertower1 @033009..
04.02.2020 05:37:07: 7h 47min | Jbo Marino[201](76561198206026112) | Teleport - Target To Me - luke [CIV](76561198264871362)
04.02.2020 05:39:29: 7h 49min | Jbo Marino[201](76561198206026112) | Teleport - Target To Me - luke [CIV](76561198264871362)
04.02.2020 05:39:34: 7h 49min | Jbo Marino[201](76561198206026112) | Heal - civ_3(76561198206026112)
04.02.2020 05:41:27: 7h 51min | Jbo Marino[201](76561198206026112) | Teleport to [3135.12,4343.81,0](GPS: 031012)
04.02.2020 05:41:35: 7h 52min | Jbo Marino[201](76561198206026112) | Teleport - Target To Me - luke [CIV](76561198264871362)
04.02.2020 05:42:34: 7h 52min | Jbo Marino[201](76561198206026112) | Teleport to [3438.09,4202.06,0](GPS: 034011)
04.02.2020 05:52:23: 8h 2min | Jbo Marino[201](76561198206026112) | Teleport to [4573.45,4229.02,0](GPS: 045011)
04.02.2020 05:52:40: 8h 3min | Jbo Marino[201](76561198206026112) | Teleport to [3404.03,4497.69,0](GPS: 034014)
04.02.2020 05:58:51: 8h 9min | Jbo Marino[201](76561198206026112) | Revive - civ_3(76561198206026112)
04.02.2020 05:59:01: 8h 9min | Jbo Marino[201](76561198206026112) | God Mode - 1
04.02.2020 05:59:05: 8h 9min | Jbo Marino[201](76561198206026112) | Heal - civ_3(76561198206026112)
04.02.2020 05:59:29: 8h 9min | Jbo Marino[201](76561198206026112) | God Mode - 0
04.02.2020 06:03:09: 8h 13min | Jbo Marino[201](76561198206026112) | Revive - civ_1(76561198180893505)
04.02.2020 06:05:22: 8h 15min | Jbo Marino[201](76561198206026112) | Heal - civ_1(76561198180893505)
04.02.2020 06:30:54: 8h 41min | Wyclef(76561198038112694) | Teleport to [3866.58,3266.73,0](GPS: 038001)
04.02.2020 06:31:49: 8h 42min | Wyclef(76561198038112694) | Teleport - Me To Target - Alexander.Rios [WEST](76561198037915534)
04.02.2020 06:32:17: 8h 42min | Wyclef(76561198038112694) | Teleport - Me To Target - Alexander.Rios [WEST](76561198037915534)
04.02.2020 06:32:21: 8h 42min | Wyclef(76561198038112694) | Move In Target Vehicle - Alexander.Rios [WEST](76561198037915534)
04.02.2020 06:45:15: 8h 55min | Wyclef(76561198038112694) | HealRepairNear
04.02.2020 06:46:02: 8h 56min | Wyclef(76561198038112694) | HealRepairNear
04.02.2020 06:56:47: 0h 3min | HoyoBani(76561198105940600) | infiSTAR Player ESP 1 - 1
04.02.2020 06:56:47: 0h 3min | HoyoBani(76561198105940600) | infiSTAR AI ESP - 1
04.02.2020 06:56:47: 0h 3min | HoyoBani(76561198105940600) | infiSTAR MapIcons - 1
04.02.2020 06:56:47: 0h 3min | HoyoBani(76561198105940600) | God Mode - 1
04.02.2020 06:56:47: 0h 3min | HoyoBani(76561198105940600) | Teleport In Facing Direction (10m steps) - 1
04.02.2020 06:56:47: 0h 3min | HoyoBani(76561198105940600) | Vehicle God Mode - 1
04.02.2020 06:56:47: 0h 3min | HoyoBani(76561198105940600) | FastFire - 1
04.02.2020 06:56:47: 0h 3min | HoyoBani(76561198105940600) | UnlimAmmo - 1
04.02.2020 06:56:47: 0h 3min | HoyoBani(76561198105940600) | noRecoil - 1
04.02.2020 06:56:55: 0h 3min | HoyoBani(76561198105940600) | Teleport to [3579.33,3002.28,0](GPS: 035999)
04.02.2020 06:56:58: 0h 3min | HoyoBani(76561198105940600) | Teleport to [3597.77,3007.38,0](GPS: 035999)
04.02.2020 06:57:52: 0h 4min | HoyoBani(76561198105940600) | AdminConsole
04.02.2020 06:58:10: 0h 4min | HoyoBani(76561198105940600) | Teleport to [3458.27,4174.18,0](GPS: 034011)
04.02.2020 06:58:25: 0h 4min | HoyoBani(76561198105940600) | AdminConsole
04.02.2020 06:58:46: 0h 5min | HoyoBani(76561198105940600) | AdminConsole
04.02.2020 06:58:58: 0h 5min | HoyoBani(76561198105940600) | Teleport to [3593.65,3014.9,0](GPS: 035999)
04.02.2020 06:59:32: 0h 6min | HoyoBani(76561198105940600) | Teleport to [3456.13,4191.91,0](GPS: 034011)
04.02.2020 06:59:50: 0h 6min | HoyoBani(76561198105940600) | AdminConsole
04.02.2020 07:00:08: 0h 6min | HoyoBani(76561198105940600) | AdminConsole
04.02.2020 07:00:38: 0h 7min | HoyoBani(76561198105940600) | AdminConsole
04.02.2020 07:01:02: 0h 7min | HoyoBani(76561198105940600) | AdminConsole
04.02.2020 07:01:11: 0h 7min | HoyoBani(76561198105940600) | AdminConsole
04.02.2020 07:01:33: 0h 8min | HoyoBani(76561198105940600) | AdminConsole
04.02.2020 07:02:12: 0h 8min | HoyoBani(76561198105940600) | Teleport to [3744.66,3247.9,0](GPS: 037001)
04.02.2020 07:02:14: 0h 8min | HoyoBani(76561198105940600) | AdminConsole
04.02.2020 07:02:19: 0h 8min | HoyoBani(76561198105940600) | 10.000K Cash
04.02.2020 07:02:20: 0h 8min | HoyoBani(76561198105940600) | 10.000K Cash
04.02.2020 07:02:20: 0h 8min | HoyoBani(76561198105940600) | 10.000K Cash
04.02.2020 07:02:20: 0h 8min | HoyoBani(76561198105940600) | 10.000K Cash
04.02.2020 07:02:53: 0h 9min | HoyoBani(76561198105940600) | Teleport to [3457.16,4163.82,0](GPS: 034010)
04.02.2020 07:03:39: 0h 10min | HoyoBani(76561198105940600) | Deleting d3s_rapide_10 @034011..
04.02.2020 07:03:43: 0h 10min | HoyoBani(76561198105940600) | AdminConsole
04.02.2020 07:03:54: 0h 10min | HoyoBani(76561198105940600) | Teleport to [3532.98,3048.09,0](GPS: 035999)
04.02.2020 07:04:56: 0h 11min | HoyoBani(76561198105940600) | AdminConsole
04.02.2020 07:13:07: 0h 5min | HoyoBani(76561198105940600) | infiSTAR Player ESP 1 - 1
04.02.2020 07:13:07: 0h 5min | HoyoBani(76561198105940600) | infiSTAR AI ESP - 1
04.02.2020 07:13:07: 0h 5min | HoyoBani(76561198105940600) | infiSTAR MapIcons - 1
04.02.2020 07:13:07: 0h 5min | HoyoBani(76561198105940600) | God Mode - 1
04.02.2020 07:13:07: 0h 5min | HoyoBani(76561198105940600) | Teleport In Facing Direction (10m steps) - 1
04.02.2020 07:13:07: 0h 5min | HoyoBani(76561198105940600) | Vehicle God Mode - 1
04.02.2020 07:13:07: 0h 5min | HoyoBani(76561198105940600) | FastFire - 1
04.02.2020 07:13:07: 0h 5min | HoyoBani(76561198105940600) | UnlimAmmo - 1
04.02.2020 07:13:07: 0h 5min | HoyoBani(76561198105940600) | noRecoil - 1
04.02.2020 07:13:20: 0h 5min | HoyoBani(76561198105940600) | Teleport to [3579.21,3002.82,0](GPS: 035999)
04.02.2020 07:14:13: 0h 6min | HoyoBani(76561198105940600) | Teleport to [3458.39,4209.76,0](GPS: 034011)
04.02.2020 07:16:19: 0h 8min | HoyoBani(76561198105940600) | Teleport to [3580.8,3012.91,0](GPS: 035999)
04.02.2020 07:16:21: 0h 8min | HoyoBani(76561198105940600) | Teleport to [3593.79,3012.24,0](GPS: 035999)
04.02.2020 07:16:25: 0h 9min | HoyoBani(76561198105940600) | Teleport to [3614.78,3011.73,0](GPS: 036999)
04.02.2020 07:16:38: 0h 9min | HoyoBani(76561198105940600) | Teleport to [3457.71,4220.09,0](GPS: 034011)
04.02.2020 07:17:56: 0h 10min | HoyoBani(76561198105940600) | Teleport to [3603.61,3005.07,0](GPS: 036999)
04.02.2020 07:18:05: 0h 10min | HoyoBani(76561198105940600) | Teleport to [3747.04,3267.41,0](GPS: 037001)
04.02.2020 07:18:28: 0h 11min | HoyoBani(76561198105940600) | Teleport to [3459.38,4164.29,0](GPS: 034010)
04.02.2020 07:19:59: 0h 12min | HoyoBani(76561198105940600) | Deleting d3s_sian_20 @034011..
04.02.2020 07:20:12: 0h 12min | HoyoBani(76561198105940600) | Teleport to [3500.33,3024,0](GPS: 035999)
04.02.2020 07:22:14: 0h 14min | HoyoBani(76561198105940600) | Teleport to [3845.44,3254.39,0](GPS: 038001)
04.02.2020 07:26:51: 0h 19min | HoyoBani(76561198105940600) | Teleport to [3868.37,3262.52,0](GPS: 038001)
04.02.2020 07:27:30: 0h 20min | HoyoBani(76561198105940600) | Teleport to [3603.34,3056.97,0](GPS: 036999)
04.02.2020 07:27:30: 0h 20min | HoyoBani(76561198105940600) | Teleport to [3668.65,2892.76,0](GPS: 036998)
04.02.2020 07:27:31: 0h 20min | HoyoBani(76561198105940600) | Teleport to [3633.2,2971.13,0](GPS: 036998)
04.02.2020 07:27:31: 0h 20min | HoyoBani(76561198105940600) | Teleport to [3620.14,2989.79,0](GPS: 036999)
04.02.2020 07:28:09: 0h 20min | HoyoBani(76561198105940600) | Teleport to [3877.49,3263.45,0](GPS: 038001)
04.02.2020 07:29:17: 0h 21min | HoyoBani(76561198105940600) | HealRepairNear
04.02.2020 07:29:26: 0h 22min | HoyoBani(76561198105940600) | Revive - civ_2(76561198038112694)
04.02.2020 07:49:03: 0h 17min | Wyclef(76561198038112694) | Teleport to [3582.85,3010.99,0](GPS: 035999)
04.02.2020 07:52:27: 0h 20min | Wyclef(76561198038112694) | Parachute Target - Wyclef [CIV](76561198038112694)
04.02.2020 07:53:06: 0h 21min | Wyclef(76561198038112694) | Parachute Target - Wyclef [CIV](76561198038112694)
04.02.2020 07:54:46: 0h 23min | Wyclef(76561198038112694) | Teleport to [3649.29,3244.36,0](GPS: 036001)
04.02.2020 07:56:36: 0h 24min | Wyclef(76561198038112694) | Move In Target Vehicle - Alexander.Rios [CIV](76561198037915534)
04.02.2020 08:05:40: 0h 33min | Nino Marino(76561198206026112) | Teleport to [3361.28,4177.62,0](GPS: 033011)
04.02.2020 08:06:08: 0h 34min | Nino Marino(76561198206026112) | 5.000K Cash
04.02.2020 08:06:51: 0h 35min | Nino Marino(76561198206026112) | Teleport to [3588.97,3010.95,0](GPS: 035999)
04.02.2020 08:06:58: 0h 35min | Nino Marino(76561198206026112) | Teleport to [3604.67,3007.21,0](GPS: 036999)
04.02.2020 08:09:25: 0h 37min | Nino Marino(76561198206026112) | Teleport to [3457.08,4229.29,0](GPS: 034011)
04.02.2020 08:18:25: 0h 46min | Nino Marino(76561198206026112) | Deleting GroundWeaponHolder @034011..
04.02.2020 16:56:45: 0h 5min | Wyclef(76561198038112694) | Teleport to [4851.38,3369.69,0](GPS: 048002)
04.02.2020 17:10:43: 0h 4min | Wyclef(76561198038112694) | Teleport to [4933,3356.22,0](GPS: 049002)
04.02.2020 17:34:50: 0h 28min | Wyclef(76561198038112694) | Added 10 leathers to Wyclef!
04.02.2020 17:42:53: 0h 4min | Wyclef(76561198038112694) | Teleport to [4851.23,3353.39,0](GPS: 048002)
04.02.2020 17:43:03: 0h 4min | Wyclef(76561198038112694) | Teleport to [4963.52,3377.26,0](GPS: 049003)
04.02.2020 17:43:09: 0h 4min | Wyclef(76561198038112694) | Teleport to [5013.04,3380.8,0](GPS: 050003)
04.02.2020 17:43:13: 0h 4min | Wyclef(76561198038112694) | Teleport to [5025.58,3397.6,0](GPS: 050003)
04.02.2020 17:52:45: 0h 5min | Wyclef(76561198038112694) | Teleport to [4930.99,3338.33,0](GPS: 049002)
04.02.2020 17:52:49: 0h 5min | Wyclef(76561198038112694) | Teleport to [4895.76,3350.99,0](GPS: 048002)
04.02.2020 17:52:52: 0h 5min | Wyclef(76561198038112694) | Teleport to [4866.2,3354.47,0](GPS: 048002)
04.02.2020 17:52:55: 0h 5min | Wyclef(76561198038112694) | Teleport to [4852.99,3345.43,0](GPS: 048002)
04.02.2020 17:55:16: 0h 7min | Wyclef(76561198038112694) | Teleport to [4800.48,3145.83,0](GPS: 048000)
04.02.2020 17:55:32: 0h 8min | Wyclef(76561198038112694) | Teleport to [5079.8,3511.98,0](GPS: 050004)
04.02.2020 17:55:33: 0h 8min | Wyclef(76561198038112694) | Teleport to [5102.61,3503.74,0](GPS: 051004)
04.02.2020 17:56:31: 0h 9min | Wyclef(76561198038112694) | Teleport to [4944.83,3556.97,0](GPS: 049004)
04.02.2020 17:58:20: 0h 10min | Wyclef(76561198038112694) | Teleport to [4808.59,3593.08,0](GPS: 048005)
04.02.2020 18:01:27: 0h 13min | Wyclef(76561198038112694) | Teleport to [4860.55,3382.07,0](GPS: 048003)
04.02.2020 18:01:40: 0h 14min | Wyclef(76561198038112694) | Teleport to [4956.23,3446.71,0](GPS: 049003)
04.02.2020 18:03:49: 0h 16min | Wyclef(76561198038112694) | Teleport to [4890.33,3430.23,0](GPS: 048003)
04.02.2020 18:04:33: 0h 17min | Wyclef(76561198038112694) | Teleport to [4813.42,3467.22,0](GPS: 048003)
04.02.2020 18:04:37: 0h 17min | Wyclef(76561198038112694) | Teleport to [4790.87,3458.82,0](GPS: 047003)
04.02.2020 18:04:39: 0h 17min | Wyclef(76561198038112694) | Teleport to [4749.76,3444.23,0](GPS: 047003)
04.02.2020 20:49:27: 3h 1min | Nino Marino(76561198206026112) | Teleport to [5023.04,4415.82,0](GPS: 050013)
04.02.2020 20:50:05: 3h 2min | Nino Marino(76561198206026112) | 500K Cash
04.02.2020 20:56:55: 3h 9min | Donnie Turbo(76561198041233395) | Teleport to [3427.85,4215.04,0](GPS: 034011)
04.02.2020 21:01:11: 3h 13min | Donnie Turbo(76561198041233395) | locked - [V12_APRILIAMXV4504]
04.02.2020 21:01:14: 3h 13min | Donnie Turbo(76561198041233395) | unlocked - [V12_APRILIAMXV4504]
04.02.2020 21:01:22: 3h 13min | Donnie Turbo(76561198041233395) | locked - [V12_APRILIAMXV4504]
04.02.2020 21:11:04: 3h 23min | Donnie Turbo(76561198041233395) | locked - [V12_APRILIAMXV4504]
04.02.2020 21:25:05: 3h 37min | Donnie Turbo(76561198041233395) | Teleport to [3505.14,2995.56,0](GPS: 035999)
04.02.2020 21:30:42: 3h 43min | Donnie Turbo(76561198041233395) | Teleport to [3531.76,3161.81,0](GPS: 035000)
04.02.2020 21:32:42: 3h 45min | Donnie Turbo(76561198041233395) | Teleport to [3549.76,3011.67,0](GPS: 035999)
04.02.2020 21:35:56: 3h 48min | Donnie Turbo(76561198041233395) | Teleport to [3539.29,3186.97,0](GPS: 035001)
04.02.2020 21:36:35: 3h 49min | Donnie Turbo(76561198041233395) | Teleport to [4005.48,2503.42,0](GPS: 040994)
04.02.2020 21:36:50: 3h 49min | Donnie Turbo(76561198041233395) | Teleport to [4110.05,2196.01,0](GPS: 041991)
04.02.2020 21:37:00: 3h 49min | Donnie Turbo(76561198041233395) | Teleport to [4232.28,2164.94,0](GPS: 042990)
04.02.2020 21:39:23: 3h 51min | Donnie Turbo(76561198041233395) | Teleport to [3527.5,3172.78,0](GPS: 035001)
04.02.2020 22:11:19: 4h 23min | Donnie Turbo(76561198041233395) | UnlimAmmo - 1
04.02.2020 22:12:40: 4h 25min | Nino Marino(76561198206026112) | God Mode - 1
04.02.2020 22:14:52: 4h 27min | Donnie Turbo(76561198041233395) | Teleport to [3529.61,3187.78,0](GPS: 035001)
04.02.2020 22:21:57: 4h 34min | Donnie Turbo(76561198041233395) | Deleting C_IDAP_UAV_01_F @035999..
04.02.2020 22:22:33: 4h 35min | Nino Marino(76561198206026112) | Teleport to [3516.9,3025.51,0](GPS: 035999)
04.02.2020 22:28:54: 4h 41min | Donnie Turbo(76561198041233395) | Deleting C_UAV_06_medical_F @035999..
04.02.2020 22:31:00: 4h 43min | Nino Marino(76561198206026112) | DayTime
04.02.2020 22:33:46: 4h 46min | Nino Marino(76561198206026112) | Deleting I_UAV_06_medical_F @035999..
04.02.2020 22:35:04: 4h 47min | Donnie Turbo(76561198041233395) | Deleting O_UAV_06_medical_F @035999..
04.02.2020 22:35:07: 4h 47min | Donnie Turbo(76561198041233395) | Deleting I_UAV_06_medical_F @035999..
04.02.2020 22:35:10: 4h 47min | Donnie Turbo(76561198041233395) | Deleting I_E_UAV_06_medical_F @035999..
04.02.2020 22:35:16: 4h 47min | Donnie Turbo(76561198041233395) | Deleting C_IDAP_UAV_01_F @035999..
04.02.2020 22:35:56: 4h 48min | Donnie Turbo(76561198041233395) | Deleting B_UAV_06_medical_F @035999..
04.02.2020 22:36:28: 4h 48min | Donnie Turbo(76561198041233395) | Deleting B_UAV_06_medical_F @035999..
04.02.2020 22:37:15: 4h 49min | Nino Marino(76561198206026112) | Deleting GroundWeaponHolder @035999..
04.02.2020 22:37:56: 4h 50min | Donnie Turbo(76561198041233395) | Deleting GroundWeaponHolder @035999..
04.02.2020 22:40:21: 4h 52min | Nino Marino(76561198206026112) | Deleting GroundWeaponHolder @035999..
04.02.2020 22:40:22: 4h 52min | Nino Marino(76561198206026112) | Deleting GroundWeaponHolder @035999..
04.02.2020 22:40:24: 4h 52min | Nino Marino(76561198206026112) | Deleting GroundWeaponHolder @035999..
04.02.2020 22:40:25: 4h 52min | Nino Marino(76561198206026112) | Deleting GroundWeaponHolder @035999..
04.02.2020 22:40:27: 4h 52min | Nino Marino(76561198206026112) | Deleting GroundWeaponHolder @035999..
04.02.2020 22:40:29: 4h 52min | Donnie Turbo(76561198041233395) | Deleting GroundWeaponHolder @035999..
04.02.2020 22:40:34: 4h 53min | Donnie Turbo(76561198041233395) | Deleting GroundWeaponHolder @035999..
04.02.2020 22:42:21: 4h 54min | Nino Marino(76561198206026112) | spawning UAV Terminal [NATO] (B_UavTerminal)
04.02.2020 22:42:23: 4h 54min | Nino Marino(76561198206026112) | spawning UAV Terminal [CSAT] (O_UavTerminal)
04.02.2020 22:42:24: 4h 54min | Nino Marino(76561198206026112) | spawning UAV Terminal [AAF] (I_UavTerminal)
04.02.2020 22:42:59: 4h 55min | Nino Marino(76561198206026112) | spawning UAV Terminal [Civilians] (C_UavTerminal)
04.02.2020 22:43:18: 4h 55min | Nino Marino(76561198206026112) | spawning UAV Terminal [LDF] (I_E_UavTerminal)
04.02.2020 22:45:56: 4h 58min | Nino Marino(76561198206026112) | spawning UAV Bag (AR-2) [NATO] (B_UAV_01_backpack_F)
04.02.2020 22:46:27: 4h 58min | Nino Marino(76561198206026112) | spawning UAV Bag (AR-2) [CSAT] (O_UAV_01_backpack_F)
04.02.2020 22:47:02: 4h 59min | Nino Marino(76561198206026112) | spawning UAV Bag (AL-6, Medical) [NATO] (B_UAV_06_medical_backpack_F)
04.02.2020 22:47:42: 4h 60min | Donnie Turbo(76561198041233395) | Deleting B_UAV_01_F @035999..
04.02.2020 22:47:45: 4h 60min | Donnie Turbo(76561198041233395) | Deleting O_UAV_01_F @035999..
04.02.2020 22:47:53: 4h 60min | Nino Marino(76561198206026112) | spawning UAV Bag (AL-6, Medical) [CSAT] (O_UAV_06_medical_backpack_F)
04.02.2020 22:48:12: 5h 0min | Nino Marino(76561198206026112) | spawning UAV Bag (AL-6, Medical) [AAF] (I_UAV_06_medical_backpack_F)
04.02.2020 22:48:36: 5h 1min | Nino Marino(76561198206026112) | spawning UAV Bag (AL-6, Medical) [LDF] (I_E_UAV_06_medical_backpack_F)
04.02.2020 22:49:00: 5h 1min | Nino Marino(76561198206026112) | spawning UAV Bag (AL-6, Medical) [IDAP] (C_IDAP_UAV_06_medical_backpack_F)
04.02.2020 22:50:01: 5h 2min | Nino Marino(76561198206026112) | spawning UAV Bag (Utility, Medical) (C_UAV_06_medical_backpack_F)
04.02.2020 22:51:12: 5h 3min | Nino Marino(76561198206026112) | spawning UAV Terminal [NATO] (B_UavTerminal)
04.02.2020 22:51:12: 5h 3min | Nino Marino(76561198206026112) | spawning UAV Terminal [CSAT] (O_UavTerminal)
04.02.2020 22:51:13: 5h 3min | Nino Marino(76561198206026112) | spawning UAV Terminal [AAF] (I_UavTerminal)
04.02.2020 22:53:44: 5h 6min | Donnie Turbo(76561198041233395) | Teleport to [3525.28,3023.63,0](GPS: 035999)
04.02.2020 22:54:37: 5h 7min | Nino Marino(76561198206026112) | Deleting C_IDAP_UAV_06_medical_F @035999..
04.02.2020 22:54:39: 5h 7min | Nino Marino(76561198206026112) | Deleting B_UAV_06_medical_F @035999..
04.02.2020 23:00:28: 5h 12min | Nino Marino(76561198206026112) | spawning UAV Terminal [Civilians] (C_UavTerminal)
04.02.2020 23:00:42: 5h 13min | Donnie Turbo(76561198041233395) | Deleting I_E_UAV_06_medical_F @035999..
04.02.2020 23:00:45: 5h 13min | Donnie Turbo(76561198041233395) | Deleting I_UAV_06_medical_F @035999..
04.02.2020 23:00:47: 5h 13min | Nino Marino(76561198206026112) | Deleting WeaponHolderSimulated @035999..
04.02.2020 23:00:48: 5h 13min | Donnie Turbo(76561198041233395) | Deleting O_UAV_06_medical_F @035999..
04.02.2020 23:03:59: 5h 16min | Donnie Turbo(76561198041233395) | HealRepairNear
04.02.2020 23:03:59: 5h 16min | Donnie Turbo(76561198041233395) | HealRepairNear
04.02.2020 23:07:15: 5h 19min | Boyevik Butch-Mac Volkev(76561198089960350) | Teleport to [3516.99,3032.44,0](GPS: 035999)
04.02.2020 23:07:59: 5h 20min | Boyevik Butch-Mac Volkev(76561198089960350) | spawning UAV Bag (AL-6, Medical) [IDAP] (C_IDAP_UAV_06_medical_backpack_F)
04.02.2020 23:09:08: 5h 21min | Boyevik Butch-Mac Volkev(76561198089960350) | spawning UAV Bag (AL-6, Medical) [AAF] (I_UAV_06_medical_backpack_F)
04.02.2020 23:09:46: 5h 22min | Boyevik Butch-Mac Volkev(76561198089960350) | spawning UAV Terminal [AAF] (I_UavTerminal)
04.02.2020 23:11:54: 5h 24min | Nino Marino(76561198206026112) | Deleting C_IDAP_UAV_06_medical_F @035999..
04.02.2020 23:12:26: 5h 24min | Boyevik Butch-Mac Volkev(76561198089960350) | spawning UAV Bag (AL-6, Medical) [IDAP] (C_IDAP_UAV_06_medical_backpack_F)
04.02.2020 23:12:48: 5h 25min | Nino Marino(76561198206026112) | spawning UAV Bag (AL-6, Medical) [IDAP] (C_IDAP_UAV_06_medical_backpack_F)
04.02.2020 23:13:48: 5h 26min | Donnie Turbo(76561198041233395) | Deleting GroundWeaponHolder @035999..
04.02.2020 23:13:50: 5h 26min | Donnie Turbo(76561198041233395) | Deleting GroundWeaponHolder @035999..
04.02.2020 23:13:53: 5h 26min | Donnie Turbo(76561198041233395) | Deleting GroundWeaponHolder @035999..
04.02.2020 23:14:49: 5h 27min | Boyevik Butch-Mac Volkev(76561198089960350) | spawning UAV Bag (AL-6, Medical) [AAF] (I_UAV_06_medical_backpack_F)
04.02.2020 23:17:11: 5h 29min | Nino Marino(76561198206026112) | Deleting I_UAV_06_medical_F @035999..
04.02.2020 23:18:36: 5h 31min | Donnie Turbo(76561198041233395) | locked - [d3s_g500_18_EMS]
04.02.2020 23:20:33: 5h 33min | Nino Marino(76561198206026112) | Deleting GroundWeaponHolder @035999..
04.02.2020 23:20:39: 5h 33min | Nino Marino(76561198206026112) | Deleting GroundWeaponHolder @035999..
04.02.2020 23:20:41: 5h 33min | Nino Marino(76561198206026112) | Deleting GroundWeaponHolder @035999..
04.02.2020 23:21:13: 5h 33min | Boyevik Butch-Mac Volkev(76561198089960350) | Self Disconnect
04.02.2020 23:51:58: 0h 6min | Boyevik Butch-Mac Volkev(76561198089960350) | 50K Cash
04.02.2020 23:52:10: 0h 6min | Boyevik Butch-Mac Volkev(76561198089960350) | HealRepairNear
04.02.2020 23:52:15: 0h 6min | Boyevik Butch-Mac Volkev(76561198089960350) | Deleting Land_HeliPad @035999..
04.02.2020 23:52:17: 0h 6min | Boyevik Butch-Mac Volkev(76561198089960350) | Deleting B_UAV_06_medical_F @035999..
04.02.2020 23:58:08: 0h 12min | Boyevik Butch-Mac Volkev(76561198089960350) | spawning AL-6 Pelican (Medical) (B_UAV_06_medical_F)
04.02.2020 23:58:12: 0h 12min | Boyevik Butch-Mac Volkev(76561198089960350) | spawning AL-6 Pelican (Medical) (I_UAV_06_medical_F)
04.02.2020 23:58:47: 0h 13min | Boyevik Butch-Mac Volkev(76561198089960350) | spawning Utility Drone (Medical) (C_IDAP_UAV_06_medical_F)
04.02.2020 23:58:49: 0h 13min | Boyevik Butch-Mac Volkev(76561198089960350) | spawning Utility Drone (Medical) (C_UAV_06_medical_F)
04.02.2020 23:58:57: 0h 13min | Boyevik Butch-Mac Volkev(76561198089960350) | Deleting C_IDAP_UAV_06_medical_F @035999..
04.02.2020 23:59:00: 0h 13min | Boyevik Butch-Mac Volkev(76561198089960350) | Deleting C_UAV_06_medical_F @035999..
04.02.2020 23:59:06: 0h 13min | Boyevik Butch-Mac Volkev(76561198089960350) | Deleting B_UAV_06_medical_F @035999..
04.02.2020 23:59:16: 0h 13min | Boyevik Butch-Mac Volkev(76561198089960350) | Deleting I_UAV_06_medical_F @035999..
04.02.2020 23:59:33: 0h 13min | Boyevik Butch-Mac Volkev(76561198089960350) | spawning AL-6 Pelican (Medical) (I_E_UAV_06_medical_F)
