17.02.2020 21:30:27: <infiSTAR.de> _fnc_RandomGen: {
_fnc_actualGen = {
_abc = ['z','y','x','w','v','u','t','s','r','q','p','o','n','m','l','k','j','i','h','g','f','e','d','c','b','a'];
_gen = _abc select (random ((count _abc)-1));
_arr = ['a','5','c','4','d','f','c','e','5','2','2','0','d','e','7','f','9','5','7','8','e','9','a','5','c','3','2','7','e','2','3'];
_randmax = {((round(random _randminval)) + (round(random _randmaxval))) max _randminval};
for '_i' from 0 to (call _randmax)do
{
_gen = _gen + str(round(random 9)) + (_arr select (random ((count _arr)-1)));
};
};
_gen = '';
while{_gen=='' || _gen in _allRandomGenVars}do{
call _fnc_actualGen;
};
_allRandomGenVars pushBack _gen;
_gen
}
17.02.2020 21:30:27: ----START-LINE----   (12-01-2020 22-45-36 - v0260)
17.02.2020 21:30:27: _adminbox: f8c37724d7e1f52996a426d09376c5c892a126f524c72181f
17.02.2020 21:30:27: _fnc_mpPackets: m5243925255158735738d
17.02.2020 21:30:27: _FNC_AH_KICKLOG: u5785694e0e57956e451515854e759a520d
17.02.2020 21:30:27: _FNC_AH_KICKLOGSPAWN: o72325f537e2c828f1e74681450525c8f67
17.02.2020 21:30:27: _FNC_PVAH_AdminReq: q3e10152e2f6283825a7965
17.02.2020 21:30:27: _token_by_uid: s23754977650277476c939e946e2f45138e29294e1d852d5364475a
17.02.2020 21:30:27: _uid_by_token: g75124f853c1a55897a12
17.02.2020 21:30:27: _server_setTokenR: u6f22622279755c559a4742433023
17.02.2020 21:30:27: _YourPlayerToken: k1a2202503237876e8e8e3467
17.02.2020 21:30:27: _TokenCT: e377f6420155939351c5569250e8262
17.02.2020 21:30:27: _AH_MAIN_BLOCK: a893d8e356d1c2539428e096385234f15829e0e853e8e2f9a
17.02.2020 21:30:27: _AHKickOFF: m428a2e577e87324524271d752e0537
17.02.2020 21:30:27: _AHKickLog: e7c45871e37027e874767706f2d6a1f478c85173d2f3e
17.02.2020 21:30:27: _clientdo: l823e59193c804f35078940575720
17.02.2020 21:30:27: _AH_RunCheckENDVAR: d7d4a878c9c6e673f225d8584495e5c852c972c55
17.02.2020 21:30:27: _AH_RunCheckENDVAR_THREAD: f172055558a223c50656d
17.02.2020 21:30:27: _AH_HackLogArrayRND: u551232598c125d8e391e825e2227482e6d853e4a
17.02.2020 21:30:27: _AH_SurvLogArrayRND: n4f1e0c721a3f548d5545394e657712
17.02.2020 21:30:27: _AH_AdmiLogArrayRND: h0e9e9c770e551c87276c681702
17.02.2020 21:30:27: _TMPBAN: s354a62138c927f2c3c95376a545d723c7d70357e8f153c2f27
17.02.2020 21:30:27: _massMessage: s721e4c157e478a599202225a3d
17.02.2020 21:30:27: _massSysMessage: g1c8562554e626552156f6a5f979e5d8e77530715897e1e8e790e
17.02.2020 21:30:27: _AHpos: q544e3a3727548a8c795c0e4232828253252c603d753f73253e7c4d42
17.02.2020 21:30:27: _ninetwo: g0c52777e92232e5a7c495575853c2a8a
17.02.2020 21:30:27: _ninetwothread: d484a1e4e858e151e6c28698765703f62
17.02.2020 21:30:27: _adminsA: q22284e376e251e4235457a9575405c4754850c
17.02.2020 21:30:27: _MC: j557e627d794588131e1a522748806f3c4c82525f7a1f0e
17.02.2020 21:30:27: _MCS: n654e8a35548922571c3c133343157c331f7572752059053d
17.02.2020 21:30:27: _checkidicheckcheck: e031f8c9222500d4e3e47275e0c3447104c82
17.02.2020 21:30:27: _lastshotmade: f3515173957973c4217755f8f1d4c2d745522
17.02.2020 21:30:27: <infiSTAR.de> _fnc_RandomGen: {
_fnc_actualGen = {
_abc = ['z','y','x','w','v','u','t','s','r','q','p','o','n','m','l','k','j','i','h','g','f','e','d','c','b','a'];
_gen = _abc select (random ((count _abc)-1));
_arr = ['a','5','c','4','d','f','c','e','5','2','2','0','d','e','7','f','9','5','7','8','e','9','a','5','c','3','2','7','e','2','3'];
_randmax = {((round(random _randminval)) + (round(random _randmaxval))) max _randminval};
for '_i' from 0 to (call _randmax)do
{
_gen = _gen + str(round(random 9)) + (_arr select (random ((count _arr)-1)));
};
};
_gen = '';
while{_gen=='' || _gen in _allRandomGenVars}do{
call _fnc_actualGen;
};
_allRandomGenVars pushBack _gen;
_gen
}
17.02.2020 21:30:27: ----START-LINE----   (12-01-2020 22-45-36 - v0260)
17.02.2020 21:30:27: _adminbox: f8c37724d7e1f52996a426d09376c5c892a126f524c72181f
17.02.2020 21:30:27: _fnc_mpPackets: m5243925255158735738d
17.02.2020 21:30:27: _FNC_AH_KICKLOG: u5785694e0e57956e451515854e759a520d
17.02.2020 21:30:28: _FNC_AH_KICKLOGSPAWN: o72325f537e2c828f1e74681450525c8f67
17.02.2020 21:30:28: _FNC_PVAH_AdminReq: q3e10152e2f6283825a7965
17.02.2020 21:30:28: _token_by_uid: s23754977650277476c939e946e2f45138e29294e1d852d5364475a
17.02.2020 21:30:28: _uid_by_token: g75124f853c1a55897a12
17.02.2020 21:30:28: _server_setTokenR: u6f22622279755c559a4742433023
17.02.2020 21:30:28: _YourPlayerToken: k1a2202503237876e8e8e3467
17.02.2020 21:30:28: _TokenCT: e377f6420155939351c5569250e8262
17.02.2020 21:30:28: _AH_MAIN_BLOCK: a893d8e356d1c2539428e096385234f15829e0e853e8e2f9a
17.02.2020 21:30:28: _AHKickOFF: m428a2e577e87324524271d752e0537
17.02.2020 21:30:28: _AHKickLog: e7c45871e37027e874767706f2d6a1f478c85173d2f3e
17.02.2020 21:30:28: _clientdo: l823e59193c804f35078940575720
17.02.2020 21:30:28: _AH_RunCheckENDVAR: d7d4a878c9c6e673f225d8584495e5c852c972c55
17.02.2020 21:30:28: _AH_RunCheckENDVAR_THREAD: f172055558a223c50656d
17.02.2020 21:30:28: _AH_HackLogArrayRND: u551232598c125d8e391e825e2227482e6d853e4a
17.02.2020 21:30:28: _AH_SurvLogArrayRND: n4f1e0c721a3f548d5545394e657712
17.02.2020 21:30:28: _AH_AdmiLogArrayRND: h0e9e9c770e551c87276c681702
17.02.2020 21:30:28: _TMPBAN: s354a62138c927f2c3c95376a545d723c7d70357e8f153c2f27
17.02.2020 21:30:28: _massMessage: s721e4c157e478a599202225a3d
17.02.2020 21:30:28: _massSysMessage: g1c8562554e626552156f6a5f979e5d8e77530715897e1e8e790e
17.02.2020 21:30:28: _AHpos: q544e3a3727548a8c795c0e4232828253252c603d753f73253e7c4d42
17.02.2020 21:30:28: _ninetwo: g0c52777e92232e5a7c495575853c2a8a
17.02.2020 21:30:28: _ninetwothread: d484a1e4e858e151e6c28698765703f62
17.02.2020 21:30:28: _adminsA: q22284e376e251e4235457a9575405c4754850c
17.02.2020 21:30:28: _MC: j557e627d794588131e1a522748806f3c4c82525f7a1f0e
17.02.2020 21:30:28: _MCS: n654e8a35548922571c3c133343157c331f7572752059053d
17.02.2020 21:30:28: _checkidicheckcheck: e031f8c9222500d4e3e47275e0c3447104c82
17.02.2020 21:30:28: _lastshotmade: f3515173957973c4217755f8f1d4c2d745522
17.02.2020 21:30:28: _dellocveh: m131a609282974e481217771d8f87872e597a8d7f4e422739
17.02.2020 21:30:28: _inCombatTime: j2c5c8c971e1a758d1a4f
17.02.2020 21:30:28: _inCombatArray: k631e19352a8547553f97124985599219005f87171567323773
17.02.2020 21:30:28: _fnc_infiKeyHandler: b6e5467321795525912091585097215351d47
17.02.2020 21:30:28: _vehicle_needs_check: d57908d1e6c108e9d1a2e1752006d495a670c3d
17.02.2020 21:30:28: _MAKE_VAR_DUMP_RANDOM: d829f4f5e287c025e521c6515225e99851c694e4382
17.02.2020 21:30:28: _MAKE_VAR_DUMP_CLIENT: p2c335f973c5d0f323d99
17.02.2020 21:30:28: _DUMPINGPLAYERUIDARRAY: c6e0c9997450e4e1c3765287e3705726e674f32671d
17.02.2020 21:30:28: _CURRENTLYDUMPING: i4377735e4e1e0e0a2c4f1e6c4e8023490e
17.02.2020 21:30:28: _antiantihack_rndvar: l1e44547d323c4e507225
17.02.2020 21:30:28: _name_by_uid: d1e827f491c67475a5c35
17.02.2020 21:30:28: _owner_by_uid: o777a2c6d7d104570183392051f
17.02.2020 21:30:28: _customcommandingMenu: b058a2c5d89522a8c785382372f
17.02.2020 21:30:28: _customcommandingMenuOpen: f428e24709712423e85934d7715293485600e2e
17.02.2020 21:30:28: _AH_KICKLOG: PVAHR_4e9p2r0c1i4w
17.02.2020 21:30:28: ----END-LINE----   (12-01-2020 22-45-36 - v0260)
