16.02.2020 00:13:19: HoyoBani(76561198105940600) CLIENT OWNER ID [21], TOKEN [jlah9fmb1bng7bl5f6]
16.02.2020 00:20:18: [3k-66] W.Blades(76561198281290777) CLIENT OWNER ID [22], TOKEN [j77jmdggb1niqll0v7]
16.02.2020 00:27:31: Simon(76561198139661569) CLIENT OWNER ID [24], TOKEN [dgz0pgtlmxz41vcojdx]
16.02.2020 00:29:04: Sherman(76561198038112694) CLIENT OWNER ID [25], TOKEN [b9csfrchobi9hrz62]
16.02.2020 00:35:21: Sherman(76561198038112694) CLIENT OWNER ID [26], TOKEN [ll4hzrp4beuqme7j]
16.02.2020 00:44:24: [1K-33] R. Tjay(76561198883479728) CLIENT OWNER ID [27], TOKEN [ksyrdjtrtmn49bxom]
16.02.2020 01:38:20: Donnie Turbo(76561198041233395) CLIENT OWNER ID [9], TOKEN [vlvxjubuf889wdm]
16.02.2020 01:48:53: Robert Kennedy(76561198083728776) CLIENT OWNER ID [30], TOKEN [wbxd3toxxpogkdj]
16.02.2020 01:49:13: Ted Kennedy(76561198042633029) CLIENT OWNER ID [29], TOKEN [rmm5i0vbn0ds7u48g]
16.02.2020 02:09:20: K-12 J Shepard(76561198043298972) CLIENT OWNER ID [32], TOKEN [toq72tq4iscd7rgt8v]
16.02.2020 02:10:37: Alexander.Rios(76561198037915534) CLIENT OWNER ID [31], TOKEN [o48gdpsvqj66mkoie]
16.02.2020 02:46:25: Rick Cheney(76561198860031547) CLIENT OWNER ID [35], TOKEN [lro3nu2t65dbkixy8i]
16.02.2020 02:53:48: EasyA(76561198069647294) CLIENT OWNER ID [36], TOKEN [r56z6blc6b9xevnh]
16.02.2020 02:54:53: Jackz(76561198391774624) CLIENT OWNER ID [8], TOKEN [jvbfm95wysfbj70js]
16.02.2020 03:07:47: Rogue Tjay(76561198883479728) CLIENT OWNER ID [37], TOKEN [txp791sxzt3ku3pwmo]
16.02.2020 03:18:19: Low_Poly_Man(76561198137223112) CLIENT OWNER ID [10], TOKEN [b5b8v0wmhv09tm20]
16.02.2020 03:40:43: EasyA(76561198069647294) CLIENT OWNER ID [38], TOKEN [lyuv0vvnobvx2e]
16.02.2020 03:57:31: Sherman(76561198038112694) CLIENT OWNER ID [40], TOKEN [k2rxs1az6zbijzd]
16.02.2020 04:41:33: Sherman(76561198038112694) CLIENT OWNER ID [42], TOKEN [kw44p007xgwb9yvb]
16.02.2020 04:42:16: John Anderson(76561198180893505) CLIENT OWNER ID [43], TOKEN [j6xljf56l9vyw8]
16.02.2020 06:00:06: Nino Marino(76561198206026112) CLIENT OWNER ID [44], TOKEN [f3124x8w4g0m3tb8h]
16.02.2020 15:17:39: Ted Kennedy(76561198042633029) CLIENT OWNER ID [48], TOKEN [wpi40g9c8sc15asb]
16.02.2020 19:21:35: Kyatt Demon(76561198159595292) CLIENT OWNER ID [50], TOKEN [ae7juqt7i3hc0ydaw]
16.02.2020 19:24:08: TrueSpartacus(76561198304771417) CLIENT OWNER ID [51], TOKEN [c95j90fzxtqwwja]
16.02.2020 19:46:44: Kyatt Demon(76561198159595292) CLIENT OWNER ID [50], TOKEN [df4rcs28yicu8im6]
16.02.2020 20:28:14: Kyatt Demon(76561198159595292) CLIENT OWNER ID [52], TOKEN [y3uv4j1bkkqcndt4uq]
16.02.2020 20:33:07: Sherman(76561198038112694) CLIENT OWNER ID [53], TOKEN [r8ul67oymj0lvymks4]
16.02.2020 20:53:02: Jackz(76561198391774624) CLIENT OWNER ID [54], TOKEN [ojknffgoygzxxut6k]
16.02.2020 21:13:54: Low_Poly_Man(76561198137223112) CLIENT OWNER ID [55], TOKEN [um4fyhxk7lpoi1as]
16.02.2020 21:20:40: Low_Poly_Man(76561198137223112) CLIENT OWNER ID [56], TOKEN [bpg6tdipkmw702wil9t]
16.02.2020 21:26:50: AL "BIG AL" GAMBINO(76561198361509989) CLIENT OWNER ID [57], TOKEN [n3u0bq72l43s1iwxcyf]
16.02.2020 21:26:56: WarFire(76561198150464364) CLIENT OWNER ID [58], TOKEN [a1juojt3vjqlienur]
16.02.2020 21:28:47: Sherman(76561198038112694) CLIENT OWNER ID [59], TOKEN [d3c2pe4v5ymrfo3jwv]
16.02.2020 21:52:03: Donnie Turbo(76561198041233395) CLIENT OWNER ID [61], TOKEN [carqt4wuimgoho4p]
16.02.2020 22:21:29: Gen S.Kingston(76561198046640450) CLIENT OWNER ID [60], TOKEN [wl7nx9xvwbk13cxvr]
16.02.2020 22:28:44: HoyoBani(76561198105940600) CLIENT OWNER ID [62], TOKEN [fw8i5twdj89nhmc53fi]
16.02.2020 22:43:58: HoyoBani(76561198105940600) CLIENT OWNER ID [62], TOKEN [yu1piaiv5itksmwd]
16.02.2020 22:49:44: Sherman(76561198038112694) CLIENT OWNER ID [65], TOKEN [gl3qmwn0397z07ae]
16.02.2020 23:08:04: S.Kingston(76561198046640450) CLIENT OWNER ID [67], TOKEN [d1v4sb95tqnugle7]
16.02.2020 23:08:30: S.Kingston(76561198046640450) CLIENT OWNER ID [67], TOKEN [cmkmxo8642tblfrb]
16.02.2020 23:09:47: S.Kingston(76561198046640450) CLIENT OWNER ID [67], TOKEN [jzjj4mgl2jgls6]
16.02.2020 23:21:26: S.Kingston(76561198046640450) CLIENT OWNER ID [68], TOKEN [k8rgfpqu7h7tcu3qzto]
16.02.2020 23:28:15: S.Kingston(76561198046640450) CLIENT OWNER ID [69], TOKEN [g44ns6jofubm1or]
16.02.2020 23:53:31: HoyoBani(76561198105940600) CLIENT OWNER ID [4], TOKEN [mpr5l14tlstmx8]
