21.02.2020 00:32:10: 18h 15min | K-12 J Shepard(76561198043298972) | HealRepairNear
21.02.2020 00:35:02: 18h 18min | HoyoBani(76561198105940600) | infiSTAR Player ESP 1 - 1
21.02.2020 00:35:02: 18h 18min | HoyoBani(76561198105940600) | infiSTAR MapIcons - 1
21.02.2020 00:35:02: 18h 18min | HoyoBani(76561198105940600) | noRecoil - 1
21.02.2020 00:35:41: 18h 19min | HoyoBani(76561198105940600) | Teleport to [3121.95,5079.95,0](GPS: 031020)
21.02.2020 00:36:14: 18h 19min | HoyoBani(76561198105940600) | Teleport to [5397.51,3696.89,0](GPS: 053006)
21.02.2020 00:49:23: 18h 32min | HoyoBani(76561198105940600) | Teleport to [6461.96,3653.07,0](GPS: 064005)
21.02.2020 00:49:26: 18h 32min | HoyoBani(76561198105940600) | Teleport to [5590.61,3681.98,0](GPS: 055006)
21.02.2020 00:51:43: 18h 35min | HoyoBani(76561198105940600) | Teleport to [3420.11,4217.7,0](GPS: 034011)
21.02.2020 00:54:44: 18h 38min | HoyoBani(76561198105940600) | AdminConsole
21.02.2020 00:54:49: 18h 38min | HoyoBani(76561198105940600) | AdminConsole
21.02.2020 00:55:11: 18h 38min | HoyoBani(76561198105940600) | AdminConsole
21.02.2020 00:57:57: 18h 41min | HoyoBani(76561198105940600) | AdminConsole
21.02.2020 00:58:49: 18h 42min | HoyoBani(76561198105940600) | Teleport to [3539.49,5521.19,0](GPS: 035024)
21.02.2020 00:58:55: 18h 42min | HoyoBani(76561198105940600) | Teleport to [2602.08,6575,0](GPS: 026035)
21.02.2020 00:59:38: 18h 42min | Nino Marino(76561198206026112) | SPECTATE - switchedCamera on Donnie Turbo(76561198041233395) - d3s_FPIU_13
21.02.2020 00:59:46: 18h 43min | Nino Marino(76561198206026112) | SPECTATE - switchedCamera on HoyoBani(76561198105940600) - C_man_1
21.02.2020 00:59:49: 18h 43min | Nino Marino(76561198206026112) | SPECTATE - switchedCamera on K-12 J Shepard(76561198043298972) - C_man_1
21.02.2020 00:59:56: 18h 43min | Nino Marino(76561198206026112) | SPECTATE - switchedCamera on Amado Carrillo fuentes(76561198354844800) - I_soldier_UAV_06_medical_F
21.02.2020 01:00:01: 18h 43min | Nino Marino(76561198206026112) | SPECTATE - switchedCamera on Alexander.Rios(76561198037915534) - d3s_FPIU_13
21.02.2020 01:01:22: 18h 44min | Nino Marino(76561198206026112) | God Mode - 1
21.02.2020 01:17:56: 19h 1min | K-12 J Shepard(76561198043298972) | HealRepairNear
21.02.2020 01:18:47: 19h 2min | HoyoBani(76561198105940600) | Teleport to [3409.86,4184.93,0](GPS: 034011)
21.02.2020 01:19:16: 19h 2min | HoyoBani(76561198105940600) | HealRepairNear
21.02.2020 01:22:11: 19h 5min | HoyoBani(76561198105940600) | AdminConsole
21.02.2020 01:28:15: 19h 11min | Donnie Turbo(76561198041233395) | Teleport to [2022.89,4066.69,0](GPS: 020009)
21.02.2020 01:28:30: 19h 11min | Donnie Turbo(76561198041233395) | Teleport to [1797.07,3414.27,0](GPS: 017003)
21.02.2020 01:28:31: 19h 11min | HoyoBani(76561198105940600) | Teleport to [3767.09,4097.79,0](GPS: 037010)
21.02.2020 01:36:53: 19h 20min | Nino Marino(76561198206026112) | God Mode - 0
21.02.2020 01:38:49: 19h 22min | Donnie Turbo(76561198041233395) | Teleport to [3542.61,3176.32,0](GPS: 035001)
21.02.2020 01:39:52: 19h 23min | HoyoBani(76561198105940600) | AdminConsole
21.02.2020 01:41:03: 19h 24min | K-12 J Shepard(76561198043298972) | spawning Dodge Challenger Police Undercover'15 (d3s_challenger_15_CPU)
21.02.2020 01:41:05: 19h 24min | K-12 J Shepard(76561198043298972) | locked - [d3s_challenger_15_CPU]
21.02.2020 01:41:14: 19h 24min | K-12 J Shepard(76561198043298972) | unlocked - [d3s_challenger_15_CPU]
21.02.2020 01:41:15: 19h 24min | K-12 J Shepard(76561198043298972) | locked - [d3s_challenger_15_CPU]
21.02.2020 01:48:14: 19h 31min | K-12 J Shepard(76561198043298972) | unlocked - [d3s_challenger_15_CPU]
21.02.2020 01:49:59: 19h 33min | K-12 J Shepard(76561198043298972) | locked - [d3s_challenger_15_CPU]
21.02.2020 01:50:00: 19h 33min | K-12 J Shepard(76561198043298972) | unlocked - [d3s_challenger_15_CPU]
21.02.2020 01:50:00: 19h 33min | K-12 J Shepard(76561198043298972) | locked - [d3s_challenger_15_CPU]
21.02.2020 01:56:41: 19h 40min | Nino Marino(76561198206026112) | SPECTATE - switchedCamera on AL "BIG AL" GAMBINO(76561198361509989) - d3s_eldorado_76
21.02.2020 02:01:02: 19h 44min | K-12 J Shepard(76561198043298972) | Deleting d3s_challenger_15_CPU @035001..
21.02.2020 02:02:09: 19h 45min | HoyoBani(76561198105940600) | 50K Cash
21.02.2020 02:06:02: 19h 49min | Nino Marino(76561198206026112) | SPECTATE - switchedCamera on Sternn(76561198087299936) - C_man_1
21.02.2020 02:09:18: 19h 52min | Nino Marino(76561198206026112) | SPECTATE - switchedCamera on HoyoBani(76561198105940600) - d3s_oka
21.02.2020 02:09:45: 19h 53min | Donnie Turbo(76561198041233395) | Teleport to [3462.43,4233.46,0](GPS: 034011)
21.02.2020 02:23:23: 20h 6min | Ivan Pershketov(76561198105940600) | infiSTAR Player ESP 1 - 1
21.02.2020 02:34:06: 20h 17min | Ivan Pershketov(76561198105940600) | HealRepairNear
21.02.2020 02:50:42: 20h 34min | Donnie Turbo(76561198041233395) | locked - [d3s_hornet_52]
21.02.2020 03:06:49: 20h 50min | Nino Marino(76561198206026112) | Deleting GroundWeaponHolder @034011..
21.02.2020 03:15:45: 20h 59min | Sergei Kovacic(76561198043298972) | HealRepairNear
21.02.2020 03:24:17: 21h 7min | Sherman(76561198038112694) | Teleport to [3744.3,3225.73,0](GPS: 037001)
21.02.2020 03:24:20: 21h 7min | Donnie Turbo(76561198041233395) | Teleport to [7457.49,3667.19,0](GPS: 074005)
21.02.2020 03:25:29: 21h 8min | Sherman(76561198038112694) | Teleport to [3359.85,3227.67,0](GPS: 033001)
21.02.2020 03:37:35: 21h 20min | Sherman(76561198038112694) | Teleport to [3668.64,3235.83,0](GPS: 036001)
21.02.2020 03:37:42: 21h 21min | Sherman(76561198038112694) | Teleport to [3654.53,3220.78,0](GPS: 036001)
21.02.2020 03:40:44: 21h 24min | Nino Marino(76561198206026112) | HealRepairNear
21.02.2020 03:40:44: 21h 24min | Nino Marino(76561198206026112) | HealRepairNear
21.02.2020 03:43:42: 21h 27min | Sherman(76561198038112694) | HealRepairNear
21.02.2020 03:44:17: 21h 27min | Sherman(76561198038112694) | HealRepairNear
21.02.2020 03:48:59: 21h 32min | Nino Marino(76561198206026112) | Teleport to [2859.21,4617.45,0](GPS: 028015)
21.02.2020 03:51:00: 21h 34min | Donnie Turbo(76561198041233395) | Teleport to [2867.09,4617.86,0](GPS: 028015)
21.02.2020 03:55:24: 21h 38min | Ivan Pershketov(76561198105940600) | Teleport to [2864.84,4615.94,0](GPS: 028015)
21.02.2020 03:56:34: 21h 39min | Sergei Kovacic(76561198043298972) | Teleport to [2860.77,4612.1,0](GPS: 028015)
21.02.2020 03:56:39: 21h 39min | Sergei Kovacic(76561198043298972) | Teleport to [2869.49,4622.06,0](GPS: 028015)
21.02.2020 03:56:41: 21h 40min | Ivan Pershketov(76561198105940600) | Teleport - Target To Me - Sergei Kovacic [CIV](76561198043298972)
21.02.2020 04:06:25: 21h 49min | Nino Marino(76561198206026112) | Teleport to [2776.22,4592.78,0](GPS: 027015)
21.02.2020 04:06:32: 21h 49min | Sergei Kovacic(76561198043298972) | Teleport to [2699.28,4580.35,0](GPS: 026015)
21.02.2020 04:06:34: 21h 49min | Donnie Turbo(76561198041233395) | Teleport to [3465.04,3004.31,0](GPS: 034999)
21.02.2020 04:06:35: 21h 49min | Ivan Pershketov(76561198105940600) | Teleport to [2706.85,4578.93,0](GPS: 027015)
21.02.2020 04:06:38: 21h 49min | Sherman(76561198038112694) | Teleport to [2703.38,4579.48,0](GPS: 027015)
21.02.2020 04:10:11: 21h 53min | Ivan Pershketov(76561198105940600) | Added 20 cuddlesBandaids to Sergei Kovacic!
21.02.2020 04:15:40: 21h 59min | Sergei Kovacic(76561198043298972) | HealRepairNear
21.02.2020 04:27:32: 22h 10min | Nino Marino(76561198206026112) | SPECTATE - switchedCamera on Zander Marino(76561198180893505) - Jonzie_Ambulance
21.02.2020 04:27:36: 22h 10min | Nino Marino(76561198206026112) | SPECTATE - switchedCamera on Donnie Turbo(76561198041233395) - Jonzie_Ambulance
21.02.2020 04:27:37: 22h 10min | Nino Marino(76561198206026112) | SPECTATE - switchedCamera on Alexander.Rios(76561198037915534) - B_RangeMaster_F
21.02.2020 04:27:41: 22h 11min | Nino Marino(76561198206026112) | SPECTATE - switchedCamera on Ivan Pershketov(76561198105940600) - C_man_1
21.02.2020 04:27:45: 22h 11min | Nino Marino(76561198206026112) | SPECTATE - switchedCamera on [3k-66] W.Blades(76561198281290777) - B_RangeMaster_F
21.02.2020 04:27:51: 22h 11min | Nino Marino(76561198206026112) | SPECTATE - switchedCamera on Sherman(76561198038112694) - B_RangeMaster_F
21.02.2020 04:28:08: 22h 11min | Nino Marino(76561198206026112) | God Mode - 1
21.02.2020 04:37:24: 22h 20min | Sherman(76561198038112694) | HealRepairNear
21.02.2020 05:10:50: 22h 54min | Nino Marino(76561198206026112) | God Mode - 0
