30.01.2020 00:12:14: 1h 2min | Nino Marino(76561198206026112) | 500K Cash
30.01.2020 00:21:54: 1h 11min | Nino Marino(76561198206026112) | Teleport to [4831.11,2540.43,0](GPS: 048994)
30.01.2020 00:30:35: 1h 20min | Nino Marino(76561198206026112) | HealRepairNear
30.01.2020 00:30:36: 1h 20min | Nino Marino(76561198206026112) | HealRepairNear
30.01.2020 00:39:06: 1h 29min | Wyclef(76561198038112694) | HealRepairNear
30.01.2020 00:49:04: 1h 39min | Nino Marino(76561198206026112) | SPECTATE - switchedCamera on Eriden Parker(76561198054085448) - C_man_1
30.01.2020 00:49:22: 1h 39min | Nino Marino(76561198206026112) | Heal - civ_1(76561198054085448)
30.01.2020 00:49:25: 1h 39min | Nino Marino(76561198206026112) | Teleport - Me To Target - Eriden Parker [CIV](76561198054085448)
30.01.2020 00:50:13: 1h 40min | Nino Marino(76561198206026112) | Heal - civ_2(76561198206026112)
30.01.2020 00:50:51: 1h 40min | Nino Marino(76561198206026112) | Teleport to [3504.44,4164.81,0](GPS: 035010)
30.01.2020 00:53:34: 1h 43min | Nino Marino(76561198206026112) | Added 1 etablis to Nino Marino!
30.01.2020 00:53:56: 1h 43min | Wyclef(76561198038112694) | HealRepairNear
30.01.2020 00:55:45: 1h 45min | Nino Marino(76561198206026112) | God Mode - 1
30.01.2020 01:01:18: 1h 51min | Nino Marino(76561198206026112) | Teleport - Target To Me - AL "BIG AL" GAMBINO [CIV](76561198361509989)
30.01.2020 01:07:18: 1h 57min | Nino Marino(76561198206026112) | Deleting GroundWeaponHolder @033011..
30.01.2020 01:10:35: 2h 0min | Nino Marino(76561198206026112) | Deleting GroundWeaponHolder @033011..
30.01.2020 01:13:57: 2h 4min | Nino Marino(76561198206026112) | Deleting GroundWeaponHolder @034010..
30.01.2020 01:14:16: 2h 4min | Nino Marino(76561198206026112) | Deleting GroundWeaponHolder @033011..
30.01.2020 01:16:46: 2h 6min | Nino Marino(76561198206026112) | Added 20 cocaine_processeds to Nino Marino!
30.01.2020 01:18:14: 2h 8min | Nino Marino(76561198206026112) | Added 10 cocaine_processeds to Nino Marino!
30.01.2020 01:27:22: 2h 17min | Boyevik Butch-Mac Volkev(76561198089960350) | Teleport In Facing Direction (10m steps) - 1
30.01.2020 01:27:35: 2h 17min | Boyevik Butch-Mac Volkev(76561198089960350) | infiSTAR MapIcons - 1
30.01.2020 01:28:04: 2h 18min | Boyevik Butch-Mac Volkev(76561198089960350) | HealRepairNear
30.01.2020 01:28:07: 2h 18min | Wyclef(76561198038112694) | Added 5 lockpicks to Wyclef!
30.01.2020 01:32:09: 2h 22min | Boyevik Butch-Mac Volkev(76561198089960350) | Teleport to [3931.16,3609.91,0](GPS: 039005)
30.01.2020 01:32:20: 2h 22min | Wyclef(76561198038112694) | Teleport to [3926.93,3612.01,0](GPS: 039005)
30.01.2020 01:32:27: 2h 22min | Boyevik Butch-Mac Volkev(76561198089960350) | Teleport to [3665.3,3248.01,0](GPS: 036001)
30.01.2020 01:32:31: 2h 22min | Wyclef(76561198038112694) | Teleport to [3681.12,3269.8,0](GPS: 036001)
30.01.2020 01:32:56: 2h 23min | Wyclef(76561198038112694) | Teleport to [3935.87,3607.36,0](GPS: 039005)
30.01.2020 01:33:36: 2h 23min | Boyevik Butch-Mac Volkev(76561198089960350) | HealRepairNear
30.01.2020 01:38:01: 2h 28min | Boyevik Butch-Mac Volkev(76561198089960350) | Teleport - Target To Me - Javier Escuella [CIV](76561198370210333)
30.01.2020 01:40:35: 2h 30min | Wyclef(76561198038112694) | Deleting GroundWeaponHolder @031019..
30.01.2020 01:46:21: 2h 36min | Wyclef(76561198038112694) | HealRepairNear
30.01.2020 01:46:29: 2h 36min | Wyclef(76561198038112694) | HealRepairNear
30.01.2020 01:51:09: 2h 41min | Héctor "Lil Loco" Arturo(76561197999316388) | Teleport to [3907.52,3635.79,0](GPS: 039005)
30.01.2020 01:53:00: 2h 43min | Héctor "Lil Loco" Arturo(76561197999316388) | Teleport to [3135.22,5068.79,0](GPS: 031019)
30.01.2020 01:53:13: 2h 43min | Héctor "Lil Loco" Arturo(76561197999316388) | Deleting GroundWeaponHolder @031019..
30.01.2020 01:53:26: 2h 43min | Héctor "Lil Loco" Arturo(76561197999316388) | 50K Cash
30.01.2020 01:53:59: 2h 44min | [1k-40] Jose Santana(76561198206026112) | SPECTATE - switchedCamera on Boyevik Butch-Mac Volkev(76561198089960350) - d3s_h1_06
30.01.2020 01:54:05: 2h 44min | [1k-40] Jose Santana(76561198206026112) | SPECTATE - switchedCamera on Héctor "Lil Loco" Arturo(76561197999316388) - C_man_1
30.01.2020 01:54:17: 2h 44min | [1k-40] Jose Santana(76561198206026112) | SPECTATE - switchedCamera on Boyevik Butch-Mac Volkev(76561198089960350) - d3s_h1_06
30.01.2020 01:54:26: 2h 44min | [1k-40] Jose Santana(76561198206026112) | SPECTATE - switchedCamera on John Anderson(76561198180893505) - C_man_1
30.01.2020 01:54:31: 2h 44min | [1k-40] Jose Santana(76561198206026112) | SPECTATE - switchedCamera on Wyclef(76561198038112694) - d3s_eldorado_76
30.01.2020 01:54:32: 2h 44min | [1k-40] Jose Santana(76561198206026112) | SPECTATE - switchedCamera on Wyclef(76561198038112694) - d3s_eldorado_76
30.01.2020 01:54:50: 2h 44min | Héctor "Lil Loco" Arturo(76561197999316388) | 750K Cash
30.01.2020 01:54:51: 2h 44min | Héctor "Lil Loco" Arturo(76561197999316388) | 250K Cash
30.01.2020 01:55:05: 2h 45min | Héctor "Lil Loco" Arturo(76561197999316388) | unlocked - [d3s_insurgent_gtaV]
30.01.2020 01:55:12: 2h 45min | Héctor "Lil Loco" Arturo(76561197999316388) | Teleport to [6126.38,3013.46,0](GPS: 061999)
30.01.2020 01:56:24: 2h 46min | Wyclef(76561198038112694) | Teleport to [6728.44,2474.15,0](GPS: 067994)
30.01.2020 01:56:36: 2h 46min | Wyclef(76561198038112694) | Teleport to [6797.57,2478.6,0](GPS: 067994)
30.01.2020 01:57:27: 2h 47min | Boyevik Butch-Mac Volkev(76561198089960350) | infiSTAR MapIcons - 0
30.01.2020 02:04:37: 2h 54min | Héctor "Lil Loco" Arturo(76561197999316388) | Stealth / Invisible - 1
30.01.2020 02:04:42: 2h 54min | Héctor "Lil Loco" Arturo(76561197999316388) | Revive - civ_2(76561197999316388)
30.01.2020 02:04:43: 2h 54min | Héctor "Lil Loco" Arturo(76561197999316388) | Teleport to [5962.49,3010.62,0](GPS: 059999)
30.01.2020 02:05:11: 2h 55min | Héctor "Lil Loco" Arturo(76561197999316388) | Teleport to [6854.26,2541.41,0](GPS: 068994)
30.01.2020 02:05:40: 2h 55min | Héctor "Lil Loco" Arturo(76561197999316388) | Teleport to [5431.14,4350.36,0](GPS: 054012)
30.01.2020 02:06:39: 2h 56min | Héctor "Lil Loco" Arturo(76561197999316388) | Stealth / Invisible - 0
30.01.2020 02:07:32: 2h 57min | Héctor "Lil Loco" Arturo(76561197999316388) | Stealth / Invisible - 1
30.01.2020 02:07:36: 2h 57min | Héctor "Lil Loco" Arturo(76561197999316388) | Teleport to [6812.6,2473.34,0](GPS: 068994)
30.01.2020 02:07:41: 2h 57min | Boyevik Butch-Mac Volkev(76561198089960350) | unlocked - [d3s_insurgent_gtaV]
30.01.2020 02:07:44: 2h 57min | Héctor "Lil Loco" Arturo(76561197999316388) | Vehicle God Mode - 1
30.01.2020 02:07:45: 2h 57min | Héctor "Lil Loco" Arturo(76561197999316388) | God Mode - 1
30.01.2020 02:07:45: 2h 57min | Héctor "Lil Loco" Arturo(76561197999316388) | Vehicle God Mode - 0
30.01.2020 02:08:23: 2h 58min | Héctor "Lil Loco" Arturo(76561197999316388) | Teleport to [6878.01,2570.1,0](GPS: 068994)
30.01.2020 02:08:36: 2h 58min | Héctor "Lil Loco" Arturo(76561197999316388) | Teleport to [6928.5,2471.87,0](GPS: 069993)
30.01.2020 02:08:40: 2h 58min | Héctor "Lil Loco" Arturo(76561197999316388) | Teleport to [6697.04,2463.58,0](GPS: 066993)
30.01.2020 02:14:24: 3h 4min | Héctor "Lil Loco" Arturo(76561197999316388) | Revive - cop_3(76561198860031547)
30.01.2020 02:14:27: 3h 4min | Héctor "Lil Loco" Arturo(76561197999316388) | Teleport - Target To Me - Rick Cheney [WEST](76561198860031547)
30.01.2020 02:14:33: 3h 4min | Héctor "Lil Loco" Arturo(76561197999316388) | Revive - cop_1(76561198054085448)
30.01.2020 02:14:38: 3h 4min | Héctor "Lil Loco" Arturo(76561197999316388) | Teleport - Target To Me - Eriden Parker [WEST](76561198054085448)
30.01.2020 02:14:57: 3h 5min | Héctor "Lil Loco" Arturo(76561197999316388) | Revive - cop_4(76561198206026112)
30.01.2020 02:15:01: 3h 5min | Héctor "Lil Loco" Arturo(76561197999316388) | Revive - cop_2(76561198883479728)
30.01.2020 02:15:14: 3h 5min | Héctor "Lil Loco" Arturo(76561197999316388) | infiSTAR MapIcons - 1
30.01.2020 02:15:53: 3h 5min | Wyclef(76561198038112694) | Teleport to [2343.71,3450.73,0](GPS: 023003)
30.01.2020 02:16:35: 3h 6min | Héctor "Lil Loco" Arturo(76561197999316388) | Stealth / Invisible - 0
30.01.2020 02:18:31: 3h 8min | Héctor "Lil Loco" Arturo(76561197999316388) | SPECTATE - switchedCamera on [1K-33] R. Tjay(76561198883479728) - B_RangeMaster_F
30.01.2020 02:18:45: 3h 8min | Héctor "Lil Loco" Arturo(76561197999316388) | Parachute Target - [1K-33] R. Tjay [WEST](76561198883479728)
30.01.2020 02:20:00: 3h 10min | Héctor "Lil Loco" Arturo(76561197999316388) | Vehicle Marker - 1
30.01.2020 02:20:29: 3h 10min | Wyclef(76561198038112694) | Revive - civ_7(76561198089960350)
30.01.2020 02:20:29: 3h 10min | Héctor "Lil Loco" Arturo(76561197999316388) | Revive - civ_7(76561198089960350)
30.01.2020 02:20:35: 3h 10min | Wyclef(76561198038112694) | Teleport to [1777.54,3507.63,0](GPS: 017004)
30.01.2020 02:20:54: 3h 10min | Héctor "Lil Loco" Arturo(76561197999316388) | Teleport to [3842.2,3270.11,0](GPS: 038001)
30.01.2020 02:20:58: 3h 11min | Héctor "Lil Loco" Arturo(76561197999316388) | Teleport - Target To Me - Eriden Parker [WEST](76561198054085448)
30.01.2020 02:21:00: 3h 11min | Héctor "Lil Loco" Arturo(76561197999316388) | Teleport - Target To Me - Rick Cheney [WEST](76561198860031547)
30.01.2020 02:21:15: 3h 11min | Héctor "Lil Loco" Arturo(76561197999316388) | Teleport - Target To Me - [1k-40] Jose Santana [WEST](76561198206026112)
30.01.2020 02:21:34: 3h 11min | Héctor "Lil Loco" Arturo(76561197999316388) | Deleting GroundWeaponHolder @038001..
30.01.2020 02:21:44: 3h 11min | Héctor "Lil Loco" Arturo(76561197999316388) | Teleport to [1660.5,3622.86,0](GPS: 016005)
30.01.2020 02:22:06: 3h 12min | Boyevik Butch-Mac Volkev(76561198089960350) | infiSTAR MapIcons - 1
30.01.2020 02:22:16: 3h 12min | Héctor "Lil Loco" Arturo(76561197999316388) | Teleport to [6794.86,2568.85,0](GPS: 067994)
30.01.2020 02:22:19: 3h 12min | Héctor "Lil Loco" Arturo(76561197999316388) | Deleting d3s_tiger_233034 @068994..
30.01.2020 02:22:20: 3h 12min | Héctor "Lil Loco" Arturo(76561197999316388) | Teleport to [6726.03,2463.38,0](GPS: 067993)
30.01.2020 02:22:22: 3h 12min | Héctor "Lil Loco" Arturo(76561197999316388) | Deleting d3s_tiger_233034 @067993..
30.01.2020 02:22:29: 3h 12min | Héctor "Lil Loco" Arturo(76561197999316388) | Teleport to [1657.51,3620.74,0](GPS: 016005)
30.01.2020 02:22:32: 3h 12min | Héctor "Lil Loco" Arturo(76561197999316388) | HealRepairNear
30.01.2020 02:22:40: 3h 12min | Wyclef(76561198038112694) | HealRepairNear
30.01.2020 02:22:56: 3h 12min | Héctor "Lil Loco" Arturo(76561197999316388) | Deleting d3s_insurgent_gtaV @016005..
30.01.2020 02:32:06: 3h 22min | Wyclef(76561198038112694) | Added 5 cocaine_processeds to Wyclef!
30.01.2020 02:32:41: 3h 22min | Héctor "Lil Loco" Arturo(76561197999316388) | spawning coca (200g) (pop_coca_b)
30.01.2020 02:47:33: 3h 37min | Wyclef(76561198038112694) | Teleport to [3933.83,3589.21,0](GPS: 039005)
30.01.2020 02:48:52: 3h 38min | Wyclef(76561198038112694) | Teleport to [3516.98,3087.54,0](GPS: 035000)
30.01.2020 02:49:28: 3h 39min | Wyclef(76561198038112694) | Teleport to [3898.34,3623.83,0](GPS: 038005)
30.01.2020 02:54:01: 3h 44min | Wyclef(76561198038112694) | Teleport to [5439.22,3046.74,0](GPS: 054999)
30.01.2020 03:02:21: 3h 52min | Jbo Marino[201](76561198206026112) | SPECTATE - switchedCamera on Davey Jones(76561198166473448) - C_man_1
30.01.2020 03:02:59: 3h 53min | Jbo Marino[201](76561198206026112) | SPECTATE - switchedCamera on Rick Cheney(76561198860031547) - d3s_charger_15_CPP
30.01.2020 03:03:03: 3h 53min | Jbo Marino[201](76561198206026112) | SPECTATE - switchedCamera on Stanley Thompson [1K-75](76561198180893505) - d3s_charger_15_CPP
30.01.2020 03:03:06: 3h 53min | Jbo Marino[201](76561198206026112) | SPECTATE - switchedCamera on Eddie Spaghetti(76561198046997779) - d3s_qx56_13_EX2
30.01.2020 03:03:11: 3h 53min | Jbo Marino[201](76561198206026112) | SPECTATE - switchedCamera on Eriden Parker(76561198054085448) - B_RangeMaster_F
30.01.2020 03:03:19: 3h 53min | Jbo Marino[201](76561198206026112) | SPECTATE - switchedCamera on [1K-12] J Shepard(76561198043298972) - d3s_charger_15_CPP
30.01.2020 03:03:34: 3h 53min | Jbo Marino[201](76561198206026112) | SPECTATE - switchedCamera on Eriden Parker(76561198054085448) - B_RangeMaster_F
30.01.2020 03:03:36: 3h 53min | Jbo Marino[201](76561198206026112) | SPECTATE - switchedCamera on Héctor "Lil Loco" Arturo(76561197999316388) - C_man_1
30.01.2020 03:03:41: 3h 53min | Jbo Marino[201](76561198206026112) | SPECTATE - switchedCamera on Uriah Oxford(76561198027608434) - d3s_beetle_04
30.01.2020 03:03:49: 3h 53min | Jbo Marino[201](76561198206026112) | SPECTATE - switchedCamera on Davey Jones(76561198166473448) - d3s_gl63amg_12_SE
30.01.2020 03:03:52: 3h 53min | Jbo Marino[201](76561198206026112) | SPECTATE - switchedCamera on Javier Escuella(76561198370210333) - d3s_gl63amg_12_SE
30.01.2020 03:03:58: 3h 54min | Jbo Marino[201](76561198206026112) | SPECTATE - switchedCamera on [1K-12] J Shepard(76561198043298972) - B_RangeMaster_F
30.01.2020 03:04:05: 3h 54min | Jbo Marino[201](76561198206026112) | SPECTATE - switchedCamera on Davey Jones(76561198166473448) - d3s_gl63amg_12_SE
30.01.2020 03:04:07: 3h 54min | Wyclef(76561198038112694) | Deleting GroundWeaponHolder @054999..
30.01.2020 03:08:34: 3h 58min | Wyclef(76561198038112694) | HealRepairNear
30.01.2020 03:15:11: 4h 5min | Héctor "Lil Loco" Arturo(76561197999316388) | SPECTATE - switchedCamera on Uriah Oxford(76561198027608434) - C_man_1
30.01.2020 03:16:51: 4h 6min | Wyclef(76561198038112694) | Teleport to [3623.34,3293.61,0](GPS: 036002)
30.01.2020 03:22:48: 4h 12min | Wyclef(76561198038112694) | HealRepairNear
30.01.2020 03:31:36: 4h 21min | Héctor "Lil Loco" Arturo(76561197999316388) | UnlimAmmo - 1
30.01.2020 03:31:40: 4h 21min | Héctor "Lil Loco" Arturo(76561197999316388) | FastFire - 1
30.01.2020 03:35:30: 4h 25min | Jbo Marino[201](76561198206026112) | God Mode - 1
30.01.2020 03:35:31: 4h 25min | Jbo Marino[201](76561198206026112) | Stealth / Invisible - 1
30.01.2020 03:35:43: 4h 25min | Jbo Marino[201](76561198206026112) | Stealth / Invisible - 0
30.01.2020 03:35:44: 4h 25min | Jbo Marino[201](76561198206026112) | Stealth / Invisible - 1
30.01.2020 03:35:51: 4h 25min | Jbo Marino[201](76561198206026112) | Teleport to [3865.92,3217.38,0](GPS: 038001)
30.01.2020 03:37:31: 4h 27min | Héctor "Lil Loco" Arturo(76561197999316388) | infiSTAR MapIcons - 1
30.01.2020 03:37:34: 4h 27min | Héctor "Lil Loco" Arturo(76561197999316388) | UnlimAmmo - 1
30.01.2020 03:39:06: 4h 29min | Jbo Marino[201](76561198206026112) | Teleport - Me To Target - Javier Escuella [CIV](76561198370210333)
30.01.2020 03:39:23: 4h 29min | Jbo Marino[201](76561198206026112) | Move In Target Vehicle - Javier Escuella [CIV](76561198370210333)
30.01.2020 03:40:13: 4h 30min | Jbo Marino[201](76561198206026112) | Unrestrain - civ_8(76561198370210333)
30.01.2020 03:40:32: 4h 30min | Jbo Marino[201](76561198206026112) | Unrestrain - civ_8(76561198370210333)
30.01.2020 03:40:40: 4h 30min | Jbo Marino[201](76561198206026112) | Heal - civ_8(76561198370210333)
30.01.2020 03:40:43: 4h 30min | Jbo Marino[201](76561198206026112) | Heal - civ_1(76561198046997779)
30.01.2020 03:40:44: 4h 30min | Carlos F. Diaz(76561197999316388) | infiSTAR MapIcons - 1
30.01.2020 03:42:13: 4h 32min | Jbo Marino[201](76561198206026112) | Teleport to [3863.54,3207.04,0](GPS: 038001)
30.01.2020 03:53:07: 4h 43min | Carlos F. Diaz(76561197999316388) | unlocked - [d3s_qx56_13_EX2]
30.01.2020 03:53:14: 4h 43min | Carlos F. Diaz(76561197999316388) | locked - [d3s_qx56_13_EX2]
30.01.2020 03:53:45: 4h 43min | Carlos F. Diaz(76561197999316388) | Teleport to [37.872,8148.38,0](GPS: 000050)
30.01.2020 03:53:48: 4h 43min | Jbo Marino[201](76561198206026112) | SPECTATE - switchedCamera on Eriden Parker(76561198054085448) - B_RangeMaster_F
30.01.2020 03:53:55: 4h 43min | Jbo Marino[201](76561198206026112) | Heal - cop_1(76561198054085448)
30.01.2020 03:54:09: 4h 44min | Carlos F. Diaz(76561197999316388) | Teleport to [3769.59,3033.51,0](GPS: 037999)
30.01.2020 03:54:27: 4h 44min | Jbo Marino[201](76561198206026112) | Stealth / Invisible - 0
30.01.2020 03:54:28: 4h 44min | Jbo Marino[201](76561198206026112) | Stealth / Invisible - 1
30.01.2020 03:54:51: 4h 44min | Carlos F. Diaz(76561197999316388) | Teleport to [3707.72,3091.64,0](GPS: 037000)
30.01.2020 03:55:07: 4h 45min | Jbo Marino[201](76561198206026112) | Heal - cop_1(76561198054085448)
30.01.2020 03:55:21: 4h 45min | Carlos F. Diaz(76561197999316388) | Teleport to [3655.15,3243.84,0](GPS: 036001)
30.01.2020 03:58:22: 4h 48min | Carlos F. Diaz(76561197999316388) | 100K Cash
30.01.2020 04:00:52: 4h 50min | Carlos F. Diaz(76561197999316388) | Teleport In Facing Direction (10m steps) - 1
30.01.2020 04:01:22: 4h 51min | Carlos F. Diaz(76561197999316388) | Teleport In Facing Direction (10m steps) - 0
30.01.2020 04:06:12: 4h 56min | Carlos F. Diaz(76561197999316388) | 50K Cash
30.01.2020 04:06:44: 4h 56min | Wyclef(76561198038112694) | HealRepairNear
30.01.2020 04:08:03: 4h 58min | Carlos F. Diaz(76561197999316388) | HealRepairNear
30.01.2020 04:10:50: 5h 0min | Jbo Marino[201](76561198206026112) | Teleport to [3887.23,3704.21,0](GPS: 038006)
30.01.2020 04:11:05: 5h 1min | Jbo Marino[201](76561198206026112) | Stealth / Invisible - 0
30.01.2020 04:11:06: 5h 1min | Jbo Marino[201](76561198206026112) | God Mode - 0
30.01.2020 04:16:53: 5h 6min | Wyclef(76561198038112694) | Added 5 zipties to Wyclef!
30.01.2020 04:17:07: 5h 7min | Wyclef(76561198038112694) | Added 10 coffees to Wyclef!
30.01.2020 04:17:24: 5h 7min | Wyclef(76561198038112694) | Added 10 donutss to Wyclef!
30.01.2020 04:21:16: 5h 11min | Carlos F. Diaz(76561197999316388) | SPECTATE - switchedCamera on Davey Jones(76561198166473448) - C_man_1
30.01.2020 04:24:10: 5h 14min | Wyclef(76561198038112694) | Deleting d3s_zil_130_06 @038001..
30.01.2020 04:24:14: 5h 14min | Wyclef(76561198038112694) | HealRepairNear
30.01.2020 04:24:44: 5h 14min | Wyclef(76561198038112694) | Teleport to [3930.74,3609.04,0](GPS: 039005)
30.01.2020 04:25:33: 5h 15min | Carlos F. Diaz(76561197999316388) | SPECTATE - switchedCamera on Rick Cheney(76561198860031547) - B_RangeMaster_F
30.01.2020 04:26:01: 5h 16min | Wyclef(76561198038112694) | Teleport to [34.2624,8161.21,0](GPS: 000050)
30.01.2020 04:26:26: 5h 16min | Wyclef(76561198038112694) | Teleport to [3930.49,3609.54,0](GPS: 039005)
30.01.2020 04:26:44: 5h 16min | Wyclef(76561198038112694) | Teleport to [3849.96,3258.72,0](GPS: 038001)
30.01.2020 04:28:01: 5h 18min | Wyclef(76561198038112694) | Teleport to [3930.26,3605.1,0](GPS: 039005)
30.01.2020 04:29:17: 5h 19min | Jbo Marino[201](76561198206026112) | Deleting GroundWeaponHolder @038001..
30.01.2020 04:32:22: 5h 22min | Jbo Marino[201](76561198206026112) | spawning Axe (Max_axe)
30.01.2020 04:36:48: 5h 26min | Wyclef(76561198038112694) | Teleport to [3891.16,3262.78,0](GPS: 038001)
30.01.2020 04:41:17: 5h 31min | Jbo Marino[201](76561198206026112) | SPECTATE - switchedCamera on Davey Jones(76561198166473448) - C_man_1
30.01.2020 04:44:05: 5h 34min | Jbo Marino[201](76561198206026112) | SPECTATE - switchedCamera on Boyevik Butch-Mac Volkev(76561198089960350) - C_man_1
30.01.2020 04:44:21: 5h 34min | Jbo Marino[201](76561198206026112) | SPECTATE - switchedCamera on Carlos F. Diaz(76561197999316388) - C_man_1
30.01.2020 04:44:44: 5h 34min | Jbo Marino[201](76561198206026112) | SPECTATE - switchedCamera on [1K-12] J Shepard(76561198043298972) - B_RangeMaster_F
30.01.2020 04:44:51: 5h 34min | Jbo Marino[201](76561198206026112) | SPECTATE - switchedCamera on Eriden Parker(76561198054085448) - d3s_charger_15_CPP
30.01.2020 04:44:57: 5h 35min | Jbo Marino[201](76561198206026112) | SPECTATE - switchedCamera on Wyclef(76561198038112694) - C_man_1
30.01.2020 04:45:04: 5h 35min | Jbo Marino[201](76561198206026112) | SPECTATE - switchedCamera on Stanley Thompson [1K-75](76561198180893505) - d3s_charger_15_CPP
30.01.2020 04:45:53: 5h 35min | Boyevik Butch-Mac Volkev(76561198089960350) | Teleport to [3931.22,3606.38,0](GPS: 039005)
30.01.2020 04:47:17: 5h 37min | Wyclef(76561198038112694) | HealRepairNear
30.01.2020 04:48:24: 5h 38min | Wyclef(76561198038112694) | Eject Crew - Wyclef [CIV](76561198038112694)
30.01.2020 04:50:32: 5h 40min | Jbo Marino[201](76561198206026112) | spawning Maggii Noodles (MaggiiNoodle)
30.01.2020 04:50:37: 5h 40min | Jbo Marino[201](76561198206026112) | spawning Bread (Bread)
30.01.2020 04:50:38: 5h 40min | Jbo Marino[201](76561198206026112) | spawning VB Can (VBCan)
30.01.2020 04:50:41: 5h 40min | Jbo Marino[201](76561198206026112) | spawning Maggii Noodles (MaggiiNoodle)
30.01.2020 04:50:42: 5h 40min | Jbo Marino[201](76561198206026112) | spawning Maggii Noodles (MaggiiNoodle)
30.01.2020 04:50:43: 5h 40min | Jbo Marino[201](76561198206026112) | spawning Meat Pie (MeatPie)
30.01.2020 04:50:44: 5h 40min | Jbo Marino[201](76561198206026112) | spawning Meat Pie (MeatPie)
30.01.2020 04:50:46: 5h 40min | Jbo Marino[201](76561198206026112) | spawning BBQ Shapes (Shapes)
30.01.2020 04:50:47: 5h 40min | Wyclef(76561198038112694) | Teleport to [3934.66,3586.37,0](GPS: 039005)
30.01.2020 04:50:51: 5h 40min | Jbo Marino[201](76561198206026112) | spawning Party Pack (PartyPack)
30.01.2020 04:50:52: 5h 40min | Jbo Marino[201](76561198206026112) | spawning Smith Chips (SmithsChips)
30.01.2020 04:50:54: 5h 40min | Jbo Marino[201](76561198206026112) | spawning Smith Chips (SmithsChips)
30.01.2020 04:50:54: 5h 40min | Jbo Marino[201](76561198206026112) | spawning Smith Chips (SmithsChips)
30.01.2020 04:51:03: 5h 41min | Jbo Marino[201](76561198206026112) | spawning WeetBix (WeetBix)
30.01.2020 04:51:40: 5h 41min | Boyevik Butch-Mac Volkev(76561198089960350) | UnlimAmmo - 1
30.01.2020 04:51:41: 5h 41min | Boyevik Butch-Mac Volkev(76561198089960350) | FastFire - 1
30.01.2020 04:51:41: 5h 41min | Boyevik Butch-Mac Volkev(76561198089960350) | noRecoil - 1
30.01.2020 04:51:47: 5h 41min | Boyevik Butch-Mac Volkev(76561198089960350) | FastFire - 0
30.01.2020 04:51:48: 5h 41min | Boyevik Butch-Mac Volkev(76561198089960350) | UnlimAmmo - 0
30.01.2020 04:51:49: 5h 41min | Boyevik Butch-Mac Volkev(76561198089960350) | noRecoil - 0
30.01.2020 04:52:11: 5h 42min | Boyevik Butch-Mac Volkev(76561198089960350) | UnlimAmmo - 1
30.01.2020 04:52:12: 5h 42min | Boyevik Butch-Mac Volkev(76561198089960350) | FastFire - 1
30.01.2020 04:52:18: 5h 42min | Boyevik Butch-Mac Volkev(76561198089960350) | FastFire - 0
30.01.2020 04:52:18: 5h 42min | Boyevik Butch-Mac Volkev(76561198089960350) | UnlimAmmo - 0
30.01.2020 04:53:41: 5h 43min | Carlos F. Diaz(76561197999316388) | HealRepairNear
30.01.2020 04:55:24: 5h 45min | Boyevik Butch-Mac Volkev(76561198089960350) | SPECTATE - switchedCamera on Javier Escuella(76561198370210333) - d3s_wrx_sti_17
30.01.2020 04:57:12: 5h 47min | Jbo Marino[201](76561198206026112) | SPECTATE - switchedCamera on Stanley Thompson [1K-75](76561198180893505) - d3s_charger_15_CPP
30.01.2020 04:57:41: 5h 47min | Jbo Marino[201](76561198206026112) | SPECTATE - switchedCamera on Rick Cheney(76561198860031547) - d3s_charger_15_CPP
30.01.2020 04:58:10: 5h 48min | Wyclef(76561198038112694) | Teleport to [4013.41,2326.22,0](GPS: 040992)
30.01.2020 04:58:18: 5h 48min | Wyclef(76561198038112694) | Teleport to [4026.62,2330.92,0](GPS: 040992)
30.01.2020 04:58:30: 5h 48min | Wyclef(76561198038112694) | Teleport to [4300.77,2251.16,0](GPS: 043991)
30.01.2020 04:58:46: 5h 48min | Boyevik Butch-Mac Volkev(76561198089960350) | Teleport - Target To Me - Wyclef [CIV](76561198038112694)
30.01.2020 04:58:51: 5h 48min | Wyclef(76561198038112694) | Teleport to [4288.68,2242.09,0](GPS: 042991)
30.01.2020 05:11:18: 6h 1min | Jbo Marino[201](76561198206026112) | SPECTATE - switchedCamera on Boyevik Butch-Mac Volkev(76561198089960350) - C_man_1
30.01.2020 05:11:26: 6h 1min | Jbo Marino[201](76561198206026112) | SPECTATE - switchedCamera on Davey Jones(76561198166473448) - C_man_1
30.01.2020 05:11:35: 6h 1min | Jbo Marino[201](76561198206026112) | SPECTATE - switchedCamera on Javier Escuella(76561198370210333) - C_man_1
30.01.2020 05:11:40: 6h 1min | Jbo Marino[201](76561198206026112) | SPECTATE - switchedCamera on Boyevik Butch-Mac Volkev(76561198089960350) - C_man_1
30.01.2020 05:11:49: 6h 1min | Jbo Marino[201](76561198206026112) | SPECTATE - switchedCamera on Rick Cheney(76561198860031547) - d3s_charger_15_CPP
30.01.2020 05:11:54: 6h 1min | Jbo Marino[201](76561198206026112) | SPECTATE - switchedCamera on Stanley Thompson [1K-75](76561198180893505) - d3s_charger_15_CPP
30.01.2020 05:12:00: 6h 2min | Jbo Marino[201](76561198206026112) | SPECTATE - switchedCamera on Davey Jones(76561198166473448) - C_man_1
30.01.2020 05:15:09: 6h 5min | Jbo Marino[201](76561198206026112) | SPECTATE - switchedCamera on Stanley Thompson [1K-75](76561198180893505) - B_RangeMaster_F
30.01.2020 05:15:12: 6h 5min | Jbo Marino[201](76561198206026112) | SPECTATE - switchedCamera on [1K-12] J Shepard(76561198043298972) - B_RangeMaster_F
30.01.2020 05:15:13: 6h 5min | Jbo Marino[201](76561198206026112) | SPECTATE - switchedCamera on Boyevik Butch-Mac Volkev(76561198089960350) - C_man_1
30.01.2020 05:15:14: 6h 5min | Jbo Marino[201](76561198206026112) | SPECTATE - switchedCamera on Carlos F. Diaz(76561197999316388) - C_man_1
30.01.2020 05:15:28: 6h 5min | Jbo Marino[201](76561198206026112) | SPECTATE - switchedCamera on Davey Jones(76561198166473448) - C_man_1
30.01.2020 05:15:34: 6h 5min | Jbo Marino[201](76561198206026112) | SPECTATE - switchedCamera on Rick Cheney(76561198860031547) - B_RangeMaster_F
30.01.2020 05:15:37: 6h 5min | Jbo Marino[201](76561198206026112) | SPECTATE - switchedCamera on Stanley Thompson [1K-75](76561198180893505) - B_RangeMaster_F
30.01.2020 05:15:38: 6h 5min | Jbo Marino[201](76561198206026112) | SPECTATE - switchedCamera on Wyclef(76561198038112694) - C_man_1
30.01.2020 05:22:38: 6h 12min | Carlos F. Diaz(76561197999316388) | Teleport to [3548.46,3101.58,0](GPS: 035000)
30.01.2020 05:24:44: 6h 14min | Carlos F. Diaz(76561197999316388) | Teleport to [3934.35,3618.92,0](GPS: 039005)
30.01.2020 05:26:26: 6h 16min | Jbo Marino[201](76561198206026112) | spawning EMS Captain (niedobity_ems_captain)
30.01.2020 05:26:28: 6h 16min | Jbo Marino[201](76561198206026112) | spawning EMS Captain (niedobity_ems_captain)
30.01.2020 05:26:28: 6h 16min | Jbo Marino[201](76561198206026112) | spawning EMS Captain (niedobity_ems_captain)
30.01.2020 05:26:29: 6h 16min | Jbo Marino[201](76561198206026112) | spawning EMS Captain (niedobity_ems_captain)
30.01.2020 05:26:39: 6h 16min | Jbo Marino[201](76561198206026112) | spawning EMS A&E (niedobity_ems_ae)
30.01.2020 05:26:40: 6h 16min | Jbo Marino[201](76561198206026112) | spawning EMS A&E (niedobity_ems_ae)
30.01.2020 05:26:40: 6h 16min | Jbo Marino[201](76561198206026112) | spawning EMS A&E (niedobity_ems_ae)
30.01.2020 05:28:15: 6h 18min | Jbo Marino[201](76561198206026112) | Deleting WeaponHolderSimulated @039005..
30.01.2020 05:31:56: 6h 21min | Boyevik Butch-Mac Volkev(76561198089960350) | Added 4 zipties to Boyevik Butch-Mac Volkev!
30.01.2020 05:32:00: 6h 22min | Boyevik Butch-Mac Volkev(76561198089960350) | Added 4 blindfolds to Boyevik Butch-Mac Volkev!
30.01.2020 05:32:03: 6h 22min | Boyevik Butch-Mac Volkev(76561198089960350) | Added 4 gags to Boyevik Butch-Mac Volkev!
30.01.2020 05:32:07: 6h 22min | Boyevik Butch-Mac Volkev(76561198089960350) | Added 4 lockpicks to Boyevik Butch-Mac Volkev!
30.01.2020 05:33:19: 6h 23min | Jbo Marino[201](76561198206026112) | Deleting GroundWeaponHolder @039005..
30.01.2020 05:37:30: 6h 27min | Jbo Marino[201](76561198206026112) | Deleting GroundWeaponHolder @035999..
30.01.2020 05:37:53: 6h 27min | Jbo Marino[201](76561198206026112) | SPECTATE - switchedCamera on Boyevik Butch-Mac Volkev(76561198089960350) - d3s_uaz_3165M_EMS
30.01.2020 05:38:22: 6h 28min | Jbo Marino[201](76561198206026112) | SPECTATE - switchedCamera on Boyevik Butch-Mac Volkev(76561198089960350) - C_man_1
30.01.2020 05:38:38: 6h 28min | Jbo Marino[201](76561198206026112) | God Mode - 1
30.01.2020 05:38:39: 6h 28min | Jbo Marino[201](76561198206026112) | Stealth / Invisible - 1
30.01.2020 05:38:42: 6h 28min | Jbo Marino[201](76561198206026112) | Stealth / Invisible - 0
30.01.2020 05:38:43: 6h 28min | Jbo Marino[201](76561198206026112) | Stealth / Invisible - 1
30.01.2020 05:38:52: 6h 28min | Jbo Marino[201](76561198206026112) | Teleport to [3524.75,4008.86,0](GPS: 035009)
30.01.2020 05:39:12: 6h 29min | Jbo Marino[201](76561198206026112) | Stealth / Invisible - 0
30.01.2020 05:39:12: 6h 29min | Jbo Marino[201](76561198206026112) | Stealth / Invisible - 1
30.01.2020 05:39:13: 6h 29min | Jbo Marino[201](76561198206026112) | Stealth / Invisible - 0
30.01.2020 05:40:13: 6h 30min | Jbo Marino[201](76561198206026112) | Teleport to [3591.11,3019.22,0](GPS: 035999)
30.01.2020 05:40:26: 6h 30min | Jbo Marino[201](76561198206026112) | God Mode - 0
30.01.2020 05:40:27: 6h 30min | Jbo Marino[201](76561198206026112) | Stealth / Invisible - 1
30.01.2020 05:40:32: 6h 30min | Jbo Marino[201](76561198206026112) | SPECTATE - switchedCamera on Boyevik Butch-Mac Volkev(76561198089960350) - d3s_uaz_3165M_EMS
30.01.2020 05:42:14: 6h 32min | Wyclef(76561198038112694) | HealRepairNear
30.01.2020 05:47:14: 6h 37min | Boyevik Butch-Mac Volkev(76561198089960350) | HealRepairNear
30.01.2020 05:51:01: 6h 41min | Jbo Marino[201](76561198206026112) | Stealth / Invisible - 0
30.01.2020 05:51:02: 6h 41min | Jbo Marino[201](76561198206026112) | Stealth / Invisible - 1
30.01.2020 05:51:04: 6h 41min | Jbo Marino[201](76561198206026112) | Stealth / Invisible - 0
30.01.2020 05:51:07: 6h 41min | Jbo Marino[201](76561198206026112) | Stealth / Invisible - 1
30.01.2020 05:51:36: 6h 41min | Jbo Marino[201](76561198206026112) | spawning Hit (Max_Hit_light)
30.01.2020 05:51:37: 6h 41min | Jbo Marino[201](76561198206026112) | spawning Hit (Max_Hit_light)
30.01.2020 05:51:38: 6h 41min | Jbo Marino[201](76561198206026112) | spawning Hit (Max_Hit_light)
30.01.2020 05:51:38: 6h 41min | Jbo Marino[201](76561198206026112) | spawning Hit (Max_Hit_light)
30.01.2020 05:51:39: 6h 41min | Jbo Marino[201](76561198206026112) | spawning Hit (Max_Hit_hard)
30.01.2020 05:51:40: 6h 41min | Jbo Marino[201](76561198206026112) | spawning Hit (Max_Hit_hard)
30.01.2020 05:51:40: 6h 41min | Jbo Marino[201](76561198206026112) | spawning Hit (Max_Hit_hard)
30.01.2020 05:51:41: 6h 41min | Jbo Marino[201](76561198206026112) | spawning Hit (Max_Hit_hard)
30.01.2020 06:07:50: 6h 57min | Boyevik Butch-Mac Volkev(76561198089960350) | noRecoil - 1
30.01.2020 06:07:53: 6h 57min | Boyevik Butch-Mac Volkev(76561198089960350) | clear ingame AdminLog
30.01.2020 06:07:58: 6h 58min | Jbo Marino[201](76561198206026112) | Heal - cop_1(76561198054085448)
30.01.2020 06:09:53: 6h 59min | Boyevik Butch-Mac Volkev(76561198089960350) | HealRepairNear
30.01.2020 06:15:23: 7h 5min | Jbo Marino[201](76561198206026112) | Deleting GroundWeaponHolder @035999..
30.01.2020 06:16:44: 7h 6min | Jbo Marino[201](76561198206026112) | Added 4 cocaine_processeds to Jbo Marino[201]!
30.01.2020 06:16:53: 7h 6min | Jbo Marino[201](76561198206026112) | SPECTATE - switchedCamera on Boyevik Butch-Mac Volkev(76561198089960350) - C_man_1
30.01.2020 06:17:01: 7h 7min | Jbo Marino[201](76561198206026112) | SPECTATE - switchedCamera on Jbo Marino[201](76561198206026112) - B_RangeMaster_F
30.01.2020 06:17:02: 7h 7min | Jbo Marino[201](76561198206026112) | SPECTATE - switchedCamera on luke(76561198264871362) - d3s_charger_15_CPP
30.01.2020 06:17:23: 7h 7min | Jbo Marino[201](76561198206026112) | Stealth / Invisible - 0
30.01.2020 06:17:25: 7h 7min | Jbo Marino[201](76561198206026112) | God Mode - 1
30.01.2020 06:17:26: 7h 7min | Jbo Marino[201](76561198206026112) | Stealth / Invisible - 1
30.01.2020 06:17:27: 7h 7min | Jbo Marino[201](76561198206026112) | Stealth / Invisible - 0
30.01.2020 06:17:38: 7h 7min | Jbo Marino[201](76561198206026112) | SPECTATE - switchedCamera on Rick Cheney(76561198860031547) - B_RangeMaster_F
30.01.2020 06:18:03: 7h 8min | Jbo Marino[201](76561198206026112) | Teleport to [5617.61,4268.04,0](GPS: 056011)
30.01.2020 06:18:48: 7h 8min | Jbo Marino[201](76561198206026112) | Stealth / Invisible - 1
30.01.2020 06:18:49: 7h 8min | Jbo Marino[201](76561198206026112) | Stealth / Invisible - 0
30.01.2020 06:25:28: 7h 15min | Jbo Marino[201](76561198206026112) | Teleport to [3602.29,3007.4,0](GPS: 036999)
30.01.2020 06:25:49: 7h 15min | Jbo Marino[201](76561198206026112) | God Mode - 0
30.01.2020 06:25:50: 7h 15min | Jbo Marino[201](76561198206026112) | Stealth / Invisible - 1
30.01.2020 06:41:53: 7h 31min | Wyclef(76561198038112694) | HealRepairNear
30.01.2020 06:44:01: 7h 34min | Boyevik Butch-Mac Volkev(76561198089960350) | Added 1 pickaxes to Boyevik Butch-Mac Volkev!
30.01.2020 07:15:28: 8h 5min | Wyclef(76561198038112694) | Teleport to [3513.19,3026.54,0](GPS: 035999)
30.01.2020 07:16:28: 8h 6min | Wyclef(76561198038112694) | Teleport to [3925.47,3613.46,0](GPS: 039005)
30.01.2020 07:19:23: 8h 9min | Nino Marino(76561198206026112) | Teleport to [3126.41,5072.98,0](GPS: 031020)
30.01.2020 07:21:02: 8h 11min | Nino Marino(76561198206026112) | 100K Cash
30.01.2020 07:23:45: 8h 13min | Nino Marino(76561198206026112) | Teleport - Target To Me - AL "BIG AL" GAMBINO [CIV](76561198361509989)
30.01.2020 07:31:06: 8h 21min | Wyclef(76561198038112694) | Deleting GroundWeaponHolder @039005..
30.01.2020 07:31:12: 8h 21min | Boyevik Butch-Mac Volkev(76561198089960350) | Self Disconnect
30.01.2020 07:48:07: 8h 38min | Nino Marino(76561198206026112) | Added 3 cocaine_processeds to Nino Marino!
30.01.2020 07:48:14: 8h 38min | Nino Marino(76561198206026112) | Added 3 waterBottles to Nino Marino!
30.01.2020 07:48:18: 8h 38min | Nino Marino(76561198206026112) | Added 3 tbacons to Nino Marino!
30.01.2020 07:51:06: 8h 41min | Wyclef(76561198038112694) | Teleport In Facing Direction (10m steps) - 1
30.01.2020 07:51:11: 8h 41min | Wyclef(76561198038112694) | Teleport to [3836.7,3244.04,0](GPS: 038001)
30.01.2020 08:13:38: 9h 3min | Wyclef(76561198038112694) | Deleting GroundWeaponHolder @038001..
30.01.2020 08:21:23: 9h 11min | Wyclef(76561198038112694) | HealRepairNear
30.01.2020 08:25:01: 9h 15min | Wyclef(76561198038112694) | Revive - civ_4(76561198038112694)
30.01.2020 08:25:40: 9h 15min | Nino Marino(76561198206026112) | SPECTATE - switchedCamera on Davey Jones(76561198166473448) - d3s_wrx_sti_17
30.01.2020 08:25:43: 9h 15min | Nino Marino(76561198206026112) | SPECTATE - switchedCamera on Javier Escuella(76561198370210333) - d3s_wrx_sti_17
30.01.2020 08:25:47: 9h 15min | Nino Marino(76561198206026112) | SPECTATE - switchedCamera on Warren Blades(76561198281290777) - d3s_FPIU_13
30.01.2020 08:25:56: 9h 16min | Nino Marino(76561198206026112) | SPECTATE - switchedCamera on Wyclef(76561198038112694) - C_man_1
30.01.2020 08:26:04: 9h 16min | Nino Marino(76561198206026112) | SPECTATE - switchedCamera on [1K-12] J Shepard(76561198043298972) - d3s_FPIU_13
30.01.2020 08:26:10: 9h 16min | Nino Marino(76561198206026112) | SPECTATE - switchedCamera on Javier Escuella(76561198370210333) - d3s_wrx_sti_17
30.01.2020 08:30:10: 9h 20min | Wyclef(76561198038112694) | Added 2 heroin_processeds to Wyclef!
30.01.2020 08:33:26: 9h 23min | Wyclef(76561198038112694) | Revive - civ_6(76561198166473448)
30.01.2020 08:35:15: 9h 25min | Nino Marino(76561198206026112) | Killing Rick Cheney(76561198860031547) @033011
30.01.2020 08:35:15: 9h 25min | Nino Marino(76561198206026112) | Kill - cop_3(76561198860031547)
30.01.2020 09:03:33: 9h 53min | Nino Marino(76561198206026112) | spawning Training Mine (TrainingMine_Mag)
30.01.2020 09:22:51: 10h 12min | Nino Marino(76561198206026112) | Heal - civ_9(76561198180893505)
30.01.2020 09:23:31: 10h 13min | Nino Marino(76561198206026112) | Heal - civ_9(76561198180893505)
30.01.2020 09:25:36: 10h 15min | Nino Marino(76561198206026112) | Revive - civ_9(76561198180893505)
30.01.2020 09:26:08: 10h 16min | Nino Marino(76561198206026112) | Heal - civ_9(76561198180893505)
30.01.2020 09:29:11: 10h 19min | Nino Marino(76561198206026112) | Deleting GroundWeaponHolder @034011..
30.01.2020 09:29:16: 10h 19min | Nino Marino(76561198206026112) | Deleting TrainingMine_Ammo @034011..
30.01.2020 09:29:20: 10h 19min | Nino Marino(76561198206026112) | Deleting TrainingMine_Ammo @034011..
30.01.2020 21:36:16: 5h 8min | Donnie Turbo(76561198041233395) | spawning 4-five .45 ACP (hgun_Pistol_heavy_01_snds_F)
30.01.2020 21:36:45: 5h 9min | Donnie Turbo(76561198041233395) | Deleting WeaponHolderSimulated @035000..
30.01.2020 21:37:18: 5h 9min | Donnie Turbo(76561198041233395) | spawning H&K MP5K-PDW (hlc_smg_mp5k_PDW)
30.01.2020 21:38:20: 5h 10min | Donnie Turbo(76561198041233395) | Teleport to [5548.7,4329.02,0](GPS: 055012)
30.01.2020 21:38:51: 5h 11min | Donnie Turbo(76561198041233395) | Teleport to [3118.62,5079.73,0](GPS: 031020)
30.01.2020 21:40:46: 5h 13min | Donnie Turbo(76561198041233395) | UnlimAmmo - 1
30.01.2020 21:43:19: 5h 15min | Donnie Turbo(76561198041233395) | noRecoil - 1
30.01.2020 21:47:14: 5h 19min | Donnie Turbo(76561198041233395) | Teleport to [2415.22,990.756,0](GPS: 024979)
30.01.2020 21:51:00: 5h 23min | Donnie Turbo(76561198041233395) | Teleport to [3506.4,3015.74,0](GPS: 035999)
30.01.2020 22:03:54: 5h 36min | Donnie Turbo(76561198041233395) | HealRepairNear
30.01.2020 22:04:16: 5h 36min | Donnie Turbo(76561198041233395) | HealRepairNear
30.01.2020 22:04:45: 5h 37min | Donnie Turbo(76561198041233395) | HealRepairNear
30.01.2020 22:06:00: 5h 38min | Donnie Turbo(76561198041233395) | spawning Ford F-550 Super Duty Extended Cab Tow Truck'17 (d3s_fseries_17_TOW)
30.01.2020 22:07:38: 5h 39min | Donnie Turbo(76561198041233395) | Deleting d3s_fseries_17_TOW @036002..
30.01.2020 22:07:42: 5h 39min | Donnie Turbo(76561198041233395) | HealRepairNear
30.01.2020 22:07:42: 5h 40min | Donnie Turbo(76561198041233395) | HealRepairNear
30.01.2020 22:07:54: 5h 40min | Donnie Turbo(76561198041233395) | HealRepairNear
30.01.2020 22:07:55: 5h 40min | Donnie Turbo(76561198041233395) | HealRepairNear
30.01.2020 22:07:55: 5h 40min | Donnie Turbo(76561198041233395) | HealRepairNear
30.01.2020 22:07:55: 5h 40min | Donnie Turbo(76561198041233395) | HealRepairNear
30.01.2020 22:07:55: 5h 40min | Donnie Turbo(76561198041233395) | HealRepairNear
30.01.2020 22:07:56: 5h 40min | Donnie Turbo(76561198041233395) | HealRepairNear
30.01.2020 22:08:01: 5h 40min | Donnie Turbo(76561198041233395) | HealRepairNear
30.01.2020 22:08:50: 5h 41min | Donnie Turbo(76561198041233395) | Vehicle God Mode - 1
30.01.2020 22:08:59: 5h 41min | Donnie Turbo(76561198041233395) | Vehicle God Mode - 0
30.01.2020 22:09:12: 5h 41min | Donnie Turbo(76561198041233395) | Restore - civ_2(76561198041233395)
30.01.2020 22:10:11: 5h 42min | Donnie Turbo(76561198041233395) | spawning Ford F-550 Super Duty Extended Cab Tow Truck'17 (d3s_fseries_17_TOW)
30.01.2020 22:11:22: 5h 43min | Donnie Turbo(76561198041233395) | Deleting d3s_fseries_17_TOW @036001..
30.01.2020 22:13:12: 5h 45min | Donnie Turbo(76561198041233395) | Vehicle God Mode - 1
30.01.2020 22:13:16: 5h 45min | Donnie Turbo(76561198041233395) | HealRepairNear
30.01.2020 22:21:07: 5h 53min | Nino Marino(76561198206026112) | Teleport to [3127.93,5082.52,0](GPS: 031020)
30.01.2020 22:26:20: 5h 58min | Donnie Turbo(76561198041233395) | Teleport to [3261.06,5126.27,0](GPS: 032020)
30.01.2020 23:02:43: 6h 35min | Nino Marino(76561198206026112) | Deleting GroundWeaponHolder @076002..
30.01.2020 23:27:52: 6h 60min | Boyevik Butch-Mac Volkev(76561198089960350) | infiSTAR MapIcons - 1
30.01.2020 23:27:56: 6h 60min | Boyevik Butch-Mac Volkev(76561198089960350) | Teleport to [3601.35,3389.67,0](GPS: 036003)
30.01.2020 23:30:57: 7h 3min | Nino Marino(76561198206026112) | Added 1 etablis to Nino Marino!
30.01.2020 23:44:17: 7h 16min | Nino Marino(76561198206026112) | God Mode - 1
30.01.2020 23:44:18: 7h 16min | Nino Marino(76561198206026112) | God Mode - 0
30.01.2020 23:44:50: 7h 17min | Boyevik Butch-Mac Volkev(76561198089960350) | Teleport to [3663.8,3236.79,0](GPS: 036001)
30.01.2020 23:44:56: 7h 17min | Boyevik Butch-Mac Volkev(76561198089960350) | Teleport to [3663.86,3243.64,0](GPS: 036001)
30.01.2020 23:50:43: 7h 23min | Nino Marino(76561198206026112) | Added 1 slats to Donnie Turbo!
30.01.2020 23:50:46: 7h 23min | Nino Marino(76561198206026112) | Added 1 eras to Donnie Turbo!
30.01.2020 23:50:50: 7h 23min | Nino Marino(76561198206026112) | Added 1 eras to Nino Marino!
30.01.2020 23:50:53: 7h 23min | Nino Marino(76561198206026112) | Added 1 slats to Nino Marino!
30.01.2020 23:53:05: 7h 25min | Boyevik Butch-Mac Volkev(76561198089960350) | 250K Cash
30.01.2020 23:56:04: 7h 28min | Boyevik Butch-Mac Volkev(76561198089960350) | Vehboost - 1
