22.02.2020 00:00:47: Sherman(76561198038112694) CLIENT OWNER ID [50], TOKEN [gmsvjrp2u5bgn2m5]
22.02.2020 00:02:59: Sternn(76561198087299936) CLIENT OWNER ID [51], TOKEN [uz3vy0v41mxr1wgt]
22.02.2020 00:09:53: Sherman(76561198038112694) CLIENT OWNER ID [53], TOKEN [sn1ek20qgl6lvzk8tn]
22.02.2020 00:13:26: Rogue Tjay(76561198883479728) CLIENT OWNER ID [54], TOKEN [lf95sg26r4691lieu]
22.02.2020 00:22:04: Catdaddy(76561198171674043) CLIENT OWNER ID [55], TOKEN [j4gawdzrqfq2nrp]
22.02.2020 00:25:17: Catdaddy(76561198171674043) CLIENT OWNER ID [56], TOKEN [gdyd5ej5n5mphdny3b]
22.02.2020 00:34:08: Sergei Kovacic(76561198043298972) CLIENT OWNER ID [58], TOKEN [cc85qwq13q0row8a7l]
22.02.2020 00:37:00: Catdaddy(76561198171674043) CLIENT OWNER ID [59], TOKEN [vs86lvrzc5wur74]
22.02.2020 00:42:31: Nino Marino(76561198206026112) CLIENT OWNER ID [61], TOKEN [xcxnk2fvpmt1ya2fa9]
22.02.2020 00:43:00: Donnie Turbo(76561198041233395) CLIENT OWNER ID [60], TOKEN [cd15qsk38k08sb]
22.02.2020 00:43:46: Sherman(76561198038112694) CLIENT OWNER ID [64], TOKEN [ho5sifctuqeixbh14a]
22.02.2020 00:46:09: Sherman(76561198038112694) CLIENT OWNER ID [64], TOKEN [d5hh7ti300xrt553x8u]
22.02.2020 00:46:55: John Anderson(76561198180893505) CLIENT OWNER ID [65], TOKEN [wqff775cbq5rxtq]
22.02.2020 00:47:31: Antonio Shafur(76561198138704548) CLIENT OWNER ID [63], TOKEN [ifpnopwgooz6p2j9s0u]
22.02.2020 00:48:36: Antonio Shafur(76561198138704548) CLIENT OWNER ID [63], TOKEN [hmxqg551indl8rgf]
22.02.2020 00:50:36: luke(76561198264871362) CLIENT OWNER ID [66], TOKEN [nm2pm8usicenpdrbpl]
22.02.2020 00:51:15: Antonio Shafur(76561198138704548) CLIENT OWNER ID [67], TOKEN [ls2wk2tb1xz55dy]
22.02.2020 00:53:49: Antonio Shafur(76561198138704548) CLIENT OWNER ID [67], TOKEN [yw85hn9t3a64fwd13wk]
22.02.2020 00:57:41: Sherman(76561198038112694) CLIENT OWNER ID [68], TOKEN [y8unh7t9k00h83]
22.02.2020 00:59:01: Amado Carrillo fuentes(76561198354844800) CLIENT OWNER ID [49], TOKEN [a2qfnol6vdcg2066z]
22.02.2020 01:06:23: Catdaddy(76561198171674043) CLIENT OWNER ID [70], TOKEN [rbjlhyqoem1pkz1]
22.02.2020 01:17:11: Sherman(76561198038112694) CLIENT OWNER ID [68], TOKEN [o7mmejt5qswu9s7of]
22.02.2020 01:17:22: Sergei Kovacic(76561198043298972) CLIENT OWNER ID [58], TOKEN [gsbw84p6cze8ofy]
22.02.2020 01:28:45: Peppe Valachi(76561198272370927) CLIENT OWNER ID [73], TOKEN [pfg11hcegk1pjie]
22.02.2020 01:39:30: Rogue Tjay(76561198883479728) CLIENT OWNER ID [74], TOKEN [ujifj8kxpilnxghjk]
22.02.2020 01:40:22: Todd McCoy(76561198097718378) CLIENT OWNER ID [75], TOKEN [fw6hvkwg6e14gx]
22.02.2020 01:48:31: [3k-66] W.Blades(76561198281290777) CLIENT OWNER ID [76], TOKEN [tp1psfbdprqos2kuu]
22.02.2020 01:53:17: Amado Carrillo fuentes(76561198354844800) CLIENT OWNER ID [49], TOKEN [mt8iph310ox0ohkfun]
22.02.2020 01:54:39: Todd McCoy(76561198097718378) CLIENT OWNER ID [77], TOKEN [cg96j9sf3rroqd]
22.02.2020 02:55:21: Sherman(76561198038112694) CLIENT OWNER ID [78], TOKEN [crrnmjjmck2bgpw]
22.02.2020 02:58:42: Ivan Pershketov(76561198105940600) CLIENT OWNER ID [80], TOKEN [vb7ey1hfj8xpiky5]
22.02.2020 03:01:27: Amado Carrillo fuentes(76561198354844800) CLIENT OWNER ID [49], TOKEN [wd7sp5v1fuo9tf]
22.02.2020 03:02:27: Ivan Pershketov(76561198105940600) CLIENT OWNER ID [82], TOKEN [mpi1k6220mfd37pm1i]
22.02.2020 03:02:32: AL "BIG AL" GAMBINO(76561198361509989) CLIENT OWNER ID [81], TOKEN [tioj14s4jy9f2tqr]
22.02.2020 03:03:50: [1k-40] Jose Santana(76561198206026112) CLIENT OWNER ID [83], TOKEN [v9e7d6v7kulebqr]
22.02.2020 03:11:10: Amado Carrillo fuentes(76561198354844800) CLIENT OWNER ID [84], TOKEN [cktsxp0ge1ctwnb]
22.02.2020 03:12:52: Sherman(76561198038112694) CLIENT OWNER ID [78], TOKEN [aqjx81vvi5jivr]
22.02.2020 03:13:49: Ivan Pershketov(76561198105940600) CLIENT OWNER ID [82], TOKEN [sy7he13cgk5jcg7]
22.02.2020 03:14:08: Amado Carrillo fuentes(76561198354844800) CLIENT OWNER ID [84], TOKEN [p3alvgq9b3hk3ujyn]
22.02.2020 03:14:14: Alexander.Rios(76561198037915534) CLIENT OWNER ID [85], TOKEN [s7e6fi4wlsm325gkptt]
22.02.2020 03:18:01: John Anderson(76561198180893505) CLIENT OWNER ID [86], TOKEN [kmwq8l2l5emslntpqyx]
22.02.2020 03:30:40: John Anderson(76561198180893505) CLIENT OWNER ID [88], TOKEN [e066b6xtmzjir4l]
22.02.2020 03:53:17: John Anderson(76561198180893505) CLIENT OWNER ID [89], TOKEN [of82rosv23h9cr]
22.02.2020 04:04:41: Sherman(76561198038112694) CLIENT OWNER ID [78], TOKEN [wgsqjti6f0j4obd4]
22.02.2020 05:36:50: Sternn(76561198087299936) CLIENT OWNER ID [91], TOKEN [cqkj55ria6m5h1s]
22.02.2020 06:48:24: Robert Kennedy(76561198083728776) CLIENT OWNER ID [92], TOKEN [h8wffkh550s1130xoa]
22.02.2020 06:57:15: AL "BIG AL" GAMBINO(76561198361509989) CLIENT OWNER ID [93], TOKEN [gv1wkm1e2wnd7to6]
22.02.2020 07:08:03: Robert Kennedy(76561198083728776) CLIENT OWNER ID [5], TOKEN [mgns4d0psud5rmaom]
22.02.2020 07:10:53: Robert Kennedy(76561198083728776) CLIENT OWNER ID [5], TOKEN [wn2x1r2xdj0u1y]
22.02.2020 07:12:56: AL "BIG AL" GAMBINO(76561198361509989) CLIENT OWNER ID [10], TOKEN [tyvnw03ns7hr6bhw]
22.02.2020 07:14:28: Robert Kennedy(76561198083728776) CLIENT OWNER ID [12], TOKEN [rmtem8orrsxyh894u]
22.02.2020 07:14:48: Sternn(76561198087299936) CLIENT OWNER ID [11], TOKEN [j1y9b29adb8et2yfur]
22.02.2020 07:15:54: AL "BIG AL" GAMBINO(76561198361509989) CLIENT OWNER ID [13], TOKEN [pb33p3eidpgvfzr1]
22.02.2020 07:18:44: Sternn(76561198087299936) CLIENT OWNER ID [14], TOKEN [nhyd0lnfrd9ev8fe4]
22.02.2020 07:21:44: Robert Kennedy(76561198083728776) CLIENT OWNER ID [15], TOKEN [v14dop1kaeg93xkou]
22.02.2020 20:14:31: Sternn(76561198087299936) CLIENT OWNER ID [16], TOKEN [ltjod6sx9mbcwjq8v2i]
22.02.2020 20:25:02: Donnie Turbo(76561198041233395) CLIENT OWNER ID [17], TOKEN [c7iexwj3havfpk]
22.02.2020 20:31:05: luke(76561198264871362) CLIENT OWNER ID [18], TOKEN [tc8mwdiah5bbqs]
22.02.2020 20:33:06: Donnie Turbo(76561198041233395) CLIENT OWNER ID [17], TOKEN [ik42l4kh53wcj5ef]
22.02.2020 20:34:15: luke(76561198264871362) CLIENT OWNER ID [20], TOKEN [ar11zdlymjdzmgy]
22.02.2020 21:08:21: luke(76561198264871362) CLIENT OWNER ID [5], TOKEN [renw1mlbolp0qywx]
22.02.2020 21:12:51: luke(76561198264871362) CLIENT OWNER ID [6], TOKEN [dm2zfih1xv7010v6]
22.02.2020 21:18:15: Nino Marino(76561198206026112) CLIENT OWNER ID [8], TOKEN [mvxe771ieftd8pi]
22.02.2020 21:27:48: Sternn(76561198087299936) CLIENT OWNER ID [10], TOKEN [beu4t7q7n53cjufxm]
22.02.2020 22:05:52: AL "BIG AL" GAMBINO(76561198361509989) CLIENT OWNER ID [12], TOKEN [uoe95v6mth33ijz78h]
22.02.2020 22:23:23: Sternn(76561198087299936) CLIENT OWNER ID [5], TOKEN [jsdth2ndruuh80]
22.02.2020 22:23:42: Ivan Pershketov(76561198105940600) CLIENT OWNER ID [4], TOKEN [sbmc8i3k575eb89]
22.02.2020 22:24:32: Sternn(76561198087299936) CLIENT OWNER ID [5], TOKEN [j0eefa96un6myzh]
22.02.2020 22:26:26: AL "BIG AL" GAMBINO(76561198361509989) CLIENT OWNER ID [6], TOKEN [lbxx5vfmgso3dznegd]
22.02.2020 22:29:22: Donnie Turbo(76561198041233395) CLIENT OWNER ID [7], TOKEN [piczjuz449vd67bn]
22.02.2020 22:30:11: Donnie Turbo(76561198041233395) CLIENT OWNER ID [7], TOKEN [pt8vim8qi6pu7tgnxve]
22.02.2020 22:58:13: luke(76561198264871362) CLIENT OWNER ID [8], TOKEN [e16kcu70fmdbwqlo]
22.02.2020 23:14:47: Amado Carrillo fuentes(76561198354844800) CLIENT OWNER ID [9], TOKEN [j41wtm04pbowob]
22.02.2020 23:20:31: Sherman(76561198038112694) CLIENT OWNER ID [10], TOKEN [l6uhmebz4imp1pn]
22.02.2020 23:28:51: Amado Carrillo fuentes(76561198354844800) CLIENT OWNER ID [12], TOKEN [gzdw0iua5x7mlidd3z]
22.02.2020 23:30:48: Amado Carrillo fuentes(76561198354844800) CLIENT OWNER ID [12], TOKEN [og2w2bdkl4ojv1b]
22.02.2020 23:32:19: Amado Carrillo fuentes(76561198354844800) CLIENT OWNER ID [12], TOKEN [efmlc427vcvd00pr]
22.02.2020 23:32:30: luke(76561198264871362) CLIENT OWNER ID [8], TOKEN [iam3sp3oc67b4h8]
22.02.2020 23:38:00: Amado Carrillo fuentes(76561198354844800) CLIENT OWNER ID [13], TOKEN [qdnudz7kkdlriisay]
22.02.2020 23:40:55: Peppe Valachi(76561198272370927) CLIENT OWNER ID [14], TOKEN [srylxrb57sj14qmmq]
22.02.2020 23:44:07: [1k-40] Jose Santana(76561198206026112) CLIENT OWNER ID [16], TOKEN [hrur2mm8btzt48w9qmm]
22.02.2020 23:50:31: Rogue Tjay(76561198883479728) CLIENT OWNER ID [17], TOKEN [nvld6l395jhtm6fvo]
