26.02.2020 00:01:56: <infiSTAR.de> _fnc_RandomGen: {
_fnc_actualGen = {
_abc = ['z','y','x','w','v','u','t','s','r','q','p','o','n','m','l','k','j','i','h','g','f','e','d','c','b','a'];
_gen = _abc select (random ((count _abc)-1));
_arr = ['a','5','c','4','d','f','c','e','5','2','2','0','d','e','7','f','9','5','7','8','e','9','a','5','c','3','2','7','e','2','3'];
_randmax = {((round(random _randminval)) + (round(random _randmaxval))) max _randminval};
for '_i' from 0 to (call _randmax)do
{
_gen = _gen + str(round(random 9)) + (_arr select (random ((count _arr)-1)));
};
};
_gen = '';
while{_gen=='' || _gen in _allRandomGenVars}do{
call _fnc_actualGen;
};
_allRandomGenVars pushBack _gen;
_gen
}
26.02.2020 00:01:56: ----START-LINE----   (12-01-2020 22-45-36 - v0260)
26.02.2020 00:01:56: _adminbox: x3225825e3e398a377d8f35227e234e8d1a
26.02.2020 00:01:56: _fnc_mpPackets: v757e999e534947788e0c29890a191e870e441272128c8c
26.02.2020 00:01:56: _FNC_AH_KICKLOG: v42176d3e178469054a998e4c571580426c8f1735
26.02.2020 00:01:56: _FNC_AH_KICKLOGSPAWN: u7e109e770a4c648433574a4c0382
26.02.2020 00:01:56: _FNC_PVAH_AdminReq: v89604085455f1d24321d523c4a4c4d942534476c6c65551d6a30
26.02.2020 00:01:56: _token_by_uid: y654a4e355243236e5c5e
26.02.2020 00:01:56: _uid_by_token: k921e7a2a87202e673e659c1c306f7e450f7f93284a
26.02.2020 00:01:57: _server_setTokenR: l629387648e92527f7e272c3c3e9c7c336f
26.02.2020 00:01:57: _YourPlayerToken: k3a886e935f391e75227c5e05875a5925605c734d5c0f423302
26.02.2020 00:01:57: _TokenCT: p6905154f2e676f594e9d32591a
26.02.2020 00:01:57: _AH_MAIN_BLOCK: q233f627c60687a851f62
26.02.2020 00:01:57: _AHKickOFF: t65653265471282188744
26.02.2020 00:01:57: _AHKickLog: t5c6d2d55973e453e236f
26.02.2020 00:01:57: _clientdo: v774e2d6e737e422e293e8f625a87653945
26.02.2020 00:01:57: _AH_RunCheckENDVAR: l4d6c3e77771c620e674f
26.02.2020 00:01:57: _AH_RunCheckENDVAR_THREAD: v8e8a834752253c62253e352982
26.02.2020 00:01:57: _AH_HackLogArrayRND: w0c423d048057736c72373c95357c52184f8d80194c7565
26.02.2020 00:01:57: _AH_SurvLogArrayRND: q577a625f6d689c28722c524f2c332e4a5965
26.02.2020 00:01:57: _AH_AdmiLogArrayRND: a5535872043676d779f27
26.02.2020 00:01:57: _TMPBAN: x1f3e327e4e8e1e070d825d825d3c4c8555
26.02.2020 00:01:57: _massMessage: c1d4d42991e9e3f3c794e373e834e0f0c121c8d82473522
26.02.2020 00:01:57: _massSysMessage: c3772625c2a0d192982072f
26.02.2020 00:01:57: _AHpos: w1f5e95793219756a004c8f85423d556f3945934e651779184549256c6f
26.02.2020 00:01:57: _ninetwo: v8533850f136a2f5c2e77
26.02.2020 00:01:57: _ninetwothread: j793e6e5c4d3532255a72425c409a0c820d350d62
26.02.2020 00:01:57: _adminsA: g93272c2e2a5c63474c3e
26.02.2020 00:01:57: _MC: u187e9e8d9388224c70558939997362791e1d335e19775e3c
26.02.2020 00:01:57: _MCS: i4a37386a9e9e477d5252
26.02.2020 00:01:57: _checkidicheckcheck: o129532486c74550c75328f6d1f623575927e552f52
26.02.2020 00:01:57: _lastshotmade: h3975486e47873e5e0d82678475076532154c0c1e3774836d390578
26.02.2020 00:01:57: _dellocveh: r945a895f4a7c57725f52727a3e60
26.02.2020 00:01:57: _inCombatTime: g301792387f0a023a3e8c1e57
26.02.2020 00:01:57: _inCombatArray: t9957257c2a838e1a63572c2e84189f7853875e
26.02.2020 00:01:57: _fnc_infiKeyHandler: u8a3740296f4d4e1e29376c251547924f878538531259532c820569
26.02.2020 00:01:57: _vehicle_needs_check: t9f7375796495176477958e527d48859e6f750c37522a7e8249
26.02.2020 00:01:57: _MAKE_VAR_DUMP_RANDOM: r677d1215675e6938725c
26.02.2020 00:01:57: _MAKE_VAR_DUMP_CLIENT: w177a83346c0329392573
26.02.2020 00:01:57: _DUMPINGPLAYERUIDARRAY: q651558133243491a02670f4a8f057a83454572
26.02.2020 00:01:57: _CURRENTLYDUMPING: w3e75525a1e875e328397
26.02.2020 00:01:57: _server_setTokenR: l629387648e92527f7e272c3c3e9c7c336f
26.02.2020 00:01:57: _YourPlayerToken: k3a886e935f391e75227c5e05875a5925605c734d5c0f423302
26.02.2020 00:01:57: _TokenCT: p6905154f2e676f594e9d32591a
26.02.2020 00:01:57: _AH_MAIN_BLOCK: q233f627c60687a851f62
26.02.2020 00:01:57: _AHKickOFF: t65653265471282188744
26.02.2020 00:01:57: _AHKickLog: t5c6d2d55973e453e236f
26.02.2020 00:01:57: _clientdo: v774e2d6e737e422e293e8f625a87653945
26.02.2020 00:01:57: _AH_RunCheckENDVAR: l4d6c3e77771c620e674f
26.02.2020 00:01:57: _AH_RunCheckENDVAR_THREAD: v8e8a834752253c62253e352982
26.02.2020 00:01:57: _AH_HackLogArrayRND: w0c423d048057736c72373c95357c52184f8d80194c7565
26.02.2020 00:01:57: _AH_SurvLogArrayRND: q577a625f6d689c28722c524f2c332e4a5965
26.02.2020 00:01:57: _AH_AdmiLogArrayRND: a5535872043676d779f27
26.02.2020 00:01:57: _TMPBAN: x1f3e327e4e8e1e070d825d825d3c4c8555
26.02.2020 00:01:57: _massMessage: c1d4d42991e9e3f3c794e373e834e0f0c121c8d82473522
26.02.2020 00:01:57: _massSysMessage: c3772625c2a0d192982072f
26.02.2020 00:01:57: _AHpos: w1f5e95793219756a004c8f85423d556f3945934e651779184549256c6f
26.02.2020 00:01:57: _ninetwo: v8533850f136a2f5c2e77
26.02.2020 00:01:57: _ninetwothread: j793e6e5c4d3532255a72425c409a0c820d350d62
26.02.2020 00:01:57: _adminsA: g93272c2e2a5c63474c3e
26.02.2020 00:01:57: _MC: u187e9e8d9388224c70558939997362791e1d335e19775e3c
26.02.2020 00:01:57: _MCS: i4a37386a9e9e477d5252
26.02.2020 00:01:57: _checkidicheckcheck: o129532486c74550c75328f6d1f623575927e552f52
26.02.2020 00:01:57: _lastshotmade: h3975486e47873e5e0d82678475076532154c0c1e3774836d390578
26.02.2020 00:01:57: _dellocveh: r945a895f4a7c57725f52727a3e60
26.02.2020 00:01:57: _inCombatTime: g301792387f0a023a3e8c1e57
26.02.2020 00:01:57: _inCombatArray: t9957257c2a838e1a63572c2e84189f7853875e
26.02.2020 00:01:57: _fnc_infiKeyHandler: u8a3740296f4d4e1e29376c251547924f878538531259532c820569
26.02.2020 00:01:57: _vehicle_needs_check: t9f7375796495176477958e527d48859e6f750c37522a7e8249
26.02.2020 00:01:57: _MAKE_VAR_DUMP_RANDOM: r677d1215675e6938725c
26.02.2020 00:01:57: _MAKE_VAR_DUMP_CLIENT: w177a83346c0329392573
26.02.2020 00:01:57: _DUMPINGPLAYERUIDARRAY: q651558133243491a02670f4a8f057a83454572
26.02.2020 00:01:57: _CURRENTLYDUMPING: w3e75525a1e875e328397
26.02.2020 00:01:57: _antiantihack_rndvar: p7f524d873d1e88527793
26.02.2020 00:01:57: _name_by_uid: v55021a9f176a2e6f6c2e00724d6d888d803d7d7e091c2c73
26.02.2020 00:01:57: _owner_by_uid: m7a4d3e845d3f8e32637c1c6d1299048c8060973d3e
26.02.2020 00:01:57: _customcommandingMenu: g5a309e126c255c4d3943446c855f4a5e72
26.02.2020 00:01:57: _customcommandingMenuOpen: e57671e553f1d472f1750351232
26.02.2020 00:01:57: _AH_KICKLOG: PVAHR_7u2g7j3r7b
26.02.2020 00:01:57: ----END-LINE----   (12-01-2020 22-45-36 - v0260)
26.02.2020 12:02:02: <infiSTAR.de> _fnc_RandomGen: {
_fnc_actualGen = {
_abc = ['z','y','x','w','v','u','t','s','r','q','p','o','n','m','l','k','j','i','h','g','f','e','d','c','b','a'];
_gen = _abc select (random ((count _abc)-1));
_arr = ['a','5','c','4','d','f','c','e','5','2','2','0','d','e','7','f','9','5','7','8','e','9','a','5','c','3','2','7','e','2','3'];
_randmax = {((round(random _randminval)) + (round(random _randmaxval))) max _randminval};
for '_i' from 0 to (call _randmax)do
{
_gen = _gen + str(round(random 9)) + (_arr select (random ((count _arr)-1)));
};
};
_gen = '';
while{_gen=='' || _gen in _allRandomGenVars}do{
call _fnc_actualGen;
};
_allRandomGenVars pushBack _gen;
_gen
}
26.02.2020 12:02:02: ----START-LINE----   (12-01-2020 22-45-36 - v0260)
26.02.2020 12:02:02: _adminbox: y4e802d109e75554d2c78998a491d3925494c8d95
26.02.2020 12:02:02: _fnc_mpPackets: q8845274e677e8a6a2d3e8d373e574f578d2c52
26.02.2020 12:02:02: _FNC_AH_KICKLOG: k6c158c559562499a3c4595708a1e5a0a0532
26.02.2020 12:02:02: _FNC_AH_KICKLOGSPAWN: d520d7f42173e2d328e35801a1e4f1759125a0f2c830742
26.02.2020 12:02:02: _FNC_PVAH_AdminReq: d72621e2852558552236c
26.02.2020 12:02:02: _token_by_uid: r45255e8e3e438325333e4e42198d
26.02.2020 12:02:02: _uid_by_token: i63695e60743d5d3d42190294759a5e19
26.02.2020 12:02:03: _server_setTokenR: m8d838f724865227c4e151e0d156c558e533837827e7d6e1f853a54
26.02.2020 12:02:03: _YourPlayerToken: g3c72098d3f3d3e956e6c1e0a4c028f326e82
26.02.2020 12:02:03: _TokenCT: u7212228e607f678c7e442c0e5c7e
26.02.2020 12:02:03: _AH_MAIN_BLOCK: r8f328a5f3e923e2e055a252f82652f49
26.02.2020 12:02:03: _AHKickOFF: g8f337839525d8929772d
26.02.2020 12:02:03: _AHKickLog: w50138f4e574f2f85326509473c353a
26.02.2020 12:02:03: _clientdo: m7e8279291a775412905a8c69771947
26.02.2020 12:02:03: _AH_RunCheckENDVAR: r3a256c57201e638a8e8c13424282977c
26.02.2020 12:02:03: _AH_RunCheckENDVAR_THREAD: b8d3e5589658e7c5e150c0243853778982f991d604f3f7e652e
26.02.2020 12:02:03: _AH_HackLogArrayRND: d2c8562389c3d352e597d2e05
26.02.2020 12:02:03: _AH_SurvLogArrayRND: r12081d7c6e2989208702626e3527752052378a278d
26.02.2020 12:02:03: _AH_AdmiLogArrayRND: k9d75240235628c2c6475075e9a3e3c3a
26.02.2020 12:02:03: _TMPBAN: f1d4c797c39202d4c1f855a13
26.02.2020 12:02:03: _massMessage: n5e5f388f2e8525781757788e45804255
26.02.2020 12:02:03: _massSysMessage: m2d559f5d5e1e356c2e1f85559a4c038362925e3f0e475a
26.02.2020 12:02:03: _AHpos: r455a576c7d6d272a6c4f887e2e821847
26.02.2020 12:02:03: _ninetwo: j058a3c3c2510335e5c8a67
26.02.2020 12:02:03: _ninetwothread: f4387422d798e229a675939627f756f5582277c4e5a1d8c873e
26.02.2020 12:02:03: _adminsA: t3c1c585a808c5f6d3e477275859977235348
26.02.2020 12:02:03: _MC: g052e79407239322a9a33129322956739293819678459
26.02.2020 12:02:03: _MCS: n53427e888a1a83579c278d9548128f
26.02.2020 12:02:03: _checkidicheckcheck: s855e1e7d2f0a728e60223e29621f
26.02.2020 12:02:03: _lastshotmade: w8e8047876d6a4d1d224d7f823449548223670e
26.02.2020 12:02:03: _dellocveh: y94285479751537651722
26.02.2020 12:02:03: _inCombatTime: t1f42593f2544156c2d27
26.02.2020 12:02:03: _inCombatArray: h1e255a7e2c2a124e924e4e
26.02.2020 12:02:03: _fnc_infiKeyHandler: l0c723e076c252f67191e4c875c88248725894f7f19552c756e79401c
26.02.2020 12:02:03: _vehicle_needs_check: f7e6e18536f5c47097d72
26.02.2020 12:02:03: _MAKE_VAR_DUMP_RANDOM: e227c252712727f7f2702
26.02.2020 12:02:03: _MAKE_VAR_DUMP_CLIENT: c5740196f3c335245322c4e12
26.02.2020 12:02:03: _DUMPINGPLAYERUIDARRAY: m632c453e8e35255f752c2c4c159c42
26.02.2020 12:02:03: _uid_by_token: i63695e60743d5d3d42190294759a5e19
26.02.2020 12:02:03: _server_setTokenR: m8d838f724865227c4e151e0d156c558e533837827e7d6e1f853a54
26.02.2020 12:02:03: _YourPlayerToken: g3c72098d3f3d3e956e6c1e0a4c028f326e82
26.02.2020 12:02:03: _TokenCT: u7212228e607f678c7e442c0e5c7e
26.02.2020 12:02:03: _AH_MAIN_BLOCK: r8f328a5f3e923e2e055a252f82652f49
26.02.2020 12:02:03: _AHKickOFF: g8f337839525d8929772d
26.02.2020 12:02:03: _AHKickLog: w50138f4e574f2f85326509473c353a
26.02.2020 12:02:03: _clientdo: m7e8279291a775412905a8c69771947
26.02.2020 12:02:03: _AH_RunCheckENDVAR: r3a256c57201e638a8e8c13424282977c
26.02.2020 12:02:03: _AH_RunCheckENDVAR_THREAD: b8d3e5589658e7c5e150c0243853778982f991d604f3f7e652e
26.02.2020 12:02:03: _AH_HackLogArrayRND: d2c8562389c3d352e597d2e05
26.02.2020 12:02:03: _AH_SurvLogArrayRND: r12081d7c6e2989208702626e3527752052378a278d
26.02.2020 12:02:03: _AH_AdmiLogArrayRND: k9d75240235628c2c6475075e9a3e3c3a
26.02.2020 12:02:03: _TMPBAN: f1d4c797c39202d4c1f855a13
26.02.2020 12:02:03: _massMessage: n5e5f388f2e8525781757788e45804255
26.02.2020 12:02:03: _massSysMessage: m2d559f5d5e1e356c2e1f85559a4c038362925e3f0e475a
26.02.2020 12:02:03: _AHpos: r455a576c7d6d272a6c4f887e2e821847
26.02.2020 12:02:03: _ninetwo: j058a3c3c2510335e5c8a67
26.02.2020 12:02:03: _ninetwothread: f4387422d798e229a675939627f756f5582277c4e5a1d8c873e
26.02.2020 12:02:03: _adminsA: t3c1c585a808c5f6d3e477275859977235348
26.02.2020 12:02:03: _MC: g052e79407239322a9a33129322956739293819678459
26.02.2020 12:02:03: _MCS: n53427e888a1a83579c278d9548128f
26.02.2020 12:02:03: _checkidicheckcheck: s855e1e7d2f0a728e60223e29621f
26.02.2020 12:02:03: _lastshotmade: w8e8047876d6a4d1d224d7f823449548223670e
26.02.2020 12:02:03: _dellocveh: y94285479751537651722
26.02.2020 12:02:03: _inCombatTime: t1f42593f2544156c2d27
26.02.2020 12:02:03: _inCombatArray: h1e255a7e2c2a124e924e4e
26.02.2020 12:02:03: _fnc_infiKeyHandler: l0c723e076c252f67191e4c875c88248725894f7f19552c756e79401c
26.02.2020 12:02:03: _vehicle_needs_check: f7e6e18536f5c47097d72
26.02.2020 12:02:03: _MAKE_VAR_DUMP_RANDOM: e227c252712727f7f2702
26.02.2020 12:02:03: _MAKE_VAR_DUMP_CLIENT: c5740196f3c335245322c4e12
26.02.2020 12:02:03: _DUMPINGPLAYERUIDARRAY: m632c453e8e35255f752c2c4c159c42
26.02.2020 12:02:03: _CURRENTLYDUMPING: s138f5d83480d6c536a7a
26.02.2020 12:02:03: _antiantihack_rndvar: v2e6e65921567596d176d554f1e341a15156e6c8052
26.02.2020 12:02:03: _name_by_uid: d6017878e671e699e678d9928
26.02.2020 12:02:03: _owner_by_uid: n658e4e972520187d9f55
26.02.2020 12:02:03: _customcommandingMenu: w6d3f05729e3e5a504d4e7d5d451d6e5c
26.02.2020 12:02:03: _customcommandingMenuOpen: v8e6345609c3c7965723d051d1557
26.02.2020 12:02:03: _AH_KICKLOG: PVAHR_6e9p1o7g4b4x5l4w
26.02.2020 12:02:03: ----END-LINE----   (12-01-2020 22-45-36 - v0260)
