29.01.2020 00:02:20: Joe Montana(76561198368248470) CLIENT OWNER ID [41], TOKEN [aurwxirah773bbq]
29.01.2020 00:09:26: Alexander.Rios(76561198037915534) CLIENT OWNER ID [42], TOKEN [p5v6geyvcg0ppzyx8]
29.01.2020 00:27:42: Donnie Turbo(76561198041233395) CLIENT OWNER ID [43], TOKEN [nvl3k0rrjsdo0ohvo]
29.01.2020 00:44:31: Héctor "Lil Loco" Arturo(76561197999316388) CLIENT OWNER ID [44], TOKEN [snlltshuktr7eohmxc]
29.01.2020 00:47:04: Javier Escuella(76561198370210333) CLIENT OWNER ID [45], TOKEN [uvfpdjbetd46c9rg6]
29.01.2020 01:12:13: Boyevik Butch-Mac Volkev(76561198089960350) CLIENT OWNER ID [46], TOKEN [teabbqnvanpt8udy0u]
29.01.2020 01:13:57: Donnie Turbo(76561198041233395) CLIENT OWNER ID [47], TOKEN [kyj302d2t1mf7uuh1e]
29.01.2020 01:17:07: Harold Reginald(76561198355765034) CLIENT OWNER ID [48], TOKEN [pjtte3h4j5xs6kcjcqe]
29.01.2020 01:59:15: John Ross(76561198365314871) CLIENT OWNER ID [4], TOKEN [euknvg5onw8kt9i5hf]
29.01.2020 01:59:40: Kermit(76561198043298972) CLIENT OWNER ID [7], TOKEN [ftkf1y68li1jyo]
29.01.2020 02:00:32: Boyevik Butch-Mac Volkev(76561198089960350) CLIENT OWNER ID [8], TOKEN [auqdohcznx8gommee]
29.01.2020 02:03:51: Harold Reginald(76561198355765034) CLIENT OWNER ID [9], TOKEN [obxm3d8f4bpx25]
29.01.2020 02:05:04: Héctor "Lil Loco" Arturo(76561197999316388) CLIENT OWNER ID [11], TOKEN [axdjdl62kpyqn5dalx]
29.01.2020 02:06:32: Alexander.Rios(76561198037915534) CLIENT OWNER ID [14], TOKEN [irsuxsz43gu6270]
29.01.2020 02:16:37: HoyoBani(76561198105940600) CLIENT OWNER ID [16], TOKEN [o5hd44bew19hfopqrn]
29.01.2020 02:31:17: Javier Escuella(76561198370210333) CLIENT OWNER ID [17], TOKEN [gtfivu0sewbf5tn2f7]
29.01.2020 02:38:58: Nino Marino(76561198206026112) CLIENT OWNER ID [19], TOKEN [o52gr2l7wlfjmik8]
29.01.2020 02:39:26: Javier Escuella(76561198370210333) CLIENT OWNER ID [20], TOKEN [ghi6guen87t0uc6]
29.01.2020 02:43:08: John Anderson(76561198180893505) CLIENT OWNER ID [18], TOKEN [ubu5fnhb2lttkx2m6f]
29.01.2020 03:06:03: Javier Escuella(76561198370210333) CLIENT OWNER ID [21], TOKEN [f3rculju5kxherg1yfr]
29.01.2020 03:26:40: Robert Kennedy(76561198083728776) CLIENT OWNER ID [23], TOKEN [vvpe3gouiibk3z2h]
29.01.2020 03:34:44: Harold Reginald(76561198355765034) CLIENT OWNER ID [24], TOKEN [qzgvofltisff4xu]
29.01.2020 03:53:02: Wyclef(76561198038112694) CLIENT OWNER ID [25], TOKEN [ieavobn0z4528hzecb4]
29.01.2020 04:05:19: Rick Cheney(76561198860031547) CLIENT OWNER ID [26], TOKEN [x3cssue9vgls73]
29.01.2020 04:36:57: [1k-40] Jose Santana(76561198206026112) CLIENT OWNER ID [27], TOKEN [jl8xch2uz117wv3]
29.01.2020 04:38:13: Zander Marino(76561198180893505) CLIENT OWNER ID [28], TOKEN [ef16qe7tppszo907]
29.01.2020 04:41:33: Warren Blades(76561198281290777) CLIENT OWNER ID [29], TOKEN [sdbzncltiba03f0d]
29.01.2020 05:26:09: Boyevik Butch-Mac Volkev(76561198089960350) CLIENT OWNER ID [4], TOKEN [wf94ok4mdf6ux2m]
29.01.2020 05:27:14: Wyclef(76561198038112694) CLIENT OWNER ID [6], TOKEN [auvx41uf85mc2g1]
29.01.2020 05:27:30: HoyoBani(76561198105940600) CLIENT OWNER ID [5], TOKEN [ny7abvzyk8523a0]
29.01.2020 05:29:13: Robert Kennedy(76561198083728776) CLIENT OWNER ID [7], TOKEN [fsp6memxdaki3pg]
29.01.2020 05:30:07: Warren Blades(76561198281290777) CLIENT OWNER ID [8], TOKEN [r6rgqgrjrjh5y0v6yvo]
29.01.2020 05:32:19: Rick Cheney(76561198860031547) CLIENT OWNER ID [10], TOKEN [pqhpesftyoega8q5]
29.01.2020 05:35:03: Kermit(76561198043298972) CLIENT OWNER ID [14], TOKEN [d9kq7wkaqr6f2r96peo]
29.01.2020 05:36:31: Zander Marino(76561198180893505) CLIENT OWNER ID [9], TOKEN [ojxidk8mvkmnykpvce5]
29.01.2020 05:37:07: Héctor "Lil Loco" Arturo(76561197999316388) CLIENT OWNER ID [12], TOKEN [sdtuq6nw3zgb2l5c]
29.01.2020 05:37:32: Nino Marino(76561198206026112) CLIENT OWNER ID [16], TOKEN [seuj2gxdrxzsfmyk]
29.01.2020 05:42:46: AL "BIG AL" GAMBINO(76561198361509989) CLIENT OWNER ID [17], TOKEN [fzhoqkrk84z4nysg]
29.01.2020 06:46:13: Eriden Parker(76561198054085448) CLIENT OWNER ID [19], TOKEN [gbskrs14ql3fkq00]
29.01.2020 07:07:14: Eriden Parker(76561198054085448) CLIENT OWNER ID [19], TOKEN [f8ij70p26qizscmk1]
29.01.2020 07:11:49: Wyclef(76561198038112694) CLIENT OWNER ID [20], TOKEN [qf4fifc8vmnxn6gh]
29.01.2020 09:05:36: GAMER(76561198206461615) CLIENT OWNER ID [21], TOKEN [fhz6x552ez1nlj]
29.01.2020 10:12:23: Zander Marino(76561198180893505) CLIENT OWNER ID [4], TOKEN [rqoehrnbwi2yknbg]
29.01.2020 10:13:41: Zander Marino(76561198180893505) CLIENT OWNER ID [4], TOKEN [qbwqn0bfe4kkat08]
29.01.2020 10:25:23: Zander Marino(76561198180893505) CLIENT OWNER ID [4], TOKEN [qm9gk7s61x1bfo7g]
29.01.2020 10:39:46: Zander Marino(76561198180893505) CLIENT OWNER ID [4], TOKEN [krfn1h7pndjng0o8]
29.01.2020 10:49:46: Rick Cheney(76561198860031547) CLIENT OWNER ID [8], TOKEN [t1ziiyfi0dkgts]
29.01.2020 11:02:09: Rick Cheney(76561198860031547) CLIENT OWNER ID [8], TOKEN [vf6x1l6dlx5c7dt0m7]
29.01.2020 11:27:21: Zander Marino(76561198180893505) CLIENT OWNER ID [5], TOKEN [slhce8yzh27x6iw0q]
29.01.2020 11:28:06: Rick Cheney(76561198860031547) CLIENT OWNER ID [4], TOKEN [lsxeg6yc1njdeyk12s]
29.01.2020 12:17:52: Zander Marino(76561198180893505) CLIENT OWNER ID [5], TOKEN [ob4zunr5m8xf8c7vcw]
29.01.2020 12:41:49: Zander Marino(76561198180893505) CLIENT OWNER ID [4], TOKEN [ayb6okbbog0wnr4iumk]
29.01.2020 12:43:38: Rick Cheney(76561198860031547) CLIENT OWNER ID [5], TOKEN [hwqghkiyvhcncp2k2u8]
29.01.2020 16:30:56: Eriden Parker(76561198054085448) CLIENT OWNER ID [8], TOKEN [o8dsj2rbh6htxo0]
29.01.2020 17:45:37: Wyclef(76561198038112694) CLIENT OWNER ID [9], TOKEN [kc8tpcjp1em3x1l]
29.01.2020 18:05:09: Wyclef(76561198038112694) CLIENT OWNER ID [4], TOKEN [xrsyyvt4z4b40ic]
29.01.2020 18:23:25: Wyclef(76561198038112694) CLIENT OWNER ID [5], TOKEN [ir5ujv54bf3wdhy]
29.01.2020 21:03:10: Eriden Parker(76561198054085448) CLIENT OWNER ID [6], TOKEN [sdg2c20n0r0ccnp]
29.01.2020 21:32:26: Wyclef(76561198038112694) CLIENT OWNER ID [5], TOKEN [d21ie4351xyhicwrf6]
29.01.2020 21:33:06: Wyclef(76561198038112694) CLIENT OWNER ID [5], TOKEN [cz1rbtsdk3nx8vt]
29.01.2020 21:34:16: Wyclef(76561198038112694) CLIENT OWNER ID [6], TOKEN [rzjbli23ekundl6]
29.01.2020 21:49:19: Wyclef(76561198038112694) CLIENT OWNER ID [4], TOKEN [mzwjp8x3zfad0sb2]
29.01.2020 21:58:15: Wyclef(76561198038112694) CLIENT OWNER ID [4], TOKEN [pfs316wjjoqzyxhoou]
29.01.2020 22:27:55: Wyclef(76561198038112694) CLIENT OWNER ID [4], TOKEN [jkjki3v1jaqyqj3mip]
29.01.2020 22:38:31: Wyclef(76561198038112694) CLIENT OWNER ID [4], TOKEN [xy4byc5p7w1bjztez3]
29.01.2020 22:40:08: Wyclef(76561198038112694) CLIENT OWNER ID [4], TOKEN [yo1nc73rh4yczywuo]
29.01.2020 22:46:10: Kermit(76561198043298972) CLIENT OWNER ID [7], TOKEN [cj85d7pw5axi3h3vbc]
29.01.2020 22:47:29: [1K-33] R. Tjay(76561198883479728) CLIENT OWNER ID [8], TOKEN [o06s6bpic2pye7jjfx]
29.01.2020 22:50:18: Rick Cheney(76561198860031547) CLIENT OWNER ID [6], TOKEN [sbpkns4nm0irsvwy]
29.01.2020 22:51:59: Thomas Woods(76561198174871239) CLIENT OWNER ID [10], TOKEN [q9m1kn0fcw5oj415]
29.01.2020 22:53:58: [1K-33] R. Tjay(76561198883479728) CLIENT OWNER ID [12], TOKEN [oq0tqc93t4biize4]
29.01.2020 22:54:12: Eriden Parker(76561198054085448) CLIENT OWNER ID [5], TOKEN [mbd8bfy747jvd8u]
29.01.2020 23:15:28: [1K-33] R. Tjay(76561198883479728) CLIENT OWNER ID [5], TOKEN [bczr81vpfuhueup]
29.01.2020 23:18:20: Kermit(76561198043298972) CLIENT OWNER ID [7], TOKEN [squxgu9czci4wccut]
29.01.2020 23:20:05: Rogue Tjay(76561198883479728) CLIENT OWNER ID [8], TOKEN [yc5j9dtu7rn4zwpd0]
29.01.2020 23:22:18: Thomas Woods(76561198174871239) CLIENT OWNER ID [4], TOKEN [kcikbsws58uq73]
29.01.2020 23:24:24: Thomas Woods(76561198174871239) CLIENT OWNER ID [4], TOKEN [rfcq7g90hk0m6csx7d]
29.01.2020 23:27:06: Eriden Parker(76561198054085448) CLIENT OWNER ID [10], TOKEN [jxxefqulks332ohj]
29.01.2020 23:27:11: Rick Cheney(76561198860031547) CLIENT OWNER ID [9], TOKEN [vmfcv4c83mvrsn1ec]
29.01.2020 23:34:18: Nino Marino(76561198206026112) CLIENT OWNER ID [11], TOKEN [bk45l3nny2b3tbni3]
29.01.2020 23:36:33: George Clean(76561198130285673) CLIENT OWNER ID [12], TOKEN [xryylz0l7us0w2y]
29.01.2020 23:38:22: Thomas Woods(76561198174871239) CLIENT OWNER ID [4], TOKEN [bh2dr064y86332]
