28.01.2020 01:30:38: <infiSTAR.de> _fnc_RandomGen: {
_fnc_actualGen = {
_abc = ['z','y','x','w','v','u','t','s','r','q','p','o','n','m','l','k','j','i','h','g','f','e','d','c','b','a'];
_gen = _abc select (random ((count _abc)-1));
_arr = ['a','5','c','4','d','f','c','e','5','2','2','0','d','e','7','f','9','5','7','8','e','9','a','5','c','3','2','7','e','2','3'];
_randmax = {((round(random _randminval)) + (round(random _randmaxval))) max _randminval};
for '_i' from 0 to (call _randmax)do
{
_gen = _gen + str(round(random 9)) + (_arr select (random ((count _arr)-1)));
};
};
_gen = '';
while{_gen=='' || _gen in _allRandomGenVars}do{
call _fnc_actualGen;
};
_allRandomGenVars pushBack _gen;
_gen
}
28.01.2020 01:30:38: ----START-LINE----   (12-01-2020 22-45-36 - v0260)
28.01.2020 01:30:38: _adminbox: i2c821c573f6d2c02436f2877133f89751f6560
28.01.2020 01:30:38: _fnc_mpPackets: l7f5e2e3e386c553d6c7c
28.01.2020 01:30:38: _FNC_AH_KICKLOG: e43452e5c5f0c074c1e623c7c1c1c1e751d4e92452939
28.01.2020 01:30:38: _FNC_AH_KICKLOGSPAWN: s351f6a5e626f651e18127a55
28.01.2020 01:30:38: _FNC_PVAH_AdminReq: g5c126f7214472e6593827533322e43158e3c57
28.01.2020 01:30:38: _token_by_uid: i9c77683a051e4a597974
28.01.2020 01:30:38: _uid_by_token: c382d55442a279c2a77455053333f458c15830297
28.01.2020 01:30:38: _server_setTokenR: v659022192d2e626563372f2e8087558d75335f524d42
28.01.2020 01:30:38: _YourPlayerToken: b6355424775058d003522
28.01.2020 01:30:38: _TokenCT: d6e15671334603293631c6d5c
28.01.2020 01:30:38: _AH_MAIN_BLOCK: v95831e5c9a4288103c2c623e07155c5c5c4793973d3d40
28.01.2020 01:30:38: _AHKickOFF: s6c095c53726a44828273103f6d137a436372
28.01.2020 01:30:38: _AHKickLog: x3e1e126e4e6e0e4e7e0f894c67758d4c
28.01.2020 01:30:38: _clientdo: a2e2f8d69722c659a9912253c9f5f8d
28.01.2020 01:30:38: _AH_RunCheckENDVAR: w4c394f855a5e5e2c02128e1e7219470a245c6f805e7c847285
28.01.2020 01:30:38: _AH_RunCheckENDVAR_THREAD: s8738158d636e275a793e
28.01.2020 01:30:39: _AH_HackLogArrayRND: o7d94176d377e375d1849
28.01.2020 01:30:39: _AH_SurvLogArrayRND: e2c9e48952c7e4d570a1f
28.01.2020 01:30:39: _AH_AdmiLogArrayRND: q778f5c3f1e704f250c829e67483e97178f42
28.01.2020 01:30:39: _TMPBAN: w2a6525320e87456e57857e673c8c4d
28.01.2020 01:30:39: _massMessage: w1c5e723f2e7f451c7e8f2732
28.01.2020 01:30:39: _massSysMessage: l7a1a6310938c4e538528571c75543c
28.01.2020 01:30:39: _AHpos: v208d797270927d0e93951e2c655e79106c605e82
28.01.2020 01:30:39: _ninetwo: v2f224c2a59356d6e7745
28.01.2020 01:30:39: _ninetwothread: h18383c4c254d577c527e
28.01.2020 01:30:39: _adminsA: n7725890c5e878f8e45653f821235774d4379735e883d12
28.01.2020 01:30:39: _MC: d07378c4555228579143d1a1e72
28.01.2020 01:30:39: _MCS: j4d1c180f0c74644237583808927e4e7c187d85187c84
28.01.2020 01:30:39: _checkidicheckcheck: u6a6c5765551527227c3c
28.01.2020 01:30:39: _lastshotmade: b7c771a857f8a2f623227591e427a527e
28.01.2020 01:30:39: _dellocveh: r858c273c654e607312078c5c3f621947254e48
28.01.2020 01:30:39: _inCombatTime: l8e304f95338902893c0c274d685935659232
28.01.2020 01:30:39: _inCombatArray: y4a3a974382472c9c2d72281c8f870d
28.01.2020 01:30:39: _fnc_infiKeyHandler: h781e7d8712751e3569199f0e6239
28.01.2020 01:30:39: _vehicle_needs_check: y4e4d631f25926e859392
28.01.2020 01:30:39: _MAKE_VAR_DUMP_RANDOM: h37245553253c423e6e3f49
28.01.2020 01:30:39: _MAKE_VAR_DUMP_CLIENT: e588e454d5c67158595895e7015
28.01.2020 01:30:39: _DUMPINGPLAYERUIDARRAY: m9c5d55008a7e52608f54682f6e4a158262445e85255f
28.01.2020 01:30:39: _CURRENTLYDUMPING: b92653c0d5515887e0e87
28.01.2020 01:30:39: _antiantihack_rndvar: e2f1d8e456c722f222f63227270592e27794d7d
28.01.2020 01:30:39: _name_by_uid: f87593e6c2e5c2f7d438e8210456730771d8c796a60
28.01.2020 01:30:39: _owner_by_uid: r479c7c79772278821f5c
28.01.2020 01:30:39: _customcommandingMenu: f3387775d473e1c8932622704876905399e65
28.01.2020 01:30:39: _customcommandingMenuOpen: r79679d2254852047976d67525c8e3977220e
28.01.2020 01:30:39: _AH_KICKLOG: PVAHR_5k5o1v2p7z6p8k
28.01.2020 01:30:39: ----END-LINE----   (12-01-2020 22-45-36 - v0260)
28.01.2020 01:52:22: <infiSTAR.de> _fnc_RandomGen: {
_fnc_actualGen = {
_abc = ['z','y','x','w','v','u','t','s','r','q','p','o','n','m','l','k','j','i','h','g','f','e','d','c','b','a'];
_gen = _abc select (random ((count _abc)-1));
_arr = ['a','5','c','4','d','f','c','e','5','2','2','0','d','e','7','f','9','5','7','8','e','9','a','5','c','3','2','7','e','2','3'];
_randmax = {((round(random _randminval)) + (round(random _randmaxval))) max _randminval};
for '_i' from 0 to (call _randmax)do
{
_gen = _gen + str(round(random 9)) + (_arr select (random ((count _arr)-1)));
};
};
_gen = '';
while{_gen=='' || _gen in _allRandomGenVars}do{
call _fnc_actualGen;
};
_allRandomGenVars pushBack _gen;
_gen
}
28.01.2020 01:52:22: ----START-LINE----   (12-01-2020 22-45-36 - v0260)
28.01.2020 01:52:22: _adminbox: n254d8e4c3d77225e054535191f6d183f2535798c5f8882
28.01.2020 01:52:22: _fnc_mpPackets: n12721c47355557925e8c17475737983a
28.01.2020 01:52:22: _FNC_AH_KICKLOG: j4517140e4f1c0f1f9a124c2c24758e3837
28.01.2020 01:52:22: _FNC_AH_KICKLOGSPAWN: g6e0a5e2f8f853537558e884e
28.01.2020 01:52:22: _FNC_PVAH_AdminReq: o6445852e5e17158d5215
28.01.2020 01:52:22: _token_by_uid: i5e353a9e4e527e277c22157c645e12444f95
28.01.2020 01:52:22: _uid_by_token: j307d0f1c323a37804525555a125c821e63
28.01.2020 01:52:22: _server_setTokenR: i742e3e3f593a329c3f6e
28.01.2020 01:52:22: _YourPlayerToken: k85332f20057032145e38641c
28.01.2020 01:52:22: _TokenCT: o524d4d7547995d5f254d
28.01.2020 01:52:22: _AH_MAIN_BLOCK: m379e754f7e1a4f3d6055
28.01.2020 01:52:22: _AHKickOFF: i125c2e7a6e0f6e670f7013
28.01.2020 01:52:22: _AHKickLog: y29254e4f4d256e276533
28.01.2020 01:52:22: _clientdo: q221e5a2e638a0527736569523a5e3245478347577d357c403a
28.01.2020 01:52:22: _AH_RunCheckENDVAR: p12775e775e6c15327787274a
28.01.2020 01:52:22: _AH_RunCheckENDVAR_THREAD: i7e850e586d794372584c
28.01.2020 01:52:22: _AH_HackLogArrayRND: p47122d335e6d13877c0060688d875c19101e9e
28.01.2020 01:52:22: _AH_SurvLogArrayRND: p172045695f877c6d5e82
28.01.2020 01:52:22: _AH_AdmiLogArrayRND: m130f19051d930c15679e8c8f42
28.01.2020 01:52:22: _TMPBAN: l2d7e72044f1f4d124f19224c5962
28.01.2020 01:52:22: _massMessage: o15298555778852026d2e455d7a477445872c059725
28.01.2020 01:52:22: _massSysMessage: s604c2a4539357e4f697f
28.01.2020 01:52:22: _AHpos: i20683983675d5e2c4758494f62
28.01.2020 01:52:22: _ninetwo: s624359272e553c4c4c1e1245676e15
28.01.2020 01:52:22: _ninetwothread: r32155a376e2287696f59
28.01.2020 01:52:22: _adminsA: w45585d305f1412551242
28.01.2020 01:52:22: _MC: m743c526e8c8c8e394515
28.01.2020 01:52:22: <infiSTAR.de> _fnc_RandomGen: {
_fnc_actualGen = {
_abc = ['z','y','x','w','v','u','t','s','r','q','p','o','n','m','l','k','j','i','h','g','f','e','d','c','b','a'];
_gen = _abc select (random ((count _abc)-1));
_arr = ['a','5','c','4','d','f','c','e','5','2','2','0','d','e','7','f','9','5','7','8','e','9','a','5','c','3','2','7','e','2','3'];
_randmax = {((round(random _randminval)) + (round(random _randmaxval))) max _randminval};
for '_i' from 0 to (call _randmax)do
{
_gen = _gen + str(round(random 9)) + (_arr select (random ((count _arr)-1)));
};
};
_gen = '';
while{_gen=='' || _gen in _allRandomGenVars}do{
call _fnc_actualGen;
};
_allRandomGenVars pushBack _gen;
_gen
}
28.01.2020 01:52:22: ----START-LINE----   (12-01-2020 22-45-36 - v0260)
28.01.2020 01:52:22: _adminbox: n254d8e4c3d77225e054535191f6d183f2535798c5f8882
28.01.2020 01:52:22: _fnc_mpPackets: n12721c47355557925e8c17475737983a
28.01.2020 01:52:22: _FNC_AH_KICKLOG: j4517140e4f1c0f1f9a124c2c24758e3837
28.01.2020 01:52:22: _FNC_AH_KICKLOGSPAWN: g6e0a5e2f8f853537558e884e
28.01.2020 01:52:22: _FNC_PVAH_AdminReq: o6445852e5e17158d5215
28.01.2020 01:52:22: _token_by_uid: i5e353a9e4e527e277c22157c645e12444f95
28.01.2020 01:52:22: _uid_by_token: j307d0f1c323a37804525555a125c821e63
28.01.2020 01:52:22: _server_setTokenR: i742e3e3f593a329c3f6e
28.01.2020 01:52:22: _YourPlayerToken: k85332f20057032145e38641c
28.01.2020 01:52:22: _TokenCT: o524d4d7547995d5f254d
28.01.2020 01:52:22: _AH_MAIN_BLOCK: m379e754f7e1a4f3d6055
28.01.2020 01:52:22: _AHKickOFF: i125c2e7a6e0f6e670f7013
28.01.2020 01:52:22: _AHKickLog: y29254e4f4d256e276533
28.01.2020 01:52:22: _clientdo: q221e5a2e638a0527736569523a5e3245478347577d357c403a
28.01.2020 01:52:22: _AH_RunCheckENDVAR: p12775e775e6c15327787274a
28.01.2020 01:52:22: _AH_RunCheckENDVAR_THREAD: i7e850e586d794372584c
28.01.2020 01:52:22: _AH_HackLogArrayRND: p47122d335e6d13877c0060688d875c19101e9e
28.01.2020 01:52:22: _AH_SurvLogArrayRND: p172045695f877c6d5e82
28.01.2020 01:52:22: _AH_AdmiLogArrayRND: m130f19051d930c15679e8c8f42
28.01.2020 01:52:22: _TMPBAN: l2d7e72044f1f4d124f19224c5962
28.01.2020 01:52:22: _massMessage: o15298555778852026d2e455d7a477445872c059725
28.01.2020 01:52:22: _massSysMessage: s604c2a4539357e4f697f
28.01.2020 01:52:22: _AHpos: i20683983675d5e2c4758494f62
28.01.2020 01:52:22: _ninetwo: s624359272e553c4c4c1e1245676e15
28.01.2020 01:52:22: _ninetwothread: r32155a376e2287696f59
28.01.2020 01:52:22: _adminsA: w45585d305f1412551242
28.01.2020 01:52:22: _MC: m743c526e8c8c8e394515
28.01.2020 01:52:22: _MCS: r4985145290251e452a421719
28.01.2020 01:52:22: _checkidicheckcheck: t6c1a3e05731c3c33490d9e126f
28.01.2020 01:52:22: _lastshotmade: e85420719656e7f850e7a631a7e7c727e6c82
28.01.2020 01:52:22: _dellocveh: g7c3c39537f3e84978539
28.01.2020 01:52:22: _inCombatTime: x37553c521c25830e603e4532327a82
28.01.2020 01:52:22: _inCombatArray: r328c5e1c6e6c7a178362
28.01.2020 01:52:22: _fnc_infiKeyHandler: m553c59126c196d258d8e8c4525472c4d27301e4c6f1273932985350e
28.01.2020 01:52:22: _vehicle_needs_check: n8977374f8d070d92977e
28.01.2020 01:52:22: _MAKE_VAR_DUMP_RANDOM: m675e82996c7c252e2d14
28.01.2020 01:52:22: _MAKE_VAR_DUMP_CLIENT: f0c984c4c339f1f4a753267087247174329650285793c853f
28.01.2020 01:52:22: _DUMPINGPLAYERUIDARRAY: l552047470d4d3e898267678e5e50255e7c39
28.01.2020 01:52:22: _CURRENTLYDUMPING: h4e777572697d3f83887c452e45627c1388
28.01.2020 01:52:22: _antiantihack_rndvar: j9c5c025732132c572325
28.01.2020 01:52:22: _name_by_uid: k726c97126c270c4a2e42
28.01.2020 01:52:22: _owner_by_uid: c09358c6565603c198f4a
28.01.2020 01:52:22: _customcommandingMenu: g3f50356d2f9d1d59823f3255752f
28.01.2020 01:52:22: _customcommandingMenuOpen: o63154985638e757227721a7725333e524f4030827f9c
28.01.2020 01:52:22: _AH_KICKLOG: PVAHR_2x7b3m1m6s2g
28.01.2020 01:52:22: ----END-LINE----   (12-01-2020 22-45-36 - v0260)
28.01.2020 02:00:53: <infiSTAR.de> _fnc_RandomGen: {
_fnc_actualGen = {
_abc = ['z','y','x','w','v','u','t','s','r','q','p','o','n','m','l','k','j','i','h','g','f','e','d','c','b','a'];
_gen = _abc select (random ((count _abc)-1));
_arr = ['a','5','c','4','d','f','c','e','5','2','2','0','d','e','7','f','9','5','7','8','e','9','a','5','c','3','2','7','e','2','3'];
_randmax = {((round(random _randminval)) + (round(random _randmaxval))) max _randminval};
for '_i' from 0 to (call _randmax)do
{
_gen = _gen + str(round(random 9)) + (_arr select (random ((count _arr)-1)));
};
};
_gen = '';
while{_gen=='' || _gen in _allRandomGenVars}do{
call _fnc_actualGen;
};
_allRandomGenVars pushBack _gen;
_gen
}
28.01.2020 02:00:53: ----START-LINE----   (12-01-2020 22-45-36 - v0260)
28.01.2020 02:00:53: _adminbox: r5f4f8a1d5932698e241d0d8c379769090c2a
28.01.2020 02:00:53: _fnc_mpPackets: b8a85524e92857e6f5f17
28.01.2020 02:00:53: _FNC_AH_KICKLOG: o1f074c59958997536d9d73752e2d5d737e
28.01.2020 02:00:53: _FNC_AH_KICKLOGSPAWN: y72373f10454c4317320e
28.01.2020 02:00:53: _FNC_PVAH_AdminReq: h5c5535728e7723177837
28.01.2020 02:00:53: _token_by_uid: y5537251a24452c727c1f150284307c1c7283107d3e6e7244
28.01.2020 02:00:53: _uid_by_token: g7d5f175f9e7d37791d95
28.01.2020 02:00:53: _server_setTokenR: s03622e6d6a558e2d7e4729741f72620992256752
28.01.2020 02:00:53: _YourPlayerToken: f9d5f82192295688f756e751a73479c6e
28.01.2020 02:00:53: _TokenCT: p3e798e6c1c776d5d4e195a4e
28.01.2020 02:00:53: _AH_MAIN_BLOCK: h95935259098332626958
28.01.2020 02:00:53: _AHKickOFF: m15751a253d657e12642a
28.01.2020 02:00:53: _AHKickLog: w1e69375030183a634d4e625797153f5a5d87625a
28.01.2020 02:00:53: _clientdo: r3d1c1f877e2a55508237
28.01.2020 02:00:53: _AH_RunCheckENDVAR: g4e055247872d7d5f5055521a72985e2c
28.01.2020 02:00:53: _AH_RunCheckENDVAR_THREAD: v2e221c5544929d828d727f9f798c
28.01.2020 02:00:53: _AH_HackLogArrayRND: o02485d9c2f85823f751d223c224e4e85525573650f3e07
28.01.2020 02:00:53: _AH_SurvLogArrayRND: m29853e854e49026842828e
28.01.2020 02:00:53: _AH_AdmiLogArrayRND: b170f1f7a323c2e75991c9e5f75974a4c9a5c2f656363551a3f02
28.01.2020 02:00:53: _TMPBAN: u0e1e071e6212772e694a2742
28.01.2020 02:00:53: _massMessage: d075779953e2c3e6c2c92
28.01.2020 02:00:53: _massSysMessage: w74120a572a822e577d598e3e204f5a856d4f5d
28.01.2020 02:00:53: _AHpos: l0e6895472c5267426407874f351a50823e
28.01.2020 02:00:53: _ninetwo: p6d3a7e2e1c4e93231939994d2c172e8e442c874542630e7e
28.01.2020 02:00:53: _ninetwothread: b42406d1a278f5365093e
28.01.2020 02:00:53: _adminsA: l1e52295759583e60275c353e9539
28.01.2020 02:00:53: _MC: k381c958a8c15124e7e679f155f0d
28.01.2020 02:00:53: _MCS: v7f5e176e0e02379e8d6c457a12657e35546e6325
28.01.2020 02:00:53: _checkidicheckcheck: j42558883845e67422e1f627c
28.01.2020 02:00:53: _lastshotmade: s72685718677e2f12375d27
28.01.2020 02:00:53: <infiSTAR.de> _fnc_RandomGen: {
_fnc_actualGen = {
_abc = ['z','y','x','w','v','u','t','s','r','q','p','o','n','m','l','k','j','i','h','g','f','e','d','c','b','a'];
_gen = _abc select (random ((count _abc)-1));
_arr = ['a','5','c','4','d','f','c','e','5','2','2','0','d','e','7','f','9','5','7','8','e','9','a','5','c','3','2','7','e','2','3'];
_randmax = {((round(random _randminval)) + (round(random _randmaxval))) max _randminval};
for '_i' from 0 to (call _randmax)do
{
_gen = _gen + str(round(random 9)) + (_arr select (random ((count _arr)-1)));
};
};
_gen = '';
while{_gen=='' || _gen in _allRandomGenVars}do{
call _fnc_actualGen;
};
_allRandomGenVars pushBack _gen;
_gen
}
28.01.2020 02:00:53: ----START-LINE----   (12-01-2020 22-45-36 - v0260)
28.01.2020 02:00:53: _adminbox: r5f4f8a1d5932698e241d0d8c379769090c2a
28.01.2020 02:00:53: _fnc_mpPackets: b8a85524e92857e6f5f17
28.01.2020 02:00:53: _FNC_AH_KICKLOG: o1f074c59958997536d9d73752e2d5d737e
28.01.2020 02:00:53: _FNC_AH_KICKLOGSPAWN: y72373f10454c4317320e
28.01.2020 02:00:53: _FNC_PVAH_AdminReq: h5c5535728e7723177837
28.01.2020 02:00:53: _token_by_uid: y5537251a24452c727c1f150284307c1c7283107d3e6e7244
28.01.2020 02:00:53: _uid_by_token: g7d5f175f9e7d37791d95
28.01.2020 02:00:53: _server_setTokenR: s03622e6d6a558e2d7e4729741f72620992256752
28.01.2020 02:00:53: _YourPlayerToken: f9d5f82192295688f756e751a73479c6e
28.01.2020 02:00:53: _TokenCT: p3e798e6c1c776d5d4e195a4e
28.01.2020 02:00:53: _AH_MAIN_BLOCK: h95935259098332626958
28.01.2020 02:00:53: _AHKickOFF: m15751a253d657e12642a
28.01.2020 02:00:53: _AHKickLog: w1e69375030183a634d4e625797153f5a5d87625a
28.01.2020 02:00:53: _clientdo: r3d1c1f877e2a55508237
28.01.2020 02:00:53: _AH_RunCheckENDVAR: g4e055247872d7d5f5055521a72985e2c
28.01.2020 02:00:53: _AH_RunCheckENDVAR_THREAD: v2e221c5544929d828d727f9f798c
28.01.2020 02:00:53: _AH_HackLogArrayRND: o02485d9c2f85823f751d223c224e4e85525573650f3e07
28.01.2020 02:00:53: _AH_SurvLogArrayRND: m29853e854e49026842828e
28.01.2020 02:00:53: _AH_AdmiLogArrayRND: b170f1f7a323c2e75991c9e5f75974a4c9a5c2f656363551a3f02
28.01.2020 02:00:53: _TMPBAN: u0e1e071e6212772e694a2742
28.01.2020 02:00:54: _massMessage: d075779953e2c3e6c2c92
28.01.2020 02:00:54: _massSysMessage: w74120a572a822e577d598e3e204f5a856d4f5d
28.01.2020 02:00:54: _AHpos: l0e6895472c5267426407874f351a50823e
28.01.2020 02:00:54: _ninetwo: p6d3a7e2e1c4e93231939994d2c172e8e442c874542630e7e
28.01.2020 02:00:54: _ninetwothread: b42406d1a278f5365093e
28.01.2020 02:00:54: _adminsA: l1e52295759583e60275c353e9539
28.01.2020 02:00:54: _MC: k381c958a8c15124e7e679f155f0d
28.01.2020 02:00:54: _MCS: v7f5e176e0e02379e8d6c457a12657e35546e6325
28.01.2020 02:00:54: _checkidicheckcheck: j42558883845e67422e1f627c
28.01.2020 02:00:54: _lastshotmade: s72685718677e2f12375d27
28.01.2020 02:00:54: _dellocveh: l3539326215451d57558565351a656c5c821c45756227644e0e
28.01.2020 02:00:54: _inCombatTime: u377d53198e854c694265506249
28.01.2020 02:00:54: _inCombatArray: v7c5a4f5f7e7527424c2f182e6a6e53
28.01.2020 02:00:54: _fnc_infiKeyHandler: f4e1e3e232a434c6e8c053595174d6e457e0507123555
28.01.2020 02:00:54: _vehicle_needs_check: v5e6e8e146d175e1e273f
28.01.2020 02:00:54: _MAKE_VAR_DUMP_RANDOM: k9a82151742503c7f5f8c
28.01.2020 02:00:54: _MAKE_VAR_DUMP_CLIENT: e1d650d9c4c620c59878269687e0f995a5582084e1d
28.01.2020 02:00:54: _DUMPINGPLAYERUIDARRAY: f5e232555482a45993a477a
28.01.2020 02:00:54: _CURRENTLYDUMPING: u178547553e8a2525404243
28.01.2020 02:00:54: _antiantihack_rndvar: j1f7c7e288d243492251d
28.01.2020 02:00:54: _name_by_uid: u94334929449e259f779c6d9525758d396557
28.01.2020 02:00:54: _owner_by_uid: a176e52229e6242428f30
28.01.2020 02:00:54: _customcommandingMenu: i898852125552125c294542602c67
28.01.2020 02:00:54: _customcommandingMenuOpen: n975d1c845f7e9e6c72570c3e7a3f2e8d47153520797f
28.01.2020 02:00:54: _AH_KICKLOG: PVAHR_7u2f9p3t4d9q
28.01.2020 02:00:54: ----END-LINE----   (12-01-2020 22-45-36 - v0260)
28.01.2020 08:16:18: <infiSTAR.de> _fnc_RandomGen: {
_fnc_actualGen = {
_abc = ['z','y','x','w','v','u','t','s','r','q','p','o','n','m','l','k','j','i','h','g','f','e','d','c','b','a'];
_gen = _abc select (random ((count _abc)-1));
_arr = ['a','5','c','4','d','f','c','e','5','2','2','0','d','e','7','f','9','5','7','8','e','9','a','5','c','3','2','7','e','2','3'];
_randmax = {((round(random _randminval)) + (round(random _randmaxval))) max _randminval};
for '_i' from 0 to (call _randmax)do
{
_gen = _gen + str(round(random 9)) + (_arr select (random ((count _arr)-1)));
};
};
_gen = '';
while{_gen=='' || _gen in _allRandomGenVars}do{
call _fnc_actualGen;
};
_allRandomGenVars pushBack _gen;
_gen
}
28.01.2020 08:16:18: ----START-LINE----   (12-01-2020 22-45-36 - v0260)
28.01.2020 08:16:18: _adminbox: e6522174e3e356d536c1c
28.01.2020 08:16:18: _fnc_mpPackets: g5e7e8532055c6d654752373982
28.01.2020 08:16:18: _FNC_AH_KICKLOG: l05856f3d7f75247e9e0d1c333750256f6e62482d4362
28.01.2020 08:16:18: _FNC_AH_KICKLOGSPAWN: a5c4c801a7d69655a455757421e5a872e88985e05172d
28.01.2020 08:16:18: _FNC_PVAH_AdminReq: m95801c43409c84556c473c559f1a77606c8582
28.01.2020 08:16:18: _token_by_uid: d1d7c05825e9077253088
28.01.2020 08:16:18: _uid_by_token: y02898c1f4232437e0372
28.01.2020 08:16:18: _server_setTokenR: y8e4e932369388262472f
28.01.2020 08:16:18: _YourPlayerToken: p3f2c47699d30886e73458f
28.01.2020 08:16:18: _TokenCT: e8c8d8e25332e955995321d733f82
28.01.2020 08:16:18: _AH_MAIN_BLOCK: x69958f7c3c57457e2919
28.01.2020 08:16:19: _AHKickOFF: u898c4e77907339693d8f2e
28.01.2020 08:16:19: _AHKickLog: i2e524850372e6a370315
28.01.2020 08:16:19: _clientdo: l133c3f8d7d452f7d2582570c1515224c5f6f4d
28.01.2020 08:16:19: _AH_RunCheckENDVAR: p4c9f296e4e6585622f0f2a6c4357
28.01.2020 08:16:19: _AH_RunCheckENDVAR_THREAD: b7e5d197e227e122c15891593093e8a
28.01.2020 08:16:19: _AH_HackLogArrayRND: s6299297577952c408e5c
28.01.2020 08:16:19: _AH_SurvLogArrayRND: s4d6c045e677939257a952c4727183d8a5c652e7242
28.01.2020 08:16:19: _AH_AdmiLogArrayRND: l2f854d52423812756c891e33
28.01.2020 08:16:19: _TMPBAN: v1f6e5767076577878e253e4c3e57046e70558e4c8e633402
28.01.2020 08:16:19: _massMessage: d1e973054448a453262506c6f752f5e6c22330277
28.01.2020 08:16:19: _massSysMessage: r5d827a97576e2e225372
28.01.2020 08:16:19: _AHpos: x3c59195552724e12936e87226c
28.01.2020 08:16:19: _ninetwo: z62794f7d3f3c3c956c1f9a67757d733e524f19193a52
28.01.2020 08:16:19: _ninetwothread: d8c5a0e2e7c1f5895197712425500601a4a22
28.01.2020 08:16:19: _adminsA: u4e7c95823d78881e505275
28.01.2020 08:16:19: _MC: t0e352f1f0c3237126d5d7e172532893735
28.01.2020 08:16:19: _MCS: t1933832e8c690c2e3c0707526c2c6c30732c8e543d3539653e
28.01.2020 08:16:19: _checkidicheckcheck: d331982703c847c687522
28.01.2020 08:16:19: _lastshotmade: w1c056d0c8955225f3733
28.01.2020 08:16:19: _dellocveh: h5e425e574a3e5e277c25
28.01.2020 08:16:19: _inCombatTime: n256f050f1e7a6e7e5a45753c5f9e227e7712230c
28.01.2020 08:16:19: _inCombatArray: d827a63152d6c722919325f8f
28.01.2020 08:16:19: _fnc_infiKeyHandler: q670e571e8e895f37092a
28.01.2020 08:16:19: _vehicle_needs_check: o02505c0c7e4a6d734e37
28.01.2020 08:16:19: _MAKE_VAR_DUMP_RANDOM: f7d4d4e8e1a6d0915835e5d0c271e0987870593925c682c5e129e
28.01.2020 08:16:19: _MAKE_VAR_DUMP_CLIENT: i4760528f433525535c198f37058d6f1e4519489530
28.01.2020 08:16:19: _DUMPINGPLAYERUIDARRAY: h4f7a308e830912231f5c47146e1e323e
28.01.2020 08:16:19: _CURRENTLYDUMPING: o3c5f0c0742495e357d3f2c13
28.01.2020 08:16:19: _antiantihack_rndvar: y4c6863798d3a3d6a5295725e62537e8722
28.01.2020 08:16:19: _name_by_uid: p545d797e8e05451c4c8e5c
28.01.2020 08:16:19: _owner_by_uid: o728c28735f699c277a236c57632a256c197a22
28.01.2020 08:16:19: _customcommandingMenu: o902d7d3e8f159a1d1552628e577517820e228a6d
28.01.2020 08:16:19: _AHKickOFF: u898c4e77907339693d8f2e
28.01.2020 08:16:19: _AHKickLog: i2e524850372e6a370315
28.01.2020 08:16:19: _clientdo: l133c3f8d7d452f7d2582570c1515224c5f6f4d
28.01.2020 08:16:19: _AH_RunCheckENDVAR: p4c9f296e4e6585622f0f2a6c4357
28.01.2020 08:16:19: _AH_RunCheckENDVAR_THREAD: b7e5d197e227e122c15891593093e8a
28.01.2020 08:16:19: _AH_HackLogArrayRND: s6299297577952c408e5c
28.01.2020 08:16:19: _AH_SurvLogArrayRND: s4d6c045e677939257a952c4727183d8a5c652e7242
28.01.2020 08:16:19: _AH_AdmiLogArrayRND: l2f854d52423812756c891e33
28.01.2020 08:16:19: _TMPBAN: v1f6e5767076577878e253e4c3e57046e70558e4c8e633402
28.01.2020 08:16:19: _massMessage: d1e973054448a453262506c6f752f5e6c22330277
28.01.2020 08:16:19: _massSysMessage: r5d827a97576e2e225372
28.01.2020 08:16:19: _AHpos: x3c59195552724e12936e87226c
28.01.2020 08:16:19: _ninetwo: z62794f7d3f3c3c956c1f9a67757d733e524f19193a52
28.01.2020 08:16:19: _ninetwothread: d8c5a0e2e7c1f5895197712425500601a4a22
28.01.2020 08:16:19: _adminsA: u4e7c95823d78881e505275
28.01.2020 08:16:19: _MC: t0e352f1f0c3237126d5d7e172532893735
28.01.2020 08:16:19: _MCS: t1933832e8c690c2e3c0707526c2c6c30732c8e543d3539653e
28.01.2020 08:16:19: _checkidicheckcheck: d331982703c847c687522
28.01.2020 08:16:19: _lastshotmade: w1c056d0c8955225f3733
28.01.2020 08:16:19: _dellocveh: h5e425e574a3e5e277c25
28.01.2020 08:16:19: _inCombatTime: n256f050f1e7a6e7e5a45753c5f9e227e7712230c
28.01.2020 08:16:19: _inCombatArray: d827a63152d6c722919325f8f
28.01.2020 08:16:19: _fnc_infiKeyHandler: q670e571e8e895f37092a
28.01.2020 08:16:19: _vehicle_needs_check: o02505c0c7e4a6d734e37
28.01.2020 08:16:19: _MAKE_VAR_DUMP_RANDOM: f7d4d4e8e1a6d0915835e5d0c271e0987870593925c682c5e129e
28.01.2020 08:16:19: _MAKE_VAR_DUMP_CLIENT: i4760528f433525535c198f37058d6f1e4519489530
28.01.2020 08:16:19: _DUMPINGPLAYERUIDARRAY: h4f7a308e830912231f5c47146e1e323e
28.01.2020 08:16:19: _CURRENTLYDUMPING: o3c5f0c0742495e357d3f2c13
28.01.2020 08:16:19: _antiantihack_rndvar: y4c6863798d3a3d6a5295725e62537e8722
28.01.2020 08:16:19: _name_by_uid: p545d797e8e05451c4c8e5c
28.01.2020 08:16:19: _owner_by_uid: o728c28735f699c277a236c57632a256c197a22
28.01.2020 08:16:19: _customcommandingMenu: o902d7d3e8f159a1d1552628e577517820e228a6d
28.01.2020 08:16:19: _customcommandingMenuOpen: h155d8c15597e39026c128d4763324c276e525a424e
28.01.2020 08:16:19: _AH_KICKLOG: PVAHR_3h7i7t3d5t3w
28.01.2020 08:16:19: ----END-LINE----   (12-01-2020 22-45-36 - v0260)
28.01.2020 08:46:11: <infiSTAR.de> _fnc_RandomGen: {
_fnc_actualGen = {
_abc = ['z','y','x','w','v','u','t','s','r','q','p','o','n','m','l','k','j','i','h','g','f','e','d','c','b','a'];
_gen = _abc select (random ((count _abc)-1));
_arr = ['a','5','c','4','d','f','c','e','5','2','2','0','d','e','7','f','9','5','7','8','e','9','a','5','c','3','2','7','e','2','3'];
_randmax = {((round(random _randminval)) + (round(random _randmaxval))) max _randminval};
for '_i' from 0 to (call _randmax)do
{
_gen = _gen + str(round(random 9)) + (_arr select (random ((count _arr)-1)));
};
};
_gen = '';
while{_gen=='' || _gen in _allRandomGenVars}do{
call _fnc_actualGen;
};
_allRandomGenVars pushBack _gen;
_gen
}
28.01.2020 08:46:11: ----START-LINE----   (12-01-2020 22-45-36 - v0260)
28.01.2020 08:46:11: _adminbox: v7465724f1e124c127c4d9a3215226f9e1e8c37230c4e1a422c
28.01.2020 08:46:11: _fnc_mpPackets: q5e597e8e07321e153d4f58147d9c
28.01.2020 08:46:11: _FNC_AH_KICKLOG: n757a059f4f92294979934719
28.01.2020 08:46:11: _FNC_AH_KICKLOGSPAWN: r87457a7c250a8f3e53458a6f227c25223d4d
28.01.2020 08:46:11: _FNC_PVAH_AdminReq: v2d87626d1a1532351962
28.01.2020 08:46:11: _token_by_uid: k2248320e4e3222872782
28.01.2020 08:46:11: _uid_by_token: f6e43678e1f5320758a52
28.01.2020 08:46:11: _server_setTokenR: s9555231a9f3e156c84830d39181f4c5273123f527f
28.01.2020 08:46:11: _YourPlayerToken: p232e472d822054491e0c12532d6d9d
28.01.2020 08:46:11: _TokenCT: j630d2e841e1e5a730e4365575c
28.01.2020 08:46:11: _AH_MAIN_BLOCK: w427e750f8a8a0e396a508e475a1c55
28.01.2020 08:46:11: _AHKickOFF: a2f1e993070704915776c7e3d054f7d23
28.01.2020 08:46:12: _AHKickLog: j2d2964224e0254706c2e
28.01.2020 08:46:12: _clientdo: s29524e15256e3c73254299
28.01.2020 08:46:12: _AH_RunCheckENDVAR: z027e472719427c522d8f
28.01.2020 08:46:12: _AH_RunCheckENDVAR_THREAD: f284c5d8535206232975d598f3c4513553c5282
28.01.2020 08:46:12: _AH_HackLogArrayRND: r3c1f6e99427e2e704f35257d5f7c3d8405
28.01.2020 08:46:12: _AH_SurvLogArrayRND: q429e1d05182e7c2c021f
28.01.2020 08:46:12: _AH_AdmiLogArrayRND: c8237857c822d1e353f95
28.01.2020 08:46:12: _TMPBAN: b307e28154f1d0f2e9927
28.01.2020 08:46:12: _massMessage: i02527e6780271d5c7a65
28.01.2020 08:46:12: _massSysMessage: u552523388d5d774737921f4752356585654e
28.01.2020 08:46:12: _AHpos: f4f556e9e222d5e535453720c221d47589507
28.01.2020 08:46:12: _ninetwo: e8f923e6d62778e0c091275005729
28.01.2020 08:46:12: _ninetwothread: w827c605e63599a5d9c2a9a6795
28.01.2020 08:46:12: _adminsA: k924d1253728c52946e873e1457076a2e9f958e2d5527024e
28.01.2020 08:46:12: _MC: q685e154f45594d846d256c
28.01.2020 08:46:12: _MCS: c720a7f6d9587595e573c12741c
28.01.2020 08:46:12: _checkidicheckcheck: p297e7e6e3e5d6d494489355e4d8c8c72320e6c
28.01.2020 08:46:12: _lastshotmade: s1093425783896f1d4e754f626f29581315626c721e57
28.01.2020 08:46:12: _dellocveh: h3505506c280782143f6f
28.01.2020 08:46:12: _inCombatTime: k6a578e027e23124c1e302428435e
28.01.2020 08:46:12: _inCombatArray: o1e327f6a7a257e7a5f5a676e2e8517484d93178f8a38684c5c1d
28.01.2020 08:46:12: _fnc_infiKeyHandler: r62020e4c591a1e1c7c956f623482273f1a5e6a1c4c
28.01.2020 08:46:12: _vehicle_needs_check: t4a257e877e7029785f4e6370257e255f67620a2f72454c1a18
28.01.2020 08:46:12: _MAKE_VAR_DUMP_RANDOM: v5940437245205d0f8e60879584148c5e15295f1e5a
28.01.2020 08:46:12: _MAKE_VAR_DUMP_CLIENT: d2e25435e6f3f95021724
28.01.2020 08:46:12: _DUMPINGPLAYERUIDARRAY: c5c998e8e12954312591a2f3e19477e5f
28.01.2020 08:46:12: _CURRENTLYDUMPING: q9e156c1a22153e22872e5c1d4a7e7f
28.01.2020 08:46:12: _antiantihack_rndvar: l95252c75278a252262494e431883623c5c153c5c0807407e
28.01.2020 08:46:12: _name_by_uid: o4a5c45891e7e3c89041c3d9422188d
28.01.2020 08:46:12: _owner_by_uid: p138c1225473c2d32533f3a828e724c2742652e
28.01.2020 08:46:12: _customcommandingMenu: q996e0e35629a6e1263496c68
28.01.2020 08:46:12: _customcommandingMenuOpen: x952e351d32400f2f2595502d0d456c4c
28.01.2020 08:46:12: _AH_KICKLOG: PVAHR_6e0g4t8l8v7v4w
28.01.2020 08:46:12: ----END-LINE----   (12-01-2020 22-45-36 - v0260)
28.01.2020 09:21:46: <infiSTAR.de> _fnc_RandomGen: {
_fnc_actualGen = {
_abc = ['z','y','x','w','v','u','t','s','r','q','p','o','n','m','l','k','j','i','h','g','f','e','d','c','b','a'];
_gen = _abc select (random ((count _abc)-1));
_arr = ['a','5','c','4','d','f','c','e','5','2','2','0','d','e','7','f','9','5','7','8','e','9','a','5','c','3','2','7','e','2','3'];
_randmax = {((round(random _randminval)) + (round(random _randmaxval))) max _randminval};
for '_i' from 0 to (call _randmax)do
{
_gen = _gen + str(round(random 9)) + (_arr select (random ((count _arr)-1)));
};
};
_gen = '';
while{_gen=='' || _gen in _allRandomGenVars}do{
call _fnc_actualGen;
};
_allRandomGenVars pushBack _gen;
_gen
}
28.01.2020 09:21:46: ----START-LINE----   (12-01-2020 22-45-36 - v0260)
28.01.2020 09:21:46: _adminbox: y1782191e0d352c8c897387527c494c9068476e6c7f9f4e
28.01.2020 09:21:46: _fnc_mpPackets: t1e772d2c3e107d2e7250871a8d6f1c0d1c838f4e4d2469
28.01.2020 09:21:46: _FNC_AH_KICKLOG: f274d3c64025252726d4e85856285654d103540352203347a
28.01.2020 09:21:46: _FNC_AH_KICKLOGSPAWN: g971f855d348337894e75
28.01.2020 09:21:46: _FNC_PVAH_AdminReq: d286d8e2c5855574d255c8f
28.01.2020 09:21:46: _token_by_uid: m85224e09050e029e858a509c221e37073545331c43377a
28.01.2020 09:21:46: _uid_by_token: d582d4e40728c538e888c29072c1e228f034c7292
28.01.2020 09:21:46: _server_setTokenR: d8997276c7a224f84193e
28.01.2020 09:21:46: _YourPlayerToken: w478c1f697c0c624e648e8d54032e
28.01.2020 09:21:46: _TokenCT: h475e62123c279c897f185505826253854e49
28.01.2020 09:21:46: _AH_MAIN_BLOCK: w1e624912687e238e271c5d6e275e635e78
28.01.2020 09:21:46: _AHKickOFF: c65657540898042290a324209
28.01.2020 09:21:46: _AHKickLog: b347e672f5e828f8983145882427c4c298e
28.01.2020 09:21:46: _clientdo: d1a5d8575103e5e897235
28.01.2020 09:21:46: _AH_RunCheckENDVAR: h6e38232e001267820532
28.01.2020 09:21:46: _AH_RunCheckENDVAR_THREAD: r2e5a6d453d4e5e6c9f9f0e473d1a9d251e23
28.01.2020 09:21:46: _AH_HackLogArrayRND: x4c8989122c6a5a222e694e0e028a8258882325926e271e921e8a926e2d
28.01.2020 09:21:46: _AH_SurvLogArrayRND: q0f7c92950d5c3d278758686937270f35120f
28.01.2020 09:21:46: _AH_AdmiLogArrayRND: a5829721527053584725e725c325e87
28.01.2020 09:21:46: _TMPBAN: l251c04127e298049884a776e3d3e6c3a1e154c7f994c
28.01.2020 09:21:46: _massMessage: o2f2e23152a6a72127c5f3d273c10757c3a4e522360
28.01.2020 09:21:46: _massSysMessage: u35125a248727321d42023745554a5335526d072c7e9d3e8944
28.01.2020 09:21:46: _AHpos: h037505655400797f35576978626c8c152758
28.01.2020 09:21:46: _ninetwo: d6532472a52141d1e83121d3255426e1f624d
28.01.2020 09:21:46: _ninetwothread: m12124c5e8d3f645e2d8e4922201e3d7c653e
28.01.2020 09:21:46: _adminsA: v42757c3777839835125e52921e8727922d783542274e824f22
28.01.2020 09:21:46: _MC: r473e654e9c2558423c571a9c63935d79158c
28.01.2020 09:21:46: _MCS: z42822d157459722d7a7e
28.01.2020 09:21:46: _checkidicheckcheck: k4220272255547f1727586d2c7f8e672d5979695e8c
28.01.2020 09:21:46: _lastshotmade: o4e891455454c6e7247856d4c1e
28.01.2020 09:21:46: <infiSTAR.de> _fnc_RandomGen: {
_fnc_actualGen = {
_abc = ['z','y','x','w','v','u','t','s','r','q','p','o','n','m','l','k','j','i','h','g','f','e','d','c','b','a'];
_gen = _abc select (random ((count _abc)-1));
_arr = ['a','5','c','4','d','f','c','e','5','2','2','0','d','e','7','f','9','5','7','8','e','9','a','5','c','3','2','7','e','2','3'];
_randmax = {((round(random _randminval)) + (round(random _randmaxval))) max _randminval};
for '_i' from 0 to (call _randmax)do
{
_gen = _gen + str(round(random 9)) + (_arr select (random ((count _arr)-1)));
};
};
_gen = '';
while{_gen=='' || _gen in _allRandomGenVars}do{
call _fnc_actualGen;
};
_allRandomGenVars pushBack _gen;
_gen
}
28.01.2020 09:21:46: ----START-LINE----   (12-01-2020 22-45-36 - v0260)
28.01.2020 09:21:46: _adminbox: y1782191e0d352c8c897387527c494c9068476e6c7f9f4e
28.01.2020 09:21:46: _fnc_mpPackets: t1e772d2c3e107d2e7250871a8d6f1c0d1c838f4e4d2469
28.01.2020 09:21:46: _FNC_AH_KICKLOG: f274d3c64025252726d4e85856285654d103540352203347a
28.01.2020 09:21:46: _FNC_AH_KICKLOGSPAWN: g971f855d348337894e75
28.01.2020 09:21:46: _FNC_PVAH_AdminReq: d286d8e2c5855574d255c8f
28.01.2020 09:21:46: _token_by_uid: m85224e09050e029e858a509c221e37073545331c43377a
28.01.2020 09:21:46: _uid_by_token: d582d4e40728c538e888c29072c1e228f034c7292
28.01.2020 09:21:46: _server_setTokenR: d8997276c7a224f84193e
28.01.2020 09:21:46: _YourPlayerToken: w478c1f697c0c624e648e8d54032e
28.01.2020 09:21:46: _TokenCT: h475e62123c279c897f185505826253854e49
28.01.2020 09:21:46: _AH_MAIN_BLOCK: w1e624912687e238e271c5d6e275e635e78
28.01.2020 09:21:46: _AHKickOFF: c65657540898042290a324209
28.01.2020 09:21:46: _AHKickLog: b347e672f5e828f8983145882427c4c298e
28.01.2020 09:21:46: _clientdo: d1a5d8575103e5e897235
28.01.2020 09:21:46: _AH_RunCheckENDVAR: h6e38232e001267820532
28.01.2020 09:21:46: _AH_RunCheckENDVAR_THREAD: r2e5a6d453d4e5e6c9f9f0e473d1a9d251e23
28.01.2020 09:21:46: _AH_HackLogArrayRND: x4c8989122c6a5a222e694e0e028a8258882325926e271e921e8a926e2d
28.01.2020 09:21:46: _AH_SurvLogArrayRND: q0f7c92950d5c3d278758686937270f35120f
28.01.2020 09:21:46: _AH_AdmiLogArrayRND: a5829721527053584725e725c325e87
28.01.2020 09:21:46: _TMPBAN: l251c04127e298049884a776e3d3e6c3a1e154c7f994c
28.01.2020 09:21:46: _massMessage: o2f2e23152a6a72127c5f3d273c10757c3a4e522360
28.01.2020 09:21:46: _massSysMessage: u35125a248727321d42023745554a5335526d072c7e9d3e8944
28.01.2020 09:21:46: _AHpos: h037505655400797f35576978626c8c152758
28.01.2020 09:21:46: _ninetwo: d6532472a52141d1e83121d3255426e1f624d
28.01.2020 09:21:46: _ninetwothread: m12124c5e8d3f645e2d8e4922201e3d7c653e
28.01.2020 09:21:46: _adminsA: v42757c3777839835125e52921e8727922d783542274e824f22
28.01.2020 09:21:46: _MC: r473e654e9c2558423c571a9c63935d79158c
28.01.2020 09:21:46: _MCS: z42822d157459722d7a7e
28.01.2020 09:21:46: _checkidicheckcheck: k4220272255547f1727586d2c7f8e672d5979695e8c
28.01.2020 09:21:46: _lastshotmade: o4e891455454c6e7247856d4c1e
28.01.2020 09:21:46: _dellocveh: i570942778e1f6c3822778382
28.01.2020 09:21:46: _inCombatTime: f3d3e7562736e531c444a129a326370445a552e9f22081745336f
28.01.2020 09:21:46: _inCombatArray: d7065694f6c1e3962625c687c126434908f72
28.01.2020 09:21:46: _fnc_infiKeyHandler: b28296532224e3e5e8388
28.01.2020 09:21:46: _vehicle_needs_check: j5e67053e227e0e5f8315
28.01.2020 09:21:46: _MAKE_VAR_DUMP_RANDOM: o326a156f2a55458545301a
28.01.2020 09:21:46: _MAKE_VAR_DUMP_CLIENT: r7439071a756a34629527996532287232633a740e77121d7d
28.01.2020 09:21:46: _DUMPINGPLAYERUIDARRAY: i2447478c7719875c42058e
28.01.2020 09:21:46: _CURRENTLYDUMPING: b876728331c3d421c7e33
28.01.2020 09:21:46: _antiantihack_rndvar: l497c82351e72353007096f37854e6a194723128c85321579
28.01.2020 09:21:46: _name_by_uid: t996432576e2d6a128217821e0355
28.01.2020 09:21:46: _owner_by_uid: l2c5a6c1f8a3c674e7275373e77583e493c491262951a9c3d15
28.01.2020 09:21:46: _customcommandingMenu: e231907475e201c5d65332a
28.01.2020 09:21:46: _customcommandingMenuOpen: t8572097935243c6c605965537e836a5233170e35
28.01.2020 09:21:46: _AH_KICKLOG: PVAHR_6w7p2l6p4i5s8p
28.01.2020 09:21:46: ----END-LINE----   (12-01-2020 22-45-36 - v0260)
28.01.2020 15:14:39: <infiSTAR.de> _fnc_RandomGen: {
_fnc_actualGen = {
_abc = ['z','y','x','w','v','u','t','s','r','q','p','o','n','m','l','k','j','i','h','g','f','e','d','c','b','a'];
_gen = _abc select (random ((count _abc)-1));
_arr = ['a','5','c','4','d','f','c','e','5','2','2','0','d','e','7','f','9','5','7','8','e','9','a','5','c','3','2','7','e','2','3'];
_randmax = {((round(random _randminval)) + (round(random _randmaxval))) max _randminval};
for '_i' from 0 to (call _randmax)do
{
_gen = _gen + str(round(random 9)) + (_arr select (random ((count _arr)-1)));
};
};
_gen = '';
while{_gen=='' || _gen in _allRandomGenVars}do{
call _fnc_actualGen;
};
_allRandomGenVars pushBack _gen;
_gen
}
28.01.2020 15:14:39: ----START-LINE----   (12-01-2020 22-45-36 - v0260)
28.01.2020 15:14:39: _adminbox: u8e127e25647f5553254522
28.01.2020 15:14:39: _fnc_mpPackets: o47301a6c8c8f8742405a84972e9c
28.01.2020 15:14:39: _FNC_AH_KICKLOG: c5f424555278c679813057955
28.01.2020 15:14:39: _FNC_AH_KICKLOGSPAWN: y594e420d52228d527e05
28.01.2020 15:14:39: _FNC_PVAH_AdminReq: r7a051f6c879e70772f803c1e6e87355949654912
28.01.2020 15:14:39: _token_by_uid: q431525422f8f151c7a34377d2a222322128e4773
28.01.2020 15:14:39: _uid_by_token: t72425934479c772c5d2e
28.01.2020 15:14:39: _server_setTokenR: x7e2d8e95724973620f8e9e2d5c
28.01.2020 15:14:39: _YourPlayerToken: c724e0710827e627f0905751c
28.01.2020 15:14:39: _TokenCT: c05658718128a2d603915
28.01.2020 15:14:39: _AH_MAIN_BLOCK: o4d4e6d4c234929551f7504276e827f444e12
28.01.2020 15:14:39: _AHKickOFF: d5f4c2e526215383525720d1e55142d3e2e485f8e7d781e
28.01.2020 15:14:39: _AHKickLog: k27731514671c898e95737e5e6c1f4f2a4547170f83997d2c55
28.01.2020 15:14:39: _clientdo: e724e4c3e9982471e154e79122c6d3e030f304f4f
28.01.2020 15:14:39: _AH_RunCheckENDVAR: i19759d245a1a7e42556d3c320d2773473e7d13276729751f22924f50
28.01.2020 15:14:39: _AH_RunCheckENDVAR_THREAD: q957c7c4742824285191890244f5d9722435c52527e12
28.01.2020 15:14:39: _AH_HackLogArrayRND: a6e8c5d951f43373c6e99
28.01.2020 15:14:39: _AH_SurvLogArrayRND: n4d4232403c652e99156592330984690932199e2d8c646e3d
28.01.2020 15:14:39: _AH_AdmiLogArrayRND: s4f879723528f82772f902e5c7875744e554e639f
28.01.2020 15:14:39: _TMPBAN: t15473d3e89498c65583a6f251e
28.01.2020 15:14:39: _massMessage: t4d655d6c748e5c7c5d2e54
28.01.2020 15:14:39: _massSysMessage: c202f277c1d403f658d3a85055785
28.01.2020 15:14:39: _AHpos: r8d3d220c624e45729f1f8e55
28.01.2020 15:14:39: _ninetwo: k804f3f831a2e8359156d926d49375765674292
28.01.2020 15:14:39: _ninetwothread: u32773f0c5a654c5d9840552a124e5514240f8373
28.01.2020 15:14:39: _adminsA: f371d421f477887201242491d392c4f524d
28.01.2020 15:14:39: _MC: m32056f8e2c6d8e07300382291249093d
28.01.2020 15:14:39: <infiSTAR.de> _fnc_RandomGen: {
_fnc_actualGen = {
_abc = ['z','y','x','w','v','u','t','s','r','q','p','o','n','m','l','k','j','i','h','g','f','e','d','c','b','a'];
_gen = _abc select (random ((count _abc)-1));
_arr = ['a','5','c','4','d','f','c','e','5','2','2','0','d','e','7','f','9','5','7','8','e','9','a','5','c','3','2','7','e','2','3'];
_randmax = {((round(random _randminval)) + (round(random _randmaxval))) max _randminval};
for '_i' from 0 to (call _randmax)do
{
_gen = _gen + str(round(random 9)) + (_arr select (random ((count _arr)-1)));
};
};
_gen = '';
while{_gen=='' || _gen in _allRandomGenVars}do{
call _fnc_actualGen;
};
_allRandomGenVars pushBack _gen;
_gen
}
28.01.2020 15:14:39: ----START-LINE----   (12-01-2020 22-45-36 - v0260)
28.01.2020 15:14:39: _adminbox: u8e127e25647f5553254522
28.01.2020 15:14:39: _fnc_mpPackets: o47301a6c8c8f8742405a84972e9c
28.01.2020 15:14:39: _FNC_AH_KICKLOG: c5f424555278c679813057955
28.01.2020 15:14:39: _FNC_AH_KICKLOGSPAWN: y594e420d52228d527e05
28.01.2020 15:14:39: _FNC_PVAH_AdminReq: r7a051f6c879e70772f803c1e6e87355949654912
28.01.2020 15:14:39: _uid_by_token: t72425934479c772c5d2e
28.01.2020 15:14:40: _AH_RunCheckENDVAR: i19759d245a1a7e42556d3c320d2773473e7d13276729751f22924f50
28.01.2020 15:14:40: _AH_RunCheckENDVAR_THREAD: q957c7c4742824285191890244f5d9722435c52527e12
28.01.2020 15:14:40: _AH_HackLogArrayRND: a6e8c5d951f43373c6e99
28.01.2020 15:14:40: _AH_SurvLogArrayRND: n4d4232403c652e99156592330984690932199e2d8c646e3d
28.01.2020 15:14:40: _AH_AdmiLogArrayRND: s4f879723528f82772f902e5c7875744e554e639f
28.01.2020 15:14:40: _TMPBAN: t15473d3e89498c65583a6f251e
28.01.2020 15:14:40: _massMessage: t4d655d6c748e5c7c5d2e54
28.01.2020 15:14:40: _massSysMessage: c202f277c1d403f658d3a85055785
28.01.2020 15:14:40: _AHpos: r8d3d220c624e45729f1f8e55
28.01.2020 15:14:40: _ninetwo: k804f3f831a2e8359156d926d49375765674292
28.01.2020 15:14:40: _ninetwothread: u32773f0c5a654c5d9840552a124e5514240f8373
28.01.2020 15:14:40: _adminsA: f371d421f477887201242491d392c4f524d
28.01.2020 15:14:40: _MC: m32056f8e2c6d8e07300382291249093d
28.01.2020 15:14:40: _MCS: g8212388e892a156e649f4e2498351c14
28.01.2020 15:14:40: _checkidicheckcheck: k3e58408e458d125e22130c902777251d7e3e5279856a
28.01.2020 15:14:40: _lastshotmade: l736e67209367255f273e97851a4d
28.01.2020 15:14:40: _dellocveh: d87679f924a15521d2258290c5f242e0d15635e2e
28.01.2020 15:14:40: _inCombatTime: r5f098f47129087481269
28.01.2020 15:14:40: _inCombatArray: k724d4e6c5d758c577d72672842
28.01.2020 15:14:40: _fnc_infiKeyHandler: v381c6c5a3a437e6f0732
28.01.2020 15:14:40: _vehicle_needs_check: b6e194f6f37171a871a87
28.01.2020 15:14:40: _MAKE_VAR_DUMP_RANDOM: f2754556e3278571e7d194d633e5255
28.01.2020 15:14:40: _MAKE_VAR_DUMP_CLIENT: x32172c2264658d228e698c802f4d4e7d5e283225882e8d6f2a
28.01.2020 15:14:40: _DUMPINGPLAYERUIDARRAY: j3e0d4067386e459d5e15527e3e695e13376d
28.01.2020 15:14:40: _CURRENTLYDUMPING: b655019754f8c258d6e8942293592795262827e
28.01.2020 15:14:40: _antiantihack_rndvar: i394c7a407c29577f85423f5c
28.01.2020 15:14:40: _name_by_uid: l2d3522858c8c427c4d7e4a6d6812
28.01.2020 15:14:40: _owner_by_uid: s63093a3e35250f4e78193f5c5235826c122e5f12195f5f322495356c1e
28.01.2020 15:14:40: _customcommandingMenu: r65983052574f3e7e452c65752f528d6062677a3e2d7a130f30188c
28.01.2020 15:14:40: _customcommandingMenuOpen: q8f72520e920815631e4e5c101e856c4d67325c0a497314256982
28.01.2020 15:14:40: _AH_KICKLOG: PVAHR_3n0r2i8k5z8e5q
28.01.2020 15:14:40: ----END-LINE----   (12-01-2020 22-45-36 - v0260)
28.01.2020 15:14:40: _AH_RunCheckENDVAR: i19759d245a1a7e42556d3c320d2773473e7d13276729751f22924f50
28.01.2020 15:14:40: _AH_RunCheckENDVAR_THREAD: q957c7c4742824285191890244f5d9722435c52527e12
28.01.2020 15:14:40: _AH_HackLogArrayRND: a6e8c5d951f43373c6e99
28.01.2020 15:14:40: _AH_SurvLogArrayRND: n4d4232403c652e99156592330984690932199e2d8c646e3d
28.01.2020 15:14:40: _AH_AdmiLogArrayRND: s4f879723528f82772f902e5c7875744e554e639f
28.01.2020 15:14:40: _TMPBAN: t15473d3e89498c65583a6f251e
28.01.2020 15:14:40: _massMessage: t4d655d6c748e5c7c5d2e54
28.01.2020 15:14:40: _massSysMessage: c202f277c1d403f658d3a85055785
28.01.2020 15:14:40: _AHpos: r8d3d220c624e45729f1f8e55
28.01.2020 15:14:40: _ninetwo: k804f3f831a2e8359156d926d49375765674292
28.01.2020 15:14:40: _ninetwothread: u32773f0c5a654c5d9840552a124e5514240f8373
28.01.2020 15:14:40: _adminsA: f371d421f477887201242491d392c4f524d
28.01.2020 15:14:40: _MC: m32056f8e2c6d8e07300382291249093d
28.01.2020 15:14:40: _MCS: g8212388e892a156e649f4e2498351c14
28.01.2020 15:14:40: _lastshotmade: l736e67209367255f273e97851a4d
28.01.2020 15:14:41: _AH_KICKLOG: PVAHR_3n0r2i8k5z8e5q
28.01.2020 15:14:41: ----END-LINE----   (12-01-2020 22-45-36 - v0260)
28.01.2020 16:03:45: <infiSTAR.de> _fnc_RandomGen: {
_fnc_actualGen = {
_abc = ['z','y','x','w','v','u','t','s','r','q','p','o','n','m','l','k','j','i','h','g','f','e','d','c','b','a'];
_gen = _abc select (random ((count _abc)-1));
_arr = ['a','5','c','4','d','f','c','e','5','2','2','0','d','e','7','f','9','5','7','8','e','9','a','5','c','3','2','7','e','2','3'];
_randmax = {((round(random _randminval)) + (round(random _randmaxval))) max _randminval};
for '_i' from 0 to (call _randmax)do
{
_gen = _gen + str(round(random 9)) + (_arr select (random ((count _arr)-1)));
};
};
_gen = '';
while{_gen=='' || _gen in _allRandomGenVars}do{
call _fnc_actualGen;
};
_allRandomGenVars pushBack _gen;
_gen
}
28.01.2020 16:03:45: ----START-LINE----   (12-01-2020 22-45-36 - v0260)
28.01.2020 16:03:45: _adminbox: r6525656a1c7e2917277c65288e75933f65
28.01.2020 16:03:45: _fnc_mpPackets: i80474e7a8a152e97750f
28.01.2020 16:03:45: _FNC_AH_KICKLOG: v2c25981f2d04622443892a6389458218499f3c327f1c62
28.01.2020 16:03:45: _FNC_AH_KICKLOGSPAWN: s1e6f426c45621264855d64197539895c4e3e
28.01.2020 16:03:45: _FNC_PVAH_AdminReq: v75107c5c421e49180873636c8f4757526c
28.01.2020 16:03:45: _token_by_uid: v426f2e4e601f433e85395d9f7e356f3f3f4d7c2f7557
28.01.2020 16:03:45: _uid_by_token: o552f125343677255895f
28.01.2020 16:03:45: _server_setTokenR: o1c45248f7e3e35803784353995
28.01.2020 16:03:45: _YourPlayerToken: v3292392e65703a3789277d6f2c7765
28.01.2020 16:03:45: _TokenCT: q045c275e40423e7d47532e
28.01.2020 16:03:45: _AH_MAIN_BLOCK: q6e8c3f358f1c1e8f23758d33725552551e4262101a
28.01.2020 16:03:45: _AHKickOFF: j87259925556c3f92454839856e27128e3979927514
28.01.2020 16:03:45: _AHKickLog: l52559c2c45721a1e1e2e6220336c4a232524
28.01.2020 16:03:45: _clientdo: n2f0950894e0c5267492c52093a9c02459c29673e
28.01.2020 16:03:45: _AH_RunCheckENDVAR: l12935a7f956e9a05125c
28.01.2020 16:03:45: _AH_RunCheckENDVAR_THREAD: n2e2e8f99134e4d54809e7913476e107e
28.01.2020 16:03:45: _AH_HackLogArrayRND: s5e452f5f5c727a226f7c781e77
28.01.2020 16:03:45: _AH_SurvLogArrayRND: k822e73479278179242425752272e654f0c18622e0e528d6712
28.01.2020 16:03:45: _AH_AdmiLogArrayRND: q62457f32275e471e3572
28.01.2020 16:03:45: _TMPBAN: r499e1952791a24550e4a1a5515
28.01.2020 16:03:45: _massMessage: k09090c8232150f3f4224
28.01.2020 16:03:45: _massSysMessage: h5e8a3d531788453c6c4924757f7d728e
28.01.2020 16:03:46: _AHpos: k8e32521320523c2e7577
28.01.2020 16:03:46: _ninetwo: f474d1f1d155f7e2a1705
28.01.2020 16:03:46: _ninetwothread: p3722834472723f8205793585356e67074c35
28.01.2020 16:03:46: _adminsA: k4c357d5a7f336e4814392f650970456c
28.01.2020 16:03:46: _MC: h373c675c1d7a1f1e7324
28.01.2020 16:03:46: _MCS: p3c0d7d39373345720d20
28.01.2020 16:03:46: _checkidicheckcheck: h6e3c7a157945759e874f
28.01.2020 16:03:46: _lastshotmade: a105960059e3a22201f859d697772725f687e58
28.01.2020 16:03:46: _dellocveh: q3a7c683d3e7e83830e6e75451e654e2257
28.01.2020 16:03:46: _inCombatTime: v843c972a905c494c0f184569
28.01.2020 16:03:46: _inCombatArray: g5e27221e8a2e8d2a645385
28.01.2020 16:03:46: _fnc_infiKeyHandler: l4a6c7c347c821d207a75
28.01.2020 16:03:46: _vehicle_needs_check: r256d899e38127a2f3c7d8e803c093955835e752d020c67429247
28.01.2020 16:03:46: _MAKE_VAR_DUMP_RANDOM: p1e993c52221914224d3559557a854237256c6025
28.01.2020 16:03:46: _MAKE_VAR_DUMP_CLIENT: d15551433373f4c351e6002
28.01.2020 16:03:46: _DUMPINGPLAYERUIDARRAY: u0a141a2e27574c8e7712
28.01.2020 16:03:46: _CURRENTLYDUMPING: c6c13158e575719298267
28.01.2020 16:03:46: _antiantihack_rndvar: l1a7e1e928e2f47883a391c8d7c729a
28.01.2020 16:03:46: _name_by_uid: m3c2c226c35426a12429f4e5f232f2d12959e12
28.01.2020 16:03:46: _owner_by_uid: e65233c2e478f0e174e82
28.01.2020 16:03:46: _customcommandingMenu: o9e103c0747606088952f9c696d622c
28.01.2020 16:03:46: _customcommandingMenuOpen: h7f1e971527525c838735
28.01.2020 16:03:46: _AH_KICKLOG: PVAHR_8y6o1q5o2y
28.01.2020 16:03:46: ----END-LINE----   (12-01-2020 22-45-36 - v0260)
28.01.2020 16:11:01: <infiSTAR.de> _fnc_RandomGen: {
_fnc_actualGen = {
_abc = ['z','y','x','w','v','u','t','s','r','q','p','o','n','m','l','k','j','i','h','g','f','e','d','c','b','a'];
_gen = _abc select (random ((count _abc)-1));
_arr = ['a','5','c','4','d','f','c','e','5','2','2','0','d','e','7','f','9','5','7','8','e','9','a','5','c','3','2','7','e','2','3'];
_randmax = {((round(random _randminval)) + (round(random _randmaxval))) max _randminval};
for '_i' from 0 to (call _randmax)do
{
_gen = _gen + str(round(random 9)) + (_arr select (random ((count _arr)-1)));
};
};
_gen = '';
while{_gen=='' || _gen in _allRandomGenVars}do{
call _fnc_actualGen;
};
_allRandomGenVars pushBack _gen;
_gen
}
28.01.2020 16:11:01: ----START-LINE----   (12-01-2020 22-45-36 - v0260)
28.01.2020 16:11:01: _adminbox: b35095f721e55355d6c584d3e19228e
28.01.2020 16:11:01: _fnc_mpPackets: w586e9372894c028f652c
28.01.2020 16:11:01: _FNC_AH_KICKLOG: c821f308d0a7e3c3d0c52
28.01.2020 16:11:01: _FNC_AH_KICKLOGSPAWN: o181d333382158c9a8e6e255e926c72850924
28.01.2020 16:11:01: _FNC_PVAH_AdminReq: y0f4c8e95372832601d65
28.01.2020 16:11:01: _token_by_uid: z7f85692c74525f432a7d
28.01.2020 16:11:01: _uid_by_token: g2f174f5a751c949223976e9357
28.01.2020 16:11:01: _server_setTokenR: a224d6e573e1c55352979678c79158c1223
28.01.2020 16:11:01: _YourPlayerToken: y271e6c897f8a1e25973f6e3d4e3e187e7c0299558e0f141259
28.01.2020 16:11:01: _TokenCT: o458277378e6a33957757121d2d72797e7f221759947c
28.01.2020 16:11:01: _AH_MAIN_BLOCK: u4f904774221c721c5588776f4c
28.01.2020 16:11:01: _AHKickOFF: j927a528c4e6c174f190c771a7d378c252e
28.01.2020 16:11:01: _AHKickLog: h97226e2d7c85651e8e2f
28.01.2020 16:11:01: _clientdo: d6c0a754d1c4e3a3c07679c325c2c831d898c5d2e032e7c351247
28.01.2020 16:11:01: _AH_RunCheckENDVAR: h786d3d7a153e5352805e
28.01.2020 16:11:01: _AH_RunCheckENDVAR_THREAD: t52235c3593026c5c354c
28.01.2020 16:11:01: _AH_HackLogArrayRND: h85023f848f4c052e95852d4f524a83196959
28.01.2020 16:11:01: _AH_SurvLogArrayRND: p7d356594657553205d6e29205c051519524d
28.01.2020 16:11:01: _AH_AdmiLogArrayRND: a5222823e6590581c6e77157c7a4d4e67059242524518
28.01.2020 16:11:01: _TMPBAN: v6e1042329825550d074d
28.01.2020 16:11:01: _massMessage: a02252e8e8d1e7f130942631d1c658292753e922e
28.01.2020 16:11:01: _massSysMessage: b7783026c8a2572373f4e
28.01.2020 16:11:01: _AHpos: h3e8c243e3a1a3c29158e4d9e4d35299f623c22208297178d
28.01.2020 16:11:01: _ninetwo: x953d4e4578524e9239222c183e12
28.01.2020 16:11:01: _ninetwothread: f601d423f4a721f799e2350652c1d571c751269
28.01.2020 16:11:01: _adminsA: g7c62655d126d4a7e8d92
28.01.2020 16:11:01: _MC: u27272e1717234012477772197e4d778770271f5c805f8515
28.01.2020 16:11:01: <infiSTAR.de> _fnc_RandomGen: {
_fnc_actualGen = {
_abc = ['z','y','x','w','v','u','t','s','r','q','p','o','n','m','l','k','j','i','h','g','f','e','d','c','b','a'];
_gen = _abc select (random ((count _abc)-1));
_arr = ['a','5','c','4','d','f','c','e','5','2','2','0','d','e','7','f','9','5','7','8','e','9','a','5','c','3','2','7','e','2','3'];
_randmax = {((round(random _randminval)) + (round(random _randmaxval))) max _randminval};
for '_i' from 0 to (call _randmax)do
{
_gen = _gen + str(round(random 9)) + (_arr select (random ((count _arr)-1)));
};
};
_gen = '';
while{_gen=='' || _gen in _allRandomGenVars}do{
call _fnc_actualGen;
};
_allRandomGenVars pushBack _gen;
_gen
}
28.01.2020 16:11:01: ----START-LINE----   (12-01-2020 22-45-36 - v0260)
28.01.2020 16:11:01: _adminbox: b35095f721e55355d6c584d3e19228e
28.01.2020 16:11:01: _fnc_mpPackets: w586e9372894c028f652c
28.01.2020 16:11:01: _FNC_AH_KICKLOG: c821f308d0a7e3c3d0c52
28.01.2020 16:11:01: _FNC_AH_KICKLOGSPAWN: o181d333382158c9a8e6e255e926c72850924
28.01.2020 16:11:01: _FNC_PVAH_AdminReq: y0f4c8e95372832601d65
28.01.2020 16:11:01: _token_by_uid: z7f85692c74525f432a7d
28.01.2020 16:11:01: _uid_by_token: g2f174f5a751c949223976e9357
28.01.2020 16:11:01: _server_setTokenR: a224d6e573e1c55352979678c79158c1223
28.01.2020 16:11:01: _YourPlayerToken: y271e6c897f8a1e25973f6e3d4e3e187e7c0299558e0f141259
28.01.2020 16:11:01: _TokenCT: o458277378e6a33957757121d2d72797e7f221759947c
28.01.2020 16:11:01: _AH_MAIN_BLOCK: u4f904774221c721c5588776f4c
28.01.2020 16:11:01: _AHKickOFF: j927a528c4e6c174f190c771a7d378c252e
28.01.2020 16:11:01: _AHKickLog: h97226e2d7c85651e8e2f
28.01.2020 16:11:01: _clientdo: d6c0a754d1c4e3a3c07679c325c2c831d898c5d2e032e7c351247
28.01.2020 16:11:01: _AH_RunCheckENDVAR: h786d3d7a153e5352805e
28.01.2020 16:11:01: _AH_RunCheckENDVAR_THREAD: t52235c3593026c5c354c
28.01.2020 16:11:01: _AH_HackLogArrayRND: h85023f848f4c052e95852d4f524a83196959
28.01.2020 16:11:01: _AH_SurvLogArrayRND: p7d356594657553205d6e29205c051519524d
28.01.2020 16:11:01: _AH_AdmiLogArrayRND: a5222823e6590581c6e77157c7a4d4e67059242524518
28.01.2020 16:11:01: _TMPBAN: v6e1042329825550d074d
28.01.2020 16:11:01: _massMessage: a02252e8e8d1e7f130942631d1c658292753e922e
28.01.2020 16:11:01: _massSysMessage: b7783026c8a2572373f4e
28.01.2020 16:11:01: _AHpos: h3e8c243e3a1a3c29158e4d9e4d35299f623c22208297178d
28.01.2020 16:11:01: _ninetwo: x953d4e4578524e9239222c183e12
28.01.2020 16:11:01: _ninetwothread: f601d423f4a721f799e2350652c1d571c751269
28.01.2020 16:11:01: _adminsA: g7c62655d126d4a7e8d92
28.01.2020 16:11:01: _MC: u27272e1717234012477772197e4d778770271f5c805f8515
28.01.2020 16:11:01: _MCS: n65474d3e996c6259421f198d07
28.01.2020 16:11:01: _checkidicheckcheck: g608e7c852f3e581d050e6f2a724f
28.01.2020 16:11:01: _lastshotmade: p7d7e4e630d152d45756c750c8e37254f
28.01.2020 16:11:01: _dellocveh: v192c72736064751e2569
28.01.2020 16:11:01: _inCombatTime: b6727671e25126f003880
28.01.2020 16:11:01: _inCombatArray: k62471022351c5e358745597e73223c57
28.01.2020 16:11:02: _fnc_infiKeyHandler: f1e1f8c8a9542523d1362881772976d974d9764
28.01.2020 16:11:02: _vehicle_needs_check: j7d77377e693f925f2d9e455e755f3e7e8f9e6c832d43
28.01.2020 16:11:02: _MAKE_VAR_DUMP_RANDOM: w294708751e5a34755d35
28.01.2020 16:11:02: _MAKE_VAR_DUMP_CLIENT: b5c69357e7e15492f6358592a7c65083e551e798d5e
28.01.2020 16:11:02: _DUMPINGPLAYERUIDARRAY: c6315072f8360131f3c77154e326c3c
28.01.2020 16:11:02: _CURRENTLYDUMPING: w64222c3a522d376f697c3907697c6912021c3f7c2c
28.01.2020 16:11:02: _antiantihack_rndvar: p9a3d123025922f7d45233c021a3f1d282e3547795e
28.01.2020 16:11:02: _name_by_uid: h4e134a1c2572078265878c158c944d698e12392e1245
28.01.2020 16:11:02: _owner_by_uid: d6f52477e49092a4c1c87
28.01.2020 16:11:02: _customcommandingMenu: m25752c22552c723e5c9752
28.01.2020 16:11:02: _customcommandingMenuOpen: x12188d55484e651f8d3715655e
28.01.2020 16:11:02: _AH_KICKLOG: PVAHR_3s4k8g6c3t4u
28.01.2020 16:11:02: ----END-LINE----   (12-01-2020 22-45-36 - v0260)
28.01.2020 16:18:41: <infiSTAR.de> _fnc_RandomGen: {
_fnc_actualGen = {
_abc = ['z','y','x','w','v','u','t','s','r','q','p','o','n','m','l','k','j','i','h','g','f','e','d','c','b','a'];
_gen = _abc select (random ((count _abc)-1));
_arr = ['a','5','c','4','d','f','c','e','5','2','2','0','d','e','7','f','9','5','7','8','e','9','a','5','c','3','2','7','e','2','3'];
_randmax = {((round(random _randminval)) + (round(random _randmaxval))) max _randminval};
for '_i' from 0 to (call _randmax)do
{
_gen = _gen + str(round(random 9)) + (_arr select (random ((count _arr)-1)));
};
};
_gen = '';
while{_gen=='' || _gen in _allRandomGenVars}do{
call _fnc_actualGen;
};
_allRandomGenVars pushBack _gen;
_gen
}
28.01.2020 16:18:41: ----START-LINE----   (12-01-2020 22-45-36 - v0260)
28.01.2020 16:18:41: _adminbox: g69336e3732556f2d732f438a6c35
28.01.2020 16:18:41: _fnc_mpPackets: l4c229c625d5c554e3e1e40
28.01.2020 16:18:41: _FNC_AH_KICKLOG: w05376d174219228477774375624e529a82792e7e02
28.01.2020 16:18:41: _FNC_AH_KICKLOGSPAWN: l425f6e6c806275573e295d229e6c42
28.01.2020 16:18:41: _FNC_PVAH_AdminReq: n251525022289447e6f8552172e65238342
28.01.2020 16:18:41: _token_by_uid: l352f2d2d99478a1e9f75
28.01.2020 16:18:41: _uid_by_token: n1a930c37409e3e890e5c17
28.01.2020 16:18:41: _server_setTokenR: u8c777c95506a3c3e5945327c746e759545452e053739
28.01.2020 16:18:41: _YourPlayerToken: m5c3f6827455e9f62056d6297721c522e0970381d87203c
28.01.2020 16:18:41: _TokenCT: c735c420f2d633235935c954e6502852f8c9a55082c38
28.01.2020 16:18:41: _AH_MAIN_BLOCK: l5c2e6f0a571a1d7e182c9085371c1f
28.01.2020 16:18:41: _AHKickOFF: e4f003d1d5332433e8504252c5822422c
28.01.2020 16:18:41: _AHKickLog: n99205e2e855e3247871d6e6d8f63158f1c29102262885d2f
28.01.2020 16:18:41: _clientdo: y1a3e75845c5513553d58
28.01.2020 16:18:41: _AH_RunCheckENDVAR: c4e1d3952581c476775132a989c85125c523c0d37
28.01.2020 16:18:41: _AH_RunCheckENDVAR_THREAD: x2c772e156d357d5f0733533713371a631e654d3a6e
28.01.2020 16:18:41: _AH_HackLogArrayRND: w3f5f5c423c052d47557e92
28.01.2020 16:18:41: _AH_SurvLogArrayRND: p326c72533e9c5c3c651f242d70151d4e
28.01.2020 16:18:41: _AH_AdmiLogArrayRND: v2713593e5c159d0e420f9525845e4a3e178e
28.01.2020 16:18:41: _TMPBAN: u1e1e392564893267725780
28.01.2020 16:18:41: _massMessage: e7f7d221c3468834f5c544922328d688852429d3c64
28.01.2020 16:18:41: _massSysMessage: f1e3f3d423832795e306f1e174d45635e888c32
28.01.2020 16:18:41: _AHpos: u6c374e6583726f103e723c2c276d729a822f40
28.01.2020 16:18:41: _ninetwo: m8457325c1e3e9989123e1e4939
28.01.2020 16:18:41: _ninetwothread: v186435230e7a8c627a171d1d7e37
28.01.2020 16:18:41: _adminsA: i953279496e4e2072476449278f
28.01.2020 16:18:41: _MC: y2862421a8d4a6d855d253f7232676e382e9e9e658c
28.01.2020 16:18:41: _MCS: h7233397e9c05528e7362227f4957
28.01.2020 16:18:41: _checkidicheckcheck: f5c157c82956582794d79257d5c7a6042394c39
28.01.2020 16:18:41: _lastshotmade: q621d79955e525d198f8c1277377c14852e6497970e671e89
28.01.2020 16:18:41: <infiSTAR.de> _fnc_RandomGen: {
_fnc_actualGen = {
_abc = ['z','y','x','w','v','u','t','s','r','q','p','o','n','m','l','k','j','i','h','g','f','e','d','c','b','a'];
_gen = _abc select (random ((count _abc)-1));
_arr = ['a','5','c','4','d','f','c','e','5','2','2','0','d','e','7','f','9','5','7','8','e','9','a','5','c','3','2','7','e','2','3'];
_randmax = {((round(random _randminval)) + (round(random _randmaxval))) max _randminval};
for '_i' from 0 to (call _randmax)do
{
_gen = _gen + str(round(random 9)) + (_arr select (random ((count _arr)-1)));
};
};
_gen = '';
while{_gen=='' || _gen in _allRandomGenVars}do{
call _fnc_actualGen;
};
_allRandomGenVars pushBack _gen;
_gen
}
28.01.2020 16:18:41: ----START-LINE----   (12-01-2020 22-45-36 - v0260)
28.01.2020 16:18:41: _adminbox: g69336e3732556f2d732f438a6c35
28.01.2020 16:18:41: _fnc_mpPackets: l4c229c625d5c554e3e1e40
28.01.2020 16:18:41: _FNC_AH_KICKLOG: w05376d174219228477774375624e529a82792e7e02
28.01.2020 16:18:41: _FNC_AH_KICKLOGSPAWN: l425f6e6c806275573e295d229e6c42
28.01.2020 16:18:41: _FNC_PVAH_AdminReq: n251525022289447e6f8552172e65238342
28.01.2020 16:18:41: _token_by_uid: l352f2d2d99478a1e9f75
28.01.2020 16:18:41: _uid_by_token: n1a930c37409e3e890e5c17
28.01.2020 16:18:41: _server_setTokenR: u8c777c95506a3c3e5945327c746e759545452e053739
28.01.2020 16:18:41: _YourPlayerToken: m5c3f6827455e9f62056d6297721c522e0970381d87203c
28.01.2020 16:18:41: _TokenCT: c735c420f2d633235935c954e6502852f8c9a55082c38
28.01.2020 16:18:41: _AH_MAIN_BLOCK: l5c2e6f0a571a1d7e182c9085371c1f
28.01.2020 16:18:41: _AHKickOFF: e4f003d1d5332433e8504252c5822422c
28.01.2020 16:18:41: _AHKickLog: n99205e2e855e3247871d6e6d8f63158f1c29102262885d2f
28.01.2020 16:18:41: _clientdo: y1a3e75845c5513553d58
28.01.2020 16:18:41: _AH_RunCheckENDVAR: c4e1d3952581c476775132a989c85125c523c0d37
28.01.2020 16:18:41: _AH_RunCheckENDVAR_THREAD: x2c772e156d357d5f0733533713371a631e654d3a6e
28.01.2020 16:18:41: _AH_HackLogArrayRND: w3f5f5c423c052d47557e92
28.01.2020 16:18:41: _AH_SurvLogArrayRND: p326c72533e9c5c3c651f242d70151d4e
28.01.2020 16:18:41: _AH_AdmiLogArrayRND: v2713593e5c159d0e420f9525845e4a3e178e
28.01.2020 16:18:41: _TMPBAN: u1e1e392564893267725780
28.01.2020 16:18:41: _massMessage: e7f7d221c3468834f5c544922328d688852429d3c64
28.01.2020 16:18:41: _massSysMessage: f1e3f3d423832795e306f1e174d45635e888c32
28.01.2020 16:18:41: _AHpos: u6c374e6583726f103e723c2c276d729a822f40
28.01.2020 16:18:41: _ninetwo: m8457325c1e3e9989123e1e4939
28.01.2020 16:18:41: _ninetwothread: v186435230e7a8c627a171d1d7e37
28.01.2020 16:18:41: _adminsA: i953279496e4e2072476449278f
28.01.2020 16:18:41: _MC: y2862421a8d4a6d855d253f7232676e382e9e9e658c
28.01.2020 16:18:41: _MCS: h7233397e9c05528e7362227f4957
28.01.2020 16:18:41: _checkidicheckcheck: f5c157c82956582794d79257d5c7a6042394c39
28.01.2020 16:18:41: _lastshotmade: q621d79955e525d198f8c1277377c14852e6497970e671e89
28.01.2020 16:18:41: _dellocveh: g789f52795245555a325f6c1f8c7e7f
28.01.2020 16:18:41: _inCombatTime: c3c1a854c2a1d2f857f8f
28.01.2020 16:18:41: _inCombatArray: y0f057e0992695c335348952d5a42
28.01.2020 16:18:42: _fnc_infiKeyHandler: o7f95485935627c8967396f20
28.01.2020 16:18:42: _vehicle_needs_check: h647e63422e73153a8c44378f1c952352374d95
28.01.2020 16:18:42: _MAKE_VAR_DUMP_RANDOM: u9549993c5d525d3377821e2e4f7915782d225259
28.01.2020 16:18:42: _MAKE_VAR_DUMP_CLIENT: p8c1c4d821c433d155a72724312604e597c1513405599555c75
28.01.2020 16:18:42: _DUMPINGPLAYERUIDARRAY: p1d20598d49232493828d
28.01.2020 16:18:42: _CURRENTLYDUMPING: j69737c12226c853f1717
28.01.2020 16:18:42: _antiantihack_rndvar: f3842451f2f433220255f9e
28.01.2020 16:18:42: _name_by_uid: a827048237e793e356272
28.01.2020 16:18:42: _owner_by_uid: r223559491e0c596f02824d
28.01.2020 16:18:42: _customcommandingMenu: d2d6d55350755884c1c422757405727
28.01.2020 16:18:42: _customcommandingMenuOpen: h6285754e373c68954f4038375c255c721c1c1e
28.01.2020 16:18:42: _AH_KICKLOG: PVAHR_5r0j8s8m5x
28.01.2020 16:18:42: ----END-LINE----   (12-01-2020 22-45-36 - v0260)
28.01.2020 16:41:19: <infiSTAR.de> _fnc_RandomGen: {
_fnc_actualGen = {
_abc = ['z','y','x','w','v','u','t','s','r','q','p','o','n','m','l','k','j','i','h','g','f','e','d','c','b','a'];
_gen = _abc select (random ((count _abc)-1));
_arr = ['a','5','c','4','d','f','c','e','5','2','2','0','d','e','7','f','9','5','7','8','e','9','a','5','c','3','2','7','e','2','3'];
_randmax = {((round(random _randminval)) + (round(random _randmaxval))) max _randminval};
for '_i' from 0 to (call _randmax)do
{
_gen = _gen + str(round(random 9)) + (_arr select (random ((count _arr)-1)));
};
};
_gen = '';
while{_gen=='' || _gen in _allRandomGenVars}do{
call _fnc_actualGen;
};
_allRandomGenVars pushBack _gen;
_gen
}
28.01.2020 16:41:19: ----START-LINE----   (12-01-2020 22-45-36 - v0260)
28.01.2020 16:41:19: _adminbox: f5d8e45570d2c4f557a0c
28.01.2020 16:41:19: _fnc_mpPackets: e372e200c4f3c392f4c7f853e
28.01.2020 16:41:19: _FNC_AH_KICKLOG: q49376a7222471e251c82
28.01.2020 16:41:19: _FNC_AH_KICKLOGSPAWN: v6c77756e1e2f8d5e1d686268322314755e2e22
28.01.2020 16:41:19: _FNC_PVAH_AdminReq: u5d6a120c5012775c15621f8e1c5d5e
28.01.2020 16:41:19: _token_by_uid: m87326e946275572c1e55
28.01.2020 16:41:19: _uid_by_token: p7e5f156e3283393a4e151453000f45
28.01.2020 16:41:19: _server_setTokenR: b1e75223525158e6e876775828d7c522d253569241d
28.01.2020 16:41:19: _YourPlayerToken: c3e4f2768628443038c641d7977
28.01.2020 16:41:19: _TokenCT: v3c02877c9e5092453783
28.01.2020 16:41:20: _AH_MAIN_BLOCK: m90723372721d4e627c4495789a0f35696503755575
28.01.2020 16:41:20: _AHKickOFF: t637e075d277e57445013
28.01.2020 16:41:20: _AHKickLog: p778a106535927a8e7377
28.01.2020 16:41:20: _clientdo: s9d827a120f3855224c4e22559232571a8e5e07084e
28.01.2020 16:41:20: _AH_RunCheckENDVAR: f352f4f3d6e9422223825791a8d9045124e4582
28.01.2020 16:41:20: _AH_RunCheckENDVAR_THREAD: k9c452292122e7c83472f3a2e0d5e6e2d8e0e1965
28.01.2020 16:41:20: _AH_HackLogArrayRND: z6c28428d38276c1e12427235
28.01.2020 16:41:20: _AH_SurvLogArrayRND: v6343233c6f2767928c3f685e2e
28.01.2020 16:41:20: _AH_AdmiLogArrayRND: x187f65426d7e52425e7a924e742d85557883
28.01.2020 16:41:20: _TMPBAN: l05359464355e854e83023f4a352f678d3a
28.01.2020 16:41:20: _massMessage: w4e5d1777293d455732627e14956d6d
28.01.2020 16:41:20: _massSysMessage: e272e2c671d523c726e1d955d7e82
28.01.2020 16:41:20: _AHpos: v7753170c0249921d42596d270c59
28.01.2020 16:41:20: _ninetwo: d390c821c3a398e2a9e654a721e496a29728c777a3d128487
28.01.2020 16:41:20: _ninetwothread: d3f82820e1d4e5e225047950e3e8275572495382e
28.01.2020 16:41:20: _adminsA: c473e822c5e5c5c2c306523953d478a388e587a3a1e62
28.01.2020 16:41:20: _MC: u8f9a577e5a4d6e6717771069678e7c125e357e
28.01.2020 16:41:20: _MCS: t0953251e122440794e8552
28.01.2020 16:41:20: _checkidicheckcheck: j4c428557635c988f732a
28.01.2020 16:41:20: _lastshotmade: f523997695f3e55373c69
28.01.2020 16:41:20: <infiSTAR.de> _fnc_RandomGen: {
_fnc_actualGen = {
_abc = ['z','y','x','w','v','u','t','s','r','q','p','o','n','m','l','k','j','i','h','g','f','e','d','c','b','a'];
_gen = _abc select (random ((count _abc)-1));
_arr = ['a','5','c','4','d','f','c','e','5','2','2','0','d','e','7','f','9','5','7','8','e','9','a','5','c','3','2','7','e','2','3'];
_randmax = {((round(random _randminval)) + (round(random _randmaxval))) max _randminval};
for '_i' from 0 to (call _randmax)do
{
_gen = _gen + str(round(random 9)) + (_arr select (random ((count _arr)-1)));
};
};
_gen = '';
while{_gen=='' || _gen in _allRandomGenVars}do{
call _fnc_actualGen;
};
_allRandomGenVars pushBack _gen;
_gen
}
28.01.2020 16:41:20: ----START-LINE----   (12-01-2020 22-45-36 - v0260)
28.01.2020 16:41:20: _adminbox: f5d8e45570d2c4f557a0c
28.01.2020 16:41:20: _fnc_mpPackets: e372e200c4f3c392f4c7f853e
28.01.2020 16:41:20: _FNC_AH_KICKLOG: q49376a7222471e251c82
28.01.2020 16:41:20: _FNC_AH_KICKLOGSPAWN: v6c77756e1e2f8d5e1d686268322314755e2e22
28.01.2020 16:41:20: _FNC_PVAH_AdminReq: u5d6a120c5012775c15621f8e1c5d5e
28.01.2020 16:41:20: _token_by_uid: m87326e946275572c1e55
28.01.2020 16:41:20: _uid_by_token: p7e5f156e3283393a4e151453000f45
28.01.2020 16:41:20: _server_setTokenR: b1e75223525158e6e876775828d7c522d253569241d
28.01.2020 16:41:20: _YourPlayerToken: c3e4f2768628443038c641d7977
28.01.2020 16:41:20: _TokenCT: v3c02877c9e5092453783
28.01.2020 16:41:20: _AH_MAIN_BLOCK: m90723372721d4e627c4495789a0f35696503755575
28.01.2020 16:41:20: _AHKickOFF: t637e075d277e57445013
28.01.2020 16:41:20: _AHKickLog: p778a106535927a8e7377
28.01.2020 16:41:20: _clientdo: s9d827a120f3855224c4e22559232571a8e5e07084e
28.01.2020 16:41:20: _AH_RunCheckENDVAR: f352f4f3d6e9422223825791a8d9045124e4582
28.01.2020 16:41:20: _AH_RunCheckENDVAR_THREAD: k9c452292122e7c83472f3a2e0d5e6e2d8e0e1965
28.01.2020 16:41:20: _AH_HackLogArrayRND: z6c28428d38276c1e12427235
28.01.2020 16:41:20: _AH_SurvLogArrayRND: v6343233c6f2767928c3f685e2e
28.01.2020 16:41:20: _AH_AdmiLogArrayRND: x187f65426d7e52425e7a924e742d85557883
28.01.2020 16:41:20: _TMPBAN: l05359464355e854e83023f4a352f678d3a
28.01.2020 16:41:20: _massMessage: w4e5d1777293d455732627e14956d6d
28.01.2020 16:41:20: _massSysMessage: e272e2c671d523c726e1d955d7e82
28.01.2020 16:41:20: _AHpos: v7753170c0249921d42596d270c59
28.01.2020 16:41:20: _ninetwo: d390c821c3a398e2a9e654a721e496a29728c777a3d128487
28.01.2020 16:41:20: _ninetwothread: d3f82820e1d4e5e225047950e3e8275572495382e
28.01.2020 16:41:20: _adminsA: c473e822c5e5c5c2c306523953d478a388e587a3a1e62
28.01.2020 16:41:20: _MC: u8f9a577e5a4d6e6717771069678e7c125e357e
28.01.2020 16:41:20: _MCS: t0953251e122440794e8552
28.01.2020 16:41:20: _checkidicheckcheck: j4c428557635c988f732a
28.01.2020 16:41:20: _lastshotmade: f523997695f3e55373c69
28.01.2020 16:41:20: _dellocveh: g2e8e0252504f698f227e9c283a642e684c75021702
28.01.2020 16:41:20: _inCombatTime: b157f823c2c127e231d22004e0a8e178537
28.01.2020 16:41:20: _inCombatArray: h28685e95829c724a4d348275634955426d07
28.01.2020 16:41:20: _fnc_infiKeyHandler: c4f227e3c478e598712559e8e8c5f255e5e
28.01.2020 16:41:20: _vehicle_needs_check: x44123e226e0f4f89051f3c3435858422336c4c7c65
28.01.2020 16:41:20: _MAKE_VAR_DUMP_RANDOM: x47632085872a593c623c8a5f6e6c6d652235475313320555
28.01.2020 16:41:20: _MAKE_VAR_DUMP_CLIENT: d025a30774c8489326e0e0f5d4e473c826f179f121a1d
28.01.2020 16:41:20: _DUMPINGPLAYERUIDARRAY: u7a3325226e5d82774779550d304a7525173e
28.01.2020 16:41:20: _CURRENTLYDUMPING: f5e825347573f9c17086c
28.01.2020 16:41:20: _antiantihack_rndvar: e292e856a051e6a805905694d62
28.01.2020 16:41:20: _name_by_uid: x1265656718220e656e4c
28.01.2020 16:41:20: _owner_by_uid: t705e386f883239325d5545237c9745630a
28.01.2020 16:41:20: _customcommandingMenu: x7c5f3219252c2438321c6892854c79773d753c52
28.01.2020 16:41:20: _customcommandingMenuOpen: n886a1f948c48221205292e7d3f82127f74453735
28.01.2020 16:41:20: _AH_KICKLOG: PVAHR_9t9q1r8l1n7v9e
28.01.2020 16:41:20: ----END-LINE----   (12-01-2020 22-45-36 - v0260)
28.01.2020 16:46:05: <infiSTAR.de> _fnc_RandomGen: {
_fnc_actualGen = {
_abc = ['z','y','x','w','v','u','t','s','r','q','p','o','n','m','l','k','j','i','h','g','f','e','d','c','b','a'];
_gen = _abc select (random ((count _abc)-1));
_arr = ['a','5','c','4','d','f','c','e','5','2','2','0','d','e','7','f','9','5','7','8','e','9','a','5','c','3','2','7','e','2','3'];
_randmax = {((round(random _randminval)) + (round(random _randmaxval))) max _randminval};
for '_i' from 0 to (call _randmax)do
{
_gen = _gen + str(round(random 9)) + (_arr select (random ((count _arr)-1)));
};
};
_gen = '';
while{_gen=='' || _gen in _allRandomGenVars}do{
call _fnc_actualGen;
};
_allRandomGenVars pushBack _gen;
_gen
}
28.01.2020 16:46:05: ----START-LINE----   (12-01-2020 22-45-36 - v0260)
28.01.2020 16:46:05: _adminbox: b82292f15577705543e752833098e
28.01.2020 16:46:05: _fnc_mpPackets: g693e3c2e628214448e284c69294d82726e3c523277553e30
28.01.2020 16:46:05: _FNC_AH_KICKLOG: b39826e8a8c62637f19457e9d2f5f485c6e1d981c
28.01.2020 16:46:05: _FNC_AH_KICKLOGSPAWN: q4c64508c8297623e2244331d1f
28.01.2020 16:46:06: _FNC_PVAH_AdminReq: n546c457e1e4d255e48873955678e2f8e322545177d3f35
28.01.2020 16:46:06: _token_by_uid: h25358d1a45672f8702398e8f852d2f3d772d020275827c25
28.01.2020 16:46:06: _uid_by_token: z27193e4515971d7c355f
28.01.2020 16:46:06: _server_setTokenR: v543e6a8f0e22241c5a82
28.01.2020 16:46:06: _YourPlayerToken: i83844e9d456344103719229215757949206975380c32438565
28.01.2020 16:46:06: _TokenCT: t5e1f4222748f2794496f7c3f205d24295588
28.01.2020 16:46:06: _AH_MAIN_BLOCK: n89371953437e9c456730251d6518352c5e5c094a6e
28.01.2020 16:46:06: _AHKickOFF: t1a5d6e1097582d628c9d
28.01.2020 16:46:06: _AHKickLog: p62970565320867126e5e78522e29
28.01.2020 16:46:06: _clientdo: t7e87372e5037570c3d454d8474
28.01.2020 16:46:06: _AH_RunCheckENDVAR: t886e38473f5d753932596e556f627f2e301e3a7e8e87526a324518
28.01.2020 16:46:06: _AH_RunCheckENDVAR_THREAD: h197f07982e9552793d40
28.01.2020 16:46:06: _AH_HackLogArrayRND: r2e3e8f4987836745781e09222c1c5e6255896f4c
28.01.2020 16:46:06: _AH_SurvLogArrayRND: c62326f5c123562326e12056a8e0e3a227c2d127e55226c582e
28.01.2020 16:46:06: _AH_AdmiLogArrayRND: f12225c3a1f8e37226552151d43955f7d19452c458c
28.01.2020 16:46:06: _TMPBAN: u436a4e5a1f522719698e7a2c8f023938578c8852301a60
28.01.2020 16:46:06: _massMessage: v576a8c77874c6a7e8c53897c3d97887573626265
28.01.2020 16:46:06: _massSysMessage: l7567254938538f6e3a824d551875
28.01.2020 16:46:06: _AHpos: l3d832203298e35122c6265997f375c5c27
28.01.2020 16:46:06: _ninetwo: x2e0a4e1e037479228d65155d70
28.01.2020 16:46:06: _ninetwothread: j101404221a7e191e2c52
28.01.2020 16:46:06: _adminsA: b47752c3e297c15772e7f
28.01.2020 16:46:06: _MC: l7e051e25798f2a52876c2c8a327582838a
28.01.2020 16:46:06: _MCS: t8c423563472e67221942075c
28.01.2020 16:46:06: _checkidicheckcheck: a9a97451c6e359f1c6c423a141e52
28.01.2020 16:46:06: _lastshotmade: j6e3d2e958282828a758e19354e8312221c69
28.01.2020 16:46:06: <infiSTAR.de> _fnc_RandomGen: {
_fnc_actualGen = {
_abc = ['z','y','x','w','v','u','t','s','r','q','p','o','n','m','l','k','j','i','h','g','f','e','d','c','b','a'];
_gen = _abc select (random ((count _abc)-1));
_arr = ['a','5','c','4','d','f','c','e','5','2','2','0','d','e','7','f','9','5','7','8','e','9','a','5','c','3','2','7','e','2','3'];
_randmax = {((round(random _randminval)) + (round(random _randmaxval))) max _randminval};
for '_i' from 0 to (call _randmax)do
{
_gen = _gen + str(round(random 9)) + (_arr select (random ((count _arr)-1)));
};
};
_gen = '';
while{_gen=='' || _gen in _allRandomGenVars}do{
call _fnc_actualGen;
};
_allRandomGenVars pushBack _gen;
_gen
}
28.01.2020 16:46:06: ----START-LINE----   (12-01-2020 22-45-36 - v0260)
28.01.2020 16:46:06: _adminbox: b82292f15577705543e752833098e
28.01.2020 16:46:06: _fnc_mpPackets: g693e3c2e628214448e284c69294d82726e3c523277553e30
28.01.2020 16:46:06: _FNC_AH_KICKLOG: b39826e8a8c62637f19457e9d2f5f485c6e1d981c
28.01.2020 16:46:06: _FNC_AH_KICKLOGSPAWN: q4c64508c8297623e2244331d1f
28.01.2020 16:46:06: _FNC_PVAH_AdminReq: n546c457e1e4d255e48873955678e2f8e322545177d3f35
28.01.2020 16:46:06: _token_by_uid: h25358d1a45672f8702398e8f852d2f3d772d020275827c25
28.01.2020 16:46:06: _uid_by_token: z27193e4515971d7c355f
28.01.2020 16:46:06: _server_setTokenR: v543e6a8f0e22241c5a82
28.01.2020 16:46:06: _YourPlayerToken: i83844e9d456344103719229215757949206975380c32438565
28.01.2020 16:46:06: _TokenCT: t5e1f4222748f2794496f7c3f205d24295588
28.01.2020 16:46:06: _AH_MAIN_BLOCK: n89371953437e9c456730251d6518352c5e5c094a6e
28.01.2020 16:46:06: _AHKickOFF: t1a5d6e1097582d628c9d
28.01.2020 16:46:06: _AHKickLog: p62970565320867126e5e78522e29
28.01.2020 16:46:06: _clientdo: t7e87372e5037570c3d454d8474
28.01.2020 16:46:06: _AH_RunCheckENDVAR: t886e38473f5d753932596e556f627f2e301e3a7e8e87526a324518
28.01.2020 16:46:06: _AH_RunCheckENDVAR_THREAD: h197f07982e9552793d40
28.01.2020 16:46:06: _AH_HackLogArrayRND: r2e3e8f4987836745781e09222c1c5e6255896f4c
28.01.2020 16:46:06: _AH_SurvLogArrayRND: c62326f5c123562326e12056a8e0e3a227c2d127e55226c582e
28.01.2020 16:46:06: _AH_AdmiLogArrayRND: f12225c3a1f8e37226552151d43955f7d19452c458c
28.01.2020 16:46:06: _TMPBAN: u436a4e5a1f522719698e7a2c8f023938578c8852301a60
28.01.2020 16:46:06: _massMessage: v576a8c77874c6a7e8c53897c3d97887573626265
28.01.2020 16:46:06: _massSysMessage: l7567254938538f6e3a824d551875
28.01.2020 16:46:06: _AHpos: l3d832203298e35122c6265997f375c5c27
28.01.2020 16:46:06: _ninetwo: x2e0a4e1e037479228d65155d70
28.01.2020 16:46:06: _ninetwothread: j101404221a7e191e2c52
28.01.2020 16:46:06: _adminsA: b47752c3e297c15772e7f
28.01.2020 16:46:06: _MC: l7e051e25798f2a52876c2c8a327582838a
28.01.2020 16:46:06: _MCS: t8c423563472e67221942075c
28.01.2020 16:46:06: _checkidicheckcheck: a9a97451c6e359f1c6c423a141e52
28.01.2020 16:46:06: _lastshotmade: j6e3d2e958282828a758e19354e8312221c69
28.01.2020 16:46:06: _dellocveh: i558d106c273e8a2c874755
28.01.2020 16:46:06: _inCombatTime: y0f3a7c6f8475501e1c855515522320
28.01.2020 16:46:06: _inCombatArray: p2e6d7a48328d68852a8e058a881f95
28.01.2020 16:46:06: _fnc_infiKeyHandler: c203c6a5c099e3f324230
28.01.2020 16:46:06: _vehicle_needs_check: n3e5e522e9f551f5e7d1a625c2263877e2292895f39
28.01.2020 16:46:06: _MAKE_VAR_DUMP_RANDOM: g19897a303e153e8885488c9f420c3939351f1083278e
28.01.2020 16:46:06: _MAKE_VAR_DUMP_CLIENT: m2c8565229a5a487c3e2090131f829e508a8d858e7e77
28.01.2020 16:46:06: _DUMPINGPLAYERUIDARRAY: f126d2e425a3e202782170c552e27
28.01.2020 16:46:06: _CURRENTLYDUMPING: i473e5f1c829c7c757d876e3a525e3d029a136e2565
28.01.2020 16:46:06: _antiantihack_rndvar: s3e35984d9e6c6c722e3e
28.01.2020 16:46:06: _name_by_uid: s8f1e028e7e721f2e5494
28.01.2020 16:46:06: _owner_by_uid: n423e8c82051c1a604e2e750775
28.01.2020 16:46:06: _customcommandingMenu: q4c753e276965053447207f6e425c0e186d6d3f3c18
28.01.2020 16:46:06: _customcommandingMenuOpen: k2e271e3f50753077093c2a4a6c924e3f2e2977838725154287
28.01.2020 16:46:06: _AH_KICKLOG: PVAHR_4n1u6f5d1n
28.01.2020 16:46:06: ----END-LINE----   (12-01-2020 22-45-36 - v0260)
28.01.2020 17:46:43: <infiSTAR.de> _fnc_RandomGen: {
_fnc_actualGen = {
_abc = ['z','y','x','w','v','u','t','s','r','q','p','o','n','m','l','k','j','i','h','g','f','e','d','c','b','a'];
_gen = _abc select (random ((count _abc)-1));
_arr = ['a','5','c','4','d','f','c','e','5','2','2','0','d','e','7','f','9','5','7','8','e','9','a','5','c','3','2','7','e','2','3'];
_randmax = {((round(random _randminval)) + (round(random _randmaxval))) max _randminval};
for '_i' from 0 to (call _randmax)do
{
_gen = _gen + str(round(random 9)) + (_arr select (random ((count _arr)-1)));
};
};
_gen = '';
while{_gen=='' || _gen in _allRandomGenVars}do{
call _fnc_actualGen;
};
_allRandomGenVars pushBack _gen;
_gen
}
28.01.2020 17:46:43: ----START-LINE----   (12-01-2020 22-45-36 - v0260)
28.01.2020 17:46:43: _adminbox: m4e2233022534724f5c4a8e63624d1d5228259962
28.01.2020 17:46:43: _fnc_mpPackets: k3d991f393e2d4d1c856e05657a525e43
28.01.2020 17:46:43: _FNC_AH_KICKLOG: e8e2585584242273c5710957289721c0a05392a0e5e4d12
28.01.2020 17:46:43: _FNC_AH_KICKLOGSPAWN: c4a6c87222f77029c0d2344545a254f
28.01.2020 17:46:43: _FNC_PVAH_AdminReq: b824e296c9a4247331262731e
28.01.2020 17:46:43: _token_by_uid: e6a6c7477277c2f422d8817297215536d92523e63
28.01.2020 17:46:43: _uid_by_token: v2d858e026c8c6a3d921e1c552d2d3d920d02
28.01.2020 17:46:43: _server_setTokenR: c373792127f52554e4f34
28.01.2020 17:46:43: _YourPlayerToken: x4e9f47299789523c3722
28.01.2020 17:46:43: _TokenCT: k3a538f3e4e5095705f149e28384e50652c4c455e17558f
28.01.2020 17:46:43: _AH_MAIN_BLOCK: q85192322223c332c42626c52475f104e17522d170737675f971f
28.01.2020 17:46:43: _AHKickOFF: g6c425e4a2c156e9d252d
28.01.2020 17:46:43: _AHKickLog: k1e1563626967857769792c99
28.01.2020 17:46:43: _clientdo: p2030124c727e5e4c959c
28.01.2020 17:46:43: _AH_RunCheckENDVAR: q4c4f1e4e3e126f5c72597767373e0e37421d
28.01.2020 17:46:43: _AH_RunCheckENDVAR_THREAD: q037744501c49188c6c453a1c453f620f7924197572670e4f2542
28.01.2020 17:46:44: _AH_HackLogArrayRND: k902a7f84628d521880622a65226872
28.01.2020 17:46:44: _AH_SurvLogArrayRND: g45374e4d1c87655d5732
28.01.2020 17:46:44: _AH_AdmiLogArrayRND: r1713701d72392c5e6c3c4d8a341229
28.01.2020 17:46:44: _TMPBAN: m49883c6a38471e90883585671e0f9c5225
28.01.2020 17:46:44: _massMessage: g974550857a075a247e6e8a538a835d525d5f
28.01.2020 17:46:44: _massSysMessage: n8e03723067523749188e1575
28.01.2020 17:46:44: _AHpos: m0f5a69628080244e527f
28.01.2020 17:46:44: _ninetwo: k171e5f5e65594c45688d
28.01.2020 17:46:44: _ninetwothread: x2c8c1c6f156a341d7e2d892e522d7815878c9729246944478e09
28.01.2020 17:46:44: _adminsA: c9e329225357f2a5a32725422678f2e692d329e
28.01.2020 17:46:44: _MC: y8f3d34644f22621d258a292d2e8c
28.01.2020 17:46:44: _MCS: g0c4e5e0212327f1c373f727a3c7e0e
28.01.2020 17:46:44: _checkidicheckcheck: n5d708e00672974957c43396d6c176529
28.01.2020 17:46:44: _lastshotmade: e8f6255791e4e7c9077586e6f8248587a673f1d47227587
28.01.2020 17:46:44: <infiSTAR.de> _fnc_RandomGen: {
_fnc_actualGen = {
_abc = ['z','y','x','w','v','u','t','s','r','q','p','o','n','m','l','k','j','i','h','g','f','e','d','c','b','a'];
_gen = _abc select (random ((count _abc)-1));
_arr = ['a','5','c','4','d','f','c','e','5','2','2','0','d','e','7','f','9','5','7','8','e','9','a','5','c','3','2','7','e','2','3'];
_randmax = {((round(random _randminval)) + (round(random _randmaxval))) max _randminval};
for '_i' from 0 to (call _randmax)do
{
_gen = _gen + str(round(random 9)) + (_arr select (random ((count _arr)-1)));
};
};
_gen = '';
while{_gen=='' || _gen in _allRandomGenVars}do{
call _fnc_actualGen;
};
_allRandomGenVars pushBack _gen;
_gen
}
28.01.2020 17:46:44: ----START-LINE----   (12-01-2020 22-45-36 - v0260)
28.01.2020 17:46:44: _adminbox: m4e2233022534724f5c4a8e63624d1d5228259962
28.01.2020 17:46:44: _fnc_mpPackets: k3d991f393e2d4d1c856e05657a525e43
28.01.2020 17:46:44: _FNC_AH_KICKLOG: e8e2585584242273c5710957289721c0a05392a0e5e4d12
28.01.2020 17:46:44: _FNC_AH_KICKLOGSPAWN: c4a6c87222f77029c0d2344545a254f
28.01.2020 17:46:44: _FNC_PVAH_AdminReq: b824e296c9a4247331262731e
28.01.2020 17:46:44: _token_by_uid: e6a6c7477277c2f422d8817297215536d92523e63
28.01.2020 17:46:44: _uid_by_token: v2d858e026c8c6a3d921e1c552d2d3d920d02
28.01.2020 17:46:44: _server_setTokenR: c373792127f52554e4f34
28.01.2020 17:46:44: _YourPlayerToken: x4e9f47299789523c3722
28.01.2020 17:46:44: _TokenCT: k3a538f3e4e5095705f149e28384e50652c4c455e17558f
28.01.2020 17:46:44: _AH_MAIN_BLOCK: q85192322223c332c42626c52475f104e17522d170737675f971f
28.01.2020 17:46:44: _AHKickOFF: g6c425e4a2c156e9d252d
28.01.2020 17:46:44: _AHKickLog: k1e1563626967857769792c99
28.01.2020 17:46:44: _clientdo: p2030124c727e5e4c959c
28.01.2020 17:46:44: _AH_RunCheckENDVAR: q4c4f1e4e3e126f5c72597767373e0e37421d
28.01.2020 17:46:44: _AH_RunCheckENDVAR_THREAD: q037744501c49188c6c453a1c453f620f7924197572670e4f2542
28.01.2020 17:46:44: _AH_HackLogArrayRND: k902a7f84628d521880622a65226872
28.01.2020 17:46:44: _AH_SurvLogArrayRND: g45374e4d1c87655d5732
28.01.2020 17:46:44: _AH_AdmiLogArrayRND: r1713701d72392c5e6c3c4d8a341229
28.01.2020 17:46:44: _TMPBAN: m49883c6a38471e90883585671e0f9c5225
28.01.2020 17:46:44: _massMessage: g974550857a075a247e6e8a538a835d525d5f
28.01.2020 17:46:44: _massSysMessage: n8e03723067523749188e1575
28.01.2020 17:46:44: _AHpos: m0f5a69628080244e527f
28.01.2020 17:46:44: _ninetwo: k171e5f5e65594c45688d
28.01.2020 17:46:44: _ninetwothread: x2c8c1c6f156a341d7e2d892e522d7815878c9729246944478e09
28.01.2020 17:46:44: _adminsA: c9e329225357f2a5a32725422678f2e692d329e
28.01.2020 17:46:44: _MC: y8f3d34644f22621d258a292d2e8c
28.01.2020 17:46:44: _MCS: g0c4e5e0212327f1c373f727a3c7e0e
28.01.2020 17:46:44: _checkidicheckcheck: n5d708e00672974957c43396d6c176529
28.01.2020 17:46:44: _lastshotmade: e8f6255791e4e7c9077586e6f8248587a673f1d47227587
28.01.2020 17:46:44: _dellocveh: z398e7e070220244d43852558401c584c629e4c7763
28.01.2020 17:46:44: _inCombatTime: n222e1a7c3f2f7f4c6f57758524
28.01.2020 17:46:44: _inCombatArray: f2a6d6f22329c5e505e878a3282272d3f9c84
28.01.2020 17:46:44: _fnc_infiKeyHandler: m3f6e65753a5e2a8f2499
28.01.2020 17:46:44: _vehicle_needs_check: j344e2c68804a5e1f120c631087775e7e757c133d2a8f9c
28.01.2020 17:46:44: _MAKE_VAR_DUMP_RANDOM: a4055420e024c13452d1e
28.01.2020 17:46:44: _MAKE_VAR_DUMP_CLIENT: k192d2f924f5d2d55156c
28.01.2020 17:46:44: _DUMPINGPLAYERUIDARRAY: v2f122c924c9e157e00201e1c2f4a4a5d13572a621d654e
28.01.2020 17:46:44: _CURRENTLYDUMPING: x8332551a3f237e4c4920721c0c23472d521a6552257e7d3e755c4c02
28.01.2020 17:46:44: _antiantihack_rndvar: g795e7f2e1d4c8c1e9d3e0a4f826585491782
28.01.2020 17:46:44: _name_by_uid: b3e6a5a83676335229c7a6d133a2a579a777e8d3f586c5272
28.01.2020 17:46:44: _owner_by_uid: n425c974272875e6f1a730919577539
28.01.2020 17:46:44: _customcommandingMenu: s2e9a72189f32824e72895f
28.01.2020 17:46:44: _customcommandingMenuOpen: o170a4e405e3f5f72875d6e82031789671f325a9d70622e40
28.01.2020 17:46:44: _AH_KICKLOG: PVAHR_3q8b2v3i5i5n4r9j
28.01.2020 17:46:44: ----END-LINE----   (12-01-2020 22-45-36 - v0260)
28.01.2020 18:14:32: <infiSTAR.de> _fnc_RandomGen: {
_fnc_actualGen = {
_abc = ['z','y','x','w','v','u','t','s','r','q','p','o','n','m','l','k','j','i','h','g','f','e','d','c','b','a'];
_gen = _abc select (random ((count _abc)-1));
_arr = ['a','5','c','4','d','f','c','e','5','2','2','0','d','e','7','f','9','5','7','8','e','9','a','5','c','3','2','7','e','2','3'];
_randmax = {((round(random _randminval)) + (round(random _randmaxval))) max _randminval};
for '_i' from 0 to (call _randmax)do
{
_gen = _gen + str(round(random 9)) + (_arr select (random ((count _arr)-1)));
};
};
_gen = '';
while{_gen=='' || _gen in _allRandomGenVars}do{
call _fnc_actualGen;
};
_allRandomGenVars pushBack _gen;
_gen
}
28.01.2020 18:14:32: ----START-LINE----   (12-01-2020 22-45-36 - v0260)
28.01.2020 18:14:32: _adminbox: n4e1275128e807f8e734575
28.01.2020 18:14:32: _fnc_mpPackets: h8e706d7e29098e29225942189c829e1a5d3e5a6c79978e
28.01.2020 18:14:32: _FNC_AH_KICKLOG: t8a2d97750d652d8e8e327e73275d620d651a
28.01.2020 18:14:32: _FNC_AH_KICKLOGSPAWN: k4a1e351f9c55093e5d5d956e9e3289
28.01.2020 18:14:32: _FNC_PVAH_AdminReq: o5d476c1552131e071c9767574728320e8e372e2e2c5a2215108063
28.01.2020 18:14:32: _token_by_uid: i927e521e6d68973e5574
28.01.2020 18:14:32: _uid_by_token: d575a63227495151e325518395d4e0792552e128d8c
28.01.2020 18:14:32: _server_setTokenR: v07357260272c532d5912
28.01.2020 18:14:32: _YourPlayerToken: n1e5833927795579e753e7f970772
28.01.2020 18:14:32: _TokenCT: w85471534795219822d60428a62873d3c32301f657e8f8c9e894e1e
28.01.2020 18:14:32: _AH_MAIN_BLOCK: q7c49672c952c03831582355d826e6752852d557f78
28.01.2020 18:14:32: _AHKickOFF: r971582251c0e370f7840
28.01.2020 18:14:32: _AHKickLog: m6d79493892032a108717
28.01.2020 18:14:32: _clientdo: p3c2c7c35626d85727838
28.01.2020 18:14:32: _AH_RunCheckENDVAR: h79499f0e2d981a3d9e99654e5242198c
28.01.2020 18:14:32: _AH_RunCheckENDVAR_THREAD: p4c84193c7e82907a4735
28.01.2020 18:14:32: _AH_HackLogArrayRND: t75356a922f1467932a1e75429e531e1f9f6c4e65627e5c7a
28.01.2020 18:14:32: _AH_SurvLogArrayRND: i532524105d8c6c551c3f8d3c336d
28.01.2020 18:14:32: _AH_AdmiLogArrayRND: o1e199e554022677d328e
28.01.2020 18:14:32: _TMPBAN: q152e4c2d3e5e25531a3e
28.01.2020 18:14:33: _massMessage: u67028f55796575256d07581a251d1e473f576c3f32727f
28.01.2020 18:14:33: _massSysMessage: s726a4e325a42186e3e658a27
28.01.2020 18:14:33: _AHpos: l5e82622762707e6e4f3f
28.01.2020 18:14:33: _ninetwo: h45353e3342429c4e7a85
28.01.2020 18:14:33: _ninetwothread: u4e13836a13808a839f9718377a34555d
28.01.2020 18:14:33: _adminsA: i72775e1d424230253e7e596e92486560
28.01.2020 18:14:33: _MC: d8d43826d1f875e47391d285c5f39933d9787
28.01.2020 18:14:33: _MCS: s2e7e744c643a358785774d1f624e1552358c1c5532
28.01.2020 18:14:33: _checkidicheckcheck: l3f2c122d1c45473d4300495c230a
28.01.2020 18:14:33: _lastshotmade: i3d8e852732654c0f3757
28.01.2020 18:14:33: <infiSTAR.de> _fnc_RandomGen: {
_fnc_actualGen = {
_abc = ['z','y','x','w','v','u','t','s','r','q','p','o','n','m','l','k','j','i','h','g','f','e','d','c','b','a'];
_gen = _abc select (random ((count _abc)-1));
_arr = ['a','5','c','4','d','f','c','e','5','2','2','0','d','e','7','f','9','5','7','8','e','9','a','5','c','3','2','7','e','2','3'];
_randmax = {((round(random _randminval)) + (round(random _randmaxval))) max _randminval};
for '_i' from 0 to (call _randmax)do
{
_gen = _gen + str(round(random 9)) + (_arr select (random ((count _arr)-1)));
};
};
_gen = '';
while{_gen=='' || _gen in _allRandomGenVars}do{
call _fnc_actualGen;
};
_allRandomGenVars pushBack _gen;
_gen
}
28.01.2020 18:14:33: ----START-LINE----   (12-01-2020 22-45-36 - v0260)
28.01.2020 18:14:33: _adminbox: n4e1275128e807f8e734575
28.01.2020 18:14:33: _fnc_mpPackets: h8e706d7e29098e29225942189c829e1a5d3e5a6c79978e
28.01.2020 18:14:33: _FNC_AH_KICKLOG: t8a2d97750d652d8e8e327e73275d620d651a
28.01.2020 18:14:33: _FNC_AH_KICKLOGSPAWN: k4a1e351f9c55093e5d5d956e9e3289
28.01.2020 18:14:33: _FNC_PVAH_AdminReq: o5d476c1552131e071c9767574728320e8e372e2e2c5a2215108063
28.01.2020 18:14:33: _token_by_uid: i927e521e6d68973e5574
28.01.2020 18:14:33: _uid_by_token: d575a63227495151e325518395d4e0792552e128d8c
28.01.2020 18:14:33: _server_setTokenR: v07357260272c532d5912
28.01.2020 18:14:33: _YourPlayerToken: n1e5833927795579e753e7f970772
28.01.2020 18:14:33: _TokenCT: w85471534795219822d60428a62873d3c32301f657e8f8c9e894e1e
28.01.2020 18:14:33: _AH_MAIN_BLOCK: q7c49672c952c03831582355d826e6752852d557f78
28.01.2020 18:14:33: _AHKickOFF: r971582251c0e370f7840
28.01.2020 18:14:33: _AHKickLog: m6d79493892032a108717
28.01.2020 18:14:33: _clientdo: p3c2c7c35626d85727838
28.01.2020 18:14:33: _AH_RunCheckENDVAR: h79499f0e2d981a3d9e99654e5242198c
28.01.2020 18:14:33: _AH_RunCheckENDVAR_THREAD: p4c84193c7e82907a4735
28.01.2020 18:14:33: _AH_HackLogArrayRND: t75356a922f1467932a1e75429e531e1f9f6c4e65627e5c7a
28.01.2020 18:14:33: _AH_SurvLogArrayRND: i532524105d8c6c551c3f8d3c336d
28.01.2020 18:14:33: _AH_AdmiLogArrayRND: o1e199e554022677d328e
28.01.2020 18:14:33: _TMPBAN: q152e4c2d3e5e25531a3e
28.01.2020 18:14:33: _massMessage: u67028f55796575256d07581a251d1e473f576c3f32727f
28.01.2020 18:14:33: _massSysMessage: s726a4e325a42186e3e658a27
28.01.2020 18:14:33: _AHpos: l5e82622762707e6e4f3f
28.01.2020 18:14:33: _ninetwo: h45353e3342429c4e7a85
28.01.2020 18:14:33: _ninetwothread: u4e13836a13808a839f9718377a34555d
28.01.2020 18:14:33: _adminsA: i72775e1d424230253e7e596e92486560
28.01.2020 18:14:33: _MC: d8d43826d1f875e47391d285c5f39933d9787
28.01.2020 18:14:33: _MCS: s2e7e744c643a358785774d1f624e1552358c1c5532
28.01.2020 18:14:33: _checkidicheckcheck: l3f2c122d1c45473d4300495c230a
28.01.2020 18:14:33: _lastshotmade: i3d8e852732654c0f3757
28.01.2020 18:14:33: _dellocveh: f39828c82272362124e604c223355679560351a
28.01.2020 18:14:33: _inCombatTime: o67171e2067153083438c28353a5c625d7570143c0e
28.01.2020 18:14:33: _inCombatArray: g6c2e9f6d35242d7c4a54144a3778242222333a28427e
28.01.2020 18:14:33: _fnc_infiKeyHandler: j37546e8e3c7e9555452789226c4e236c93425c75256e4e356f394819
28.01.2020 18:14:33: _vehicle_needs_check: e8d72879d228a3f634974
28.01.2020 18:14:33: _MAKE_VAR_DUMP_RANDOM: k083d558a682e778f2965671d5e5759872f87329334
28.01.2020 18:14:33: _MAKE_VAR_DUMP_CLIENT: w47193250186252424325
28.01.2020 18:14:33: _DUMPINGPLAYERUIDARRAY: t238e27458e302c4e6c59
28.01.2020 18:14:33: _CURRENTLYDUMPING: d422d3e72822998602d47
28.01.2020 18:14:33: _antiantihack_rndvar: k42723c3e093e2e1a227a
28.01.2020 18:14:33: _name_by_uid: w72442555179789653239
28.01.2020 18:14:33: _owner_by_uid: w899e45286055526d4e89
28.01.2020 18:14:33: _customcommandingMenu: p8855327d3e7947599f6d
28.01.2020 18:14:33: _customcommandingMenuOpen: n9e671e854c5d4a5e451e22531c8e457a47020a0a
28.01.2020 18:14:33: _AH_KICKLOG: PVAHR_2p5l8n1v5v4e0s
28.01.2020 18:14:33: ----END-LINE----   (12-01-2020 22-45-36 - v0260)
