19.01.2020 20:12:51: <infiSTAR.de> _fnc_RandomGen: {
_fnc_actualGen = {
_abc = ['z','y','x','w','v','u','t','s','r','q','p','o','n','m','l','k','j','i','h','g','f','e','d','c','b','a'];
_gen = _abc select (random ((count _abc)-1));
_arr = ['a','5','c','4','d','f','c','e','5','2','2','0','d','e','7','f','9','5','7','8','e','9','a','5','c','3','2','7','e','2','3'];
_randmax = {((round(random _randminval)) + (round(random _randmaxval))) max _randminval};
for '_i' from 0 to (call _randmax)do
{
_gen = _gen + str(round(random 9)) + (_arr select (random ((count _arr)-1)));
};
};
_gen = '';
while{_gen=='' || _gen in _allRandomGenVars}do{
call _fnc_actualGen;
};
_allRandomGenVars pushBack _gen;
_gen
}
19.01.2020 20:12:51: ----START-LINE----   (12-01-2020 22-45-36 - v0260)
19.01.2020 20:12:51: _adminbox: r25173c227942639227307e3a3e13544e752224
19.01.2020 20:12:51: _fnc_mpPackets: u35995f1c1e12597c606c5c556c1e52026f4563
19.01.2020 20:12:51: _FNC_AH_KICKLOG: l6a5e3569354e272f9d22
19.01.2020 20:12:51: _FNC_AH_KICKLOGSPAWN: i278c3e7c1d123e3e3e7d706f85788e
19.01.2020 20:12:51: _FNC_PVAH_AdminReq: z639e8c759f7d6c83742e
19.01.2020 20:12:51: _token_by_uid: m779250425e82574e6e051f6525
19.01.2020 20:12:51: _uid_by_token: l306c237f04627c8f750e10792d5254552e72
19.01.2020 20:12:51: _server_setTokenR: z026939743292392513251a8253550c5e4557731d9e7e9d53
19.01.2020 20:12:52: _YourPlayerToken: k1e17896e123e23228e424c625968752c
19.01.2020 20:12:52: _TokenCT: i3c42587e83923a821e471c3378243c2932
19.01.2020 20:12:52: _AH_MAIN_BLOCK: t5a7a371708472e2e9c650e1755078510397c254535894084
19.01.2020 20:12:52: _AHKickOFF: n322e15053d823e3a45495545625e7c2259
19.01.2020 20:12:52: _AHKickLog: d7f2f5585537e256f795744346913228e
19.01.2020 20:12:52: _clientdo: d7f735a90357a79121c84
19.01.2020 20:12:52: _AH_RunCheckENDVAR: v256e178712597d42474c7d732c6772253f8a6267
19.01.2020 20:12:52: _AH_RunCheckENDVAR_THREAD: p6282378d190789185587
19.01.2020 20:12:52: _AH_HackLogArrayRND: z3c5072001e9d6c555514654f858e1a144348
19.01.2020 20:12:52: _AH_SurvLogArrayRND: e4a80651a4562936489621f7f3585629229948d
19.01.2020 20:12:52: _AH_AdmiLogArrayRND: v83573e40725f84136d62576937773c3584198952231545397805
19.01.2020 20:12:52: _TMPBAN: n1c5e9255133e6e441c1e652a472c69198c0e3282
19.01.2020 20:12:52: _massMessage: c69723e95222d757757751a2c5f
19.01.2020 20:12:52: _massSysMessage: l622e6c7735298c62037220855f028e
19.01.2020 20:12:52: _AHpos: y4e9c13623e22807205887d5712
19.01.2020 20:12:52: _ninetwo: g6c55773c324257294e490c3217149e3054551e351325527405
19.01.2020 20:12:52: _ninetwothread: j8a8237335c2f149c1a5e75252f3c2232
19.01.2020 20:12:52: _adminsA: k278064376222246d1340426c657f2c
19.01.2020 20:12:52: _MC: c647e323d1c3259426a5e
19.01.2020 20:12:52: _MCS: q6c90400747352c754715
19.01.2020 20:12:52: _checkidicheckcheck: c551d8a5e9c593445354c275f55138f7c
19.01.2020 20:12:52: _lastshotmade: h450e8e67056e570f9f4e
19.01.2020 20:12:52: <infiSTAR.de> _fnc_RandomGen: {
_fnc_actualGen = {
_abc = ['z','y','x','w','v','u','t','s','r','q','p','o','n','m','l','k','j','i','h','g','f','e','d','c','b','a'];
_gen = _abc select (random ((count _abc)-1));
_arr = ['a','5','c','4','d','f','c','e','5','2','2','0','d','e','7','f','9','5','7','8','e','9','a','5','c','3','2','7','e','2','3'];
_randmax = {((round(random _randminval)) + (round(random _randmaxval))) max _randminval};
for '_i' from 0 to (call _randmax)do
{
_gen = _gen + str(round(random 9)) + (_arr select (random ((count _arr)-1)));
};
};
_gen = '';
while{_gen=='' || _gen in _allRandomGenVars}do{
call _fnc_actualGen;
};
_allRandomGenVars pushBack _gen;
_gen
}
19.01.2020 20:12:52: ----START-LINE----   (12-01-2020 22-45-36 - v0260)
19.01.2020 20:12:52: _adminbox: r25173c227942639227307e3a3e13544e752224
19.01.2020 20:12:52: _fnc_mpPackets: u35995f1c1e12597c606c5c556c1e52026f4563
19.01.2020 20:12:52: _FNC_AH_KICKLOG: l6a5e3569354e272f9d22
19.01.2020 20:12:52: _FNC_AH_KICKLOGSPAWN: i278c3e7c1d123e3e3e7d706f85788e
19.01.2020 20:12:52: _FNC_PVAH_AdminReq: z639e8c759f7d6c83742e
19.01.2020 20:12:52: _token_by_uid: m779250425e82574e6e051f6525
19.01.2020 20:12:52: _uid_by_token: l306c237f04627c8f750e10792d5254552e72
19.01.2020 20:12:52: _server_setTokenR: z026939743292392513251a8253550c5e4557731d9e7e9d53
19.01.2020 20:12:52: _YourPlayerToken: k1e17896e123e23228e424c625968752c
19.01.2020 20:12:52: _TokenCT: i3c42587e83923a821e471c3378243c2932
19.01.2020 20:12:52: _AH_MAIN_BLOCK: t5a7a371708472e2e9c650e1755078510397c254535894084
19.01.2020 20:12:52: _AHKickOFF: n322e15053d823e3a45495545625e7c2259
19.01.2020 20:12:52: _AHKickLog: d7f2f5585537e256f795744346913228e
19.01.2020 20:12:52: _clientdo: d7f735a90357a79121c84
19.01.2020 20:12:52: _AH_RunCheckENDVAR: v256e178712597d42474c7d732c6772253f8a6267
19.01.2020 20:12:52: _AH_RunCheckENDVAR_THREAD: p6282378d190789185587
19.01.2020 20:12:52: _AH_HackLogArrayRND: z3c5072001e9d6c555514654f858e1a144348
19.01.2020 20:12:52: _AH_SurvLogArrayRND: e4a80651a4562936489621f7f3585629229948d
19.01.2020 20:12:52: _AH_AdmiLogArrayRND: v83573e40725f84136d62576937773c3584198952231545397805
19.01.2020 20:12:52: _TMPBAN: n1c5e9255133e6e441c1e652a472c69198c0e3282
19.01.2020 20:12:52: _massMessage: c69723e95222d757757751a2c5f
19.01.2020 20:12:52: _massSysMessage: l622e6c7735298c62037220855f028e
19.01.2020 20:12:52: _AHpos: y4e9c13623e22807205887d5712
19.01.2020 20:12:52: _ninetwo: g6c55773c324257294e490c3217149e3054551e351325527405
19.01.2020 20:12:52: _ninetwothread: j8a8237335c2f149c1a5e75252f3c2232
19.01.2020 20:12:52: _adminsA: k278064376222246d1340426c657f2c
19.01.2020 20:12:52: _MC: c647e323d1c3259426a5e
19.01.2020 20:12:52: _MCS: q6c90400747352c754715
19.01.2020 20:12:52: _checkidicheckcheck: c551d8a5e9c593445354c275f55138f7c
19.01.2020 20:12:52: _lastshotmade: h450e8e67056e570f9f4e
19.01.2020 20:12:52: _dellocveh: l9c494e7d799388696f2e
19.01.2020 20:12:52: _inCombatTime: h778e97002e209e793e80
19.01.2020 20:12:52: _inCombatArray: h7e5a18458c725f987e4e7369970c625e
19.01.2020 20:12:52: _fnc_infiKeyHandler: v65005c2e4863736e656e621e157c9c85382a380c
19.01.2020 20:12:52: _vehicle_needs_check: b7e358c0280759f6c3c62
19.01.2020 20:12:52: _MAKE_VAR_DUMP_RANDOM: l6e2e631c121c458e8953
19.01.2020 20:12:52: _MAKE_VAR_DUMP_CLIENT: n228a639e438f150273455312828c32337f
19.01.2020 20:12:52: _DUMPINGPLAYERUIDARRAY: x979e524c057f3d0e7545
19.01.2020 20:12:52: _CURRENTLYDUMPING: m559322054f6214255419
19.01.2020 20:12:52: _antiantihack_rndvar: f1c251e2c777c588417324f0c091277092f1a3a273c
19.01.2020 20:12:52: _name_by_uid: i3862836e7943478c4d8f7c88737c2c4e852d67
19.01.2020 20:12:52: _owner_by_uid: m73851f3c7d687245001942757a152e4e6e55050a
19.01.2020 20:12:52: _customcommandingMenu: r42678a542e777f3e4f7f7d
19.01.2020 20:12:52: _customcommandingMenuOpen: q8c173f8e25776d248e9e6e
19.01.2020 20:12:52: _AH_KICKLOG: PVAHR_6u8s0s3o3l7m
19.01.2020 20:12:52: ----END-LINE----   (12-01-2020 22-45-36 - v0260)
