15.02.2020 00:05:51: 17h 39min | Connected: Robert Kennedy(76561198083728776 - 38) - time: 63483.5 - serverFPS: 45.584
15.02.2020 00:39:31: 18h 13min | Connected: Sherman(76561198038112694 - 39) - time: 65503.6 - serverFPS: 45.7143
15.02.2020 00:56:47: 18h 30min | Connected: Jackz(76561198391774624 - 41) - time: 66538.6 - serverFPS: 45.977
15.02.2020 00:57:12: 18h 31min | Connected: Low_Poly_Man(76561198137223112 - 42) - time: 66562.7 - serverFPS: 45.8453
15.02.2020 00:58:09: 18h 32min | Disconnected: Jackz(76561198391774624 - 41) - time: 66619.7 - serverFPS: 45.3258
15.02.2020 01:01:05: 18h 35min | Connected: Jackz(76561198391774624 - 43) - time: 66795.8 - serverFPS: 45.584
15.02.2020 01:05:27: 18h 39min | Connected: WarFire(76561198150464364 - 44) - time: 67058.1 - serverFPS: 45.7143
15.02.2020 01:08:58: 18h 43min | Disconnected: Robert Kennedy(76561198083728776 - 38) - time: 67269.1 - serverFPS: 45.7143
15.02.2020 01:09:22: 18h 43min | Connected: Robert Kennedy(76561198083728776 - 38) - time: 67292.2 - serverFPS: 45.977
15.02.2020 01:12:53: 18h 46min | Connected: [1K-33] R. Tjay(76561198883479728 - 45) - time: 67503.7 - serverFPS: 45.4545
15.02.2020 01:16:13: 18h 50min | Connected: S.Kingston(76561198046640450 - 46) - time: 67703.4 - serverFPS: 46.3768
15.02.2020 01:17:48: 18h 51min | Disconnected: S.Kingston(76561198046640450 - 46) - time: 67798.1 - serverFPS: 45.4545
15.02.2020 01:21:22: 18h 55min | Connected: S.Kingston(76561198046640450 - 47) - time: 68012.4 - serverFPS: 45.8453
15.02.2020 01:21:47: 18h 55min | Disconnected: Donnie Turbo(76561198041233395 - 36) - time: 68037.4 - serverFPS: 46.5116
15.02.2020 01:22:19: 18h 56min | Connected: Donnie Turbo(76561198041233395 - 36) - time: 68068.9 - serverFPS: 45.8453
15.02.2020 01:50:48: 19h 24min | Disconnected: Alexander.Rios(76561198037915534 - 35) - time: 69778 - serverFPS: 45.4545
15.02.2020 01:51:16: 19h 25min | Connected: Alexander.Rios(76561198037915534 - 35) - time: 69805.6 - serverFPS: 45.4545
15.02.2020 02:55:35: 20h 29min | Connected: K-12 J Shepard(76561198043298972 - 48) - time: 73663.4 - serverFPS: 46.5116
15.02.2020 03:03:12: 20h 37min | Disconnected: WarFire(76561198150464364 - 44) - time: 74119.7 - serverFPS: 45.3258
15.02.2020 03:04:01: 20h 38min | Disconnected: Low_Poly_Man(76561198137223112 - 42) - time: 74169 - serverFPS: 45.8453
15.02.2020 03:04:10: 20h 38min | Disconnected: Jackz(76561198391774624 - 43) - time: 74177.4 - serverFPS: 47.3373
15.02.2020 03:22:14: 20h 56min | Disconnected: Robert Kennedy(76561198083728776 - 38) - time: 75261.9 - serverFPS: 47.0588
15.02.2020 03:26:39: 21h 0min | Disconnected: Alexander.Rios(76561198037915534 - 35) - time: 75525.8 - serverFPS: 45.3258
15.02.2020 03:26:46: 21h 0min | Disconnected: Sherman(76561198038112694 - 39) - time: 75532.9 - serverFPS: 46.1095
15.02.2020 03:36:38: 21h 10min | Connected: Sherman(76561198038112694 - 49) - time: 76125.3 - serverFPS: 44.8179
15.02.2020 03:39:37: 21h 13min | Disconnected: S.Kingston(76561198046640450 - 47) - time: 76304.2 - serverFPS: 45.4545
15.02.2020 03:40:04: 21h 14min | Disconnected: [1K-33] R. Tjay(76561198883479728 - 45) - time: 76330.9 - serverFPS: 45.3258
15.02.2020 03:53:20: 21h 27min | Disconnected: K-12 J Shepard(76561198043298972 - 48) - time: 77126.6 - serverFPS: 46.1095
15.02.2020 03:53:44: 21h 27min | Connected: K-12 J Shepard(76561198043298972 - 48) - time: 77151.4 - serverFPS: 45.977
15.02.2020 04:51:00: 22h 25min | Connected: AL "BIG AL" GAMBINO(76561198361509989 - 51) - time: 80586.3 - serverFPS: 45.584
15.02.2020 05:00:08: 22h 34min | Disconnected: Donnie Turbo(76561198041233395 - 36) - time: 81134.1 - serverFPS: 45.8453
15.02.2020 05:05:02: 22h 39min | Disconnected: Sherman(76561198038112694 - 49) - time: 81428.2 - serverFPS: 48.048
15.02.2020 05:08:22: 22h 42min | Disconnected: Nino Marino(76561198206026112 - 37) - time: 81628.3 - serverFPS: 45.4545
15.02.2020 05:10:23: 22h 44min | Connected: Nino Marino(76561198206026112 - 37) - time: 81749 - serverFPS: 45.3258
15.02.2020 05:18:26: 22h 52min | Connected: HoyoBani(76561198105940600 - 52) - time: 82231.6 - serverFPS: 46.2428
15.02.2020 05:22:10: 22h 56min | Disconnected: AL "BIG AL" GAMBINO(76561198361509989 - 51) - time: 82454.6 - serverFPS: 46.3768
15.02.2020 05:26:51: 23h 0min | Disconnected: Nino Marino(76561198206026112 - 37) - time: 82735.9 - serverFPS: 46.2428
15.02.2020 06:03:18: 23h 37min | Disconnected: K-12 J Shepard(76561198043298972 - 48) - time: 84921.6 - serverFPS: 45.4545
15.02.2020 06:12:40: 23h 46min | Disconnected: HoyoBani(76561198105940600 - 52) - time: 85483.6 - serverFPS: 45.4545
15.02.2020 06:17:10: infiSTAR_PlayerConnected_id: 1
15.02.2020 06:17:10: infiSTAR_PlayerDisconnected_id: 0
15.02.2020 06:19:23: 0h 3min | Connected: HoyoBani(76561198105940600 - 4) - time: 135.508 - serverFPS: 45.977
15.02.2020 06:20:02: 0h 4min | Connected: Sherman(76561198038112694 - 5) - time: 173.876 - serverFPS: 46.2428
15.02.2020 06:20:28: 0h 4min | Disconnected: Sherman(76561198038112694 - 5) - time: 199.984 - serverFPS: 45.7143
15.02.2020 06:27:46: 0h 12min | Connected: Nino Marino(76561198206026112 - 6) - time: 637.371 - serverFPS: 45.4545
15.02.2020 06:55:06: infiSTAR_PlayerConnected_id: 1
15.02.2020 06:55:06: infiSTAR_PlayerDisconnected_id: 0
15.02.2020 06:56:07: 0h 2min | Connected: HoyoBani(76561198105940600 - 4) - time: 64.488 - serverFPS: 45.4545
15.02.2020 07:10:10: 0h 16min | Connected: Nino Marino(76561198206026112 - 5) - time: 906.209 - serverFPS: 45.4545
15.02.2020 07:19:23: 0h 25min | Disconnected: HoyoBani(76561198105940600 - 4) - time: 1459.63 - serverFPS: 45.8453
15.02.2020 07:19:54: 0h 26min | Disconnected: Nino Marino(76561198206026112 - 5) - time: 1490.72 - serverFPS: 46.3768
15.02.2020 07:43:11: 0h 49min | Connected: K-12 J Shepard(76561198043298972 - 6) - time: 2887.12 - serverFPS: 45.7143
15.02.2020 08:22:15: 1h 28min | Disconnected: K-12 J Shepard(76561198043298972 - 6) - time: 5228.95 - serverFPS: 45.977
15.02.2020 08:22:48: 1h 29min | Connected: K-12 J Shepard(76561198043298972 - 6) - time: 5262.45 - serverFPS: 46.1095
15.02.2020 08:58:20: 2h 4min | Disconnected: K-12 J Shepard(76561198043298972 - 6) - time: 7394.21 - serverFPS: 45.4545
15.02.2020 17:41:22: infiSTAR_PlayerConnected_id: 1
15.02.2020 17:41:22: infiSTAR_PlayerDisconnected_id: 0
15.02.2020 18:34:36: 0h 54min | Connected: AL "BIG AL" GAMBINO(76561198361509989 - 6) - time: 3196.55 - serverFPS: 45.1977
15.02.2020 19:21:32: 1h 41min | Disconnected: AL "BIG AL" GAMBINO(76561198361509989 - 6) - time: 6012.71 - serverFPS: 46.5116
15.02.2020 20:21:24: 2h 41min | Connected: WarFire(76561198150464364 - 7) - time: 9604.35 - serverFPS: 45.8453
15.02.2020 20:35:37: 2h 55min | Connected: Jackz(76561198391774624 - 8) - time: 10456 - serverFPS: 45.7143
15.02.2020 20:42:50: 3h 3min | Connected: Donnie Turbo(76561198041233395 - 9) - time: 10888.5 - serverFPS: 45.8453
15.02.2020 21:04:11: 3h 24min | Connected: Low_Poly_Man(76561198137223112 - 10) - time: 12169.2 - serverFPS: 45.4545
15.02.2020 21:25:15: 3h 45min | Connected: [1K-33] R. Tjay(76561198883479728 - 11) - time: 13432.9 - serverFPS: 45.584
15.02.2020 21:50:57: 4h 11min | Connected: Robert Kennedy(76561198083728776 - 12) - time: 14974.1 - serverFPS: 45.977
15.02.2020 21:50:57: 4h 11min | Disconnected: Robert Kennedy(76561198083728776 - 12) - time: 14974.7 - serverFPS: 45.8453
15.02.2020 21:51:48: 4h 12min | Connected: Robert Kennedy(76561198083728776 - 12) - time: 15025.5 - serverFPS: 45.3258
15.02.2020 21:51:51: 4h 12min | Disconnected: Robert Kennedy(76561198083728776 - 12) - time: 15028.9 - serverFPS: 46.5116
15.02.2020 21:52:03: 4h 12min | Connected: Robert Kennedy(76561198083728776 - 12) - time: 15040.2 - serverFPS: 46.1095
15.02.2020 22:10:33: 4h 30min | Connected: S.Kingston(76561198046640450 - 13) - time: 16149.7 - serverFPS: 45.584
15.02.2020 22:11:34: 4h 31min | Disconnected: S.Kingston(76561198046640450 - 13) - time: 16211.3 - serverFPS: 45.8453
15.02.2020 22:14:10: 4h 34min | Connected: S.Kingston(76561198046640450 - 14) - time: 16367.4 - serverFPS: 45.4545
15.02.2020 22:20:56: 4h 41min | Connected: Nino Marino(76561198206026112 - 15) - time: 16773.1 - serverFPS: 45.584
15.02.2020 22:36:30: 4h 56min | Connected: luke(76561198264871362 - 16) - time: 17705.9 - serverFPS: 48.048
15.02.2020 22:54:26: 5h 14min | Disconnected: [1K-33] R. Tjay(76561198883479728 - 11) - time: 18781.3 - serverFPS: 45.4545
15.02.2020 22:55:32: 5h 15min | Connected: [220]Para.R.Tjay(76561198883479728 - 17) - time: 18847.5 - serverFPS: 45.4545
15.02.2020 23:27:33: 5h 47min | Disconnected: [220]Para.R.Tjay(76561198883479728 - 17) - time: 20767.9 - serverFPS: 45.8453
15.02.2020 23:29:14: 5h 49min | Connected: mr.bean(76561198883479728 - 20) - time: 20869.3 - serverFPS: 45.4545
15.02.2020 23:43:27: 6h 3min | Connected: Zander Marino(76561198180893505 - 19) - time: 21720.4 - serverFPS: 45.977
