05.02.2020 07:42:33: <infiSTAR.de> _fnc_RandomGen: {
_fnc_actualGen = {
_abc = ['z','y','x','w','v','u','t','s','r','q','p','o','n','m','l','k','j','i','h','g','f','e','d','c','b','a'];
_gen = _abc select (random ((count _abc)-1));
_arr = ['a','5','c','4','d','f','c','e','5','2','2','0','d','e','7','f','9','5','7','8','e','9','a','5','c','3','2','7','e','2','3'];
_randmax = {((round(random _randminval)) + (round(random _randmaxval))) max _randminval};
for '_i' from 0 to (call _randmax)do
{
_gen = _gen + str(round(random 9)) + (_arr select (random ((count _arr)-1)));
};
};
_gen = '';
while{_gen=='' || _gen in _allRandomGenVars}do{
call _fnc_actualGen;
};
_allRandomGenVars pushBack _gen;
_gen
}
05.02.2020 07:42:33: ----START-LINE----   (12-01-2020 22-45-36 - v0260)
05.02.2020 07:42:33: _adminbox: d4d5c644f7e820c1f2e6089
05.02.2020 07:42:33: _fnc_mpPackets: u48456237272569551e5f
05.02.2020 07:42:33: _FNC_AH_KICKLOG: m27451c5855372f7c2d2d159c59095c155f6e4c6c523e374c9f5e757517
05.02.2020 07:42:33: _FNC_AH_KICKLOGSPAWN: v47154e5c3e8e4c145c6a
05.02.2020 07:42:33: _FNC_PVAH_AdminReq: b9a534c2e1f002565554f073c52191c5e601d7e5e7c7e
05.02.2020 07:42:33: _token_by_uid: j2f85158f3547423f3f6c8e
05.02.2020 07:42:33: _uid_by_token: e436018725c32327c22697753022e40
05.02.2020 07:42:33: _server_setTokenR: i7f2a745e6d1e4e1e6557
05.02.2020 07:42:33: _YourPlayerToken: o4214450d6c6092727e843e4c4e5e72394755009d374743
05.02.2020 07:42:33: _TokenCT: u12451e824f5d6d7e525825578e428a593215853858
05.02.2020 07:42:34: _AH_MAIN_BLOCK: s7c077e8f527a22657c1e2f5a50637735207c686e52058c784c44026d
05.02.2020 07:42:34: _AHKickOFF: x3563072d62242c27422c5f647e7a8c021e5e8990452085
05.02.2020 07:42:34: _AHKickLog: u594e1c5d8d6c8c0e295f707275108c7e0277
05.02.2020 07:42:34: _clientdo: p70471e650e583c75357239537f53522f2d338e33255f932f
05.02.2020 07:42:34: _AH_RunCheckENDVAR: d721252879c973c1f9e883a856e25791f8c
05.02.2020 07:42:34: _AH_RunCheckENDVAR_THREAD: v37778e17757c953e1d436e12451e991d128275
05.02.2020 07:42:34: _AH_HackLogArrayRND: v352902670e87697c056264474338
05.02.2020 07:42:34: _AH_SurvLogArrayRND: y282599408a5524888e65
05.02.2020 07:42:34: _AH_AdmiLogArrayRND: h1e4d252f48252c2a3412
05.02.2020 07:42:34: _TMPBAN: l15524e9725333d6d02751c4e9567249e799f8f4c951465
05.02.2020 07:42:34: _massMessage: y3e4d224550654575174e
05.02.2020 07:42:34: _massSysMessage: d7e7d3e3c324707454d1547596f07734959
05.02.2020 07:42:34: _AHpos: q736c522e250d949d7c4765622f19691527
05.02.2020 07:42:34: _ninetwo: k6d3f458c18790a79722e
05.02.2020 07:42:34: _ninetwothread: i8a136c84291737821f55427a5f3a256e2244823f
05.02.2020 07:42:34: _adminsA: s7847175e87278c5e195f
05.02.2020 07:42:34: _MC: n4575635e3e5c32625f652c1e525d6e75376a647a25537f354542
05.02.2020 07:42:34: _MCS: y123e8e3865634257895e
05.02.2020 07:42:34: _checkidicheckcheck: l14452553848435793d243c240e974c772515
05.02.2020 07:42:34: _lastshotmade: d106274052718083490820f12732f303300623f7e3c756e1c1535
05.02.2020 07:42:34: <infiSTAR.de> _fnc_RandomGen: {
_fnc_actualGen = {
_abc = ['z','y','x','w','v','u','t','s','r','q','p','o','n','m','l','k','j','i','h','g','f','e','d','c','b','a'];
_gen = _abc select (random ((count _abc)-1));
_arr = ['a','5','c','4','d','f','c','e','5','2','2','0','d','e','7','f','9','5','7','8','e','9','a','5','c','3','2','7','e','2','3'];
_randmax = {((round(random _randminval)) + (round(random _randmaxval))) max _randminval};
for '_i' from 0 to (call _randmax)do
{
_gen = _gen + str(round(random 9)) + (_arr select (random ((count _arr)-1)));
};
};
_gen = '';
while{_gen=='' || _gen in _allRandomGenVars}do{
call _fnc_actualGen;
};
_allRandomGenVars pushBack _gen;
_gen
}
05.02.2020 07:42:34: ----START-LINE----   (12-01-2020 22-45-36 - v0260)
05.02.2020 07:42:34: _adminbox: d4d5c644f7e820c1f2e6089
05.02.2020 07:42:34: _fnc_mpPackets: u48456237272569551e5f
05.02.2020 07:42:34: _FNC_AH_KICKLOG: m27451c5855372f7c2d2d159c59095c155f6e4c6c523e374c9f5e757517
05.02.2020 07:42:34: _FNC_AH_KICKLOGSPAWN: v47154e5c3e8e4c145c6a
05.02.2020 07:42:34: _FNC_PVAH_AdminReq: b9a534c2e1f002565554f073c52191c5e601d7e5e7c7e
05.02.2020 07:42:34: _token_by_uid: j2f85158f3547423f3f6c8e
05.02.2020 07:42:34: _uid_by_token: e436018725c32327c22697753022e40
05.02.2020 07:42:34: _server_setTokenR: i7f2a745e6d1e4e1e6557
05.02.2020 07:42:34: _YourPlayerToken: o4214450d6c6092727e843e4c4e5e72394755009d374743
05.02.2020 07:42:34: _TokenCT: u12451e824f5d6d7e525825578e428a593215853858
05.02.2020 07:42:34: _AH_MAIN_BLOCK: s7c077e8f527a22657c1e2f5a50637735207c686e52058c784c44026d
05.02.2020 07:42:34: _AHKickOFF: x3563072d62242c27422c5f647e7a8c021e5e8990452085
05.02.2020 07:42:34: _AHKickLog: u594e1c5d8d6c8c0e295f707275108c7e0277
05.02.2020 07:42:34: _clientdo: p70471e650e583c75357239537f53522f2d338e33255f932f
05.02.2020 07:42:34: _AH_RunCheckENDVAR: d721252879c973c1f9e883a856e25791f8c
05.02.2020 07:42:34: _AH_RunCheckENDVAR_THREAD: v37778e17757c953e1d436e12451e991d128275
05.02.2020 07:42:34: _AH_HackLogArrayRND: v352902670e87697c056264474338
05.02.2020 07:42:34: _AH_SurvLogArrayRND: y282599408a5524888e65
05.02.2020 07:42:34: _AH_AdmiLogArrayRND: h1e4d252f48252c2a3412
05.02.2020 07:42:34: _TMPBAN: l15524e9725333d6d02751c4e9567249e799f8f4c951465
05.02.2020 07:42:34: _massMessage: y3e4d224550654575174e
05.02.2020 07:42:34: _massSysMessage: d7e7d3e3c324707454d1547596f07734959
05.02.2020 07:42:34: _AHpos: q736c522e250d949d7c4765622f19691527
05.02.2020 07:42:34: _ninetwo: k6d3f458c18790a79722e
05.02.2020 07:42:34: _ninetwothread: i8a136c84291737821f55427a5f3a256e2244823f
05.02.2020 07:42:34: _adminsA: s7847175e87278c5e195f
05.02.2020 07:42:34: _MC: n4575635e3e5c32625f652c1e525d6e75376a647a25537f354542
05.02.2020 07:42:34: _MCS: y123e8e3865634257895e
05.02.2020 07:42:34: _checkidicheckcheck: l14452553848435793d243c240e974c772515
05.02.2020 07:42:34: _lastshotmade: d106274052718083490820f12732f303300623f7e3c756e1c1535
05.02.2020 07:42:34: _dellocveh: x65972e8e225e804287134f6217132f6215723e88452e4e
05.02.2020 07:42:34: _inCombatTime: w4e0c8c125465796c654f
05.02.2020 07:42:34: _inCombatArray: x85321575058a724d3510
05.02.2020 07:42:34: _fnc_infiKeyHandler: m8572724f7228907e595d428e053e65932e157c
05.02.2020 07:42:34: _vehicle_needs_check: a755f0f44156232898718434c1275828e2a4c5d270d
05.02.2020 07:42:34: _MAKE_VAR_DUMP_RANDOM: o2a0585824e25355715781e3a8e585f575e6c2e3222578d
05.02.2020 07:42:34: _MAKE_VAR_DUMP_CLIENT: l23747005521507957c0f851e
05.02.2020 07:42:34: _DUMPINGPLAYERUIDARRAY: n69758227222d8525178472540f5e252745648c
05.02.2020 07:42:34: _CURRENTLYDUMPING: t5a393a3e3f4c1d67335a628f1d8d677520
05.02.2020 07:42:34: _antiantihack_rndvar: o5f1534375d2c1a471d82256e2303186d8d6d8e67751378
05.02.2020 07:42:34: _name_by_uid: j244e7e7574685c6f3d2e3d1528222775455d7a228e423324
05.02.2020 07:42:34: _owner_by_uid: t022965177a8215109c5722042e4a3a1504452c228d
05.02.2020 07:42:34: _customcommandingMenu: u73395e395e785e37852e197397
05.02.2020 07:42:34: _customcommandingMenuOpen: d7f32472e6e7d751837875e6c17627c1233
05.02.2020 07:42:34: _AH_KICKLOG: PVAHR_5p8l4u6e3j
05.02.2020 07:42:34: ----END-LINE----   (12-01-2020 22-45-36 - v0260)
05.02.2020 07:58:44: <infiSTAR.de> _fnc_RandomGen: {
_fnc_actualGen = {
_abc = ['z','y','x','w','v','u','t','s','r','q','p','o','n','m','l','k','j','i','h','g','f','e','d','c','b','a'];
_gen = _abc select (random ((count _abc)-1));
_arr = ['a','5','c','4','d','f','c','e','5','2','2','0','d','e','7','f','9','5','7','8','e','9','a','5','c','3','2','7','e','2','3'];
_randmax = {((round(random _randminval)) + (round(random _randmaxval))) max _randminval};
for '_i' from 0 to (call _randmax)do
{
_gen = _gen + str(round(random 9)) + (_arr select (random ((count _arr)-1)));
};
};
_gen = '';
while{_gen=='' || _gen in _allRandomGenVars}do{
call _fnc_actualGen;
};
_allRandomGenVars pushBack _gen;
_gen
}
05.02.2020 07:58:44: ----START-LINE----   (12-01-2020 22-45-36 - v0260)
05.02.2020 07:58:44: _adminbox: q6c85656d6c4559994f3f622449723a75741227473352391485
05.02.2020 07:58:44: _fnc_mpPackets: e1c8f8d474f8e3f905a45
05.02.2020 07:58:44: _FNC_AH_KICKLOG: m678e48247c8714620822251318235e8c4f59291c3785
05.02.2020 07:58:44: _FNC_AH_KICKLOGSPAWN: u0f6e535c403f828e1255
05.02.2020 07:58:44: _FNC_PVAH_AdminReq: p484c8d25127c8c5207731e9275691c42251e
05.02.2020 07:58:44: _token_by_uid: n6a056f45890c24341819
05.02.2020 07:58:44: _uid_by_token: m62721d9c2e2f95878f603d9e582d8d95
05.02.2020 07:58:44: _server_setTokenR: k9e8e3f446e8e1800475c29141d24751e
05.02.2020 07:58:44: _YourPlayerToken: y5e3292481f651d548a6c
05.02.2020 07:58:44: _TokenCT: z2e4d993e6a1765691e92
05.02.2020 07:58:44: _AH_MAIN_BLOCK: w92750c9e52722e8e9220
05.02.2020 07:58:44: _AHKickOFF: o254d8f6c02028c9f9c672d1f7f546232
05.02.2020 07:58:44: _AHKickLog: k3d645d1d79391d55177e39644c62356399
05.02.2020 07:58:44: _clientdo: e1a63777c98524d7c4c7f387e29436328591c5c2255
05.02.2020 07:58:44: _AH_RunCheckENDVAR: n0e8a8515879092755254
05.02.2020 07:58:44: _AH_RunCheckENDVAR_THREAD: e1c80593e5c2e3e6d3775
05.02.2020 07:58:44: _AH_HackLogArrayRND: b585f42137c4f1a822225797d256e287a4c524a6413
05.02.2020 07:58:44: _AH_SurvLogArrayRND: x4f0f454e4242787f4413278f4d75476542
05.02.2020 07:58:44: _AH_AdmiLogArrayRND: b4e437c4f42227c3534497f1e221c5d83727a12
05.02.2020 07:58:44: _TMPBAN: x5e8712826f057f7e3595158d136a4272
05.02.2020 07:58:44: _massMessage: b8a037380695a65221954251a6e6e5a259e15395f0c5944852a
05.02.2020 07:58:44: _massSysMessage: w9e356c2d374a24751a777562
05.02.2020 07:58:44: _AHpos: i851273238d0c741d6d3a370e837867
05.02.2020 07:58:44: _ninetwo: l9c620287192c85378e5c00472e50134f8e722c5e03
05.02.2020 07:58:44: _ninetwothread: p3e8e627a0c72376c0533
05.02.2020 07:58:44: _adminsA: e28938f5257186515290d2f27525c051c
05.02.2020 07:58:44: _MC: j3597528e722c923c997759792c85899e
05.02.2020 07:58:44: _MCS: k42177265548f3e47526762753f3d22
05.02.2020 07:58:44: _checkidicheckcheck: p573a373d529563524d42481c1c8e3235599e178527634380
05.02.2020 07:58:44: _lastshotmade: l175e0f7e5f5545352e727a187d
05.02.2020 07:58:44: <infiSTAR.de> _fnc_RandomGen: {
_fnc_actualGen = {
_abc = ['z','y','x','w','v','u','t','s','r','q','p','o','n','m','l','k','j','i','h','g','f','e','d','c','b','a'];
_gen = _abc select (random ((count _abc)-1));
_arr = ['a','5','c','4','d','f','c','e','5','2','2','0','d','e','7','f','9','5','7','8','e','9','a','5','c','3','2','7','e','2','3'];
_randmax = {((round(random _randminval)) + (round(random _randmaxval))) max _randminval};
for '_i' from 0 to (call _randmax)do
{
_gen = _gen + str(round(random 9)) + (_arr select (random ((count _arr)-1)));
};
};
_gen = '';
while{_gen=='' || _gen in _allRandomGenVars}do{
call _fnc_actualGen;
};
_allRandomGenVars pushBack _gen;
_gen
}
05.02.2020 07:58:44: ----START-LINE----   (12-01-2020 22-45-36 - v0260)
05.02.2020 07:58:44: _adminbox: q6c85656d6c4559994f3f622449723a75741227473352391485
05.02.2020 07:58:44: _fnc_mpPackets: e1c8f8d474f8e3f905a45
05.02.2020 07:58:44: _FNC_AH_KICKLOG: m678e48247c8714620822251318235e8c4f59291c3785
05.02.2020 07:58:44: _FNC_AH_KICKLOGSPAWN: u0f6e535c403f828e1255
05.02.2020 07:58:44: _FNC_PVAH_AdminReq: p484c8d25127c8c5207731e9275691c42251e
05.02.2020 07:58:44: _token_by_uid: n6a056f45890c24341819
05.02.2020 07:58:44: _uid_by_token: m62721d9c2e2f95878f603d9e582d8d95
05.02.2020 07:58:44: _server_setTokenR: k9e8e3f446e8e1800475c29141d24751e
05.02.2020 07:58:44: _YourPlayerToken: y5e3292481f651d548a6c
05.02.2020 07:58:44: _TokenCT: z2e4d993e6a1765691e92
05.02.2020 07:58:44: _AH_MAIN_BLOCK: w92750c9e52722e8e9220
05.02.2020 07:58:44: _AHKickOFF: o254d8f6c02028c9f9c672d1f7f546232
05.02.2020 07:58:44: _AHKickLog: k3d645d1d79391d55177e39644c62356399
05.02.2020 07:58:44: _clientdo: e1a63777c98524d7c4c7f387e29436328591c5c2255
05.02.2020 07:58:44: _AH_RunCheckENDVAR: n0e8a8515879092755254
05.02.2020 07:58:44: _AH_RunCheckENDVAR_THREAD: e1c80593e5c2e3e6d3775
05.02.2020 07:58:44: _AH_HackLogArrayRND: b585f42137c4f1a822225797d256e287a4c524a6413
05.02.2020 07:58:44: _AH_SurvLogArrayRND: x4f0f454e4242787f4413278f4d75476542
05.02.2020 07:58:44: _AH_AdmiLogArrayRND: b4e437c4f42227c3534497f1e221c5d83727a12
05.02.2020 07:58:44: _TMPBAN: x5e8712826f057f7e3595158d136a4272
05.02.2020 07:58:44: _massMessage: b8a037380695a65221954251a6e6e5a259e15395f0c5944852a
05.02.2020 07:58:44: _massSysMessage: w9e356c2d374a24751a777562
05.02.2020 07:58:44: _AHpos: i851273238d0c741d6d3a370e837867
05.02.2020 07:58:44: _ninetwo: l9c620287192c85378e5c00472e50134f8e722c5e03
05.02.2020 07:58:44: _ninetwothread: p3e8e627a0c72376c0533
05.02.2020 07:58:44: _adminsA: e28938f5257186515290d2f27525c051c
05.02.2020 07:58:44: _MC: j3597528e722c923c997759792c85899e
05.02.2020 07:58:44: _MCS: k42177265548f3e47526762753f3d22
05.02.2020 07:58:44: _checkidicheckcheck: p573a373d529563524d42481c1c8e3235599e178527634380
05.02.2020 07:58:44: _lastshotmade: l175e0f7e5f5545352e727a187d
05.02.2020 07:58:44: _dellocveh: h64676900653283024d671557175d1c193e
05.02.2020 07:58:44: _inCombatTime: e55298e254065451e475f35345d
05.02.2020 07:58:44: _inCombatArray: z0d1a426e8268801f8e8e9214
05.02.2020 07:58:44: _fnc_infiKeyHandler: c2d2c79221a5c32770e84
05.02.2020 07:58:44: _vehicle_needs_check: a6e340e303d0d6207520554626e953f4a45832e922c1f32
05.02.2020 07:58:44: _MAKE_VAR_DUMP_RANDOM: m4c1d95828f2d3c1d13237c6c7c939e642f373c9d55
05.02.2020 07:58:44: _MAKE_VAR_DUMP_CLIENT: x555c698a72851c32470c1d
05.02.2020 07:58:44: _DUMPINGPLAYERUIDARRAY: r7c87193213594e3a374d
05.02.2020 07:58:44: _CURRENTLYDUMPING: c65524e922e091a098c1f9a975d4e2c3f4e7215172e773f
05.02.2020 07:58:44: _antiantihack_rndvar: u799c774d9c4c8f356a5a74487c6777781352
05.02.2020 07:58:44: _name_by_uid: t495d2c8717675d6c352e25631c97158e133f
05.02.2020 07:58:44: _owner_by_uid: t2e15536d3255775e17791e378a1a
05.02.2020 07:58:44: _customcommandingMenu: i1c42325e20200e886e145c3c0c6755
05.02.2020 07:58:45: _customcommandingMenuOpen: b7d297e8727720f6f1a7068593095256e143862376d7f2a84
05.02.2020 07:58:45: _AH_KICKLOG: PVAHR_7t7g8x2d6k7x6d2u
05.02.2020 07:58:45: ----END-LINE----   (12-01-2020 22-45-36 - v0260)
05.02.2020 08:09:23: <infiSTAR.de> _fnc_RandomGen: {
_fnc_actualGen = {
_abc = ['z','y','x','w','v','u','t','s','r','q','p','o','n','m','l','k','j','i','h','g','f','e','d','c','b','a'];
_gen = _abc select (random ((count _abc)-1));
_arr = ['a','5','c','4','d','f','c','e','5','2','2','0','d','e','7','f','9','5','7','8','e','9','a','5','c','3','2','7','e','2','3'];
_randmax = {((round(random _randminval)) + (round(random _randmaxval))) max _randminval};
for '_i' from 0 to (call _randmax)do
{
_gen = _gen + str(round(random 9)) + (_arr select (random ((count _arr)-1)));
};
};
_gen = '';
while{_gen=='' || _gen in _allRandomGenVars}do{
call _fnc_actualGen;
};
_allRandomGenVars pushBack _gen;
_gen
}
05.02.2020 08:09:23: ----START-LINE----   (12-01-2020 22-45-36 - v0260)
05.02.2020 08:09:23: _adminbox: n4e853e6595482e95127d
05.02.2020 08:09:23: _fnc_mpPackets: k775f7d1d5c121c7c5d82301c58
05.02.2020 08:09:23: _FNC_AH_KICKLOG: e679a694e1c2020882f5e2d4982438e333a3210253545555278
05.02.2020 08:09:23: _FNC_AH_KICKLOGSPAWN: e626373589c5d0c4d9f4217225d7d0c590c278319541f8c3e
05.02.2020 08:09:23: _FNC_PVAH_AdminReq: j12732f3e5d63342d697f922e87
05.02.2020 08:09:23: _token_by_uid: w7e575c907a82252e9549
05.02.2020 08:09:23: _uid_by_token: i558f1225527e8d254e98024d33250a654875621d6f2d752c6c530255
05.02.2020 08:09:23: _server_setTokenR: s1c976a75654a9542724e3f4d4e627c75023947475c
05.02.2020 08:09:23: _YourPlayerToken: k74423a094e6210796e37575e233c778288655262870e5c
05.02.2020 08:09:23: _TokenCT: v350c7e155d2265678c2525
05.02.2020 08:09:23: _AH_MAIN_BLOCK: o086e3e827012986717197438154232423a6f23855f7232775a27282582
05.02.2020 08:09:23: _AHKickOFF: t451e3e75192500252784382934124f887f6f
05.02.2020 08:09:23: _AHKickLog: e227719223525755c57099e873e7f2282235c4c428c4e756a5a
05.02.2020 08:09:23: _clientdo: y271d224285783e3e528d67635e833d926c6e074d755c872e253c
05.02.2020 08:09:23: _AH_RunCheckENDVAR: t78227d43424f951d037c
05.02.2020 08:09:23: _AH_RunCheckENDVAR_THREAD: x2c42927e253e457e4c7c
05.02.2020 08:09:23: _AH_HackLogArrayRND: b6a67856c6e894f358e6c
05.02.2020 08:09:23: _AH_SurvLogArrayRND: k1222352a4a026447506c4d5c30
05.02.2020 08:09:23: _AH_AdmiLogArrayRND: v705e5a5d2232656d8e7f2e9a5e8c2e0e75
05.02.2020 08:09:23: _TMPBAN: l1f30794c4c9d778e127e179d347f491e825a155e8c1c952225823f2c
05.02.2020 08:09:23: _massMessage: h35452234178e5c395c32
05.02.2020 08:09:23: _massSysMessage: p73550c2d7e157e174c12257f920d4527
05.02.2020 08:09:23: _AHpos: i8c7e259535059e2d9c528085098c7e0235957c6d256c55224c2c
05.02.2020 08:09:23: _ninetwo: d474e29023e2a0f7e243c106e
05.02.2020 08:09:23: _ninetwothread: l2e4d1e27123392632e2203225705
05.02.2020 08:09:23: _adminsA: f58250e651f8225226512
05.02.2020 08:09:23: _MC: h25649285248e1365736222427f670e89
05.02.2020 08:09:23: _MCS: a75492780773922123c15858d8e83191737
05.02.2020 08:09:23: _checkidicheckcheck: u1c5d54298e7c67357f5e125d9c7e95326d
05.02.2020 08:09:24: _lastshotmade: v7d595a4c82977c434f6564354e1a2c44
05.02.2020 08:09:24: _dellocveh: b3c046a18897429684d58474c5a257c3e851e
05.02.2020 08:09:24: _inCombatTime: x649f4c1f7753357e8e7e600545693f2e
05.02.2020 08:09:24: _inCombatArray: a75202e8c5c7e49423547889e8765895d553d69175c
05.02.2020 08:09:24: _fnc_infiKeyHandler: g6d82853c7c933414702f
05.02.2020 08:09:24: _FNC_AH_KICKLOG: e679a694e1c2020882f5e2d4982438e333a3210253545555278
05.02.2020 08:09:24: _FNC_AH_KICKLOGSPAWN: e626373589c5d0c4d9f4217225d7d0c590c278319541f8c3e
05.02.2020 08:09:24: _FNC_PVAH_AdminReq: j12732f3e5d63342d697f922e87
05.02.2020 08:09:24: _token_by_uid: w7e575c907a82252e9549
05.02.2020 08:09:24: _uid_by_token: i558f1225527e8d254e98024d33250a654875621d6f2d752c6c530255
05.02.2020 08:09:24: _server_setTokenR: s1c976a75654a9542724e3f4d4e627c75023947475c
05.02.2020 08:09:24: _YourPlayerToken: k74423a094e6210796e37575e233c778288655262870e5c
05.02.2020 08:09:24: _TokenCT: v350c7e155d2265678c2525
05.02.2020 08:09:24: _AH_MAIN_BLOCK: o086e3e827012986717197438154232423a6f23855f7232775a27282582
05.02.2020 08:09:24: _AHKickOFF: t451e3e75192500252784382934124f887f6f
05.02.2020 08:09:24: _AHKickLog: e227719223525755c57099e873e7f2282235c4c428c4e756a5a
05.02.2020 08:09:24: _clientdo: y271d224285783e3e528d67635e833d926c6e074d755c872e253c
05.02.2020 08:09:24: _AH_RunCheckENDVAR: t78227d43424f951d037c
05.02.2020 08:09:24: _AH_RunCheckENDVAR_THREAD: x2c42927e253e457e4c7c
05.02.2020 08:09:24: _AH_HackLogArrayRND: b6a67856c6e894f358e6c
05.02.2020 08:09:24: _AH_SurvLogArrayRND: k1222352a4a026447506c4d5c30
05.02.2020 08:09:24: _AH_AdmiLogArrayRND: v705e5a5d2232656d8e7f2e9a5e8c2e0e75
05.02.2020 08:09:24: _TMPBAN: l1f30794c4c9d778e127e179d347f491e825a155e8c1c952225823f2c
05.02.2020 08:09:24: _massMessage: h35452234178e5c395c32
05.02.2020 08:09:24: _massSysMessage: p73550c2d7e157e174c12257f920d4527
05.02.2020 08:09:24: _AHpos: i8c7e259535059e2d9c528085098c7e0235957c6d256c55224c2c
05.02.2020 08:09:24: _ninetwo: d474e29023e2a0f7e243c106e
05.02.2020 08:09:24: _ninetwothread: l2e4d1e27123392632e2203225705
05.02.2020 08:09:24: _adminsA: f58250e651f8225226512
05.02.2020 08:09:24: _MC: h25649285248e1365736222427f670e89
05.02.2020 08:09:24: _MCS: a75492780773922123c15858d8e83191737
05.02.2020 08:09:24: _checkidicheckcheck: u1c5d54298e7c67357f5e125d9c7e95326d
05.02.2020 08:09:24: _lastshotmade: v7d595a4c82977c434f6564354e1a2c44
05.02.2020 08:09:24: _dellocveh: b3c046a18897429684d58474c5a257c3e851e
05.02.2020 08:09:24: _inCombatTime: x649f4c1f7753357e8e7e600545693f2e
05.02.2020 08:09:24: _inCombatArray: a75202e8c5c7e49423547889e8765895d553d69175c
05.02.2020 08:09:24: _fnc_infiKeyHandler: g6d82853c7c933414702f
05.02.2020 08:09:24: _vehicle_needs_check: m20749417353f5c1a17475d4777596e14657e
05.02.2020 08:09:24: _MAKE_VAR_DUMP_RANDOM: o4e5560504825299779848d4c1587453e9e2f6a32089777785f
05.02.2020 08:09:24: _MAKE_VAR_DUMP_CLIENT: o751e17630d6882451a9709477567
05.02.2020 08:09:24: _DUMPINGPLAYERUIDARRAY: u42194c755d8c2c45033a
05.02.2020 08:09:24: _CURRENTLYDUMPING: l4c3c8e253259626e7e1e2d9480121f722c9e8f59022555
05.02.2020 08:09:24: _antiantihack_rndvar: d5e5c751f3c87625042928c1c44374c25221c8c485c223e
05.02.2020 08:09:24: _name_by_uid: k6d423064941d623d8540
05.02.2020 08:09:24: _owner_by_uid: w1f752e5e453935252e8e4c5e1d4e6e1d8e2c
05.02.2020 08:09:24: _customcommandingMenu: j7e9d60427c8e726e477267
05.02.2020 08:09:24: _customcommandingMenuOpen: r6545502c221e69195f4d357e1f4f0e
05.02.2020 08:09:24: _AH_KICKLOG: PVAHR_5f7s7e7m7g6d3s
05.02.2020 08:09:24: ----END-LINE----   (12-01-2020 22-45-36 - v0260)
05.02.2020 08:31:31: <infiSTAR.de> _fnc_RandomGen: {
_fnc_actualGen = {
_abc = ['z','y','x','w','v','u','t','s','r','q','p','o','n','m','l','k','j','i','h','g','f','e','d','c','b','a'];
_gen = _abc select (random ((count _abc)-1));
_arr = ['a','5','c','4','d','f','c','e','5','2','2','0','d','e','7','f','9','5','7','8','e','9','a','5','c','3','2','7','e','2','3'];
_randmax = {((round(random _randminval)) + (round(random _randmaxval))) max _randminval};
for '_i' from 0 to (call _randmax)do
{
_gen = _gen + str(round(random 9)) + (_arr select (random ((count _arr)-1)));
};
};
_gen = '';
while{_gen=='' || _gen in _allRandomGenVars}do{
call _fnc_actualGen;
};
_allRandomGenVars pushBack _gen;
_gen
}
05.02.2020 08:31:31: ----START-LINE----   (12-01-2020 22-45-36 - v0260)
05.02.2020 08:31:31: _adminbox: e5a475c335f746229449e
05.02.2020 08:31:31: _fnc_mpPackets: q17533d95779e6c3a8e897e87372a1a657e53571f626e94124293
05.02.2020 08:31:31: _FNC_AH_KICKLOG: b8d0765527c827744373218
05.02.2020 08:31:31: _FNC_AH_KICKLOGSPAWN: y55428f295d4e1e299d0d228855221e6f9453757f
05.02.2020 08:31:31: _FNC_PVAH_AdminReq: h3c3e8e5e024c427d7f5275
05.02.2020 08:31:32: _token_by_uid: h8527370a3d12772f3589624f257d
05.02.2020 08:31:32: _uid_by_token: k72092f250e47421a4e729a62
05.02.2020 08:31:32: _server_setTokenR: j205997141a72600e2a29097c1e8f991092236d4e8e3e0e
05.02.2020 08:31:32: _YourPlayerToken: w921d7e181e2e9a653e8d
05.02.2020 08:31:32: _TokenCT: j5f555789526f3448185c85652e2f898f9a48458a
05.02.2020 08:31:32: _AH_MAIN_BLOCK: a1892474e7557470c4a6557378d80235c4c478c2a6a
05.02.2020 08:31:32: _AHKickOFF: t274c8c658e6c186e0272384e6f67283e52
05.02.2020 08:31:32: _AHKickLog: o725e6547754285022537752e196202003d
05.02.2020 08:31:32: _clientdo: q227e7f127a833c63259258278e9e2278
05.02.2020 08:31:32: _AH_RunCheckENDVAR: d5e2813850272872c278a7f426d79
05.02.2020 08:31:32: _AH_RunCheckENDVAR_THREAD: t15456a591d85258a5510
05.02.2020 08:31:32: _AH_HackLogArrayRND: p270e827e2565634062328d384f452e293e3d1262521f7520
05.02.2020 08:31:32: _AH_SurvLogArrayRND: k5f737273477e8e7e3a6a425e78198f928e457e
05.02.2020 08:31:32: _AH_AdmiLogArrayRND: w6c5f3c625582225c9e027e8d3f9513457e4d8d0c0a9267
05.02.2020 08:31:32: _TMPBAN: r098255377f5e2c45228e
05.02.2020 08:31:32: _massMessage: h0f133a225d97358a136e293977
05.02.2020 08:31:32: _massSysMessage: g65856e3545125737177f49652e151e3975932c47196e389e725c52
05.02.2020 08:31:32: _AHpos: y6525250e255d6e82671259258c675a5d0f28142542633e12
05.02.2020 08:31:32: _ninetwo: l42399f327e5762251e7d
05.02.2020 08:31:32: _ninetwothread: l399d6290351275724017058a32877d079e42
05.02.2020 08:31:32: _adminsA: p222d378505456f95852760327c5d0d3e6d28
05.02.2020 08:31:32: _MC: j427e99773d624d1d6e476e752585903e050a
05.02.2020 08:31:32: _MCS: n351e8e5e850d4f155a5d
05.02.2020 08:31:32: _checkidicheckcheck: a8c7d6e5e1e1a2c8e7d424787773f621c526038291217
05.02.2020 08:31:32: _lastshotmade: h85892c88875a8227531c5f
05.02.2020 08:31:32: <infiSTAR.de> _fnc_RandomGen: {
_fnc_actualGen = {
_abc = ['z','y','x','w','v','u','t','s','r','q','p','o','n','m','l','k','j','i','h','g','f','e','d','c','b','a'];
_gen = _abc select (random ((count _abc)-1));
_arr = ['a','5','c','4','d','f','c','e','5','2','2','0','d','e','7','f','9','5','7','8','e','9','a','5','c','3','2','7','e','2','3'];
_randmax = {((round(random _randminval)) + (round(random _randmaxval))) max _randminval};
for '_i' from 0 to (call _randmax)do
{
_gen = _gen + str(round(random 9)) + (_arr select (random ((count _arr)-1)));
};
};
_gen = '';
while{_gen=='' || _gen in _allRandomGenVars}do{
call _fnc_actualGen;
};
_allRandomGenVars pushBack _gen;
_gen
}
05.02.2020 08:31:32: ----START-LINE----   (12-01-2020 22-45-36 - v0260)
05.02.2020 08:31:32: _adminbox: e5a475c335f746229449e
05.02.2020 08:31:32: _fnc_mpPackets: q17533d95779e6c3a8e897e87372a1a657e53571f626e94124293
05.02.2020 08:31:32: _FNC_AH_KICKLOG: b8d0765527c827744373218
05.02.2020 08:31:32: _FNC_AH_KICKLOGSPAWN: y55428f295d4e1e299d0d228855221e6f9453757f
05.02.2020 08:31:32: _FNC_PVAH_AdminReq: h3c3e8e5e024c427d7f5275
05.02.2020 08:31:32: _token_by_uid: h8527370a3d12772f3589624f257d
05.02.2020 08:31:32: _uid_by_token: k72092f250e47421a4e729a62
05.02.2020 08:31:32: _server_setTokenR: j205997141a72600e2a29097c1e8f991092236d4e8e3e0e
05.02.2020 08:31:32: _YourPlayerToken: w921d7e181e2e9a653e8d
05.02.2020 08:31:32: _TokenCT: j5f555789526f3448185c85652e2f898f9a48458a
05.02.2020 08:31:32: _AH_MAIN_BLOCK: a1892474e7557470c4a6557378d80235c4c478c2a6a
05.02.2020 08:31:32: _AHKickOFF: t274c8c658e6c186e0272384e6f67283e52
05.02.2020 08:31:32: _AHKickLog: o725e6547754285022537752e196202003d
05.02.2020 08:31:32: _clientdo: q227e7f127a833c63259258278e9e2278
05.02.2020 08:31:32: _AH_RunCheckENDVAR: d5e2813850272872c278a7f426d79
05.02.2020 08:31:32: _AH_RunCheckENDVAR_THREAD: t15456a591d85258a5510
05.02.2020 08:31:32: _AH_HackLogArrayRND: p270e827e2565634062328d384f452e293e3d1262521f7520
05.02.2020 08:31:32: _AH_SurvLogArrayRND: k5f737273477e8e7e3a6a425e78198f928e457e
05.02.2020 08:31:32: _AH_AdmiLogArrayRND: w6c5f3c625582225c9e027e8d3f9513457e4d8d0c0a9267
05.02.2020 08:31:32: _TMPBAN: r098255377f5e2c45228e
05.02.2020 08:31:32: _massMessage: h0f133a225d97358a136e293977
05.02.2020 08:31:32: _massSysMessage: g65856e3545125737177f49652e151e3975932c47196e389e725c52
05.02.2020 08:31:32: _AHpos: y6525250e255d6e82671259258c675a5d0f28142542633e12
05.02.2020 08:31:32: _ninetwo: l42399f327e5762251e7d
05.02.2020 08:31:32: _ninetwothread: l399d6290351275724017058a32877d079e42
05.02.2020 08:31:32: _adminsA: p222d378505456f95852760327c5d0d3e6d28
05.02.2020 08:31:32: _MC: j427e99773d624d1d6e476e752585903e050a
05.02.2020 08:31:32: _MCS: n351e8e5e850d4f155a5d
05.02.2020 08:31:32: _checkidicheckcheck: a8c7d6e5e1e1a2c8e7d424787773f621c526038291217
05.02.2020 08:31:32: _lastshotmade: h85892c88875a8227531c5f
05.02.2020 08:31:32: _dellocveh: q8e128e025427794055393c787d9e99153947157345657555
05.02.2020 08:31:32: _inCombatTime: k8775358d7e9c02973e6a553c3e3e7785626f8c18
05.02.2020 08:31:32: _inCombatArray: u4e8e3c5c1c3e9d2c5515
05.02.2020 08:31:32: _fnc_infiKeyHandler: a64337a42652f6e3a2e1f32132c13
05.02.2020 08:31:32: _vehicle_needs_check: l6f22885d1c7c32596c5e799705527947781e
05.02.2020 08:31:32: _MAKE_VAR_DUMP_RANDOM: u8852392f5c73301a653c
05.02.2020 08:31:32: _MAKE_VAR_DUMP_CLIENT: u62644e9a5f45236f301e8c2f6c27122c8563
05.02.2020 08:31:32: _DUMPINGPLAYERUIDARRAY: a77673e5a4c554e683c773f353c4734258e7c7f
05.02.2020 08:31:32: _CURRENTLYDUMPING: h59385c2d5a4a27125283
05.02.2020 08:31:32: _antiantihack_rndvar: q7e9e1e0f2a55799e8753152f8e1a79398e75535e1e051013
05.02.2020 08:31:32: _name_by_uid: b785e9d847243693e8d65
05.02.2020 08:31:32: _owner_by_uid: f10775e373a2322125f1c2535892c52152d
05.02.2020 08:31:32: _customcommandingMenu: j357d501262188d9c2c534d
05.02.2020 08:31:32: _customcommandingMenuOpen: t8e4a1f23603e5f1847629c6a807c37252e175052887c62
05.02.2020 08:31:32: _AH_KICKLOG: PVAHR_5e8r5n2h1d4e
05.02.2020 08:31:32: ----END-LINE----   (12-01-2020 22-45-36 - v0260)
