24.02.2020 06:32:33: <infiSTAR.de> _fnc_RandomGen: {
_fnc_actualGen = {
_abc = ['z','y','x','w','v','u','t','s','r','q','p','o','n','m','l','k','j','i','h','g','f','e','d','c','b','a'];
_gen = _abc select (random ((count _abc)-1));
_arr = ['a','5','c','4','d','f','c','e','5','2','2','0','d','e','7','f','9','5','7','8','e','9','a','5','c','3','2','7','e','2','3'];
_randmax = {((round(random _randminval)) + (round(random _randmaxval))) max _randminval};
for '_i' from 0 to (call _randmax)do
{
_gen = _gen + str(round(random 9)) + (_arr select (random ((count _arr)-1)));
};
};
_gen = '';
while{_gen=='' || _gen in _allRandomGenVars}do{
call _fnc_actualGen;
};
_allRandomGenVars pushBack _gen;
_gen
}
24.02.2020 06:32:33: ----START-LINE----   (12-01-2020 22-45-36 - v0260)
24.02.2020 06:32:33: _adminbox: b88972e755e1e3f90528742035e4359372e
24.02.2020 06:32:33: _fnc_mpPackets: e3a6c656d5c6f529a8532978c5777484e8e5e
24.02.2020 06:32:33: _FNC_AH_KICKLOG: x02720f8a522812537267
24.02.2020 06:32:33: _FNC_AH_KICKLOGSPAWN: y1d2d64751d3a7c291a4527571d59854e8f5219423e6f
24.02.2020 06:32:33: _FNC_PVAH_AdminReq: p9f5a004e2e58554855775e603a8c6760389430
24.02.2020 06:32:33: _token_by_uid: f7d3f6a698d723a6c3c8e22273f4c2c8c398d8e65
24.02.2020 06:32:33: _uid_by_token: g629e8a508c5f3e75295915193873325a7e5785
24.02.2020 06:32:33: _server_setTokenR: w205c6e726202732553088c9c4927651c054c770f5e3708098349
24.02.2020 06:32:33: _YourPlayerToken: y49595a1f52201c889e2c6f8a448a797d450c9e3c5e397e
24.02.2020 06:32:33: _TokenCT: r824d2e18177918357c728c7f2f6c5e59
24.02.2020 06:32:33: _AH_MAIN_BLOCK: i3942071c23286c5e22525f
24.02.2020 06:32:33: _AHKickOFF: x7c7a15055e332e1e2e456e2c7d42571e6c
24.02.2020 06:32:33: _AHKickLog: s59843c8a801e82154719
24.02.2020 06:32:33: _clientdo: p9e72458804425d498027
24.02.2020 06:32:33: _AH_RunCheckENDVAR: l1552177c7a353c8245676e157278223475
24.02.2020 06:32:33: _AH_RunCheckENDVAR_THREAD: q4f479e1a7445956c2579142f7c5d2a1f524c85
24.02.2020 06:32:33: _AH_HackLogArrayRND: g477e8d2775601e484042
24.02.2020 06:32:33: _AH_SurvLogArrayRND: q6a376a435e308a2584305e6e98
24.02.2020 06:32:33: _AH_AdmiLogArrayRND: w8a689e8f683e2f550975
24.02.2020 06:32:33: _TMPBAN: e2975195274928e0789532a422712552e
24.02.2020 06:32:33: _massMessage: w275f655e3c2d222c7a303e331a271727656217771513194a42
24.02.2020 06:32:33: _massSysMessage: q7c8d8c425f6e65672e357e1e2f22023785255d823e
24.02.2020 06:32:33: _AHpos: c2d8d9d2d2c7352624e821e3822852e8e82179514
24.02.2020 06:32:33: _ninetwo: x3e658f1742534d726c693c5e12
24.02.2020 06:32:33: _ninetwothread: x408f0e67686f554d35674f2712741e274e
24.02.2020 06:32:33: _adminsA: n827703508f5e08655e69025c8572433f55474599
24.02.2020 06:32:34: _MC: q7788794f1e5e25872e8e
24.02.2020 06:32:34: _MCS: i7e9222176c793e6822683a7578586c3e5785272825
24.02.2020 06:32:34: _checkidicheckcheck: t19425482192a3d4c651f007d570c4e521c8e309055426e85
24.02.2020 06:32:34: _lastshotmade: t729e6d8c7c8d22158948
24.02.2020 06:32:34: <infiSTAR.de> _fnc_RandomGen: {
_fnc_actualGen = {
_abc = ['z','y','x','w','v','u','t','s','r','q','p','o','n','m','l','k','j','i','h','g','f','e','d','c','b','a'];
_gen = _abc select (random ((count _abc)-1));
_arr = ['a','5','c','4','d','f','c','e','5','2','2','0','d','e','7','f','9','5','7','8','e','9','a','5','c','3','2','7','e','2','3'];
_randmax = {((round(random _randminval)) + (round(random _randmaxval))) max _randminval};
for '_i' from 0 to (call _randmax)do
{
_gen = _gen + str(round(random 9)) + (_arr select (random ((count _arr)-1)));
};
};
_gen = '';
while{_gen=='' || _gen in _allRandomGenVars}do{
call _fnc_actualGen;
};
_allRandomGenVars pushBack _gen;
_gen
}
24.02.2020 06:32:34: ----START-LINE----   (12-01-2020 22-45-36 - v0260)
24.02.2020 06:32:34: _adminbox: b88972e755e1e3f90528742035e4359372e
24.02.2020 06:32:34: _fnc_mpPackets: e3a6c656d5c6f529a8532978c5777484e8e5e
24.02.2020 06:32:34: _FNC_AH_KICKLOG: x02720f8a522812537267
24.02.2020 06:32:34: _FNC_AH_KICKLOGSPAWN: y1d2d64751d3a7c291a4527571d59854e8f5219423e6f
24.02.2020 06:32:34: _FNC_PVAH_AdminReq: p9f5a004e2e58554855775e603a8c6760389430
24.02.2020 06:32:34: _token_by_uid: f7d3f6a698d723a6c3c8e22273f4c2c8c398d8e65
24.02.2020 06:32:34: _uid_by_token: g629e8a508c5f3e75295915193873325a7e5785
24.02.2020 06:32:34: _server_setTokenR: w205c6e726202732553088c9c4927651c054c770f5e3708098349
24.02.2020 06:32:34: _YourPlayerToken: y49595a1f52201c889e2c6f8a448a797d450c9e3c5e397e
24.02.2020 06:32:34: _TokenCT: r824d2e18177918357c728c7f2f6c5e59
24.02.2020 06:32:34: _AH_MAIN_BLOCK: i3942071c23286c5e22525f
24.02.2020 06:32:34: _AHKickOFF: x7c7a15055e332e1e2e456e2c7d42571e6c
24.02.2020 06:32:34: _AHKickLog: s59843c8a801e82154719
24.02.2020 06:32:34: _clientdo: p9e72458804425d498027
24.02.2020 06:32:34: _AH_RunCheckENDVAR: l1552177c7a353c8245676e157278223475
24.02.2020 06:32:34: _AH_RunCheckENDVAR_THREAD: q4f479e1a7445956c2579142f7c5d2a1f524c85
24.02.2020 06:32:34: _AH_HackLogArrayRND: g477e8d2775601e484042
24.02.2020 06:32:34: _AH_SurvLogArrayRND: q6a376a435e308a2584305e6e98
24.02.2020 06:32:34: _AH_AdmiLogArrayRND: w8a689e8f683e2f550975
24.02.2020 06:32:34: _TMPBAN: e2975195274928e0789532a422712552e
24.02.2020 06:32:34: _massMessage: w275f655e3c2d222c7a303e331a271727656217771513194a42
24.02.2020 06:32:34: _massSysMessage: q7c8d8c425f6e65672e357e1e2f22023785255d823e
24.02.2020 06:32:34: _AHpos: c2d8d9d2d2c7352624e821e3822852e8e82179514
24.02.2020 06:32:34: _ninetwo: x3e658f1742534d726c693c5e12
24.02.2020 06:32:34: _ninetwothread: x408f0e67686f554d35674f2712741e274e
24.02.2020 06:32:34: _adminsA: n827703508f5e08655e69025c8572433f55474599
24.02.2020 06:32:34: _MC: q7788794f1e5e25872e8e
24.02.2020 06:32:34: _MCS: i7e9222176c793e6822683a7578586c3e5785272825
24.02.2020 06:32:34: _checkidicheckcheck: t19425482192a3d4c651f007d570c4e521c8e309055426e85
24.02.2020 06:32:34: _lastshotmade: t729e6d8c7c8d22158948
24.02.2020 06:32:34: _dellocveh: w22655a7e92842e378d59057e4f
24.02.2020 06:32:34: _inCombatTime: i1f522e276d35673d0587272d3c6d232c4f8a12122c9e
24.02.2020 06:32:34: _inCombatArray: n652c3777481f774d55343e24103279
24.02.2020 06:32:34: _fnc_infiKeyHandler: y1322856a5a0e025543329c2e6e4c2d85152e1c2a7d
24.02.2020 06:32:34: _vehicle_needs_check: w6542632e43058e970f676205878f
24.02.2020 06:32:34: _MAKE_VAR_DUMP_RANDOM: s393c52153e85823f4c67
24.02.2020 06:32:34: _MAKE_VAR_DUMP_CLIENT: q3c652979752553807f8a60722233
24.02.2020 06:32:34: _CURRENTLYDUMPING: g3f827977475d129c77534f2f7a1a0e8433
24.02.2020 06:32:34: _CURRENTLYDUMPING: g3f827977475d129c77534f2f7a1a0e8433
24.02.2020 06:32:34: _antiantihack_rndvar: g4e6c274e8f5f4e0e7f3c8c5947
24.02.2020 06:32:34: _name_by_uid: m452e1c3d25071552483c3e6e2e37423d525f4f64790c8c
24.02.2020 06:32:34: _owner_by_uid: l0c922559532d7c373c7e
24.02.2020 06:32:34: _customcommandingMenu: m734592628a47127e5f753235157e289c5d
24.02.2020 06:32:34: _customcommandingMenuOpen: t0a821714292a826c5977
24.02.2020 06:32:34: _AH_KICKLOG: PVAHR_2c5g8w4y9v4g
24.02.2020 06:32:34: ----END-LINE----   (12-01-2020 22-45-36 - v0260)
