22.02.2020 07:05:49: <infiSTAR.de> _fnc_RandomGen: {
_fnc_actualGen = {
_abc = ['z','y','x','w','v','u','t','s','r','q','p','o','n','m','l','k','j','i','h','g','f','e','d','c','b','a'];
_gen = _abc select (random ((count _abc)-1));
_arr = ['a','5','c','4','d','f','c','e','5','2','2','0','d','e','7','f','9','5','7','8','e','9','a','5','c','3','2','7','e','2','3'];
_randmax = {((round(random _randminval)) + (round(random _randmaxval))) max _randminval};
for '_i' from 0 to (call _randmax)do
{
_gen = _gen + str(round(random 9)) + (_arr select (random ((count _arr)-1)));
};
};
_gen = '';
while{_gen=='' || _gen in _allRandomGenVars}do{
call _fnc_actualGen;
};
_allRandomGenVars pushBack _gen;
_gen
}
22.02.2020 07:05:49: ----START-LINE----   (12-01-2020 22-45-36 - v0260)
22.02.2020 07:05:49: _adminbox: i6f5c2535537a232f128f471f998e27
22.02.2020 07:05:49: _fnc_mpPackets: h7d5c2c881772196874227d
22.02.2020 07:05:49: _FNC_AH_KICKLOG: y875e808f578c65954f3d9c996d4d4e10753247585963
22.02.2020 07:05:49: _FNC_AH_KICKLOGSPAWN: c255f351c4d8042587f1314756352
22.02.2020 07:05:49: _FNC_PVAH_AdminReq: e29553e379252195507382e77
22.02.2020 07:05:49: _token_by_uid: q359c25171d9f9e279c8e1e177d6e14452578
22.02.2020 07:05:49: _uid_by_token: i532c383a752c0280195c
22.02.2020 07:05:49: _server_setTokenR: m2f0c7917157272778d5512794f39675e9d9c5d7c1a
22.02.2020 07:05:49: _YourPlayerToken: q776d7e358d3d1c79420d720e895e65154729754817
22.02.2020 07:05:49: _TokenCT: e107e207d8e8e87355c5e
22.02.2020 07:05:49: _AH_MAIN_BLOCK: c85357f5f957f3d48537c
22.02.2020 07:05:49: _AHKickOFF: i4c07659e803c4e353e9d1c329f55355503776a2a5f397c1a
22.02.2020 07:05:49: _AHKickLog: u8792878e699e6c248a853c1084756c
22.02.2020 07:05:49: _clientdo: k48220f027c17086e2d30
22.02.2020 07:05:49: _AH_RunCheckENDVAR: m94590e8f9e2c457d221e3e1583524c1775
22.02.2020 07:05:49: _AH_RunCheckENDVAR_THREAD: o350894729777431d503d6f5c
22.02.2020 07:05:49: _AH_HackLogArrayRND: q00101f4d3e6467771917127f5973
22.02.2020 07:05:49: _AH_SurvLogArrayRND: a654e5d5c3c4c554e844f572e
22.02.2020 07:05:49: _AH_AdmiLogArrayRND: i0834895394532f93356f7372551e
22.02.2020 07:05:49: _TMPBAN: f87251e6965955327194e50870c224582528f127d
22.02.2020 07:05:49: _massMessage: t7517137f0f4e7225858f12158f7233223a122f6c
22.02.2020 07:05:49: _massSysMessage: h751e2d725955273e658e9d583742
22.02.2020 07:05:49: _AHpos: w5e7d6e4965695d6f8a7e5a425d7279727f3c2d0e54933c
22.02.2020 07:05:49: _ninetwo: q85575d37426e1d154d62
22.02.2020 07:05:49: _ninetwothread: d02123c759e9f4e30174c
22.02.2020 07:05:49: _adminsA: q9300151364155252620c55127f
22.02.2020 07:05:49: _MC: f2515195a353e380d12179e
22.02.2020 07:05:49: _MCS: h6315344c2065851c752f
22.02.2020 07:05:49: _checkidicheckcheck: d821f8e793e2e4c559d5c8f4c85126e
22.02.2020 07:05:49: _lastshotmade: i0c9d1459694c982e3472853c37
22.02.2020 07:05:49: <infiSTAR.de> _fnc_RandomGen: {
_fnc_actualGen = {
_abc = ['z','y','x','w','v','u','t','s','r','q','p','o','n','m','l','k','j','i','h','g','f','e','d','c','b','a'];
_gen = _abc select (random ((count _abc)-1));
_arr = ['a','5','c','4','d','f','c','e','5','2','2','0','d','e','7','f','9','5','7','8','e','9','a','5','c','3','2','7','e','2','3'];
_randmax = {((round(random _randminval)) + (round(random _randmaxval))) max _randminval};
for '_i' from 0 to (call _randmax)do
{
_gen = _gen + str(round(random 9)) + (_arr select (random ((count _arr)-1)));
};
};
_gen = '';
while{_gen=='' || _gen in _allRandomGenVars}do{
call _fnc_actualGen;
};
_allRandomGenVars pushBack _gen;
_gen
}
22.02.2020 07:05:49: ----START-LINE----   (12-01-2020 22-45-36 - v0260)
22.02.2020 07:05:49: _adminbox: i6f5c2535537a232f128f471f998e27
22.02.2020 07:05:49: _fnc_mpPackets: h7d5c2c881772196874227d
22.02.2020 07:05:49: _FNC_AH_KICKLOG: y875e808f578c65954f3d9c996d4d4e10753247585963
22.02.2020 07:05:49: _FNC_AH_KICKLOGSPAWN: c255f351c4d8042587f1314756352
22.02.2020 07:05:49: _FNC_PVAH_AdminReq: e29553e379252195507382e77
22.02.2020 07:05:49: _token_by_uid: q359c25171d9f9e279c8e1e177d6e14452578
22.02.2020 07:05:49: _uid_by_token: i532c383a752c0280195c
22.02.2020 07:05:49: _server_setTokenR: m2f0c7917157272778d5512794f39675e9d9c5d7c1a
22.02.2020 07:05:49: _YourPlayerToken: q776d7e358d3d1c79420d720e895e65154729754817
22.02.2020 07:05:49: _TokenCT: e107e207d8e8e87355c5e
22.02.2020 07:05:49: _AH_MAIN_BLOCK: c85357f5f957f3d48537c
22.02.2020 07:05:49: _AHKickOFF: i4c07659e803c4e353e9d1c329f55355503776a2a5f397c1a
22.02.2020 07:05:49: _AHKickLog: u8792878e699e6c248a853c1084756c
22.02.2020 07:05:49: _clientdo: k48220f027c17086e2d30
22.02.2020 07:05:49: _AH_RunCheckENDVAR: m94590e8f9e2c457d221e3e1583524c1775
22.02.2020 07:05:49: _AH_RunCheckENDVAR_THREAD: o350894729777431d503d6f5c
22.02.2020 07:05:49: _AH_HackLogArrayRND: q00101f4d3e6467771917127f5973
22.02.2020 07:05:49: _AH_SurvLogArrayRND: a654e5d5c3c4c554e844f572e
22.02.2020 07:05:49: _AH_AdmiLogArrayRND: i0834895394532f93356f7372551e
22.02.2020 07:05:49: _TMPBAN: f87251e6965955327194e50870c224582528f127d
22.02.2020 07:05:49: _massMessage: t7517137f0f4e7225858f12158f7233223a122f6c
22.02.2020 07:05:49: _massSysMessage: h751e2d725955273e658e9d583742
22.02.2020 07:05:49: _AHpos: w5e7d6e4965695d6f8a7e5a425d7279727f3c2d0e54933c
22.02.2020 07:05:49: _ninetwo: q85575d37426e1d154d62
22.02.2020 07:05:49: _ninetwothread: d02123c759e9f4e30174c
22.02.2020 07:05:49: _adminsA: q9300151364155252620c55127f
22.02.2020 07:05:49: _MC: f2515195a353e380d12179e
22.02.2020 07:05:49: _MCS: h6315344c2065851c752f
22.02.2020 07:05:49: _checkidicheckcheck: d821f8e793e2e4c559d5c8f4c85126e
22.02.2020 07:05:49: _lastshotmade: i0c9d1459694c982e3472853c37
22.02.2020 07:05:49: _dellocveh: b475d6e3f8e7c32757c79
22.02.2020 07:05:49: _inCombatTime: f4e6e6a3565234249287e403e42540388793543370e
22.02.2020 07:05:49: _inCombatArray: d206e6552451e382c337730853f581d
22.02.2020 07:05:49: _fnc_infiKeyHandler: x52524a6e6a72821a4268825c1c6969675c533a2d534c1a
22.02.2020 07:05:49: _vehicle_needs_check: l029a45230f727412722e
22.02.2020 07:05:49: _MAKE_VAR_DUMP_RANDOM: q4c1d897e3e32627342679c
22.02.2020 07:05:49: _MAKE_VAR_DUMP_CLIENT: e82888d4d57728725726e
22.02.2020 07:05:49: _DUMPINGPLAYERUIDARRAY: b2e5f0f7f3c6f2e25033a2e684795706a950d7d
22.02.2020 07:05:49: _CURRENTLYDUMPING: v1e8f15950a0d7e127e0e47
22.02.2020 07:05:49: _antiantihack_rndvar: e7c2c0375952267374760874f8e8d471a5d
22.02.2020 07:05:49: _name_by_uid: r5c1722577357578c5c3597378735839d8e12681e0942
22.02.2020 07:05:49: _owner_by_uid: r0d2c8317954c12422445524e872f7e40805e025e22
22.02.2020 07:05:50: _customcommandingMenu: y692a825e87838e146522
22.02.2020 07:05:50: _customcommandingMenuOpen: c4d174e273f4e42878d7c4a8c54330f53822a
22.02.2020 07:05:50: _AH_KICKLOG: PVAHR_8d3i5i2a2p5q3v
22.02.2020 07:05:50: ----END-LINE----   (12-01-2020 22-45-36 - v0260)
22.02.2020 21:04:41: <infiSTAR.de> _fnc_RandomGen: {
_fnc_actualGen = {
_abc = ['z','y','x','w','v','u','t','s','r','q','p','o','n','m','l','k','j','i','h','g','f','e','d','c','b','a'];
_gen = _abc select (random ((count _abc)-1));
_arr = ['a','5','c','4','d','f','c','e','5','2','2','0','d','e','7','f','9','5','7','8','e','9','a','5','c','3','2','7','e','2','3'];
_randmax = {((round(random _randminval)) + (round(random _randmaxval))) max _randminval};
for '_i' from 0 to (call _randmax)do
{
_gen = _gen + str(round(random 9)) + (_arr select (random ((count _arr)-1)));
};
};
_gen = '';
while{_gen=='' || _gen in _allRandomGenVars}do{
call _fnc_actualGen;
};
_allRandomGenVars pushBack _gen;
_gen
}
22.02.2020 21:04:41: ----START-LINE----   (12-01-2020 22-45-36 - v0260)
22.02.2020 21:04:41: _adminbox: l0848271917107d6c9e931e1202472e12
22.02.2020 21:04:41: _fnc_mpPackets: b2e85325f40490d276c455a225e5e1e4e
22.02.2020 21:04:41: _FNC_AH_KICKLOG: f8e6535702c1c2d057e65527c40657e678965075d8c
22.02.2020 21:04:41: _FNC_AH_KICKLOGSPAWN: r428d8e3f8e390c5539451562351f123e
22.02.2020 21:04:41: _FNC_PVAH_AdminReq: k32852535726a2f5f4722653d
22.02.2020 21:04:41: _token_by_uid: o2f1d3e65578e526c75476f0a8f5215875a2e7d6e8c
22.02.2020 21:04:41: _uid_by_token: w494c9c888205207f128a1e9c5e57452d0045255d4e82055e624d
22.02.2020 21:04:41: _server_setTokenR: v67853f2872928c2277170c5285699479591d
22.02.2020 21:04:41: _YourPlayerToken: w8c4920004d642e6223370a1a5d
22.02.2020 21:04:41: _TokenCT: x876e027e47438a9c4579237e5f7337751c6e52801f83459f22503072
22.02.2020 21:04:41: _AH_MAIN_BLOCK: g377e0a203245523932877e4a151077827e2c224f7968
22.02.2020 21:04:41: _AHKickOFF: g691a328f3962200c128e357a7d5c45020e19707d85537c4e
22.02.2020 21:04:41: _AHKickLog: g54372f9c4c624f874245956f44
22.02.2020 21:04:41: _clientdo: g3d321c3782427f8c7d7280428a8293506e3d75
22.02.2020 21:04:41: _AH_RunCheckENDVAR: m2e5e62375c8734103233
22.02.2020 21:04:41: _AH_RunCheckENDVAR_THREAD: k6e85600515772d637c12
22.02.2020 21:04:41: _AH_HackLogArrayRND: u725e55502f138a6c1f22201088155a9225
22.02.2020 21:04:41: _AH_SurvLogArrayRND: n596e5e0e6c3f431269456e731e5e893e8a0c4a15171e45
22.02.2020 21:04:41: _AH_AdmiLogArrayRND: i672e2a576365605e6e43
22.02.2020 21:04:41: _TMPBAN: e12934859592e17423c658e6d8d22208e69153085
22.02.2020 21:04:41: _massMessage: r9e243f3e13826d49257a
22.02.2020 21:04:41: _massSysMessage: x2d9c656e9d587e42823c
22.02.2020 21:04:41: _AHpos: u23625e175205352e4c2d9869599f505e2e155f6f1287
22.02.2020 21:04:41: _ninetwo: t72540d64220e45777a6d34197c1f37073a
22.02.2020 21:04:41: _ninetwothread: r7a12978c7c65373e82135d4333
22.02.2020 21:04:41: _adminsA: e2f775c090e09638c775750356c4e9705327d
22.02.2020 21:04:41: _MC: o2927022a12157e7222628317451277157a07
22.02.2020 21:04:41: _MCS: q347287881837023c958d1c57147a102553271449621e
22.02.2020 21:04:41: _checkidicheckcheck: q5962379a356e7e7c42153f
22.02.2020 21:04:41: _lastshotmade: n3c3c894e7c8d6a698c286c275d446227294c69491913
22.02.2020 21:04:42: <infiSTAR.de> _fnc_RandomGen: {
_fnc_actualGen = {
_abc = ['z','y','x','w','v','u','t','s','r','q','p','o','n','m','l','k','j','i','h','g','f','e','d','c','b','a'];
_gen = _abc select (random ((count _abc)-1));
_arr = ['a','5','c','4','d','f','c','e','5','2','2','0','d','e','7','f','9','5','7','8','e','9','a','5','c','3','2','7','e','2','3'];
_randmax = {((round(random _randminval)) + (round(random _randmaxval))) max _randminval};
for '_i' from 0 to (call _randmax)do
{
_gen = _gen + str(round(random 9)) + (_arr select (random ((count _arr)-1)));
};
};
_gen = '';
while{_gen=='' || _gen in _allRandomGenVars}do{
call _fnc_actualGen;
};
_allRandomGenVars pushBack _gen;
_gen
}
22.02.2020 21:04:42: ----START-LINE----   (12-01-2020 22-45-36 - v0260)
22.02.2020 21:04:42: _adminbox: l0848271917107d6c9e931e1202472e12
22.02.2020 21:04:42: _fnc_mpPackets: b2e85325f40490d276c455a225e5e1e4e
22.02.2020 21:04:42: _FNC_AH_KICKLOG: f8e6535702c1c2d057e65527c40657e678965075d8c
22.02.2020 21:04:42: _FNC_AH_KICKLOGSPAWN: r428d8e3f8e390c5539451562351f123e
22.02.2020 21:04:42: _FNC_PVAH_AdminReq: k32852535726a2f5f4722653d
22.02.2020 21:04:42: _token_by_uid: o2f1d3e65578e526c75476f0a8f5215875a2e7d6e8c
22.02.2020 21:04:42: _uid_by_token: w494c9c888205207f128a1e9c5e57452d0045255d4e82055e624d
22.02.2020 21:04:42: _server_setTokenR: v67853f2872928c2277170c5285699479591d
22.02.2020 21:04:42: _YourPlayerToken: w8c4920004d642e6223370a1a5d
22.02.2020 21:04:42: _TokenCT: x876e027e47438a9c4579237e5f7337751c6e52801f83459f22503072
22.02.2020 21:04:42: _AH_MAIN_BLOCK: g377e0a203245523932877e4a151077827e2c224f7968
22.02.2020 21:04:42: _AHKickOFF: g691a328f3962200c128e357a7d5c45020e19707d85537c4e
22.02.2020 21:04:42: _AHKickLog: g54372f9c4c624f874245956f44
22.02.2020 21:04:42: _clientdo: g3d321c3782427f8c7d7280428a8293506e3d75
22.02.2020 21:04:42: _AH_RunCheckENDVAR: m2e5e62375c8734103233
22.02.2020 21:04:42: _AH_RunCheckENDVAR_THREAD: k6e85600515772d637c12
22.02.2020 21:04:42: _AH_HackLogArrayRND: u725e55502f138a6c1f22201088155a9225
22.02.2020 21:04:42: _AH_SurvLogArrayRND: n596e5e0e6c3f431269456e731e5e893e8a0c4a15171e45
22.02.2020 21:04:42: _AH_AdmiLogArrayRND: i672e2a576365605e6e43
22.02.2020 21:04:42: _TMPBAN: e12934859592e17423c658e6d8d22208e69153085
22.02.2020 21:04:42: _massMessage: r9e243f3e13826d49257a
22.02.2020 21:04:42: _massSysMessage: x2d9c656e9d587e42823c
22.02.2020 21:04:42: _AHpos: u23625e175205352e4c2d9869599f505e2e155f6f1287
22.02.2020 21:04:42: _ninetwo: t72540d64220e45777a6d34197c1f37073a
22.02.2020 21:04:42: _ninetwothread: r7a12978c7c65373e82135d4333
22.02.2020 21:04:42: _adminsA: e2f775c090e09638c775750356c4e9705327d
22.02.2020 21:04:42: _MC: o2927022a12157e7222628317451277157a07
22.02.2020 21:04:42: _MCS: q347287881837023c958d1c57147a102553271449621e
22.02.2020 21:04:42: _checkidicheckcheck: q5962379a356e7e7c42153f
22.02.2020 21:04:42: _lastshotmade: n3c3c894e7c8d6a698c286c275d446227294c69491913
22.02.2020 21:04:42: _dellocveh: d323c171593023e25155c
22.02.2020 21:04:42: _inCombatTime: e9f65790d49532538578f
22.02.2020 21:04:42: _inCombatArray: r1c7c6535194e6e3d4c5e
22.02.2020 21:04:42: _fnc_infiKeyHandler: j02683f6c3a95578c4c223050401d2280543c2d
22.02.2020 21:04:42: _vehicle_needs_check: e5f39057e6f3e9c352545552d
22.02.2020 21:04:42: _MAKE_VAR_DUMP_RANDOM: g1d2c5c09530a23998d624c2e524c47
22.02.2020 21:04:42: _MAKE_VAR_DUMP_CLIENT: u651c391a956252346c297e
22.02.2020 21:04:42: _DUMPINGPLAYERUIDARRAY: u297f4e4523175e9a5215571a2d252f7285793d5247
22.02.2020 21:04:42: _CURRENTLYDUMPING: g4c49577d950e82455e43594d4d8c3a09293d3e69
22.02.2020 21:04:42: _antiantihack_rndvar: h5c4555326c4d332279505f29
22.02.2020 21:04:42: _name_by_uid: p6f18296f5e7c358c322242105c89957d106c9c72
22.02.2020 21:04:42: _owner_by_uid: m306d1d3e0d2538879f1914476e
22.02.2020 21:04:42: _customcommandingMenu: n4a325949234d4e62444e
22.02.2020 21:04:42: _customcommandingMenuOpen: a786c05324c9c503e730c22846c4c57196943323e70750a75692f
22.02.2020 21:04:42: _AH_KICKLOG: PVAHR_2y4d2y4g5u
22.02.2020 21:04:42: ----END-LINE----   (12-01-2020 22-45-36 - v0260)
22.02.2020 22:22:01: <infiSTAR.de> _fnc_RandomGen: {
_fnc_actualGen = {
_abc = ['z','y','x','w','v','u','t','s','r','q','p','o','n','m','l','k','j','i','h','g','f','e','d','c','b','a'];
_gen = _abc select (random ((count _abc)-1));
_arr = ['a','5','c','4','d','f','c','e','5','2','2','0','d','e','7','f','9','5','7','8','e','9','a','5','c','3','2','7','e','2','3'];
_randmax = {((round(random _randminval)) + (round(random _randmaxval))) max _randminval};
for '_i' from 0 to (call _randmax)do
{
_gen = _gen + str(round(random 9)) + (_arr select (random ((count _arr)-1)));
};
};
_gen = '';
while{_gen=='' || _gen in _allRandomGenVars}do{
call _fnc_actualGen;
};
_allRandomGenVars pushBack _gen;
_gen
}
22.02.2020 22:22:02: ----START-LINE----   (12-01-2020 22-45-36 - v0260)
22.02.2020 22:22:02: _adminbox: x3250277a758567379e8f
22.02.2020 22:22:02: _fnc_mpPackets: x3835629e2c4257939387
22.02.2020 22:22:02: _FNC_AH_KICKLOG: c2572985e143a251e5f79076e25256e129f3c1a0c49
22.02.2020 22:22:02: _FNC_AH_KICKLOGSPAWN: k77576718874920727260
22.02.2020 22:22:02: _FNC_PVAH_AdminReq: y893284472077771988583554457e8277426f75
22.02.2020 22:22:02: _token_by_uid: a30124e396c69251d1a95
22.02.2020 22:22:02: _uid_by_token: j7e8c7e351339758a883a203330138e2e73508e7553
22.02.2020 22:22:02: _server_setTokenR: o1f22427219352722851239526810255e8e85
22.02.2020 22:22:02: _YourPlayerToken: g55722f2c5d8c778272475e150c
22.02.2020 22:22:02: _TokenCT: q3c996f1d18345959193e7713843087337767028562
22.02.2020 22:22:02: _AH_MAIN_BLOCK: w4f3335028a891d4d9a79501d9d1d0833
22.02.2020 22:22:02: _AHKickOFF: x2a1762732a176c0787440c15107e0037038389576e1e674e
22.02.2020 22:22:02: _AHKickLog: h6f8f6d428235692d2e787e8a658232
22.02.2020 22:22:02: _clientdo: y3712526755387d2e67899e2417257272
22.02.2020 22:22:02: _AH_RunCheckENDVAR: y85052f23253c438d641e6e835565825324
22.02.2020 22:22:02: _AH_RunCheckENDVAR_THREAD: h877e127a2463628f2f99
22.02.2020 22:22:02: _AH_HackLogArrayRND: a6f5e4942544f7d974542599207
22.02.2020 22:22:02: _AH_SurvLogArrayRND: w127d395c524f4a72826570
22.02.2020 22:22:02: _AH_AdmiLogArrayRND: k0712871c155a433f9855
22.02.2020 22:22:02: _TMPBAN: g8717554e37578f8449094e720e07229785522a6398332c5d23
22.02.2020 22:22:02: _massMessage: u1c172240101e6f79406e827a372e
22.02.2020 22:22:02: _massSysMessage: w705d34474535152f8f202353228487131242422555777a42
22.02.2020 22:22:02: _AHpos: t39676464549e2e5c0f552f18775735191f3e9487877e5f4819127e
22.02.2020 22:22:02: _ninetwo: m354532154d7c5c195f3e483f376d70
22.02.2020 22:22:02: _ninetwothread: f453c5a5d5e4f190552422e15592e1217
22.02.2020 22:22:02: _adminsA: d728e621418172d2e271a12252c55
22.02.2020 22:22:02: _MC: d5a89128e2f4a2f6d0e1c
22.02.2020 22:22:02: _MCS: v7c6c5f8e73433502323539821d24124c
22.02.2020 22:22:02: <infiSTAR.de> _fnc_RandomGen: {
_fnc_actualGen = {
_abc = ['z','y','x','w','v','u','t','s','r','q','p','o','n','m','l','k','j','i','h','g','f','e','d','c','b','a'];
_gen = _abc select (random ((count _abc)-1));
_arr = ['a','5','c','4','d','f','c','e','5','2','2','0','d','e','7','f','9','5','7','8','e','9','a','5','c','3','2','7','e','2','3'];
_randmax = {((round(random _randminval)) + (round(random _randmaxval))) max _randminval};
for '_i' from 0 to (call _randmax)do
{
_gen = _gen + str(round(random 9)) + (_arr select (random ((count _arr)-1)));
};
};
_gen = '';
while{_gen=='' || _gen in _allRandomGenVars}do{
call _fnc_actualGen;
};
_allRandomGenVars pushBack _gen;
_gen
}
22.02.2020 22:22:02: ----START-LINE----   (12-01-2020 22-45-36 - v0260)
22.02.2020 22:22:02: _adminbox: x3250277a758567379e8f
22.02.2020 22:22:02: _fnc_mpPackets: x3835629e2c4257939387
22.02.2020 22:22:02: _FNC_AH_KICKLOG: c2572985e143a251e5f79076e25256e129f3c1a0c49
22.02.2020 22:22:02: _FNC_AH_KICKLOGSPAWN: k77576718874920727260
22.02.2020 22:22:02: _FNC_PVAH_AdminReq: y893284472077771988583554457e8277426f75
22.02.2020 22:22:02: _token_by_uid: a30124e396c69251d1a95
22.02.2020 22:22:02: _uid_by_token: j7e8c7e351339758a883a203330138e2e73508e7553
22.02.2020 22:22:02: _server_setTokenR: o1f22427219352722851239526810255e8e85
22.02.2020 22:22:02: _YourPlayerToken: g55722f2c5d8c778272475e150c
22.02.2020 22:22:02: _TokenCT: q3c996f1d18345959193e7713843087337767028562
22.02.2020 22:22:02: _AH_MAIN_BLOCK: w4f3335028a891d4d9a79501d9d1d0833
22.02.2020 22:22:02: _AHKickOFF: x2a1762732a176c0787440c15107e0037038389576e1e674e
22.02.2020 22:22:02: _AHKickLog: h6f8f6d428235692d2e787e8a658232
22.02.2020 22:22:02: _clientdo: y3712526755387d2e67899e2417257272
22.02.2020 22:22:02: _AH_RunCheckENDVAR: y85052f23253c438d641e6e835565825324
22.02.2020 22:22:02: _AH_RunCheckENDVAR_THREAD: h877e127a2463628f2f99
22.02.2020 22:22:02: _AH_HackLogArrayRND: a6f5e4942544f7d974542599207
22.02.2020 22:22:02: _AH_SurvLogArrayRND: w127d395c524f4a72826570
22.02.2020 22:22:02: _AH_AdmiLogArrayRND: k0712871c155a433f9855
22.02.2020 22:22:02: _TMPBAN: g8717554e37578f8449094e720e07229785522a6398332c5d23
22.02.2020 22:22:02: _massMessage: u1c172240101e6f79406e827a372e
22.02.2020 22:22:02: _massSysMessage: w705d34474535152f8f202353228487131242422555777a42
22.02.2020 22:22:02: _AHpos: t39676464549e2e5c0f552f18775735191f3e9487877e5f4819127e
22.02.2020 22:22:02: _ninetwo: m354532154d7c5c195f3e483f376d70
22.02.2020 22:22:02: _ninetwothread: f453c5a5d5e4f190552422e15592e1217
22.02.2020 22:22:02: _adminsA: d728e621418172d2e271a12252c55
22.02.2020 22:22:02: _MC: d5a89128e2f4a2f6d0e1c
22.02.2020 22:22:02: _MCS: v7c6c5f8e73433502323539821d24124c
22.02.2020 22:22:02: _checkidicheckcheck: x8c4e727c2d3e173e2e87102e2559091c1c5d024c69
22.02.2020 22:22:02: _lastshotmade: g5e3955877a4c1c5e3075352f178339875c72750d156e69935e4f38
22.02.2020 22:22:02: _dellocveh: b4c507c8e778523473d443c498d8d7c8c6a733e127e8c
22.02.2020 22:22:02: _inCombatTime: d1a676a8d2a5d0e827e2d039277
22.02.2020 22:22:02: _inCombatArray: l29156e543e8c5e7f745e375962
22.02.2020 22:22:02: _fnc_infiKeyHandler: v8e109289683e8e6f3837622f
22.02.2020 22:22:02: _vehicle_needs_check: a2d7a5d29299e5c09857e6e7253330f
22.02.2020 22:22:02: _MAKE_VAR_DUMP_RANDOM: x8264331a77158d8e7925197f358e479c1d5a
22.02.2020 22:22:02: _MAKE_VAR_DUMP_CLIENT: c371280750e5e8267831d6374003a338f79397e356d5c33155c7c59
22.02.2020 22:22:02: _DUMPINGPLAYERUIDARRAY: s7225156d5979574e453c4e7f651e6d
22.02.2020 22:22:02: _CURRENTLYDUMPING: g2292574949127928190f
22.02.2020 22:22:02: _antiantihack_rndvar: p4f28495225322594375f
22.02.2020 22:22:02: _name_by_uid: d92842a6d804c3f1f33179f742e5d3c551e5c404c5d0e25
22.02.2020 22:22:02: _owner_by_uid: x2d104e2e3e092e348c7795535e08694975072c
22.02.2020 22:22:02: _customcommandingMenu: e5e2519645c93824412128987045d
22.02.2020 22:22:02: _customcommandingMenuOpen: h3f9877336d223a4f2e15729f60586a571a5c4549787f25
22.02.2020 22:22:02: _AH_KICKLOG: PVAHR_8f6u3a8p0w0k3b
22.02.2020 22:22:02: ----END-LINE----   (12-01-2020 22-45-36 - v0260)
