13.02.2020 06:09:58: <infiSTAR.de> _fnc_RandomGen: {
_fnc_actualGen = {
_abc = ['z','y','x','w','v','u','t','s','r','q','p','o','n','m','l','k','j','i','h','g','f','e','d','c','b','a'];
_gen = _abc select (random ((count _abc)-1));
_arr = ['a','5','c','4','d','f','c','e','5','2','2','0','d','e','7','f','9','5','7','8','e','9','a','5','c','3','2','7','e','2','3'];
_randmax = {((round(random _randminval)) + (round(random _randmaxval))) max _randminval};
for '_i' from 0 to (call _randmax)do
{
_gen = _gen + str(round(random 9)) + (_arr select (random ((count _arr)-1)));
};
};
_gen = '';
while{_gen=='' || _gen in _allRandomGenVars}do{
call _fnc_actualGen;
};
_allRandomGenVars pushBack _gen;
_gen
}
13.02.2020 06:09:58: ----START-LINE----   (12-01-2020 22-45-36 - v0260)
13.02.2020 06:09:58: _adminbox: l857c5c1a22525c92534c
13.02.2020 06:09:58: _fnc_mpPackets: b62306202423e428363351e357d8d1e392c526e
13.02.2020 06:09:58: _FNC_AH_KICKLOG: n2568650d65071d426c6e6d57674f7f43
13.02.2020 06:09:58: _FNC_AH_KICKLOGSPAWN: h42649d92720c7a378a976c758524
13.02.2020 06:09:58: _FNC_PVAH_AdminReq: j306e743e6e855525856753773a7a844c6d0c2d32328d
13.02.2020 06:09:58: _token_by_uid: p0267737c20177798505532238e2d138c5d727f
13.02.2020 06:09:58: _uid_by_token: x2c394f12459e4e623e9d358d7f851c6f1367257e846f
13.02.2020 06:09:58: _server_setTokenR: m697c1580728f43978a7387
13.02.2020 06:09:58: _YourPlayerToken: m84876583450e4f3712454f595c6f2d5c5f
13.02.2020 06:09:58: _TokenCT: d1a534752074f2e4d7d9d3e6f7e953f456c45229d
13.02.2020 06:09:58: _AH_MAIN_BLOCK: k9c6c525e491e4715495a2f586e85954a4954
13.02.2020 06:09:58: _AHKickOFF: m3c1315675815107d63690d4e657c577540
13.02.2020 06:09:58: _AHKickLog: q23203f52871a80226d1e
13.02.2020 06:09:58: _clientdo: c3d2355751d82627d336c
13.02.2020 06:09:58: _AH_RunCheckENDVAR: u4c62542a588e3d39553930373d823c7e52676f8c8952154a8e0e
13.02.2020 06:09:58: _AH_RunCheckENDVAR_THREAD: v893c9a741e7342896823
13.02.2020 06:09:58: _AH_HackLogArrayRND: v6a551c12927563702562622f57186a295a37756f6279
13.02.2020 06:09:58: _AH_SurvLogArrayRND: h176e423a477d82394e0e2c4c194f32308975598e4089975e
13.02.2020 06:09:58: _AH_AdmiLogArrayRND: b858d79753e1a25957214
13.02.2020 06:09:58: _TMPBAN: t627d7c2c5e547288773265393a756e629d43
13.02.2020 06:09:58: _massMessage: n3f751d622c72824e027d5c2572
13.02.2020 06:09:59: _massSysMessage: o82024f3e3c65198a7e55
13.02.2020 06:09:59: _AHpos: l4c325d7e8e723c22544a4e1509552c9424
13.02.2020 06:09:59: _ninetwo: g845d571e14092e4d7055
13.02.2020 06:09:59: _ninetwothread: i4c351730926e52551c298e3e34996452396e1765
13.02.2020 06:09:59: _adminsA: f52721a5c8f67632e420e5c858d7f495547788e
13.02.2020 06:09:59: <infiSTAR.de> _fnc_RandomGen: {
_fnc_actualGen = {
_abc = ['z','y','x','w','v','u','t','s','r','q','p','o','n','m','l','k','j','i','h','g','f','e','d','c','b','a'];
_gen = _abc select (random ((count _abc)-1));
_arr = ['a','5','c','4','d','f','c','e','5','2','2','0','d','e','7','f','9','5','7','8','e','9','a','5','c','3','2','7','e','2','3'];
_randmax = {((round(random _randminval)) + (round(random _randmaxval))) max _randminval};
for '_i' from 0 to (call _randmax)do
{
_gen = _gen + str(round(random 9)) + (_arr select (random ((count _arr)-1)));
};
};
_gen = '';
while{_gen=='' || _gen in _allRandomGenVars}do{
call _fnc_actualGen;
};
_allRandomGenVars pushBack _gen;
_gen
}
13.02.2020 06:09:59: ----START-LINE----   (12-01-2020 22-45-36 - v0260)
13.02.2020 06:09:59: _FNC_AH_KICKLOG: n2568650d65071d426c6e6d57674f7f43
13.02.2020 06:09:59: _FNC_AH_KICKLOGSPAWN: h42649d92720c7a378a976c758524
13.02.2020 06:09:59: _FNC_PVAH_AdminReq: j306e743e6e855525856753773a7a844c6d0c2d32328d
13.02.2020 06:09:59: _token_by_uid: p0267737c20177798505532238e2d138c5d727f
13.02.2020 06:09:59: _uid_by_token: x2c394f12459e4e623e9d358d7f851c6f1367257e846f
13.02.2020 06:09:59: _server_setTokenR: m697c1580728f43978a7387
13.02.2020 06:09:59: _YourPlayerToken: m84876583450e4f3712454f595c6f2d5c5f
13.02.2020 06:09:59: _TokenCT: d1a534752074f2e4d7d9d3e6f7e953f456c45229d
13.02.2020 06:09:59: _AH_MAIN_BLOCK: k9c6c525e491e4715495a2f586e85954a4954
13.02.2020 06:09:59: _AHKickOFF: m3c1315675815107d63690d4e657c577540
13.02.2020 06:09:59: _AHKickLog: q23203f52871a80226d1e
13.02.2020 06:09:59: _clientdo: c3d2355751d82627d336c
13.02.2020 06:09:59: _AH_RunCheckENDVAR: u4c62542a588e3d39553930373d823c7e52676f8c8952154a8e0e
13.02.2020 06:09:59: _AH_RunCheckENDVAR_THREAD: v893c9a741e7342896823
13.02.2020 06:09:59: _AH_HackLogArrayRND: v6a551c12927563702562622f57186a295a37756f6279
13.02.2020 06:09:59: _AH_SurvLogArrayRND: h176e423a477d82394e0e2c4c194f32308975598e4089975e
13.02.2020 06:09:59: _AH_AdmiLogArrayRND: b858d79753e1a25957214
13.02.2020 06:09:59: _TMPBAN: t627d7c2c5e547288773265393a756e629d43
13.02.2020 06:09:59: _massMessage: n3f751d622c72824e027d5c2572
13.02.2020 06:09:59: _massSysMessage: o82024f3e3c65198a7e55
13.02.2020 06:09:59: _AHpos: l4c325d7e8e723c22544a4e1509552c9424
13.02.2020 06:09:59: _ninetwo: g845d571e14092e4d7055
13.02.2020 06:09:59: _ninetwothread: i4c351730926e52551c298e3e34996452396e1765
13.02.2020 06:09:59: _adminsA: f52721a5c8f67632e420e5c858d7f495547788e
13.02.2020 06:10:00: _MC: e4d8e6a195c755e55573c3922208735
13.02.2020 06:10:00: _FNC_AH_KICKLOG: n2568650d65071d426c6e6d57674f7f43
13.02.2020 06:10:00: _FNC_AH_KICKLOGSPAWN: h42649d92720c7a378a976c758524
13.02.2020 06:10:00: _FNC_PVAH_AdminReq: j306e743e6e855525856753773a7a844c6d0c2d32328d
13.02.2020 06:10:00: _token_by_uid: p0267737c20177798505532238e2d138c5d727f
13.02.2020 06:10:00: _uid_by_token: x2c394f12459e4e623e9d358d7f851c6f1367257e846f
13.02.2020 06:10:00: _server_setTokenR: m697c1580728f43978a7387
13.02.2020 06:10:00: _YourPlayerToken: m84876583450e4f3712454f595c6f2d5c5f
13.02.2020 06:10:00: _TokenCT: d1a534752074f2e4d7d9d3e6f7e953f456c45229d
13.02.2020 06:10:00: _AH_MAIN_BLOCK: k9c6c525e491e4715495a2f586e85954a4954
13.02.2020 06:10:00: _AHKickOFF: m3c1315675815107d63690d4e657c577540
13.02.2020 06:10:00: _AHKickLog: q23203f52871a80226d1e
13.02.2020 06:10:00: _clientdo: c3d2355751d82627d336c
13.02.2020 06:10:00: _AH_RunCheckENDVAR: u4c62542a588e3d39553930373d823c7e52676f8c8952154a8e0e
13.02.2020 06:10:00: _AH_RunCheckENDVAR_THREAD: v893c9a741e7342896823
13.02.2020 06:10:00: _AH_HackLogArrayRND: v6a551c12927563702562622f57186a295a37756f6279
13.02.2020 06:10:00: _AH_SurvLogArrayRND: h176e423a477d82394e0e2c4c194f32308975598e4089975e
13.02.2020 06:10:00: _AH_AdmiLogArrayRND: b858d79753e1a25957214
13.02.2020 06:10:00: _TMPBAN: t627d7c2c5e547288773265393a756e629d43
13.02.2020 06:10:00: _massMessage: n3f751d622c72824e027d5c2572
13.02.2020 06:10:00: _massSysMessage: o82024f3e3c65198a7e55
13.02.2020 06:10:00: _AHpos: l4c325d7e8e723c22544a4e1509552c9424
13.02.2020 06:10:00: _ninetwo: g845d571e14092e4d7055
13.02.2020 06:10:00: _ninetwothread: i4c351730926e52551c298e3e34996452396e1765
13.02.2020 06:10:00: _adminsA: f52721a5c8f67632e420e5c858d7f495547788e
13.02.2020 06:10:00: _MC: e4d8e6a195c755e55573c3922208735
13.02.2020 06:10:00: _MCS: r3e3f1525123a3468424973091c
13.02.2020 06:10:00: _checkidicheckcheck: c3e7e397595894272752f
13.02.2020 06:10:00: _lastshotmade: f358280698a8c258f7935
13.02.2020 06:10:00: _dellocveh: f875f885f35421e5d545f42223f33321a9f
13.02.2020 06:10:00: _inCombatTime: t2f1f297a05222960923d
13.02.2020 06:10:00: _inCombatArray: f455a65790d42858d8c3c470d126d624e3e6902
13.02.2020 06:10:00: _fnc_infiKeyHandler: w4f73727a337e401a6212
13.02.2020 06:10:00: _vehicle_needs_check: q206d37053f3e1595481a
13.02.2020 06:10:00: _MAKE_VAR_DUMP_RANDOM: f4d62582555493d35392c793e387e2e626e971c
13.02.2020 06:10:00: _MAKE_VAR_DUMP_CLIENT: t80930e657a67653545894753332340172d3c
13.02.2020 06:10:00: _DUMPINGPLAYERUIDARRAY: a5a4832893264693c5f8e745487140d9e1c226e65071e85
13.02.2020 06:10:00: _CURRENTLYDUMPING: w1e82756d1e17726e1e2e29
13.02.2020 06:10:00: _antiantihack_rndvar: u920a40391a2e03477e37
13.02.2020 06:10:00: _name_by_uid: w33353f753e8e2c8e126d1038479e3e19201e7f3e3c
13.02.2020 06:10:00: _owner_by_uid: n4f17776d8343255e256352628d4f7a
13.02.2020 06:10:00: _customcommandingMenu: f6063951e0e9754656925
13.02.2020 06:10:00: _customcommandingMenuOpen: l654e808c525a3e397e84
13.02.2020 06:10:00: _AH_KICKLOG: PVAHR_3u1o9v2t5y2t0p
13.02.2020 06:10:00: ----END-LINE----   (12-01-2020 22-45-36 - v0260)
13.02.2020 17:48:07: <infiSTAR.de> _fnc_RandomGen: {
_fnc_actualGen = {
_abc = ['z','y','x','w','v','u','t','s','r','q','p','o','n','m','l','k','j','i','h','g','f','e','d','c','b','a'];
_gen = _abc select (random ((count _abc)-1));
_arr = ['a','5','c','4','d','f','c','e','5','2','2','0','d','e','7','f','9','5','7','8','e','9','a','5','c','3','2','7','e','2','3'];
_randmax = {((round(random _randminval)) + (round(random _randmaxval))) max _randminval};
for '_i' from 0 to (call _randmax)do
{
_gen = _gen + str(round(random 9)) + (_arr select (random ((count _arr)-1)));
};
};
_gen = '';
while{_gen=='' || _gen in _allRandomGenVars}do{
call _fnc_actualGen;
};
_allRandomGenVars pushBack _gen;
_gen
}
13.02.2020 17:48:07: ----START-LINE----   (12-01-2020 22-45-36 - v0260)
13.02.2020 17:48:07: _adminbox: h157c552210725d7f4789826e05008e7814
13.02.2020 17:48:07: _fnc_mpPackets: f1e126075338c2a22557c0c878755
13.02.2020 17:48:07: _FNC_AH_KICKLOG: v75257a42823d1a751537
13.02.2020 17:48:07: _FNC_AH_KICKLOGSPAWN: f5f199a752c750e1e1e558a573d32
13.02.2020 17:48:07: _FNC_PVAH_AdminReq: d75227f478e8e458f87322a2a557e653a34887f2275033277
13.02.2020 17:48:07: _token_by_uid: d9e2a2f4e6f8c8c122428406e6d291a85
13.02.2020 17:48:07: _uid_by_token: s145c65393e4270555d6c455d6d67
13.02.2020 17:48:07: _server_setTokenR: d0e0e53758e923478721547450d3d89277939448f
13.02.2020 17:48:07: _YourPlayerToken: v9e6e671505731e671f67
13.02.2020 17:48:07: _TokenCT: b8c7e9e424754232505625e9a2c5a076242395e335a3d5c7c
13.02.2020 17:48:07: _AH_MAIN_BLOCK: l356f63701e647d8e5f39855f4758791d22631585
13.02.2020 17:48:08: _AHKickOFF: t258e19758c343e9a854e377c5e30538e2f69197f8f674d
13.02.2020 17:48:08: _AHKickLog: g8994645f7e9d525272737e8e85
13.02.2020 17:48:08: _clientdo: s4e5c6e8d5d7c6f6c55331e3585457c37388557377e4d
13.02.2020 17:48:08: _AH_RunCheckENDVAR: m6d7d3d8d189e2f1534851d7a640e099f9864826e9252
13.02.2020 17:48:08: _AH_RunCheckENDVAR_THREAD: x225e3e4c825c3f0f1d5f20151927
13.02.2020 17:48:08: <infiSTAR.de> _fnc_RandomGen: {
_fnc_actualGen = {
_abc = ['z','y','x','w','v','u','t','s','r','q','p','o','n','m','l','k','j','i','h','g','f','e','d','c','b','a'];
_gen = _abc select (random ((count _abc)-1));
_arr = ['a','5','c','4','d','f','c','e','5','2','2','0','d','e','7','f','9','5','7','8','e','9','a','5','c','3','2','7','e','2','3'];
_randmax = {((round(random _randminval)) + (round(random _randmaxval))) max _randminval};
for '_i' from 0 to (call _randmax)do
{
_gen = _gen + str(round(random 9)) + (_arr select (random ((count _arr)-1)));
};
};
_gen = '';
while{_gen=='' || _gen in _allRandomGenVars}do{
call _fnc_actualGen;
};
_allRandomGenVars pushBack _gen;
_gen
}
13.02.2020 17:48:08: ----START-LINE----   (12-01-2020 22-45-36 - v0260)
13.02.2020 17:48:08: _adminbox: h157c552210725d7f4789826e05008e7814
13.02.2020 17:48:08: _fnc_mpPackets: f1e126075338c2a22557c0c878755
13.02.2020 17:48:08: _FNC_AH_KICKLOG: v75257a42823d1a751537
13.02.2020 17:48:08: _FNC_AH_KICKLOGSPAWN: f5f199a752c750e1e1e558a573d32
13.02.2020 17:48:08: _FNC_PVAH_AdminReq: d75227f478e8e458f87322a2a557e653a34887f2275033277
13.02.2020 17:48:08: _token_by_uid: d9e2a2f4e6f8c8c122428406e6d291a85
13.02.2020 17:48:08: _uid_by_token: s145c65393e4270555d6c455d6d67
13.02.2020 17:48:08: _server_setTokenR: d0e0e53758e923478721547450d3d89277939448f
13.02.2020 17:48:08: _YourPlayerToken: v9e6e671505731e671f67
13.02.2020 17:48:08: _TokenCT: b8c7e9e424754232505625e9a2c5a076242395e335a3d5c7c
13.02.2020 17:48:08: _AH_MAIN_BLOCK: l356f63701e647d8e5f39855f4758791d22631585
13.02.2020 17:48:08: _AHKickOFF: t258e19758c343e9a854e377c5e30538e2f69197f8f674d
13.02.2020 17:48:08: _AHKickLog: g8994645f7e9d525272737e8e85
13.02.2020 17:48:08: _clientdo: s4e5c6e8d5d7c6f6c55331e3585457c37388557377e4d
13.02.2020 17:48:08: _AH_RunCheckENDVAR: m6d7d3d8d189e2f1534851d7a640e099f9864826e9252
13.02.2020 17:48:08: _AH_RunCheckENDVAR_THREAD: x225e3e4c825c3f0f1d5f20151927
13.02.2020 17:48:08: _AH_HackLogArrayRND: v525e3d32153a396427375999498432883d2385772a9e3d6772
13.02.2020 17:48:08: _AH_SurvLogArrayRND: b396d3f52895e6e421e552c020e0d3e5c774f0e772f8c2a22
13.02.2020 17:48:08: _AH_AdmiLogArrayRND: g028e5c287a67776d1572
13.02.2020 17:48:08: _TMPBAN: y7d6f125f8d2312403c43
13.02.2020 17:48:08: _massMessage: w687d70692c509d3515724e2942553e
13.02.2020 17:48:08: _massSysMessage: w196e7e8089453719377f
13.02.2020 17:48:08: _AHpos: o8c59720e77557377026314736c0e7c1a4a5d88
13.02.2020 17:48:08: _ninetwo: g2e2f2524453e5f9e5e22
13.02.2020 17:48:08: _ninetwothread: i9c7462471d827d878e8962
13.02.2020 17:48:08: _adminsA: p32553375226555095f6315402f9d105c37
13.02.2020 17:48:08: _MC: c592e17175752059932525240425a2c5f4582308e7c
13.02.2020 17:48:08: _MCS: u735a2f507f386c2e6747256f22655c7a22256715692f2f
13.02.2020 17:48:08: _checkidicheckcheck: k907d759707982d15350e1e576e3a938e4e558f956d456e2c
13.02.2020 17:48:08: _lastshotmade: z9e52678d4265602d93725752678c
13.02.2020 17:48:08: _dellocveh: c2a3e353d873a62876c6d034c
13.02.2020 17:48:08: _inCombatTime: j9c13506d491432698f9c
13.02.2020 17:48:08: _inCombatArray: x274f0249224d3c1d33226f45
13.02.2020 17:48:08: _fnc_infiKeyHandler: q25435d271c132d63196f196f499c1c086e22
13.02.2020 17:48:08: _vehicle_needs_check: v3785575a0e301c14453f3f728f27156e777947892a25798c632a0f
13.02.2020 17:48:08: _MAKE_VAR_DUMP_RANDOM: n5c49173c751c882c6973
13.02.2020 17:48:08: _MAKE_VAR_DUMP_CLIENT: v7f4589954d294e3d177e340c377c72
13.02.2020 17:48:08: _DUMPINGPLAYERUIDARRAY: p9e029c094c124d2245275599326485703a92190577
13.02.2020 17:48:08: _CURRENTLYDUMPING: h778d0d676c7f952c9293254c490c7f1c974f
13.02.2020 17:48:08: _antiantihack_rndvar: q099e45828c63326c8c458c394d3c
13.02.2020 17:48:08: _name_by_uid: w653e121f69821790775580571e641569655a2a
13.02.2020 17:48:08: _owner_by_uid: t4e8033231995556269883e0e22439342041e57736f4e
13.02.2020 17:48:08: _customcommandingMenu: b6e3c753e158285756724
13.02.2020 17:48:08: _customcommandingMenuOpen: i378245183a2e55777c7c457e58
13.02.2020 17:48:08: _AH_KICKLOG: PVAHR_7g9u9k5n3j2x3l
13.02.2020 17:48:08: ----END-LINE----   (12-01-2020 22-45-36 - v0260)
