01.02.2020 00:08:56: Donnie Turbo(76561198041233395) CLIENT OWNER ID [97], TOKEN [ik2d45vzi32st3]
01.02.2020 00:10:54: [1K-33] R. Tjay(76561198883479728) CLIENT OWNER ID [98], TOKEN [gsofkmo3iauir96]
01.02.2020 00:17:55: luke(76561198264871362) CLIENT OWNER ID [102], TOKEN [fjiyg8tcmv7xhfeyz7]
01.02.2020 00:31:00: Jbo Marino[201](76561198206026112) CLIENT OWNER ID [104], TOKEN [ww1lbdtm8smwhfgr]
01.02.2020 00:36:10: Donnie Turbo(76561198041233395) CLIENT OWNER ID [106], TOKEN [xj0e6my6przkymjd]
01.02.2020 00:36:33: Harold Reginald(76561198355765034) CLIENT OWNER ID [105], TOKEN [ihifmjol6jm1xyoqs]
01.02.2020 00:40:18: Harold Reginald(76561198355765034) CLIENT OWNER ID [105], TOKEN [qytv25chj2hbpk34h]
01.02.2020 00:49:22: Eriden Parker(76561198054085448) CLIENT OWNER ID [107], TOKEN [o8y16y7j21lfrttl7]
01.02.2020 00:57:46: Boyevik Butch-Mac Volkev(76561198089960350) CLIENT OWNER ID [108], TOKEN [wc7am0r5rkg34idw]
01.02.2020 01:01:56: Harold Reginald(76561198355765034) CLIENT OWNER ID [109], TOKEN [k44y5pr33kmg71]
01.02.2020 01:08:57: AL "BIG AL" GAMBINO(76561198361509989) CLIENT OWNER ID [110], TOKEN [gj7xla1fxzcftpz2q]
01.02.2020 01:14:27: luke(76561198264871362) CLIENT OWNER ID [112], TOKEN [dz5tx03r600pabz9]
01.02.2020 01:15:02: Joe Montana(76561198368248470) CLIENT OWNER ID [111], TOKEN [qyntjrwd20j40r475h]
01.02.2020 01:27:41: S.Kingston(76561198046640450) CLIENT OWNER ID [113], TOKEN [d20cp6prkktkoso]
01.02.2020 01:32:50: Wyclef(76561198038112694) CLIENT OWNER ID [114], TOKEN [kjlzyr3ojgqyojh]
01.02.2020 01:35:42: Donnie Turbo(76561198041233395) CLIENT OWNER ID [116], TOKEN [yit4hrkkmh8cc1c4ec]
01.02.2020 02:02:05: Donnie Turbo(76561198041233395) CLIENT OWNER ID [117], TOKEN [e4p583sqmulf6p]
01.02.2020 02:09:06: Eriden Parker(76561198054085448) CLIENT OWNER ID [107], TOKEN [doqodk71hyvtibxwiv4]
01.02.2020 02:33:35: [1K-33] R. Tjay(76561198883479728) CLIENT OWNER ID [118], TOKEN [vif6mqtujzaudrw9]
01.02.2020 02:40:42: HoyoBani(76561198105940600) CLIENT OWNER ID [119], TOKEN [yxyl10hvkek85aeq]
01.02.2020 03:06:01: Donnie Turbo(76561198041233395) CLIENT OWNER ID [121], TOKEN [j5dsqywa7srngq37hw]
01.02.2020 03:25:55: [RMC] Tabed(76561198123697713) CLIENT OWNER ID [122], TOKEN [nc6t3xj9yed0eeb]
01.02.2020 03:36:10: [1K-12] J Shepard(76561198043298972) CLIENT OWNER ID [123], TOKEN [l9ewu6w4poej63ba]
01.02.2020 03:52:16: John Howitzer(76561198135174268) CLIENT OWNER ID [125], TOKEN [msvkib2y71efctd7]
01.02.2020 04:36:44: Robert Kennedy(76561198083728776) CLIENT OWNER ID [5], TOKEN [pneq85tsck4p13o]
01.02.2020 04:38:07: Rick Cheney(76561198860031547) CLIENT OWNER ID [7], TOKEN [m56e3zyaov3y9cn2q]
01.02.2020 04:42:55: [RMC] Tabed(76561198123697713) CLIENT OWNER ID [8], TOKEN [ktc3mjsqg7duqpj]
01.02.2020 04:44:29: John Anderson(76561198180893505) CLIENT OWNER ID [4], TOKEN [lvk55ygtuhmb818u]
01.02.2020 04:54:21: John Anderson(76561198180893505) CLIENT OWNER ID [4], TOKEN [mngp5icvfm1pdxd5]
01.02.2020 04:58:23: John Anderson(76561198180893505) CLIENT OWNER ID [4], TOKEN [pr4tshqdi8wzoctn]
01.02.2020 04:58:31: [1K-12] J Shepard(76561198043298972) CLIENT OWNER ID [9], TOKEN [k1c6xkwsx28s2xgv7]
01.02.2020 05:00:25: Alexander.Rios(76561198037915534) CLIENT OWNER ID [11], TOKEN [wbf2hexte1pxuvz1ni]
01.02.2020 05:02:05: Wyclef(76561198038112694) CLIENT OWNER ID [13], TOKEN [hng11ati5wk0ns2n]
01.02.2020 05:04:18: John Howitzer(76561198135174268) CLIENT OWNER ID [12], TOKEN [kh4gubgirf5eyb4]
01.02.2020 05:05:07: Javier Escuella(76561198370210333) CLIENT OWNER ID [14], TOKEN [itduj0qfbwwhobm]
01.02.2020 05:06:26: Boyevik Butch-Mac Volkev(76561198089960350) CLIENT OWNER ID [15], TOKEN [e8gv94dkklqkkw1]
01.02.2020 05:18:10: Jbo Marino[201](76561198206026112) CLIENT OWNER ID [17], TOKEN [rgyac2gm6xnn8u05]
01.02.2020 05:30:37: Rick Cheney(76561198860031547) CLIENT OWNER ID [7], TOKEN [tjsl0rqhygrys5nxlh]
01.02.2020 05:49:04: Vicente Carrillo(76561198388284702) CLIENT OWNER ID [18], TOKEN [t63fzcl7p8h6fpxku]
01.02.2020 05:52:21: AL "BIG AL" GAMBINO(76561198361509989) CLIENT OWNER ID [19], TOKEN [qgj7dv4wn8bhlgha]
01.02.2020 05:53:00: Vicente Carrillo(76561198388284702) CLIENT OWNER ID [20], TOKEN [imuppv2py1z3k5kgfmi]
01.02.2020 05:57:12: Javier Escuella(76561198370210333) CLIENT OWNER ID [21], TOKEN [l3k4zrw22kazrgfvbg]
01.02.2020 05:57:53: Vicente Carrillo(76561198388284702) CLIENT OWNER ID [22], TOKEN [ed75k2znrvsj5m4]
01.02.2020 07:03:25: Warren Blades(76561198281290777) CLIENT OWNER ID [24], TOKEN [aplpx004ccnbkx]
01.02.2020 07:08:02: John Jamison(76561198135174268) CLIENT OWNER ID [25], TOKEN [qjpztssve6xu64k0]
01.02.2020 07:14:50: Joe Montana(76561198368248470) CLIENT OWNER ID [26], TOKEN [idzfjqd61b3ws65]
01.02.2020 07:37:16: Bokmeister(76561197994437301) CLIENT OWNER ID [28], TOKEN [lo3gk4hzur7mpntc5v]
01.02.2020 07:37:39: Kabbagemeister(76561198276339278) CLIENT OWNER ID [27], TOKEN [sjhtw3ykm08wy6oj]
01.02.2020 07:37:54: Bokmeister(76561197994437301) CLIENT OWNER ID [28], TOKEN [yiux7mc8z6alh68]
01.02.2020 07:42:04: Rick Cheney(76561198860031547) CLIENT OWNER ID [7], TOKEN [n0i1y4qglqtk9co]
01.02.2020 07:53:05: Robert Kennedy(76561198083728776) CLIENT OWNER ID [5], TOKEN [ewv2nx0gjk7odugobx]
01.02.2020 07:55:29: Stanley Thompson [1K-75](76561198180893505) CLIENT OWNER ID [29], TOKEN [k7km0ppx7f7643fdunx]
01.02.2020 08:06:45: [RMC] Tabed(76561198123697713) CLIENT OWNER ID [31], TOKEN [a26u1kc5suhm8yq]
01.02.2020 08:25:14: Robert Kennedy(76561198083728776) CLIENT OWNER ID [32], TOKEN [uiz2uyl84s7kjjk]
01.02.2020 08:27:01: Boyevik Butch-Mac Volkev(76561198089960350) CLIENT OWNER ID [33], TOKEN [xlgywu1jl9gt6kq]
01.02.2020 08:27:52: Stanley Thompson [1K-75](76561198180893505) CLIENT OWNER ID [29], TOKEN [jevn7qucnc04c55k8uo]
01.02.2020 09:09:23: Jbo Marino[201](76561198206026112) CLIENT OWNER ID [35], TOKEN [p8nwf31qzc0uo058uh6]
01.02.2020 09:19:58: Rick Cheney(76561198860031547) CLIENT OWNER ID [7], TOKEN [l5gsmswkkrjy64vgjz]
01.02.2020 09:28:48: Stanley Thompson [1K-75](76561198180893505) CLIENT OWNER ID [29], TOKEN [c7evhthwu8ib7sh]
01.02.2020 09:29:02: Robert Kennedy(76561198083728776) CLIENT OWNER ID [32], TOKEN [o8rqydwzsyphdvs]
01.02.2020 09:32:15: Jbo Marino[201](76561198206026112) CLIENT OWNER ID [35], TOKEN [gmyyhuc9g20oeos]
01.02.2020 09:32:55: Jbo Marino[201](76561198206026112) CLIENT OWNER ID [35], TOKEN [wbwmn2khak4jz5n6p]
01.02.2020 11:10:51: Robert Kennedy(76561198083728776) CLIENT OWNER ID [37], TOKEN [cmgebea3hue64st6]
01.02.2020 18:36:22: S.Kingston(76561198046640450) CLIENT OWNER ID [38], TOKEN [gmhwo6wc3i0r8rcrg]
01.02.2020 19:02:49: [RMC] Tabed(76561198123697713) CLIENT OWNER ID [39], TOKEN [iwqdpx2u6cyuchyb1nk]
01.02.2020 20:04:56: luke(76561198264871362) CLIENT OWNER ID [40], TOKEN [uzpepfkf4ew8r8ojzmd]
01.02.2020 21:59:55: Thomas Woods(76561198174871239) CLIENT OWNER ID [41], TOKEN [bpky36pvfsoj623rn]
01.02.2020 22:17:45: luke(76561198264871362) CLIENT OWNER ID [43], TOKEN [pk725gcpy7r7obp]
01.02.2020 22:20:18: Joe Montana(76561198368248470) CLIENT OWNER ID [42], TOKEN [qts2fmbhb2ig0luv]
01.02.2020 23:50:08: Nino Marino(76561198206026112) CLIENT OWNER ID [46], TOKEN [rd39vpnm6x44g8vuqu]
01.02.2020 23:51:47: George Clean(76561198130285673) CLIENT OWNER ID [47], TOKEN [jt4rwzp0777rvbx54h]
