01.02.2020 00:08:25: 31h 40min | Disconnected: [220]Para.R.Tjay(76561198883479728 - 92) - time: 113904 - serverFPS: 45.584
01.02.2020 00:08:56: 31h 41min | Connected: Donnie Turbo(76561198041233395 - 97) - time: 113935 - serverFPS: 45.7143
01.02.2020 00:10:54: 31h 43min | Connected: [1K-33] R. Tjay(76561198883479728 - 98) - time: 114053 - serverFPS: 45.7143
01.02.2020 00:17:55: 31h 50min | Connected: luke(76561198264871362 - 102) - time: 114473 - serverFPS: 45.4545
01.02.2020 00:31:00: 32h 3min | Connected: Jbo Marino[201](76561198206026112 - 104) - time: 115258 - serverFPS: 46.2428
01.02.2020 00:32:27: 32h 4min | Disconnected: Eriden Parker(76561198054085448 - 93) - time: 115345 - serverFPS: 40.404
01.02.2020 00:33:47: 32h 6min | Disconnected: Donnie Turbo(76561198041233395 - 97) - time: 115425 - serverFPS: 46.6472
01.02.2020 00:36:10: 32h 8min | Connected: Donnie Turbo(76561198041233395 - 106) - time: 115568 - serverFPS: 45.8453
01.02.2020 00:36:33: 32h 8min | Connected: Harold Reginald(76561198355765034 - 105) - time: 115590 - serverFPS: 46.6472
01.02.2020 00:39:59: 32h 12min | Disconnected: Harold Reginald(76561198355765034 - 105) - time: 115797 - serverFPS: 46.2428
01.02.2020 00:40:18: 32h 12min | Connected: Harold Reginald(76561198355765034 - 105) - time: 115815 - serverFPS: 45.584
01.02.2020 00:49:22: 32h 21min | Connected: Eriden Parker(76561198054085448 - 107) - time: 116359 - serverFPS: 45.3258
01.02.2020 00:54:52: 32h 27min | Disconnected: Harold Reginald(76561198355765034 - 105) - time: 116689 - serverFPS: 46.2428
01.02.2020 00:56:43: 32h 29min | Disconnected: luke(76561198264871362 - 102) - time: 116799 - serverFPS: 45.584
01.02.2020 00:57:46: 32h 30min | Connected: Boyevik Butch-Mac Volkev(76561198089960350 - 108) - time: 116862 - serverFPS: 46.9208
01.02.2020 01:01:00: 32h 33min | Disconnected: Donnie Turbo(76561198041233395 - 106) - time: 117057 - serverFPS: 45.8453
01.02.2020 01:01:56: 32h 34min | Connected: Harold Reginald(76561198355765034 - 109) - time: 117112 - serverFPS: 39.9002
01.02.2020 01:03:14: 32h 35min | Disconnected: AL "BIG AL" GAMBINO(76561198361509989 - 96) - time: 117190 - serverFPS: 47.3373
01.02.2020 01:08:54: 32h 41min | Disconnected: [RMC] Tabed(76561198123697713 - 89) - time: 117530 - serverFPS: 45.584
01.02.2020 01:08:57: 32h 41min | Connected: AL "BIG AL" GAMBINO(76561198361509989 - 110) - time: 117533 - serverFPS: 45.977
01.02.2020 01:14:27: 32h 46min | Connected: luke(76561198264871362 - 112) - time: 117863 - serverFPS: 45.4545
01.02.2020 01:15:02: 32h 47min | Connected: Joe Montana(76561198368248470 - 111) - time: 117897 - serverFPS: 45.3258
01.02.2020 01:16:10: 32h 48min | Disconnected: AL "BIG AL" GAMBINO(76561198361509989 - 110) - time: 117966 - serverFPS: 45.7143
01.02.2020 01:18:34: 32h 50min | Disconnected: Thomas Woods(76561198174871239 - 84) - time: 118110 - serverFPS: 46.1095
01.02.2020 01:19:21: 32h 51min | Disconnected: Robert Kennedy(76561198083728776 - 90) - time: 118156 - serverFPS: 45.584
01.02.2020 01:27:41: 32h 59min | Connected: S.Kingston(76561198046640450 - 113) - time: 118656 - serverFPS: 46.2428
01.02.2020 01:28:57: 33h 1min | Disconnected: Harold Reginald(76561198355765034 - 109) - time: 118731 - serverFPS: 47.0588
01.02.2020 01:32:50: 33h 5min | Connected: Wyclef(76561198038112694 - 114) - time: 118964 - serverFPS: 45.3258
01.02.2020 01:35:42: 33h 8min | Connected: Donnie Turbo(76561198041233395 - 116) - time: 119137 - serverFPS: 44.9438
01.02.2020 01:58:12: 33h 30min | Disconnected: Donnie Turbo(76561198041233395 - 116) - time: 120485 - serverFPS: 46.7836
01.02.2020 02:02:05: 33h 34min | Connected: Donnie Turbo(76561198041233395 - 117) - time: 120719 - serverFPS: 46.1095
01.02.2020 02:08:39: 33h 40min | Disconnected: Eriden Parker(76561198054085448 - 107) - time: 121112 - serverFPS: 45.7143
01.02.2020 02:09:06: 33h 41min | Connected: Eriden Parker(76561198054085448 - 107) - time: 121139 - serverFPS: 45.3258
01.02.2020 02:27:12: 33h 59min | Disconnected: [1K-33] R. Tjay(76561198883479728 - 98) - time: 122224 - serverFPS: 45.4545
01.02.2020 02:33:35: 34h 5min | Connected: [1K-33] R. Tjay(76561198883479728 - 118) - time: 122607 - serverFPS: 46.2428
01.02.2020 02:40:42: 34h 13min | Connected: HoyoBani(76561198105940600 - 119) - time: 123034 - serverFPS: 46.2428
01.02.2020 03:02:45: 34h 35min | Disconnected: Donnie Turbo(76561198041233395 - 117) - time: 124356 - serverFPS: 45.7143
01.02.2020 03:06:01: 34h 38min | Connected: Donnie Turbo(76561198041233395 - 121) - time: 124552 - serverFPS: 45.7143
01.02.2020 03:06:24: 34h 38min | Disconnected: Donnie Turbo(76561198041233395 - 121) - time: 124575 - serverFPS: 46.5116
01.02.2020 03:13:27: 34h 45min | Disconnected: Joe Montana(76561198368248470 - 111) - time: 124998 - serverFPS: 40.9207
01.02.2020 03:15:41: 34h 47min | Disconnected: Eriden Parker(76561198054085448 - 107) - time: 125131 - serverFPS: 47.3373
01.02.2020 03:25:55: 34h 58min | Connected: [RMC] Tabed(76561198123697713 - 122) - time: 125746 - serverFPS: 45.3258
01.02.2020 03:35:47: 35h 8min | Disconnected: luke(76561198264871362 - 112) - time: 126337 - serverFPS: 45.584
01.02.2020 03:36:10: 35h 8min | Connected: [1K-12] J Shepard(76561198043298972 - 123) - time: 126360 - serverFPS: 46.7836
01.02.2020 03:36:57: 35h 9min | Disconnected: S.Kingston(76561198046640450 - 113) - time: 126407 - serverFPS: 46.6472
01.02.2020 03:52:16: 35h 24min | Connected: John Howitzer(76561198135174268 - 125) - time: 127326 - serverFPS: 45.1977
01.02.2020 04:03:56: 35h 36min | Disconnected: John Howitzer(76561198135174268 - 125) - time: 128026 - serverFPS: 45.3258
01.02.2020 04:12:06: 35h 44min | Disconnected: [1K-33] R. Tjay(76561198883479728 - 118) - time: 128515 - serverFPS: 45.7143
01.02.2020 04:21:22: 35h 53min | Disconnected: HoyoBani(76561198105940600 - 119) - time: 129072 - serverFPS: 45.8453
01.02.2020 04:21:36: 35h 53min | Disconnected: Wyclef(76561198038112694 - 114) - time: 129086 - serverFPS: 45.977
01.02.2020 04:21:45: 35h 54min | Disconnected: Boyevik Butch-Mac Volkev(76561198089960350 - 108) - time: 129095 - serverFPS: 42.7808
01.02.2020 04:22:49: 35h 55min | Disconnected: [1K-12] J Shepard(76561198043298972 - 123) - time: 129159 - serverFPS: 45.1977
01.02.2020 04:26:37: 35h 58min | Disconnected: Jbo Marino[201](76561198206026112 - 104) - time: 129386 - serverFPS: 44.3213
01.02.2020 04:29:32: infiSTAR_PlayerConnected_id: 1
01.02.2020 04:29:32: infiSTAR_PlayerDisconnected_id: 0
01.02.2020 04:36:44: 0h 8min | Connected: Robert Kennedy(76561198083728776 - 5) - time: 435.222 - serverFPS: 45.7143
01.02.2020 04:38:07: 0h 10min | Connected: Rick Cheney(76561198860031547 - 7) - time: 517.088 - serverFPS: 46.2428
01.02.2020 04:42:55: 0h 14min | Connected: [RMC] Tabed(76561198123697713 - 8) - time: 805.408 - serverFPS: 46.6472
01.02.2020 04:44:29: 0h 16min | Connected: John Anderson(76561198180893505 - 4) - time: 898.494 - serverFPS: 45.8453
01.02.2020 04:54:06: 0h 26min | Disconnected: John Anderson(76561198180893505 - 4) - time: 1475.34 - serverFPS: 46.3768
01.02.2020 04:54:21: 0h 26min | Connected: John Anderson(76561198180893505 - 4) - time: 1490.7 - serverFPS: 46.7836
01.02.2020 04:58:02: 0h 30min | Disconnected: John Anderson(76561198180893505 - 4) - time: 1711.26 - serverFPS: 46.2428
01.02.2020 04:58:23: 0h 30min | Connected: John Anderson(76561198180893505 - 4) - time: 1731.91 - serverFPS: 46.9208
01.02.2020 04:58:31: 0h 30min | Connected: [1K-12] J Shepard(76561198043298972 - 9) - time: 1738.65 - serverFPS: 47.0588
01.02.2020 05:00:25: 0h 32min | Connected: Alexander.Rios(76561198037915534 - 11) - time: 1852.91 - serverFPS: 46.5116
01.02.2020 05:02:05: 0h 34min | Connected: Wyclef(76561198038112694 - 13) - time: 1952.21 - serverFPS: 46.5116
01.02.2020 05:04:18: 0h 36min | Connected: John Howitzer(76561198135174268 - 12) - time: 2085.23 - serverFPS: 45.584
01.02.2020 05:05:07: 0h 37min | Connected: Javier Escuella(76561198370210333 - 14) - time: 2134.16 - serverFPS: 46.5116
01.02.2020 05:06:26: 0h 38min | Connected: Boyevik Butch-Mac Volkev(76561198089960350 - 15) - time: 2212.63 - serverFPS: 45.977
01.02.2020 05:18:10: 0h 50min | Connected: Jbo Marino[201](76561198206026112 - 17) - time: 2915.76 - serverFPS: 45.1977
01.02.2020 05:29:53: 1h 1min | Disconnected: Rick Cheney(76561198860031547 - 7) - time: 3618.61 - serverFPS: 46.1095
01.02.2020 05:30:37: 1h 2min | Connected: Rick Cheney(76561198860031547 - 7) - time: 3662.81 - serverFPS: 45.7143
01.02.2020 05:49:04: 1h 21min | Connected: Vicente Carrillo(76561198388284702 - 18) - time: 4769.23 - serverFPS: 45.8453
01.02.2020 05:49:06: 1h 21min | Disconnected: Vicente Carrillo(76561198388284702 - 18) - time: 4771.29 - serverFPS: 47.0588
01.02.2020 05:51:19: 1h 23min | Disconnected: Javier Escuella(76561198370210333 - 14) - time: 4903.9 - serverFPS: 45.7143
01.02.2020 05:52:21: 1h 24min | Connected: AL "BIG AL" GAMBINO(76561198361509989 - 19) - time: 4965.56 - serverFPS: 46.2428
01.02.2020 05:53:00: 1h 25min | Connected: Vicente Carrillo(76561198388284702 - 20) - time: 5004.73 - serverFPS: 45.7143
01.02.2020 05:53:02: 1h 25min | Disconnected: Vicente Carrillo(76561198388284702 - 20) - time: 5006.62 - serverFPS: 45.584
01.02.2020 05:57:12: 1h 29min | Connected: Javier Escuella(76561198370210333 - 21) - time: 5257.23 - serverFPS: 46.9208
01.02.2020 05:57:53: 1h 29min | Connected: Vicente Carrillo(76561198388284702 - 22) - time: 5297.85 - serverFPS: 45.977
01.02.2020 05:58:44: 1h 30min | Disconnected: Wyclef(76561198038112694 - 13) - time: 5347.98 - serverFPS: 45.4545
01.02.2020 06:28:55: 2h 0min | Disconnected: Alexander.Rios(76561198037915534 - 11) - time: 7158.83 - serverFPS: 46.3768
01.02.2020 06:54:31: 2h 26min | Disconnected: [RMC] Tabed(76561198123697713 - 8) - time: 8694.99 - serverFPS: 45.3258
01.02.2020 07:03:25: 2h 35min | Connected: Warren Blades(76561198281290777 - 24) - time: 9228.71 - serverFPS: 45.7143
01.02.2020 07:06:46: 2h 38min | Disconnected: John Howitzer(76561198135174268 - 12) - time: 9429.37 - serverFPS: 46.1095
01.02.2020 07:08:02: 2h 40min | Connected: John Jamison(76561198135174268 - 25) - time: 9505.04 - serverFPS: 45.977
01.02.2020 07:14:50: 2h 46min | Connected: Joe Montana(76561198368248470 - 26) - time: 9912.46 - serverFPS: 45.7143
01.02.2020 07:37:11: 3h 9min | Disconnected: Boyevik Butch-Mac Volkev(76561198089960350 - 15) - time: 11252.3 - serverFPS: 45.8453
01.02.2020 07:37:16: 3h 9min | Connected: Bokmeister(76561197994437301 - 28) - time: 11257.8 - serverFPS: 45.584
01.02.2020 07:37:33: 3h 9min | Disconnected: Bokmeister(76561197994437301 - 28) - time: 11274.7 - serverFPS: 45.7143
01.02.2020 07:37:39: 3h 9min | Connected: Kabbagemeister(76561198276339278 - 27) - time: 11280.8 - serverFPS: 45.977
01.02.2020 07:37:54: 3h 9min | Connected: Bokmeister(76561197994437301 - 28) - time: 11295.3 - serverFPS: 45.4545
01.02.2020 07:37:58: 3h 9min | Disconnected: Kabbagemeister(76561198276339278 - 27) - time: 11299.7 - serverFPS: 46.3768
01.02.2020 07:38:56: 3h 10min | Disconnected: Bokmeister(76561197994437301 - 28) - time: 11357.3 - serverFPS: 45.977
01.02.2020 07:40:11: 3h 12min | Disconnected: [1K-12] J Shepard(76561198043298972 - 9) - time: 11432.1 - serverFPS: 46.5116
01.02.2020 07:41:31: 3h 13min | Disconnected: Rick Cheney(76561198860031547 - 7) - time: 11512.2 - serverFPS: 45.584
01.02.2020 07:42:04: 3h 14min | Connected: Rick Cheney(76561198860031547 - 7) - time: 11545.3 - serverFPS: 45.584
01.02.2020 07:52:02: 3h 24min | Disconnected: Robert Kennedy(76561198083728776 - 5) - time: 12143.1 - serverFPS: 46.3768
01.02.2020 07:52:11: 3h 24min | Disconnected: John Anderson(76561198180893505 - 4) - time: 12151.3 - serverFPS: 45.584
01.02.2020 07:53:05: 3h 25min | Connected: Robert Kennedy(76561198083728776 - 5) - time: 12205.9 - serverFPS: 45.7143
01.02.2020 07:55:29: 3h 27min | Connected: Stanley Thompson [1K-75](76561198180893505 - 29) - time: 12349.6 - serverFPS: 45.977
01.02.2020 08:06:45: 3h 38min | Connected: [RMC] Tabed(76561198123697713 - 31) - time: 13024.9 - serverFPS: 46.3768
01.02.2020 08:22:11: 3h 54min | Disconnected: Robert Kennedy(76561198083728776 - 5) - time: 13951.3 - serverFPS: 45.8453
01.02.2020 08:25:14: 3h 57min | Connected: Robert Kennedy(76561198083728776 - 32) - time: 14134 - serverFPS: 45.4545
01.02.2020 08:27:01: 3h 59min | Connected: Boyevik Butch-Mac Volkev(76561198089960350 - 33) - time: 14240.5 - serverFPS: 45.977
01.02.2020 08:27:17: 3h 59min | Disconnected: Stanley Thompson [1K-75](76561198180893505 - 29) - time: 14255.7 - serverFPS: 46.1095
01.02.2020 08:27:52: 3h 59min | Connected: Stanley Thompson [1K-75](76561198180893505 - 29) - time: 14290.9 - serverFPS: 45.4545
01.02.2020 08:52:04: 4h 24min | Disconnected: [RMC] Tabed(76561198123697713 - 31) - time: 15743.4 - serverFPS: 45.8453
01.02.2020 08:56:34: 4h 28min | Disconnected: AL "BIG AL" GAMBINO(76561198361509989 - 19) - time: 16012.8 - serverFPS: 47.4777
01.02.2020 08:59:13: 4h 31min | Disconnected: John Jamison(76561198135174268 - 25) - time: 16171.9 - serverFPS: 45.7143
01.02.2020 09:03:56: 4h 35min | Disconnected: Vicente Carrillo(76561198388284702 - 22) - time: 16455.1 - serverFPS: 45.977
01.02.2020 09:04:55: 4h 36min | Disconnected: Jbo Marino[201](76561198206026112 - 17) - time: 16514 - serverFPS: 45.7143
01.02.2020 09:05:35: 4h 37min | Disconnected: Joe Montana(76561198368248470 - 26) - time: 16554.3 - serverFPS: 45.3258
01.02.2020 09:09:23: 4h 41min | Connected: Jbo Marino[201](76561198206026112 - 35) - time: 16782.5 - serverFPS: 45.8453
01.02.2020 09:14:05: 4h 46min | Disconnected: Warren Blades(76561198281290777 - 24) - time: 17063 - serverFPS: 45.4545
01.02.2020 09:15:18: 4h 47min | Disconnected: Javier Escuella(76561198370210333 - 21) - time: 17136.9 - serverFPS: 45.3258
01.02.2020 09:16:35: 4h 48min | Disconnected: Boyevik Butch-Mac Volkev(76561198089960350 - 33) - time: 17213.1 - serverFPS: 45.3258
01.02.2020 09:19:16: 4h 51min | Disconnected: Rick Cheney(76561198860031547 - 7) - time: 17374.5 - serverFPS: 45.8453
01.02.2020 09:19:58: 4h 51min | Connected: Rick Cheney(76561198860031547 - 7) - time: 17416.3 - serverFPS: 45.584
01.02.2020 09:28:10: 4h 60min | Disconnected: Stanley Thompson [1K-75](76561198180893505 - 29) - time: 17908.1 - serverFPS: 45.584
01.02.2020 09:28:36: 5h 0min | Disconnected: Robert Kennedy(76561198083728776 - 32) - time: 17934.2 - serverFPS: 46.2428
01.02.2020 09:28:48: 5h 0min | Connected: Stanley Thompson [1K-75](76561198180893505 - 29) - time: 17946.1 - serverFPS: 45.4545
01.02.2020 09:29:02: 5h 1min | Connected: Robert Kennedy(76561198083728776 - 32) - time: 17959.9 - serverFPS: 46.1095
01.02.2020 09:31:42: 5h 3min | Disconnected: Jbo Marino[201](76561198206026112 - 35) - time: 18119.9 - serverFPS: 46.2428
01.02.2020 09:32:15: 5h 4min | Connected: Jbo Marino[201](76561198206026112 - 35) - time: 18152.5 - serverFPS: 45.7143
01.02.2020 09:32:40: 5h 4min | Disconnected: Jbo Marino[201](76561198206026112 - 35) - time: 18177.2 - serverFPS: 46.3768
01.02.2020 09:32:55: 5h 4min | Connected: Jbo Marino[201](76561198206026112 - 35) - time: 18192.8 - serverFPS: 45.977
01.02.2020 11:01:15: 6h 33min | Disconnected: Rick Cheney(76561198860031547 - 7) - time: 23491.6 - serverFPS: 46.1095
01.02.2020 11:06:06: 6h 38min | Disconnected: Jbo Marino[201](76561198206026112 - 35) - time: 23782.6 - serverFPS: 45.7143
01.02.2020 11:08:51: 6h 40min | Disconnected: Robert Kennedy(76561198083728776 - 32) - time: 23947.7 - serverFPS: 45.977
01.02.2020 11:10:51: 6h 42min | Connected: Robert Kennedy(76561198083728776 - 37) - time: 24067.5 - serverFPS: 46.1095
01.02.2020 11:14:23: 6h 46min | Disconnected: Stanley Thompson [1K-75](76561198180893505 - 29) - time: 24279.3 - serverFPS: 46.5116
01.02.2020 11:17:32: 6h 49min | Disconnected: Robert Kennedy(76561198083728776 - 37) - time: 24469.1 - serverFPS: 45.4545
01.02.2020 18:36:22: 14h 8min | Connected: S.Kingston(76561198046640450 - 38) - time: 50798.2 - serverFPS: 45.4545
01.02.2020 19:02:49: 14h 34min | Connected: [RMC] Tabed(76561198123697713 - 39) - time: 52384.7 - serverFPS: 46.5116
01.02.2020 20:04:56: 15h 36min | Connected: luke(76561198264871362 - 40) - time: 56111.3 - serverFPS: 45.4545
01.02.2020 20:14:48: 15h 46min | Disconnected: luke(76561198264871362 - 40) - time: 56703.2 - serverFPS: 45.3258
01.02.2020 20:20:01: 15h 52min | Disconnected: [RMC] Tabed(76561198123697713 - 39) - time: 57015.8 - serverFPS: 45.584
01.02.2020 20:31:28: 16h 3min | Disconnected: S.Kingston(76561198046640450 - 38) - time: 57703.2 - serverFPS: 47.0588
01.02.2020 21:59:55: 17h 31min | Connected: Thomas Woods(76561198174871239 - 41) - time: 63009.9 - serverFPS: 45.8453
01.02.2020 22:17:45: 17h 49min | Connected: luke(76561198264871362 - 43) - time: 64078.9 - serverFPS: 45.584
01.02.2020 22:20:18: 17h 52min | Connected: Joe Montana(76561198368248470 - 42) - time: 64231.8 - serverFPS: 45.584
01.02.2020 22:25:24: 17h 57min | Disconnected: luke(76561198264871362 - 43) - time: 64537.5 - serverFPS: 45.977
01.02.2020 23:03:12: 18h 35min | Disconnected: Thomas Woods(76561198174871239 - 41) - time: 66805.3 - serverFPS: 46.6472
01.02.2020 23:50:08: 19h 22min | Connected: Nino Marino(76561198206026112 - 46) - time: 69621.6 - serverFPS: 45.4545
01.02.2020 23:51:47: 19h 23min | Connected: George Clean(76561198130285673 - 47) - time: 69719.6 - serverFPS: 46.1095
