21.02.2020 00:19:42: 18h 3min | Disconnected: Firefox(76561198091328447 - 8) - time: 64875.9 - serverFPS: 45.4545
21.02.2020 00:27:08: 18h 10min | Disconnected: Alexander.Rios(76561198037915534 - 6) - time: 65321.9 - serverFPS: 45.8453
21.02.2020 00:29:16: 18h 12min | Connected: Nino Marino(76561198206026112 - 14) - time: 65450.7 - serverFPS: 46.1095
21.02.2020 00:33:45: 18h 17min | Connected: Alexander.Rios(76561198037915534 - 6) - time: 65718.5 - serverFPS: 46.1095
21.02.2020 00:34:52: 18h 18min | Connected: HoyoBani(76561198105940600 - 15) - time: 65785.6 - serverFPS: 46.9208
21.02.2020 00:36:24: 18h 19min | Disconnected: Donnie Turbo(76561198041233395 - 11) - time: 65877.3 - serverFPS: 46.7836
21.02.2020 00:37:03: 18h 20min | Connected: Donnie Turbo(76561198041233395 - 11) - time: 65916.3 - serverFPS: 45.7143
21.02.2020 00:39:23: 18h 22min | Disconnected: Alexander.Rios(76561198037915534 - 6) - time: 66055.2 - serverFPS: 45.8453
21.02.2020 00:39:37: 18h 22min | Connected: Alexander.Rios(76561198037915534 - 6) - time: 66069.5 - serverFPS: 45.584
21.02.2020 00:51:20: 18h 34min | Connected: Amado Carrillo fuentes(76561198354844800 - 16) - time: 66772.8 - serverFPS: 45.977
21.02.2020 01:04:29: 18h 47min | Connected: S.Kingston(76561198046640450 - 17) - time: 67561.4 - serverFPS: 45.3258
21.02.2020 01:07:24: 18h 50min | Disconnected: AL "BIG AL" GAMBINO(76561198361509989 - 13) - time: 67735.2 - serverFPS: 46.6472
21.02.2020 01:10:21: 18h 53min | Connected: AL "BIG AL" GAMBINO(76561198361509989 - 19) - time: 67912.4 - serverFPS: 45.4545
21.02.2020 01:11:14: 18h 54min | Connected: luke(76561198264871362 - 18) - time: 67965.4 - serverFPS: 45.1977
21.02.2020 01:23:01: 19h 6min | Connected: [3k-66] W.Blades(76561198281290777 - 20) - time: 68672.5 - serverFPS: 45.584
21.02.2020 01:35:44: 19h 19min | Disconnected: S.Kingston(76561198046640450 - 17) - time: 69434.6 - serverFPS: 45.8453
21.02.2020 01:38:08: 19h 21min | Connected: S.Kingston(76561198046640450 - 24) - time: 69578.3 - serverFPS: 45.3258
21.02.2020 01:40:06: 19h 23min | Disconnected: K-12 J Shepard(76561198043298972 - 9) - time: 69696 - serverFPS: 46.9208
21.02.2020 01:40:40: 19h 24min | Connected: K-12 J Shepard(76561198043298972 - 9) - time: 69730.2 - serverFPS: 45.584
21.02.2020 01:43:00: 19h 26min | Disconnected: Donnie Turbo(76561198041233395 - 11) - time: 69869.7 - serverFPS: 45.7143
21.02.2020 01:43:35: 19h 26min | Connected: Donnie Turbo(76561198041233395 - 11) - time: 69904.5 - serverFPS: 45.7143
21.02.2020 01:44:03: 19h 27min | Connected: Sternn(76561198087299936 - 27) - time: 69932.3 - serverFPS: 45.4545
21.02.2020 01:44:05: 19h 27min | Connected: Catdaddy(76561198171674043 - 26) - time: 69934.4 - serverFPS: 45.8453
21.02.2020 01:44:06: 19h 27min | Disconnected: Sternn(76561198087299936 - 27) - time: 69935.7 - serverFPS: 47.0588
21.02.2020 01:44:10: 19h 27min | Disconnected: luke(76561198264871362 - 18) - time: 69939.1 - serverFPS: 46.2428
21.02.2020 01:44:10: 19h 27min | Disconnected: Catdaddy(76561198171674043 - 26) - time: 69939.4 - serverFPS: 31.3112
21.02.2020 01:44:25: 19h 27min | Connected: Sternn(76561198087299936 - 27) - time: 69955 - serverFPS: 45.7143
21.02.2020 01:44:28: 19h 27min | Disconnected: Sternn(76561198087299936 - 27) - time: 69957.6 - serverFPS: 45.8453
21.02.2020 01:44:33: 19h 27min | Connected: Catdaddy(76561198171674043 - 26) - time: 69962.6 - serverFPS: 45.584
21.02.2020 01:44:35: 19h 27min | Disconnected: Catdaddy(76561198171674043 - 26) - time: 69964.9 - serverFPS: 46.5116
21.02.2020 01:45:59: 19h 29min | Connected: Catdaddy(76561198171674043 - 26) - time: 70048.4 - serverFPS: 45.977
21.02.2020 01:46:01: 19h 29min | Disconnected: Catdaddy(76561198171674043 - 26) - time: 70050.6 - serverFPS: 45.0704
21.02.2020 01:47:39: 19h 30min | Connected: Sternn(76561198087299936 - 27) - time: 70148.3 - serverFPS: 45.977
21.02.2020 01:47:41: 19h 31min | Disconnected: Sternn(76561198087299936 - 27) - time: 70150.1 - serverFPS: 45.977
21.02.2020 01:50:59: 19h 34min | Connected: Sternn(76561198087299936 - 27) - time: 70348.5 - serverFPS: 46.3768
21.02.2020 01:51:02: 19h 34min | Disconnected: Sternn(76561198087299936 - 27) - time: 70351.1 - serverFPS: 45.3258
21.02.2020 01:52:43: 19h 36min | Connected: Sternn(76561198087299936 - 27) - time: 70452.1 - serverFPS: 45.4545
21.02.2020 01:52:45: 19h 36min | Disconnected: Sternn(76561198087299936 - 27) - time: 70454.4 - serverFPS: 46.1095
21.02.2020 01:54:34: 19h 37min | Connected: luke(76561198264871362 - 28) - time: 70563.8 - serverFPS: 45.3258
21.02.2020 01:54:59: 19h 38min | Connected: Catdaddy(76561198171674043 - 26) - time: 70588.3 - serverFPS: 45.584
21.02.2020 01:55:07: 19h 38min | Disconnected: Catdaddy(76561198171674043 - 26) - time: 70596.2 - serverFPS: 45.8453
21.02.2020 01:55:37: 19h 38min | Disconnected: luke(76561198264871362 - 28) - time: 70626.1 - serverFPS: 46.9208
21.02.2020 02:00:40: 19h 44min | Connected: luke(76561198264871362 - 29) - time: 70928.7 - serverFPS: 45.584
21.02.2020 02:02:31: 19h 45min | Connected: Sternn(76561198087299936 - 30) - time: 71040.3 - serverFPS: 45.7143
21.02.2020 02:06:54: 19h 50min | Connected: Catdaddy(76561198171674043 - 26) - time: 71301.6 - serverFPS: 46.2428
21.02.2020 02:06:56: 19h 50min | Disconnected: Catdaddy(76561198171674043 - 26) - time: 71303.8 - serverFPS: 45.7143
21.02.2020 02:10:20: 19h 53min | Disconnected: K-12 J Shepard(76561198043298972 - 9) - time: 71508.3 - serverFPS: 45.584
21.02.2020 02:10:36: 19h 53min | Disconnected: Sternn(76561198087299936 - 30) - time: 71524.3 - serverFPS: 46.3768
21.02.2020 02:11:31: 19h 54min | Connected: Sergei Kovacic(76561198043298972 - 31) - time: 71579.3 - serverFPS: 45.7143
21.02.2020 02:12:02: 19h 55min | Disconnected: HoyoBani(76561198105940600 - 15) - time: 71609.5 - serverFPS: 45.3258
21.02.2020 02:13:34: 19h 56min | Connected: Ivan Pershketov(76561198105940600 - 33) - time: 71700.9 - serverFPS: 45.7143
21.02.2020 02:13:41: 19h 57min | Connected: Sternn(76561198087299936 - 32) - time: 71708.3 - serverFPS: 46.6472
21.02.2020 02:20:39: 20h 3min | Connected: Catdaddy(76561198171674043 - 34) - time: 72126 - serverFPS: 45.7143
21.02.2020 02:59:11: 20h 42min | Disconnected: Sternn(76561198087299936 - 32) - time: 74437 - serverFPS: 45.7143
21.02.2020 02:59:56: 20h 43min | Connected: Keane Mac(76561198330320051 - 38) - time: 74481.6 - serverFPS: 46.1095
21.02.2020 03:08:26: 20h 51min | Connected: John Anderson(76561198180893505 - 39) - time: 74992.3 - serverFPS: 45.584
21.02.2020 03:09:48: 20h 53min | Disconnected: Keane Mac(76561198330320051 - 38) - time: 75073.1 - serverFPS: 45.7143
21.02.2020 03:13:17: 20h 56min | Connected: Rogue Tjay(76561198883479728 - 40) - time: 75282.8 - serverFPS: 45.7143
21.02.2020 03:21:04: 21h 4min | Connected: Sherman(76561198038112694 - 41) - time: 75749.2 - serverFPS: 45.7143
21.02.2020 03:21:50: 21h 5min | Disconnected: luke(76561198264871362 - 29) - time: 75794.6 - serverFPS: 45.584
21.02.2020 03:29:49: 21h 13min | Disconnected: Catdaddy(76561198171674043 - 34) - time: 76273.8 - serverFPS: 45.584
21.02.2020 03:32:18: 21h 15min | Disconnected: Amado Carrillo fuentes(76561198354844800 - 16) - time: 76422.7 - serverFPS: 45.7143
21.02.2020 03:40:14: 21h 23min | Disconnected: John Anderson(76561198180893505 - 39) - time: 76898.9 - serverFPS: 45.7143
21.02.2020 03:42:45: 21h 26min | Connected: Zander Marino(76561198180893505 - 42) - time: 77049.5 - serverFPS: 45.584
21.02.2020 03:52:02: 21h 35min | Disconnected: AL "BIG AL" GAMBINO(76561198361509989 - 19) - time: 77606 - serverFPS: 46.1095
21.02.2020 04:20:36: 22h 3min | Disconnected: Rogue Tjay(76561198883479728 - 40) - time: 79319.4 - serverFPS: 45.977
21.02.2020 04:21:40: 22h 5min | Disconnected: Sherman(76561198038112694 - 41) - time: 79383.4 - serverFPS: 45.8453
21.02.2020 04:22:23: 22h 5min | Connected: Sherman(76561198038112694 - 41) - time: 79426.2 - serverFPS: 46.5116
21.02.2020 04:29:27: 22h 12min | Disconnected: Alexander.Rios(76561198037915534 - 6) - time: 79849.6 - serverFPS: 46.3768
21.02.2020 04:31:29: 22h 14min | Disconnected: [3k-66] W.Blades(76561198281290777 - 20) - time: 79971.9 - serverFPS: 46.2428
21.02.2020 04:40:43: 22h 24min | Disconnected: S.Kingston(76561198046640450 - 24) - time: 80526 - serverFPS: 45.8453
21.02.2020 04:46:32: 22h 29min | Disconnected: Ivan Pershketov(76561198105940600 - 33) - time: 80874.7 - serverFPS: 45.4545
21.02.2020 04:46:35: 22h 29min | Disconnected: Sherman(76561198038112694 - 41) - time: 80877.9 - serverFPS: 45.977
21.02.2020 04:46:42: 22h 30min | Disconnected: Sergei Kovacic(76561198043298972 - 31) - time: 80885.4 - serverFPS: 45.4545
21.02.2020 05:09:26: 22h 52min | Disconnected: Zander Marino(76561198180893505 - 42) - time: 82249.2 - serverFPS: 45.3258
21.02.2020 05:11:45: 22h 55min | Disconnected: Nino Marino(76561198206026112 - 14) - time: 82387.6 - serverFPS: 45.7143
21.02.2020 05:21:19: 23h 4min | Disconnected: Donnie Turbo(76561198041233395 - 11) - time: 82961.8 - serverFPS: 45.8453
21.02.2020 08:52:06: 26h 35min | Connected: Sternn(76561198087299936 - 45) - time: 95608 - serverFPS: 45.4545
21.02.2020 10:00:14: 27h 43min | Disconnected: Sternn(76561198087299936 - 45) - time: 99696.6 - serverFPS: 45.584
21.02.2020 10:21:18: 28h 4min | Connected: Sternn(76561198087299936 - 46) - time: 100960 - serverFPS: 45.977
21.02.2020 11:12:30: 28h 55min | Disconnected: Sternn(76561198087299936 - 46) - time: 104031 - serverFPS: 45.7143
21.02.2020 22:19:44: 40h 3min | Connected: AL "BIG AL" GAMBINO(76561198361509989 - 47) - time: 144065 - serverFPS: 45.3258
21.02.2020 23:25:03: 41h 8min | Disconnected: AL "BIG AL" GAMBINO(76561198361509989 - 47) - time: 147983 - serverFPS: 45.7143
21.02.2020 23:59:40: 41h 43min | Connected: Amado Carrillo fuentes(76561198354844800 - 49) - time: 150061 - serverFPS: 45.3258
