16.01.2020 00:03:18: 22h 11min | Jose Santana(76561198206026112) | SPECTATE - switchedCamera on alexs(76561198002867764) - C_man_1
16.01.2020 00:03:26: 22h 11min | Jose Santana(76561198206026112) | SPECTATE - switchedCamera on Rogue Tjay(76561198883479728) - d3s_q50_ER_14
16.01.2020 00:14:52: 22h 22min | Jose Santana(76561198206026112) | SPECTATE - switchedCamera on Rogue Tjay(76561198883479728) - d3s_q50_ER_14
16.01.2020 00:14:58: 22h 22min | Jose Santana(76561198206026112) | SPECTATE - switchedCamera on alexs(76561198002867764) - d3s_actros_14
16.01.2020 00:15:08: 22h 23min | Jose Santana(76561198206026112) | SPECTATE - switchedCamera on Rogue Tjay(76561198883479728) - d3s_q50_ER_14
16.01.2020 00:15:25: 22h 23min | Jose Santana(76561198206026112) | SPECTATE - switchedCamera on alexs(76561198002867764) - d3s_actros_14
16.01.2020 00:16:09: 22h 24min | Jose Santana(76561198206026112) | SPECTATE - switchedCamera on Rogue Tjay(76561198883479728) - d3s_q50_ER_14
16.01.2020 00:16:55: 22h 24min | Jose Santana(76561198206026112) | SPECTATE - switchedCamera on alexs(76561198002867764) - d3s_actros_14
16.01.2020 00:18:39: 22h 26min | Jose Santana(76561198206026112) | SPECTATE - switchedCamera on alexs(76561198002867764) - d3s_actros_14
16.01.2020 00:19:16: 22h 27min | Jose Santana(76561198206026112) | SPECTATE - switchedCamera on Rogue Tjay(76561198883479728) - d3s_q50_ER_14
16.01.2020 00:19:19: 22h 27min | Jose Santana(76561198206026112) | SPECTATE - switchedCamera on alexs(76561198002867764) - d3s_actros_14
16.01.2020 00:19:40: 22h 27min | Jose Santana(76561198206026112) | Teleport to [2857.45,4052.35,0](GPS: 028009)
16.01.2020 00:27:42: 22h 35min | Jose Santana(76561198206026112) | SPECTATE - switchedCamera on alexs(76561198002867764) - d3s_actros_14
16.01.2020 00:28:37: 22h 36min | Jose Santana(76561198206026112) | SPECTATE - switchedCamera on alexs(76561198002867764) - d3s_actros_14
16.01.2020 00:28:48: 22h 36min | Jose Santana(76561198206026112) | SPECTATE - switchedCamera on Rogue Tjay(76561198883479728) - d3s_q50_ER_14
16.01.2020 00:59:50: 23h 7min | Jose Santana(76561198206026112) | SPECTATE - switchedCamera on Rogue Tjay(76561198883479728) - d3s_q50_ER_14
16.01.2020 01:00:01: 23h 7min | Jose Santana(76561198206026112) | SPECTATE - switchedCamera on alexs(76561198002867764) - C_man_1
16.01.2020 01:00:35: 23h 8min | Jose Santana(76561198206026112) | Teleport to [3278.82,4065.39,0](GPS: 032009)
16.01.2020 01:09:49: 23h 17min | Jose Santana(76561198206026112) | God Mode - 1
16.01.2020 01:10:22: 23h 18min | Jose Santana(76561198206026112) | Revive - cop_1(76561198206026112)
16.01.2020 01:10:42: 23h 18min | Jose Santana(76561198206026112) | Teleport to [3840.48,3280.4,0](GPS: 038002)
16.01.2020 01:35:40: 23h 43min | Jose Santana(76561198206026112) | SPECTATE - switchedCamera on Rogue Tjay(76561198883479728) - d3s_silvia_s15_02
16.01.2020 01:35:43: 23h 43min | Jose Santana(76561198206026112) | SPECTATE - switchedCamera on Jose Santana(76561198206026112) - B_RangeMaster_F
16.01.2020 01:35:45: 23h 43min | Jose Santana(76561198206026112) | SPECTATE - switchedCamera on alexs(76561198002867764) - d3s_silvia_s15_02
16.01.2020 01:38:04: 23h 45min | Jose Santana(76561198206026112) | Added 1 fuelFulls to Jose Santana!
16.01.2020 01:39:09: 23h 47min | Jose Santana(76561198206026112) | locked - [d3s_q50_ER_14]
16.01.2020 01:45:27: 23h 53min | Jose Santana(76561198206026112) | God Mode - 0
16.01.2020 01:49:09: 23h 57min | Jose Santana(76561198206026112) | Revive - cop_1(76561198206026112)
16.01.2020 01:49:40: 23h 57min | Jose Santana(76561198206026112) | HealRepairNear
16.01.2020 01:49:44: 23h 57min | Jose Santana(76561198206026112) | HealRepairNear
16.01.2020 01:54:14: 24h 2min | Jose Santana(76561198206026112) | Teleport to [3838.78,3279.62,0](GPS: 038002)
16.01.2020 05:10:23: 0h 7min | Boyevik Butch-Mac Volkev(76561198089960350) | Revive - medic_1(76561198089960350)
16.01.2020 05:18:07: 0h 14min | Boyevik Butch-Mac Volkev(76561198089960350) | Deleting Land_Stretcher_01_F @035999..
16.01.2020 05:19:36: 0h 16min | Boyevik Butch-Mac Volkev(76561198089960350) | 2.500K Cash
16.01.2020 05:27:24: 0h 24min | Boyevik Butch-Mac Volkev(76561198089960350) | Deleting Land_Stretcher_01_F @035999..
16.01.2020 07:32:31: 2h 29min | Jbo Marino[201](76561198206026112) | Deleting GroundWeaponHolder @035999..
16.01.2020 07:33:52: 2h 30min | Jbo Marino[201](76561198206026112) | God Mode - 1
16.01.2020 07:35:35: 2h 32min | Jbo Marino[201](76561198206026112) | God Mode - 0
16.01.2020 07:35:42: 2h 32min | Jbo Marino[201](76561198206026112) | Give All Licenses
16.01.2020 07:35:47: 2h 32min | Jbo Marino[201](76561198206026112) | Give All Licenses
16.01.2020 07:36:02: 2h 32min | Jbo Marino[201](76561198206026112) | Killing Jbo Marino[201](76561198206026112) @035999
16.01.2020 07:36:02: 2h 32min | Jbo Marino[201](76561198206026112) | Kill - medic_1(76561198206026112)
16.01.2020 07:36:33: 2h 33min | Jbo Marino[201](76561198206026112) | Revive - medic_1(76561198206026112)
16.01.2020 07:41:28: 2h 38min | Jbo Marino[201](76561198206026112) | spawning Tin Foil Hat (H_Hat_Tinfoil_F)
16.01.2020 07:41:51: 2h 38min | Jbo Marino[201](76561198206026112) | spawning Deck Crew Vest (Blue) (V_DeckCrew_blue_F)
16.01.2020 07:44:18: 2h 41min | Jbo Marino[201](76561198206026112) | spawning Hit (Max_Hit_medium)
16.01.2020 07:44:46: 2h 41min | Jbo Marino[201](76561198206026112) | spawning Binoculars (Binocular)
16.01.2020 07:44:59: 2h 41min | Jbo Marino[201](76561198206026112) | spawning Toolkit (ToolKit)
16.01.2020 07:45:16: 2h 42min | Jbo Marino[201](76561198206026112) | spawning Survivor Knife (Max_survivor_knife)
16.01.2020 07:46:35: 2h 43min | Jbo Marino[201](76561198206026112) | Deleting GroundWeaponHolder @035999..
16.01.2020 07:51:26: 2h 48min | Jbo Marino[201](76561198206026112) | spawning Smoke Grenade (Blue) (SmokeShellBlue)
16.01.2020 07:51:27: 2h 48min | Jbo Marino[201](76561198206026112) | spawning Smoke Grenade (Blue) (SmokeShellBlue)
16.01.2020 07:51:27: 2h 48min | Jbo Marino[201](76561198206026112) | spawning Smoke Grenade (Blue) (SmokeShellBlue)
16.01.2020 07:51:28: 2h 48min | Jbo Marino[201](76561198206026112) | spawning Smoke Grenade (Blue) (SmokeShellBlue)
16.01.2020 07:51:28: 2h 48min | Jbo Marino[201](76561198206026112) | spawning Smoke Grenade (Blue) (SmokeShellBlue)
16.01.2020 07:51:29: 2h 48min | Jbo Marino[201](76561198206026112) | spawning Smoke Grenade (Blue) (SmokeShellBlue)
16.01.2020 07:51:37: 2h 48min | Jbo Marino[201](76561198206026112) | spawning Flare (Red) (FlareRed_F)
16.01.2020 07:51:39: 2h 48min | Jbo Marino[201](76561198206026112) | spawning Flare (Red) (FlareRed_F)
16.01.2020 07:51:55: 2h 48min | Jbo Marino[201](76561198206026112) | spawning Hit (Max_Hit_medium)
16.01.2020 07:51:55: 2h 48min | Jbo Marino[201](76561198206026112) | spawning Hit (Max_Hit_medium)
16.01.2020 07:51:55: 2h 48min | Jbo Marino[201](76561198206026112) | spawning Hit (Max_Hit_medium)
16.01.2020 07:51:56: 2h 48min | Jbo Marino[201](76561198206026112) | spawning Hit (Max_Hit_medium)
16.01.2020 07:51:58: 2h 48min | Jbo Marino[201](76561198206026112) | spawning Hit (Max_Hit_medium)
16.01.2020 07:51:58: 2h 48min | Jbo Marino[201](76561198206026112) | spawning Hit (Max_Hit_medium)
16.01.2020 07:51:59: 2h 48min | Jbo Marino[201](76561198206026112) | spawning Hit (Max_Hit_medium)
16.01.2020 07:51:59: 2h 48min | Jbo Marino[201](76561198206026112) | spawning Hit (Max_Hit_medium)
16.01.2020 07:51:59: 2h 48min | Jbo Marino[201](76561198206026112) | spawning Hit (Max_Hit_medium)
16.01.2020 07:52:00: 2h 48min | Jbo Marino[201](76561198206026112) | spawning Hit (Max_Hit_medium)
16.01.2020 07:52:00: 2h 48min | Jbo Marino[201](76561198206026112) | spawning Hit (Max_Hit_medium)
16.01.2020 07:52:29: 2h 49min | Jbo Marino[201](76561198206026112) | spawning Llaves de esposas (pop_llaves)
16.01.2020 07:53:15: 2h 50min | Jbo Marino[201](76561198206026112) | spawning Lollipop (Packed) (immersion_pops_poppack)
16.01.2020 07:53:15: 2h 50min | Jbo Marino[201](76561198206026112) | spawning Lollipop (Packed) (immersion_pops_poppack)
16.01.2020 07:53:16: 2h 50min | Jbo Marino[201](76561198206026112) | spawning Lollipop (Packed) (immersion_pops_poppack)
16.01.2020 07:53:16: 2h 50min | Jbo Marino[201](76561198206026112) | spawning Lollipop (Packed) (immersion_pops_poppack)
16.01.2020 07:53:17: 2h 50min | Jbo Marino[201](76561198206026112) | spawning Lollipop (Packed) (immersion_pops_poppack)
16.01.2020 07:53:17: 2h 50min | Jbo Marino[201](76561198206026112) | spawning Lollipop (Packed) (immersion_pops_poppack)
16.01.2020 07:53:17: 2h 50min | Jbo Marino[201](76561198206026112) | spawning Lollipop (Packed) (immersion_pops_poppack)
16.01.2020 07:55:32: 2h 52min | Jbo Marino[201](76561198206026112) | Deleting WeaponHolderSimulated @035999..
16.01.2020 09:35:54: 0h 7min | Boyevik Butch-Mac Volkev(76561198089960350) | Teleport to [3632.69,3106.96,0](GPS: 036000)
16.01.2020 09:36:40: 0h 7min | Boyevik Butch-Mac Volkev(76561198089960350) | Teleport to [3516.47,3088.37,0](GPS: 035000)
16.01.2020 09:36:58: 0h 8min | Boyevik Butch-Mac Volkev(76561198089960350) | Teleport In Facing Direction (10m steps) - 1
