25.02.2020 05:21:34: <infiSTAR.de> _fnc_RandomGen: {
_fnc_actualGen = {
_abc = ['z','y','x','w','v','u','t','s','r','q','p','o','n','m','l','k','j','i','h','g','f','e','d','c','b','a'];
_gen = _abc select (random ((count _abc)-1));
_arr = ['a','5','c','4','d','f','c','e','5','2','2','0','d','e','7','f','9','5','7','8','e','9','a','5','c','3','2','7','e','2','3'];
_randmax = {((round(random _randminval)) + (round(random _randmaxval))) max _randminval};
for '_i' from 0 to (call _randmax)do
{
_gen = _gen + str(round(random 9)) + (_arr select (random ((count _arr)-1)));
};
};
_gen = '';
while{_gen=='' || _gen in _allRandomGenVars}do{
call _fnc_actualGen;
};
_allRandomGenVars pushBack _gen;
_gen
}
25.02.2020 05:21:34: ----START-LINE----   (12-01-2020 22-45-36 - v0260)
25.02.2020 05:21:34: _adminbox: p82221e99488a09631715276c8d1e4a6d79
25.02.2020 05:21:34: _fnc_mpPackets: z72076a778252477c02222d10
25.02.2020 05:21:34: _FNC_AH_KICKLOG: n4e7a17223c758c956c6248842e651e2e8e
25.02.2020 05:21:34: _FNC_AH_KICKLOGSPAWN: o0c6e101255572905225c1a227c07
25.02.2020 05:21:34: _FNC_PVAH_AdminReq: k4f4a570e457e8255355f855d3c359e7c159e2d776d
25.02.2020 05:21:34: _token_by_uid: g857e3c252712194c45977d82721a6f
25.02.2020 05:21:34: _uid_by_token: i04337d3767638e7e4357102c27830c8e4f2c
25.02.2020 05:21:34: _server_setTokenR: f1f5e554d2c871f7e5f181e489580
25.02.2020 05:21:34: _YourPlayerToken: l1d1e2e281758936e8e2c2e7d32
25.02.2020 05:21:34: _TokenCT: k181515478e37553a3972
25.02.2020 05:21:34: _AH_MAIN_BLOCK: r4f4574248e426785683c
25.02.2020 05:21:34: _AHKickOFF: m3e7502932e2e744515684c9e39
25.02.2020 05:21:34: _AHKickLog: o57922c7989457e1f12728078791c225405156e443e
25.02.2020 05:21:34: _clientdo: t47609e773e22972e77351c5d4c3e754d039c2c2c0d45
25.02.2020 05:21:34: _AH_RunCheckENDVAR: l4472151c2e3d9f02275505738737935a
25.02.2020 05:21:34: _AH_RunCheckENDVAR_THREAD: t5e397c2e92124d59008d
25.02.2020 05:21:34: _AH_HackLogArrayRND: s1d426a62377c320e8595129212582929402c8732
25.02.2020 05:21:34: _AH_SurvLogArrayRND: i8d52424c035c1a52782544458f4e9d4e80741532
25.02.2020 05:21:34: _AH_AdmiLogArrayRND: p8547629765551805373e3212753e5a2e7e442c
25.02.2020 05:21:34: _TMPBAN: q8c2d8529158f555e2f9c75
25.02.2020 05:21:34: _massMessage: m4c82298a8a3513022c54
25.02.2020 05:21:34: _massSysMessage: j3f6f2f2e8f85221d8f8292
25.02.2020 05:21:34: _AHpos: y4a45855f223e1762298e
25.02.2020 05:21:34: _ninetwo: d4e8a3f221e656447982c28129e5e
25.02.2020 05:21:34: _ninetwothread: p321e251e1c3727832d82
25.02.2020 05:21:34: _adminsA: n9c655f550d3d752043502f3232675f24724c151d6e3d49
25.02.2020 05:21:34: <infiSTAR.de> _fnc_RandomGen: {
_fnc_actualGen = {
_abc = ['z','y','x','w','v','u','t','s','r','q','p','o','n','m','l','k','j','i','h','g','f','e','d','c','b','a'];
_gen = _abc select (random ((count _abc)-1));
_arr = ['a','5','c','4','d','f','c','e','5','2','2','0','d','e','7','f','9','5','7','8','e','9','a','5','c','3','2','7','e','2','3'];
_randmax = {((round(random _randminval)) + (round(random _randmaxval))) max _randminval};
for '_i' from 0 to (call _randmax)do
{
_gen = _gen + str(round(random 9)) + (_arr select (random ((count _arr)-1)));
};
};
_gen = '';
while{_gen=='' || _gen in _allRandomGenVars}do{
call _fnc_actualGen;
};
_allRandomGenVars pushBack _gen;
_gen
}
25.02.2020 05:21:34: ----START-LINE----   (12-01-2020 22-45-36 - v0260)
25.02.2020 05:21:34: _adminbox: p82221e99488a09631715276c8d1e4a6d79
25.02.2020 05:21:34: _fnc_mpPackets: z72076a778252477c02222d10
25.02.2020 05:21:34: _FNC_AH_KICKLOG: n4e7a17223c758c956c6248842e651e2e8e
25.02.2020 05:21:34: _FNC_AH_KICKLOGSPAWN: o0c6e101255572905225c1a227c07
25.02.2020 05:21:34: _FNC_PVAH_AdminReq: k4f4a570e457e8255355f855d3c359e7c159e2d776d
25.02.2020 05:21:34: _token_by_uid: g857e3c252712194c45977d82721a6f
25.02.2020 05:21:34: _uid_by_token: i04337d3767638e7e4357102c27830c8e4f2c
25.02.2020 05:21:34: _server_setTokenR: f1f5e554d2c871f7e5f181e489580
25.02.2020 05:21:34: _YourPlayerToken: l1d1e2e281758936e8e2c2e7d32
25.02.2020 05:21:34: _TokenCT: k181515478e37553a3972
25.02.2020 05:21:34: _AH_MAIN_BLOCK: r4f4574248e426785683c
25.02.2020 05:21:34: _AHKickOFF: m3e7502932e2e744515684c9e39
25.02.2020 05:21:35: _AHKickLog: o57922c7989457e1f12728078791c225405156e443e
25.02.2020 05:21:35: _clientdo: t47609e773e22972e77351c5d4c3e754d039c2c2c0d45
25.02.2020 05:21:35: _AH_RunCheckENDVAR: l4472151c2e3d9f02275505738737935a
25.02.2020 05:21:35: _AH_RunCheckENDVAR_THREAD: t5e397c2e92124d59008d
25.02.2020 05:21:35: _AH_HackLogArrayRND: s1d426a62377c320e8595129212582929402c8732
25.02.2020 05:21:35: _AH_SurvLogArrayRND: i8d52424c035c1a52782544458f4e9d4e80741532
25.02.2020 05:21:35: _AH_AdmiLogArrayRND: p8547629765551805373e3212753e5a2e7e442c
25.02.2020 05:21:35: _TMPBAN: q8c2d8529158f555e2f9c75
25.02.2020 05:21:35: _massMessage: m4c82298a8a3513022c54
25.02.2020 05:21:35: _massSysMessage: j3f6f2f2e8f85221d8f8292
25.02.2020 05:21:35: _AHpos: y4a45855f223e1762298e
25.02.2020 05:21:35: _ninetwo: d4e8a3f221e656447982c28129e5e
25.02.2020 05:21:35: _ninetwothread: p321e251e1c3727832d82
25.02.2020 05:21:35: _adminsA: n9c655f550d3d752043502f3232675f24724c151d6e3d49
25.02.2020 05:21:35: _MC: i2e8f9e5f3c05327e7e725d334c3922224c2f654c34
25.02.2020 05:21:35: _MCS: q7a582535378e329c773538356c00188c221e573775
25.02.2020 05:21:35: _checkidicheckcheck: p6d851e3e05541c7e6e25
25.02.2020 05:21:35: _lastshotmade: y27337c6f1952034c40854d3c12772c57354a7c3764224783
25.02.2020 05:21:35: _dellocveh: s4c7e520d58822e7a872f8c7e8a8215597e557d2e
25.02.2020 05:21:35: _inCombatTime: f13591e437d2c3f2772429a854f9c656e75026e8d125e14
25.02.2020 05:21:35: _inCombatArray: b059d49493c79476d8e652e8c2a474355626e881e322e3c3e7e
25.02.2020 05:21:35: _fnc_infiKeyHandler: r238975592e454d2f2c4f6d799559472e1e75
25.02.2020 05:21:35: _vehicle_needs_check: v3f80973e4c65072e2427294e828c4c
25.02.2020 05:21:35: _MAKE_VAR_DUMP_RANDOM: d574a2c826c13924507242d722a2c
25.02.2020 05:21:35: _MAKE_VAR_DUMP_CLIENT: n0585651c80123f407537
25.02.2020 05:21:35: _DUMPINGPLAYERUIDARRAY: l679509273a30125d57995c158200
25.02.2020 05:21:35: _CURRENTLYDUMPING: j474e7572528e5257957e921c62921d12344405
25.02.2020 05:21:35: _antiantihack_rndvar: g257932832d42759c198e4e78173e3f328d191f
25.02.2020 05:21:35: _name_by_uid: e33531e2d2339696252896e47741d424974454249
25.02.2020 05:21:35: _owner_by_uid: x79772c37728c6e6c921e578e4d452f3957354a2d3a652a4d0c2d4e
25.02.2020 05:21:35: _customcommandingMenu: r723f6242952f952e1c8e2a9c33
25.02.2020 05:21:35: _customcommandingMenuOpen: h4e49359c0912759975740c
25.02.2020 05:21:35: _AH_KICKLOG: PVAHR_2j8o8m3j8b3w7k8k
25.02.2020 05:21:35: ----END-LINE----   (12-01-2020 22-45-36 - v0260)
25.02.2020 05:30:24: <infiSTAR.de> _fnc_RandomGen: {
_fnc_actualGen = {
_abc = ['z','y','x','w','v','u','t','s','r','q','p','o','n','m','l','k','j','i','h','g','f','e','d','c','b','a'];
_gen = _abc select (random ((count _abc)-1));
_arr = ['a','5','c','4','d','f','c','e','5','2','2','0','d','e','7','f','9','5','7','8','e','9','a','5','c','3','2','7','e','2','3'];
_randmax = {((round(random _randminval)) + (round(random _randmaxval))) max _randminval};
for '_i' from 0 to (call _randmax)do
{
_gen = _gen + str(round(random 9)) + (_arr select (random ((count _arr)-1)));
};
};
_gen = '';
while{_gen=='' || _gen in _allRandomGenVars}do{
call _fnc_actualGen;
};
_allRandomGenVars pushBack _gen;
_gen
}
25.02.2020 05:30:24: ----START-LINE----   (12-01-2020 22-45-36 - v0260)
25.02.2020 05:30:24: _adminbox: l1f7e5072076e471a321c007855378e5f224e
25.02.2020 05:30:24: _fnc_mpPackets: j5e787e6d69580e470d6c3e2e2e
25.02.2020 05:30:24: _FNC_AH_KICKLOG: y6935133c1f7c7e0f07639d6e1f
25.02.2020 05:30:24: _FNC_AH_KICKLOGSPAWN: o40658e6e7a58203d6e19250f3d4495
25.02.2020 05:30:24: _FNC_PVAH_AdminReq: d7e1a8e299e2c83922260
25.02.2020 05:30:24: _token_by_uid: i37531e62557795456d553c94451734
25.02.2020 05:30:24: _uid_by_token: k7d5d1a653c620a85558d428e670f728e6d5529638f455f6c85
25.02.2020 05:30:25: _server_setTokenR: p1c85453535584e452987983c1e330037792f7e6272
25.02.2020 05:30:25: _YourPlayerToken: j0375031f748055496790
25.02.2020 05:30:25: _TokenCT: g877c772082626d5a5c3c8953485e4a271228
25.02.2020 05:30:25: _AH_MAIN_BLOCK: e1a3d7368325d05331e3547651e7a
25.02.2020 05:30:25: _AHKickOFF: f0c40451d125e842e6e35255422908c590d
25.02.2020 05:30:25: _AHKickLog: g77551a3c8e97333e196025507a4e3e851c1269655f42
25.02.2020 05:30:25: _clientdo: s5a493c5777193a171e325a5932
25.02.2020 05:30:25: _AH_RunCheckENDVAR: y2e64548c834a3e4535291d
25.02.2020 05:30:25: _AH_RunCheckENDVAR_THREAD: s270a122e45154e554e7c637a3543758e2c68621472522f9d
25.02.2020 05:30:25: _AH_HackLogArrayRND: m2c8955324c24838c5a35427220403809
25.02.2020 05:30:25: _AH_SurvLogArrayRND: t3f2f795755570e3c1e15494589254a4552589c67
25.02.2020 05:30:25: _AH_AdmiLogArrayRND: b0e844d72525e4578738d3c2d4f29126c3575821c7c
25.02.2020 05:30:25: _TMPBAN: l6e24176e1e34894c6355243c7f5e42472e421242
25.02.2020 05:30:25: _massMessage: o5e4e3f2928855a6f0d53376e0a706e251e07523e176e29
25.02.2020 05:30:25: _massSysMessage: n857a69583d4740620c4e9e489e754c6d3f5a1202154d578e2f1c
25.02.2020 05:30:25: _AHpos: m7c722a8f60248925226c2c3d4c575449457a7e22
25.02.2020 05:30:25: _ninetwo: b6e727c4e3d35644c3e3f070a45158a5e8a853d857f776494426f353a
25.02.2020 05:30:25: _ninetwothread: c4224929d7252347d5d4517258949456e2a39
25.02.2020 05:30:25: _adminsA: q1e5c5a1835186d751a654c1e4312852745300e2d60826232
25.02.2020 05:30:25: _MC: l1e75399a28854f3c275280432e258f924a18657d62226e4f
25.02.2020 05:30:25: _MCS: y691e453e3e7f1c2e3765828e695e2e
25.02.2020 05:30:25: _checkidicheckcheck: p780e5c5e3e14576d7228
25.02.2020 05:30:25: _lastshotmade: m853e2a9989055f6e188f
25.02.2020 05:30:25: _dellocveh: c64277c9e8a223d878a65427287448e7c0a1e6225632a
25.02.2020 05:30:25: _inCombatTime: d138e6f5d95535247158e585350
25.02.2020 05:30:25: _inCombatArray: v235e033c2f582a1c52282a9e9a8e4d9a857a3f
25.02.2020 05:30:25: _fnc_infiKeyHandler: t1472199f32779202654e2f0f37390c592f5045377a8715281c27
25.02.2020 05:30:25: _vehicle_needs_check: q121579648e9c0a583c9c5c5d805e8a8785493e028f223f1a24
25.02.2020 05:30:25: _MAKE_VAR_DUMP_RANDOM: v5959856225354f7f826d2f65756a32129f3f171297177573
25.02.2020 05:30:25: _server_setTokenR: p1c85453535584e452987983c1e330037792f7e6272
25.02.2020 05:30:25: _YourPlayerToken: j0375031f748055496790
25.02.2020 05:30:25: _TokenCT: g877c772082626d5a5c3c8953485e4a271228
25.02.2020 05:30:25: _AH_MAIN_BLOCK: e1a3d7368325d05331e3547651e7a
25.02.2020 05:30:25: _AHKickOFF: f0c40451d125e842e6e35255422908c590d
25.02.2020 05:30:25: _AHKickLog: g77551a3c8e97333e196025507a4e3e851c1269655f42
25.02.2020 05:30:25: _clientdo: s5a493c5777193a171e325a5932
25.02.2020 05:30:25: _AH_RunCheckENDVAR: y2e64548c834a3e4535291d
25.02.2020 05:30:25: _AH_RunCheckENDVAR_THREAD: s270a122e45154e554e7c637a3543758e2c68621472522f9d
25.02.2020 05:30:25: _AH_HackLogArrayRND: m2c8955324c24838c5a35427220403809
25.02.2020 05:30:25: _AH_SurvLogArrayRND: t3f2f795755570e3c1e15494589254a4552589c67
25.02.2020 05:30:25: _AH_AdmiLogArrayRND: b0e844d72525e4578738d3c2d4f29126c3575821c7c
25.02.2020 05:30:25: _TMPBAN: l6e24176e1e34894c6355243c7f5e42472e421242
25.02.2020 05:30:25: _massMessage: o5e4e3f2928855a6f0d53376e0a706e251e07523e176e29
25.02.2020 05:30:25: _massSysMessage: n857a69583d4740620c4e9e489e754c6d3f5a1202154d578e2f1c
25.02.2020 05:30:25: _AHpos: m7c722a8f60248925226c2c3d4c575449457a7e22
25.02.2020 05:30:25: _ninetwo: b6e727c4e3d35644c3e3f070a45158a5e8a853d857f776494426f353a
25.02.2020 05:30:25: _ninetwothread: c4224929d7252347d5d4517258949456e2a39
25.02.2020 05:30:25: _adminsA: q1e5c5a1835186d751a654c1e4312852745300e2d60826232
25.02.2020 05:30:25: _MC: l1e75399a28854f3c275280432e258f924a18657d62226e4f
25.02.2020 05:30:25: _MCS: y691e453e3e7f1c2e3765828e695e2e
25.02.2020 05:30:25: _checkidicheckcheck: p780e5c5e3e14576d7228
25.02.2020 05:30:25: _lastshotmade: m853e2a9989055f6e188f
25.02.2020 05:30:25: _dellocveh: c64277c9e8a223d878a65427287448e7c0a1e6225632a
25.02.2020 05:30:25: _inCombatTime: d138e6f5d95535247158e585350
25.02.2020 05:30:25: _inCombatArray: v235e033c2f582a1c52282a9e9a8e4d9a857a3f
25.02.2020 05:30:25: _fnc_infiKeyHandler: t1472199f32779202654e2f0f37390c592f5045377a8715281c27
25.02.2020 05:30:25: _vehicle_needs_check: q121579648e9c0a583c9c5c5d805e8a8785493e028f223f1a24
25.02.2020 05:30:25: _MAKE_VAR_DUMP_RANDOM: v5959856225354f7f826d2f65756a32129f3f171297177573
25.02.2020 05:30:25: _MAKE_VAR_DUMP_CLIENT: y207e958d1c98172922029a50
25.02.2020 05:30:25: _DUMPINGPLAYERUIDARRAY: r1c82556e522e52244f1d5e87526232451c9e
25.02.2020 05:30:25: _CURRENTLYDUMPING: r7c2e480e3f79155329078c036a1c3e5787504f
25.02.2020 05:30:25: _antiantihack_rndvar: b1892574d0f25196e645c742f3e5c276e321f2e3c8f4c1795224c4c78
25.02.2020 05:30:25: _name_by_uid: o942a8a7775253510354d3a3a2e2a72
25.02.2020 05:30:25: _owner_by_uid: v5d4a652e0d7e7e3a8e3d83
25.02.2020 05:30:25: _customcommandingMenu: p775d8e402e62375d671d
25.02.2020 05:30:25: _customcommandingMenuOpen: k9f1c325a495868544042
25.02.2020 05:30:25: _AH_KICKLOG: PVAHR_4j6o3s1l3b5w5g
25.02.2020 05:30:25: ----END-LINE----   (12-01-2020 22-45-36 - v0260)
25.02.2020 05:46:54: <infiSTAR.de> _fnc_RandomGen: {
_fnc_actualGen = {
_abc = ['z','y','x','w','v','u','t','s','r','q','p','o','n','m','l','k','j','i','h','g','f','e','d','c','b','a'];
_gen = _abc select (random ((count _abc)-1));
_arr = ['a','5','c','4','d','f','c','e','5','2','2','0','d','e','7','f','9','5','7','8','e','9','a','5','c','3','2','7','e','2','3'];
_randmax = {((round(random _randminval)) + (round(random _randmaxval))) max _randminval};
for '_i' from 0 to (call _randmax)do
{
_gen = _gen + str(round(random 9)) + (_arr select (random ((count _arr)-1)));
};
};
_gen = '';
while{_gen=='' || _gen in _allRandomGenVars}do{
call _fnc_actualGen;
};
_allRandomGenVars pushBack _gen;
_gen
}
25.02.2020 05:46:54: ----START-LINE----   (12-01-2020 22-45-36 - v0260)
25.02.2020 05:46:54: _adminbox: z2c87456099390215101c32454c2c2a3422
25.02.2020 05:46:54: _fnc_mpPackets: q23423282493e6e543e59152a250a273d5c4720
25.02.2020 05:46:54: _FNC_AH_KICKLOG: u4e652929853c5a0e8c8c892c9e2c54257a43
25.02.2020 05:46:54: _FNC_AH_KICKLOGSPAWN: p774d2c0e32492a1d5725593d72423888
25.02.2020 05:46:54: _FNC_PVAH_AdminReq: n836e7c158d724c1a5460
25.02.2020 05:46:54: _token_by_uid: e425c1985352d8c1d3885
25.02.2020 05:46:54: _uid_by_token: w5255325e088c127e8f2e928350479a423e572f7e37
25.02.2020 05:46:54: _server_setTokenR: m9a5c3879389a4e3c821423636f0409321428
25.02.2020 05:46:54: _YourPlayerToken: i3a0f0c1e19424c983a17
25.02.2020 05:46:54: _TokenCT: y90092c8d2575652d626e
25.02.2020 05:46:54: _AH_MAIN_BLOCK: e3e1d02637c7777152227552c8c3474552e976c3e0542
25.02.2020 05:46:54: _AHKickOFF: g856a675362929863077e79208a6330251c6f
25.02.2020 05:46:54: _AHKickLog: v055e233c4c95354c794e8c7d173062
25.02.2020 05:46:54: _clientdo: o9f108e7e5e1d82523562823e
25.02.2020 05:46:54: _AH_RunCheckENDVAR: c5e9e03227568356928159d872c35
25.02.2020 05:46:54: _AH_RunCheckENDVAR_THREAD: l2d3272154e9c1712121e1e199c4d778c
25.02.2020 05:46:54: _AH_HackLogArrayRND: c992e377862629e927d5a
25.02.2020 05:46:54: _AH_SurvLogArrayRND: u136789428525577347931e8f676f32
25.02.2020 05:46:55: _AH_AdmiLogArrayRND: s82957e324400192e8e97
25.02.2020 05:46:55: _TMPBAN: s1e6e534c1459371a65351d32
25.02.2020 05:46:55: _massMessage: c0522251777894d0f8995
25.02.2020 05:46:55: _massSysMessage: q6585287e894d2f39175c
25.02.2020 05:46:55: _AHpos: n4207392357243a0e2752695e1d
25.02.2020 05:46:55: _ninetwo: w997d8c45439c958c251f0d551d621d1207058f4e5e151e52126545
25.02.2020 05:46:55: _ninetwothread: a129285527e652419673224376c6c
25.02.2020 05:46:55: _adminsA: b9e5567500a8054525a590d794c57
25.02.2020 05:46:55: _MC: d6f775e2f727507924e3212779e8e104d897e
25.02.2020 05:46:55: _MCS: n1c8e65376f4d858862298e638a949e4c392c17
25.02.2020 05:46:55: _checkidicheckcheck: u625715134e595c171740679c5552156269
25.02.2020 05:46:55: _lastshotmade: m4d65477e199a3c029e1c
25.02.2020 05:46:55: <infiSTAR.de> _fnc_RandomGen: {
_fnc_actualGen = {
_abc = ['z','y','x','w','v','u','t','s','r','q','p','o','n','m','l','k','j','i','h','g','f','e','d','c','b','a'];
_gen = _abc select (random ((count _abc)-1));
_arr = ['a','5','c','4','d','f','c','e','5','2','2','0','d','e','7','f','9','5','7','8','e','9','a','5','c','3','2','7','e','2','3'];
_randmax = {((round(random _randminval)) + (round(random _randmaxval))) max _randminval};
for '_i' from 0 to (call _randmax)do
{
_gen = _gen + str(round(random 9)) + (_arr select (random ((count _arr)-1)));
};
};
_gen = '';
while{_gen=='' || _gen in _allRandomGenVars}do{
call _fnc_actualGen;
};
_allRandomGenVars pushBack _gen;
_gen
}
25.02.2020 05:46:55: ----START-LINE----   (12-01-2020 22-45-36 - v0260)
25.02.2020 05:46:55: _adminbox: z2c87456099390215101c32454c2c2a3422
25.02.2020 05:46:55: _fnc_mpPackets: q23423282493e6e543e59152a250a273d5c4720
25.02.2020 05:46:55: _FNC_AH_KICKLOG: u4e652929853c5a0e8c8c892c9e2c54257a43
25.02.2020 05:46:55: _FNC_AH_KICKLOGSPAWN: p774d2c0e32492a1d5725593d72423888
25.02.2020 05:46:55: _FNC_PVAH_AdminReq: n836e7c158d724c1a5460
25.02.2020 05:46:55: _token_by_uid: e425c1985352d8c1d3885
25.02.2020 05:46:55: _uid_by_token: w5255325e088c127e8f2e928350479a423e572f7e37
25.02.2020 05:46:55: _server_setTokenR: m9a5c3879389a4e3c821423636f0409321428
25.02.2020 05:46:55: _YourPlayerToken: i3a0f0c1e19424c983a17
25.02.2020 05:46:55: _TokenCT: y90092c8d2575652d626e
25.02.2020 05:46:55: _AH_MAIN_BLOCK: e3e1d02637c7777152227552c8c3474552e976c3e0542
25.02.2020 05:46:55: _AHKickOFF: g856a675362929863077e79208a6330251c6f
25.02.2020 05:46:55: _AHKickLog: v055e233c4c95354c794e8c7d173062
25.02.2020 05:46:55: _clientdo: o9f108e7e5e1d82523562823e
25.02.2020 05:46:55: _AH_RunCheckENDVAR: c5e9e03227568356928159d872c35
25.02.2020 05:46:55: _AH_RunCheckENDVAR_THREAD: l2d3272154e9c1712121e1e199c4d778c
25.02.2020 05:46:55: _AH_HackLogArrayRND: c992e377862629e927d5a
25.02.2020 05:46:55: _AH_SurvLogArrayRND: u136789428525577347931e8f676f32
25.02.2020 05:46:55: _AH_AdmiLogArrayRND: s82957e324400192e8e97
25.02.2020 05:46:55: _TMPBAN: s1e6e534c1459371a65351d32
25.02.2020 05:46:55: _massMessage: c0522251777894d0f8995
25.02.2020 05:46:55: _massSysMessage: q6585287e894d2f39175c
25.02.2020 05:46:55: _AHpos: n4207392357243a0e2752695e1d
25.02.2020 05:46:55: _ninetwo: w997d8c45439c958c251f0d551d621d1207058f4e5e151e52126545
25.02.2020 05:46:55: _ninetwothread: a129285527e652419673224376c6c
25.02.2020 05:46:55: _adminsA: b9e5567500a8054525a590d794c57
25.02.2020 05:46:55: _MC: d6f775e2f727507924e3212779e8e104d897e
25.02.2020 05:46:55: _MCS: n1c8e65376f4d858862298e638a949e4c392c17
25.02.2020 05:46:55: _checkidicheckcheck: u625715134e595c171740679c5552156269
25.02.2020 05:46:55: _lastshotmade: m4d65477e199a3c029e1c
25.02.2020 05:46:55: _dellocveh: g429560006c576475302e6e8782173f1c5c2f6a
25.02.2020 05:46:55: _inCombatTime: n1f52256482653569573410153d1a3f09626e54157732
25.02.2020 05:46:55: _inCombatArray: h3e6d852c58270e077c45
25.02.2020 05:46:55: _fnc_infiKeyHandler: e8a4a32159e7009724d50
25.02.2020 05:46:55: _vehicle_needs_check: g378e7975626232398d6c
25.02.2020 05:46:55: _MAKE_VAR_DUMP_RANDOM: r373275594524722d6d874e795c4e921e221e2c0778195e
25.02.2020 05:46:55: _MAKE_VAR_DUMP_CLIENT: t22450d69501562050e1a
25.02.2020 05:46:55: _DUMPINGPLAYERUIDARRAY: q226c8e3f207c193e85148d8c902f4a2e9894303e85875c80
25.02.2020 05:46:55: _CURRENTLYDUMPING: w153a1c1c9e17879f19127c8d6d32521f353c3c3e
25.02.2020 05:46:55: _antiantihack_rndvar: w9252325a7c492e638e3c
25.02.2020 05:46:55: _name_by_uid: u97026267532e3e3717453c174c8e4a47878e
25.02.2020 05:46:55: _owner_by_uid: d07406c227d524d8e1c04
25.02.2020 05:46:55: _customcommandingMenu: o3a353f2f22344d978c65224f448514
25.02.2020 05:46:55: _customcommandingMenuOpen: f071442131c5c7c9f254f83573e1c751c3513373359335e
25.02.2020 05:46:55: _AH_KICKLOG: PVAHR_3f5g5j7e4q0e6j
25.02.2020 05:46:55: ----END-LINE----   (12-01-2020 22-45-36 - v0260)
25.02.2020 12:03:07: <infiSTAR.de> _fnc_RandomGen: {
_fnc_actualGen = {
_abc = ['z','y','x','w','v','u','t','s','r','q','p','o','n','m','l','k','j','i','h','g','f','e','d','c','b','a'];
_gen = _abc select (random ((count _abc)-1));
_arr = ['a','5','c','4','d','f','c','e','5','2','2','0','d','e','7','f','9','5','7','8','e','9','a','5','c','3','2','7','e','2','3'];
_randmax = {((round(random _randminval)) + (round(random _randmaxval))) max _randminval};
for '_i' from 0 to (call _randmax)do
{
_gen = _gen + str(round(random 9)) + (_arr select (random ((count _arr)-1)));
};
};
_gen = '';
while{_gen=='' || _gen in _allRandomGenVars}do{
call _fnc_actualGen;
};
_allRandomGenVars pushBack _gen;
_gen
}
25.02.2020 12:03:07: ----START-LINE----   (12-01-2020 22-45-36 - v0260)
25.02.2020 12:03:07: _adminbox: g8e1d5e622983771d7c68672534887e2d3c3a8777675f42303c55177c
25.02.2020 12:03:07: _fnc_mpPackets: m9c2a0389555c8c3c8f5383724e0f8755452513
25.02.2020 12:03:07: _FNC_AH_KICKLOG: q554528948a7f1d9244796a229f6c288e1c874e9895
25.02.2020 12:03:07: _FNC_AH_KICKLOGSPAWN: f52853e47724377696d138f2a857c7e3e4f053f3c93325c0d3718285d47
25.02.2020 12:03:07: _FNC_PVAH_AdminReq: m782c4e003a392e437787158e576757
25.02.2020 12:03:07: _token_by_uid: p30398899122433725e4073376f35
25.02.2020 12:03:07: _uid_by_token: m3c7f82204e3e9c872249
25.02.2020 12:03:07: _server_setTokenR: z329e0a3502831342986d4c
25.02.2020 12:03:07: _YourPlayerToken: s607d851589040d726e12621e0415704e570d47
25.02.2020 12:03:07: _TokenCT: y697a02573c891752223e2322457d8f9a
25.02.2020 12:03:07: _AH_MAIN_BLOCK: j1969403a2f12921a73800269874519420500
25.02.2020 12:03:07: _AHKickOFF: k1e1f15754a2e3577353e5e158f0e4217920f59
25.02.2020 12:03:07: _AHKickLog: g146a5272587e8d357a0202754032
25.02.2020 12:03:07: _clientdo: n87255e4297709e9e85477462
25.02.2020 12:03:07: _AH_RunCheckENDVAR: k2c97726e6a305c3582423c657e39542a391c3c4a
25.02.2020 12:03:07: _AH_RunCheckENDVAR_THREAD: h1e4537343e2c8315726c3e23
25.02.2020 12:03:07: _AH_HackLogArrayRND: p355e0d75952f8412525c8f7289298c4e794d5a738c1c
25.02.2020 12:03:07: _AH_SurvLogArrayRND: j4a57821e6e478e39756c
25.02.2020 12:03:07: _AH_AdmiLogArrayRND: d5e5575628d1f3e896e39
25.02.2020 12:03:07: _TMPBAN: a3e5d536c858f293e372e335d
25.02.2020 12:03:07: _massMessage: p2e7e5552751012647089983e48437763938e3e5f52994569
25.02.2020 12:03:07: _massSysMessage: w490d19777e2e3d158464
25.02.2020 12:03:07: _AHpos: w154c25695d454a025d6e8e9a624e2947622c55624845
25.02.2020 12:03:07: _ninetwo: m426c5367275e6f5c820f85
25.02.2020 12:03:07: _ninetwothread: f151c8d9d33978e756e521e631264751562236e072a5c2f
25.02.2020 12:03:07: _adminsA: c3e45202f753c672525720c40
25.02.2020 12:03:07: _MC: k7e3e6a1c1a720f6e30426f356e3232
25.02.2020 12:03:07: _MCS: i83355e5d452f42473d0e77
25.02.2020 12:03:07: _checkidicheckcheck: j571e5e041e8522877772
25.02.2020 12:03:07: _lastshotmade: i22227552157937144585379702652705
25.02.2020 12:03:07: <infiSTAR.de> _fnc_RandomGen: {
_fnc_actualGen = {
_abc = ['z','y','x','w','v','u','t','s','r','q','p','o','n','m','l','k','j','i','h','g','f','e','d','c','b','a'];
_gen = _abc select (random ((count _abc)-1));
_arr = ['a','5','c','4','d','f','c','e','5','2','2','0','d','e','7','f','9','5','7','8','e','9','a','5','c','3','2','7','e','2','3'];
_randmax = {((round(random _randminval)) + (round(random _randmaxval))) max _randminval};
for '_i' from 0 to (call _randmax)do
{
_gen = _gen + str(round(random 9)) + (_arr select (random ((count _arr)-1)));
};
};
_gen = '';
while{_gen=='' || _gen in _allRandomGenVars}do{
call _fnc_actualGen;
};
_allRandomGenVars pushBack _gen;
_gen
}
25.02.2020 12:03:07: ----START-LINE----   (12-01-2020 22-45-36 - v0260)
25.02.2020 12:03:07: _adminbox: g8e1d5e622983771d7c68672534887e2d3c3a8777675f42303c55177c
25.02.2020 12:03:07: _fnc_mpPackets: m9c2a0389555c8c3c8f5383724e0f8755452513
25.02.2020 12:03:07: _FNC_AH_KICKLOG: q554528948a7f1d9244796a229f6c288e1c874e9895
25.02.2020 12:03:07: _FNC_AH_KICKLOGSPAWN: f52853e47724377696d138f2a857c7e3e4f053f3c93325c0d3718285d47
25.02.2020 12:03:07: _FNC_PVAH_AdminReq: m782c4e003a392e437787158e576757
25.02.2020 12:03:07: _token_by_uid: p30398899122433725e4073376f35
25.02.2020 12:03:07: _uid_by_token: m3c7f82204e3e9c872249
25.02.2020 12:03:07: _server_setTokenR: z329e0a3502831342986d4c
25.02.2020 12:03:07: _YourPlayerToken: s607d851589040d726e12621e0415704e570d47
25.02.2020 12:03:07: _TokenCT: y697a02573c891752223e2322457d8f9a
25.02.2020 12:03:07: _AH_MAIN_BLOCK: j1969403a2f12921a73800269874519420500
25.02.2020 12:03:07: _AHKickOFF: k1e1f15754a2e3577353e5e158f0e4217920f59
25.02.2020 12:03:07: _AHKickLog: g146a5272587e8d357a0202754032
25.02.2020 12:03:07: _clientdo: n87255e4297709e9e85477462
25.02.2020 12:03:07: _AH_RunCheckENDVAR: k2c97726e6a305c3582423c657e39542a391c3c4a
25.02.2020 12:03:07: _AH_RunCheckENDVAR_THREAD: h1e4537343e2c8315726c3e23
25.02.2020 12:03:07: _AH_HackLogArrayRND: p355e0d75952f8412525c8f7289298c4e794d5a738c1c
25.02.2020 12:03:07: _AH_SurvLogArrayRND: j4a57821e6e478e39756c
25.02.2020 12:03:07: _AH_AdmiLogArrayRND: d5e5575628d1f3e896e39
25.02.2020 12:03:07: _TMPBAN: a3e5d536c858f293e372e335d
25.02.2020 12:03:07: _massMessage: p2e7e5552751012647089983e48437763938e3e5f52994569
25.02.2020 12:03:07: _massSysMessage: w490d19777e2e3d158464
25.02.2020 12:03:07: _AHpos: w154c25695d454a025d6e8e9a624e2947622c55624845
25.02.2020 12:03:07: _ninetwo: m426c5367275e6f5c820f85
25.02.2020 12:03:07: _ninetwothread: f151c8d9d33978e756e521e631264751562236e072a5c2f
25.02.2020 12:03:07: _adminsA: c3e45202f753c672525720c40
25.02.2020 12:03:07: _MC: k7e3e6a1c1a720f6e30426f356e3232
25.02.2020 12:03:07: _MCS: i83355e5d452f42473d0e77
25.02.2020 12:03:07: _checkidicheckcheck: j571e5e041e8522877772
25.02.2020 12:03:07: _lastshotmade: i22227552157937144585379702652705
25.02.2020 12:03:07: _dellocveh: l1e754c88594f8428352847828a5562
25.02.2020 12:03:07: _inCombatTime: l1c7e8247156e7e25784015
25.02.2020 12:03:07: _inCombatArray: k7e522e521f7e857488751a1c12271969
25.02.2020 12:03:07: _fnc_infiKeyHandler: k771e0e3f4a173282645a191e4e8e5d503e85394517378e2e2c
25.02.2020 12:03:07: _vehicle_needs_check: d303d9e9d831e9e39499743175502827d851e2885890e
25.02.2020 12:03:08: _MAKE_VAR_DUMP_RANDOM: t094d8f5d7d854a5d420f520e6e33956322124e82
25.02.2020 12:03:08: _MAKE_VAR_DUMP_CLIENT: i4f477a32120e20507f2d39273c224e52439c102278622c
25.02.2020 12:03:08: _DUMPINGPLAYERUIDARRAY: b58191c3222098d5c4e8c4c8c
25.02.2020 12:03:08: _CURRENTLYDUMPING: c1285455d4c878f1e0555
25.02.2020 12:03:08: _antiantihack_rndvar: l824255327c0d393c2f5e8f1c6f1d8f492f57527c894c1a305a43
25.02.2020 12:03:08: _name_by_uid: v3080301765856912455e189c
25.02.2020 12:03:08: _owner_by_uid: k7d2e026e7755021c235908955212
25.02.2020 12:03:08: _customcommandingMenu: r68772c022d47706e1425202d42
25.02.2020 12:03:08: _customcommandingMenuOpen: t2f172d8e3745331e8a6254084929322f4e
25.02.2020 12:03:08: _AH_KICKLOG: PVAHR_1v7j0x7g1w7x4j
25.02.2020 12:03:08: ----END-LINE----   (12-01-2020 22-45-36 - v0260)
