24.01.2020 00:00:36: 26h 21min | Donnie Turbo(76561198041233395) | HealSelf
24.01.2020 00:01:09: 26h 21min | Donnie Turbo(76561198041233395) | Revive - cop_1(76561198206026112)
24.01.2020 00:01:32: 26h 22min | Donnie Turbo(76561198041233395) | HealSelf
24.01.2020 00:01:36: 26h 22min | Donnie Turbo(76561198041233395) | HealRepairNear
24.01.2020 00:01:37: 26h 22min | Donnie Turbo(76561198041233395) | HealRepairNear
24.01.2020 00:02:54: 26h 23min | [1k-40] Jose Santana(76561198206026112) | HealRepairNear
24.01.2020 00:02:55: 26h 23min | [1k-40] Jose Santana(76561198206026112) | HealRepairNear
24.01.2020 00:04:08: 26h 24min | [1k-40] Jose Santana(76561198206026112) | HealRepairNear
24.01.2020 00:04:08: 26h 24min | [1k-40] Jose Santana(76561198206026112) | HealRepairNear
24.01.2020 00:06:39: 26h 27min | Donnie Turbo(76561198041233395) | HealSelf
24.01.2020 00:06:41: 26h 27min | Donnie Turbo(76561198041233395) | HealSelf
24.01.2020 00:06:51: 26h 27min | Donnie Turbo(76561198041233395) | Unrestrain - civ_5(76561198041233395)
24.01.2020 00:07:42: 26h 28min | Donnie Turbo(76561198041233395) | HealSelf
24.01.2020 00:07:49: 26h 28min | Donnie Turbo(76561198041233395) | HealSelf
24.01.2020 00:10:19: 26h 30min | Donnie Turbo(76561198041233395) | Revive - civ_5(76561198041233395)
24.01.2020 00:11:14: 26h 31min | Donnie Turbo(76561198041233395) | HealSelf
24.01.2020 00:11:19: 26h 31min | Donnie Turbo(76561198041233395) | HealSelf
24.01.2020 00:15:57: 26h 36min | [1k-40] Jose Santana(76561198206026112) | Heal - cop_1(76561198206026112)
24.01.2020 00:16:21: 26h 36min | [1k-40] Jose Santana(76561198206026112) | Added 3 heroin_processeds to [1k-40] Jose Santana!
24.01.2020 00:16:26: 26h 37min | [1k-40] Jose Santana(76561198206026112) | Added 3 cocaine_processeds to [1k-40] Jose Santana!
24.01.2020 00:17:19: 26h 37min | Donnie Turbo(76561198041233395) | Revive - civ_5(76561198041233395)
24.01.2020 00:17:31: 26h 38min | [1k-40] Jose Santana(76561198206026112) | Revive - cop_1(76561198206026112)
24.01.2020 00:18:38: 26h 39min | [1k-40] Jose Santana(76561198206026112) | Teleport to [3870.46,3199.88,0](GPS: 038001)
24.01.2020 00:18:56: 26h 39min | [1k-40] Jose Santana(76561198206026112) | God Mode - 1
24.01.2020 00:23:40: 26h 44min | Donnie Turbo(76561198041233395) | Teleport to [3186.02,5124.01,0](GPS: 031020)
24.01.2020 00:26:32: 26h 47min | Donnie Turbo(76561198041233395) | Teleport to [5024.73,4418.15,0](GPS: 050013)
24.01.2020 00:28:19: 26h 48min | Donnie Turbo(76561198041233395) | Teleport to [3724.47,3280.04,0](GPS: 037002)
24.01.2020 00:45:52: 27h 6min | Donnie Turbo(76561198041233395) | Teleport to [3614.63,3128.13,0](GPS: 036000)
24.01.2020 00:46:58: 27h 7min | Donnie Turbo(76561198041233395) | Teleport to [1564.54,3847,0](GPS: 015007)
24.01.2020 00:48:19: 27h 8min | Donnie Turbo(76561198041233395) | Teleport to [3398.06,4187.04,0](GPS: 033011)
24.01.2020 01:04:23: 27h 24min | Donnie Turbo(76561198041233395) | Eject - [1k-40] Jose Santana [WEST](76561198206026112)
24.01.2020 01:04:38: 27h 25min | Donnie Turbo(76561198041233395) | Restrain - cop_1(76561198206026112)
24.01.2020 01:05:52: 27h 26min | Donnie Turbo(76561198041233395) | Added 3 zipties to Donnie Turbo!
24.01.2020 01:06:00: 27h 26min | Donnie Turbo(76561198041233395) | Added 3 lockpicks to Donnie Turbo!
24.01.2020 01:06:18: 27h 26min | Donnie Turbo(76561198041233395) | Added 3 lsds to Donnie Turbo!
24.01.2020 01:07:04: 27h 27min | Donnie Turbo(76561198041233395) | Unrestrain - cop_1(76561198206026112)
24.01.2020 01:09:59: 27h 30min | [1k-40] Jose Santana(76561198206026112) | God Mode - 0
24.01.2020 01:13:21: 27h 33min | Donnie Turbo(76561198041233395) | HealSelf
24.01.2020 01:13:26: 27h 34min | Donnie Turbo(76561198041233395) | HealSelf
24.01.2020 01:15:41: 27h 36min | [1k-40] Jose Santana(76561198206026112) | Deleting GroundWeaponHolder @038001..
24.01.2020 01:15:51: 27h 36min | [1k-40] Jose Santana(76561198206026112) | spawning A3L Blue Polo Shirt (A3L_BluePoloShirt)
24.01.2020 01:16:02: 27h 36min | [1k-40] Jose Santana(76561198206026112) | spawning First Aid Kit (FirstAidKit)
24.01.2020 01:16:06: 27h 36min | [1k-40] Jose Santana(76561198206026112) | spawning First Aid Kit (FirstAidKit)
24.01.2020 01:16:09: 27h 36min | [1k-40] Jose Santana(76561198206026112) | spawning First Aid Kit (FirstAidKit)
24.01.2020 01:16:10: 27h 36min | [1k-40] Jose Santana(76561198206026112) | spawning First Aid Kit (FirstAidKit)
24.01.2020 01:16:10: 27h 36min | [1k-40] Jose Santana(76561198206026112) | spawning First Aid Kit (FirstAidKit)
24.01.2020 01:19:29: 27h 40min | [1k-40] Jose Santana(76561198206026112) | Heal - civ_5(76561198041233395)
24.01.2020 01:19:30: 27h 40min | Donnie Turbo(76561198041233395) | HealSelf
24.01.2020 01:20:17: 27h 40min | Donnie Turbo(76561198041233395) | HealSelf
24.01.2020 01:22:02: 27h 42min | [1k-40] Jose Santana(76561198206026112) | spawning Cama  POPLife (pop_cama)
24.01.2020 01:22:27: 27h 43min | [1k-40] Jose Santana(76561198206026112) | spawning CH-49 Mohawk (I_Heli_Transport_02_F)
24.01.2020 01:22:36: 27h 43min | Donnie Turbo(76561198041233395) | Revive - civ_5(76561198041233395)
24.01.2020 01:22:46: 27h 43min | [1k-40] Jose Santana(76561198206026112) | Revive - cop_1(76561198206026112)
24.01.2020 01:24:03: 27h 44min | [1k-40] Jose Santana(76561198206026112) | Deleting pop_cama @038001..
24.01.2020 01:24:18: 27h 44min | [1k-40] Jose Santana(76561198206026112) | Killing Donnie Turbo(76561198041233395) @038001
24.01.2020 01:24:18: 27h 44min | [1k-40] Jose Santana(76561198206026112) | Kill - civ_5(76561198041233395)
24.01.2020 01:24:20: 27h 44min | [1k-40] Jose Santana(76561198206026112) | Killing Donnie Turbo(76561198041233395) @038001
24.01.2020 01:24:20: 27h 44min | [1k-40] Jose Santana(76561198206026112) | Kill - civ_5(76561198041233395)
24.01.2020 01:24:25: 27h 45min | [1k-40] Jose Santana(76561198206026112) | Revive - civ_5()
24.01.2020 01:24:30: 27h 45min | [1k-40] Jose Santana(76561198206026112) | Revive - civ_5()
24.01.2020 01:24:37: 27h 45min | [1k-40] Jose Santana(76561198206026112) | Revive - civ_5(76561198041233395)
24.01.2020 01:24:57: 27h 45min | [1k-40] Jose Santana(76561198206026112) | Teleport - Target To Me - Donnie Turbo [CIV](76561198041233395)
24.01.2020 01:25:54: 27h 46min | [1k-40] Jose Santana(76561198206026112) | SPECTATE - switchedCamera on Donnie Turbo(76561198041233395) - C_man_1
24.01.2020 01:28:43: 27h 49min | [1k-40] Jose Santana(76561198206026112) | Heal - civ_5(76561198041233395)
24.01.2020 01:29:26: 27h 50min | Donnie Turbo(76561198041233395) | HealSelf
24.01.2020 01:29:28: 27h 50min | Donnie Turbo(76561198041233395) | HealSelf
24.01.2020 01:30:30: 27h 51min | Donnie Turbo(76561198041233395) | HealSelf
24.01.2020 01:30:35: 27h 51min | Donnie Turbo(76561198041233395) | HealSelf
24.01.2020 01:31:08: 27h 51min | Donnie Turbo(76561198041233395) | HealSelf
24.01.2020 01:31:11: 27h 51min | Donnie Turbo(76561198041233395) | HealSelf
24.01.2020 01:32:43: 27h 53min | [1k-40] Jose Santana(76561198206026112) | SPECTATE - switchedCamera on Donnie Turbo(76561198041233395) - C_man_1
24.01.2020 01:35:47: 27h 56min | Donnie Turbo(76561198041233395) | DayTime
24.01.2020 01:36:13: 27h 56min | [1k-40] Jose Santana(76561198206026112) | NightTime
24.01.2020 01:36:46: 27h 57min | [1k-40] Jose Santana(76561198206026112) | HealRepairNear
24.01.2020 01:36:46: 27h 57min | [1k-40] Jose Santana(76561198206026112) | HealRepairNear
24.01.2020 01:39:56: 28h 0min | Donnie Turbo(76561198041233395) | Killing Donnie Turbo(76561198041233395) @038000
24.01.2020 01:39:56: 28h 0min | Donnie Turbo(76561198041233395) | Kill - civ_4(76561198041233395)
24.01.2020 01:40:11: 28h 0min | [1k-40] Jose Santana(76561198206026112) | Revive - civ_4(76561198041233395)
24.01.2020 01:40:14: 28h 0min | [1k-40] Jose Santana(76561198206026112) | Teleport - Me To Target - Donnie Turbo [CIV](76561198041233395)
24.01.2020 01:40:18: 28h 0min | [1k-40] Jose Santana(76561198206026112) | Teleport - Target To Me - Donnie Turbo [CIV](76561198041233395)
24.01.2020 01:44:10: 28h 4min | [1k-40] Jose Santana(76561198206026112) | unlocked - [d3s_camry_18_UNM]
24.01.2020 01:44:10: 28h 4min | [1k-40] Jose Santana(76561198206026112) | locked - [d3s_camry_18_UNM]
24.01.2020 01:44:15: 28h 4min | [1k-40] Jose Santana(76561198206026112) | unlocked - [V12_YZF_VO]
24.01.2020 01:44:15: 28h 4min | [1k-40] Jose Santana(76561198206026112) | locked - [V12_YZF_VO]
24.01.2020 01:44:16: 28h 4min | [1k-40] Jose Santana(76561198206026112) | unlocked - [V12_YZF_VO]
24.01.2020 01:44:16: 28h 4min | [1k-40] Jose Santana(76561198206026112) | locked - [V12_YZF_VO]
24.01.2020 01:44:17: 28h 4min | [1k-40] Jose Santana(76561198206026112) | unlocked - [V12_YZF_VO]
24.01.2020 01:44:17: 28h 4min | [1k-40] Jose Santana(76561198206026112) | locked - [V12_YZF_VO]
24.01.2020 01:44:17: 28h 4min | [1k-40] Jose Santana(76561198206026112) | unlocked - [V12_YZF_VO]
24.01.2020 01:44:18: 28h 4min | [1k-40] Jose Santana(76561198206026112) | locked - [V12_YZF_VO]
24.01.2020 01:44:18: 28h 4min | [1k-40] Jose Santana(76561198206026112) | unlocked - [V12_YZF_VO]
24.01.2020 01:44:18: 28h 4min | [1k-40] Jose Santana(76561198206026112) | locked - [V12_YZF_VO]
24.01.2020 01:44:18: 28h 4min | [1k-40] Jose Santana(76561198206026112) | unlocked - [V12_YZF_VO]
24.01.2020 01:44:19: 28h 4min | [1k-40] Jose Santana(76561198206026112) | locked - [V12_YZF_VO]
24.01.2020 01:45:11: 28h 5min | Donnie Turbo(76561198041233395) | DayTime
24.01.2020 22:41:06: 0h 10min | Donnie Turbo(76561198041233395) | Give All Licenses
24.01.2020 22:41:08: 0h 10min | Donnie Turbo(76561198041233395) | Give All Licenses
24.01.2020 22:41:46: 0h 11min | Boyevik Butch-Mac Volkev(76561198089960350) | Teleport In Facing Direction (10m steps) - 1
24.01.2020 22:41:48: 0h 11min | Donnie Turbo(76561198041233395) | UnlimAmmo - 1
24.01.2020 22:41:52: 0h 11min | Boyevik Butch-Mac Volkev(76561198089960350) | God Mode - 1
24.01.2020 22:41:53: 0h 11min | Donnie Turbo(76561198041233395) | noRecoil - 1
24.01.2020 22:41:54: 0h 11min | Boyevik Butch-Mac Volkev(76561198089960350) | Stealth / Invisible - 1
24.01.2020 22:42:56: 0h 12min | Donnie Turbo(76561198041233395) | noRecoil - 0
24.01.2020 22:42:56: 0h 12min | Donnie Turbo(76561198041233395) | UnlimAmmo - 0
24.01.2020 22:51:24: 0h 21min | Donnie Turbo(76561198041233395) | Teleport to [2849.87,4573.43,0](GPS: 028015)
24.01.2020 22:59:56: 0h 29min | Donnie Turbo(76561198041233395) | Revive - civ_2(76561198264871362)
24.01.2020 23:01:23: 0h 30min | Donnie Turbo(76561198041233395) | Revive - civ_3(76561198041233395)
24.01.2020 23:03:12: 0h 32min | Donnie Turbo(76561198041233395) | Teleport to [3522.83,2994.13,0](GPS: 035999)
24.01.2020 23:03:36: 0h 33min | Donnie Turbo(76561198041233395) | Teleport - Target To Me - luke [CIV](76561198264871362)
24.01.2020 23:10:40: 0h 40min | [1k-40] Jose Santana(76561198206026112) | Deleting GroundWeaponHolder @038001..
24.01.2020 23:25:36: 0h 55min | [1k-40] Jose Santana(76561198206026112) | God Mode - 1
24.01.2020 23:49:14: 1h 18min | [1k-40] Jose Santana(76561198206026112) | God Mode - 0
24.01.2020 23:53:03: 1h 22min | [1k-40] Jose Santana(76561198206026112) | SPECTATE - switchedCamera on Rogue Tjay(76561198883479728) - C_man_1
24.01.2020 23:58:42: 1h 28min | [1k-40] Jose Santana(76561198206026112) | Added 1 toolkits to [1k-40] Jose Santana!
24.01.2020 23:58:45: 1h 28min | [1k-40] Jose Santana(76561198206026112) | Added 1 defibrillators to [1k-40] Jose Santana!
24.01.2020 23:58:51: 1h 28min | [1k-40] Jose Santana(76561198206026112) | Added 1 spikeStrips to [1k-40] Jose Santana!
24.01.2020 23:58:51: 1h 28min | [1k-40] Jose Santana(76561198206026112) | Added 1 spikeStrips to [1k-40] Jose Santana!
24.01.2020 23:58:52: 1h 28min | [1k-40] Jose Santana(76561198206026112) | Added 1 spikeStrips to [1k-40] Jose Santana!
24.01.2020 23:58:59: 1h 28min | [1k-40] Jose Santana(76561198206026112) | Added 1 heroin_processeds to [1k-40] Jose Santana!
24.01.2020 23:58:59: 1h 28min | [1k-40] Jose Santana(76561198206026112) | Added 1 heroin_processeds to [1k-40] Jose Santana!
24.01.2020 23:58:59: 1h 28min | [1k-40] Jose Santana(76561198206026112) | Added 1 heroin_processeds to [1k-40] Jose Santana!
24.01.2020 23:59:03: 1h 28min | [1k-40] Jose Santana(76561198206026112) | Added 1 waterBottles to [1k-40] Jose Santana!
24.01.2020 23:59:03: 1h 28min | [1k-40] Jose Santana(76561198206026112) | Added 1 waterBottles to [1k-40] Jose Santana!
24.01.2020 23:59:04: 1h 28min | [1k-40] Jose Santana(76561198206026112) | Added 1 waterBottles to [1k-40] Jose Santana!
24.01.2020 23:59:04: 1h 28min | [1k-40] Jose Santana(76561198206026112) | Added 1 waterBottles to [1k-40] Jose Santana!
24.01.2020 23:59:09: 1h 28min | [1k-40] Jose Santana(76561198206026112) | Added 1 donutss to [1k-40] Jose Santana!
24.01.2020 23:59:09: 1h 28min | [1k-40] Jose Santana(76561198206026112) | Added 1 donutss to [1k-40] Jose Santana!
24.01.2020 23:59:09: 1h 28min | [1k-40] Jose Santana(76561198206026112) | Added 1 donutss to [1k-40] Jose Santana!
24.01.2020 23:59:10: 1h 28min | [1k-40] Jose Santana(76561198206026112) | Added 1 donutss to [1k-40] Jose Santana!
