27.01.2020 00:21:33: [1A-02]J. Daker(76561198038112694) CLIENT OWNER ID [42], TOKEN [ymo2xxuzijnbnjemv]
27.01.2020 00:39:17: Thomas(76561198174871239) CLIENT OWNER ID [43], TOKEN [qj3ygnv54xadxd3kb]
27.01.2020 00:51:38: Javier Escuella(76561198370210333) CLIENT OWNER ID [44], TOKEN [kqm4d5zzzk6l12mi2]
27.01.2020 01:13:59: Harold Reginald(76561198355765034) CLIENT OWNER ID [46], TOKEN [c8g12f6epxsr5lq]
27.01.2020 01:19:49: Harold Reginald(76561198355765034) CLIENT OWNER ID [47], TOKEN [vl18gmctgii7d7k68]
27.01.2020 01:28:26: Harold Reginald(76561198355765034) CLIENT OWNER ID [48], TOKEN [hmf93wksn41j9rxb]
27.01.2020 01:41:14: Harold Reginald(76561198355765034) CLIENT OWNER ID [50], TOKEN [imhqi1p9k3bwydj5buh]
27.01.2020 01:41:31: [1A-01] J Shepard(76561198043298972) CLIENT OWNER ID [52], TOKEN [mvweairogkjkz9o]
27.01.2020 01:48:59: Harold Reginald(76561198355765034) CLIENT OWNER ID [53], TOKEN [h8kfwm1gazqyaj]
27.01.2020 01:49:46: Boyevik Butch-Mac Volkev(76561198089960350) CLIENT OWNER ID [54], TOKEN [t8ji5thtjkb574wxfe]
27.01.2020 01:56:02: Abduwale Muse(76561198033160260) CLIENT OWNER ID [55], TOKEN [lsvshj6xebq52xw]
27.01.2020 02:00:42: Harold Reginald(76561198355765034) CLIENT OWNER ID [56], TOKEN [vx8zmtcp6k6bpr63]
27.01.2020 02:03:21: Todd McCoy(76561198097718378) CLIENT OWNER ID [58], TOKEN [yvx4ghptqc3fka3m]
27.01.2020 02:03:36: Abduwale Muse(76561198033160260) CLIENT OWNER ID [59], TOKEN [jvterottv43d4cxi]
27.01.2020 02:05:21: Thomas Woods(76561198174871239) CLIENT OWNER ID [61], TOKEN [lv62t2lcejc57gg]
27.01.2020 02:40:56: Zander Marino(76561198180893505) CLIENT OWNER ID [62], TOKEN [y46szwq15rs43u3z]
27.01.2020 03:16:42: Wyclef(76561198038112694) CLIENT OWNER ID [65], TOKEN [il7oc5jwv78d11xpr]
27.01.2020 03:41:19: Zander Marino(76561198180893505) CLIENT OWNER ID [4], TOKEN [cd8l462czzekdu82]
27.01.2020 03:56:08: Donnie Turbo(76561198041233395) CLIENT OWNER ID [5], TOKEN [tqxrexf0j2t4splz00b]
27.01.2020 05:03:22: Rick Cheney(76561198860031547) CLIENT OWNER ID [9], TOKEN [cp813qxxvy0glu5hqx]
27.01.2020 05:21:27: [1k-40] Jose Santana(76561198206026112) CLIENT OWNER ID [10], TOKEN [lnr0104cmojfyzzyu]
27.01.2020 07:16:18: Zander Marino(76561198180893505) CLIENT OWNER ID [4], TOKEN [lnokxypjod7zvo72]
27.01.2020 08:05:10: Rick Cheney(76561198860031547) CLIENT OWNER ID [9], TOKEN [lsmmku2u8yr730lgpd]
27.01.2020 08:26:50: Wyclef(76561198038112694) CLIENT OWNER ID [4], TOKEN [y1by3404nty0gan3a]
27.01.2020 08:40:49: Wyclef(76561198038112694) CLIENT OWNER ID [4], TOKEN [uyuh34we40pyui]
27.01.2020 16:57:12: Wyclef(76561198038112694) CLIENT OWNER ID [4], TOKEN [txst2g55nv2h0ew58y]
27.01.2020 17:50:24: Wyclef(76561198038112694) CLIENT OWNER ID [4], TOKEN [tbh0v2qu7qbun3gvb]
27.01.2020 22:12:16: John Ross(76561198365314871) CLIENT OWNER ID [4], TOKEN [u7lbp6mj7hj7uwjgt0]
27.01.2020 22:18:01: Thomas(76561198174871239) CLIENT OWNER ID [5], TOKEN [cr3cdzchxrdni3w7pv5]
27.01.2020 23:06:00: Thomas Woods(76561198174871239) CLIENT OWNER ID [7], TOKEN [f4e7o6vyzdnn0lmngg]
27.01.2020 23:27:46: Donnie Turbo(76561198041233395) CLIENT OWNER ID [8], TOKEN [qsdkkxiszsyfzeuyu4]
27.01.2020 23:37:20: Donnie Turbo(76561198041233395) CLIENT OWNER ID [9], TOKEN [tphxspxpyxno8zfmax]
27.01.2020 23:46:29: Wyclef(76561198038112694) CLIENT OWNER ID [10], TOKEN [g4s132qqsf177qq]
27.01.2020 23:56:55: Boyevik Butch-Mac Volkev(76561198089960350) CLIENT OWNER ID [11], TOKEN [a54lt1n4th7md8j]
