06.02.2020 00:46:41: John Anderson(76561198180893505) CLIENT OWNER ID [23], TOKEN [p8tyw43enyu28e]
06.02.2020 01:06:06: Wyclef(76561198038112694) CLIENT OWNER ID [4], TOKEN [wiq2pg88ic0qitf]
06.02.2020 01:33:46: Wyclef(76561198038112694) CLIENT OWNER ID [5], TOKEN [bgp002icj9q5r7ov]
06.02.2020 01:54:35: AL "BIG AL" GAMBINO(76561198361509989) CLIENT OWNER ID [6], TOKEN [jnkfvrdlokbsghs1]
06.02.2020 02:32:53: Nino Marino(76561198206026112) CLIENT OWNER ID [7], TOKEN [n9bn3pmuv00cey1kt66]
06.02.2020 02:33:14: [1K-33] R. Tjay(76561198883479728) CLIENT OWNER ID [8], TOKEN [ahd4mdiis8kdg5]
06.02.2020 02:37:34: luke(76561198264871362) CLIENT OWNER ID [10], TOKEN [q5iu1i922cvcvhqbop]
06.02.2020 02:41:14: John Anderson(76561198180893505) CLIENT OWNER ID [9], TOKEN [ur4s7tket587utzzq]
06.02.2020 04:07:03: HoyoBani(76561198105940600) CLIENT OWNER ID [14], TOKEN [kftxi5hq2q1tbm0o0m]
06.02.2020 04:12:53: AL "BIG AL" GAMBINO(76561198361509989) CLIENT OWNER ID [15], TOKEN [jrm2ddy28vgiex7]
06.02.2020 04:15:19: John Anderson(76561198180893505) CLIENT OWNER ID [13], TOKEN [anlcoiikcrxig3ui5g]
06.02.2020 04:28:42: luke(76561198264871362) CLIENT OWNER ID [16], TOKEN [khvf3bz0xom0lr6lyz2]
06.02.2020 04:48:18: Wyclef(76561198038112694) CLIENT OWNER ID [17], TOKEN [trywio4yh9z4wjx1]
06.02.2020 05:21:20: HoyoBani(76561198105940600) CLIENT OWNER ID [4], TOKEN [yef6hd3hl7wc0zgwhg]
06.02.2020 05:26:06: Wyclef(76561198038112694) CLIENT OWNER ID [6], TOKEN [ucg69fd9hcxudb]
06.02.2020 05:29:31: AL "BIG AL" GAMBINO(76561198361509989) CLIENT OWNER ID [8], TOKEN [ep466ihnlllgo9y]
06.02.2020 05:39:12: Nino Marino(76561198206026112) CLIENT OWNER ID [9], TOKEN [y2tx3jg50p1lt3qy5t]
06.02.2020 05:45:47: Joe Montana(76561198368248470) CLIENT OWNER ID [10], TOKEN [uroox95nj9hec0wef3]
06.02.2020 05:48:41: John Anderson(76561198180893505) CLIENT OWNER ID [7], TOKEN [janyr13zymcnlvw]
06.02.2020 05:53:07: Wyclef(76561198038112694) CLIENT OWNER ID [11], TOKEN [feiuyjhx8gr7qs]
06.02.2020 09:14:58: Wyclef(76561198038112694) CLIENT OWNER ID [4], TOKEN [aldnjhtx5453eo9w8l]
06.02.2020 09:35:12: Wyclef(76561198038112694) CLIENT OWNER ID [4], TOKEN [k2x0rgiyfvis4emb]
06.02.2020 10:06:32: Boyevik Butch-Mac Volkev(76561198089960350) CLIENT OWNER ID [4], TOKEN [vqtlfxbkcejp79tf3dl]
06.02.2020 10:23:15: Boyevik Butch-Mac Volkev(76561198089960350) CLIENT OWNER ID [4], TOKEN [se3xesb82lqg6r]
06.02.2020 10:35:06: Boyevik Butch-Mac Volkev(76561198089960350) CLIENT OWNER ID [4], TOKEN [pzmsfccwfujl8idp]
06.02.2020 10:44:21: Boyevik Butch-Mac Volkev(76561198089960350) CLIENT OWNER ID [4], TOKEN [dsk7rx4e4dqh5lz4]
06.02.2020 10:47:18: Boyevik Butch-Mac Volkev(76561198089960350) CLIENT OWNER ID [4], TOKEN [y6i3gp6u3zgs7f]
06.02.2020 20:36:34: Robert Kennedy(76561198083728776) CLIENT OWNER ID [4], TOKEN [xtb134r4qxzjcog]
06.02.2020 20:39:50: Wyclef(76561198038112694) CLIENT OWNER ID [5], TOKEN [uxvwy78jbjhuzo3s]
06.02.2020 21:02:15: Doug Dimmadont(76561198083728776) CLIENT OWNER ID [6], TOKEN [v40ibrev25hj1rptdl]
06.02.2020 22:30:10: Nino Marino(76561198206026112) CLIENT OWNER ID [7], TOKEN [hjctbl6bgd0ghey]
06.02.2020 23:38:17: Donnie Turbo(76561198041233395) CLIENT OWNER ID [4], TOKEN [woah2jf31db0u56f]
06.02.2020 23:54:21: Donnie Turbo(76561198041233395) CLIENT OWNER ID [4], TOKEN [dp6lobdov0o73uk]
06.02.2020 23:57:08: Donnie Turbo(76561198041233395) CLIENT OWNER ID [4], TOKEN [oj3jpof8qx6yceej1d6]
