26.01.2020 00:14:36: 17h 32min | Connected: Umbellay Zulu(76561198361509989 - 29) - time: 62976.7 - serverFPS: 46.7836
26.01.2020 00:23:04: 17h 41min | Connected: Harold Reginald(76561198355765034 - 31) - time: 63485.2 - serverFPS: 46.1095
26.01.2020 00:24:50: 17h 42min | Disconnected: Harold Reginald(76561198355765034 - 31) - time: 63590.7 - serverFPS: 46.7836
26.01.2020 00:30:34: 17h 48min | Connected: Harold Reginald(76561198355765034 - 32) - time: 63934.3 - serverFPS: 45.7143
26.01.2020 00:47:26: 18h 5min | Disconnected: Harold Reginald(76561198355765034 - 32) - time: 64946.2 - serverFPS: 41.4508
26.01.2020 00:50:36: 18h 8min | Connected: Harold Reginald(76561198355765034 - 35) - time: 65135.7 - serverFPS: 45.1977
26.01.2020 00:51:10: 18h 9min | Connected: Joe Montana(76561198368248470 - 33) - time: 65169.4 - serverFPS: 45.977
26.01.2020 01:07:55: 18h 25min | Disconnected: [ION]Eriden Parker(76561198054085448 - 14) - time: 66173.9 - serverFPS: 46.6472
26.01.2020 01:09:09: 18h 27min | Connected: mikez(76561198319287419 - 39) - time: 66247.5 - serverFPS: 45.977
26.01.2020 01:09:11: 18h 27min | Disconnected: mikez(76561198319287419 - 39) - time: 66249.8 - serverFPS: 46.5116
26.01.2020 01:09:41: 18h 27min | Connected: mikez(76561198319287419 - 39) - time: 66279.7 - serverFPS: 46.1095
26.01.2020 01:09:44: 18h 27min | Disconnected: mikez(76561198319287419 - 39) - time: 66283.4 - serverFPS: 45.3258
26.01.2020 01:10:01: 18h 27min | Connected: mikez(76561198319287419 - 39) - time: 66300 - serverFPS: 46.3768
26.01.2020 01:10:02: 18h 27min | Disconnected: mikez(76561198319287419 - 39) - time: 66301.1 - serverFPS: 45.3258
26.01.2020 01:14:17: 18h 32min | Connected: mikez(76561198319287419 - 40) - time: 66556.2 - serverFPS: 45.8453
26.01.2020 01:17:36: 18h 35min | Disconnected: Harold Reginald(76561198355765034 - 35) - time: 66754.8 - serverFPS: 45.7143
26.01.2020 01:23:24: 18h 41min | Connected: Harold Reginald(76561198355765034 - 41) - time: 67102.8 - serverFPS: 45.0704
26.01.2020 01:27:34: 18h 45min | Connected: [ION]Eriden Parker(76561198054085448 - 14) - time: 67352.6 - serverFPS: 46.1095
26.01.2020 01:32:25: 18h 50min | Disconnected: Joe Montana(76561198368248470 - 33) - time: 67643.7 - serverFPS: 45.4545
26.01.2020 01:38:31: 18h 56min | Disconnected: mikez(76561198319287419 - 40) - time: 68009.5 - serverFPS: 45.8453
26.01.2020 01:42:49: 19h 0min | Connected: mikez(76561198319287419 - 42) - time: 68267.1 - serverFPS: 46.1095
26.01.2020 01:45:08: 19h 3min | Disconnected: mikez(76561198319287419 - 42) - time: 68405.2 - serverFPS: 43.956
26.01.2020 01:50:00: 19h 7min | Disconnected: Donnie Turbo(76561198041233395 - 27) - time: 68697 - serverFPS: 45.584
26.01.2020 01:50:52: 19h 8min | Disconnected: [1K-33] R. Tjay(76561198883479728 - 20) - time: 68749.2 - serverFPS: 45.4545
26.01.2020 01:55:26: 19h 13min | Connected: Donnie Turbo(76561198041233395 - 43) - time: 69023.8 - serverFPS: 46.5116
26.01.2020 01:55:37: 19h 13min | Disconnected: Harold Reginald(76561198355765034 - 41) - time: 69034.5 - serverFPS: 45.8453
26.01.2020 01:57:55: 19h 15min | Connected: William Jones(76561198166473448 - 44) - time: 69172.3 - serverFPS: 45.7143
26.01.2020 02:02:43: 19h 20min | Connected: Harold Reginald(76561198355765034 - 45) - time: 69459.1 - serverFPS: 45.8453
26.01.2020 02:03:03: 19h 20min | Connected: [1K-33] R. Tjay(76561198883479728 - 46) - time: 69479.5 - serverFPS: 45.584
26.01.2020 02:04:09: 19h 22min | Disconnected: Harold Reginald(76561198355765034 - 45) - time: 69545.4 - serverFPS: 46.3768
26.01.2020 02:04:40: 19h 22min | Connected: Harold Reginald(76561198355765034 - 45) - time: 69576.9 - serverFPS: 46.1095
26.01.2020 02:04:46: 19h 22min | Disconnected: Harold Reginald(76561198355765034 - 45) - time: 69582.3 - serverFPS: 46.1095
26.01.2020 02:11:59: 19h 29min | Connected: Joe Montana(76561198368248470 - 47) - time: 70015.4 - serverFPS: 46.1095
26.01.2020 02:13:20: 19h 31min | Connected: Harold Reginald(76561198355765034 - 48) - time: 70095.9 - serverFPS: 45.977
26.01.2020 02:14:50: 19h 32min | Connected: Mike Hutchinson(76561198043298972 - 51) - time: 70185.6 - serverFPS: 45.7143
26.01.2020 02:15:17: 19h 33min | Disconnected: William Jones(76561198166473448 - 44) - time: 70212.4 - serverFPS: 46.2428
26.01.2020 02:16:45: 19h 34min | Connected: William Jones(76561198166473448 - 52) - time: 70300.6 - serverFPS: 45.4545
26.01.2020 02:19:03: 19h 36min | Disconnected: Mike Hutchinson(76561198043298972 - 51) - time: 70438.3 - serverFPS: 44.6927
26.01.2020 02:19:39: 19h 37min | Connected: [1A-01] J Shepard(76561198043298972 - 53) - time: 70474.6 - serverFPS: 46.6472
26.01.2020 02:38:59: 19h 56min | Connected: [1A-02]J. Daker(76561198038112694 - 55) - time: 71633.3 - serverFPS: 45.7143
26.01.2020 02:39:59: 19h 57min | Disconnected: [1K-33] R. Tjay(76561198883479728 - 46) - time: 71693.8 - serverFPS: 45.1977
26.01.2020 02:44:27: 20h 2min | Disconnected: Chief Blades(76561198281290777 - 26) - time: 71961.1 - serverFPS: 46.1095
26.01.2020 02:47:05: 20h 5min | Connected: [1K-33] R. Tjay(76561198883479728 - 56) - time: 72119.1 - serverFPS: 46.1095
26.01.2020 03:00:15: 20h 18min | Disconnected: Thomas(76561198174871239 - 18) - time: 72908.9 - serverFPS: 45.977
26.01.2020 03:02:01: 20h 19min | Disconnected: Harold Reginald(76561198355765034 - 48) - time: 73014.5 - serverFPS: 45.977
26.01.2020 03:02:25: 20h 20min | Connected: Harold Reginald(76561198355765034 - 48) - time: 73039.2 - serverFPS: 46.2428
26.01.2020 03:03:43: 20h 21min | Disconnected: Donnie Turbo(76561198041233395 - 43) - time: 73116.7 - serverFPS: 45.7143
26.01.2020 03:07:38: 20h 25min | Connected: Zander Marino(76561198180893505 - 58) - time: 73351.7 - serverFPS: 46.1095
26.01.2020 03:13:03: 20h 30min | Disconnected: Umbellay Zulu(76561198361509989 - 29) - time: 73676.2 - serverFPS: 45.3258
26.01.2020 03:16:48: 20h 34min | Disconnected: [ION]Eriden Parker(76561198054085448 - 14) - time: 73901 - serverFPS: 45.8453
26.01.2020 03:17:52: 20h 35min | Connected: Umbellay Zulu(76561198361509989 - 59) - time: 73965.7 - serverFPS: 45.977
26.01.2020 03:27:11: 20h 45min | Connected: Chief Blades(76561198281290777 - 60) - time: 74524.1 - serverFPS: 46.2428
26.01.2020 03:27:29: 20h 45min | Disconnected: Chief Blades(76561198281290777 - 60) - time: 74541.8 - serverFPS: 46.2428
26.01.2020 03:27:58: 20h 45min | Connected: Chief Blades(76561198281290777 - 60) - time: 74570.5 - serverFPS: 45.8453
26.01.2020 03:33:01: infiSTAR_PlayerConnected_id: 1
26.01.2020 03:33:01: infiSTAR_PlayerDisconnected_id: 0
26.01.2020 03:36:18: 0h 4min | Connected: Boyevik Butch-Mac Volkev(76561198089960350 - 4) - time: 199.766 - serverFPS: 46.1095
26.01.2020 03:37:11: 0h 5min | Connected: Harold Reginald(76561198355765034 - 7) - time: 252.57 - serverFPS: 47.0588
26.01.2020 03:37:30: 0h 6min | Connected: Umbellay Zulu(76561198361509989 - 6) - time: 270.998 - serverFPS: 45.7143
26.01.2020 03:39:16: 0h 7min | Disconnected: Harold Reginald(76561198355765034 - 7) - time: 377.534 - serverFPS: 40.7125
26.01.2020 03:40:25: 0h 9min | Connected: William Jones(76561198166473448 - 11) - time: 445.47 - serverFPS: 45.7143
26.01.2020 03:40:41: 0h 9min | Connected: [1A-01] J Shepard(76561198043298972 - 12) - time: 461.241 - serverFPS: 46.5116
26.01.2020 03:40:44: 0h 9min | Connected: Nino Marino(76561198206026112 - 10) - time: 464.639 - serverFPS: 45.8453
26.01.2020 03:41:25: 0h 10min | Disconnected: [1A-01] J Shepard(76561198043298972 - 12) - time: 504.392 - serverFPS: 45.977
26.01.2020 03:42:10: 0h 10min | Connected: Kermit(76561198043298972 - 16) - time: 549.323 - serverFPS: 45.977
26.01.2020 03:43:16: 0h 11min | Connected: Chief Blades(76561198281290777 - 13) - time: 615.026 - serverFPS: 45.584
26.01.2020 03:43:33: 0h 12min | Disconnected: Chief Blades(76561198281290777 - 13) - time: 632.731 - serverFPS: 47.7612
26.01.2020 03:43:53: 0h 12min | Connected: Chief Blades(76561198281290777 - 13) - time: 652.132 - serverFPS: 45.7143
26.01.2020 03:44:02: 0h 12min | Connected: [1A-02]J. Daker(76561198038112694 - 15) - time: 661.687 - serverFPS: 46.2428
26.01.2020 03:44:44: 0h 13min | Disconnected: Chief Blades(76561198281290777 - 13) - time: 702.873 - serverFPS: 45.977
26.01.2020 03:49:21: 0h 18min | Connected: Zander Marino(76561198180893505 - 14) - time: 979.787 - serverFPS: 46.6472
26.01.2020 04:00:12: 0h 28min | Connected: Chief Blades(76561198281290777 - 18) - time: 1629.76 - serverFPS: 46.3768
26.01.2020 04:01:34: 0h 30min | Disconnected: Umbellay Zulu(76561198361509989 - 6) - time: 1712.39 - serverFPS: 46.3768
26.01.2020 04:05:18: 0h 33min | Disconnected: Chief Blades(76561198281290777 - 18) - time: 1936.36 - serverFPS: 46.5116
26.01.2020 04:05:34: 0h 34min | Connected: Chief Blades(76561198281290777 - 18) - time: 1951.77 - serverFPS: 45.977
26.01.2020 04:22:00: 0h 50min | Connected: Harold Reginald(76561198355765034 - 19) - time: 2937.08 - serverFPS: 46.2428
26.01.2020 04:41:28: 1h 10min | Disconnected: Kermit(76561198043298972 - 16) - time: 4104.4 - serverFPS: 45.7143
26.01.2020 04:44:59: 1h 13min | Connected: Umbellay Zulu(76561198361509989 - 20) - time: 4316.27 - serverFPS: 46.1095
26.01.2020 04:47:06: 1h 15min | Disconnected: [1A-02]J. Daker(76561198038112694 - 15) - time: 4442.44 - serverFPS: 46.6472
26.01.2020 04:48:25: 1h 17min | Disconnected: Harold Reginald(76561198355765034 - 19) - time: 4521.87 - serverFPS: 43.7158
26.01.2020 04:54:00: 1h 22min | Disconnected: Zander Marino(76561198180893505 - 14) - time: 4856.8 - serverFPS: 46.1095
26.01.2020 04:54:31: 1h 23min | Connected: Zander Marino(76561198180893505 - 14) - time: 4887.51 - serverFPS: 45.584
26.01.2020 04:59:57: 1h 28min | Connected: Harold Reginald(76561198355765034 - 22) - time: 5212.81 - serverFPS: 45.7143
26.01.2020 05:08:31: 1h 37min | Disconnected: William Jones(76561198166473448 - 11) - time: 5726.9 - serverFPS: 45.7143
26.01.2020 05:08:47: 1h 37min | Disconnected: Chief Blades(76561198281290777 - 18) - time: 5742.56 - serverFPS: 45.584
26.01.2020 05:14:46: 1h 43min | Disconnected: Boyevik Butch-Mac Volkev(76561198089960350 - 4) - time: 6101.32 - serverFPS: 45.977
26.01.2020 05:16:27: 1h 45min | Disconnected: Harold Reginald(76561198355765034 - 22) - time: 6203.19 - serverFPS: 47.0588
26.01.2020 05:47:15: 2h 15min | Disconnected: Nino Marino(76561198206026112 - 10) - time: 8050.83 - serverFPS: 45.8453
26.01.2020 05:58:03: 2h 26min | Connected: Rick Cheney(76561198860031547 - 24) - time: 8698.34 - serverFPS: 46.1095
26.01.2020 06:11:43: 2h 40min | Disconnected: Umbellay Zulu(76561198361509989 - 20) - time: 9518.26 - serverFPS: 45.7143
26.01.2020 06:16:30: 2h 45min | Connected: Robert Kennedy(76561198083728776 - 26) - time: 9805.71 - serverFPS: 46.9208
26.01.2020 06:26:48: 2h 55min | Connected: Nino Marino(76561198206026112 - 27) - time: 10422.9 - serverFPS: 45.977
26.01.2020 07:11:05: 3h 39min | Disconnected: Robert Kennedy(76561198083728776 - 26) - time: 13079.3 - serverFPS: 45.4545
26.01.2020 07:12:58: 3h 41min | Disconnected: Rick Cheney(76561198860031547 - 24) - time: 13192.3 - serverFPS: 45.4545
26.01.2020 08:14:46: 4h 43min | Disconnected: Zander Marino(76561198180893505 - 14) - time: 16900.2 - serverFPS: 45.977
26.01.2020 08:15:02: 4h 43min | Disconnected: Nino Marino(76561198206026112 - 27) - time: 16916.3 - serverFPS: 46.1095
26.01.2020 15:13:32: 11h 42min | Connected: Thomas(76561198174871239 - 28) - time: 42026 - serverFPS: 45.584
26.01.2020 15:37:57: 12h 6min | Disconnected: Thomas(76561198174871239 - 28) - time: 43491 - serverFPS: 45.7143
26.01.2020 20:21:27: 16h 50min | Connected: Abduwale Muse(76561198033160260 - 29) - time: 60500.5 - serverFPS: 45.977
26.01.2020 20:35:50: 17h 4min | Disconnected: Abduwale Muse(76561198033160260 - 29) - time: 61363.5 - serverFPS: 46.3768
26.01.2020 21:08:52: 17h 37min | Connected: Thomas(76561198174871239 - 30) - time: 63345.5 - serverFPS: 46.3768
26.01.2020 21:19:57: 17h 48min | Connected: Donnie Turbo(76561198041233395 - 31) - time: 64009.1 - serverFPS: 45.977
26.01.2020 21:58:06: 18h 26min | Connected: Umbellay Zulu(76561198361509989 - 32) - time: 66297.8 - serverFPS: 45.8453
26.01.2020 21:58:40: 18h 27min | Disconnected: Umbellay Zulu(76561198361509989 - 32) - time: 66331.7 - serverFPS: 46.1095
26.01.2020 22:03:12: 18h 31min | Connected: AL "BIG AL" GAMBINO(76561198361509989 - 33) - time: 66604.4 - serverFPS: 46.1095
26.01.2020 22:24:35: 18h 53min | Disconnected: AL "BIG AL" GAMBINO(76561198361509989 - 33) - time: 67886.6 - serverFPS: 45.8453
26.01.2020 22:52:44: 19h 21min | Disconnected: Donnie Turbo(76561198041233395 - 31) - time: 69574.9 - serverFPS: 46.5116
26.01.2020 22:52:51: 19h 21min | Disconnected: Thomas(76561198174871239 - 30) - time: 69581.9 - serverFPS: 45.4545
26.01.2020 22:53:16: 19h 21min | Connected: Donnie Turbo(76561198041233395 - 31) - time: 69607.5 - serverFPS: 45.1977
26.01.2020 22:54:53: 19h 23min | Connected: Thomas(76561198174871239 - 34) - time: 69703.8 - serverFPS: 45.584
26.01.2020 23:01:05: 19h 29min | Disconnected: Donnie Turbo(76561198041233395 - 31) - time: 70076 - serverFPS: 46.1095
26.01.2020 23:01:27: 19h 30min | Connected: Donnie Turbo(76561198041233395 - 31) - time: 70097.9 - serverFPS: 45.7143
26.01.2020 23:10:44: 19h 39min | Connected: [1K-33] R. Tjay(76561198883479728 - 35) - time: 70654.9 - serverFPS: 46.1095
26.01.2020 23:14:59: 19h 43min | Connected: Davey Jones(76561198166473448 - 37) - time: 70908.9 - serverFPS: 46.3768
26.01.2020 23:15:27: 19h 44min | Disconnected: Davey Jones(76561198166473448 - 37) - time: 70937.1 - serverFPS: 45.584
26.01.2020 23:15:42: 19h 44min | Connected: Davey Jones(76561198166473448 - 37) - time: 70952.3 - serverFPS: 46.5116
26.01.2020 23:27:54: 19h 56min | Connected: Jbo Marino[201](76561198206026112 - 40) - time: 71684.4 - serverFPS: 46.2428
