26.02.2020 00:01:57: infiSTAR_PlayerConnected_id: 1
26.02.2020 00:01:57: infiSTAR_PlayerDisconnected_id: 0
26.02.2020 00:05:07: 0h 4min | Connected: AL "BIG AL" GAMBINO(76561198361509989 - 5) - time: 191.732 - serverFPS: 45.977
26.02.2020 00:07:52: 0h 7min | Connected: Donnie Turbo(76561198041233395 - 6) - time: 356.027 - serverFPS: 45.977
26.02.2020 00:20:50: 0h 20min | Connected: Sternn(76561198087299936 - 7) - time: 1133.14 - serverFPS: 45.4545
26.02.2020 00:37:52: 0h 37min | Connected: Jbo Marino[201](76561198206026112 - 8) - time: 2153.59 - serverFPS: 45.4545
26.02.2020 00:38:11: 0h 37min | Connected: luke(76561198264871362 - 9) - time: 2172.83 - serverFPS: 45.3258
26.02.2020 00:51:30: 0h 51min | Connected: John Anderson(76561198180893505 - 11) - time: 2971.41 - serverFPS: 40.3023
26.02.2020 01:17:44: 1h 17min | Disconnected: AL "BIG AL" GAMBINO(76561198361509989 - 5) - time: 4544.89 - serverFPS: 45.4545
26.02.2020 01:28:46: 1h 28min | Disconnected: Donnie Turbo(76561198041233395 - 6) - time: 5206.29 - serverFPS: 45.584
26.02.2020 01:29:21: 1h 29min | Connected: Donnie Turbo(76561198041233395 - 6) - time: 5240.58 - serverFPS: 46.5116
26.02.2020 01:34:31: 1h 34min | Connected: Low_Poly_Man(76561198137223112 - 13) - time: 5550.03 - serverFPS: 45.3258
26.02.2020 01:52:10: 1h 51min | Disconnected: luke(76561198264871362 - 9) - time: 6608.25 - serverFPS: 46.1095
26.02.2020 01:55:50: 1h 55min | Disconnected: Sternn(76561198087299936 - 7) - time: 6828.75 - serverFPS: 45.584
26.02.2020 02:29:16: 2h 28min | Connected: luke(76561198264871362 - 15) - time: 8833.49 - serverFPS: 45.977
26.02.2020 02:36:57: 2h 36min | Connected: Amado Carrillo fuentes(76561198354844800 - 16) - time: 9294.29 - serverFPS: 46.2428
26.02.2020 02:39:43: 2h 39min | Disconnected: Jbo Marino[201](76561198206026112 - 8) - time: 9460.91 - serverFPS: 46.9208
26.02.2020 02:42:57: 2h 42min | Disconnected: Low_Poly_Man(76561198137223112 - 13) - time: 9654.74 - serverFPS: 45.7143
26.02.2020 02:52:53: 2h 52min | Disconnected: luke(76561198264871362 - 15) - time: 10250.7 - serverFPS: 45.584
26.02.2020 02:58:50: 2h 58min | Disconnected: Amado Carrillo fuentes(76561198354844800 - 16) - time: 10608 - serverFPS: 45.584
26.02.2020 03:01:30: 3h 1min | Disconnected: Donnie Turbo(76561198041233395 - 6) - time: 10767.9 - serverFPS: 45.8453
26.02.2020 03:02:07: 3h 1min | Connected: Donnie Turbo(76561198041233395 - 6) - time: 10804.6 - serverFPS: 45.4545
26.02.2020 03:06:09: 3h 5min | Disconnected: Donnie Turbo(76561198041233395 - 6) - time: 11045.9 - serverFPS: 45.8453
26.02.2020 03:06:25: 3h 6min | Disconnected: John Anderson(76561198180893505 - 11) - time: 11062.5 - serverFPS: 46.1095
26.02.2020 12:02:03: infiSTAR_PlayerConnected_id: 1
26.02.2020 12:02:03: infiSTAR_PlayerDisconnected_id: 0
26.02.2020 16:06:00: 4h 5min | Connected: Harry(76561198165941643 - 5) - time: 14639.3 - serverFPS: 45.8453
26.02.2020 16:35:30: 4h 35min | Disconnected: Harry(76561198165941643 - 5) - time: 16408.5 - serverFPS: 45.4545
26.02.2020 22:14:33: 10h 14min | Connected: Donnie Turbo(76561198041233395 - 6) - time: 36751.4 - serverFPS: 46.2428
26.02.2020 23:25:46: 11h 25min | Connected: luke(76561198264871362 - 7) - time: 41023.6 - serverFPS: 45.7143
26.02.2020 23:28:56: 11h 28min | Connected: Amado Carrillo fuentes(76561198354844800 - 8) - time: 41214.1 - serverFPS: 46.2428
26.02.2020 23:34:29: 11h 34min | Connected: AL "BIG AL" GAMBINO(76561198361509989 - 9) - time: 41546.9 - serverFPS: 45.977
26.02.2020 23:51:52: 11h 51min | Disconnected: AL "BIG AL" GAMBINO(76561198361509989 - 9) - time: 42588.2 - serverFPS: 43.5967
26.02.2020 23:52:46: 11h 52min | Disconnected: luke(76561198264871362 - 7) - time: 42643 - serverFPS: 46.2428
26.02.2020 23:54:41: 11h 54min | Connected: AL "BIG AL" GAMBINO(76561198361509989 - 10) - time: 42758.2 - serverFPS: 45.3258
26.02.2020 23:56:53: 11h 56min | Disconnected: AL "BIG AL" GAMBINO(76561198361509989 - 10) - time: 42889.1 - serverFPS: 46.5116
26.02.2020 23:58:03: 11h 57min | Disconnected: Donnie Turbo(76561198041233395 - 6) - time: 42959.7 - serverFPS: 47.4777
26.02.2020 23:59:00: 11h 58min | Disconnected: Amado Carrillo fuentes(76561198354844800 - 8) - time: 43016.7 - serverFPS: 46.3768
