14.02.2020 00:19:19: 6h 32min | Disconnected: John Anderson(76561198180893505 - 5) - time: 23465 - serverFPS: 45.584
14.02.2020 00:48:01: 7h 1min | Disconnected: Melvin Bush(76561198083728776 - 16) - time: 25186.2 - serverFPS: 45.1977
14.02.2020 00:48:30: 7h 2min | Connected: Melvin Bush(76561198083728776 - 16) - time: 25215.2 - serverFPS: 47.7612
14.02.2020 00:51:49: 7h 5min | Disconnected: Donnie Turbo(76561198041233395 - 13) - time: 25414.7 - serverFPS: 45.4545
14.02.2020 00:59:20: 7h 12min | Connected: Jackz(76561198391774624 - 22) - time: 25865.3 - serverFPS: 46.6472
14.02.2020 00:59:23: 7h 12min | Disconnected: Jackz(76561198391774624 - 22) - time: 25867.8 - serverFPS: 47.4777
14.02.2020 01:01:21: 7h 14min | Disconnected: Melvin Bush(76561198083728776 - 16) - time: 25986 - serverFPS: 45.7143
14.02.2020 01:02:13: 7h 15min | Connected: Jackz(76561198391774624 - 23) - time: 26038.2 - serverFPS: 47.0588
14.02.2020 01:17:31: 7h 31min | Disconnected: Jackz(76561198391774624 - 23) - time: 26956.2 - serverFPS: 45.4545
14.02.2020 01:37:03: 7h 50min | Connected: [1k-40] Jose Santana(76561198206026112 - 25) - time: 28128.2 - serverFPS: 45.7143
14.02.2020 01:56:20: 8h 9min | Disconnected: [1k-40] Jose Santana(76561198206026112 - 25) - time: 29281.9 - serverFPS: 45.4545
14.02.2020 02:00:53: 8h 14min | Disconnected: AL "BIG AL" GAMBINO(76561198361509989 - 21) - time: 29555 - serverFPS: 45.4545
14.02.2020 03:25:52: infiSTAR_PlayerConnected_id: 1
14.02.2020 03:25:52: infiSTAR_PlayerDisconnected_id: 0
14.02.2020 03:26:05: 0h 1min | Connected: HoyoBani(76561198105940600 - 4) - time: 17.49 - serverFPS: 46.1095
14.02.2020 03:36:30: infiSTAR_PlayerConnected_id: 1
14.02.2020 03:36:30: infiSTAR_PlayerDisconnected_id: 0
14.02.2020 03:37:46: 0h 2min | Connected: HoyoBani(76561198105940600 - 4) - time: 79.61 - serverFPS: 45.7143
14.02.2020 03:41:32: infiSTAR_PlayerConnected_id: 1
14.02.2020 03:41:32: infiSTAR_PlayerDisconnected_id: 0
14.02.2020 03:44:25: 0h 4min | Connected: HoyoBani(76561198105940600 - 4) - time: 177.837 - serverFPS: 45.4545
14.02.2020 03:48:08: 0h 8min | Disconnected: HoyoBani(76561198105940600 - 4) - time: 400.494 - serverFPS: 46.2428
14.02.2020 03:48:20: 0h 8min | Connected: HoyoBani(76561198105940600 - 4) - time: 411.584 - serverFPS: 46.2428
14.02.2020 03:57:43: 0h 17min | Connected: Peppe Valachi(76561198272370927 - 5) - time: 974.333 - serverFPS: 45.3258
14.02.2020 04:16:56: 0h 37min | Disconnected: HoyoBani(76561198105940600 - 4) - time: 2127.55 - serverFPS: 46.2428
14.02.2020 04:20:37: 0h 40min | Disconnected: Peppe Valachi(76561198272370927 - 5) - time: 2348.66 - serverFPS: 45.1977
14.02.2020 05:36:41: 1h 56min | Connected: Kyatt Demon(76561198159595292 - 7) - time: 6912.6 - serverFPS: 46.1095
14.02.2020 05:55:14: 2h 15min | Connected: Jackz(76561198391774624 - 8) - time: 8025.17 - serverFPS: 45.8453
14.02.2020 06:22:17: 2h 42min | Disconnected: Kyatt Demon(76561198159595292 - 7) - time: 9646.98 - serverFPS: 46.6472
14.02.2020 06:22:37: 2h 42min | Disconnected: Jackz(76561198391774624 - 8) - time: 9667.73 - serverFPS: 45.4545
14.02.2020 06:27:41: infiSTAR_PlayerConnected_id: 1
14.02.2020 06:27:41: infiSTAR_PlayerDisconnected_id: 0
14.02.2020 06:29:32: 0h 3min | Connected: HoyoBani(76561198105940600 - 5) - time: 114.652 - serverFPS: 45.3258
14.02.2020 06:30:58: 0h 5min | Disconnected: HoyoBani(76561198105940600 - 5) - time: 200.225 - serverFPS: 43.4783
14.02.2020 06:33:09: 0h 7min | Connected: HoyoBani(76561198105940600 - 13) - time: 330.943 - serverFPS: 46.7836
14.02.2020 06:34:38: 0h 8min | Connected: Low_Poly_Man(76561198137223112 - 10) - time: 419.125 - serverFPS: 45.584
14.02.2020 06:35:33: 0h 9min | Connected: Jackz(76561198391774624 - 14) - time: 473.478 - serverFPS: 45.0704
14.02.2020 06:40:24: 0h 14min | Connected: WarFire(76561198150464364 - 17) - time: 764.923 - serverFPS: 45.584
14.02.2020 06:52:29: 0h 26min | Connected: Kyatt Demon(76561198159595292 - 18) - time: 1488.43 - serverFPS: 45.4545
14.02.2020 06:52:57: 0h 27min | Disconnected: Jackz(76561198391774624 - 14) - time: 1517.13 - serverFPS: 45.8453
14.02.2020 06:54:40: 0h 28min | Disconnected: HoyoBani(76561198105940600 - 13) - time: 1619.62 - serverFPS: 45.3258
14.02.2020 07:06:09: 0h 40min | Disconnected: Low_Poly_Man(76561198137223112 - 10) - time: 2309.03 - serverFPS: 45.977
14.02.2020 08:41:29: 2h 15min | Disconnected: WarFire(76561198150464364 - 17) - time: 8028.02 - serverFPS: 45.4545
14.02.2020 08:44:35: 2h 18min | Connected: Melvin Bush(76561198083728776 - 19) - time: 8213.71 - serverFPS: 46.1095
14.02.2020 08:50:16: 2h 24min | Disconnected: Kyatt Demon(76561198159595292 - 18) - time: 8554.54 - serverFPS: 46.7836
14.02.2020 09:00:54: 2h 34min | Connected: Rick Cheney(76561198860031547 - 20) - time: 9192.6 - serverFPS: 45.977
14.02.2020 09:33:01: 3h 7min | Disconnected: Melvin Bush(76561198083728776 - 19) - time: 11118.9 - serverFPS: 45.584
14.02.2020 09:56:20: 3h 30min | Disconnected: Rick Cheney(76561198860031547 - 20) - time: 12517.8 - serverFPS: 46.1095
14.02.2020 18:45:02: 12h 19min | Connected: Kyatt Demon(76561198159595292 - 21) - time: 44240.2 - serverFPS: 46.3768
14.02.2020 19:35:51: 13h 9min | Connected: Low_Poly_Man(76561198137223112 - 23) - time: 47288.4 - serverFPS: 45.977
14.02.2020 19:35:54: 13h 9min | Connected: WarFire(76561198150464364 - 24) - time: 47290.9 - serverFPS: 46.1095
14.02.2020 19:40:43: 13h 14min | Disconnected: WarFire(76561198150464364 - 24) - time: 47580 - serverFPS: 46.2428
14.02.2020 19:40:57: 13h 15min | Connected: WarFire(76561198150464364 - 24) - time: 47594.1 - serverFPS: 45.584
14.02.2020 19:44:27: 13h 18min | Connected: Melvin Bush(76561198083728776 - 25) - time: 47803.9 - serverFPS: 45.977
14.02.2020 19:45:36: 13h 19min | Disconnected: Kyatt Demon(76561198159595292 - 21) - time: 47872 - serverFPS: 45.4545
14.02.2020 19:48:13: 13h 22min | Connected: Kyatt Demon(76561198159595292 - 26) - time: 48029.4 - serverFPS: 45.977
14.02.2020 19:52:16: 13h 26min | Disconnected: Melvin Bush(76561198083728776 - 25) - time: 48272.7 - serverFPS: 47.0588
14.02.2020 19:53:00: 13h 27min | Connected: Robert Kennedy(76561198083728776 - 27) - time: 48316.3 - serverFPS: 45.584
14.02.2020 19:54:46: 13h 28min | Connected: Rick Cheney(76561198860031547 - 28) - time: 48421.9 - serverFPS: 47.4777
14.02.2020 20:48:52: 14h 22min | Disconnected: Kyatt Demon(76561198159595292 - 26) - time: 51666.6 - serverFPS: 46.1095
14.02.2020 20:54:54: 14h 28min | Disconnected: Rick Cheney(76561198860031547 - 28) - time: 52029 - serverFPS: 45.584
14.02.2020 20:55:02: 14h 29min | Disconnected: Robert Kennedy(76561198083728776 - 27) - time: 52037.3 - serverFPS: 46.1095
14.02.2020 21:02:47: 14h 36min | Disconnected: WarFire(76561198150464364 - 24) - time: 52502.1 - serverFPS: 46.9208
14.02.2020 21:03:11: 14h 37min | Disconnected: Low_Poly_Man(76561198137223112 - 23) - time: 52525.4 - serverFPS: 45.3258
14.02.2020 21:18:28: 14h 52min | Connected: Sherman(76561198038112694 - 31) - time: 53442.6 - serverFPS: 45.4545
14.02.2020 21:23:33: 14h 57min | Connected: Simon(76561198139661569 - 33) - time: 53747.8 - serverFPS: 45.4545
14.02.2020 21:34:27: 15h 8min | Connected: Low_Poly_Man(76561198137223112 - 34) - time: 54401.6 - serverFPS: 46.2428
14.02.2020 21:48:29: 15h 22min | Disconnected: Low_Poly_Man(76561198137223112 - 34) - time: 55243 - serverFPS: 45.977
14.02.2020 21:48:49: 15h 22min | Disconnected: Simon(76561198139661569 - 33) - time: 55263.4 - serverFPS: 45.8453
14.02.2020 21:54:11: 15h 28min | Disconnected: Sherman(76561198038112694 - 31) - time: 55585.4 - serverFPS: 45.977
14.02.2020 23:02:12: 16h 36min | Connected: Alexander.Rios(76561198037915534 - 35) - time: 59666.5 - serverFPS: 45.977
14.02.2020 23:13:51: 16h 47min | Connected: Donnie Turbo(76561198041233395 - 36) - time: 60364.1 - serverFPS: 45.4545
14.02.2020 23:54:54: 17h 28min | Connected: Nino Marino(76561198206026112 - 37) - time: 62826.8 - serverFPS: 47.3373
