25.02.2020 00:02:35: 17h 31min | Connected: John Anderson(76561198180893505 - 7) - time: 63003.2 - serverFPS: 45.584
25.02.2020 00:04:05: 17h 33min | Connected: Donnie Turbo(76561198041233395 - 5) - time: 63092.8 - serverFPS: 47.0588
25.02.2020 00:06:50: 17h 35min | Connected: Khalidan Steyr(76561197997126699 - 9) - time: 63257.4 - serverFPS: 45.584
25.02.2020 00:07:52: 17h 36min | Connected: luke(76561198264871362 - 10) - time: 63318.6 - serverFPS: 46.9208
25.02.2020 00:30:38: 17h 59min | Disconnected: Khalidan Steyr(76561197997126699 - 9) - time: 64677.6 - serverFPS: 46.7836
25.02.2020 00:52:17: 18h 21min | Disconnected: luke(76561198264871362 - 10) - time: 65975.1 - serverFPS: 46.7836
25.02.2020 00:53:46: 18h 22min | Disconnected: John Anderson(76561198180893505 - 7) - time: 66063.8 - serverFPS: 45.4545
25.02.2020 00:54:15: 18h 23min | Connected: John Anderson(76561198180893505 - 7) - time: 66092.7 - serverFPS: 45.7143
25.02.2020 00:59:01: 18h 28min | Disconnected: John Anderson(76561198180893505 - 7) - time: 66379.3 - serverFPS: 45.3258
25.02.2020 00:59:23: 18h 28min | Connected: John Anderson(76561198180893505 - 7) - time: 66400.9 - serverFPS: 46.7836
25.02.2020 00:59:24: 18h 28min | Connected: AL "BIG AL" GAMBINO(76561198361509989 - 12) - time: 66402 - serverFPS: 47.0588
25.02.2020 01:16:15: 18h 45min | Disconnected: John Anderson(76561198180893505 - 7) - time: 67412.4 - serverFPS: 47.4777
25.02.2020 01:17:09: 18h 46min | Connected: Nino Marino(76561198206026112 - 13) - time: 67465.5 - serverFPS: 46.5116
25.02.2020 01:26:28: 18h 55min | Connected: Amado Carrillo fuentes(76561198354844800 - 14) - time: 68024.7 - serverFPS: 45.584
25.02.2020 01:28:00: 18h 57min | Disconnected: Amado Carrillo fuentes(76561198354844800 - 14) - time: 68115.9 - serverFPS: 45.1977
25.02.2020 01:30:11: 18h 59min | Connected: Amado Carrillo fuentes(76561198354844800 - 14) - time: 68247.4 - serverFPS: 45.7143
25.02.2020 01:35:07: 19h 4min | Connected: Zander Marino(76561198180893505 - 16) - time: 68543 - serverFPS: 45.584
25.02.2020 01:37:28: 19h 6min | Connected: luke(76561198264871362 - 17) - time: 68682.9 - serverFPS: 45.584
25.02.2020 01:51:43: 19h 20min | Disconnected: Nino Marino(76561198206026112 - 13) - time: 69537.9 - serverFPS: 45.8453
25.02.2020 01:52:44: 19h 21min | Connected: [1k-40] Jose Santana(76561198206026112 - 18) - time: 69599.1 - serverFPS: 45.8453
25.02.2020 02:23:58: 19h 53min | Disconnected: luke(76561198264871362 - 17) - time: 71472.3 - serverFPS: 45.584
25.02.2020 02:25:13: 19h 54min | Connected: Sherman(76561198038112694 - 19) - time: 71547.1 - serverFPS: 45.4545
25.02.2020 02:28:12: 19h 57min | Connected: luke(76561198264871362 - 20) - time: 71726.2 - serverFPS: 45.4545
25.02.2020 02:29:30: 19h 58min | Disconnected: luke(76561198264871362 - 20) - time: 71804.5 - serverFPS: 46.1095
25.02.2020 02:32:55: 20h 2min | Connected: luke(76561198264871362 - 21) - time: 72009.1 - serverFPS: 45.1977
25.02.2020 02:45:46: 20h 14min | Disconnected: AL "BIG AL" GAMBINO(76561198361509989 - 12) - time: 72779.8 - serverFPS: 45.977
25.02.2020 02:51:31: 20h 20min | Disconnected: luke(76561198264871362 - 21) - time: 73124.1 - serverFPS: 45.977
25.02.2020 02:55:54: 20h 24min | Connected: luke(76561198264871362 - 22) - time: 73387.1 - serverFPS: 45.7143
25.02.2020 03:02:58: 20h 32min | Disconnected: Amado Carrillo fuentes(76561198354844800 - 14) - time: 73811.5 - serverFPS: 45.8453
25.02.2020 03:05:59: 20h 35min | Disconnected: luke(76561198264871362 - 22) - time: 73991.9 - serverFPS: 45.8453
25.02.2020 03:24:45: 20h 53min | Disconnected: Sherman(76561198038112694 - 19) - time: 75087.7 - serverFPS: 45.584
25.02.2020 03:28:19: 20h 57min | Disconnected: [1k-40] Jose Santana(76561198206026112 - 18) - time: 75301.5 - serverFPS: 40.3023
25.02.2020 03:36:55: 21h 6min | Disconnected: Zander Marino(76561198180893505 - 16) - time: 75818.2 - serverFPS: 46.3768
25.02.2020 03:37:30: 21h 6min | Connected: Zander Marino(76561198180893505 - 16) - time: 75853.1 - serverFPS: 45.3258
25.02.2020 03:37:57: 21h 7min | Connected: luke(76561198264871362 - 23) - time: 75879.7 - serverFPS: 45.584
25.02.2020 04:14:25: 21h 43min | Disconnected: luke(76561198264871362 - 23) - time: 78066.1 - serverFPS: 46.3768
25.02.2020 04:32:13: 22h 1min | Disconnected: Zander Marino(76561198180893505 - 16) - time: 79134 - serverFPS: 45.1977
25.02.2020 05:21:35: infiSTAR_PlayerConnected_id: 1
25.02.2020 05:21:35: infiSTAR_PlayerDisconnected_id: 0
25.02.2020 05:30:26: infiSTAR_PlayerConnected_id: 1
25.02.2020 05:30:26: infiSTAR_PlayerDisconnected_id: 0
25.02.2020 05:46:55: infiSTAR_PlayerConnected_id: 1
25.02.2020 05:46:55: infiSTAR_PlayerDisconnected_id: 0
25.02.2020 05:50:57: 0h 5min | Connected: HoyoBani(76561198105940600 - 4) - time: 244.312 - serverFPS: 45.7143
25.02.2020 06:01:08: 0h 15min | Connected: Sherman(76561198038112694 - 5) - time: 854.606 - serverFPS: 45.977
25.02.2020 06:13:35: 0h 28min | Connected: Nino Marino(76561198206026112 - 7) - time: 1600.91 - serverFPS: 45.1977
25.02.2020 06:17:50: 0h 32min | Connected: Stanley Thompson [1K-75](76561198180893505 - 8) - time: 1855.64 - serverFPS: 46.9208
25.02.2020 06:35:20: 0h 50min | Disconnected: Sherman(76561198038112694 - 5) - time: 2904.68 - serverFPS: 45.7143
25.02.2020 06:47:41: 1h 2min | Disconnected: HoyoBani(76561198105940600 - 4) - time: 3645.9 - serverFPS: 45.4545
25.02.2020 06:51:34: 1h 6min | Disconnected: Nino Marino(76561198206026112 - 7) - time: 3878.72 - serverFPS: 45.4545
25.02.2020 06:53:18: 1h 8min | Disconnected: Stanley Thompson [1K-75](76561198180893505 - 8) - time: 3982.75 - serverFPS: 46.3768
25.02.2020 12:03:08: infiSTAR_PlayerConnected_id: 1
25.02.2020 12:03:08: infiSTAR_PlayerDisconnected_id: 0
25.02.2020 18:35:46: 6h 34min | Connected: Sherman(76561198038112694 - 4) - time: 23561.4 - serverFPS: 46.1095
25.02.2020 18:36:53: 6h 35min | Disconnected: Sherman(76561198038112694 - 4) - time: 23628 - serverFPS: 45.977
25.02.2020 22:52:54: 10h 51min | Connected: AL "BIG AL" GAMBINO(76561198361509989 - 5) - time: 38988.7 - serverFPS: 45.3258
25.02.2020 23:40:14: 11h 38min | Connected: Donnie Turbo(76561198041233395 - 6) - time: 41827.8 - serverFPS: 46.2428
25.02.2020 23:59:29: 11h 58min | Disconnected: AL "BIG AL" GAMBINO(76561198361509989 - 5) - time: 42982.4 - serverFPS: 45.3258
25.02.2020 23:59:33: 11h 58min | Disconnected: Donnie Turbo(76561198041233395 - 6) - time: 42986.7 - serverFPS: 46.6472
