24.02.2020 00:41:19: 26h 20min | Nino Marino(76561198206026112) | Revive - civ_3(76561198206026112)
24.02.2020 01:08:26: 26h 48min | Nino Marino(76561198206026112) | unlocked - [d3s_w140_98]
24.02.2020 01:08:36: 26h 48min | Nino Marino(76561198206026112) | locked - [d3s_w140_98]
24.02.2020 01:10:04: 26h 49min | Nino Marino(76561198206026112) | SPECTATE - switchedCamera on Rick Cheney(76561198860031547) - B_RangeMaster_F
24.02.2020 01:10:27: 26h 50min | Nino Marino(76561198206026112) | Teleport to [7520.96,537.465,0](GPS: 075974)
24.02.2020 01:15:26: 26h 55min | HoyoBani(76561198105940600) | infiSTAR Player ESP 1 - 1
24.02.2020 01:15:26: 26h 55min | HoyoBani(76561198105940600) | infiSTAR MapIcons - 1
24.02.2020 01:15:26: 26h 55min | HoyoBani(76561198105940600) | noRecoil - 1
24.02.2020 01:17:15: 26h 56min | HoyoBani(76561198105940600) | spawning ED-1E Roller (I_UGV_02_Science_F)
24.02.2020 01:17:39: 26h 57min | Nino Marino(76561198206026112) | Teleport to [3394.81,4201.08,0](GPS: 033011)
24.02.2020 01:17:52: 26h 57min | HoyoBani(76561198105940600) | Revive - medic_6(76561198105940600)
24.02.2020 01:18:34: 26h 58min | HoyoBani(76561198105940600) | AdminConsole
24.02.2020 01:18:37: 26h 58min | HoyoBani(76561198105940600) | AdminConsole
24.02.2020 01:18:47: 26h 58min | Sherman(76561198038112694) | Deleting B_G_Offroad_01_F @038002..
24.02.2020 01:19:13: 26h 58min | HoyoBani(76561198105940600) | AdminConsole
24.02.2020 01:19:43: 26h 59min | Nino Marino(76561198206026112) | SPECTATE - switchedCamera on Sherman(76561198038112694) - C_man_1
24.02.2020 01:19:49: 26h 59min | Nino Marino(76561198206026112) | SPECTATE - switchedCamera on Rogue Tjay(76561198883479728) - C_man_1
24.02.2020 01:19:54: 26h 59min | Nino Marino(76561198206026112) | SPECTATE - switchedCamera on HoyoBani(76561198105940600) - I_soldier_UAV_06_medical_F
24.02.2020 01:19:57: 26h 59min | Nino Marino(76561198206026112) | SPECTATE - switchedCamera on LaMarcus Johnson(76561198043298972) - C_man_1
24.02.2020 01:20:06: 26h 59min | Nino Marino(76561198206026112) | SPECTATE - switchedCamera on luke(76561198264871362) - B_Heli_Light_01_stripped_F
24.02.2020 01:23:28: 27h 3min | HoyoBani(76561198105940600) | AdminConsole
24.02.2020 01:23:55: 27h 3min | HoyoBani(76561198105940600) | AdminConsole
24.02.2020 01:30:08: 27h 9min | Sherman(76561198038112694) | HealRepairNear
24.02.2020 01:31:08: 27h 10min | HoyoBani(76561198105940600) | Revive - medic_6(76561198105940600)
24.02.2020 01:37:36: 27h 17min | HoyoBani(76561198105940600) | Revive - medic_6(76561198105940600)
24.02.2020 01:38:43: 27h 18min | Nino Marino(76561198206026112) | SPECTATE - switchedCamera on luke(76561198264871362) - C_man_1
24.02.2020 01:40:47: 27h 20min | LaMarcus Johnson(76561198043298972) | Stealth / Invisible - 1
24.02.2020 01:40:48: 27h 20min | LaMarcus Johnson(76561198043298972) | God Mode - 1
24.02.2020 01:40:57: 27h 20min | HoyoBani(76561198105940600) | HealRepairNear
24.02.2020 01:42:06: 27h 21min | LaMarcus Johnson(76561198043298972) | Stealth / Invisible - 0
24.02.2020 01:42:06: 27h 21min | LaMarcus Johnson(76561198043298972) | God Mode - 0
24.02.2020 01:43:24: 27h 23min | LaMarcus Johnson(76561198043298972) | Stealth / Invisible - 1
24.02.2020 01:43:25: 27h 23min | LaMarcus Johnson(76561198043298972) | God Mode - 1
24.02.2020 01:43:47: 27h 23min | LaMarcus Johnson(76561198043298972) | God Mode - 0
24.02.2020 01:43:47: 27h 23min | LaMarcus Johnson(76561198043298972) | Stealth / Invisible - 0
24.02.2020 01:52:17: 27h 31min | Donnie Turbo(76561198041233395) | unlocked - [d3s_raptor_EMS_17]
24.02.2020 01:52:28: 27h 32min | Sherman(76561198038112694) | unlocked - [d3s_w212s_13_EX]
24.02.2020 01:56:59: 27h 36min | Nino Marino(76561198206026112) | unlocked - [d3s_w140_98]
24.02.2020 01:57:37: 27h 37min | Nino Marino(76561198206026112) | locked - [d3s_w140_98]
24.02.2020 02:00:52: 27h 40min | HoyoBani(76561198105940600) | spawning U235 (pop_u235)
24.02.2020 02:00:52: 27h 40min | HoyoBani(76561198105940600) | spawning U235 (pop_u235)
24.02.2020 02:00:53: 27h 40min | HoyoBani(76561198105940600) | spawning U235 (pop_u235)
24.02.2020 02:01:14: 27h 40min | Nino Marino(76561198206026112) | Added 2 drPeppers to Nino Marino!
24.02.2020 02:01:17: 27h 40min | Nino Marino(76561198206026112) | Added 2 hotDogs to Nino Marino!
24.02.2020 02:03:45: 27h 43min | HoyoBani(76561198105940600) | HealRepairNear
24.02.2020 02:06:49: 27h 46min | Nino Marino(76561198206026112) | Added 5 drPeppers to Nino Marino!
24.02.2020 02:08:32: 27h 48min | Sherman(76561198038112694) | Deleting d3s_q50_ER_14 @034010..
24.02.2020 02:08:48: 27h 48min | Sherman(76561198038112694) | Deleting d3s_w140_98 @034010..
24.02.2020 02:16:02: 27h 55min | Sergei Chedakai(76561198043298972) | unlocked - [d3s_boss_15]
24.02.2020 02:16:08: 27h 55min | Sergei Chedakai(76561198043298972) | locked - [d3s_boss_15]
24.02.2020 02:16:36: 27h 56min | Nino Marino(76561198206026112) | SPECTATE - switchedCamera on Sergei Chedakai(76561198043298972) - C_man_1
24.02.2020 02:17:28: 27h 57min | Sherman(76561198038112694) | Revive - civ_5(76561198038112694)
24.02.2020 02:17:35: 27h 57min | Sherman(76561198038112694) | Revive - cop_2(76561198860031547)
24.02.2020 02:17:40: 27h 57min | Sherman(76561198038112694) | Revive - cop_1(76561198087299936)
24.02.2020 02:17:47: 27h 57min | Sherman(76561198038112694) | Teleport to [3656.34,4043.93,0](GPS: 036009)
24.02.2020 02:18:09: 27h 57min | Sergei Chedakai(76561198043298972) | Deleting GroundWeaponHolder @034009..
24.02.2020 02:19:48: 27h 59min | Sherman(76561198038112694) | Revive - medic_6(76561198105940600)
24.02.2020 02:20:31: 27h 60min | HoyoBani(76561198105940600) | HealRepairNear
24.02.2020 02:23:38: 28h 3min | Sergei Chedakai(76561198043298972) | God Mode - 1
24.02.2020 02:23:40: 28h 3min | Sergei Chedakai(76561198043298972) | Stealth / Invisible - 1
24.02.2020 02:23:41: 28h 3min | Sergei Chedakai(76561198043298972) | God Mode - 0
24.02.2020 02:23:43: 28h 3min | Sergei Chedakai(76561198043298972) | God Mode - 1
24.02.2020 02:23:47: 28h 3min | Sergei Chedakai(76561198043298972) | Teleport - Me To Target - Sherman [CIV](76561198038112694)
24.02.2020 02:24:03: 28h 3min | Sherman(76561198038112694) | Added 1 blastingcharges to HoyoBani!
24.02.2020 02:24:30: 28h 4min | Sergei Chedakai(76561198043298972) | Stealth / Invisible - 0
24.02.2020 02:24:30: 28h 4min | Sergei Chedakai(76561198043298972) | God Mode - 0
24.02.2020 02:24:54: 28h 4min | Sergei Chedakai(76561198043298972) | Teleport to [2860.77,4579.58,0](GPS: 028015)
24.02.2020 02:28:20: 28h 7min | Nino Marino(76561198206026112) | unlocked - [d3s_oka]
24.02.2020 02:29:27: 28h 9min | Nino Marino(76561198206026112) | locked - [d3s_oka]
24.02.2020 02:38:16: 28h 17min | Donnie Turbo(76561198041233395) | Heal - civ_2(76561198180893505)
24.02.2020 02:40:59: 28h 20min | HoyoBani(76561198105940600) | HealRepairNear
24.02.2020 02:46:14: 28h 25min | Donnie Turbo(76561198041233395) | Teleport to [3459.92,4173.48,0](GPS: 034011)
24.02.2020 02:48:26: 28h 28min | Nino Marino(76561198206026112) | Teleport - Target To Me - luke [CIV](76561198264871362)
24.02.2020 02:59:48: 28h 39min | Nino Marino(76561198206026112) | Added 1 pepsis to Nino Marino!
24.02.2020 02:59:52: 28h 39min | Nino Marino(76561198206026112) | Added 1 drPeppers to Nino Marino!
24.02.2020 02:59:56: 28h 39min | Nino Marino(76561198206026112) | Added 1 scoobydooBandaids to Nino Marino!
24.02.2020 03:09:14: 28h 48min | Donnie Turbo(76561198041233395) | spawning Kozlice 12G (Sawed-Off) (sgun_HunterShotgun_01_sawedoff_F)
24.02.2020 03:12:11: 28h 51min | Donnie Turbo(76561198041233395) | Heal - civ_2(76561198180893505)
24.02.2020 03:29:45: 29h 9min | Nino Marino(76561198206026112) | Deleting GroundWeaponHolder @033010..
24.02.2020 03:31:16: 29h 10min | Donnie Turbo(76561198041233395) | locked - [d3s_eldorado_76]
24.02.2020 03:35:09: 29h 14min | Donnie Turbo(76561198041233395) | unlocked - [d3s_eldorado_76]
24.02.2020 03:35:20: 29h 14min | Donnie Turbo(76561198041233395) | locked - [d3s_eldorado_76]
24.02.2020 03:35:56: 29h 15min | Donnie Turbo(76561198041233395) | unlocked - [d3s_taurus_FPI_10]
24.02.2020 03:36:10: 29h 15min | Donnie Turbo(76561198041233395) | locked - [d3s_taurus_FPI_10]
24.02.2020 03:36:13: 29h 15min | Donnie Turbo(76561198041233395) | unlocked - [d3s_taurus_FPI_10]
24.02.2020 03:36:18: 29h 15min | Donnie Turbo(76561198041233395) | locked - [d3s_taurus_FPI_10]
24.02.2020 03:40:58: 29h 20min | Nino Marino(76561198206026112) | HealRepairNear
24.02.2020 03:40:58: 29h 20min | Nino Marino(76561198206026112) | HealRepairNear
24.02.2020 03:41:01: 29h 20min | Nino Marino(76561198206026112) | HealRepairNear
24.02.2020 03:41:02: 29h 20min | Nino Marino(76561198206026112) | HealRepairNear
24.02.2020 03:41:02: 29h 20min | Nino Marino(76561198206026112) | HealRepairNear
24.02.2020 04:19:01: 29h 58min | Donnie Turbo(76561198041233395) | Revive - civ_1(76561198264871362)
24.02.2020 04:23:33: 30h 3min | Donnie Turbo(76561198041233395) | Revive - civ_1(76561198264871362)
24.02.2020 04:28:17: 30h 7min | Donnie Turbo(76561198041233395) | Revive - civ_1(76561198264871362)
24.02.2020 04:28:44: 30h 8min | Donnie Turbo(76561198041233395) | Heal - civ_9(76561198041233395)
24.02.2020 04:30:43: 30h 10min | Donnie Turbo(76561198041233395) | Revive - civ_1(76561198264871362)
24.02.2020 04:32:56: 30h 12min | Donnie Turbo(76561198041233395) | Heal - civ_1(76561198264871362)
24.02.2020 04:33:59: 30h 13min | Donnie Turbo(76561198041233395) | Revive - cop_1(76561198180893505)
24.02.2020 04:34:45: 30h 14min | Donnie Turbo(76561198041233395) | Heal - civ_1(76561198264871362)
24.02.2020 04:35:55: 30h 15min | Donnie Turbo(76561198041233395) | Revive - civ_1(76561198264871362)
24.02.2020 04:45:45: 30h 25min | Donnie Turbo(76561198041233395) | Revive - civ_1(76561198264871362)
24.02.2020 04:47:47: 30h 27min | Donnie Turbo(76561198041233395) | Teleport - Target To Me - luke [CIV](76561198264871362)
24.02.2020 04:50:07: 30h 29min | Donnie Turbo(76561198041233395) | Revive - civ_9(76561198041233395)
24.02.2020 05:00:06: 30h 39min | Donnie Turbo(76561198041233395) | Heal - civ_9(76561198041233395)
24.02.2020 05:02:13: 30h 41min | Donnie Turbo(76561198041233395) | Teleport to [3544.46,2988.79,0](GPS: 035999)
24.02.2020 05:06:50: 30h 46min | Donnie Turbo(76561198041233395) | Teleport to [3603.53,3102.64,0](GPS: 036000)
24.02.2020 05:09:36: 30h 49min | Donnie Turbo(76561198041233395) | Revive - civ_2(76561198180893505)
24.02.2020 05:14:39: 30h 54min | Donnie Turbo(76561198041233395) | spawning Rahim 7.62 mm (srifle_DMR_01_F)
24.02.2020 05:20:26: 30h 60min | Donnie Turbo(76561198041233395) | Killing luke(76561198264871362) @037000
24.02.2020 05:20:26: 30h 60min | Donnie Turbo(76561198041233395) | Kill - civ_1(76561198264871362)
24.02.2020 05:20:41: 30h 60min | Donnie Turbo(76561198041233395) | Revive - civ_1(76561198264871362)
24.02.2020 05:21:09: 31h 0min | Donnie Turbo(76561198041233395) | Exploding luke(76561198264871362) @037000
24.02.2020 05:21:09: 31h 0min | Donnie Turbo(76561198041233395) | Explode - civ_1(76561198264871362)
24.02.2020 05:26:49: 31h 6min | Donnie Turbo(76561198041233395) | Revive - civ_2(76561198180893505)
24.02.2020 05:26:55: 31h 6min | Donnie Turbo(76561198041233395) | Revive - civ_1(76561198264871362)
24.02.2020 05:27:07: 31h 6min | Donnie Turbo(76561198041233395) | God Mode - 1
24.02.2020 05:27:11: 31h 6min | Donnie Turbo(76561198041233395) | UnlimAmmo - 1
24.02.2020 05:27:25: 31h 7min | Donnie Turbo(76561198041233395) | noRecoil - 1
24.02.2020 05:27:56: 31h 7min | Donnie Turbo(76561198041233395) | Teleport to [3770.11,3158.9,0](GPS: 037000)
24.02.2020 05:28:27: 31h 8min | Donnie Turbo(76561198041233395) | Revive - civ_1(76561198264871362)
24.02.2020 05:28:33: 31h 8min | Donnie Turbo(76561198041233395) | Revive - civ_2(76561198180893505)
24.02.2020 05:38:18: 31h 17min | Donnie Turbo(76561198041233395) | Killing luke(76561198264871362) @036000
24.02.2020 05:38:18: 31h 17min | Donnie Turbo(76561198041233395) | Kill - civ_1(76561198264871362)
24.02.2020 05:39:49: 31h 19min | Donnie Turbo(76561198041233395) | Revive - civ_1(76561198264871362)
24.02.2020 05:41:22: 31h 20min | Donnie Turbo(76561198041233395) | Revive - civ_2(76561198180893505)
24.02.2020 05:44:04: 31h 23min | Donnie Turbo(76561198041233395) | God Mode - 0
24.02.2020 05:52:26: 31h 32min | Donnie Turbo(76561198041233395) | spawning PDW2000 9 mm (hgun_PDW2000_F)
24.02.2020 05:52:55: 31h 32min | Sergei Chedakai(76561198043298972) | Deleting GroundWeaponHolder @036001..
24.02.2020 05:52:57: 31h 32min | Sergei Chedakai(76561198043298972) | Deleting Land_Fancysidewalk_DED_Fancysidewalk_01_F @036000..
24.02.2020 05:52:58: 31h 32min | Sergei Chedakai(76561198043298972) | Deleting GroundWeaponHolder @036000..
24.02.2020 05:53:02: 31h 32min | Sergei Chedakai(76561198043298972) | Deleting WeaponHolderSimulated @036001..
24.02.2020 05:53:15: 31h 32min | Donnie Turbo(76561198041233395) | Revive - civ_1(76561198264871362)
24.02.2020 05:54:48: 31h 34min | Donnie Turbo(76561198041233395) | Deleting GroundWeaponHolder @036001..
24.02.2020 05:55:16: 31h 34min | Sergei Chedakai(76561198043298972) | spawning Lada Vesta Sport'15 (d3s_vesta_15_turbo)
24.02.2020 05:55:46: 31h 35min | Sergei Chedakai(76561198043298972) | Teleport to [3635.45,3173.11,0](GPS: 036001)
24.02.2020 05:57:35: 31h 37min | Sergei Chedakai(76561198043298972) | Teleport to [3474.47,3067.79,0](GPS: 034999)
24.02.2020 05:57:43: 31h 37min | Sergei Chedakai(76561198043298972) | Teleport to [3640.54,3165.68,0](GPS: 036000)
24.02.2020 05:59:31: 31h 39min | Donnie Turbo(76561198041233395) | spawning Zamak MRL (I_Truck_02_MRL_F)
24.02.2020 05:59:46: 31h 39min | Sergei Chedakai(76561198043298972) | Teleport to [3681.96,3150.86,0](GPS: 036000)
24.02.2020 05:59:51: 31h 39min | Sergei Chedakai(76561198043298972) | Teleport to [3686.31,3127.35,0](GPS: 036000)
24.02.2020 06:00:02: 31h 39min | Sergei Chedakai(76561198043298972) | Teleport to [3628.12,3102.92,0](GPS: 036000)
24.02.2020 06:00:21: 31h 39min | Sergei Chedakai(76561198043298972) | God Mode - 1
24.02.2020 06:00:51: 31h 40min | Sergei Chedakai(76561198043298972) | Teleport - Target To Me - Para.KSteyr[221] [GUER](76561197997126699)
24.02.2020 06:00:59: 31h 40min | Sergei Chedakai(76561198043298972) | Teleport - Target To Me - Para.KSteyr[221] [GUER](76561197997126699)
24.02.2020 06:00:59: 31h 40min | Sergei Chedakai(76561198043298972) | Teleport - Target To Me - Para.KSteyr[221] [GUER](76561197997126699)
24.02.2020 06:01:11: 31h 40min | Sergei Chedakai(76561198043298972) | Teleport - Target To Me - Donnie Turbo [WEST](76561198041233395)
24.02.2020 06:01:30: 31h 41min | Donnie Turbo(76561198041233395) | DayTime
24.02.2020 06:02:35: 31h 42min | Sergei Chedakai(76561198043298972) | Heal - civ_1(76561198264871362)
24.02.2020 06:02:36: 31h 42min | Sergei Chedakai(76561198043298972) | Revive - civ_1(76561198264871362)
24.02.2020 06:02:41: 31h 42min | Sergei Chedakai(76561198043298972) | Revive - civ_2(76561198180893505)
24.02.2020 06:04:19: 31h 43min | Donnie Turbo(76561198041233395) | Teleport - Me To Target - John Anderson [CIV](76561198180893505)
24.02.2020 06:06:56: 31h 46min | Donnie Turbo(76561198041233395) | spawning Zamak MRL (I_Truck_02_MRL_F)
24.02.2020 06:07:28: 31h 47min | Donnie Turbo(76561198041233395) | Teleport - Me To Target - Sergei Chedakai [CIV](76561198043298972)
24.02.2020 06:07:41: 31h 47min | Donnie Turbo(76561198041233395) | God Mode - 1
24.02.2020 06:09:08: 31h 48min | Donnie Turbo(76561198041233395) | HealRepairNear
24.02.2020 06:09:09: 31h 48min | Donnie Turbo(76561198041233395) | HealRepairNear
24.02.2020 06:09:30: 31h 49min | Donnie Turbo(76561198041233395) | Restore - civ_2(76561198180893505)
24.02.2020 06:09:43: 31h 49min | Sergei Chedakai(76561198043298972) | Teleport to [3639.26,3169.94,0](GPS: 036000)
24.02.2020 06:09:56: 31h 49min | Sergei Chedakai(76561198043298972) | spawning T-100 Varsuk (O_MBT_02_cannon_F)
24.02.2020 06:09:57: 31h 49min | Donnie Turbo(76561198041233395) | Teleport - Me To Target - John Anderson [CIV](76561198180893505)
24.02.2020 06:10:01: 31h 49min | Donnie Turbo(76561198041233395) | HealRepairNear
24.02.2020 06:10:18: 31h 49min | Donnie Turbo(76561198041233395) | HealRepairNear
24.02.2020 06:12:43: 31h 52min | Sergei Chedakai(76561198043298972) | Deleting O_MBT_02_cannon_F @036009..
24.02.2020 06:12:44: 31h 52min | Donnie Turbo(76561198041233395) | HealRepairNear
24.02.2020 06:12:45: 31h 52min | Donnie Turbo(76561198041233395) | HealRepairNear
24.02.2020 06:13:17: 31h 52min | Sergei Chedakai(76561198043298972) | spawning EC635 (AT) (EC635_AT_CSAT)
24.02.2020 06:13:30: 31h 53min | Sergei Chedakai(76561198043298972) | HealRepairNear
24.02.2020 06:13:31: 31h 53min | Sergei Chedakai(76561198043298972) | HealRepairNear
24.02.2020 06:13:39: 31h 53min | Sergei Chedakai(76561198043298972) | Teleport to [3634.69,3970.45,-0.0148125](GPS: 036008)
24.02.2020 06:13:42: 31h 53min | Sergei Chedakai(76561198043298972) | Teleport to [3645.86,3983.14,-0.0148087](GPS: 036009)
24.02.2020 06:13:44: 31h 53min | Sergei Chedakai(76561198043298972) | HealRepairNear
24.02.2020 06:17:33: 31h 57min | Donnie Turbo(76561198041233395) | Deleting I_Truck_02_MRL_F @036000..
24.02.2020 06:18:06: 31h 57min | Sergei Chedakai(76561198043298972) | Deleting EC635_AT_CSAT @037999..
24.02.2020 06:18:10: 31h 57min | Donnie Turbo(76561198041233395) | spawning AH-99 Blackfoot (B_Heli_Attack_01_F)
24.02.2020 06:18:18: 31h 57min | Sergei Chedakai(76561198043298972) | spawning AH-9 Pawnee (B_Heli_Light_01_armed_F)
24.02.2020 06:23:27: 32h 3min | Sergei Chedakai(76561198043298972) | Deleting B_Heli_Light_01_armed_F @033002..
24.02.2020 06:24:05: 32h 3min | Sergei Chedakai(76561198043298972) | spawning Mi-280 Taru (Black) (O_Heli_Transport_04_black_F)
24.02.2020 06:24:43: 32h 4min | Sergei Chedakai(76561198043298972) | HealRepairNear
24.02.2020 06:24:46: 32h 4min | Sergei Chedakai(76561198043298972) | Teleport to [3433.97,3400.4,0.00613213](GPS: 034003)
24.02.2020 06:24:49: 32h 4min | Sergei Chedakai(76561198043298972) | Teleport to [3153.13,3504.31,0.00613403](GPS: 031004)
24.02.2020 06:24:52: 32h 4min | Sergei Chedakai(76561198043298972) | HealRepairNear
24.02.2020 06:25:32: 32h 5min | Sergei Chedakai(76561198043298972) | God Mode - 0
24.02.2020 06:29:00: 32h 8min | Donnie Turbo(76561198041233395) | Revive - civ_2(76561198180893505)
