07.02.2020 00:08:47: <infiSTAR.de> _fnc_RandomGen: {
_fnc_actualGen = {
_abc = ['z','y','x','w','v','u','t','s','r','q','p','o','n','m','l','k','j','i','h','g','f','e','d','c','b','a'];
_gen = _abc select (random ((count _abc)-1));
_arr = ['a','5','c','4','d','f','c','e','5','2','2','0','d','e','7','f','9','5','7','8','e','9','a','5','c','3','2','7','e','2','3'];
_randmax = {((round(random _randminval)) + (round(random _randmaxval))) max _randminval};
for '_i' from 0 to (call _randmax)do
{
_gen = _gen + str(round(random 9)) + (_arr select (random ((count _arr)-1)));
};
};
_gen = '';
while{_gen=='' || _gen in _allRandomGenVars}do{
call _fnc_actualGen;
};
_allRandomGenVars pushBack _gen;
_gen
}
07.02.2020 00:08:47: ----START-LINE----   (12-01-2020 22-45-36 - v0260)
07.02.2020 00:08:47: _adminbox: m9a8d4f65725e2e756f088e6e0367786e8a2a4215750e793d54
07.02.2020 00:08:47: _fnc_mpPackets: m253875359e858e7275893c828f0778921f35
07.02.2020 00:08:47: _FNC_AH_KICKLOG: i229d892545096482850415989e5c27676f887f
07.02.2020 00:08:47: _FNC_AH_KICKLOGSPAWN: x3a8895756e777c7a455f1d
07.02.2020 00:08:47: _FNC_PVAH_AdminReq: v0e394d153f296e7757622c224f0c50
07.02.2020 00:08:47: _token_by_uid: w1f89299762459f7c6c293f
07.02.2020 00:08:47: _uid_by_token: c1229853917733e90624514895e19472e3e0f37
07.02.2020 00:08:47: _server_setTokenR: b77242562892537135a9e024c842e43896a5c854d05728c9d0d507575
07.02.2020 00:08:47: _YourPlayerToken: j92020c55824c031967827587895d
07.02.2020 00:08:47: _TokenCT: c3c2537934c4c47257d2e5e65424c371930285d858e7c
07.02.2020 00:08:47: _AH_MAIN_BLOCK: o8e0f69495959978762308a
07.02.2020 00:08:47: _AHKickOFF: s956c40407592307e8c8e42
07.02.2020 00:08:47: _AHKickLog: t853c12321f5a7265735c8e63588e159975234f555c185c
07.02.2020 00:08:47: _clientdo: p2a671e142a2f5a0a62350c4e90279d5c2f530c
07.02.2020 00:08:47: _AH_RunCheckENDVAR: q2733408e2f7a4e253f352c8c3a957e7557
07.02.2020 00:08:47: _AH_RunCheckENDVAR_THREAD: k753c090c2f1f140999635f
07.02.2020 00:08:47: _AH_HackLogArrayRND: c0e235f1d827d652f070d47
07.02.2020 00:08:47: _AH_SurvLogArrayRND: p92895333425e65654e592e32
07.02.2020 00:08:47: _AH_AdmiLogArrayRND: i892769596f6c74880f63358a9c
07.02.2020 00:08:47: _TMPBAN: n4a6d39733c558e2273871c
07.02.2020 00:08:48: _massMessage: m285e343e2a2e2920738f5568685f226e
07.02.2020 00:08:48: _massSysMessage: h2e3d558c2785956572523a754a8e236e3c935245272929120c7c
07.02.2020 00:08:48: _AHpos: m423d632e030e4e4d72102d688e3e33189283
07.02.2020 00:08:48: _ninetwo: w324e220a254d3c4f4c4d7d5c293c95
07.02.2020 00:08:48: _ninetwothread: d7e8e6e82498e7a726707673a396e6562439d
07.02.2020 00:08:48: _adminsA: g121312486285139004040f2c67173c687907
07.02.2020 00:08:48: <infiSTAR.de> _fnc_RandomGen: {
_fnc_actualGen = {
_abc = ['z','y','x','w','v','u','t','s','r','q','p','o','n','m','l','k','j','i','h','g','f','e','d','c','b','a'];
_gen = _abc select (random ((count _abc)-1));
_arr = ['a','5','c','4','d','f','c','e','5','2','2','0','d','e','7','f','9','5','7','8','e','9','a','5','c','3','2','7','e','2','3'];
_randmax = {((round(random _randminval)) + (round(random _randmaxval))) max _randminval};
for '_i' from 0 to (call _randmax)do
{
_gen = _gen + str(round(random 9)) + (_arr select (random ((count _arr)-1)));
};
};
_gen = '';
while{_gen=='' || _gen in _allRandomGenVars}do{
call _fnc_actualGen;
};
_allRandomGenVars pushBack _gen;
_gen
}
07.02.2020 00:08:48: ----START-LINE----   (12-01-2020 22-45-36 - v0260)
07.02.2020 00:08:48: _adminbox: m9a8d4f65725e2e756f088e6e0367786e8a2a4215750e793d54
07.02.2020 00:08:48: _fnc_mpPackets: m253875359e858e7275893c828f0778921f35
07.02.2020 00:08:48: _FNC_AH_KICKLOG: i229d892545096482850415989e5c27676f887f
07.02.2020 00:08:48: _FNC_AH_KICKLOGSPAWN: x3a8895756e777c7a455f1d
07.02.2020 00:08:48: _FNC_PVAH_AdminReq: v0e394d153f296e7757622c224f0c50
07.02.2020 00:08:48: _token_by_uid: w1f89299762459f7c6c293f
07.02.2020 00:08:48: _uid_by_token: c1229853917733e90624514895e19472e3e0f37
07.02.2020 00:08:48: _server_setTokenR: b77242562892537135a9e024c842e43896a5c854d05728c9d0d507575
07.02.2020 00:08:48: _YourPlayerToken: j92020c55824c031967827587895d
07.02.2020 00:08:48: _TokenCT: c3c2537934c4c47257d2e5e65424c371930285d858e7c
07.02.2020 00:08:48: _AH_MAIN_BLOCK: o8e0f69495959978762308a
07.02.2020 00:08:48: _AHKickOFF: s956c40407592307e8c8e42
07.02.2020 00:08:48: _AHKickLog: t853c12321f5a7265735c8e63588e159975234f555c185c
07.02.2020 00:08:48: _clientdo: p2a671e142a2f5a0a62350c4e90279d5c2f530c
07.02.2020 00:08:48: _AH_RunCheckENDVAR: q2733408e2f7a4e253f352c8c3a957e7557
07.02.2020 00:08:48: _AH_RunCheckENDVAR_THREAD: k753c090c2f1f140999635f
07.02.2020 00:08:48: _AH_HackLogArrayRND: c0e235f1d827d652f070d47
07.02.2020 00:08:48: _AH_SurvLogArrayRND: p92895333425e65654e592e32
07.02.2020 00:08:48: _AH_AdmiLogArrayRND: i892769596f6c74880f63358a9c
07.02.2020 00:08:48: _TMPBAN: n4a6d39733c558e2273871c
07.02.2020 00:08:48: _massMessage: m285e343e2a2e2920738f5568685f226e
07.02.2020 00:08:48: _massSysMessage: h2e3d558c2785956572523a754a8e236e3c935245272929120c7c
07.02.2020 00:08:49: _AHpos: m423d632e030e4e4d72102d688e3e33189283
07.02.2020 00:08:49: _ninetwo: w324e220a254d3c4f4c4d7d5c293c95
07.02.2020 00:08:49: _ninetwothread: d7e8e6e82498e7a726707673a396e6562439d
07.02.2020 00:08:49: _adminsA: g121312486285139004040f2c67173c687907
07.02.2020 00:08:49: _MC: w557543050852301e575a79258c122e4e4c1d8e2f1993
07.02.2020 00:08:49: _MCS: l44578e426a5e54157d323d43354229
07.02.2020 00:08:49: _checkidicheckcheck: o95725532725e6e27571c571e354f9f9e32651a65770e9587
07.02.2020 00:08:49: _lastshotmade: r1e581c790c7e494778778955472f92237d28505249125c3e03138d62
07.02.2020 00:08:49: _dellocveh: d252c6247596c2c62533f62
07.02.2020 00:08:49: _inCombatTime: e4913704d154417330c224c2e80
07.02.2020 00:08:49: _adminbox: m9a8d4f65725e2e756f088e6e0367786e8a2a4215750e793d54
07.02.2020 00:08:49: _fnc_mpPackets: m253875359e858e7275893c828f0778921f35
07.02.2020 00:08:49: _FNC_AH_KICKLOG: i229d892545096482850415989e5c27676f887f
07.02.2020 00:08:49: _FNC_AH_KICKLOGSPAWN: x3a8895756e777c7a455f1d
07.02.2020 00:08:49: _FNC_PVAH_AdminReq: v0e394d153f296e7757622c224f0c50
07.02.2020 00:08:49: _token_by_uid: w1f89299762459f7c6c293f
07.02.2020 00:08:49: _uid_by_token: c1229853917733e90624514895e19472e3e0f37
07.02.2020 00:08:49: _server_setTokenR: b77242562892537135a9e024c842e43896a5c854d05728c9d0d507575
07.02.2020 00:08:49: _YourPlayerToken: j92020c55824c031967827587895d
07.02.2020 00:08:49: _TokenCT: c3c2537934c4c47257d2e5e65424c371930285d858e7c
07.02.2020 00:08:49: _AH_MAIN_BLOCK: o8e0f69495959978762308a
07.02.2020 00:08:49: _AHKickOFF: s956c40407592307e8c8e42
07.02.2020 00:08:49: _AHKickLog: t853c12321f5a7265735c8e63588e159975234f555c185c
07.02.2020 00:08:49: _clientdo: p2a671e142a2f5a0a62350c4e90279d5c2f530c
07.02.2020 00:08:49: _AH_RunCheckENDVAR: q2733408e2f7a4e253f352c8c3a957e7557
07.02.2020 00:08:49: _AH_RunCheckENDVAR_THREAD: k753c090c2f1f140999635f
07.02.2020 00:08:49: _AH_HackLogArrayRND: c0e235f1d827d652f070d47
07.02.2020 00:08:49: _AH_SurvLogArrayRND: p92895333425e65654e592e32
07.02.2020 00:08:49: _AH_AdmiLogArrayRND: i892769596f6c74880f63358a9c
07.02.2020 00:08:49: _TMPBAN: n4a6d39733c558e2273871c
07.02.2020 00:08:49: _massMessage: m285e343e2a2e2920738f5568685f226e
07.02.2020 00:08:49: _massSysMessage: h2e3d558c2785956572523a754a8e236e3c935245272929120c7c
07.02.2020 00:08:49: _AHpos: m423d632e030e4e4d72102d688e3e33189283
07.02.2020 00:08:49: _ninetwo: w324e220a254d3c4f4c4d7d5c293c95
07.02.2020 00:08:49: _ninetwothread: d7e8e6e82498e7a726707673a396e6562439d
07.02.2020 00:08:49: _adminsA: g121312486285139004040f2c67173c687907
07.02.2020 00:08:49: _MC: w557543050852301e575a79258c122e4e4c1d8e2f1993
07.02.2020 00:08:49: _MCS: l44578e426a5e54157d323d43354229
07.02.2020 00:08:49: _checkidicheckcheck: o95725532725e6e27571c571e354f9f9e32651a65770e9587
07.02.2020 00:08:49: _lastshotmade: r1e581c790c7e494778778955472f92237d28505249125c3e03138d62
07.02.2020 00:08:49: _dellocveh: d252c6247596c2c62533f62
07.02.2020 00:08:49: _inCombatTime: e4913704d154417330c224c2e80
07.02.2020 00:08:49: _inCombatArray: e330582791e7c54337275558f537f92824f923f
07.02.2020 00:08:49: _fnc_infiKeyHandler: t7c423262346f1d979862399a8e80174c1c17
07.02.2020 00:08:49: _vehicle_needs_check: b4c1e594e521c421c2c82528c8c
07.02.2020 00:08:49: _MAKE_VAR_DUMP_RANDOM: e5082357f8f7d7919751973754c353e3313157d8d3e5c15779e351f
07.02.2020 00:08:49: _MAKE_VAR_DUMP_CLIENT: d9e5378125e0e32548f45873294753a7c859e3987
07.02.2020 00:08:49: _DUMPINGPLAYERUIDARRAY: f406d123a8f125c8f3550520c9c0c328f0a62
07.02.2020 00:08:49: _CURRENTLYDUMPING: l6819457e0575725c886e1e
07.02.2020 00:08:49: _antiantihack_rndvar: d6c1e570a2d8527428e674f8d4d8075622c4a5284
07.02.2020 00:08:49: _name_by_uid: k2e0a3f8955705d9d72458a
07.02.2020 00:08:49: _owner_by_uid: w8585673055423e2e725c3773255344751f
07.02.2020 00:08:49: _customcommandingMenu: p7e65622e7d70723f156792375d
07.02.2020 00:08:49: _customcommandingMenuOpen: f3002171944774c327e9d77052c252a329e6287421a8f
07.02.2020 00:08:49: _AH_KICKLOG: PVAHR_6w1i2b1i8x7t
07.02.2020 00:08:49: ----END-LINE----   (12-01-2020 22-45-36 - v0260)
07.02.2020 02:10:05: <infiSTAR.de> _fnc_RandomGen: {
_fnc_actualGen = {
_abc = ['z','y','x','w','v','u','t','s','r','q','p','o','n','m','l','k','j','i','h','g','f','e','d','c','b','a'];
_gen = _abc select (random ((count _abc)-1));
_arr = ['a','5','c','4','d','f','c','e','5','2','2','0','d','e','7','f','9','5','7','8','e','9','a','5','c','3','2','7','e','2','3'];
_randmax = {((round(random _randminval)) + (round(random _randmaxval))) max _randminval};
for '_i' from 0 to (call _randmax)do
{
_gen = _gen + str(round(random 9)) + (_arr select (random ((count _arr)-1)));
};
};
_gen = '';
while{_gen=='' || _gen in _allRandomGenVars}do{
call _fnc_actualGen;
};
_allRandomGenVars pushBack _gen;
_gen
}
07.02.2020 02:10:05: ----START-LINE----   (12-01-2020 22-45-36 - v0260)
07.02.2020 02:10:05: _adminbox: m6c89138d09888292692a0c6253
07.02.2020 02:10:05: _fnc_mpPackets: e2e3c821227020e2f1c8f62274c8f6c1c292e4c3557
07.02.2020 02:10:05: _FNC_AH_KICKLOG: k722e971740656577653c9e15850a5270259c1a62
07.02.2020 02:10:05: _FNC_AH_KICKLOGSPAWN: s895589333f8c7c853a99425917
07.02.2020 02:10:05: _FNC_PVAH_AdminReq: e3e457d1588758727521e651d3c62225c6747250f48243e4c346f89
07.02.2020 02:10:05: _token_by_uid: x258215752e736f3f6d7c744e423978823e1d7518704720
07.02.2020 02:10:05: _uid_by_token: c346e829a197a4319292945
07.02.2020 02:10:05: _server_setTokenR: j87833e553314445d90856d628c80626c5a9e0d
07.02.2020 02:10:05: _YourPlayerToken: y3713296e254e1788738d1e6269173939
07.02.2020 02:10:06: _TokenCT: x353f28551f3d1d6d2272526c358e821c5c535a5f5074238f6e4c305f1c
07.02.2020 02:10:06: _AH_MAIN_BLOCK: y2a20155d12549c2e63656f
07.02.2020 02:10:06: _AHKickOFF: m556c0a5913623e43703d89359a4e
07.02.2020 02:10:06: _AHKickLog: d67093c059f4c49127c750d657e17173e058737771729581e
07.02.2020 02:10:06: _clientdo: t4d6462078d57686e7f8773855e
07.02.2020 02:10:06: _AH_RunCheckENDVAR: x223e1e655c2f4d242d19857e34743d
07.02.2020 02:10:06: _AH_RunCheckENDVAR_THREAD: f0c526f0f555c243c0f996c
07.02.2020 02:10:06: _AH_HackLogArrayRND: w4f2d4c50736c852e345f4c
07.02.2020 02:10:06: _AH_SurvLogArrayRND: u7d0215646515096a928217487a223402
07.02.2020 02:10:06: _AH_AdmiLogArrayRND: l5d6e2e6252248365425e9833759989297c2e3d72908e
07.02.2020 02:10:06: _TMPBAN: d80842e28788e4518877e495a1a42251d576a3f6275671345827884
07.02.2020 02:10:06: _massMessage: e32530e20776e351e1f287e
07.02.2020 02:10:06: _massSysMessage: c4a4a30620e17832e1f571c
07.02.2020 02:10:06: _AHpos: o9e7767152c485227171e65
07.02.2020 02:10:06: _ninetwo: r375f7d3f5f523c87398e027758520e14
07.02.2020 02:10:06: _ninetwothread: y253e5a7a131777125e4c34554a5e2e
07.02.2020 02:10:06: _adminsA: k6f6e49259f63895255125e
07.02.2020 02:10:06: _MC: u7e308e655d650e0d753a9e2a2e4e171315881d579c6d09
07.02.2020 02:10:06: _MCS: e504868226a0e39552274332d
07.02.2020 02:10:06: _checkidicheckcheck: n6a2827507e791d2d989a5d
07.02.2020 02:10:06: _lastshotmade: n45824462776e1e724e0e00
07.02.2020 02:10:06: <infiSTAR.de> _fnc_RandomGen: {
_fnc_actualGen = {
_abc = ['z','y','x','w','v','u','t','s','r','q','p','o','n','m','l','k','j','i','h','g','f','e','d','c','b','a'];
_gen = _abc select (random ((count _abc)-1));
_arr = ['a','5','c','4','d','f','c','e','5','2','2','0','d','e','7','f','9','5','7','8','e','9','a','5','c','3','2','7','e','2','3'];
_randmax = {((round(random _randminval)) + (round(random _randmaxval))) max _randminval};
for '_i' from 0 to (call _randmax)do
{
_gen = _gen + str(round(random 9)) + (_arr select (random ((count _arr)-1)));
};
};
_gen = '';
while{_gen=='' || _gen in _allRandomGenVars}do{
call _fnc_actualGen;
};
_allRandomGenVars pushBack _gen;
_gen
}
07.02.2020 02:10:06: ----START-LINE----   (12-01-2020 22-45-36 - v0260)
07.02.2020 02:10:06: _adminbox: m6c89138d09888292692a0c6253
07.02.2020 02:10:06: _fnc_mpPackets: e2e3c821227020e2f1c8f62274c8f6c1c292e4c3557
07.02.2020 02:10:06: _FNC_AH_KICKLOG: k722e971740656577653c9e15850a5270259c1a62
07.02.2020 02:10:06: _FNC_AH_KICKLOGSPAWN: s895589333f8c7c853a99425917
07.02.2020 02:10:06: _FNC_PVAH_AdminReq: e3e457d1588758727521e651d3c62225c6747250f48243e4c346f89
07.02.2020 02:10:06: _token_by_uid: x258215752e736f3f6d7c744e423978823e1d7518704720
07.02.2020 02:10:06: _uid_by_token: c346e829a197a4319292945
07.02.2020 02:10:06: _server_setTokenR: j87833e553314445d90856d628c80626c5a9e0d
07.02.2020 02:10:06: _YourPlayerToken: y3713296e254e1788738d1e6269173939
07.02.2020 02:10:06: _TokenCT: x353f28551f3d1d6d2272526c358e821c5c535a5f5074238f6e4c305f1c
07.02.2020 02:10:06: _AH_MAIN_BLOCK: y2a20155d12549c2e63656f
07.02.2020 02:10:06: _AHKickOFF: m556c0a5913623e43703d89359a4e
07.02.2020 02:10:06: _AHKickLog: d67093c059f4c49127c750d657e17173e058737771729581e
07.02.2020 02:10:06: _clientdo: t4d6462078d57686e7f8773855e
07.02.2020 02:10:06: _AH_RunCheckENDVAR: x223e1e655c2f4d242d19857e34743d
07.02.2020 02:10:06: _AH_RunCheckENDVAR_THREAD: f0c526f0f555c243c0f996c
07.02.2020 02:10:06: _AH_HackLogArrayRND: w4f2d4c50736c852e345f4c
07.02.2020 02:10:06: _AH_SurvLogArrayRND: u7d0215646515096a928217487a223402
07.02.2020 02:10:06: _AH_AdmiLogArrayRND: l5d6e2e6252248365425e9833759989297c2e3d72908e
07.02.2020 02:10:06: _TMPBAN: d80842e28788e4518877e495a1a42251d576a3f6275671345827884
07.02.2020 02:10:06: _massMessage: e32530e20776e351e1f287e
07.02.2020 02:10:06: _massSysMessage: c4a4a30620e17832e1f571c
07.02.2020 02:10:06: _AHpos: o9e7767152c485227171e65
07.02.2020 02:10:06: _ninetwo: r375f7d3f5f523c87398e027758520e14
07.02.2020 02:10:06: _ninetwothread: y253e5a7a131777125e4c34554a5e2e
07.02.2020 02:10:06: _adminsA: k6f6e49259f63895255125e
07.02.2020 02:10:06: _MC: u7e308e655d650e0d753a9e2a2e4e171315881d579c6d09
07.02.2020 02:10:06: _MCS: e504868226a0e39552274332d
07.02.2020 02:10:06: _checkidicheckcheck: n6a2827507e791d2d989a5d
07.02.2020 02:10:06: _lastshotmade: n45824462776e1e724e0e00
07.02.2020 02:10:06: _dellocveh: t5d4d8c72697947857e8e4e
07.02.2020 02:10:06: _inCombatTime: j3d2d05754c5742904e2007478c922c50
07.02.2020 02:10:06: _inCombatArray: b27653a743214721245835c836e1c4278855e1d1d2f62
07.02.2020 02:10:06: _fnc_infiKeyHandler: e1e9f8c3e6e55992e572419
07.02.2020 02:10:06: _vehicle_needs_check: x2f853e1267738e503e27093278252c347c723d
07.02.2020 02:10:06: _MAKE_VAR_DUMP_RANDOM: f3c723f181f3f508d0e8a3f8285627f3f18297a2d999e5285
07.02.2020 02:10:06: _MAKE_VAR_DUMP_CLIENT: w980c39251c355f34856978
07.02.2020 02:10:06: _DUMPINGPLAYERUIDARRAY: z2d104435328c159725128299196d47474e482d
07.02.2020 02:10:06: _CURRENTLYDUMPING: b823f4a1212001e523c25347d25702c1d59244265
07.02.2020 02:10:06: _antiantihack_rndvar: n2985572c4f5d7d8f63755f75927c
07.02.2020 02:10:06: _name_by_uid: n338e4e1d854c5277752c951c47532d47674c5a5c1f
07.02.2020 02:10:06: _owner_by_uid: m8d05336d245f25176447951e6e1957153c832d
07.02.2020 02:10:06: _customcommandingMenu: g498269154f7f999732496c7d2c223d372f
07.02.2020 02:10:06: _customcommandingMenuOpen: f5947322f0e4e441725178d5c70737d
07.02.2020 02:10:06: _AH_KICKLOG: PVAHR_2a3q0g7n5u7a
07.02.2020 02:10:06: ----END-LINE----   (12-01-2020 22-45-36 - v0260)
07.02.2020 05:02:18: <infiSTAR.de> _fnc_RandomGen: {
_fnc_actualGen = {
_abc = ['z','y','x','w','v','u','t','s','r','q','p','o','n','m','l','k','j','i','h','g','f','e','d','c','b','a'];
_gen = _abc select (random ((count _abc)-1));
_arr = ['a','5','c','4','d','f','c','e','5','2','2','0','d','e','7','f','9','5','7','8','e','9','a','5','c','3','2','7','e','2','3'];
_randmax = {((round(random _randminval)) + (round(random _randmaxval))) max _randminval};
for '_i' from 0 to (call _randmax)do
{
_gen = _gen + str(round(random 9)) + (_arr select (random ((count _arr)-1)));
};
};
_gen = '';
while{_gen=='' || _gen in _allRandomGenVars}do{
call _fnc_actualGen;
};
_allRandomGenVars pushBack _gen;
_gen
}
07.02.2020 05:02:18: ----START-LINE----   (12-01-2020 22-45-36 - v0260)
07.02.2020 05:02:18: _adminbox: t575885003c6e678e328e
07.02.2020 05:02:18: _fnc_mpPackets: y431527598f325405553f40
07.02.2020 05:02:18: _FNC_AH_KICKLOG: v8a9e397d054025481e1d
07.02.2020 05:02:18: _FNC_AH_KICKLOGSPAWN: c15255243057a341e74673e4282686a27497c6c45
07.02.2020 05:02:18: _FNC_PVAH_AdminReq: o9742521582654d9e7a155f377a8c53389e454f77158e85
07.02.2020 05:02:18: _token_by_uid: k156e7e1c65058e9d8929
07.02.2020 05:02:18: _uid_by_token: z9509424a59351e239d052a8e4f79752f2887
07.02.2020 05:02:18: _server_setTokenR: f475e121e951d430d135f55
07.02.2020 05:02:18: _YourPlayerToken: q3d1f27238f69855e05795e6960
07.02.2020 05:02:18: _TokenCT: y298f1a65720c279a393242
07.02.2020 05:02:18: _AH_MAIN_BLOCK: e7e546250271d14106f85
07.02.2020 05:02:18: _AHKickOFF: p352e2535855542122f7d8037023c84
07.02.2020 05:02:18: _AHKickLog: u489c2e774a3e8c8e65652d5767858a551c
07.02.2020 05:02:18: _clientdo: w476e7e2a528e398d8e7e3522674a254a43127d837e
07.02.2020 05:02:18: _AH_RunCheckENDVAR: k1a423d2f49931055276c5a3e6f370e407c1e252f
07.02.2020 05:02:18: _AH_RunCheckENDVAR_THREAD: i8c8c834e19777d557d6e5f223e131735
07.02.2020 05:02:18: _AH_HackLogArrayRND: j47444f4a627c0795630c143302103e25128873696e35297543
07.02.2020 05:02:18: _AH_SurvLogArrayRND: n15134752025e0e894382676d5e37992c570e94
07.02.2020 05:02:18: _AH_AdmiLogArrayRND: u3715357514695f5f4a922855
07.02.2020 05:02:18: _TMPBAN: h5e5e18791c25872589470e25793e47154a6d15
07.02.2020 05:02:18: _massMessage: h8d3e8f4f3e8d454c1e74679c
07.02.2020 05:02:18: _massSysMessage: s657c1567627f3e9a9c35
07.02.2020 05:02:18: _AHpos: q1c180265274039656e07154e5f3502175887
07.02.2020 05:02:18: _ninetwo: u6c529e5e421e37551c85257c7d3c752f1e7e6d2a
07.02.2020 05:02:18: _ninetwothread: o421e03294d071e55195d5e8f833580829d2e7d3a
07.02.2020 05:02:18: _adminsA: d1f752435051f1c1a5c524d492c0c708f1f378f6c6365
07.02.2020 05:02:18: _MC: j2c0f89472d1c35225f5c3e82423c
07.02.2020 05:02:18: _MCS: r3e97231512754e554e174d95748f02
07.02.2020 05:02:18: _checkidicheckcheck: k54573e857285453d8c2c7e
07.02.2020 05:02:18: _lastshotmade: k2c676252346d252279971c573213
07.02.2020 05:02:18: <infiSTAR.de> _fnc_RandomGen: {
_fnc_actualGen = {
_abc = ['z','y','x','w','v','u','t','s','r','q','p','o','n','m','l','k','j','i','h','g','f','e','d','c','b','a'];
_gen = _abc select (random ((count _abc)-1));
_arr = ['a','5','c','4','d','f','c','e','5','2','2','0','d','e','7','f','9','5','7','8','e','9','a','5','c','3','2','7','e','2','3'];
_randmax = {((round(random _randminval)) + (round(random _randmaxval))) max _randminval};
for '_i' from 0 to (call _randmax)do
{
_gen = _gen + str(round(random 9)) + (_arr select (random ((count _arr)-1)));
};
};
_gen = '';
while{_gen=='' || _gen in _allRandomGenVars}do{
call _fnc_actualGen;
};
_allRandomGenVars pushBack _gen;
_gen
}
07.02.2020 05:02:18: ----START-LINE----   (12-01-2020 22-45-36 - v0260)
07.02.2020 05:02:18: _adminbox: t575885003c6e678e328e
07.02.2020 05:02:18: _fnc_mpPackets: y431527598f325405553f40
07.02.2020 05:02:18: _FNC_AH_KICKLOG: v8a9e397d054025481e1d
07.02.2020 05:02:18: _FNC_AH_KICKLOGSPAWN: c15255243057a341e74673e4282686a27497c6c45
07.02.2020 05:02:18: _FNC_PVAH_AdminReq: o9742521582654d9e7a155f377a8c53389e454f77158e85
07.02.2020 05:02:18: _token_by_uid: k156e7e1c65058e9d8929
07.02.2020 05:02:18: _uid_by_token: z9509424a59351e239d052a8e4f79752f2887
07.02.2020 05:02:18: _server_setTokenR: f475e121e951d430d135f55
07.02.2020 05:02:18: _YourPlayerToken: q3d1f27238f69855e05795e6960
07.02.2020 05:02:18: _TokenCT: y298f1a65720c279a393242
07.02.2020 05:02:18: _AH_MAIN_BLOCK: e7e546250271d14106f85
07.02.2020 05:02:18: _AHKickOFF: p352e2535855542122f7d8037023c84
07.02.2020 05:02:18: _AHKickLog: u489c2e774a3e8c8e65652d5767858a551c
07.02.2020 05:02:18: _clientdo: w476e7e2a528e398d8e7e3522674a254a43127d837e
07.02.2020 05:02:18: _AH_RunCheckENDVAR: k1a423d2f49931055276c5a3e6f370e407c1e252f
07.02.2020 05:02:18: _AH_RunCheckENDVAR_THREAD: i8c8c834e19777d557d6e5f223e131735
07.02.2020 05:02:18: _AH_HackLogArrayRND: j47444f4a627c0795630c143302103e25128873696e35297543
07.02.2020 05:02:18: _AH_SurvLogArrayRND: n15134752025e0e894382676d5e37992c570e94
07.02.2020 05:02:18: _AH_AdmiLogArrayRND: u3715357514695f5f4a922855
07.02.2020 05:02:18: _TMPBAN: h5e5e18791c25872589470e25793e47154a6d15
07.02.2020 05:02:18: _massMessage: h8d3e8f4f3e8d454c1e74679c
07.02.2020 05:02:18: _massSysMessage: s657c1567627f3e9a9c35
07.02.2020 05:02:18: _AHpos: q1c180265274039656e07154e5f3502175887
07.02.2020 05:02:18: _ninetwo: u6c529e5e421e37551c85257c7d3c752f1e7e6d2a
07.02.2020 05:02:18: _ninetwothread: o421e03294d071e55195d5e8f833580829d2e7d3a
07.02.2020 05:02:18: _adminsA: d1f752435051f1c1a5c524d492c0c708f1f378f6c6365
07.02.2020 05:02:18: _MC: j2c0f89472d1c35225f5c3e82423c
07.02.2020 05:02:18: _MCS: r3e97231512754e554e174d95748f02
07.02.2020 05:02:18: _checkidicheckcheck: k54573e857285453d8c2c7e
07.02.2020 05:02:18: _lastshotmade: k2c676252346d252279971c573213
07.02.2020 05:02:18: _dellocveh: b5e67150762836c1e252558521a8339752d
07.02.2020 05:02:18: _inCombatTime: f1d3a602e9a55306558122857
07.02.2020 05:02:18: _inCombatArray: n02673e7e6382996f8a227779
07.02.2020 05:02:18: _fnc_infiKeyHandler: w39372c52225c1528896f27571534927e259a93
07.02.2020 05:02:18: _vehicle_needs_check: f5e5f553f5342150d8d6e
07.02.2020 05:02:18: _MAKE_VAR_DUMP_RANDOM: n1f593e846e276455447d4d0052
07.02.2020 05:02:18: _MAKE_VAR_DUMP_CLIENT: w2f57546f4c62094c1a87598e
07.02.2020 05:02:18: _DUMPINGPLAYERUIDARRAY: i7762127289928944156c1e7c32922c151e7c0e5c74231587
07.02.2020 05:02:18: _CURRENTLYDUMPING: m29736f6e2592094e2282
07.02.2020 05:02:18: _antiantihack_rndvar: y4794492a19223d177e6e5519127582348d652d
07.02.2020 05:02:18: _name_by_uid: v8a57279e888c655c3200228e2e4e879f533e15748c3d7512
07.02.2020 05:02:18: _owner_by_uid: t60704589221f3f3a758f
07.02.2020 05:02:18: _customcommandingMenu: e6735722f657e458c6585
07.02.2020 05:02:18: _customcommandingMenuOpen: j2e1c952c8543829c6567
07.02.2020 05:02:18: _AH_KICKLOG: PVAHR_1s4n7f2c4y1r
07.02.2020 05:02:18: ----END-LINE----   (12-01-2020 22-45-36 - v0260)
07.02.2020 05:36:57: <infiSTAR.de> _fnc_RandomGen: {
_fnc_actualGen = {
_abc = ['z','y','x','w','v','u','t','s','r','q','p','o','n','m','l','k','j','i','h','g','f','e','d','c','b','a'];
_gen = _abc select (random ((count _abc)-1));
_arr = ['a','5','c','4','d','f','c','e','5','2','2','0','d','e','7','f','9','5','7','8','e','9','a','5','c','3','2','7','e','2','3'];
_randmax = {((round(random _randminval)) + (round(random _randmaxval))) max _randminval};
for '_i' from 0 to (call _randmax)do
{
_gen = _gen + str(round(random 9)) + (_arr select (random ((count _arr)-1)));
};
};
_gen = '';
while{_gen=='' || _gen in _allRandomGenVars}do{
call _fnc_actualGen;
};
_allRandomGenVars pushBack _gen;
_gen
}
07.02.2020 05:36:57: ----START-LINE----   (12-01-2020 22-45-36 - v0260)
07.02.2020 05:36:57: _adminbox: s18772265735e8267733529632d23203f5e754a8e3007
07.02.2020 05:36:57: _fnc_mpPackets: o526f5310656e859c204c52649533332a2c1d3f4a6a7f7765104f6c28
07.02.2020 05:36:57: _FNC_AH_KICKLOG: h4953552d5f6c328e7595
07.02.2020 05:36:57: _FNC_AH_KICKLOGSPAWN: x83859f7c3c2c152d87199d252e
07.02.2020 05:36:57: _FNC_PVAH_AdminReq: z840a2c9975284f722c475f4c29278e
07.02.2020 05:36:57: _token_by_uid: m827769138c435e2e438969855e87
07.02.2020 05:36:57: _uid_by_token: d80302479146f6f0e4987692e1e593f5a
07.02.2020 05:36:57: _server_setTokenR: b786e47054715427e680f422749140542541e3c82
07.02.2020 05:36:57: _YourPlayerToken: m6e072e89674d9d827307775e244d
07.02.2020 05:36:57: _TokenCT: k4d2533775255342c2d42509e5e5775
07.02.2020 05:36:57: _AH_MAIN_BLOCK: d624f8c7270528e6c554e27
07.02.2020 05:36:57: _AHKickOFF: h3c754e38456787923e6f05
07.02.2020 05:36:57: _AHKickLog: f63323c657e159c346a452e347e254d
07.02.2020 05:36:57: _clientdo: h7d521c2e325a40391259
07.02.2020 05:36:57: _AH_RunCheckENDVAR: d4444827f525255329e656273023085384c44325e658d2f955e92
07.02.2020 05:36:57: _AH_RunCheckENDVAR_THREAD: d8e253707224a2f651d9f4d2a771e
07.02.2020 05:36:57: _AH_HackLogArrayRND: x3555376744036d098473
07.02.2020 05:36:57: _AH_SurvLogArrayRND: g7970690e393912878038556d9e6c1c1e7e8a59388e0e391d4a
07.02.2020 05:36:57: _AH_AdmiLogArrayRND: a1f7d80237f378562891f1c5e0a5529
07.02.2020 05:36:57: _TMPBAN: k3f277f78076d35652a859c125e724a1382
07.02.2020 05:36:57: _massMessage: r4c1c67593d7217871735786509622e136c1a97634e5222549e5f
07.02.2020 05:36:57: _massSysMessage: n8c726c248d32624e728e2e5f2f44797a723f45125f
07.02.2020 05:36:57: _AHpos: f3e673c1e628d823c8c5f43528d2e
07.02.2020 05:36:57: _ninetwo: j0933726e6e85576a3f2a9d2e1705196c554f7c005c
07.02.2020 05:36:57: _ninetwothread: a8f6c0a8c34827e4e7e692f7702
07.02.2020 05:36:57: _adminsA: d5c2f03337f472f9e173c40927e8d324c1e7e8a2c7f858e
07.02.2020 05:36:57: _MC: d4d774d472c14175e389c
07.02.2020 05:36:57: _MCS: k8e9f153265379d355c722e6e482732853f222f3c7e39
07.02.2020 05:36:57: _checkidicheckcheck: i1e6a993542489782824e2c3a074427
07.02.2020 05:36:57: _lastshotmade: r68621d8377801e3e0f9d
07.02.2020 05:36:57: <infiSTAR.de> _fnc_RandomGen: {
_fnc_actualGen = {
_abc = ['z','y','x','w','v','u','t','s','r','q','p','o','n','m','l','k','j','i','h','g','f','e','d','c','b','a'];
_gen = _abc select (random ((count _abc)-1));
_arr = ['a','5','c','4','d','f','c','e','5','2','2','0','d','e','7','f','9','5','7','8','e','9','a','5','c','3','2','7','e','2','3'];
_randmax = {((round(random _randminval)) + (round(random _randmaxval))) max _randminval};
for '_i' from 0 to (call _randmax)do
{
_gen = _gen + str(round(random 9)) + (_arr select (random ((count _arr)-1)));
};
};
_gen = '';
while{_gen=='' || _gen in _allRandomGenVars}do{
call _fnc_actualGen;
};
_allRandomGenVars pushBack _gen;
_gen
}
07.02.2020 05:36:57: ----START-LINE----   (12-01-2020 22-45-36 - v0260)
07.02.2020 05:36:57: _adminbox: s18772265735e8267733529632d23203f5e754a8e3007
07.02.2020 05:36:57: _fnc_mpPackets: o526f5310656e859c204c52649533332a2c1d3f4a6a7f7765104f6c28
07.02.2020 05:36:57: _FNC_AH_KICKLOG: h4953552d5f6c328e7595
07.02.2020 05:36:57: _FNC_AH_KICKLOGSPAWN: x83859f7c3c2c152d87199d252e
07.02.2020 05:36:57: _FNC_PVAH_AdminReq: z840a2c9975284f722c475f4c29278e
07.02.2020 05:36:57: _token_by_uid: m827769138c435e2e438969855e87
07.02.2020 05:36:57: _uid_by_token: d80302479146f6f0e4987692e1e593f5a
07.02.2020 05:36:57: _server_setTokenR: b786e47054715427e680f422749140542541e3c82
07.02.2020 05:36:57: _YourPlayerToken: m6e072e89674d9d827307775e244d
07.02.2020 05:36:57: _TokenCT: k4d2533775255342c2d42509e5e5775
07.02.2020 05:36:57: _AH_MAIN_BLOCK: d624f8c7270528e6c554e27
07.02.2020 05:36:57: _AHKickOFF: h3c754e38456787923e6f05
07.02.2020 05:36:57: _AHKickLog: f63323c657e159c346a452e347e254d
07.02.2020 05:36:57: _clientdo: h7d521c2e325a40391259
07.02.2020 05:36:57: _AH_RunCheckENDVAR: d4444827f525255329e656273023085384c44325e658d2f955e92
07.02.2020 05:36:57: _AH_RunCheckENDVAR_THREAD: d8e253707224a2f651d9f4d2a771e
07.02.2020 05:36:57: _AH_HackLogArrayRND: x3555376744036d098473
07.02.2020 05:36:57: _AH_SurvLogArrayRND: g7970690e393912878038556d9e6c1c1e7e8a59388e0e391d4a
07.02.2020 05:36:57: _AH_AdmiLogArrayRND: a1f7d80237f378562891f1c5e0a5529
07.02.2020 05:36:57: _TMPBAN: k3f277f78076d35652a859c125e724a1382
07.02.2020 05:36:57: _massMessage: r4c1c67593d7217871735786509622e136c1a97634e5222549e5f
07.02.2020 05:36:57: _massSysMessage: n8c726c248d32624e728e2e5f2f44797a723f45125f
07.02.2020 05:36:57: _AHpos: f3e673c1e628d823c8c5f43528d2e
07.02.2020 05:36:57: _ninetwo: j0933726e6e85576a3f2a9d2e1705196c554f7c005c
07.02.2020 05:36:57: _ninetwothread: a8f6c0a8c34827e4e7e692f7702
07.02.2020 05:36:57: _adminsA: d5c2f03337f472f9e173c40927e8d324c1e7e8a2c7f858e
07.02.2020 05:36:57: _MC: d4d774d472c14175e389c
07.02.2020 05:36:57: _MCS: k8e9f153265379d355c722e6e482732853f222f3c7e39
07.02.2020 05:36:57: _checkidicheckcheck: i1e6a993542489782824e2c3a074427
07.02.2020 05:36:57: _lastshotmade: r68621d8377801e3e0f9d
07.02.2020 05:36:57: _dellocveh: t633020746382528c4f488e3c47741e2e9c
07.02.2020 05:36:57: _inCombatTime: o332e35358d373a1c871c0e6c85
07.02.2020 05:36:57: _inCombatArray: t4c6202755349482e8f88894f3395335287
07.02.2020 05:36:57: _fnc_infiKeyHandler: w83802e6c45077c4d7e8a656e4e3282899287756d8d
07.02.2020 05:36:57: _vehicle_needs_check: c25057c1e7e293e44737c25750f734e5e
07.02.2020 05:36:57: _MAKE_VAR_DUMP_RANDOM: n700a5e45025f72342d628f32120f43058e82654015624f2c
07.02.2020 05:36:57: _MAKE_VAR_DUMP_CLIENT: u228f8434158e82035545
07.02.2020 05:36:57: _DUMPINGPLAYERUIDARRAY: a6c7e2c8e729d58954d92
07.02.2020 05:36:57: _CURRENTLYDUMPING: i42454f5c72384c6a3a476902533f2c8e59521e5e788c374885978c
07.02.2020 05:36:57: _antiantihack_rndvar: b4c1a6e2223652575872e452f1e7970078d1e0e5a8733
07.02.2020 05:36:57: _name_by_uid: u8502598f421f8a0e721d
07.02.2020 05:36:58: _owner_by_uid: o258574107e85222a4c82151c39844f250e92289d4d0f12
07.02.2020 05:36:58: _customcommandingMenu: d258a64492f6d4e6a7d42
07.02.2020 05:36:58: _customcommandingMenuOpen: x4a48121c7c532c9e677e3e6c6c659c6787
07.02.2020 05:36:58: _AH_KICKLOG: PVAHR_1n2m6r5l9b2m2j
07.02.2020 05:36:58: ----END-LINE----   (12-01-2020 22-45-36 - v0260)
07.02.2020 05:53:20: <infiSTAR.de> _fnc_RandomGen: {
_fnc_actualGen = {
_abc = ['z','y','x','w','v','u','t','s','r','q','p','o','n','m','l','k','j','i','h','g','f','e','d','c','b','a'];
_gen = _abc select (random ((count _abc)-1));
_arr = ['a','5','c','4','d','f','c','e','5','2','2','0','d','e','7','f','9','5','7','8','e','9','a','5','c','3','2','7','e','2','3'];
_randmax = {((round(random _randminval)) + (round(random _randmaxval))) max _randminval};
for '_i' from 0 to (call _randmax)do
{
_gen = _gen + str(round(random 9)) + (_arr select (random ((count _arr)-1)));
};
};
_gen = '';
while{_gen=='' || _gen in _allRandomGenVars}do{
call _fnc_actualGen;
};
_allRandomGenVars pushBack _gen;
_gen
}
07.02.2020 05:53:20: ----START-LINE----   (12-01-2020 22-45-36 - v0260)
07.02.2020 05:53:20: _adminbox: g6d5f8d29526c556c275c
07.02.2020 05:53:20: _fnc_mpPackets: c3d7488936825328c8d354953
07.02.2020 05:53:20: _FNC_AH_KICKLOG: q44376a7c42456a788e2f
07.02.2020 05:53:20: _FNC_AH_KICKLOGSPAWN: l5e37878d454264856e350e37059e3f57928c8d
07.02.2020 05:53:20: _FNC_PVAH_AdminReq: c650c72491d031e594785022e524764
07.02.2020 05:53:20: _token_by_uid: g1a5e5e4955337c582e57228e873e2e8532896d471483780f6d2e4e
07.02.2020 05:53:20: _uid_by_token: g7c6e0487456e8c2597642c157e2c37350a17
07.02.2020 05:53:20: _server_setTokenR: d7e046553731f88777c1f055274341e8a8a0c
07.02.2020 05:53:20: _YourPlayerToken: w894c252e65879760274e5507152e8985290d0e472d
07.02.2020 05:53:20: _TokenCT: n894f37373f1550937355545553224e434e677705876e1353
07.02.2020 05:53:20: _AH_MAIN_BLOCK: h1337628784149d0c225d
07.02.2020 05:53:20: _AHKickOFF: r081c1a951a4e323e2812
07.02.2020 05:53:20: _AHKickLog: y772e5593853762651e8c
07.02.2020 05:53:20: _clientdo: c7a77652e2e7f436e354e
07.02.2020 05:53:20: _AH_RunCheckENDVAR: u54196e6e1725055e5950056e189565057d
07.02.2020 05:53:20: _AH_RunCheckENDVAR_THREAD: w25533a300e3a80226282
07.02.2020 05:53:20: _AH_HackLogArrayRND: k036562547d5e2235198282
07.02.2020 05:53:20: _AH_SurvLogArrayRND: m8e3737657c2c3d5d4c4a
07.02.2020 05:53:20: _AH_AdmiLogArrayRND: b2d3d356c2c6f0f0a3784
07.02.2020 05:53:20: _TMPBAN: x59953e4785305c335e2749901032598237555e8e174d6e
07.02.2020 05:53:20: _massMessage: y978c0253756c2f852a677d502a
07.02.2020 05:53:20: _massSysMessage: c6d7525852f1a8e47220297322f
07.02.2020 05:53:20: _AHpos: t396e771a6e7215455405
07.02.2020 05:53:20: _ninetwo: j4d576d304e38276044421265576c077a42622e124f254a
07.02.2020 05:53:20: _ninetwothread: v823552756592073c527c2e5a3a1c
07.02.2020 05:53:20: _adminsA: n6c992225955552023a1e8255678d4c3e705e0c786d67
07.02.2020 05:53:20: _MC: s1a776022603d7238407c1d2f82896943870e
07.02.2020 05:53:20: _MCS: s721c7f0f35857d1f053382624f838c37
07.02.2020 05:53:20: _checkidicheckcheck: s1d63496503222c4f3e3c7c3f4c80871c3f25420f45
07.02.2020 05:53:20: _lastshotmade: r3f8f8d3252356785122583
07.02.2020 05:53:20: <infiSTAR.de> _fnc_RandomGen: {
_fnc_actualGen = {
_abc = ['z','y','x','w','v','u','t','s','r','q','p','o','n','m','l','k','j','i','h','g','f','e','d','c','b','a'];
_gen = _abc select (random ((count _abc)-1));
_arr = ['a','5','c','4','d','f','c','e','5','2','2','0','d','e','7','f','9','5','7','8','e','9','a','5','c','3','2','7','e','2','3'];
_randmax = {((round(random _randminval)) + (round(random _randmaxval))) max _randminval};
for '_i' from 0 to (call _randmax)do
{
_gen = _gen + str(round(random 9)) + (_arr select (random ((count _arr)-1)));
};
};
_gen = '';
while{_gen=='' || _gen in _allRandomGenVars}do{
call _fnc_actualGen;
};
_allRandomGenVars pushBack _gen;
_gen
}
07.02.2020 05:53:20: ----START-LINE----   (12-01-2020 22-45-36 - v0260)
07.02.2020 05:53:20: _adminbox: g6d5f8d29526c556c275c
07.02.2020 05:53:20: _fnc_mpPackets: c3d7488936825328c8d354953
07.02.2020 05:53:20: _FNC_AH_KICKLOG: q44376a7c42456a788e2f
07.02.2020 05:53:20: _FNC_AH_KICKLOGSPAWN: l5e37878d454264856e350e37059e3f57928c8d
07.02.2020 05:53:20: _FNC_PVAH_AdminReq: c650c72491d031e594785022e524764
07.02.2020 05:53:20: _token_by_uid: g1a5e5e4955337c582e57228e873e2e8532896d471483780f6d2e4e
07.02.2020 05:53:20: _uid_by_token: g7c6e0487456e8c2597642c157e2c37350a17
07.02.2020 05:53:20: _server_setTokenR: d7e046553731f88777c1f055274341e8a8a0c
07.02.2020 05:53:20: _YourPlayerToken: w894c252e65879760274e5507152e8985290d0e472d
07.02.2020 05:53:20: _TokenCT: n894f37373f1550937355545553224e434e677705876e1353
07.02.2020 05:53:20: _AH_MAIN_BLOCK: h1337628784149d0c225d
07.02.2020 05:53:20: _AHKickOFF: r081c1a951a4e323e2812
07.02.2020 05:53:20: _AHKickLog: y772e5593853762651e8c
07.02.2020 05:53:20: _clientdo: c7a77652e2e7f436e354e
07.02.2020 05:53:20: _AH_RunCheckENDVAR: u54196e6e1725055e5950056e189565057d
07.02.2020 05:53:20: _AH_RunCheckENDVAR_THREAD: w25533a300e3a80226282
07.02.2020 05:53:20: _AH_HackLogArrayRND: k036562547d5e2235198282
07.02.2020 05:53:20: _AH_SurvLogArrayRND: m8e3737657c2c3d5d4c4a
07.02.2020 05:53:20: _AH_AdmiLogArrayRND: b2d3d356c2c6f0f0a3784
07.02.2020 05:53:20: _TMPBAN: x59953e4785305c335e2749901032598237555e8e174d6e
07.02.2020 05:53:20: _massMessage: y978c0253756c2f852a677d502a
07.02.2020 05:53:21: _massSysMessage: c6d7525852f1a8e47220297322f
07.02.2020 05:53:21: _AHpos: t396e771a6e7215455405
07.02.2020 05:53:21: _ninetwo: j4d576d304e38276044421265576c077a42622e124f254a
07.02.2020 05:53:21: _ninetwothread: v823552756592073c527c2e5a3a1c
07.02.2020 05:53:21: _adminsA: n6c992225955552023a1e8255678d4c3e705e0c786d67
07.02.2020 05:53:21: _MC: s1a776022603d7238407c1d2f82896943870e
07.02.2020 05:53:21: _MCS: s721c7f0f35857d1f053382624f838c37
07.02.2020 05:53:21: _checkidicheckcheck: s1d63496503222c4f3e3c7c3f4c80871c3f25420f45
07.02.2020 05:53:21: _lastshotmade: r3f8f8d3252356785122583
07.02.2020 05:53:21: _dellocveh: q981c2c4a2e5762754c35072e624c87783c7a0e75
07.02.2020 05:53:21: _inCombatTime: b1c85245369024440572284
07.02.2020 05:53:21: _inCombatArray: l7c3e572c83058e3423771769428e5e550e628597
07.02.2020 05:53:21: _fnc_infiKeyHandler: t527f2d4e8d9e5d1322729c425d6a890d72275885
07.02.2020 05:53:21: _vehicle_needs_check: l1955479e8f3e64623885
07.02.2020 05:53:21: _MAKE_VAR_DUMP_RANDOM: w3908473512926c1e258e679e8c
07.02.2020 05:53:21: _MAKE_VAR_DUMP_CLIENT: q438e8c87825f573e098f2d4e1c459777
07.02.2020 05:53:21: _DUMPINGPLAYERUIDARRAY: b5427484c670235392a1c7c17390c655c82753c
07.02.2020 05:53:21: _CURRENTLYDUMPING: b1e1d324479246959891c2e235d831d629e628e82
07.02.2020 05:53:21: _antiantihack_rndvar: g303d4e2a15675985983f425c72442472199249
07.02.2020 05:53:21: _name_by_uid: g2422628f021e8e977a3a
07.02.2020 05:53:21: _owner_by_uid: w475e6567770c9c3c026e30559d425e396a3c956789
07.02.2020 05:53:21: _customcommandingMenu: d2c471e48471a926f60671e105993028f4e
07.02.2020 05:53:21: _customcommandingMenuOpen: b6e5739359f0592077f4c
07.02.2020 05:53:21: _AH_KICKLOG: PVAHR_6n5y1n7q8v4p
07.02.2020 05:53:21: ----END-LINE----   (12-01-2020 22-45-36 - v0260)
07.02.2020 07:19:47: <infiSTAR.de> _fnc_RandomGen: {
_fnc_actualGen = {
_abc = ['z','y','x','w','v','u','t','s','r','q','p','o','n','m','l','k','j','i','h','g','f','e','d','c','b','a'];
_gen = _abc select (random ((count _abc)-1));
_arr = ['a','5','c','4','d','f','c','e','5','2','2','0','d','e','7','f','9','5','7','8','e','9','a','5','c','3','2','7','e','2','3'];
_randmax = {((round(random _randminval)) + (round(random _randmaxval))) max _randminval};
for '_i' from 0 to (call _randmax)do
{
_gen = _gen + str(round(random 9)) + (_arr select (random ((count _arr)-1)));
};
};
_gen = '';
while{_gen=='' || _gen in _allRandomGenVars}do{
call _fnc_actualGen;
};
_allRandomGenVars pushBack _gen;
_gen
}
07.02.2020 07:19:47: ----START-LINE----   (12-01-2020 22-45-36 - v0260)
07.02.2020 07:19:47: _adminbox: i22383f13259f275e4e12
07.02.2020 07:19:47: _fnc_mpPackets: j837c2c8c7e151d397e6f933c8589957e82054c
07.02.2020 07:19:47: _FNC_AH_KICKLOG: r1c5a83451e4a634f673a5039558a8a408c8c32455e702e1c431f17
07.02.2020 07:19:47: _FNC_AH_KICKLOGSPAWN: j99301787222d4c8e689f608c88383f1345125d4e4c19198999
07.02.2020 07:19:47: _FNC_PVAH_AdminReq: b403275257e820c855a2502954f
07.02.2020 07:19:47: _token_by_uid: y453d694c4567472e32654c3e0c
07.02.2020 07:19:47: _uid_by_token: q609a691c1c2e294845128a125a4e335e4553151a2e9958
07.02.2020 07:19:47: _server_setTokenR: h2e2c7e155512424330193c751537834e8e721332
07.02.2020 07:19:47: _YourPlayerToken: t445972770d6f95779c7c4c432e8c
07.02.2020 07:19:47: _TokenCT: r439772672c7e790069804249657a8c
07.02.2020 07:19:47: _AH_MAIN_BLOCK: h27433055644e4e4e553e25590c
07.02.2020 07:19:47: _AHKickOFF: x1819121e694272446869
07.02.2020 07:19:47: _AHKickLog: a971e55352c3f30220a87
07.02.2020 07:19:47: _clientdo: s7c123d595e0e2c257719
07.02.2020 07:19:47: _AH_RunCheckENDVAR: h986a3e4d6d451c3e2f278557836e
07.02.2020 07:19:47: _AH_RunCheckENDVAR_THREAD: u0e8c056525572c85993f
07.02.2020 07:19:47: _AH_HackLogArrayRND: y5e541d732c1c9d339949837780200e4e4f231d8e
07.02.2020 07:19:47: _AH_SurvLogArrayRND: f3e8e628a9589574f3919
07.02.2020 07:19:47: _AH_AdmiLogArrayRND: l09235f3e2d9057552032238e673d9328
07.02.2020 07:19:47: _TMPBAN: s7c792a8f69385f5c6c954d024287198438271869
07.02.2020 07:19:47: _massMessage: r1e8383387a856f2e2d3a
07.02.2020 07:19:48: _massSysMessage: c1e7e5297926e156d4727325c7e376e6c2a75525285576e
07.02.2020 07:19:48: _AHpos: q1e209c3d25273222773c2510591215676e0a4f895d3e5562
07.02.2020 07:19:48: _ninetwo: h158c8e82239783107e62198d6e6d5e52375c7f2d005f4c
07.02.2020 07:19:48: _ninetwothread: x07225f1952558f5d4770
07.02.2020 07:19:48: _adminsA: f055e6f607f4e373779328372888e853c722d
07.02.2020 07:19:48: _MC: b6a22673e371545427f753c155e3e39878c2c8982273e
07.02.2020 07:19:48: _MCS: n3d725e13735d802f8560929c52
07.02.2020 07:19:48: _checkidicheckcheck: u5c4212027c758f787e60209e57
07.02.2020 07:19:48: _lastshotmade: g5e335d1d5e7c17777007
07.02.2020 07:19:48: _dellocveh: y70206e374c6e4887944d6c8e5e0f8375
07.02.2020 07:19:48: _inCombatTime: b8247857f770f2f234f2e0d5c75526764
07.02.2020 07:19:48: _inCombatArray: m129987500c0e6757858a8e328f
07.02.2020 07:19:48: _fnc_infiKeyHandler: u3e1f597f10424442780d6222983c1d9a65
07.02.2020 07:19:48: _vehicle_needs_check: w455843686275127f8c609c2a6505628c37679f
07.02.2020 07:19:48: _MAKE_VAR_DUMP_RANDOM: z2f25924783677832302a6a623c7e1487871f3a04
07.02.2020 07:19:48: _MAKE_VAR_DUMP_CLIENT: p523455628a596782246c5412956d7e57
07.02.2020 07:19:48: _DUMPINGPLAYERUIDARRAY: f8503493c7d69496d4f5772285f2334252e8312593d055f4d
07.02.2020 07:19:48: _CURRENTLYDUMPING: c599e822d170e8205375e
07.02.2020 07:19:48: _antiantihack_rndvar: g557c75241a8f742f2e1d
07.02.2020 07:19:48: _name_by_uid: k57198c7c49857f2d792e
07.02.2020 07:19:48: _owner_by_uid: w4c7c6e0517796a4a02393e8e
07.02.2020 07:19:48: _AH_MAIN_BLOCK: h27433055644e4e4e553e25590c
07.02.2020 07:19:48: _AHKickOFF: x1819121e694272446869
07.02.2020 07:19:48: _AHKickLog: a971e55352c3f30220a87
07.02.2020 07:19:48: _clientdo: s7c123d595e0e2c257719
07.02.2020 07:19:48: _AH_RunCheckENDVAR: h986a3e4d6d451c3e2f278557836e
07.02.2020 07:19:48: _AH_RunCheckENDVAR_THREAD: u0e8c056525572c85993f
07.02.2020 07:19:48: _AH_HackLogArrayRND: y5e541d732c1c9d339949837780200e4e4f231d8e
07.02.2020 07:19:48: _AH_SurvLogArrayRND: f3e8e628a9589574f3919
07.02.2020 07:19:48: _AH_AdmiLogArrayRND: l09235f3e2d9057552032238e673d9328
07.02.2020 07:19:48: _TMPBAN: s7c792a8f69385f5c6c954d024287198438271869
07.02.2020 07:19:48: _massMessage: r1e8383387a856f2e2d3a
07.02.2020 07:19:48: _massSysMessage: c1e7e5297926e156d4727325c7e376e6c2a75525285576e
07.02.2020 07:19:48: _AHpos: q1e209c3d25273222773c2510591215676e0a4f895d3e5562
07.02.2020 07:19:48: _ninetwo: h158c8e82239783107e62198d6e6d5e52375c7f2d005f4c
07.02.2020 07:19:48: _ninetwothread: x07225f1952558f5d4770
07.02.2020 07:19:48: _adminsA: f055e6f607f4e373779328372888e853c722d
07.02.2020 07:19:48: _MC: b6a22673e371545427f753c155e3e39878c2c8982273e
07.02.2020 07:19:48: _MCS: n3d725e13735d802f8560929c52
07.02.2020 07:19:48: _checkidicheckcheck: u5c4212027c758f787e60209e57
07.02.2020 07:19:48: _lastshotmade: g5e335d1d5e7c17777007
07.02.2020 07:19:48: _dellocveh: y70206e374c6e4887944d6c8e5e0f8375
07.02.2020 07:19:48: _inCombatTime: b8247857f770f2f234f2e0d5c75526764
07.02.2020 07:19:48: _inCombatArray: m129987500c0e6757858a8e328f
07.02.2020 07:19:48: _fnc_infiKeyHandler: u3e1f597f10424442780d6222983c1d9a65
07.02.2020 07:19:48: _vehicle_needs_check: w455843686275127f8c609c2a6505628c37679f
07.02.2020 07:19:48: _MAKE_VAR_DUMP_RANDOM: z2f25924783677832302a6a623c7e1487871f3a04
07.02.2020 07:19:48: _MAKE_VAR_DUMP_CLIENT: p523455628a596782246c5412956d7e57
07.02.2020 07:19:48: _DUMPINGPLAYERUIDARRAY: f8503493c7d69496d4f5772285f2334252e8312593d055f4d
07.02.2020 07:19:48: _CURRENTLYDUMPING: c599e822d170e8205375e
07.02.2020 07:19:48: _antiantihack_rndvar: g557c75241a8f742f2e1d
07.02.2020 07:19:48: _name_by_uid: k57198c7c49857f2d792e
07.02.2020 07:19:48: _owner_by_uid: w4c7c6e0517796a4a02393e8e
07.02.2020 07:19:48: _customcommandingMenu: c12104e1e3f7c254d5e7c
07.02.2020 07:19:48: _customcommandingMenuOpen: l87754a720f1e393499877c5a1c276c759707123397
07.02.2020 07:19:48: _AH_KICKLOG: PVAHR_6b1e7i2k5u5n4h
07.02.2020 07:19:48: ----END-LINE----   (12-01-2020 22-45-36 - v0260)
07.02.2020 08:31:18: <infiSTAR.de> _fnc_RandomGen: {
_fnc_actualGen = {
_abc = ['z','y','x','w','v','u','t','s','r','q','p','o','n','m','l','k','j','i','h','g','f','e','d','c','b','a'];
_gen = _abc select (random ((count _abc)-1));
_arr = ['a','5','c','4','d','f','c','e','5','2','2','0','d','e','7','f','9','5','7','8','e','9','a','5','c','3','2','7','e','2','3'];
_randmax = {((round(random _randminval)) + (round(random _randmaxval))) max _randminval};
for '_i' from 0 to (call _randmax)do
{
_gen = _gen + str(round(random 9)) + (_arr select (random ((count _arr)-1)));
};
};
_gen = '';
while{_gen=='' || _gen in _allRandomGenVars}do{
call _fnc_actualGen;
};
_allRandomGenVars pushBack _gen;
_gen
}
07.02.2020 08:31:18: ----START-LINE----   (12-01-2020 22-45-36 - v0260)
07.02.2020 08:31:18: _adminbox: x706d1022335c625862128c55226835
07.02.2020 08:31:18: _fnc_mpPackets: l22873c2f7c081535489e7520779e2e8c59070a7c1305
07.02.2020 08:31:18: _FNC_AH_KICKLOG: p282e2e1552932437223f5e5515224297722e28672960371c125c
07.02.2020 08:31:18: _FNC_AH_KICKLOGSPAWN: s905d124f576549096c12324c8e
07.02.2020 08:31:18: _FNC_PVAH_AdminReq: u9a27023e6f5c83572565057c89540d135c
07.02.2020 08:31:18: _token_by_uid: l873c6a6a6763676c4c5e591282257e
07.02.2020 08:31:18: _uid_by_token: c52637a7e345457949267705d629c155f878f558e4c033780
07.02.2020 08:31:18: _server_setTokenR: c3f698380821f2c2327190e2f2215728e4279375e223e74
07.02.2020 08:31:18: _YourPlayerToken: l67371a6f73686e653e032e577c
07.02.2020 08:31:18: _TokenCT: n1f5a5f1f225d1e258d327535
07.02.2020 08:31:18: _AH_MAIN_BLOCK: w32678e2e5d8e2532243e5c4d
07.02.2020 08:31:18: _AHKickOFF: r7f952e374c52251f4d371770742c
07.02.2020 08:31:18: _AHKickLog: e326c7220423533325e7d1c42
07.02.2020 08:31:18: _clientdo: l2522394a1335823538859d2d823d4497
07.02.2020 08:31:18: _AH_RunCheckENDVAR: w67597c9742452e2f157c
07.02.2020 08:31:18: _AH_RunCheckENDVAR_THREAD: r6a4e00955f6c6d2d47241e6c107f
07.02.2020 08:31:18: _AH_HackLogArrayRND: f3085573e67141c038c800452
07.02.2020 08:31:18: _AH_SurvLogArrayRND: h5e2240734c639e085c14777d4822595e87076a6202347d
07.02.2020 08:31:18: _AH_AdmiLogArrayRND: m6f052c8043976c027e3c301c2544656c1c2d533c35
07.02.2020 08:31:18: _TMPBAN: i6c7e4e5c38252f6c1a2544130d525978623c104d42
07.02.2020 08:31:18: _massMessage: b3e47150083771c572c30373a3e22
07.02.2020 08:31:19: _massSysMessage: o3e9c6d49870737782275
07.02.2020 08:31:19: _AHpos: h107f0c7e129d3c4e774d8772172c77
07.02.2020 08:31:19: _ninetwo: p1e423e45684d63443715
07.02.2020 08:31:19: _ninetwothread: t05995e3a935f2f29903a
07.02.2020 08:31:19: _adminsA: c278a6f1c7d595e1877601a2c62044d
07.02.2020 08:31:19: _MC: n1d9705955c3d1239183c450555950597373714
07.02.2020 08:31:19: _MCS: p126e4c542c4c6a77425a
07.02.2020 08:31:19: _checkidicheckcheck: f741e0a85825f0f8759127c8232
07.02.2020 08:31:19: _lastshotmade: e2402256764839e0e6027
07.02.2020 08:31:19: <infiSTAR.de> _fnc_RandomGen: {
_fnc_actualGen = {
_abc = ['z','y','x','w','v','u','t','s','r','q','p','o','n','m','l','k','j','i','h','g','f','e','d','c','b','a'];
_gen = _abc select (random ((count _abc)-1));
_arr = ['a','5','c','4','d','f','c','e','5','2','2','0','d','e','7','f','9','5','7','8','e','9','a','5','c','3','2','7','e','2','3'];
_randmax = {((round(random _randminval)) + (round(random _randmaxval))) max _randminval};
for '_i' from 0 to (call _randmax)do
{
_gen = _gen + str(round(random 9)) + (_arr select (random ((count _arr)-1)));
};
};
_gen = '';
while{_gen=='' || _gen in _allRandomGenVars}do{
call _fnc_actualGen;
};
_allRandomGenVars pushBack _gen;
_gen
}
07.02.2020 08:31:19: ----START-LINE----   (12-01-2020 22-45-36 - v0260)
07.02.2020 08:31:19: _adminbox: x706d1022335c625862128c55226835
07.02.2020 08:31:19: _fnc_mpPackets: l22873c2f7c081535489e7520779e2e8c59070a7c1305
07.02.2020 08:31:19: _FNC_AH_KICKLOG: p282e2e1552932437223f5e5515224297722e28672960371c125c
07.02.2020 08:31:19: _FNC_AH_KICKLOGSPAWN: s905d124f576549096c12324c8e
07.02.2020 08:31:19: _FNC_PVAH_AdminReq: u9a27023e6f5c83572565057c89540d135c
07.02.2020 08:31:19: _token_by_uid: l873c6a6a6763676c4c5e591282257e
07.02.2020 08:31:19: _uid_by_token: c52637a7e345457949267705d629c155f878f558e4c033780
07.02.2020 08:31:19: _server_setTokenR: c3f698380821f2c2327190e2f2215728e4279375e223e74
07.02.2020 08:31:19: _YourPlayerToken: l67371a6f73686e653e032e577c
07.02.2020 08:31:19: _TokenCT: n1f5a5f1f225d1e258d327535
07.02.2020 08:31:19: _AH_MAIN_BLOCK: w32678e2e5d8e2532243e5c4d
07.02.2020 08:31:19: _AHKickOFF: r7f952e374c52251f4d371770742c
07.02.2020 08:31:19: _AHKickLog: e326c7220423533325e7d1c42
07.02.2020 08:31:19: _clientdo: l2522394a1335823538859d2d823d4497
07.02.2020 08:31:19: _AH_RunCheckENDVAR: w67597c9742452e2f157c
07.02.2020 08:31:19: _AH_RunCheckENDVAR_THREAD: r6a4e00955f6c6d2d47241e6c107f
07.02.2020 08:31:19: _AH_HackLogArrayRND: f3085573e67141c038c800452
07.02.2020 08:31:19: _AH_SurvLogArrayRND: h5e2240734c639e085c14777d4822595e87076a6202347d
07.02.2020 08:31:19: _AH_AdmiLogArrayRND: m6f052c8043976c027e3c301c2544656c1c2d533c35
07.02.2020 08:31:19: _TMPBAN: i6c7e4e5c38252f6c1a2544130d525978623c104d42
07.02.2020 08:31:19: _massMessage: b3e47150083771c572c30373a3e22
07.02.2020 08:31:19: _massSysMessage: o3e9c6d49870737782275
07.02.2020 08:31:19: _AHpos: h107f0c7e129d3c4e774d8772172c77
07.02.2020 08:31:19: _ninetwo: p1e423e45684d63443715
07.02.2020 08:31:19: _ninetwothread: t05995e3a935f2f29903a
07.02.2020 08:31:19: _adminsA: c278a6f1c7d595e1877601a2c62044d
07.02.2020 08:31:19: _MC: n1d9705955c3d1239183c450555950597373714
07.02.2020 08:31:19: _MCS: p126e4c542c4c6a77425a
07.02.2020 08:31:19: _checkidicheckcheck: f741e0a85825f0f8759127c8232
07.02.2020 08:31:19: _lastshotmade: e2402256764839e0e6027
07.02.2020 08:31:19: _dellocveh: k245d557c527f8585594a1a1e25
07.02.2020 08:31:19: _inCombatTime: n375e6e62591f52721302676c8a9218553202635a4598479735
07.02.2020 08:31:19: _inCombatArray: e4c7e354e8e1c7013779d055c2c8a121217640d7a4c323c6a9957
07.02.2020 08:31:19: _fnc_infiKeyHandler: n55794e0d95725e793d8f7712
07.02.2020 08:31:19: _vehicle_needs_check: w6c3562956872393c4782
07.02.2020 08:31:19: _MAKE_VAR_DUMP_RANDOM: x451c6785329c0f45553a7f3d1513
07.02.2020 08:31:19: _MAKE_VAR_DUMP_CLIENT: e823c3c22123535852415
07.02.2020 08:31:19: _DUMPINGPLAYERUIDARRAY: e5e6d1f5a147e4f0e8c7212
07.02.2020 08:31:19: _CURRENTLYDUMPING: j5e89454d577e20670295
07.02.2020 08:31:19: _antiantihack_rndvar: m7d535e8589771c5e424e
07.02.2020 08:31:19: _name_by_uid: b156e4e7f5972685d7f4e
07.02.2020 08:31:19: _owner_by_uid: y6c4913678c687e95750f6f3e
07.02.2020 08:31:19: _customcommandingMenu: w67526562236c6a2f624f12027d37979f
07.02.2020 08:31:19: _customcommandingMenuOpen: i456929837e6e2c1c2865320c89601e625c95774d37353525
07.02.2020 08:31:19: _AH_KICKLOG: PVAHR_9g4f0d8l8x4y6h3o
07.02.2020 08:31:19: ----END-LINE----   (12-01-2020 22-45-36 - v0260)
07.02.2020 11:40:47: <infiSTAR.de> _fnc_RandomGen: {
_fnc_actualGen = {
_abc = ['z','y','x','w','v','u','t','s','r','q','p','o','n','m','l','k','j','i','h','g','f','e','d','c','b','a'];
_gen = _abc select (random ((count _abc)-1));
_arr = ['a','5','c','4','d','f','c','e','5','2','2','0','d','e','7','f','9','5','7','8','e','9','a','5','c','3','2','7','e','2','3'];
_randmax = {((round(random _randminval)) + (round(random _randmaxval))) max _randminval};
for '_i' from 0 to (call _randmax)do
{
_gen = _gen + str(round(random 9)) + (_arr select (random ((count _arr)-1)));
};
};
_gen = '';
while{_gen=='' || _gen in _allRandomGenVars}do{
call _fnc_actualGen;
};
_allRandomGenVars pushBack _gen;
_gen
}
07.02.2020 11:40:47: ----START-LINE----   (12-01-2020 22-45-36 - v0260)
07.02.2020 11:40:47: _adminbox: n6e2f998a100e451255496245755d856e875254
07.02.2020 11:40:47: _fnc_mpPackets: b7d2982656c42743a8745
07.02.2020 11:40:47: _FNC_AH_KICKLOG: u591c67370e2967374353238e3e727e0a07
07.02.2020 11:40:47: _FNC_AH_KICKLOGSPAWN: i526f8c3c7c629235673e
07.02.2020 11:40:47: _FNC_PVAH_AdminReq: x7e7f5d3942571d721220152289046f720f0d2d881218
07.02.2020 11:40:47: _token_by_uid: v9f2f6c39858a324f3e7075241d68398e87292c5c721572
07.02.2020 11:40:47: _uid_by_token: p2269997a747e9f15384d2705155538225f475e72
07.02.2020 11:40:47: _server_setTokenR: v126584698987787565228c3e
07.02.2020 11:40:47: _YourPlayerToken: j654e253e99374e6c1c5253792c8c273c328c0f
07.02.2020 11:40:47: _TokenCT: u4e2c4f2f3e9c953e258d704c0337849c354e195d8c
07.02.2020 11:40:48: _AH_MAIN_BLOCK: c356e5c4a152e372c2245
07.02.2020 11:40:48: _AHKickOFF: z9e48656e526e0c752d67
07.02.2020 11:40:48: _AHKickLog: b8540505775431f7f8953
07.02.2020 11:40:48: _clientdo: h37954c9e8e8712677c796255
07.02.2020 11:40:48: _AH_RunCheckENDVAR: p150e9210603f62320f342d554e6e
07.02.2020 11:40:48: _AH_RunCheckENDVAR_THREAD: e72622a1c823e0d5a88923e1e3d651d32
07.02.2020 11:40:48: _AH_HackLogArrayRND: r8788222f1e720c5a1d5a
07.02.2020 11:40:48: _AH_SurvLogArrayRND: g4e144e980e88530f191f9727
07.02.2020 11:40:48: _AH_AdmiLogArrayRND: f87930e6e474f37424597
07.02.2020 11:40:48: _TMPBAN: u724c1c7733655235721257651e57555c806e8f12637f
07.02.2020 11:40:48: _massMessage: q22150784638717792f72
07.02.2020 11:40:48: _massSysMessage: o7c3f70171c1323126c2a
07.02.2020 11:40:48: _AHpos: e901c8a406c4f553d6217925e1792953a4419058e1922608485
07.02.2020 11:40:48: _ninetwo: y35894292393e44594369
07.02.2020 11:40:48: _ninetwothread: r87134a300027721e753a3a
07.02.2020 11:40:48: _adminsA: x041510829d3a9e34673c3d8e5324
07.02.2020 11:40:48: _MC: u92250512127f7a7f7277474e2c72
07.02.2020 11:40:48: _MCS: b0372492d9e7799826d63635d
07.02.2020 11:40:48: _checkidicheckcheck: i75552537156c0e270225423d447c783732
07.02.2020 11:40:48: _lastshotmade: r6a1d92051e456d2f3545594a729252623322176512836e25845d42
07.02.2020 11:40:48: <infiSTAR.de> _fnc_RandomGen: {
_fnc_actualGen = {
_abc = ['z','y','x','w','v','u','t','s','r','q','p','o','n','m','l','k','j','i','h','g','f','e','d','c','b','a'];
_gen = _abc select (random ((count _abc)-1));
_arr = ['a','5','c','4','d','f','c','e','5','2','2','0','d','e','7','f','9','5','7','8','e','9','a','5','c','3','2','7','e','2','3'];
_randmax = {((round(random _randminval)) + (round(random _randmaxval))) max _randminval};
for '_i' from 0 to (call _randmax)do
{
_gen = _gen + str(round(random 9)) + (_arr select (random ((count _arr)-1)));
};
};
_gen = '';
while{_gen=='' || _gen in _allRandomGenVars}do{
call _fnc_actualGen;
};
_allRandomGenVars pushBack _gen;
_gen
}
07.02.2020 11:40:48: ----START-LINE----   (12-01-2020 22-45-36 - v0260)
07.02.2020 11:40:48: _adminbox: n6e2f998a100e451255496245755d856e875254
07.02.2020 11:40:48: _fnc_mpPackets: b7d2982656c42743a8745
07.02.2020 11:40:48: _FNC_AH_KICKLOG: u591c67370e2967374353238e3e727e0a07
07.02.2020 11:40:48: _FNC_AH_KICKLOGSPAWN: i526f8c3c7c629235673e
07.02.2020 11:40:48: _FNC_PVAH_AdminReq: x7e7f5d3942571d721220152289046f720f0d2d881218
07.02.2020 11:40:48: _token_by_uid: v9f2f6c39858a324f3e7075241d68398e87292c5c721572
07.02.2020 11:40:48: _uid_by_token: p2269997a747e9f15384d2705155538225f475e72
07.02.2020 11:40:48: _server_setTokenR: v126584698987787565228c3e
07.02.2020 11:40:48: _YourPlayerToken: j654e253e99374e6c1c5253792c8c273c328c0f
07.02.2020 11:40:48: _TokenCT: u4e2c4f2f3e9c953e258d704c0337849c354e195d8c
07.02.2020 11:40:48: _AH_MAIN_BLOCK: c356e5c4a152e372c2245
07.02.2020 11:40:48: _AHKickOFF: z9e48656e526e0c752d67
07.02.2020 11:40:48: _AHKickLog: b8540505775431f7f8953
07.02.2020 11:40:48: _clientdo: h37954c9e8e8712677c796255
07.02.2020 11:40:48: _AH_RunCheckENDVAR: p150e9210603f62320f342d554e6e
07.02.2020 11:40:48: _AH_RunCheckENDVAR_THREAD: e72622a1c823e0d5a88923e1e3d651d32
07.02.2020 11:40:48: _AH_HackLogArrayRND: r8788222f1e720c5a1d5a
07.02.2020 11:40:48: _AH_SurvLogArrayRND: g4e144e980e88530f191f9727
07.02.2020 11:40:48: _AH_AdmiLogArrayRND: f87930e6e474f37424597
07.02.2020 11:40:48: _TMPBAN: u724c1c7733655235721257651e57555c806e8f12637f
07.02.2020 11:40:48: _massMessage: q22150784638717792f72
07.02.2020 11:40:48: _massSysMessage: o7c3f70171c1323126c2a
07.02.2020 11:40:48: _AHpos: e901c8a406c4f553d6217925e1792953a4419058e1922608485
07.02.2020 11:40:48: _ninetwo: y35894292393e44594369
07.02.2020 11:40:48: _ninetwothread: r87134a300027721e753a3a
07.02.2020 11:40:48: _adminsA: x041510829d3a9e34673c3d8e5324
07.02.2020 11:40:48: _MC: u92250512127f7a7f7277474e2c72
07.02.2020 11:40:48: _MCS: b0372492d9e7799826d63635d
07.02.2020 11:40:48: _checkidicheckcheck: i75552537156c0e270225423d447c783732
07.02.2020 11:40:48: _lastshotmade: r6a1d92051e456d2f3545594a729252623322176512836e25845d42
07.02.2020 11:40:48: _dellocveh: p8a7d0447456e650d7c8a
07.02.2020 11:40:48: _inCombatTime: x4e621e5f17695f6c4f49878c471c383a0f1285285425945f27
07.02.2020 11:40:48: _inCombatArray: m84192d23172270857a33
07.02.2020 11:40:48: _fnc_infiKeyHandler: v4a5c8c3d975787536f5f4c3a776e8e
07.02.2020 11:40:48: _vehicle_needs_check: p122940897e6e39444f7e0d60294259827f2f35490d5c429525527763
07.02.2020 11:40:48: _MAKE_VAR_DUMP_RANDOM: k8535341a407258755d25392068177e42
07.02.2020 11:40:48: _MAKE_VAR_DUMP_CLIENT: e3e6a2f3d8328054875874e8e5e27252e6c656e
07.02.2020 11:40:48: _DUMPINGPLAYERUIDARRAY: t845e4a45558e57754e62
07.02.2020 11:40:48: _CURRENTLYDUMPING: s978d698f7d0e4d67173e22306725770e757775456f4e597e5a15826d
07.02.2020 11:40:48: _antiantihack_rndvar: x256537659244322d4e97221915385504451d6a6a95732e57753a8e82
07.02.2020 11:40:48: _name_by_uid: d1e5985423a35175752558c3f9c6c
07.02.2020 11:40:48: _owner_by_uid: r4725472e573937554f17021574927e0d15037f482765
07.02.2020 11:40:48: _customcommandingMenu: u144f72352e17678e7d522c122c
07.02.2020 11:40:48: _customcommandingMenuOpen: v094e52279c301325575e4a7567
07.02.2020 11:40:48: _AH_KICKLOG: PVAHR_7o4e6g1o2d3k9e
07.02.2020 11:40:48: ----END-LINE----   (12-01-2020 22-45-36 - v0260)
07.02.2020 11:53:17: <infiSTAR.de> _fnc_RandomGen: {
_fnc_actualGen = {
_abc = ['z','y','x','w','v','u','t','s','r','q','p','o','n','m','l','k','j','i','h','g','f','e','d','c','b','a'];
_gen = _abc select (random ((count _abc)-1));
_arr = ['a','5','c','4','d','f','c','e','5','2','2','0','d','e','7','f','9','5','7','8','e','9','a','5','c','3','2','7','e','2','3'];
_randmax = {((round(random _randminval)) + (round(random _randmaxval))) max _randminval};
for '_i' from 0 to (call _randmax)do
{
_gen = _gen + str(round(random 9)) + (_arr select (random ((count _arr)-1)));
};
};
_gen = '';
while{_gen=='' || _gen in _allRandomGenVars}do{
call _fnc_actualGen;
};
_allRandomGenVars pushBack _gen;
_gen
}
07.02.2020 11:53:17: ----START-LINE----   (12-01-2020 22-45-36 - v0260)
07.02.2020 11:53:17: _adminbox: d79126c9f7f6c1e174d1533752d9f3e1c35
07.02.2020 11:53:17: _fnc_mpPackets: v82555c684359895e7e437765297e5d33358452555e1c
07.02.2020 11:53:17: _FNC_AH_KICKLOG: a5c4c5965803e5e0557679e7902545c0c1f0d7e
07.02.2020 11:53:17: _FNC_AH_KICKLOGSPAWN: d6e3e729e351755348c32
07.02.2020 11:53:17: _FNC_PVAH_AdminReq: c133c857e25903e777c79335565326a5d54584579226f8e173f22
07.02.2020 11:53:17: _token_by_uid: a6562377a3505052c6797825c69628e426e252412535239
07.02.2020 11:53:17: _uid_by_token: x8f3f55424f8c5e5c221e
07.02.2020 11:53:17: _server_setTokenR: v4c4c153a4e596322748e
07.02.2020 11:53:17: _YourPlayerToken: b5e7875598e2a7e92576f19175e27453a934f67
07.02.2020 11:53:17: _TokenCT: g622d85039e5f759c225a
07.02.2020 11:53:17: _AH_MAIN_BLOCK: v007d2a3c19597313254f8a028515125d890230
07.02.2020 11:53:17: _AHKickOFF: u399f3f65686f658c0938336c40056285757d77754a
07.02.2020 11:53:17: _AHKickLog: p3a4e3e7282207f0f872c730d7c8f737d929a0e5c0e621f
07.02.2020 11:53:17: _clientdo: o5e898e17724d1a7f45856578899c7f53
07.02.2020 11:53:17: _AH_RunCheckENDVAR: c673238843e3d924f6e8c159d
07.02.2020 11:53:17: _AH_RunCheckENDVAR_THREAD: w1a3d88357a8967651934
07.02.2020 11:53:17: _AH_HackLogArrayRND: m2e443f60773e4e6a201e1e428a4c87559c795e8c138e92647375
07.02.2020 11:53:17: _AH_SurvLogArrayRND: z7d502f5e959e2957840534851547
07.02.2020 11:53:17: _AH_AdmiLogArrayRND: v05437a4312829d7f5779
07.02.2020 11:53:17: _TMPBAN: m1e502f4f6a823588522e570e456e3d1e7d850e30056d758c
07.02.2020 11:53:17: _massMessage: n1210455a7e893539856e
07.02.2020 11:53:17: _massSysMessage: q69221e724e9d256539835a128c2a12
07.02.2020 11:53:17: _AHpos: f826505955d19821e2c5d6e07556e3c75692a22320c877d
07.02.2020 11:53:17: _ninetwo: x9565244554204e424e5c27828e12451979674c27
07.02.2020 11:53:17: _ninetwothread: z556d373e006e7e659007
07.02.2020 11:53:17: _adminsA: d934f17152c594f7525607727738f7985571e
07.02.2020 11:53:17: _MC: s858c57171f173d2a383e6d3f4c2262493c647e7c1c15152f37
07.02.2020 11:53:17: _MCS: l801e7c3d4750604e5445579c7335799e376588787772425c3e17803245
07.02.2020 11:53:17: _checkidicheckcheck: i452c333d056512057f6d
07.02.2020 11:53:17: _lastshotmade: h522e7e7c19454a89806247
07.02.2020 11:53:17: <infiSTAR.de> _fnc_RandomGen: {
_fnc_actualGen = {
_abc = ['z','y','x','w','v','u','t','s','r','q','p','o','n','m','l','k','j','i','h','g','f','e','d','c','b','a'];
_gen = _abc select (random ((count _abc)-1));
_arr = ['a','5','c','4','d','f','c','e','5','2','2','0','d','e','7','f','9','5','7','8','e','9','a','5','c','3','2','7','e','2','3'];
_randmax = {((round(random _randminval)) + (round(random _randmaxval))) max _randminval};
for '_i' from 0 to (call _randmax)do
{
_gen = _gen + str(round(random 9)) + (_arr select (random ((count _arr)-1)));
};
};
_gen = '';
while{_gen=='' || _gen in _allRandomGenVars}do{
call _fnc_actualGen;
};
_allRandomGenVars pushBack _gen;
_gen
}
07.02.2020 11:53:17: ----START-LINE----   (12-01-2020 22-45-36 - v0260)
07.02.2020 11:53:17: _adminbox: d79126c9f7f6c1e174d1533752d9f3e1c35
07.02.2020 11:53:17: _fnc_mpPackets: v82555c684359895e7e437765297e5d33358452555e1c
07.02.2020 11:53:17: _FNC_AH_KICKLOG: a5c4c5965803e5e0557679e7902545c0c1f0d7e
07.02.2020 11:53:17: _FNC_AH_KICKLOGSPAWN: d6e3e729e351755348c32
07.02.2020 11:53:17: _FNC_PVAH_AdminReq: c133c857e25903e777c79335565326a5d54584579226f8e173f22
07.02.2020 11:53:17: _token_by_uid: a6562377a3505052c6797825c69628e426e252412535239
07.02.2020 11:53:17: _uid_by_token: x8f3f55424f8c5e5c221e
07.02.2020 11:53:17: _server_setTokenR: v4c4c153a4e596322748e
07.02.2020 11:53:17: _YourPlayerToken: b5e7875598e2a7e92576f19175e27453a934f67
07.02.2020 11:53:17: _TokenCT: g622d85039e5f759c225a
07.02.2020 11:53:17: _AH_MAIN_BLOCK: v007d2a3c19597313254f8a028515125d890230
07.02.2020 11:53:17: _AHKickOFF: u399f3f65686f658c0938336c40056285757d77754a
07.02.2020 11:53:17: _AHKickLog: p3a4e3e7282207f0f872c730d7c8f737d929a0e5c0e621f
07.02.2020 11:53:17: _clientdo: o5e898e17724d1a7f45856578899c7f53
07.02.2020 11:53:17: _AH_RunCheckENDVAR: c673238843e3d924f6e8c159d
07.02.2020 11:53:17: _AH_RunCheckENDVAR_THREAD: w1a3d88357a8967651934
07.02.2020 11:53:17: _AH_HackLogArrayRND: m2e443f60773e4e6a201e1e428a4c87559c795e8c138e92647375
07.02.2020 11:53:17: _AH_SurvLogArrayRND: z7d502f5e959e2957840534851547
07.02.2020 11:53:17: _AH_AdmiLogArrayRND: v05437a4312829d7f5779
07.02.2020 11:53:17: _TMPBAN: m1e502f4f6a823588522e570e456e3d1e7d850e30056d758c
07.02.2020 11:53:17: _massMessage: n1210455a7e893539856e
07.02.2020 11:53:17: _massSysMessage: q69221e724e9d256539835a128c2a12
07.02.2020 11:53:17: _AHpos: f826505955d19821e2c5d6e07556e3c75692a22320c877d
07.02.2020 11:53:17: _ninetwo: x9565244554204e424e5c27828e12451979674c27
07.02.2020 11:53:17: _ninetwothread: z556d373e006e7e659007
07.02.2020 11:53:17: _adminsA: d934f17152c594f7525607727738f7985571e
07.02.2020 11:53:17: _MC: s858c57171f173d2a383e6d3f4c2262493c647e7c1c15152f37
07.02.2020 11:53:17: _MCS: l801e7c3d4750604e5445579c7335799e376588787772425c3e17803245
07.02.2020 11:53:17: _checkidicheckcheck: i452c333d056512057f6d
07.02.2020 11:53:17: _lastshotmade: h522e7e7c19454a89806247
07.02.2020 11:53:17: _dellocveh: q1c950c6d727e0c072579221f2c4c1e7735321c3c7d53
07.02.2020 11:53:17: _inCombatTime: i02732c526e8e8747550c15251f575c0262395c59255e8f4e858e
07.02.2020 11:53:17: _inCombatArray: v251d1f87798369652d4c7c291027291e
07.02.2020 11:53:17: _fnc_infiKeyHandler: r4952508f4878822d2735
07.02.2020 11:53:17: _vehicle_needs_check: h237374458025175782797c3972997a17
07.02.2020 11:53:17: _MAKE_VAR_DUMP_RANDOM: j5e852384256f2d38641f
07.02.2020 11:53:17: _MAKE_VAR_DUMP_CLIENT: r1e1e35490c64197a95282d1f9e459265473544720e5e2d24
07.02.2020 11:53:17: _DUMPINGPLAYERUIDARRAY: n9c5c8c1c2f2d634c439e8e152e2e5c1c77845e553c379e3218
07.02.2020 11:53:17: _CURRENTLYDUMPING: t5f5c995f007c45554e7f9f6735
07.02.2020 11:53:17: _antiantihack_rndvar: g3960726e1e7722720e283972
07.02.2020 11:53:17: _name_by_uid: g851e8e3d8d5f7e3f6e7e
07.02.2020 11:53:17: _owner_by_uid: q2a2e8c6f943575321c2e221d7f55792f
07.02.2020 11:53:17: _customcommandingMenu: v3c626f351c7e2e751c8d
07.02.2020 11:53:17: _customcommandingMenuOpen: f230780132e6e09699582392f6313033e
07.02.2020 11:53:17: _AH_KICKLOG: PVAHR_2j7l8l2v4i5w
07.02.2020 11:53:17: ----END-LINE----   (12-01-2020 22-45-36 - v0260)
07.02.2020 13:24:57: <infiSTAR.de> _fnc_RandomGen: {
_fnc_actualGen = {
_abc = ['z','y','x','w','v','u','t','s','r','q','p','o','n','m','l','k','j','i','h','g','f','e','d','c','b','a'];
_gen = _abc select (random ((count _abc)-1));
_arr = ['a','5','c','4','d','f','c','e','5','2','2','0','d','e','7','f','9','5','7','8','e','9','a','5','c','3','2','7','e','2','3'];
_randmax = {((round(random _randminval)) + (round(random _randmaxval))) max _randminval};
for '_i' from 0 to (call _randmax)do
{
_gen = _gen + str(round(random 9)) + (_arr select (random ((count _arr)-1)));
};
};
_gen = '';
while{_gen=='' || _gen in _allRandomGenVars}do{
call _fnc_actualGen;
};
_allRandomGenVars pushBack _gen;
_gen
}
07.02.2020 13:24:57: ----START-LINE----   (12-01-2020 22-45-36 - v0260)
07.02.2020 13:24:57: _adminbox: z793423101a52650d4e29
07.02.2020 13:24:57: _fnc_mpPackets: y0e4c2c778e6e796e3f271c2f
07.02.2020 13:24:57: _FNC_AH_KICKLOG: l4c442900502265458f97556c
07.02.2020 13:24:57: _FNC_AH_KICKLOGSPAWN: h351e271d453e0c2467423a772d3d55884935
07.02.2020 13:24:57: _FNC_PVAH_AdminReq: v3f122a7e4f771e221d4a
07.02.2020 13:24:57: _token_by_uid: e355344858d474207373f77
07.02.2020 13:24:57: _uid_by_token: h4f322e6e657a0f0c854a07358212
07.02.2020 13:24:57: _server_setTokenR: t8725049f628585137833
07.02.2020 13:24:57: _YourPlayerToken: j599c2735897a3c8d754c72875757523f7e6d4375
07.02.2020 13:24:57: _TokenCT: o7c2233595e4257995275
07.02.2020 13:24:57: _AH_MAIN_BLOCK: i38628c0e983a7c171582
07.02.2020 13:24:57: _AHKickOFF: h3d5e5a207752203f734752
07.02.2020 13:24:57: _AHKickLog: w8c595d1d85447c1a4c6e4868337e175e7c7583299e69
07.02.2020 13:24:57: _clientdo: s697c8c207c474e7c358572275235455e67772e652c
07.02.2020 13:24:57: _AH_RunCheckENDVAR: m574949757e2580574e381e5f6e65625e6e
07.02.2020 13:24:57: _AH_RunCheckENDVAR_THREAD: w243c7475129f204c59271e674e3518774c395a3c2c3e7e724e57
07.02.2020 13:24:57: _AH_HackLogArrayRND: f73259e92324282146e591c854577735552458e
07.02.2020 13:24:57: _AH_SurvLogArrayRND: o647f903a207e1a6c8e55288e6d5e57427e597e2c67424273
07.02.2020 13:24:57: _AH_AdmiLogArrayRND: c55852e046c7e7e5923457e392719252794196e47
07.02.2020 13:24:57: _TMPBAN: d1975835e256c55626d0c64156e
07.02.2020 13:24:57: _massMessage: p1f7e323250772e69681e
07.02.2020 13:24:57: _massSysMessage: h128d424e6504858f1f729e1205688c83
07.02.2020 13:24:57: _AHpos: u8d0e745554723e355c45838d757d4a89470e0e9a95
07.02.2020 13:24:57: _ninetwo: n246f5c1362255d0a7e27
07.02.2020 13:24:57: _ninetwothread: b2d6f3d178d056c1f5867
07.02.2020 13:24:57: _adminsA: s57621d525d2e6c2f5284
07.02.2020 13:24:57: _MC: p8e52502340203f4263085e825f75
07.02.2020 13:24:57: _MCS: f5e62125e3a4a793e0984973c
07.02.2020 13:24:57: _checkidicheckcheck: s4e1277828225395787686c741e836f2337
07.02.2020 13:24:57: _lastshotmade: s7772727d394c236475394062424c72
07.02.2020 13:24:57: <infiSTAR.de> _fnc_RandomGen: {
_fnc_actualGen = {
_abc = ['z','y','x','w','v','u','t','s','r','q','p','o','n','m','l','k','j','i','h','g','f','e','d','c','b','a'];
_gen = _abc select (random ((count _abc)-1));
_arr = ['a','5','c','4','d','f','c','e','5','2','2','0','d','e','7','f','9','5','7','8','e','9','a','5','c','3','2','7','e','2','3'];
_randmax = {((round(random _randminval)) + (round(random _randmaxval))) max _randminval};
for '_i' from 0 to (call _randmax)do
{
_gen = _gen + str(round(random 9)) + (_arr select (random ((count _arr)-1)));
};
};
_gen = '';
while{_gen=='' || _gen in _allRandomGenVars}do{
call _fnc_actualGen;
};
_allRandomGenVars pushBack _gen;
_gen
}
07.02.2020 13:24:57: ----START-LINE----   (12-01-2020 22-45-36 - v0260)
07.02.2020 13:24:57: _adminbox: z793423101a52650d4e29
07.02.2020 13:24:57: _fnc_mpPackets: y0e4c2c778e6e796e3f271c2f
07.02.2020 13:24:57: _FNC_AH_KICKLOG: l4c442900502265458f97556c
07.02.2020 13:24:57: _FNC_AH_KICKLOGSPAWN: h351e271d453e0c2467423a772d3d55884935
07.02.2020 13:24:57: _FNC_PVAH_AdminReq: v3f122a7e4f771e221d4a
07.02.2020 13:24:57: _token_by_uid: e355344858d474207373f77
07.02.2020 13:24:57: _uid_by_token: h4f322e6e657a0f0c854a07358212
07.02.2020 13:24:57: _server_setTokenR: t8725049f628585137833
07.02.2020 13:24:57: _YourPlayerToken: j599c2735897a3c8d754c72875757523f7e6d4375
07.02.2020 13:24:57: _TokenCT: o7c2233595e4257995275
07.02.2020 13:24:57: _AH_MAIN_BLOCK: i38628c0e983a7c171582
07.02.2020 13:24:57: _AHKickOFF: h3d5e5a207752203f734752
07.02.2020 13:24:57: _AHKickLog: w8c595d1d85447c1a4c6e4868337e175e7c7583299e69
07.02.2020 13:24:57: _clientdo: s697c8c207c474e7c358572275235455e67772e652c
07.02.2020 13:24:57: _AH_RunCheckENDVAR: m574949757e2580574e381e5f6e65625e6e
07.02.2020 13:24:57: _AH_RunCheckENDVAR_THREAD: w243c7475129f204c59271e674e3518774c395a3c2c3e7e724e57
07.02.2020 13:24:57: _AH_HackLogArrayRND: f73259e92324282146e591c854577735552458e
07.02.2020 13:24:57: _AH_SurvLogArrayRND: o647f903a207e1a6c8e55288e6d5e57427e597e2c67424273
07.02.2020 13:24:57: _AH_AdmiLogArrayRND: c55852e046c7e7e5923457e392719252794196e47
07.02.2020 13:24:57: _TMPBAN: d1975835e256c55626d0c64156e
07.02.2020 13:24:57: _massMessage: p1f7e323250772e69681e
07.02.2020 13:24:57: _massSysMessage: h128d424e6504858f1f729e1205688c83
07.02.2020 13:24:57: _AHpos: u8d0e745554723e355c45838d757d4a89470e0e9a95
07.02.2020 13:24:57: _ninetwo: n246f5c1362255d0a7e27
07.02.2020 13:24:57: _ninetwothread: b2d6f3d178d056c1f5867
07.02.2020 13:24:57: _adminsA: s57621d525d2e6c2f5284
07.02.2020 13:24:57: _MC: p8e52502340203f4263085e825f75
07.02.2020 13:24:57: _MCS: f5e62125e3a4a793e0984973c
07.02.2020 13:24:57: _checkidicheckcheck: s4e1277828225395787686c741e836f2337
07.02.2020 13:24:57: _lastshotmade: s7772727d394c236475394062424c72
07.02.2020 13:24:57: _dellocveh: p22325925051c978204627d45352c50801f5c65892e576927
07.02.2020 13:24:57: _inCombatTime: f1d981e9555196a646c3d223c5a125e5c8a67
07.02.2020 13:24:57: _inCombatArray: a0c229e256579159555125c757535396a4267538c48506f898c
07.02.2020 13:24:57: _fnc_infiKeyHandler: r8f6a498e84106d3e7d292763
07.02.2020 13:24:57: _vehicle_needs_check: k573d1f3c4e9f8a62540c598f555c5c
07.02.2020 13:24:57: _MAKE_VAR_DUMP_RANDOM: g9e498d0d698365852a7317872d4c271c785e1073421568
07.02.2020 13:24:57: _MAKE_VAR_DUMP_CLIENT: t1c2e6a7d25191c0e287872226c1e0e4c2c7e1e
07.02.2020 13:24:57: _DUMPINGPLAYERUIDARRAY: a725c455f723e1e6d13886f65077f0f65595c82
07.02.2020 13:24:57: _CURRENTLYDUMPING: q4e428775198f456e227e
07.02.2020 13:24:57: _antiantihack_rndvar: l10356052292535659c728e103f152e1c722a7c383e1f
07.02.2020 13:24:57: _name_by_uid: u03721317974583825e196e521509182c7e157e2e7e9c3e9c6d479d
07.02.2020 13:24:57: _owner_by_uid: n9e4e55649507552c4e12
07.02.2020 13:24:57: _customcommandingMenu: b7a371875138e52974c7279
07.02.2020 13:24:57: _customcommandingMenuOpen: j474912886a6f69154a7c14707a709e38
07.02.2020 13:24:58: _AH_KICKLOG: PVAHR_0u9p6x3w0g6j
07.02.2020 13:24:58: ----END-LINE----   (12-01-2020 22-45-36 - v0260)
07.02.2020 13:47:21: <infiSTAR.de> _fnc_RandomGen: {
_fnc_actualGen = {
_abc = ['z','y','x','w','v','u','t','s','r','q','p','o','n','m','l','k','j','i','h','g','f','e','d','c','b','a'];
_gen = _abc select (random ((count _abc)-1));
_arr = ['a','5','c','4','d','f','c','e','5','2','2','0','d','e','7','f','9','5','7','8','e','9','a','5','c','3','2','7','e','2','3'];
_randmax = {((round(random _randminval)) + (round(random _randmaxval))) max _randminval};
for '_i' from 0 to (call _randmax)do
{
_gen = _gen + str(round(random 9)) + (_arr select (random ((count _arr)-1)));
};
};
_gen = '';
while{_gen=='' || _gen in _allRandomGenVars}do{
call _fnc_actualGen;
};
_allRandomGenVars pushBack _gen;
_gen
}
07.02.2020 13:47:21: ----START-LINE----   (12-01-2020 22-45-36 - v0260)
07.02.2020 13:47:21: _adminbox: m8969921075271782325f552e7c2d453d1f02
07.02.2020 13:47:21: _fnc_mpPackets: j39494257409c4e158570
07.02.2020 13:47:21: _FNC_AH_KICKLOG: x750559937e782e6f473f42375263189d1d75879f
07.02.2020 13:47:21: _FNC_AH_KICKLOGSPAWN: s3763070d749c6d8e231d33771a4e12732824428e2a2a6c498e6d
07.02.2020 13:47:21: _FNC_PVAH_AdminReq: r8e84936c2222782592254d
07.02.2020 13:47:21: _token_by_uid: k1e653732603f2f45255c89723e7e55857d8c58
07.02.2020 13:47:21: _uid_by_token: o0d2d7e126f25656c943c74150365
07.02.2020 13:47:21: _server_setTokenR: c858e9d150323056f758e6a7c782e
07.02.2020 13:47:21: _YourPlayerToken: m77527a7e8e32125e558c9542750c2d92077c1f67287c
07.02.2020 13:47:21: _TokenCT: i175a64991a5522032315
07.02.2020 13:47:21: _AH_MAIN_BLOCK: n47874a6882672f5d5338321e826e35
07.02.2020 13:47:21: _AHKickOFF: m4c3a407a12936e2e35678f6f
07.02.2020 13:47:21: _AHKickLog: r5d5d937f29689c1c674973678e49
07.02.2020 13:47:21: _clientdo: r3847327e2e701e428c70
07.02.2020 13:47:21: _AH_RunCheckENDVAR: s35882752952c428355942e6a8347691c42
07.02.2020 13:47:21: _AH_RunCheckENDVAR_THREAD: b878372254c635279898e6c6482101842970d3e837574852c
07.02.2020 13:47:21: _AH_HackLogArrayRND: f2925422c6c5e4d4755426e
07.02.2020 13:47:21: _AH_SurvLogArrayRND: y3017092307321d1d5d7c1a058e2d79676f
07.02.2020 13:47:21: _AH_AdmiLogArrayRND: s70153c930c850482071557120323
07.02.2020 13:47:21: _TMPBAN: d3a335e3e4c154252452e094f7a82871e875c8099442485855f57771d
07.02.2020 13:47:21: _massMessage: c4d183c722e774c752d9e7a3a671d686d742469222e571e52
07.02.2020 13:47:21: _massSysMessage: e123c63274c6d859e4d280d527542358889393e4c
07.02.2020 13:47:21: _AHpos: c6f590a85406c65258f2c2f0d479f6217158945
07.02.2020 13:47:21: _ninetwo: g1c45727f1c528d3c67606e4c0282297e0e327a6d6e
07.02.2020 13:47:21: _ninetwothread: c1f6905836e3232603c4079
07.02.2020 13:47:21: _adminsA: k557f8333528e4f7e8442
07.02.2020 13:47:21: _MC: s051c4f8719893c5d673f73423289285c2925
07.02.2020 13:47:21: _MCS: q19734e5f52124f45078255374a451d2225356e7e7d
07.02.2020 13:47:21: _checkidicheckcheck: p4c27493e6c1e4c478e3e5c1e430f4020673a1c5560
07.02.2020 13:47:21: _lastshotmade: g705c671e3a351722297e63694e4e59
07.02.2020 13:47:21: <infiSTAR.de> _fnc_RandomGen: {
_fnc_actualGen = {
_abc = ['z','y','x','w','v','u','t','s','r','q','p','o','n','m','l','k','j','i','h','g','f','e','d','c','b','a'];
_gen = _abc select (random ((count _abc)-1));
_arr = ['a','5','c','4','d','f','c','e','5','2','2','0','d','e','7','f','9','5','7','8','e','9','a','5','c','3','2','7','e','2','3'];
_randmax = {((round(random _randminval)) + (round(random _randmaxval))) max _randminval};
for '_i' from 0 to (call _randmax)do
{
_gen = _gen + str(round(random 9)) + (_arr select (random ((count _arr)-1)));
};
};
_gen = '';
while{_gen=='' || _gen in _allRandomGenVars}do{
call _fnc_actualGen;
};
_allRandomGenVars pushBack _gen;
_gen
}
07.02.2020 13:47:21: ----START-LINE----   (12-01-2020 22-45-36 - v0260)
07.02.2020 13:47:21: _adminbox: m8969921075271782325f552e7c2d453d1f02
07.02.2020 13:47:21: _fnc_mpPackets: j39494257409c4e158570
07.02.2020 13:47:21: _FNC_AH_KICKLOG: x750559937e782e6f473f42375263189d1d75879f
07.02.2020 13:47:21: _FNC_AH_KICKLOGSPAWN: s3763070d749c6d8e231d33771a4e12732824428e2a2a6c498e6d
07.02.2020 13:47:21: _FNC_PVAH_AdminReq: r8e84936c2222782592254d
07.02.2020 13:47:21: _token_by_uid: k1e653732603f2f45255c89723e7e55857d8c58
07.02.2020 13:47:21: _uid_by_token: o0d2d7e126f25656c943c74150365
07.02.2020 13:47:21: _server_setTokenR: c858e9d150323056f758e6a7c782e
07.02.2020 13:47:21: _YourPlayerToken: m77527a7e8e32125e558c9542750c2d92077c1f67287c
07.02.2020 13:47:21: _TokenCT: i175a64991a5522032315
07.02.2020 13:47:21: _AH_MAIN_BLOCK: n47874a6882672f5d5338321e826e35
07.02.2020 13:47:21: _AHKickOFF: m4c3a407a12936e2e35678f6f
07.02.2020 13:47:21: _AHKickLog: r5d5d937f29689c1c674973678e49
07.02.2020 13:47:21: _clientdo: r3847327e2e701e428c70
07.02.2020 13:47:21: _AH_RunCheckENDVAR: s35882752952c428355942e6a8347691c42
07.02.2020 13:47:21: _AH_RunCheckENDVAR_THREAD: b878372254c635279898e6c6482101842970d3e837574852c
07.02.2020 13:47:21: _AH_HackLogArrayRND: f2925422c6c5e4d4755426e
07.02.2020 13:47:21: _AH_SurvLogArrayRND: y3017092307321d1d5d7c1a058e2d79676f
07.02.2020 13:47:21: _AH_AdmiLogArrayRND: s70153c930c850482071557120323
07.02.2020 13:47:21: _TMPBAN: d3a335e3e4c154252452e094f7a82871e875c8099442485855f57771d
07.02.2020 13:47:21: _massMessage: c4d183c722e774c752d9e7a3a671d686d742469222e571e52
07.02.2020 13:47:21: _massSysMessage: e123c63274c6d859e4d280d527542358889393e4c
07.02.2020 13:47:21: _AHpos: c6f590a85406c65258f2c2f0d479f6217158945
07.02.2020 13:47:21: _ninetwo: g1c45727f1c528d3c67606e4c0282297e0e327a6d6e
07.02.2020 13:47:21: _ninetwothread: c1f6905836e3232603c4079
07.02.2020 13:47:21: _adminsA: k557f8333528e4f7e8442
07.02.2020 13:47:21: _MC: s051c4f8719893c5d673f73423289285c2925
07.02.2020 13:47:21: _MCS: q19734e5f52124f45078255374a451d2225356e7e7d
07.02.2020 13:47:21: _checkidicheckcheck: p4c27493e6c1e4c478e3e5c1e430f4020673a1c5560
07.02.2020 13:47:21: _lastshotmade: g705c671e3a351722297e63694e4e59
07.02.2020 13:47:21: _dellocveh: n3c653c5c2205152e5239
07.02.2020 13:47:21: _inCombatTime: e5e899c380a893e35422452
07.02.2020 13:47:21: _inCombatArray: z177d545c629d537f4520
07.02.2020 13:47:21: _fnc_infiKeyHandler: z1c2c07277227570f584d
07.02.2020 13:47:21: _vehicle_needs_check: t2822575d536f751c0917578c6418235e290c5e7d12
07.02.2020 13:47:21: _MAKE_VAR_DUMP_RANDOM: u0c3d5e5a703d1e1e92874e025e3245126e799375
07.02.2020 13:47:21: _MAKE_VAR_DUMP_CLIENT: v529244271c524e4f320d
07.02.2020 13:47:21: _DUMPINGPLAYERUIDARRAY: a1d0e97459c5843276e9f85822d5c19
07.02.2020 13:47:21: _CURRENTLYDUMPING: d73951d69873f3385921a80624c0c624c5e3c1c3565
07.02.2020 13:47:21: _antiantihack_rndvar: n7963998e8c5e123949878c729e7317294c19
07.02.2020 13:47:21: _name_by_uid: s4d2d159c295c0f5c620d
07.02.2020 13:47:21: _owner_by_uid: s7f68358f7e695d2913358e356d52254707851267606c505e1f7c6e25
07.02.2020 13:47:21: _customcommandingMenu: v4255751a80752e1e3d623a1f7e1e8e
07.02.2020 13:47:21: _customcommandingMenuOpen: w375e3d5e375c244d35693a85
07.02.2020 13:47:21: _AH_KICKLOG: PVAHR_7g4b7z9s4y1j3z
07.02.2020 13:47:21: ----END-LINE----   (12-01-2020 22-45-36 - v0260)
07.02.2020 14:23:02: <infiSTAR.de> _fnc_RandomGen: {
_fnc_actualGen = {
_abc = ['z','y','x','w','v','u','t','s','r','q','p','o','n','m','l','k','j','i','h','g','f','e','d','c','b','a'];
_gen = _abc select (random ((count _abc)-1));
_arr = ['a','5','c','4','d','f','c','e','5','2','2','0','d','e','7','f','9','5','7','8','e','9','a','5','c','3','2','7','e','2','3'];
_randmax = {((round(random _randminval)) + (round(random _randmaxval))) max _randminval};
for '_i' from 0 to (call _randmax)do
{
_gen = _gen + str(round(random 9)) + (_arr select (random ((count _arr)-1)));
};
};
_gen = '';
while{_gen=='' || _gen in _allRandomGenVars}do{
call _fnc_actualGen;
};
_allRandomGenVars pushBack _gen;
_gen
}
07.02.2020 14:23:02: ----START-LINE----   (12-01-2020 22-45-36 - v0260)
07.02.2020 14:23:02: _adminbox: w723c047e9e027973941e8224
07.02.2020 14:23:02: _fnc_mpPackets: k0e8c424462924e176d3d7e89
07.02.2020 14:23:02: _FNC_AH_KICKLOG: y65603f554a9d9f8a3c4c1e9e226d791e4860129e
07.02.2020 14:23:02: _FNC_AH_KICKLOGSPAWN: c2f2c45525e67097a6285
07.02.2020 14:23:02: _FNC_PVAH_AdminReq: v652557828025470e8d3e1a121973624e5d
07.02.2020 14:23:02: _token_by_uid: l22636e1e2270558f1a4c728e7397620d7a14
07.02.2020 14:23:02: _uid_by_token: l2d494c0c5d55024a5740621e6a07920598757422
07.02.2020 14:23:02: _server_setTokenR: b3592247e5e5e783e55821f5c33594e722c
07.02.2020 14:23:02: _YourPlayerToken: h29133f838520921e174c4e2e
07.02.2020 14:23:02: _TokenCT: j757f4c9e0835242c875722693527272d4d2d9e
07.02.2020 14:23:02: _AH_MAIN_BLOCK: f17350a8535698d57625a658c125a3e924c1e1f6f
07.02.2020 14:23:02: _AHKickOFF: s355565728f738a1e6d15
07.02.2020 14:23:02: _AHKickLog: e50557d052e221e8e6f67532e138244192e578f82
07.02.2020 14:23:02: _clientdo: r83695e4a126c6e6e155f522c52253f37375f629559
07.02.2020 14:23:02: _AH_RunCheckENDVAR: g7c55653042999f29427e128e2e05958e
07.02.2020 14:23:02: _AH_RunCheckENDVAR_THREAD: g85836897703227385f62853527759e33422a
07.02.2020 14:23:02: _AH_HackLogArrayRND: g455f1747872e55294f82752c185c921970304a1e2e
07.02.2020 14:23:02: _AH_SurvLogArrayRND: r47456e5f775034375832
07.02.2020 14:23:02: _AH_AdmiLogArrayRND: m4d831d82336575222e5917
07.02.2020 14:23:02: _TMPBAN: n2055335522833452772e624c
07.02.2020 14:23:02: _massMessage: h535762657e328268137f
07.02.2020 14:23:02: _massSysMessage: k59678a723277175e522c790c5584359f6e3e02
07.02.2020 14:23:02: _AHpos: j2a598e6084272f7509479d0d298747
07.02.2020 14:23:02: _ninetwo: m629593622242621a7292058e67
07.02.2020 14:23:02: _ninetwothread: e10738c3a72291508528a8c152d62476e1d4e3e4277079e35
07.02.2020 14:23:02: _adminsA: d533e3c49771e185c104f85557e14727967222a3767678f
07.02.2020 14:23:02: _MC: h7e494a54631052758744
07.02.2020 14:23:02: <infiSTAR.de> _fnc_RandomGen: {
_fnc_actualGen = {
_abc = ['z','y','x','w','v','u','t','s','r','q','p','o','n','m','l','k','j','i','h','g','f','e','d','c','b','a'];
_gen = _abc select (random ((count _abc)-1));
_arr = ['a','5','c','4','d','f','c','e','5','2','2','0','d','e','7','f','9','5','7','8','e','9','a','5','c','3','2','7','e','2','3'];
_randmax = {((round(random _randminval)) + (round(random _randmaxval))) max _randminval};
for '_i' from 0 to (call _randmax)do
{
_gen = _gen + str(round(random 9)) + (_arr select (random ((count _arr)-1)));
};
};
_gen = '';
while{_gen=='' || _gen in _allRandomGenVars}do{
call _fnc_actualGen;
};
_allRandomGenVars pushBack _gen;
_gen
}
07.02.2020 14:23:02: ----START-LINE----   (12-01-2020 22-45-36 - v0260)
07.02.2020 14:23:02: _adminbox: w723c047e9e027973941e8224
07.02.2020 14:23:02: _fnc_mpPackets: k0e8c424462924e176d3d7e89
07.02.2020 14:23:02: _FNC_AH_KICKLOG: y65603f554a9d9f8a3c4c1e9e226d791e4860129e
07.02.2020 14:23:02: _FNC_AH_KICKLOGSPAWN: c2f2c45525e67097a6285
07.02.2020 14:23:02: _FNC_PVAH_AdminReq: v652557828025470e8d3e1a121973624e5d
07.02.2020 14:23:02: _token_by_uid: l22636e1e2270558f1a4c728e7397620d7a14
07.02.2020 14:23:02: _uid_by_token: l2d494c0c5d55024a5740621e6a07920598757422
07.02.2020 14:23:02: _server_setTokenR: b3592247e5e5e783e55821f5c33594e722c
07.02.2020 14:23:02: _YourPlayerToken: h29133f838520921e174c4e2e
07.02.2020 14:23:02: _TokenCT: j757f4c9e0835242c875722693527272d4d2d9e
07.02.2020 14:23:02: _AH_MAIN_BLOCK: f17350a8535698d57625a658c125a3e924c1e1f6f
07.02.2020 14:23:02: _AHKickOFF: s355565728f738a1e6d15
07.02.2020 14:23:02: _AHKickLog: e50557d052e221e8e6f67532e138244192e578f82
07.02.2020 14:23:02: _clientdo: r83695e4a126c6e6e155f522c52253f37375f629559
07.02.2020 14:23:02: _AH_RunCheckENDVAR: g7c55653042999f29427e128e2e05958e
07.02.2020 14:23:02: _AH_RunCheckENDVAR_THREAD: g85836897703227385f62853527759e33422a
07.02.2020 14:23:02: _AH_HackLogArrayRND: g455f1747872e55294f82752c185c921970304a1e2e
07.02.2020 14:23:03: _AH_SurvLogArrayRND: r47456e5f775034375832
07.02.2020 14:23:03: _AH_AdmiLogArrayRND: m4d831d82336575222e5917
07.02.2020 14:23:03: _TMPBAN: n2055335522833452772e624c
07.02.2020 14:23:03: _massMessage: h535762657e328268137f
07.02.2020 14:23:03: _massSysMessage: k59678a723277175e522c790c5584359f6e3e02
07.02.2020 14:23:03: _AHpos: j2a598e6084272f7509479d0d298747
07.02.2020 14:23:03: _ninetwo: m629593622242621a7292058e67
07.02.2020 14:23:03: _ninetwothread: e10738c3a72291508528a8c152d62476e1d4e3e4277079e35
07.02.2020 14:23:03: _adminsA: d533e3c49771e185c104f85557e14727967222a3767678f
07.02.2020 14:23:03: _MC: h7e494a54631052758744
07.02.2020 14:23:03: _MCS: d17176c6d3e0229423262550203
07.02.2020 14:23:03: _checkidicheckcheck: d1e62156f473e2345122f35793f5e07351a058c170745555e0c
07.02.2020 14:23:03: _lastshotmade: v4c3c85558f593458725f
07.02.2020 14:23:03: _dellocveh: h2e52257577831d224a7c451219475d785c3c
07.02.2020 14:23:03: _inCombatTime: g57346e85853962798d15
07.02.2020 14:23:03: _inCombatArray: k3f02057c9f474e9553645c12777044294e322c
07.02.2020 14:23:03: _fnc_infiKeyHandler: n7f297227757e4c5815984a72726a1530
07.02.2020 14:23:03: _vehicle_needs_check: x2d6e657d9e15841c1c121c5c854e4c57222e1c
07.02.2020 14:23:03: _MAKE_VAR_DUMP_RANDOM: p579752746f479d1d18327d35
07.02.2020 14:23:03: _MAKE_VAR_DUMP_CLIENT: t18277f6565826e6d7a9f473e2c295e794989
07.02.2020 14:23:03: _DUMPINGPLAYERUIDARRAY: n521d622d675e354d7f82
07.02.2020 14:23:03: _CURRENTLYDUMPING: x432f171275223835937d0257478c
07.02.2020 14:23:03: _antiantihack_rndvar: a3a6e0e536e2a25188f1979026535725e2f197c739c580512
07.02.2020 14:23:03: _name_by_uid: b4d523e55339e1e229712074789356978
07.02.2020 14:23:03: _owner_by_uid: s8f8762126843620e6c69
07.02.2020 14:23:03: _customcommandingMenu: c276c7a19034475557a555e3e839d233964420a437937559d6a
07.02.2020 14:23:03: _customcommandingMenuOpen: g6d594e30307a938567821e
07.02.2020 14:23:03: _AH_KICKLOG: PVAHR_9x4f5w9j7c1w
07.02.2020 14:23:03: ----END-LINE----   (12-01-2020 22-45-36 - v0260)
07.02.2020 19:36:04: <infiSTAR.de> _fnc_RandomGen: {
_fnc_actualGen = {
_abc = ['z','y','x','w','v','u','t','s','r','q','p','o','n','m','l','k','j','i','h','g','f','e','d','c','b','a'];
_gen = _abc select (random ((count _abc)-1));
_arr = ['a','5','c','4','d','f','c','e','5','2','2','0','d','e','7','f','9','5','7','8','e','9','a','5','c','3','2','7','e','2','3'];
_randmax = {((round(random _randminval)) + (round(random _randmaxval))) max _randminval};
for '_i' from 0 to (call _randmax)do
{
_gen = _gen + str(round(random 9)) + (_arr select (random ((count _arr)-1)));
};
};
_gen = '';
while{_gen=='' || _gen in _allRandomGenVars}do{
call _fnc_actualGen;
};
_allRandomGenVars pushBack _gen;
_gen
}
07.02.2020 19:36:04: ----START-LINE----   (12-01-2020 22-45-36 - v0260)
07.02.2020 19:36:04: _adminbox: i1c958e6f024e5c326087
07.02.2020 19:36:04: _fnc_mpPackets: g923c797f793a9e95854c5c058225
07.02.2020 19:36:04: _FNC_AH_KICKLOG: z3e7e706a4d752d153e77807e479c490f2e79
07.02.2020 19:36:04: _FNC_AH_KICKLOGSPAWN: w4f594702737e93046c29681d3e32594e3a6e605d5c7952
07.02.2020 19:36:04: _FNC_PVAH_AdminReq: s824a5787858989457a258a6522152237
07.02.2020 19:36:04: _token_by_uid: h856245676f1c58237e3d2767527303
07.02.2020 19:36:04: _uid_by_token: k6e9f5e775a6e0505629e4d2e758435
07.02.2020 19:36:04: _server_setTokenR: y85856824227342984757851f834943586e075e1e356c
07.02.2020 19:36:04: _YourPlayerToken: i3f22326c6d474a1385556e2285526f753593
07.02.2020 19:36:04: _TokenCT: p927f629c52827429405c02826247952c3e6a5e852d87058c4e9f
07.02.2020 19:36:04: _AH_MAIN_BLOCK: r97238227251963691c52
07.02.2020 19:36:04: _AHKickOFF: e2c223e3e248e1595320e5e5a6752726d850c
07.02.2020 19:36:04: _AHKickLog: k8260822e13198a841748438f42274d6e0f8e70122029
07.02.2020 19:36:04: _clientdo: d8f748d325f7d60006250827c7d6323453c6578233c29
07.02.2020 19:36:04: _AH_RunCheckENDVAR: y5c8517681e952e723e3582550e4f0f3c4c392c5d1257796c
07.02.2020 19:36:04: _AH_RunCheckENDVAR_THREAD: q92690a03893035870732893c677e4445
07.02.2020 19:36:04: _AH_HackLogArrayRND: o35899e8282158a72988d3710992a695a85153c
07.02.2020 19:36:04: _AH_SurvLogArrayRND: t8f8d7e856e12252235655c797373237382
07.02.2020 19:36:04: _AH_AdmiLogArrayRND: o44995e8c546e53297c6714772342451f38
07.02.2020 19:36:04: _TMPBAN: o75756e3f4a2579195c746e2f700c
07.02.2020 19:36:04: _massMessage: u92371f9d4e7f4f332f984333772a
07.02.2020 19:36:04: _massSysMessage: o2c7344879e076795455567
07.02.2020 19:36:04: _AHpos: m4c80122e28175e574e8e5a4545
07.02.2020 19:36:04: _ninetwo: t7e321f6e383813477c5d1a3c8c27357e6d975c54
07.02.2020 19:36:04: _ninetwothread: m02129c687545842740404e0c55622e251f
07.02.2020 19:36:05: _adminsA: t9f6f74228732552d25076c92592967656e6c
07.02.2020 19:36:05: _MC: b47203f0c67323e15375f3c8e65078a7e151f993a5e1d0e75403d
07.02.2020 19:36:05: _MCS: o7e0750041269791972820c
07.02.2020 19:36:05: _checkidicheckcheck: w657c5c4c74653d5d8959095910555d5e
07.02.2020 19:36:05: _lastshotmade: h373e226072697c576f6217673a22923d295e78676e672047
07.02.2020 19:36:05: <infiSTAR.de> _fnc_RandomGen: {
_fnc_actualGen = {
_abc = ['z','y','x','w','v','u','t','s','r','q','p','o','n','m','l','k','j','i','h','g','f','e','d','c','b','a'];
_gen = _abc select (random ((count _abc)-1));
_arr = ['a','5','c','4','d','f','c','e','5','2','2','0','d','e','7','f','9','5','7','8','e','9','a','5','c','3','2','7','e','2','3'];
_randmax = {((round(random _randminval)) + (round(random _randmaxval))) max _randminval};
for '_i' from 0 to (call _randmax)do
{
_gen = _gen + str(round(random 9)) + (_arr select (random ((count _arr)-1)));
};
};
_gen = '';
while{_gen=='' || _gen in _allRandomGenVars}do{
call _fnc_actualGen;
};
_allRandomGenVars pushBack _gen;
_gen
}
07.02.2020 19:36:05: ----START-LINE----   (12-01-2020 22-45-36 - v0260)
07.02.2020 19:36:05: _adminbox: i1c958e6f024e5c326087
07.02.2020 19:36:05: _fnc_mpPackets: g923c797f793a9e95854c5c058225
07.02.2020 19:36:05: _FNC_AH_KICKLOG: z3e7e706a4d752d153e77807e479c490f2e79
07.02.2020 19:36:05: _FNC_AH_KICKLOGSPAWN: w4f594702737e93046c29681d3e32594e3a6e605d5c7952
07.02.2020 19:36:05: _FNC_PVAH_AdminReq: s824a5787858989457a258a6522152237
07.02.2020 19:36:05: _token_by_uid: h856245676f1c58237e3d2767527303
07.02.2020 19:36:05: _uid_by_token: k6e9f5e775a6e0505629e4d2e758435
07.02.2020 19:36:05: _server_setTokenR: y85856824227342984757851f834943586e075e1e356c
07.02.2020 19:36:05: _YourPlayerToken: i3f22326c6d474a1385556e2285526f753593
07.02.2020 19:36:05: _TokenCT: p927f629c52827429405c02826247952c3e6a5e852d87058c4e9f
07.02.2020 19:36:05: _AH_MAIN_BLOCK: r97238227251963691c52
07.02.2020 19:36:05: _AHKickOFF: e2c223e3e248e1595320e5e5a6752726d850c
07.02.2020 19:36:05: _AHKickLog: k8260822e13198a841748438f42274d6e0f8e70122029
07.02.2020 19:36:05: _clientdo: d8f748d325f7d60006250827c7d6323453c6578233c29
07.02.2020 19:36:05: _AH_RunCheckENDVAR: y5c8517681e952e723e3582550e4f0f3c4c392c5d1257796c
07.02.2020 19:36:05: _AH_RunCheckENDVAR_THREAD: q92690a03893035870732893c677e4445
07.02.2020 19:36:05: _AH_HackLogArrayRND: o35899e8282158a72988d3710992a695a85153c
07.02.2020 19:36:05: _AH_SurvLogArrayRND: t8f8d7e856e12252235655c797373237382
07.02.2020 19:36:05: _AH_AdmiLogArrayRND: o44995e8c546e53297c6714772342451f38
07.02.2020 19:36:05: _TMPBAN: o75756e3f4a2579195c746e2f700c
07.02.2020 19:36:05: _massMessage: u92371f9d4e7f4f332f984333772a
07.02.2020 19:36:05: _massSysMessage: o2c7344879e076795455567
07.02.2020 19:36:05: _AHpos: m4c80122e28175e574e8e5a4545
07.02.2020 19:36:05: _ninetwo: t7e321f6e383813477c5d1a3c8c27357e6d975c54
07.02.2020 19:36:05: _ninetwothread: m02129c687545842740404e0c55622e251f
07.02.2020 19:36:05: _adminsA: t9f6f74228732552d25076c92592967656e6c
07.02.2020 19:36:05: _MC: b47203f0c67323e15375f3c8e65078a7e151f993a5e1d0e75403d
07.02.2020 19:36:05: _MCS: o7e0750041269791972820c
07.02.2020 19:36:05: _checkidicheckcheck: w657c5c4c74653d5d8959095910555d5e
07.02.2020 19:36:05: _lastshotmade: h373e226072697c576f6217673a22923d295e78676e672047
07.02.2020 19:36:05: _dellocveh: f322e4c8c3c5a3a6c252f4c1202
07.02.2020 19:36:05: _inCombatTime: z2c173737178c184052509e7a7a4f333572
07.02.2020 19:36:05: _inCombatArray: r55395e6515478a935942
07.02.2020 19:36:05: _fnc_infiKeyHandler: r5e2c1792475f1f24386f42
07.02.2020 19:36:05: _vehicle_needs_check: r1f5014425d7a6e2f456e8748194f223e2f75056e05127282
07.02.2020 19:36:05: _MAKE_VAR_DUMP_RANDOM: z79173597142c5c47138f179e28
07.02.2020 19:36:05: _MAKE_VAR_DUMP_CLIENT: i7d3c6f338e2c978f9c8c
07.02.2020 19:36:05: _DUMPINGPLAYERUIDARRAY: c6e6e5a72552a69732365
07.02.2020 19:36:05: _CURRENTLYDUMPING: h2c453d3e7d59752d1267
07.02.2020 19:36:05: _antiantihack_rndvar: k4502325e28425d5c6e29
07.02.2020 19:36:05: _name_by_uid: y8f6527201d787e59355e828d578409555e5c8029928863
07.02.2020 19:36:05: _owner_by_uid: n32926f6f9e2e7e9d99271e
07.02.2020 19:36:05: _customcommandingMenu: m89121517127e727e798e6e5f6085635c
07.02.2020 19:36:05: _customcommandingMenuOpen: t52806e853e052c8a338a3f40354e2c1f592e189d
07.02.2020 19:36:05: _AH_KICKLOG: PVAHR_1i9r1h4d2u4k
07.02.2020 19:36:05: ----END-LINE----   (12-01-2020 22-45-36 - v0260)
07.02.2020 20:43:48: <infiSTAR.de> _fnc_RandomGen: {
_fnc_actualGen = {
_abc = ['z','y','x','w','v','u','t','s','r','q','p','o','n','m','l','k','j','i','h','g','f','e','d','c','b','a'];
_gen = _abc select (random ((count _abc)-1));
_arr = ['a','5','c','4','d','f','c','e','5','2','2','0','d','e','7','f','9','5','7','8','e','9','a','5','c','3','2','7','e','2','3'];
_randmax = {((round(random _randminval)) + (round(random _randmaxval))) max _randminval};
for '_i' from 0 to (call _randmax)do
{
_gen = _gen + str(round(random 9)) + (_arr select (random ((count _arr)-1)));
};
};
_gen = '';
while{_gen=='' || _gen in _allRandomGenVars}do{
call _fnc_actualGen;
};
_allRandomGenVars pushBack _gen;
_gen
}
07.02.2020 20:43:48: ----START-LINE----   (12-01-2020 22-45-36 - v0260)
07.02.2020 20:43:48: _adminbox: p6a6e853e37192d2e724f4f754257578a772a4d
07.02.2020 20:43:48: _fnc_mpPackets: a383f7267221c3c4d5e8d17545e497e5287
07.02.2020 20:43:48: _FNC_AH_KICKLOG: i1e37355c5e7e452c35473e751259
07.02.2020 20:43:48: _FNC_AH_KICKLOGSPAWN: t351a304e6477976d125832296e4e822562221a5704
07.02.2020 20:43:48: _FNC_PVAH_AdminReq: j2c59476a821c174e8a1f9c
07.02.2020 20:43:48: _token_by_uid: t8c8f577c3d856c402c82341542
07.02.2020 20:43:48: _uid_by_token: v528f001d15590a5d2f126745100f
07.02.2020 20:43:48: _server_setTokenR: k131c2f7743853878407e359c226f1e4c5059455c55636a155e6719
07.02.2020 20:43:48: _YourPlayerToken: d5c9a243c3d39453f6e6f65571442682c721e
07.02.2020 20:43:48: _TokenCT: g4e7d477c8e593f324c5e258c4e6e205d536732425a223955
07.02.2020 20:43:48: _AH_MAIN_BLOCK: j9c7e140c554508824c7c188e4e
07.02.2020 20:43:48: _AHKickOFF: o8277855919224a7a6583
07.02.2020 20:43:48: _AHKickLog: d880a7f0d7e877e47399a9e43708c7535784979
07.02.2020 20:43:48: _clientdo: y5c6542428713653c448565
07.02.2020 20:43:48: _AH_RunCheckENDVAR: r285a4c4242891c3e0e5e799e12871d30450e
07.02.2020 20:43:48: _AH_RunCheckENDVAR_THREAD: z6775586062223263526465245c2e6e42288545
07.02.2020 20:43:48: _AH_HackLogArrayRND: n28233d1432148e4c627d9c793820723e6f5872
07.02.2020 20:43:48: _AH_SurvLogArrayRND: k1f2e6c9a74756d9953944967090d4c4c
07.02.2020 20:43:48: _AH_AdmiLogArrayRND: l0e253a2e4387378213324d12557e7f
07.02.2020 20:43:48: _TMPBAN: k8254458e7c5c395525497d5d37397955794e576a951c1c52
07.02.2020 20:43:48: _massMessage: f3315598f1e7a33277007177e3275
07.02.2020 20:43:48: _massSysMessage: b6c947c8e927d527d2a8c68
07.02.2020 20:43:49: _AHpos: k628e1588821e3982791c57
07.02.2020 20:43:49: _ninetwo: j308e658e421a557f1245957263173f85390d328447122e
07.02.2020 20:43:49: _ninetwothread: s2c1e4e001f175d4e622f421a2e5c8e59
07.02.2020 20:43:49: _adminsA: m5a7287551e3d2765351d93652d055c38
07.02.2020 20:43:49: _MC: k972f6472348a9c17731d8e12851d308e
07.02.2020 20:43:49: _MCS: i45957f771075128f454f2967355c3c2e5a3a328d4f7e328c735c
07.02.2020 20:43:49: _checkidicheckcheck: q4d773d0c52175c95452285977f427d094a0f39682e1725
07.02.2020 20:43:49: _lastshotmade: i03255a6c679562853c4a891e6215
07.02.2020 20:43:49: <infiSTAR.de> _fnc_RandomGen: {
_fnc_actualGen = {
_abc = ['z','y','x','w','v','u','t','s','r','q','p','o','n','m','l','k','j','i','h','g','f','e','d','c','b','a'];
_gen = _abc select (random ((count _abc)-1));
_arr = ['a','5','c','4','d','f','c','e','5','2','2','0','d','e','7','f','9','5','7','8','e','9','a','5','c','3','2','7','e','2','3'];
_randmax = {((round(random _randminval)) + (round(random _randmaxval))) max _randminval};
for '_i' from 0 to (call _randmax)do
{
_gen = _gen + str(round(random 9)) + (_arr select (random ((count _arr)-1)));
};
};
_gen = '';
while{_gen=='' || _gen in _allRandomGenVars}do{
call _fnc_actualGen;
};
_allRandomGenVars pushBack _gen;
_gen
}
07.02.2020 20:43:49: ----START-LINE----   (12-01-2020 22-45-36 - v0260)
07.02.2020 20:43:49: _adminbox: p6a6e853e37192d2e724f4f754257578a772a4d
07.02.2020 20:43:49: _fnc_mpPackets: a383f7267221c3c4d5e8d17545e497e5287
07.02.2020 20:43:49: _FNC_AH_KICKLOG: i1e37355c5e7e452c35473e751259
07.02.2020 20:43:49: _FNC_AH_KICKLOGSPAWN: t351a304e6477976d125832296e4e822562221a5704
07.02.2020 20:43:49: _FNC_PVAH_AdminReq: j2c59476a821c174e8a1f9c
07.02.2020 20:43:49: _token_by_uid: t8c8f577c3d856c402c82341542
07.02.2020 20:43:49: _uid_by_token: v528f001d15590a5d2f126745100f
07.02.2020 20:43:49: _server_setTokenR: k131c2f7743853878407e359c226f1e4c5059455c55636a155e6719
07.02.2020 20:43:49: _YourPlayerToken: d5c9a243c3d39453f6e6f65571442682c721e
07.02.2020 20:43:49: _TokenCT: g4e7d477c8e593f324c5e258c4e6e205d536732425a223955
07.02.2020 20:43:49: _AH_MAIN_BLOCK: j9c7e140c554508824c7c188e4e
07.02.2020 20:43:49: _AHKickOFF: o8277855919224a7a6583
07.02.2020 20:43:49: _AHKickLog: d880a7f0d7e877e47399a9e43708c7535784979
07.02.2020 20:43:49: _clientdo: y5c6542428713653c448565
07.02.2020 20:43:49: _AH_RunCheckENDVAR: r285a4c4242891c3e0e5e799e12871d30450e
07.02.2020 20:43:49: _AH_RunCheckENDVAR_THREAD: z6775586062223263526465245c2e6e42288545
07.02.2020 20:43:49: _AH_HackLogArrayRND: n28233d1432148e4c627d9c793820723e6f5872
07.02.2020 20:43:49: _AH_SurvLogArrayRND: k1f2e6c9a74756d9953944967090d4c4c
07.02.2020 20:43:49: _AH_AdmiLogArrayRND: l0e253a2e4387378213324d12557e7f
07.02.2020 20:43:49: _TMPBAN: k8254458e7c5c395525497d5d37397955794e576a951c1c52
07.02.2020 20:43:49: _massMessage: f3315598f1e7a33277007177e3275
07.02.2020 20:43:49: _massSysMessage: b6c947c8e927d527d2a8c68
07.02.2020 20:43:49: _AHpos: k628e1588821e3982791c57
07.02.2020 20:43:49: _ninetwo: j308e658e421a557f1245957263173f85390d328447122e
07.02.2020 20:43:49: _ninetwothread: s2c1e4e001f175d4e622f421a2e5c8e59
07.02.2020 20:43:49: _adminsA: m5a7287551e3d2765351d93652d055c38
07.02.2020 20:43:49: _MC: k972f6472348a9c17731d8e12851d308e
07.02.2020 20:43:49: _MCS: i45957f771075128f454f2967355c3c2e5a3a328d4f7e328c735c
07.02.2020 20:43:49: _checkidicheckcheck: q4d773d0c52175c95452285977f427d094a0f39682e1725
07.02.2020 20:43:49: _lastshotmade: i03255a6c679562853c4a891e6215
07.02.2020 20:43:49: _dellocveh: b351e925f8d0c1e736263
07.02.2020 20:43:49: _inCombatTime: x6d1469543e7932121e58776455825d43148d88
07.02.2020 20:43:49: _inCombatArray: d2f385f326f50659f858e
07.02.2020 20:43:49: _fnc_infiKeyHandler: s5c8975439e4289553519198c7d522028190c123e439565620c
07.02.2020 20:43:49: _vehicle_needs_check: s4777005265258e226e54606f371c358a1d693f653c88223d1c693562
07.02.2020 20:43:49: _MAKE_VAR_DUMP_RANDOM: o7572823c25853c371517355d5e
07.02.2020 20:43:49: _MAKE_VAR_DUMP_CLIENT: o4a75390c8517672927592e896514527c883c1d2215252c
07.02.2020 20:43:49: _DUMPINGPLAYERUIDARRAY: y1e8f927c3c529c27145378054e15552e320c4759932f7f93
07.02.2020 20:43:49: _CURRENTLYDUMPING: m603e4a9d7252387e3e3e53138a62355c
07.02.2020 20:43:49: _antiantihack_rndvar: s55436e6072155e12221d3e17475c450e321c697f791814
07.02.2020 20:43:49: _name_by_uid: m47752d1d8d1e906c28679c4997
07.02.2020 20:43:49: _owner_by_uid: r4e0e1354005a526c17474e47
07.02.2020 20:43:49: _customcommandingMenu: k9c829f1c655d5e329007
07.02.2020 20:43:49: _customcommandingMenuOpen: p904e1c77573243251e253e
07.02.2020 20:43:49: _AH_KICKLOG: PVAHR_5t3t8l7d7o
07.02.2020 20:43:49: ----END-LINE----   (12-01-2020 22-45-36 - v0260)
