07.02.2020 00:08:49: infiSTAR_PlayerConnected_id: 1
07.02.2020 00:08:49: infiSTAR_PlayerDisconnected_id: 0
07.02.2020 02:10:06: infiSTAR_PlayerConnected_id: 1
07.02.2020 02:10:06: infiSTAR_PlayerDisconnected_id: 0
07.02.2020 02:15:26: 0h 6min | Connected: Donnie Turbo(76561198041233395 - 4) - time: 322.261 - serverFPS: 45.977
07.02.2020 02:18:04: 0h 9min | Connected: AL "BIG AL" GAMBINO(76561198361509989 - 6) - time: 479.932 - serverFPS: 46.3768
07.02.2020 02:18:06: 0h 9min | Disconnected: AL "BIG AL" GAMBINO(76561198361509989 - 6) - time: 481.958 - serverFPS: 33.543
07.02.2020 02:22:11: 0h 13min | Connected: AL "BIG AL" GAMBINO(76561198361509989 - 7) - time: 727.325 - serverFPS: 46.9208
07.02.2020 02:23:49: 0h 15min | Disconnected: AL "BIG AL" GAMBINO(76561198361509989 - 7) - time: 824.617 - serverFPS: 45.8453
07.02.2020 02:41:02: 0h 32min | Connected: Joe Montana(76561198368248470 - 8) - time: 1857.22 - serverFPS: 45.977
07.02.2020 02:55:08: 0h 46min | Connected: AL "BIG AL" GAMBINO(76561198361509989 - 9) - time: 2702.32 - serverFPS: 46.7836
07.02.2020 03:09:14: 1h 0min | Connected: John Anderson(76561198180893505 - 12) - time: 3547.78 - serverFPS: 46.5116
07.02.2020 03:13:46: 1h 5min | Connected: luke(76561198264871362 - 13) - time: 3819.72 - serverFPS: 45.584
07.02.2020 03:15:50: 1h 7min | Disconnected: luke(76561198264871362 - 13) - time: 3943.26 - serverFPS: 45.3258
07.02.2020 03:21:10: 1h 12min | Connected: luke(76561198264871362 - 14) - time: 4263.24 - serverFPS: 45.8453
07.02.2020 03:28:13: 1h 19min | Disconnected: John Anderson(76561198180893505 - 12) - time: 4685.37 - serverFPS: 45.3258
07.02.2020 03:31:27: 1h 23min | Connected: John Anderson(76561198180893505 - 15) - time: 4879.88 - serverFPS: 45.7143
07.02.2020 03:34:01: 1h 25min | Disconnected: AL "BIG AL" GAMBINO(76561198361509989 - 9) - time: 5033.65 - serverFPS: 46.2428
07.02.2020 03:38:46: 1h 30min | Connected: Nino Marino(76561198206026112 - 16) - time: 5317.83 - serverFPS: 45.7143
07.02.2020 03:47:21: 1h 38min | Connected: Chris(76561198092965556 - 17) - time: 5832.38 - serverFPS: 46.2428
07.02.2020 03:51:42: 1h 43min | Disconnected: Chris(76561198092965556 - 17) - time: 6093.73 - serverFPS: 45.977
07.02.2020 03:55:46: 1h 47min | Disconnected: Donnie Turbo(76561198041233395 - 4) - time: 6337.32 - serverFPS: 45.7143
07.02.2020 04:01:18: 1h 52min | Connected: Wyclef(76561198038112694 - 19) - time: 6669.67 - serverFPS: 45.3258
07.02.2020 04:11:12: 2h 2min | Disconnected: Joe Montana(76561198368248470 - 8) - time: 7262.96 - serverFPS: 46.3768
07.02.2020 04:19:37: 2h 11min | Connected: Doug Dimmadont(76561198083728776 - 21) - time: 7767.48 - serverFPS: 46.2428
07.02.2020 04:20:03: 2h 11min | Connected: Dan Dimmadont(76561198860031547 - 20) - time: 7793.11 - serverFPS: 45.8453
07.02.2020 04:35:28: 2h 27min | Connected: AL "BIG AL" GAMBINO(76561198361509989 - 22) - time: 8718.34 - serverFPS: 46.1095
07.02.2020 04:44:46: 2h 36min | Disconnected: AL "BIG AL" GAMBINO(76561198361509989 - 22) - time: 9274.47 - serverFPS: 45.7143
07.02.2020 04:53:34: 2h 45min | Disconnected: Nino Marino(76561198206026112 - 16) - time: 9802.42 - serverFPS: 45.977
07.02.2020 04:59:13: 2h 50min | Disconnected: Wyclef(76561198038112694 - 19) - time: 10141.4 - serverFPS: 46.6472
07.02.2020 04:59:38: 2h 51min | Disconnected: Dan Dimmadont(76561198860031547 - 20) - time: 10166.2 - serverFPS: 46.9208
07.02.2020 04:59:54: 2h 51min | Connected: Dan Dimmadont(76561198860031547 - 20) - time: 10182.6 - serverFPS: 45.584
07.02.2020 05:02:18: infiSTAR_PlayerConnected_id: 1
07.02.2020 05:02:18: infiSTAR_PlayerDisconnected_id: 0
07.02.2020 05:05:14: 0h 4min | Connected: Boyevik Butch-Mac Volkev(76561198089960350 - 4) - time: 176.071 - serverFPS: 45.977
07.02.2020 05:08:23: 0h 7min | Connected: Melvin Bush(76561198083728776 - 6) - time: 364.328 - serverFPS: 45.977
07.02.2020 05:08:44: 0h 8min | Connected: Jeb Bush (76561198860031547 - 5) - time: 385.329 - serverFPS: 46.3768
07.02.2020 05:12:12: 0h 11min | Connected: AL "BIG AL" GAMBINO(76561198361509989 - 9) - time: 592.179 - serverFPS: 45.4545
07.02.2020 05:13:53: 0h 13min | Connected: John Anderson(76561198180893505 - 8) - time: 693.079 - serverFPS: 45.8453
07.02.2020 05:15:21: 0h 14min | Disconnected: Jeb Bush (76561198860031547 - 5) - time: 780.623 - serverFPS: 46.2428
07.02.2020 05:15:34: 0h 14min | Connected: Gatsby(76561198038112694 - 10) - time: 793.788 - serverFPS: 45.7143
07.02.2020 05:19:46: 0h 19min | Connected: Jeb Bush (76561198860031547 - 11) - time: 1045.72 - serverFPS: 45.4545
07.02.2020 05:36:58: infiSTAR_PlayerConnected_id: 1
07.02.2020 05:36:58: infiSTAR_PlayerDisconnected_id: 0
07.02.2020 05:40:47: 0h 5min | Connected: Melvin Bush(76561198083728776 - 5) - time: 232.656 - serverFPS: 45.4545
07.02.2020 05:41:52: 0h 6min | Connected: Boyevik Butch-Mac Volkev(76561198089960350 - 4) - time: 296.94 - serverFPS: 46.1095
07.02.2020 05:45:14: 0h 9min | Disconnected: Boyevik Butch-Mac Volkev(76561198089960350 - 4) - time: 498.52 - serverFPS: 45.977
07.02.2020 05:45:35: 0h 10min | Connected: John Anderson(76561198180893505 - 6) - time: 519.881 - serverFPS: 45.8453
07.02.2020 05:53:21: infiSTAR_PlayerConnected_id: 1
07.02.2020 05:53:21: infiSTAR_PlayerDisconnected_id: 0
07.02.2020 05:55:38: 0h 3min | Connected: Melvin Bush(76561198083728776 - 4) - time: 140.95 - serverFPS: 46.2428
07.02.2020 06:09:28: 0h 17min | Connected: Jbo Marino[201](76561198206026112 - 5) - time: 969.308 - serverFPS: 46.1095
07.02.2020 06:10:13: 0h 18min | Disconnected: Melvin Bush(76561198083728776 - 4) - time: 1013.93 - serverFPS: 46.2428
07.02.2020 06:10:47: 0h 19min | Connected: Melvin Bush(76561198083728776 - 4) - time: 1048.21 - serverFPS: 45.3258
07.02.2020 06:11:16: 0h 19min | Disconnected: Jbo Marino[201](76561198206026112 - 5) - time: 1077.69 - serverFPS: 46.2428
07.02.2020 06:12:06: 0h 20min | Disconnected: Melvin Bush(76561198083728776 - 4) - time: 1127.2 - serverFPS: 45.977
07.02.2020 06:12:15: 0h 20min | Connected: Melvin Bush(76561198083728776 - 4) - time: 1136.25 - serverFPS: 46.1095
07.02.2020 06:14:22: 0h 22min | Disconnected: Melvin Bush(76561198083728776 - 4) - time: 1263.53 - serverFPS: 46.1095
07.02.2020 06:22:11: 0h 30min | Connected: Melvin Bush(76561198083728776 - 7) - time: 1732.53 - serverFPS: 46.3768
07.02.2020 06:22:34: 0h 30min | Connected: Nino Marino(76561198206026112 - 6) - time: 1755.04 - serverFPS: 46.3768
07.02.2020 07:00:37: 1h 8min | Connected: John Anderson(76561198180893505 - 8) - time: 4038.01 - serverFPS: 46.6472
07.02.2020 07:13:17: 1h 21min | Disconnected: John Anderson(76561198180893505 - 8) - time: 4797.08 - serverFPS: 45.7143
07.02.2020 07:13:28: 1h 21min | Connected: John Anderson(76561198180893505 - 8) - time: 4808.7 - serverFPS: 45.584
07.02.2020 07:19:48: infiSTAR_PlayerConnected_id: 1
07.02.2020 07:19:48: infiSTAR_PlayerDisconnected_id: 0
07.02.2020 07:21:38: 0h 3min | Connected: Melvin Bush(76561198083728776 - 4) - time: 113.335 - serverFPS: 45.8453
07.02.2020 07:27:39: 0h 9min | Connected: Boyevik Butch-Mac Volkev(76561198089960350 - 5) - time: 473.016 - serverFPS: 45.7143
07.02.2020 07:29:26: 0h 11min | Connected: John Anderson(76561198180893505 - 7) - time: 579.818 - serverFPS: 46.3768
07.02.2020 07:30:07: 0h 11min | Connected: Nino Marino(76561198206026112 - 6) - time: 621.217 - serverFPS: 46.2428
07.02.2020 07:35:22: 0h 17min | Connected: Gatsby(76561198038112694 - 8) - time: 935.758 - serverFPS: 45.977
07.02.2020 07:37:27: 0h 19min | Disconnected: John Anderson(76561198180893505 - 7) - time: 1059.8 - serverFPS: 45.4545
07.02.2020 07:39:33: 0h 21min | Connected: John Anderson(76561198180893505 - 9) - time: 1186.31 - serverFPS: 45.1977
07.02.2020 07:41:34: 0h 23min | Disconnected: Melvin Bush(76561198083728776 - 4) - time: 1306.27 - serverFPS: 45.584
07.02.2020 07:41:50: 0h 23min | Connected: Melvin Bush(76561198083728776 - 4) - time: 1322.22 - serverFPS: 46.3768
07.02.2020 07:42:09: 0h 23min | Connected: Prescott Bush (76561198860031547 - 10) - time: 1340.9 - serverFPS: 45.7143
07.02.2020 07:50:30: 0h 32min | Disconnected: Melvin Bush(76561198083728776 - 4) - time: 1842.02 - serverFPS: 45.584
07.02.2020 07:52:22: 0h 34min | Connected: Melvin Bush(76561198083728776 - 11) - time: 1953.29 - serverFPS: 45.4545
07.02.2020 08:19:45: 1h 1min | Disconnected: Prescott Bush (76561198860031547 - 10) - time: 3596.17 - serverFPS: 45.977
07.02.2020 08:19:48: 1h 1min | Disconnected: Melvin Bush(76561198083728776 - 11) - time: 3598.49 - serverFPS: 45.1977
07.02.2020 08:21:13: 1h 3min | Disconnected: John Anderson(76561198180893505 - 9) - time: 3683.9 - serverFPS: 45.584
07.02.2020 08:21:50: 1h 3min | Connected: John Anderson(76561198180893505 - 9) - time: 3720.09 - serverFPS: 45.7143
07.02.2020 08:24:16: 1h 6min | Disconnected: Boyevik Butch-Mac Volkev(76561198089960350 - 5) - time: 3866.66 - serverFPS: 46.1095
07.02.2020 08:24:39: 1h 6min | Connected: Boyevik Butch-Mac Volkev(76561198089960350 - 5) - time: 3888.82 - serverFPS: 45.4545
07.02.2020 08:27:45: 1h 9min | Disconnected: Gatsby(76561198038112694 - 8) - time: 4074.97 - serverFPS: 46.5116
07.02.2020 08:28:45: 1h 10min | Disconnected: Boyevik Butch-Mac Volkev(76561198089960350 - 5) - time: 4135.65 - serverFPS: 45.4545
07.02.2020 08:31:19: infiSTAR_PlayerConnected_id: 1
07.02.2020 08:31:19: infiSTAR_PlayerDisconnected_id: 0
07.02.2020 08:41:47: 0h 12min | Connected: John Anderson(76561198180893505 - 4) - time: 630.673 - serverFPS: 46.1095
07.02.2020 09:21:49: 0h 52min | Connected: Nino Marino(76561198206026112 - 5) - time: 3031.75 - serverFPS: 45.977
07.02.2020 09:52:30: 1h 22min | Disconnected: Nino Marino(76561198206026112 - 5) - time: 4872.38 - serverFPS: 46.1095
07.02.2020 10:11:59: 1h 42min | Disconnected: John Anderson(76561198180893505 - 4) - time: 6041.18 - serverFPS: 45.4545
07.02.2020 11:40:48: infiSTAR_PlayerConnected_id: 1
07.02.2020 11:40:48: infiSTAR_PlayerDisconnected_id: 0
07.02.2020 11:43:07: 0h 3min | Connected: Boyevik Butch-Mac Volkev(76561198089960350 - 4) - time: 142.032 - serverFPS: 46.2428
07.02.2020 11:53:17: infiSTAR_PlayerConnected_id: 1
07.02.2020 11:53:17: infiSTAR_PlayerDisconnected_id: 0
07.02.2020 11:54:43: 0h 3min | Connected: Boyevik Butch-Mac Volkev(76561198089960350 - 4) - time: 88.864 - serverFPS: 48.048
07.02.2020 12:00:29: 0h 8min | Disconnected: Boyevik Butch-Mac Volkev(76561198089960350 - 4) - time: 435.196 - serverFPS: 47.3373
07.02.2020 13:24:58: infiSTAR_PlayerConnected_id: 1
07.02.2020 13:24:58: infiSTAR_PlayerDisconnected_id: 0
07.02.2020 13:34:02: 0h 10min | Connected: Boyevik Butch-Mac Volkev(76561198089960350 - 4) - time: 545.742 - serverFPS: 45.8453
07.02.2020 13:47:21: infiSTAR_PlayerConnected_id: 1
07.02.2020 13:47:21: infiSTAR_PlayerDisconnected_id: 0
07.02.2020 14:23:03: infiSTAR_PlayerConnected_id: 1
07.02.2020 14:23:03: infiSTAR_PlayerDisconnected_id: 0
07.02.2020 16:05:41: 1h 44min | Connected: AL "BIG AL" GAMBINO(76561198361509989 - 4) - time: 6161.78 - serverFPS: 45.4545
07.02.2020 17:22:45: 3h 1min | Disconnected: AL "BIG AL" GAMBINO(76561198361509989 - 4) - time: 10784.7 - serverFPS: 45.4545
07.02.2020 18:57:38: 4h 36min | Connected: Melvin Bush(76561198083728776 - 5) - time: 16477.1 - serverFPS: 45.8453
07.02.2020 19:25:57: 5h 4min | Disconnected: Melvin Bush(76561198083728776 - 5) - time: 18175.6 - serverFPS: 47.0588
07.02.2020 19:26:10: 5h 4min | Connected: Melvin Bush(76561198083728776 - 5) - time: 18189 - serverFPS: 45.3258
07.02.2020 19:36:05: infiSTAR_PlayerConnected_id: 1
07.02.2020 19:36:05: infiSTAR_PlayerDisconnected_id: 0
07.02.2020 19:38:25: 0h 3min | Connected: Melvin Bush(76561198083728776 - 4) - time: 142.698 - serverFPS: 45.7143
07.02.2020 19:48:38: 0h 14min | Disconnected: Melvin Bush(76561198083728776 - 4) - time: 754.127 - serverFPS: 45.8453
07.02.2020 19:48:50: 0h 14min | Connected: Melvin Bush(76561198083728776 - 4) - time: 766.083 - serverFPS: 46.1095
07.02.2020 19:49:53: 0h 15min | Connected: Gatsby(76561198038112694 - 5) - time: 828.638 - serverFPS: 45.584
07.02.2020 19:53:00: 0h 18min | Disconnected: Gatsby(76561198038112694 - 5) - time: 1015.75 - serverFPS: 45.7143
07.02.2020 19:55:45: 0h 21min | Disconnected: Melvin Bush(76561198083728776 - 4) - time: 1180.11 - serverFPS: 46.2428
07.02.2020 20:43:49: infiSTAR_PlayerConnected_id: 1
07.02.2020 20:43:49: infiSTAR_PlayerDisconnected_id: 0
07.02.2020 21:06:09: 0h 23min | Connected: AL "BIG AL" GAMBINO(76561198361509989 - 4) - time: 1343.09 - serverFPS: 45.977
07.02.2020 21:21:06: 0h 38min | Connected: Joe Montana(76561198368248470 - 5) - time: 2239.75 - serverFPS: 46.5116
07.02.2020 22:02:48: 1h 20min | Connected: Donnie Turbo(76561198041233395 - 7) - time: 4740.7 - serverFPS: 45.3258
07.02.2020 22:03:12: 1h 20min | Disconnected: Donnie Turbo(76561198041233395 - 7) - time: 4764.05 - serverFPS: 45.7143
07.02.2020 22:03:27: 1h 21min | Connected: John Anderson(76561198180893505 - 6) - time: 4779.24 - serverFPS: 45.8453
07.02.2020 22:03:28: 1h 21min | Connected: Donnie Turbo(76561198041233395 - 7) - time: 4780.1 - serverFPS: 45.1977
07.02.2020 22:05:39: 1h 23min | Disconnected: Donnie Turbo(76561198041233395 - 7) - time: 4910.99 - serverFPS: 45.4545
07.02.2020 22:07:55: 1h 25min | Connected: Donnie Turbo(76561198041233395 - 9) - time: 5046.95 - serverFPS: 45.1977
07.02.2020 22:08:40: 1h 26min | Connected: Nino Marino(76561198206026112 - 8) - time: 5091.95 - serverFPS: 45.3258
07.02.2020 22:23:56: 1h 41min | Disconnected: Nino Marino(76561198206026112 - 8) - time: 6007.68 - serverFPS: 46.9208
07.02.2020 22:29:06: 1h 46min | Disconnected: Donnie Turbo(76561198041233395 - 9) - time: 6316.94 - serverFPS: 46.9208
07.02.2020 22:32:33: 1h 50min | Connected: Donnie Turbo(76561198041233395 - 11) - time: 6524.14 - serverFPS: 45.3258
07.02.2020 22:32:36: 1h 50min | Connected: Nino Marino(76561198206026112 - 10) - time: 6527 - serverFPS: 45.584
07.02.2020 22:38:43: 1h 56min | Connected: HoyoBani(76561198105940600 - 12) - time: 6893.59 - serverFPS: 45.584
07.02.2020 22:41:20: 1h 59min | Disconnected: Donnie Turbo(76561198041233395 - 11) - time: 7050.86 - serverFPS: 45.977
07.02.2020 22:43:37: 2h 1min | Connected: Gatsby(76561198038112694 - 13) - time: 7187.07 - serverFPS: 45.3258
07.02.2020 22:43:45: 2h 1min | Connected: Donnie Turbo(76561198041233395 - 14) - time: 7194.77 - serverFPS: 45.8453
07.02.2020 23:03:13: 2h 21min | Disconnected: Donnie Turbo(76561198041233395 - 14) - time: 8362.67 - serverFPS: 46.2428
07.02.2020 23:08:42: 2h 26min | Disconnected: HoyoBani(76561198105940600 - 12) - time: 8690.7 - serverFPS: 45.1977
07.02.2020 23:08:54: 2h 26min | Connected: HoyoBani(76561198105940600 - 12) - time: 8702.58 - serverFPS: 46.2428
07.02.2020 23:12:50: 2h 30min | Connected: Donnie Turbo(76561198041233395 - 16) - time: 8939.16 - serverFPS: 46.7836
07.02.2020 23:29:25: 2h 47min | Connected: [1k-12] J. Shepard(76561198043298972 - 18) - time: 9933.21 - serverFPS: 45.3258
07.02.2020 23:39:32: 2h 57min | Connected: luke(76561198264871362 - 21) - time: 10538.3 - serverFPS: 45.4545
07.02.2020 23:41:50: 2h 59min | Disconnected: luke(76561198264871362 - 21) - time: 10675.9 - serverFPS: 45.584
07.02.2020 23:45:14: 3h 3min | Connected: luke(76561198264871362 - 22) - time: 10879.2 - serverFPS: 46.1095
07.02.2020 23:46:41: 3h 4min | Connected: Boyevik Butch-Mac Volkev(76561198089960350 - 23) - time: 10966.8 - serverFPS: 45.584
07.02.2020 23:47:22: 3h 5min | Disconnected: luke(76561198264871362 - 22) - time: 11007.3 - serverFPS: 46.1095
07.02.2020 23:48:35: 3h 6min | Disconnected: Boyevik Butch-Mac Volkev(76561198089960350 - 23) - time: 11080 - serverFPS: 35.7143
07.02.2020 23:56:06: 3h 13min | Connected: luke(76561198264871362 - 24) - time: 11531.1 - serverFPS: 46.2428
07.02.2020 23:56:41: 3h 14min | Disconnected: John Anderson(76561198180893505 - 6) - time: 11565.9 - serverFPS: 36.1174
07.02.2020 23:59:46: 3h 17min | Connected: Radzig Kobyla(76561198089960350 - 26) - time: 11750.8 - serverFPS: 45.977
