21.01.2020 00:45:16: 1h 35min | Connected: Donnie Turbo(76561198041233395 - 6) - time: 5610.83 - serverFPS: 46.3768
21.01.2020 01:22:21: 2h 12min | Connected: Stanley Thompson [1K-75](76561198180893505 - 7) - time: 7835.04 - serverFPS: 45.4545
21.01.2020 01:22:47: 2h 12min | Disconnected: Stanley Thompson [1K-75](76561198180893505 - 7) - time: 7860.55 - serverFPS: 45.584
21.01.2020 01:23:07: 2h 12min | Connected: Stanley Thompson [1K-75](76561198180893505 - 7) - time: 7880.27 - serverFPS: 45.8453
21.01.2020 01:23:26: 2h 13min | Disconnected: Stanley Thompson [1K-75](76561198180893505 - 7) - time: 7899.14 - serverFPS: 45.3258
21.01.2020 01:23:39: 2h 13min | Connected: Stanley Thompson [1K-75](76561198180893505 - 7) - time: 7912.05 - serverFPS: 45.7143
21.01.2020 01:55:26: 2h 45min | Disconnected: Stanley Thompson [1K-75](76561198180893505 - 7) - time: 9818.54 - serverFPS: 46.5116
21.01.2020 02:00:14: 2h 50min | Connected: Stanley Thompson [1K-75](76561198180893505 - 8) - time: 10106.7 - serverFPS: 45.0704
21.01.2020 02:28:30: 3h 18min | Connected: Davey Jones(76561198166473448 - 11) - time: 11802.3 - serverFPS: 45.7143
21.01.2020 02:28:52: 3h 18min | Disconnected: Donnie Turbo(76561198041233395 - 6) - time: 11823.4 - serverFPS: 45.8453
21.01.2020 02:34:51: 3h 24min | Disconnected: Davey Jones(76561198166473448 - 11) - time: 12182.8 - serverFPS: 45.7143
21.01.2020 02:37:11: 3h 27min | Connected: Donnie Turbo(76561198041233395 - 6) - time: 12322.8 - serverFPS: 46.1095
21.01.2020 03:09:23: 3h 59min | Connected: luke(76561198264871362 - 12) - time: 14253.5 - serverFPS: 45.7143
21.01.2020 03:55:12: 4h 45min | Disconnected: luke(76561198264871362 - 12) - time: 17001.9 - serverFPS: 45.8453
21.01.2020 03:55:51: 4h 45min | Connected: luke(76561198264871362 - 12) - time: 17041.7 - serverFPS: 46.7836
21.01.2020 04:12:44: 5h 2min | Connected: Eriden Parker(76561198054085448 - 13) - time: 18053.6 - serverFPS: 45.8453
21.01.2020 04:50:06: 5h 39min | Disconnected: luke(76561198264871362 - 12) - time: 20295.5 - serverFPS: 46.6472
21.01.2020 04:54:55: 5h 44min | Disconnected: Donnie Turbo(76561198041233395 - 6) - time: 20584.5 - serverFPS: 46.1095
21.01.2020 04:57:23: 5h 47min | Disconnected: Stanley Thompson [1K-75](76561198180893505 - 8) - time: 20732.9 - serverFPS: 45.584
21.01.2020 04:57:43: 5h 47min | Disconnected: Nino Marino(76561198206026112 - 4) - time: 20753.1 - serverFPS: 45.977
21.01.2020 05:48:50: 6h 38min | Disconnected: Eriden Parker(76561198054085448 - 13) - time: 23819.4 - serverFPS: 45.1977
21.01.2020 06:05:44: 6h 55min | Connected: Alexander.Rios(76561198037915534 - 14) - time: 24833.3 - serverFPS: 46.1095
21.01.2020 06:11:29: 7h 1min | Disconnected: Alexander.Rios(76561198037915534 - 14) - time: 25178.5 - serverFPS: 45.584
21.01.2020 06:11:45: 7h 1min | Connected: Alexander.Rios(76561198037915534 - 14) - time: 25194.2 - serverFPS: 45.584
21.01.2020 06:14:44: 7h 4min | Disconnected: Alexander.Rios(76561198037915534 - 14) - time: 25373.2 - serverFPS: 45.4545
21.01.2020 06:14:58: 7h 4min | Connected: Alexander.Rios(76561198037915534 - 14) - time: 25386.8 - serverFPS: 46.7836
21.01.2020 06:16:33: 7h 6min | Disconnected: Alexander.Rios(76561198037915534 - 14) - time: 25481.5 - serverFPS: 44.3213
21.01.2020 06:19:30: 7h 9min | Connected: Alexander.Rios(76561198037915534 - 15) - time: 25659.3 - serverFPS: 45.584
21.01.2020 06:21:13: 7h 11min | Disconnected: Alexander.Rios(76561198037915534 - 15) - time: 25761.6 - serverFPS: 43.1267
21.01.2020 06:28:45: 7h 18min | Connected: Alexander.Rios(76561198037915534 - 16) - time: 26213.6 - serverFPS: 45.3258
21.01.2020 07:38:48: 8h 28min | Disconnected: Alexander.Rios(76561198037915534 - 16) - time: 30416.2 - serverFPS: 46.6472
21.01.2020 07:59:07: infiSTAR_PlayerConnected_id: 1
21.01.2020 07:59:07: infiSTAR_PlayerDisconnected_id: 0
21.01.2020 08:00:41: 0h 3min | Connected: HoyoBani(76561198105940600 - 4) - time: 97.436 - serverFPS: 45.4545
21.01.2020 08:07:22: 0h 9min | Disconnected: HoyoBani(76561198105940600 - 4) - time: 498.355 - serverFPS: 45.7143
21.01.2020 15:43:08: 7h 45min | Connected: Eriden Parker(76561198054085448 - 5) - time: 27845 - serverFPS: 45.3258
21.01.2020 16:18:30: 8h 21min | Disconnected: Eriden Parker(76561198054085448 - 5) - time: 29966.3 - serverFPS: 45.8453
21.01.2020 22:44:05: 14h 46min | Connected: Alexander.Rios(76561198037915534 - 6) - time: 53101.4 - serverFPS: 46.6472
