20.01.2020 00:10:33: 3h 59min | Donnie Turbo(76561198041233395) | HealRepairNear
20.01.2020 00:10:33: 3h 59min | Donnie Turbo(76561198041233395) | HealRepairNear
20.01.2020 00:13:03: 4h 1min | Donnie Turbo(76561198041233395) | HealRepairNear
20.01.2020 00:13:04: 4h 1min | Donnie Turbo(76561198041233395) | HealRepairNear
20.01.2020 00:38:26: 4h 27min | Donnie Turbo(76561198041233395) | Teleport to [4821.19,4172.55,0](GPS: 048011)
20.01.2020 00:52:40: 4h 41min | Donnie Turbo(76561198041233395) | Teleport to [3908.86,5025.22,0](GPS: 039019)
20.01.2020 01:14:33: 5h 3min | [1k-40] Jose Santana(76561198206026112) | SPECTATE - switchedCamera on Rogue Tjay(76561198883479728) - d3s_taurus_FPI_10
20.01.2020 01:29:50: 5h 18min | Donnie Turbo(76561198041233395) | HealRepairNear
20.01.2020 01:29:54: 5h 18min | Donnie Turbo(76561198041233395) | HealRepairNear
20.01.2020 01:29:57: 5h 18min | Donnie Turbo(76561198041233395) | HealRepairNear
20.01.2020 01:30:00: 5h 18min | Donnie Turbo(76561198041233395) | HealRepairNear
20.01.2020 01:41:48: 5h 30min | Donnie Turbo(76561198041233395) | Deleting GroundWeaponHolder @034999..
20.01.2020 01:51:21: 5h 40min | [1k-40] Jose Santana(76561198206026112) | Revive - cop_1(76561198206026112)
20.01.2020 01:51:28: 5h 40min | Donnie Turbo(76561198041233395) | Revive - medic_3(76561198041233395)
20.01.2020 01:52:46: 5h 41min | [1k-40] Jose Santana(76561198206026112) | Revive - civ_4(76561198264871362)
20.01.2020 01:53:07: 5h 41min | [1k-40] Jose Santana(76561198206026112) | SPECTATE - switchedCamera on luke(76561198264871362) - C_man_1
20.01.2020 01:54:42: 5h 43min | Donnie Turbo(76561198041233395) | UnlimAmmo - 0
20.01.2020 01:54:45: 5h 43min | Donnie Turbo(76561198041233395) | UnlimAmmo - 1
20.01.2020 02:18:20: 6h 7min | Donnie Turbo(76561198041233395) | Teleport to [3740.12,3311.26,0](GPS: 037002)
20.01.2020 02:19:35: 6h 8min | Donnie Turbo(76561198041233395) | Revive - medic_1(76561198180893505)
20.01.2020 02:21:18: 6h 10min | [1k-40] Jose Santana(76561198206026112) | Added 1 defibrillators to [1k-40] Jose Santana!
20.01.2020 02:21:21: 6h 10min | [1k-40] Jose Santana(76561198206026112) | Added 1 toolkits to [1k-40] Jose Santana!
20.01.2020 02:22:11: 6h 10min | [1k-40] Jose Santana(76561198206026112) | Revive - cop_2(76561198264871362)
20.01.2020 02:25:55: 6h 14min | Donnie Turbo(76561198041233395) | Deleting C_IDAP_Van_02_medevac_F @035999..
20.01.2020 02:30:26: 6h 19min | [1k-40] Jose Santana(76561198206026112) | Parachute Target - [1k-40] Jose Santana [WEST](76561198206026112)
20.01.2020 02:30:29: 6h 19min | Donnie Turbo(76561198041233395) | God Mode - 1
20.01.2020 02:31:01: 6h 19min | Donnie Turbo(76561198041233395) | God Mode - 0
20.01.2020 02:34:17: 6h 23min | [1k-40] Jose Santana(76561198206026112) | spawning RPG-42 Alamut (launch_RPG32_F)
20.01.2020 02:34:32: 6h 23min | [1k-40] Jose Santana(76561198206026112) | God Mode - 1
20.01.2020 02:34:37: 6h 23min | [1k-40] Jose Santana(76561198206026112) | God Mode - 0
20.01.2020 02:34:39: 6h 23min | [1k-40] Jose Santana(76561198206026112) | God Mode - 1
20.01.2020 02:34:44: 6h 23min | [1k-40] Jose Santana(76561198206026112) | Zeus Stanley Thompson [1K-75](76561198180893505) @035999
20.01.2020 02:34:44: 6h 23min | [1k-40] Jose Santana(76561198206026112) | Zeus - medic_1(76561198180893505)
20.01.2020 02:35:52: 6h 24min | Donnie Turbo(76561198041233395) | MineField (around target) [1k-40] Jose Santana(76561198206026112) @035000
20.01.2020 02:35:53: 6h 24min | Donnie Turbo(76561198041233395) | MineField (around target) - cop_1(76561198206026112)
20.01.2020 02:36:35: 6h 25min | [1k-40] Jose Santana(76561198206026112) | Deleting WeaponHolderSimulated @035000..
20.01.2020 02:36:38: 6h 25min | Donnie Turbo(76561198041233395) | Revive - medic_1(76561198180893505)
20.01.2020 02:36:54: 6h 25min | Donnie Turbo(76561198041233395) | Revive - medic_3(76561198041233395)
20.01.2020 02:36:59: 6h 25min | [1k-40] Jose Santana(76561198206026112) | Revive - medic_3(76561198041233395)
20.01.2020 02:37:08: 6h 25min | [1k-40] Jose Santana(76561198206026112) | Revive - medic_1(76561198180893505)
20.01.2020 02:37:56: 6h 26min | [1k-40] Jose Santana(76561198206026112) | Revive - medic_1(76561198180893505)
20.01.2020 02:38:01: 6h 26min | [1k-40] Jose Santana(76561198206026112) | Revive - medic_3(76561198041233395)
20.01.2020 02:38:53: 6h 27min | [1k-40] Jose Santana(76561198206026112) | Revive - medic_3(76561198041233395)
20.01.2020 02:38:58: 6h 27min | [1k-40] Jose Santana(76561198206026112) | Revive - medic_1(76561198180893505)
20.01.2020 02:39:20: 6h 28min | Donnie Turbo(76561198041233395) | Killing [1k-40] Jose Santana(76561198206026112) @035000
20.01.2020 02:39:20: 6h 28min | Donnie Turbo(76561198041233395) | Kill - cop_1(76561198206026112)
20.01.2020 02:39:35: 6h 28min | [1k-40] Jose Santana(76561198206026112) | Revive - cop_1(76561198206026112)
20.01.2020 02:40:32: 6h 29min | [1k-40] Jose Santana(76561198206026112) | Teleport to [3867.24,3243.98,0](GPS: 038001)
20.01.2020 02:40:38: 6h 29min | Donnie Turbo(76561198041233395) | Teleport - Target To Me - Stanley Thompson [1K-75] [CIV](76561198180893505)
20.01.2020 02:42:23: 6h 31min | Donnie Turbo(76561198041233395) | Deleting d3s_explorer_EMS_13 @035999..
20.01.2020 02:43:43: 6h 32min | Donnie Turbo(76561198041233395) | Deleting d3s_g500_18_EMS @035999..
20.01.2020 23:37:50: 0h 27min | Nino Marino(76561198206026112) | Teleport to [3409.55,4176.95,0](GPS: 034011)
20.01.2020 23:43:37: 0h 33min | Nino Marino(76561198206026112) | Teleport to [3530.08,3116.83,0](GPS: 035000)
20.01.2020 23:44:54: 0h 34min | Nino Marino(76561198206026112) | spawning Racing Helmet (Vrana) (H_RacingHelmet_4_F)
20.01.2020 23:46:15: 0h 36min | Nino Marino(76561198206026112) | spawning Tracksuit (Black) (U_O_R_Gorka_01_black_F)
20.01.2020 23:46:38: 0h 36min | Nino Marino(76561198206026112) | Deleting WeaponHolderSimulated @035000..
20.01.2020 23:47:47: 0h 37min | Nino Marino(76561198206026112) | spawning Casco de los pumas (casco_pumas)
20.01.2020 23:47:48: 0h 37min | Nino Marino(76561198206026112) | spawning Casco rojo con cuernos (casco_moto)
20.01.2020 23:48:50: 0h 38min | Nino Marino(76561198206026112) | spawning Driver Coverall (Redstone) (U_C_Driver_3)
20.01.2020 23:50:14: 0h 40min | Nino Marino(76561198206026112) | Deleting Land_Fancysidewalk_DED_Fancysidewalk_01_F @035000..
