29.01.2020 00:02:20: 5h 49min | Connected: Joe Montana(76561198368248470 - 41) - time: 20831.8 - serverFPS: 46.7836
29.01.2020 00:09:26: 5h 56min | Connected: Alexander.Rios(76561198037915534 - 42) - time: 21257.1 - serverFPS: 45.7143
29.01.2020 00:21:56: 6h 8min | Disconnected: Donnie Turbo(76561198041233395 - 38) - time: 22006.4 - serverFPS: 46.7836
29.01.2020 00:27:42: 6h 14min | Connected: Donnie Turbo(76561198041233395 - 43) - time: 22352.3 - serverFPS: 45.7143
29.01.2020 00:44:31: 6h 31min | Connected: Héctor "Lil Loco" Arturo(76561197999316388 - 44) - time: 23360.6 - serverFPS: 45.0704
29.01.2020 00:47:04: 6h 34min | Connected: Javier Escuella(76561198370210333 - 45) - time: 23513.5 - serverFPS: 45.4545
29.01.2020 00:53:22: 6h 40min | Disconnected: Harold Reginald(76561198355765034 - 34) - time: 23891.1 - serverFPS: 46.3768
29.01.2020 01:08:41: 6h 55min | Disconnected: Donnie Turbo(76561198041233395 - 43) - time: 24810.7 - serverFPS: 45.8453
29.01.2020 01:11:57: 6h 58min | Disconnected: Robert Kennedy(76561198083728776 - 30) - time: 25006 - serverFPS: 46.2428
29.01.2020 01:12:13: 6h 59min | Connected: Boyevik Butch-Mac Volkev(76561198089960350 - 46) - time: 25022.1 - serverFPS: 37.5587
29.01.2020 01:13:57: 7h 0min | Connected: Donnie Turbo(76561198041233395 - 47) - time: 25125.2 - serverFPS: 45.977
29.01.2020 01:16:54: 7h 3min | Disconnected: Eriden Parker(76561198054085448 - 32) - time: 25302.8 - serverFPS: 45.977
29.01.2020 01:17:07: 7h 4min | Connected: Harold Reginald(76561198355765034 - 48) - time: 25315.3 - serverFPS: 46.2428
29.01.2020 01:21:37: 7h 8min | Disconnected: Thomas Woods(76561198174871239 - 26) - time: 25585.1 - serverFPS: 45.8453
29.01.2020 01:28:19: 7h 15min | Disconnected: Harold Reginald(76561198355765034 - 48) - time: 25987.2 - serverFPS: 45.977
29.01.2020 01:28:46: 7h 15min | Disconnected: Nino Marino(76561198206026112 - 13) - time: 26014 - serverFPS: 46.6472
29.01.2020 01:56:01: infiSTAR_PlayerConnected_id: 1
29.01.2020 01:56:01: infiSTAR_PlayerDisconnected_id: 0
29.01.2020 01:59:15: 0h 4min | Connected: John Ross(76561198365314871 - 4) - time: 196.079 - serverFPS: 46.1095
29.01.2020 01:59:15: 0h 4min | Disconnected: John Ross(76561198365314871 - 4) - time: 196.223 - serverFPS: 39.4089
29.01.2020 01:59:40: 0h 5min | Connected: Kermit(76561198043298972 - 7) - time: 221.706 - serverFPS: 45.584
29.01.2020 02:00:32: 0h 6min | Connected: Boyevik Butch-Mac Volkev(76561198089960350 - 8) - time: 273.209 - serverFPS: 45.3258
29.01.2020 02:03:51: 0h 9min | Connected: Harold Reginald(76561198355765034 - 9) - time: 472.418 - serverFPS: 45.7143
29.01.2020 02:05:04: 0h 10min | Connected: Héctor "Lil Loco" Arturo(76561197999316388 - 11) - time: 544.394 - serverFPS: 45.977
29.01.2020 02:06:32: 0h 12min | Connected: Alexander.Rios(76561198037915534 - 14) - time: 632.874 - serverFPS: 45.4545
29.01.2020 02:16:37: 0h 22min | Connected: HoyoBani(76561198105940600 - 16) - time: 1237.17 - serverFPS: 47.1976
29.01.2020 02:31:17: 0h 36min | Connected: Javier Escuella(76561198370210333 - 17) - time: 2116.64 - serverFPS: 45.584
29.01.2020 02:37:28: 0h 43min | Disconnected: Javier Escuella(76561198370210333 - 17) - time: 2487.69 - serverFPS: 45.977
29.01.2020 02:38:58: 0h 44min | Connected: Nino Marino(76561198206026112 - 19) - time: 2576.4 - serverFPS: 45.7143
29.01.2020 02:39:26: 0h 44min | Connected: Javier Escuella(76561198370210333 - 20) - time: 2604.98 - serverFPS: 45.4545
29.01.2020 02:43:08: 0h 48min | Connected: John Anderson(76561198180893505 - 18) - time: 2827.07 - serverFPS: 45.584
29.01.2020 03:02:27: 1h 8min | Disconnected: Javier Escuella(76561198370210333 - 20) - time: 3987.41 - serverFPS: 46.7836
29.01.2020 03:06:03: 1h 11min | Connected: Javier Escuella(76561198370210333 - 21) - time: 4203.79 - serverFPS: 46.5116
29.01.2020 03:24:53: 1h 30min | Disconnected: Harold Reginald(76561198355765034 - 9) - time: 5332.96 - serverFPS: 45.7143
29.01.2020 03:26:40: 1h 32min | Connected: Robert Kennedy(76561198083728776 - 23) - time: 5439.94 - serverFPS: 46.2428
29.01.2020 03:34:44: 1h 40min | Connected: Harold Reginald(76561198355765034 - 24) - time: 5923.44 - serverFPS: 46.1095
29.01.2020 03:53:02: 1h 58min | Connected: Wyclef(76561198038112694 - 25) - time: 7020.96 - serverFPS: 45.4545
29.01.2020 04:05:19: 2h 10min | Connected: Rick Cheney(76561198860031547 - 26) - time: 7757.67 - serverFPS: 45.3258
29.01.2020 04:32:35: 2h 38min | Disconnected: Harold Reginald(76561198355765034 - 24) - time: 9392.79 - serverFPS: 45.7143
29.01.2020 04:35:48: 2h 41min | Disconnected: Nino Marino(76561198206026112 - 19) - time: 9584.96 - serverFPS: 45.584
29.01.2020 04:36:01: 2h 41min | Disconnected: John Anderson(76561198180893505 - 18) - time: 9598.44 - serverFPS: 46.1095
29.01.2020 04:36:57: 2h 42min | Connected: [1k-40] Jose Santana(76561198206026112 - 27) - time: 9654.06 - serverFPS: 46.3768
29.01.2020 04:38:13: 2h 43min | Connected: Zander Marino(76561198180893505 - 28) - time: 9730.21 - serverFPS: 45.8453
29.01.2020 04:41:33: 2h 47min | Connected: Warren Blades(76561198281290777 - 29) - time: 9929.68 - serverFPS: 45.977
29.01.2020 05:25:50: infiSTAR_PlayerConnected_id: 1
29.01.2020 05:25:50: infiSTAR_PlayerDisconnected_id: 0
29.01.2020 05:26:09: 0h 1min | Connected: Boyevik Butch-Mac Volkev(76561198089960350 - 4) - time: 22.342 - serverFPS: 46.1095
29.01.2020 05:27:14: 0h 2min | Connected: Wyclef(76561198038112694 - 6) - time: 87.023 - serverFPS: 46.2428
29.01.2020 05:27:30: 0h 3min | Connected: HoyoBani(76561198105940600 - 5) - time: 102.381 - serverFPS: 45.8453
29.01.2020 05:29:13: 0h 4min | Connected: Robert Kennedy(76561198083728776 - 7) - time: 205.076 - serverFPS: 46.3768
29.01.2020 05:30:07: 0h 5min | Connected: Warren Blades(76561198281290777 - 8) - time: 258.409 - serverFPS: 45.8453
29.01.2020 05:32:19: 0h 8min | Connected: Rick Cheney(76561198860031547 - 10) - time: 389.427 - serverFPS: 45.7143
29.01.2020 05:35:03: 0h 10min | Connected: Kermit(76561198043298972 - 14) - time: 553.199 - serverFPS: 46.2428
29.01.2020 05:36:31: 0h 12min | Connected: Zander Marino(76561198180893505 - 9) - time: 641.101 - serverFPS: 45.3258
29.01.2020 05:37:07: 0h 12min | Connected: Héctor "Lil Loco" Arturo(76561197999316388 - 12) - time: 676.624 - serverFPS: 46.1095
29.01.2020 05:37:32: 0h 13min | Connected: Nino Marino(76561198206026112 - 16) - time: 701.533 - serverFPS: 45.584
29.01.2020 05:42:46: 0h 18min | Connected: AL "BIG AL" GAMBINO(76561198361509989 - 17) - time: 1014.75 - serverFPS: 46.2428
29.01.2020 05:44:39: 0h 20min | Disconnected: HoyoBani(76561198105940600 - 5) - time: 1127.31 - serverFPS: 46.3768
29.01.2020 06:46:13: 1h 21min | Connected: Eriden Parker(76561198054085448 - 19) - time: 4819.74 - serverFPS: 45.3258
29.01.2020 06:48:28: 1h 24min | Disconnected: Wyclef(76561198038112694 - 6) - time: 4954.77 - serverFPS: 45.7143
29.01.2020 07:07:04: 1h 42min | Disconnected: Eriden Parker(76561198054085448 - 19) - time: 6070.93 - serverFPS: 45.7143
29.01.2020 07:07:14: 1h 42min | Connected: Eriden Parker(76561198054085448 - 19) - time: 6080.96 - serverFPS: 45.7143
29.01.2020 07:11:49: 1h 47min | Connected: Wyclef(76561198038112694 - 20) - time: 6355.32 - serverFPS: 46.1095
29.01.2020 07:29:29: 2h 5min | Disconnected: Boyevik Butch-Mac Volkev(76561198089960350 - 4) - time: 7415.22 - serverFPS: 45.3258
29.01.2020 07:29:35: 2h 5min | Disconnected: Héctor "Lil Loco" Arturo(76561197999316388 - 12) - time: 7421.2 - serverFPS: 45.584
29.01.2020 07:40:02: 2h 15min | Disconnected: Wyclef(76561198038112694 - 20) - time: 8047.85 - serverFPS: 46.7836
29.01.2020 07:41:00: 2h 16min | Disconnected: Kermit(76561198043298972 - 14) - time: 8106.22 - serverFPS: 45.584
29.01.2020 07:43:45: 2h 19min | Disconnected: Robert Kennedy(76561198083728776 - 7) - time: 8271.08 - serverFPS: 45.4545
29.01.2020 07:45:45: 2h 21min | Disconnected: Warren Blades(76561198281290777 - 8) - time: 8391.44 - serverFPS: 45.8453
29.01.2020 07:48:42: 2h 24min | Disconnected: AL "BIG AL" GAMBINO(76561198361509989 - 17) - time: 8567.9 - serverFPS: 45.584
29.01.2020 08:57:36: 3h 33min | Disconnected: Nino Marino(76561198206026112 - 16) - time: 12701.6 - serverFPS: 46.1095
29.01.2020 09:01:15: 3h 36min | Disconnected: Eriden Parker(76561198054085448 - 19) - time: 12921.4 - serverFPS: 45.977
29.01.2020 09:02:31: 3h 38min | Disconnected: Zander Marino(76561198180893505 - 9) - time: 12997.1 - serverFPS: 45.584
29.01.2020 09:05:36: 3h 41min | Connected: GAMER(76561198206461615 - 21) - time: 13182.3 - serverFPS: 45.3258
29.01.2020 10:10:28: infiSTAR_PlayerConnected_id: 1
29.01.2020 10:10:28: infiSTAR_PlayerDisconnected_id: 0
29.01.2020 10:12:23: 0h 3min | Connected: Zander Marino(76561198180893505 - 4) - time: 117.81 - serverFPS: 46.5116
29.01.2020 10:13:31: 0h 4min | Disconnected: Zander Marino(76561198180893505 - 4) - time: 185.79 - serverFPS: 46.2428
29.01.2020 10:13:41: 0h 4min | Connected: Zander Marino(76561198180893505 - 4) - time: 195.447 - serverFPS: 46.2428
29.01.2020 10:14:17: 0h 5min | Disconnected: Zander Marino(76561198180893505 - 4) - time: 231.47 - serverFPS: 47.4777
29.01.2020 10:24:40: infiSTAR_PlayerConnected_id: 1
29.01.2020 10:24:40: infiSTAR_PlayerDisconnected_id: 0
29.01.2020 10:25:23: 0h 2min | Connected: Zander Marino(76561198180893505 - 4) - time: 46.702 - serverFPS: 45.977
29.01.2020 10:26:41: 0h 3min | Disconnected: Zander Marino(76561198180893505 - 4) - time: 124.033 - serverFPS: 45.977
29.01.2020 10:39:02: infiSTAR_PlayerConnected_id: 1
29.01.2020 10:39:02: infiSTAR_PlayerDisconnected_id: 0
29.01.2020 10:39:46: 0h 2min | Connected: Zander Marino(76561198180893505 - 4) - time: 46.985 - serverFPS: 46.6472
29.01.2020 10:49:46: 0h 12min | Connected: Rick Cheney(76561198860031547 - 8) - time: 645.93 - serverFPS: 45.8453
29.01.2020 11:01:59: 0h 24min | Disconnected: Rick Cheney(76561198860031547 - 8) - time: 1379.37 - serverFPS: 46.2428
29.01.2020 11:02:09: 0h 24min | Connected: Rick Cheney(76561198860031547 - 8) - time: 1389.12 - serverFPS: 45.8453
29.01.2020 11:25:09: infiSTAR_PlayerConnected_id: 1
29.01.2020 11:25:09: infiSTAR_PlayerDisconnected_id: 0
29.01.2020 11:27:21: 0h 3min | Connected: Zander Marino(76561198180893505 - 5) - time: 134.196 - serverFPS: 45.584
29.01.2020 11:28:06: 0h 4min | Connected: Rick Cheney(76561198860031547 - 4) - time: 179.691 - serverFPS: 46.1095
29.01.2020 12:17:14: 0h 53min | Disconnected: Zander Marino(76561198180893505 - 5) - time: 3127.29 - serverFPS: 45.7143
29.01.2020 12:17:52: 0h 54min | Connected: Zander Marino(76561198180893505 - 5) - time: 3165.82 - serverFPS: 45.7143
29.01.2020 12:39:02: infiSTAR_PlayerConnected_id: 1
29.01.2020 12:39:02: infiSTAR_PlayerDisconnected_id: 0
29.01.2020 12:41:49: 0h 4min | Connected: Zander Marino(76561198180893505 - 4) - time: 169.613 - serverFPS: 45.8453
29.01.2020 12:43:38: 0h 6min | Connected: Rick Cheney(76561198860031547 - 5) - time: 278.746 - serverFPS: 46.5116
29.01.2020 12:44:22: 0h 6min | Disconnected: Zander Marino(76561198180893505 - 4) - time: 322.787 - serverFPS: 46.1095
29.01.2020 12:44:37: 0h 7min | Disconnected: Rick Cheney(76561198860031547 - 5) - time: 337.24 - serverFPS: 45.7143
29.01.2020 16:30:56: 3h 53min | Connected: Eriden Parker(76561198054085448 - 8) - time: 13916.4 - serverFPS: 45.977
29.01.2020 16:33:53: 3h 56min | Disconnected: Eriden Parker(76561198054085448 - 8) - time: 14094 - serverFPS: 45.584
29.01.2020 17:45:37: 5h 8min | Connected: Wyclef(76561198038112694 - 9) - time: 18397.6 - serverFPS: 45.7143
29.01.2020 17:50:01: 5h 12min | Disconnected: Wyclef(76561198038112694 - 9) - time: 18661.7 - serverFPS: 45.7143
29.01.2020 18:03:59: infiSTAR_PlayerConnected_id: 1
29.01.2020 18:03:59: infiSTAR_PlayerDisconnected_id: 0
29.01.2020 18:05:09: 0h 2min | Connected: Wyclef(76561198038112694 - 4) - time: 72.855 - serverFPS: 46.1095
29.01.2020 18:06:38: 0h 4min | Disconnected: Wyclef(76561198038112694 - 4) - time: 162.507 - serverFPS: 45.7143
29.01.2020 18:23:25: 0h 20min | Connected: Wyclef(76561198038112694 - 5) - time: 1169.29 - serverFPS: 45.1977
29.01.2020 18:23:49: 0h 21min | Disconnected: Wyclef(76561198038112694 - 5) - time: 1193.53 - serverFPS: 45.7143
29.01.2020 21:03:10: 3h 0min | Connected: Eriden Parker(76561198054085448 - 6) - time: 10754.1 - serverFPS: 45.584
29.01.2020 21:04:21: 3h 1min | Disconnected: Eriden Parker(76561198054085448 - 6) - time: 10824.9 - serverFPS: 45.584
29.01.2020 21:21:48: infiSTAR_PlayerConnected_id: 1
29.01.2020 21:21:48: infiSTAR_PlayerDisconnected_id: 0
29.01.2020 21:32:26: 0h 12min | Connected: Wyclef(76561198038112694 - 5) - time: 641.135 - serverFPS: 45.977
29.01.2020 21:32:41: 0h 12min | Disconnected: Wyclef(76561198038112694 - 5) - time: 655.676 - serverFPS: 46.1095
29.01.2020 21:33:06: 0h 12min | Connected: Wyclef(76561198038112694 - 5) - time: 681.381 - serverFPS: 45.977
29.01.2020 21:33:21: 0h 13min | Disconnected: Wyclef(76561198038112694 - 5) - time: 696.314 - serverFPS: 47.3373
29.01.2020 21:34:16: 0h 13min | Connected: Wyclef(76561198038112694 - 6) - time: 750.954 - serverFPS: 46.1095
29.01.2020 21:34:26: 0h 14min | Disconnected: Wyclef(76561198038112694 - 6) - time: 760.856 - serverFPS: 45.7143
29.01.2020 21:48:41: infiSTAR_PlayerConnected_id: 1
29.01.2020 21:48:41: infiSTAR_PlayerDisconnected_id: 0
29.01.2020 21:49:19: 0h 2min | Connected: Wyclef(76561198038112694 - 4) - time: 41.658 - serverFPS: 45.4545
29.01.2020 21:50:39: 0h 3min | Disconnected: Wyclef(76561198038112694 - 4) - time: 121.533 - serverFPS: 45.977
29.01.2020 21:57:32: infiSTAR_PlayerConnected_id: 1
29.01.2020 21:57:32: infiSTAR_PlayerDisconnected_id: 0
29.01.2020 21:58:15: 0h 2min | Connected: Wyclef(76561198038112694 - 4) - time: 47.042 - serverFPS: 47.0588
29.01.2020 21:59:44: 0h 3min | Disconnected: Wyclef(76561198038112694 - 4) - time: 135.977 - serverFPS: 46.1095
29.01.2020 22:24:24: infiSTAR_PlayerConnected_id: 1
29.01.2020 22:24:24: infiSTAR_PlayerDisconnected_id: 0
29.01.2020 22:27:55: 0h 5min | Connected: Wyclef(76561198038112694 - 4) - time: 214.084 - serverFPS: 45.8453
29.01.2020 22:28:41: 0h 5min | Disconnected: Wyclef(76561198038112694 - 4) - time: 260.7 - serverFPS: 46.1095
29.01.2020 22:37:29: infiSTAR_PlayerConnected_id: 1
29.01.2020 22:37:29: infiSTAR_PlayerDisconnected_id: 0
29.01.2020 22:38:31: 0h 2min | Connected: Wyclef(76561198038112694 - 4) - time: 65.621 - serverFPS: 45.3258
29.01.2020 22:39:59: 0h 4min | Disconnected: Wyclef(76561198038112694 - 4) - time: 152.883 - serverFPS: 46.2428
29.01.2020 22:40:08: 0h 4min | Connected: Wyclef(76561198038112694 - 4) - time: 161.568 - serverFPS: 45.977
29.01.2020 22:43:53: 0h 7min | Disconnected: Wyclef(76561198038112694 - 4) - time: 386.213 - serverFPS: 45.8453
29.01.2020 22:46:10: 0h 10min | Connected: Kermit(76561198043298972 - 7) - time: 523.22 - serverFPS: 45.7143
29.01.2020 22:47:29: 0h 11min | Connected: [1K-33] R. Tjay(76561198883479728 - 8) - time: 602.159 - serverFPS: 46.3768
29.01.2020 22:50:18: 0h 14min | Connected: Rick Cheney(76561198860031547 - 6) - time: 771.551 - serverFPS: 44.9438
29.01.2020 22:51:18: 0h 15min | Disconnected: [1K-33] R. Tjay(76561198883479728 - 8) - time: 831.01 - serverFPS: 46.3768
29.01.2020 22:51:59: 0h 16min | Connected: Thomas Woods(76561198174871239 - 10) - time: 871.556 - serverFPS: 47.3373
29.01.2020 22:53:58: 0h 18min | Connected: [1K-33] R. Tjay(76561198883479728 - 12) - time: 990.528 - serverFPS: 45.584
29.01.2020 22:54:12: 0h 18min | Connected: Eriden Parker(76561198054085448 - 5) - time: 1003.98 - serverFPS: 45.4545
29.01.2020 22:54:16: 0h 18min | Disconnected: Eriden Parker(76561198054085448 - 5) - time: 1007.95 - serverFPS: 46.5116
29.01.2020 23:11:29: infiSTAR_PlayerConnected_id: 1
29.01.2020 23:11:29: infiSTAR_PlayerDisconnected_id: 0
29.01.2020 23:15:28: 0h 5min | Connected: [1K-33] R. Tjay(76561198883479728 - 5) - time: 241.381 - serverFPS: 46.3768
29.01.2020 23:18:20: 0h 8min | Connected: Kermit(76561198043298972 - 7) - time: 413.483 - serverFPS: 45.7143
29.01.2020 23:19:29: 0h 9min | Disconnected: [1K-33] R. Tjay(76561198883479728 - 5) - time: 482.102 - serverFPS: 46.1095
29.01.2020 23:20:05: 0h 10min | Connected: Rogue Tjay(76561198883479728 - 8) - time: 518.651 - serverFPS: 45.7143
29.01.2020 23:22:18: 0h 12min | Connected: Thomas Woods(76561198174871239 - 4) - time: 651.49 - serverFPS: 46.1095
29.01.2020 23:24:15: 0h 14min | Disconnected: Thomas Woods(76561198174871239 - 4) - time: 767.728 - serverFPS: 45.977
29.01.2020 23:24:24: 0h 14min | Connected: Thomas Woods(76561198174871239 - 4) - time: 777.095 - serverFPS: 46.1095
29.01.2020 23:27:06: 0h 17min | Connected: Eriden Parker(76561198054085448 - 10) - time: 938.815 - serverFPS: 45.4545
29.01.2020 23:27:11: 0h 17min | Connected: Rick Cheney(76561198860031547 - 9) - time: 944.096 - serverFPS: 45.977
29.01.2020 23:34:18: 0h 24min | Connected: Nino Marino(76561198206026112 - 11) - time: 1369.56 - serverFPS: 45.977
29.01.2020 23:36:33: 0h 26min | Connected: George Clean(76561198130285673 - 12) - time: 1504.72 - serverFPS: 45.4545
29.01.2020 23:36:35: 0h 26min | Disconnected: George Clean(76561198130285673 - 12) - time: 1506.13 - serverFPS: 45.4545
29.01.2020 23:38:08: 0h 28min | Disconnected: Thomas Woods(76561198174871239 - 4) - time: 1599.27 - serverFPS: 45.4545
29.01.2020 23:38:13: 0h 28min | Disconnected: Rogue Tjay(76561198883479728 - 8) - time: 1604.28 - serverFPS: 46.7836
29.01.2020 23:38:22: 0h 28min | Connected: Thomas Woods(76561198174871239 - 4) - time: 1613.74 - serverFPS: 45.4545
