25.01.2020 00:01:11: 1h 30min | Disconnected: luke(76561198264871362 - 15) - time: 5347.19 - serverFPS: 45.1977
25.01.2020 00:01:54: 1h 31min | Connected: luke(76561198264871362 - 19) - time: 5391.06 - serverFPS: 45.7143
25.01.2020 00:10:48: 1h 40min | Connected: Eriden Parker(76561198054085448 - 20) - time: 5924.22 - serverFPS: 45.4545
25.01.2020 00:30:29: 1h 60min | Disconnected: HoyoBani(76561198105940600 - 12) - time: 7104.09 - serverFPS: 46.1095
25.01.2020 00:37:46: 2h 7min | Disconnected: Eriden Parker(76561198054085448 - 20) - time: 7541.79 - serverFPS: 45.3258
25.01.2020 00:38:12: 2h 7min | Connected: Eriden Parker(76561198054085448 - 20) - time: 7567.01 - serverFPS: 46.5116
25.01.2020 00:53:20: 2h 22min | Disconnected: Rogue Tjay(76561198883479728 - 14) - time: 8475.24 - serverFPS: 45.7143
25.01.2020 02:27:06: 3h 56min | Disconnected: luke(76561198264871362 - 19) - time: 14100 - serverFPS: 45.1977
25.01.2020 02:34:30: 4h 4min | Connected: [1A-02]J. Daker(76561198038112694 - 22) - time: 14543.7 - serverFPS: 45.8453
25.01.2020 02:38:28: 4h 8min | Connected: Zander Marino(76561198180893505 - 23) - time: 14782.1 - serverFPS: 45.977
25.01.2020 02:45:38: 4h 15min | Connected: [1K-33] R. Tjay(76561198883479728 - 25) - time: 15211.4 - serverFPS: 45.8453
25.01.2020 02:50:08: 4h 19min | Connected: [1A-01] J Shepard(76561198043298972 - 28) - time: 15481.8 - serverFPS: 45.4545
25.01.2020 02:50:24: 4h 20min | Disconnected: [1A-01] J Shepard(76561198043298972 - 28) - time: 15497.3 - serverFPS: 44.5682
25.01.2020 02:51:00: 4h 20min | Connected: [1A-01] J Shepard(76561198043298972 - 28) - time: 15533.2 - serverFPS: 45.4545
25.01.2020 02:52:41: 4h 22min | Disconnected: [1A-01] J Shepard(76561198043298972 - 28) - time: 15633.4 - serverFPS: 45.584
25.01.2020 02:53:13: 4h 22min | Connected: [1A-01] J Shepard(76561198043298972 - 28) - time: 15665.4 - serverFPS: 45.7143
25.01.2020 02:57:00: 4h 26min | Disconnected: [1A-01] J Shepard(76561198043298972 - 28) - time: 15892.4 - serverFPS: 46.3768
25.01.2020 02:58:45: 4h 28min | Connected: Mike Hutchinson(76561198043298972 - 29) - time: 15997.9 - serverFPS: 45.8453
25.01.2020 03:17:05: 4h 46min | Disconnected: Zander Marino(76561198180893505 - 23) - time: 17097.4 - serverFPS: 46.2428
25.01.2020 03:19:34: 4h 49min | Connected: Zander Marino(76561198180893505 - 30) - time: 17246.5 - serverFPS: 45.7143
25.01.2020 03:27:22: 4h 56min | Disconnected: Zander Marino(76561198180893505 - 30) - time: 17713.4 - serverFPS: 46.2428
25.01.2020 03:30:23: 4h 59min | Connected: Zander Marino(76561198180893505 - 31) - time: 17894.7 - serverFPS: 45.7143
25.01.2020 03:41:26: 5h 11min | Disconnected: [1K-33] R. Tjay(76561198883479728 - 25) - time: 18557.9 - serverFPS: 45.7143
25.01.2020 03:48:33: 5h 18min | Connected: Javier Escuella(76561198370210333 - 34) - time: 18984 - serverFPS: 45.584
25.01.2020 03:55:57: 5h 25min | Connected: Héctor "Lil Loco" Arturo(76561197999316388 - 36) - time: 19428 - serverFPS: 45.4545
25.01.2020 04:10:24: 5h 40min | Disconnected: [1A-02]J. Daker(76561198038112694 - 22) - time: 20290.8 - serverFPS: 45.3258
25.01.2020 04:15:27: 5h 45min | Disconnected: Mike Hutchinson(76561198043298972 - 29) - time: 20593.6 - serverFPS: 45.7143
25.01.2020 05:00:33: 6h 30min | Connected: Connor M(76561198150427636 - 38) - time: 23299.3 - serverFPS: 45.977
25.01.2020 05:10:35: 6h 40min | Disconnected: Donnie Turbo(76561198041233395 - 17) - time: 23901.1 - serverFPS: 45.8453
25.01.2020 05:35:20: 7h 4min | Disconnected: Héctor "Lil Loco" Arturo(76561197999316388 - 36) - time: 25386.2 - serverFPS: 45.584
25.01.2020 05:36:35: 7h 6min | Disconnected: Boyevik Butch-Mac Volkev(76561198089960350 - 6) - time: 25460.2 - serverFPS: 45.584
25.01.2020 05:36:50: 7h 6min | Disconnected: Connor M(76561198150427636 - 38) - time: 25475.9 - serverFPS: 45.7143
25.01.2020 05:59:29: 7h 29min | Disconnected: jase poopyhead(76561198033160260 - 7) - time: 26834.9 - serverFPS: 45.977
25.01.2020 06:06:08: 7h 35min | Disconnected: Eriden Parker(76561198054085448 - 20) - time: 27233.8 - serverFPS: 46.1095
25.01.2020 06:06:36: 7h 36min | Disconnected: Zander Marino(76561198180893505 - 31) - time: 27262.3 - serverFPS: 46.1095
25.01.2020 06:07:38: 7h 37min | Connected: Zander Marino(76561198180893505 - 31) - time: 27323.5 - serverFPS: 46.1095
25.01.2020 06:19:36: 7h 49min | Connected: Abduwale Muse(76561198033160260 - 40) - time: 28040.5 - serverFPS: 45.3258
25.01.2020 06:20:11: 7h 49min | Disconnected: [1k-40] Jose Santana(76561198206026112 - 11) - time: 28075 - serverFPS: 46.9208
25.01.2020 06:44:41: infiSTAR_PlayerConnected_id: 1
25.01.2020 06:44:41: infiSTAR_PlayerDisconnected_id: 0
25.01.2020 06:54:12: 0h 12min | Connected: Abduwale Muse(76561198033160260 - 4) - time: 570.352 - serverFPS: 45.8453
25.01.2020 07:03:08: 0h 21min | Disconnected: Abduwale Muse(76561198033160260 - 4) - time: 1105.74 - serverFPS: 34.188
25.01.2020 07:05:10: 0h 23min | Connected: Abduwale Muse(76561198033160260 - 5) - time: 1227.74 - serverFPS: 40.9207
25.01.2020 08:01:14: 1h 19min | Connected: Chief Blades(76561198281290777 - 8) - time: 4590.65 - serverFPS: 46.2428
25.01.2020 08:06:23: 1h 24min | Disconnected: Abduwale Muse(76561198033160260 - 5) - time: 4899.18 - serverFPS: 45.977
25.01.2020 08:06:50: 1h 24min | Connected: Abduwale Muse(76561198033160260 - 5) - time: 4926.31 - serverFPS: 45.8453
25.01.2020 08:51:41: 2h 9min | Disconnected: Abduwale Muse(76561198033160260 - 5) - time: 7616.28 - serverFPS: 46.6472
25.01.2020 08:52:12: 2h 10min | Connected: Abduwale Muse(76561198033160260 - 5) - time: 7647.73 - serverFPS: 45.977
25.01.2020 08:55:23: 2h 13min | Disconnected: Abduwale Muse(76561198033160260 - 5) - time: 7838.14 - serverFPS: 45.584
25.01.2020 08:55:37: 2h 13min | Connected: Abduwale Muse(76561198033160260 - 5) - time: 7852.23 - serverFPS: 45.584
25.01.2020 09:02:48: 2h 20min | Disconnected: Abduwale Muse(76561198033160260 - 5) - time: 8283.01 - serverFPS: 44.4444
25.01.2020 09:03:26: 2h 21min | Disconnected: Chief Blades(76561198281290777 - 8) - time: 8319.84 - serverFPS: 45.3258
25.01.2020 14:36:24: 7h 54min | Connected: Eriden Parker(76561198054085448 - 10) - time: 28292.1 - serverFPS: 45.8453
25.01.2020 17:32:09: 10h 50min | Disconnected: Eriden Parker(76561198054085448 - 10) - time: 38835.1 - serverFPS: 45.7143
25.01.2020 18:18:15: 11h 36min | Connected: Abduwale Muse(76561198033160260 - 11) - time: 41600.6 - serverFPS: 45.4545
25.01.2020 19:10:56: 12h 28min | Disconnected: Abduwale Muse(76561198033160260 - 11) - time: 44760.9 - serverFPS: 45.8453
25.01.2020 19:47:31: 13h 5min | Connected: [ION]Eriden Parker(76561198054085448 - 14) - time: 46955.6 - serverFPS: 45.584
25.01.2020 21:43:42: 15h 1min | Connected: Thomas(76561198174871239 - 17) - time: 53927.1 - serverFPS: 46.5116
25.01.2020 21:52:34: 15h 10min | Disconnected: Thomas(76561198174871239 - 17) - time: 54458 - serverFPS: 45.7143
25.01.2020 21:52:44: 15h 10min | Connected: Thomas(76561198174871239 - 17) - time: 54468.3 - serverFPS: 45.4545
25.01.2020 21:54:57: 15h 12min | Disconnected: Thomas(76561198174871239 - 17) - time: 54600.5 - serverFPS: 46.1095
25.01.2020 21:55:32: 15h 13min | Connected: Thomas(76561198174871239 - 18) - time: 54636.2 - serverFPS: 45.1977
25.01.2020 21:56:32: 15h 14min | Disconnected: Thomas(76561198174871239 - 18) - time: 54695.8 - serverFPS: 45.7143
25.01.2020 21:56:44: 15h 14min | Connected: Thomas(76561198174871239 - 18) - time: 54707.3 - serverFPS: 45.7143
25.01.2020 22:14:31: 15h 32min | Connected: Donnie Turbo(76561198041233395 - 19) - time: 55774.1 - serverFPS: 45.3258
25.01.2020 22:21:40: 15h 39min | Connected: [1K-33] R. Tjay(76561198883479728 - 20) - time: 56203.5 - serverFPS: 45.584
25.01.2020 22:27:29: 15h 45min | Connected: Nino Marino(76561198206026112 - 21) - time: 56552 - serverFPS: 46.5116
25.01.2020 23:30:22: 16h 48min | Connected: Chief Blades(76561198281290777 - 26) - time: 60324.3 - serverFPS: 46.6472
25.01.2020 23:51:26: 17h 9min | Disconnected: Donnie Turbo(76561198041233395 - 19) - time: 61588.1 - serverFPS: 45.7143
25.01.2020 23:53:32: 17h 11min | Connected: Donnie Turbo(76561198041233395 - 27) - time: 61714.5 - serverFPS: 46.1095
25.01.2020 23:56:59: 17h 14min | Connected: Boyevik Butch-Mac Volkev(76561198089960350 - 28) - time: 61920.8 - serverFPS: 46.5116
