24.02.2020 00:14:55: 25h 54min | Connected: Sherman(76561198038112694 - 45) - time: 93157.4 - serverFPS: 45.7143
24.02.2020 00:20:09: 25h 59min | Disconnected: Sherman(76561198038112694 - 45) - time: 93471.6 - serverFPS: 46.3768
24.02.2020 00:20:38: 25h 60min | Connected: Robert Kennedy(76561198083728776 - 48) - time: 93500.8 - serverFPS: 45.7143
24.02.2020 00:20:41: 25h 60min | Disconnected: Robert Kennedy(76561198083728776 - 48) - time: 93503.7 - serverFPS: 42.4403
24.02.2020 00:21:10: 26h 0min | Connected: Robert Kennedy(76561198083728776 - 48) - time: 93532.3 - serverFPS: 45.4545
24.02.2020 00:21:12: 26h 0min | Disconnected: Robert Kennedy(76561198083728776 - 48) - time: 93534.5 - serverFPS: 45.977
24.02.2020 00:21:39: 26h 1min | Connected: Robert Kennedy(76561198083728776 - 48) - time: 93561.6 - serverFPS: 45.1977
24.02.2020 00:21:41: 26h 1min | Disconnected: Robert Kennedy(76561198083728776 - 48) - time: 93563.9 - serverFPS: 45.584
24.02.2020 00:21:59: 26h 1min | Connected: Rick Cheney(76561198860031547 - 47) - time: 93581.5 - serverFPS: 45.4545
24.02.2020 00:23:30: 26h 3min | Connected: Sherman(76561198038112694 - 49) - time: 93671.9 - serverFPS: 45.7143
24.02.2020 00:23:51: 26h 3min | Connected: Robert Kennedy(76561198083728776 - 50) - time: 93693 - serverFPS: 45.7143
24.02.2020 00:27:12: 26h 6min | Connected: Stanley Thompson [1K-75](76561198180893505 - 51) - time: 93893.9 - serverFPS: 45.3258
24.02.2020 00:30:28: 26h 10min | Connected: LaMarcus Johnson(76561198043298972 - 53) - time: 94088.7 - serverFPS: 46.3768
24.02.2020 00:47:50: 26h 27min | Disconnected: Donnie Turbo(76561198041233395 - 42) - time: 95130.2 - serverFPS: 45.1977
24.02.2020 00:48:20: 26h 27min | Connected: Donnie Turbo(76561198041233395 - 42) - time: 95160.1 - serverFPS: 46.1095
24.02.2020 00:52:07: 26h 31min | Disconnected: luke(76561198264871362 - 41) - time: 95387.1 - serverFPS: 45.0704
24.02.2020 01:00:21: 26h 39min | Connected: luke(76561198264871362 - 54) - time: 95880.6 - serverFPS: 46.6472
24.02.2020 01:15:16: 26h 54min | Connected: HoyoBani(76561198105940600 - 56) - time: 96775 - serverFPS: 45.3258
24.02.2020 01:48:06: 27h 27min | Disconnected: LaMarcus Johnson(76561198043298972 - 53) - time: 98744 - serverFPS: 45.4545
24.02.2020 01:49:22: 27h 28min | Disconnected: Rogue Tjay(76561198883479728 - 44) - time: 98819.9 - serverFPS: 45.3258
24.02.2020 01:49:24: 27h 29min | Connected: Sergei Chedakai(76561198043298972 - 58) - time: 98822.4 - serverFPS: 45.4545
24.02.2020 01:51:30: 27h 31min | Disconnected: Stanley Thompson [1K-75](76561198180893505 - 51) - time: 98947.4 - serverFPS: 46.1095
24.02.2020 01:52:11: 27h 31min | Connected: John Anderson(76561198180893505 - 59) - time: 98988.6 - serverFPS: 46.2428
24.02.2020 01:59:10: 27h 38min | Connected: Amado Carrillo fuentes(76561198354844800 - 60) - time: 99407 - serverFPS: 45.8453
24.02.2020 02:00:38: 27h 40min | Disconnected: Robert Kennedy(76561198083728776 - 50) - time: 99494.1 - serverFPS: 46.1095
24.02.2020 02:31:45: 28h 11min | Disconnected: Rick Cheney(76561198860031547 - 47) - time: 101359 - serverFPS: 46.3768
24.02.2020 02:39:58: 28h 19min | Disconnected: Sherman(76561198038112694 - 49) - time: 101853 - serverFPS: 45.4545
24.02.2020 02:40:20: 28h 19min | Connected: Sherman(76561198038112694 - 49) - time: 101875 - serverFPS: 46.2428
24.02.2020 02:45:26: 28h 25min | Disconnected: Sherman(76561198038112694 - 49) - time: 102181 - serverFPS: 45.4545
24.02.2020 02:45:27: 28h 25min | Disconnected: HoyoBani(76561198105940600 - 56) - time: 102182 - serverFPS: 45.584
24.02.2020 02:45:44: 28h 25min | Disconnected: Sergei Chedakai(76561198043298972 - 58) - time: 102199 - serverFPS: 45.7143
24.02.2020 02:56:09: 28h 35min | Connected: AL "BIG AL" GAMBINO(76561198361509989 - 62) - time: 102823 - serverFPS: 47.0588
24.02.2020 03:17:29: 28h 57min | Disconnected: Amado Carrillo fuentes(76561198354844800 - 60) - time: 104103 - serverFPS: 45.584
24.02.2020 03:46:18: 29h 25min | Disconnected: John Anderson(76561198180893505 - 59) - time: 105831 - serverFPS: 45.8453
24.02.2020 03:47:55: 29h 27min | Disconnected: luke(76561198264871362 - 54) - time: 105928 - serverFPS: 45.4545
24.02.2020 04:06:34: 29h 46min | Disconnected: Nino Marino(76561198206026112 - 43) - time: 107048 - serverFPS: 45.8453
24.02.2020 04:06:44: 29h 46min | Disconnected: AL "BIG AL" GAMBINO(76561198361509989 - 62) - time: 107057 - serverFPS: 45.8453
24.02.2020 04:07:37: 29h 47min | Connected: John Anderson(76561198180893505 - 63) - time: 107110 - serverFPS: 46.3768
24.02.2020 04:07:49: 29h 47min | Disconnected: Sternn(76561198087299936 - 40) - time: 107122 - serverFPS: 45.4545
24.02.2020 04:08:10: 29h 47min | Disconnected: John Anderson(76561198180893505 - 63) - time: 107142 - serverFPS: 46.1095
24.02.2020 04:08:30: 29h 48min | Connected: Sternn(76561198087299936 - 40) - time: 107163 - serverFPS: 46.3768
24.02.2020 04:11:00: 29h 50min | Connected: Stanley Thompson [1K-75](76561198180893505 - 65) - time: 107313 - serverFPS: 46.5116
24.02.2020 04:12:18: 29h 51min | Connected: luke(76561198264871362 - 66) - time: 107390 - serverFPS: 45.7143
24.02.2020 04:24:25: 30h 4min | Disconnected: Sternn(76561198087299936 - 40) - time: 108117 - serverFPS: 45.584
24.02.2020 04:33:32: 30h 13min | Connected: Robert Kennedy(76561198083728776 - 67) - time: 108663 - serverFPS: 45.7143
24.02.2020 04:51:10: 30h 30min | Disconnected: Stanley Thompson [1K-75](76561198180893505 - 65) - time: 109722 - serverFPS: 45.584
24.02.2020 04:52:01: 30h 31min | Connected: John Anderson(76561198180893505 - 68) - time: 109773 - serverFPS: 45.7143
24.02.2020 05:01:05: 30h 40min | Disconnected: Robert Kennedy(76561198083728776 - 67) - time: 110316 - serverFPS: 46.2428
24.02.2020 05:21:39: 31h 1min | Disconnected: Donnie Turbo(76561198041233395 - 42) - time: 111550 - serverFPS: 45.4545
24.02.2020 05:26:16: 31h 5min | Connected: Donnie Turbo(76561198041233395 - 69) - time: 111827 - serverFPS: 45.7143
24.02.2020 05:31:57: 31h 11min | Connected: Para.KSteyr[221](76561197997126699 - 71) - time: 112168 - serverFPS: 45.7143
24.02.2020 05:39:32: 31h 19min | Connected: Sergei Chedakai(76561198043298972 - 72) - time: 112622 - serverFPS: 45.7143
24.02.2020 06:05:14: 31h 44min | Disconnected: Para.KSteyr[221](76561197997126699 - 71) - time: 114163 - serverFPS: 45.584
24.02.2020 06:10:04: 31h 49min | Disconnected: luke(76561198264871362 - 66) - time: 114453 - serverFPS: 43.956
24.02.2020 06:32:34: infiSTAR_PlayerConnected_id: 1
24.02.2020 06:32:34: infiSTAR_PlayerDisconnected_id: 0
24.02.2020 06:34:08: 0h 3min | Connected: Stanley Thompson [1K-75](76561198180893505 - 4) - time: 96.432 - serverFPS: 45.7143
24.02.2020 06:35:56: 0h 5min | Disconnected: Stanley Thompson [1K-75](76561198180893505 - 4) - time: 203.971 - serverFPS: 45.7143
