03.03.2020 00:02:11: <infiSTAR.de> _fnc_RandomGen: {
_fnc_actualGen = {
_abc = ['z','y','x','w','v','u','t','s','r','q','p','o','n','m','l','k','j','i','h','g','f','e','d','c','b','a'];
_gen = _abc select (random ((count _abc)-1));
_arr = ['a','5','c','4','d','f','c','e','5','2','2','0','d','e','7','f','9','5','7','8','e','9','a','5','c','3','2','7','e','2','3'];
_randmax = {((round(random _randminval)) + (round(random _randmaxval))) max _randminval};
for '_i' from 0 to (call _randmax)do
{
_gen = _gen + str(round(random 9)) + (_arr select (random ((count _arr)-1)));
};
};
_gen = '';
while{_gen=='' || _gen in _allRandomGenVars}do{
call _fnc_actualGen;
};
_allRandomGenVars pushBack _gen;
_gen
}
03.03.2020 00:02:11: ----START-LINE----   (12-01-2020 22-45-36 - v0260)
03.03.2020 00:02:11: _adminbox: l8732807042723982235c023f157a9099978243327a
03.03.2020 00:02:11: _fnc_mpPackets: s8e4c9e7712851c3d2d6d7c6c995a4c5d6c94736c797e6782331f72
03.03.2020 00:02:11: _FNC_AH_KICKLOG: w19693e429e4455377262
03.03.2020 00:02:11: _FNC_AH_KICKLOGSPAWN: r693c0c2e120c85176e622f32178f304e35790715878d735002
03.03.2020 00:02:11: _FNC_PVAH_AdminReq: o1c795a4337507e49247f7577480c7e1e0e4a9700857c22
03.03.2020 00:02:11: _token_by_uid: l67228305181922178455758d8055894e623d24252c7f1c5722
03.03.2020 00:02:11: _uid_by_token: k4f6e2f402e4a95699c7d5e1f3e6f421c873c9e
03.03.2020 00:02:11: _server_setTokenR: a778a823a82253017306c9e9f6d827f272f7c9565
03.03.2020 00:02:11: _YourPlayerToken: u855e156e376e396562372e828c8e054769925f67021c
03.03.2020 00:02:11: _TokenCT: c2d5f22073d4d3e6a426e6e59490c
03.03.2020 00:02:11: _AH_MAIN_BLOCK: p479e347222122512996e35620e853717
03.03.2020 00:02:11: _AHKickOFF: v056f382e6c251d0e5585
03.03.2020 00:02:11: _AHKickLog: y1945358e2e3c4e72357d
03.03.2020 00:02:11: _clientdo: h49821e42850f897d15053c6e7e1a6e17054d
03.03.2020 00:02:11: _AH_RunCheckENDVAR: g42453c79290c2e49580e5c
03.03.2020 00:02:11: _AH_RunCheckENDVAR_THREAD: e2322157f6c5467576f85
03.03.2020 00:02:11: _AH_HackLogArrayRND: q59228e259550878a2d3e
03.03.2020 00:02:11: _AH_SurvLogArrayRND: d35382d692f3e8a7292980c697922257d5e2e57671510871917
03.03.2020 00:02:11: _AH_AdmiLogArrayRND: q45221c7c756f497d95108a4d121f
03.03.2020 00:02:11: _TMPBAN: x8c3d8225287f7c0e223a
03.03.2020 00:02:11: _massMessage: d9f5c2937150e3a353d958c83451e8c2d5c426550
03.03.2020 00:02:11: _massSysMessage: v9a5f144a298e827e7e0c446c349f4312
03.03.2020 00:02:11: _AHpos: r807e5f6722920e858e6e609f9205586c227e12
03.03.2020 00:02:11: _ninetwo: t14433e3f393524970c4d
03.03.2020 00:02:11: _ninetwothread: w3d027943257e1e386237
03.03.2020 00:02:11: _adminsA: q4e539c9d12857c82622d4d22
03.03.2020 00:02:11: _MC: h0e0c725d932360497475224f62538e5a92938e826282332e6e825367
03.03.2020 00:02:11: _MCS: t727e7e83305708276f62
03.03.2020 00:02:11: _checkidicheckcheck: z327e570985020d175f29802e3d4f
03.03.2020 00:02:11: _lastshotmade: h83126c151a8e438e3e67559e1d45824e0e270c88521495671a
03.03.2020 00:02:11: _dellocveh: m057973097f525a23755d
03.03.2020 00:02:11: _inCombatTime: i3e05130c807d4a33594a920e3e47734a7e052e8242
03.03.2020 00:02:11: _inCombatArray: v880e323a457a1f773f39
03.03.2020 00:02:11: <infiSTAR.de> _fnc_RandomGen: {
_fnc_actualGen = {
_abc = ['z','y','x','w','v','u','t','s','r','q','p','o','n','m','l','k','j','i','h','g','f','e','d','c','b','a'];
_gen = _abc select (random ((count _abc)-1));
_arr = ['a','5','c','4','d','f','c','e','5','2','2','0','d','e','7','f','9','5','7','8','e','9','a','5','c','3','2','7','e','2','3'];
_randmax = {((round(random _randminval)) + (round(random _randmaxval))) max _randminval};
for '_i' from 0 to (call _randmax)do
{
_gen = _gen + str(round(random 9)) + (_arr select (random ((count _arr)-1)));
};
};
_gen = '';
while{_gen=='' || _gen in _allRandomGenVars}do{
call _fnc_actualGen;
};
_allRandomGenVars pushBack _gen;
_gen
}
03.03.2020 00:02:12: ----START-LINE----   (12-01-2020 22-45-36 - v0260)
03.03.2020 00:02:12: _adminbox: l8732807042723982235c023f157a9099978243327a
03.03.2020 00:02:12: _fnc_mpPackets: s8e4c9e7712851c3d2d6d7c6c995a4c5d6c94736c797e6782331f72
03.03.2020 00:02:12: _FNC_AH_KICKLOG: w19693e429e4455377262
03.03.2020 00:02:12: _FNC_AH_KICKLOGSPAWN: r693c0c2e120c85176e622f32178f304e35790715878d735002
03.03.2020 00:02:12: _FNC_PVAH_AdminReq: o1c795a4337507e49247f7577480c7e1e0e4a9700857c22
03.03.2020 00:02:12: _token_by_uid: l67228305181922178455758d8055894e623d24252c7f1c5722
03.03.2020 00:02:12: _uid_by_token: k4f6e2f402e4a95699c7d5e1f3e6f421c873c9e
03.03.2020 00:02:12: _server_setTokenR: a778a823a82253017306c9e9f6d827f272f7c9565
03.03.2020 00:02:12: _YourPlayerToken: u855e156e376e396562372e828c8e054769925f67021c
03.03.2020 00:02:12: _TokenCT: c2d5f22073d4d3e6a426e6e59490c
03.03.2020 00:02:12: _AH_MAIN_BLOCK: p479e347222122512996e35620e853717
03.03.2020 00:02:12: _AHKickOFF: v056f382e6c251d0e5585
03.03.2020 00:02:12: _AHKickLog: y1945358e2e3c4e72357d
03.03.2020 00:02:12: _clientdo: h49821e42850f897d15053c6e7e1a6e17054d
03.03.2020 00:02:12: _AH_RunCheckENDVAR: g42453c79290c2e49580e5c
03.03.2020 00:02:12: _AH_RunCheckENDVAR_THREAD: e2322157f6c5467576f85
03.03.2020 00:02:12: _AH_HackLogArrayRND: q59228e259550878a2d3e
03.03.2020 00:02:12: _AH_SurvLogArrayRND: d35382d692f3e8a7292980c697922257d5e2e57671510871917
03.03.2020 00:02:12: _AH_AdmiLogArrayRND: q45221c7c756f497d95108a4d121f
03.03.2020 00:02:12: _TMPBAN: x8c3d8225287f7c0e223a
03.03.2020 00:02:12: _massMessage: d9f5c2937150e3a353d958c83451e8c2d5c426550
03.03.2020 00:02:12: _massSysMessage: v9a5f144a298e827e7e0c446c349f4312
03.03.2020 00:02:12: _AHpos: r807e5f6722920e858e6e609f9205586c227e12
03.03.2020 00:02:12: _ninetwo: t14433e3f393524970c4d
03.03.2020 00:02:12: _ninetwothread: w3d027943257e1e386237
03.03.2020 00:02:12: _adminsA: q4e539c9d12857c82622d4d22
03.03.2020 00:02:12: _MC: h0e0c725d932360497475224f62538e5a92938e826282332e6e825367
03.03.2020 00:02:12: _MCS: t727e7e83305708276f62
03.03.2020 00:02:12: _checkidicheckcheck: z327e570985020d175f29802e3d4f
03.03.2020 00:02:12: _lastshotmade: h83126c151a8e438e3e67559e1d45824e0e270c88521495671a
03.03.2020 00:02:12: _dellocveh: m057973097f525a23755d
03.03.2020 00:02:12: _inCombatTime: i3e05130c807d4a33594a920e3e47734a7e052e8242
03.03.2020 00:02:12: _inCombatArray: v880e323a457a1f773f39
03.03.2020 00:02:12: _fnc_infiKeyHandler: p1f2585355a1f4e792925
03.03.2020 00:02:12: _vehicle_needs_check: p676e2d7c752c5e42329c28578e
03.03.2020 00:02:12: _MAKE_VAR_DUMP_RANDOM: p3c0e70274e6f8e65572239941d0a1e
03.03.2020 00:02:12: _MAKE_VAR_DUMP_CLIENT: w4f3e67228f59127e5a2f69433e9282723e20
03.03.2020 00:02:12: _DUMPINGPLAYERUIDARRAY: e1488379044554e6f221c673a252a092e1e7c2a0f1e
03.03.2020 00:02:12: _CURRENTLYDUMPING: r2e570315773f70373754
03.03.2020 00:02:12: _antiantihack_rndvar: k105c426262454f491c952c250c0c704e05
03.03.2020 00:02:12: _name_by_uid: c6c7d474e422e5e50433e959e558c1d823a508e556232
03.03.2020 00:02:12: _owner_by_uid: r191577722d1f855f00023e136a78123c178940686555071a17
03.03.2020 00:02:12: _customcommandingMenu: v772e3c1a332a85632f0f023d331e6e49
03.03.2020 00:02:12: _customcommandingMenuOpen: b2e50652e8539776c72175f1c320e8e7f5319251d0f3e
03.03.2020 00:02:12: _AH_KICKLOG: PVAHR_3c6i0j6b6v1h
03.03.2020 00:02:12: ----END-LINE----   (12-01-2020 22-45-36 - v0260)
03.03.2020 00:02:12: <infiSTAR.de> _fnc_RandomGen: {
_fnc_actualGen = {
_abc = ['z','y','x','w','v','u','t','s','r','q','p','o','n','m','l','k','j','i','h','g','f','e','d','c','b','a'];
_gen = _abc select (random ((count _abc)-1));
_arr = ['a','5','c','4','d','f','c','e','5','2','2','0','d','e','7','f','9','5','7','8','e','9','a','5','c','3','2','7','e','2','3'];
_randmax = {((round(random _randminval)) + (round(random _randmaxval))) max _randminval};
for '_i' from 0 to (call _randmax)do
{
_gen = _gen + str(round(random 9)) + (_arr select (random ((count _arr)-1)));
};
};
_gen = '';
while{_gen=='' || _gen in _allRandomGenVars}do{
call _fnc_actualGen;
};
_allRandomGenVars pushBack _gen;
_gen
}
03.03.2020 00:02:12: <infiSTAR.de> _fnc_RandomGen: {
_fnc_actualGen = {
_abc = ['z','y','x','w','v','u','t','s','r','q','p','o','n','m','l','k','j','i','h','g','f','e','d','c','b','a'];
_gen = _abc select (random ((count _abc)-1));
_arr = ['a','5','c','4','d','f','c','e','5','2','2','0','d','e','7','f','9','5','7','8','e','9','a','5','c','3','2','7','e','2','3'];
_randmax = {((round(random _randminval)) + (round(random _randmaxval))) max _randminval};
for '_i' from 0 to (call _randmax)do
{
_gen = _gen + str(round(random 9)) + (_arr select (random ((count _arr)-1)));
};
};
_gen = '';
while{_gen=='' || _gen in _allRandomGenVars}do{
call _fnc_actualGen;
};
_allRandomGenVars pushBack _gen;
_gen
}
03.03.2020 00:02:12: _adminbox: l8732807042723982235c023f157a9099978243327a
03.03.2020 00:02:13: _FNC_PVAH_AdminReq: o1c795a4337507e49247f7577480c7e1e0e4a9700857c22
03.03.2020 00:02:13: _token_by_uid: l67228305181922178455758d8055894e623d24252c7f1c5722
03.03.2020 00:02:13: _uid_by_token: k4f6e2f402e4a95699c7d5e1f3e6f421c873c9e
03.03.2020 00:02:13: _server_setTokenR: a778a823a82253017306c9e9f6d827f272f7c9565
03.03.2020 00:02:13: _YourPlayerToken: u855e156e376e396562372e828c8e054769925f67021c
03.03.2020 00:02:13: _TokenCT: c2d5f22073d4d3e6a426e6e59490c
03.03.2020 00:02:13: _AH_MAIN_BLOCK: p479e347222122512996e35620e853717
03.03.2020 00:02:13: _AHKickOFF: v056f382e6c251d0e5585
03.03.2020 00:02:13: _AHKickLog: y1945358e2e3c4e72357d
03.03.2020 00:02:13: _clientdo: h49821e42850f897d15053c6e7e1a6e17054d
03.03.2020 00:02:13: _AH_RunCheckENDVAR: g42453c79290c2e49580e5c
03.03.2020 00:02:13: _AH_RunCheckENDVAR_THREAD: e2322157f6c5467576f85
03.03.2020 00:02:13: _AH_HackLogArrayRND: q59228e259550878a2d3e
03.03.2020 00:02:13: _AH_SurvLogArrayRND: d35382d692f3e8a7292980c697922257d5e2e57671510871917
03.03.2020 00:02:13: _AH_AdmiLogArrayRND: q45221c7c756f497d95108a4d121f
03.03.2020 00:02:13: _TMPBAN: x8c3d8225287f7c0e223a
03.03.2020 00:02:13: _massMessage: d9f5c2937150e3a353d958c83451e8c2d5c426550
03.03.2020 00:02:13: _massSysMessage: v9a5f144a298e827e7e0c446c349f4312
03.03.2020 00:02:13: _AHpos: r807e5f6722920e858e6e609f9205586c227e12
03.03.2020 00:02:13: _ninetwo: t14433e3f393524970c4d
03.03.2020 00:02:13: _ninetwothread: w3d027943257e1e386237
03.03.2020 00:02:13: _adminsA: q4e539c9d12857c82622d4d22
03.03.2020 00:02:13: _MC: h0e0c725d932360497475224f62538e5a92938e826282332e6e825367
03.03.2020 00:02:13: _MCS: t727e7e83305708276f62
03.03.2020 00:02:13: _checkidicheckcheck: z327e570985020d175f29802e3d4f
03.03.2020 00:02:13: _lastshotmade: h83126c151a8e438e3e67559e1d45824e0e270c88521495671a
03.03.2020 00:02:13: _dellocveh: m057973097f525a23755d
03.03.2020 00:02:13: _inCombatTime: i3e05130c807d4a33594a920e3e47734a7e052e8242
03.03.2020 00:02:13: _inCombatArray: v880e323a457a1f773f39
03.03.2020 00:02:13: _fnc_infiKeyHandler: p1f2585355a1f4e792925
03.03.2020 00:02:13: _vehicle_needs_check: p676e2d7c752c5e42329c28578e
03.03.2020 00:02:13: _MAKE_VAR_DUMP_RANDOM: p3c0e70274e6f8e65572239941d0a1e
03.03.2020 00:02:13: _FNC_PVAH_AdminReq: o1c795a4337507e49247f7577480c7e1e0e4a9700857c22
03.03.2020 00:02:13: _token_by_uid: l67228305181922178455758d8055894e623d24252c7f1c5722
03.03.2020 00:02:13: _uid_by_token: k4f6e2f402e4a95699c7d5e1f3e6f421c873c9e
03.03.2020 00:02:13: _server_setTokenR: a778a823a82253017306c9e9f6d827f272f7c9565
03.03.2020 00:02:13: _YourPlayerToken: u855e156e376e396562372e828c8e054769925f67021c
03.03.2020 00:02:13: _TokenCT: c2d5f22073d4d3e6a426e6e59490c
03.03.2020 00:02:13: _AH_MAIN_BLOCK: p479e347222122512996e35620e853717
03.03.2020 00:02:13: _AHKickOFF: v056f382e6c251d0e5585
03.03.2020 00:02:13: _AHKickLog: y1945358e2e3c4e72357d
03.03.2020 00:02:13: _clientdo: h49821e42850f897d15053c6e7e1a6e17054d
03.03.2020 00:02:13: _AH_RunCheckENDVAR: g42453c79290c2e49580e5c
03.03.2020 00:02:13: _AH_RunCheckENDVAR_THREAD: e2322157f6c5467576f85
03.03.2020 00:02:13: _AH_HackLogArrayRND: q59228e259550878a2d3e
03.03.2020 00:02:13: _AH_SurvLogArrayRND: d35382d692f3e8a7292980c697922257d5e2e57671510871917
03.03.2020 00:02:13: _AH_AdmiLogArrayRND: q45221c7c756f497d95108a4d121f
03.03.2020 00:02:13: _TMPBAN: x8c3d8225287f7c0e223a
03.03.2020 00:02:13: _massMessage: d9f5c2937150e3a353d958c83451e8c2d5c426550
03.03.2020 00:02:13: _massSysMessage: v9a5f144a298e827e7e0c446c349f4312
03.03.2020 00:02:13: _AHpos: r807e5f6722920e858e6e609f9205586c227e12
03.03.2020 00:02:13: _ninetwo: t14433e3f393524970c4d
03.03.2020 00:02:13: _ninetwothread: w3d027943257e1e386237
03.03.2020 00:02:13: _adminsA: q4e539c9d12857c82622d4d22
03.03.2020 00:02:13: _MC: h0e0c725d932360497475224f62538e5a92938e826282332e6e825367
03.03.2020 00:02:13: _MCS: t727e7e83305708276f62
03.03.2020 00:02:13: _checkidicheckcheck: z327e570985020d175f29802e3d4f
03.03.2020 00:02:13: _lastshotmade: h83126c151a8e438e3e67559e1d45824e0e270c88521495671a
03.03.2020 00:02:13: _dellocveh: m057973097f525a23755d
03.03.2020 00:02:13: _inCombatTime: i3e05130c807d4a33594a920e3e47734a7e052e8242
03.03.2020 00:02:13: _inCombatArray: v880e323a457a1f773f39
03.03.2020 00:02:13: _fnc_infiKeyHandler: p1f2585355a1f4e792925
03.03.2020 00:02:13: _MAKE_VAR_DUMP_RANDOM: p3c0e70274e6f8e65572239941d0a1e
03.03.2020 00:02:14: _MAKE_VAR_DUMP_RANDOM: p3c0e70274e6f8e65572239941d0a1e
03.03.2020 00:02:14: _MAKE_VAR_DUMP_CLIENT: w4f3e67228f59127e5a2f69433e9282723e20
03.03.2020 00:02:14: _DUMPINGPLAYERUIDARRAY: e1488379044554e6f221c673a252a092e1e7c2a0f1e
03.03.2020 00:02:14: _CURRENTLYDUMPING: r2e570315773f70373754
03.03.2020 00:02:14: _antiantihack_rndvar: k105c426262454f491c952c250c0c704e05
03.03.2020 00:02:14: _name_by_uid: c6c7d474e422e5e50433e959e558c1d823a508e556232
03.03.2020 00:02:14: _owner_by_uid: r191577722d1f855f00023e136a78123c178940686555071a17
03.03.2020 00:02:14: _customcommandingMenu: v772e3c1a332a85632f0f023d331e6e49
03.03.2020 00:02:14: _customcommandingMenuOpen: b2e50652e8539776c72175f1c320e8e7f5319251d0f3e
03.03.2020 00:02:14: _AH_KICKLOG: PVAHR_3c6i0j6b6v1h
03.03.2020 00:02:14: ----END-LINE----   (12-01-2020 22-45-36 - v0260)
03.03.2020 00:07:46: <infiSTAR.de> _fnc_RandomGen: {
_fnc_actualGen = {
_abc = ['z','y','x','w','v','u','t','s','r','q','p','o','n','m','l','k','j','i','h','g','f','e','d','c','b','a'];
_gen = _abc select (random ((count _abc)-1));
_arr = ['a','5','c','4','d','f','c','e','5','2','2','0','d','e','7','f','9','5','7','8','e','9','a','5','c','3','2','7','e','2','3'];
_randmax = {((round(random _randminval)) + (round(random _randmaxval))) max _randminval};
for '_i' from 0 to (call _randmax)do
{
_gen = _gen + str(round(random 9)) + (_arr select (random ((count _arr)-1)));
};
};
_gen = '';
while{_gen=='' || _gen in _allRandomGenVars}do{
call _fnc_actualGen;
};
_allRandomGenVars pushBack _gen;
_gen
}
03.03.2020 00:07:46: ----START-LINE----   (12-01-2020 22-45-36 - v0260)
03.03.2020 00:07:46: _adminbox: t538e224e27278f4e325c5c425559278f5c1d7054
03.03.2020 00:07:46: _fnc_mpPackets: p72276c6f122e8e82552d
03.03.2020 00:07:46: _FNC_AH_KICKLOG: b7039255f226c5f69693e
03.03.2020 00:07:46: _FNC_AH_KICKLOGSPAWN: s5f9e228c2e7e3f826987622c1c7d675e1c6587857c7c
03.03.2020 00:07:46: _FNC_PVAH_AdminReq: y428399652d4e823e5e00774c15203a22
03.03.2020 00:07:46: _token_by_uid: a5e92038045772c5c8e1519688e
03.03.2020 00:07:46: _uid_by_token: c8c721c44424d153c227e041f8969
03.03.2020 00:07:46: _server_setTokenR: y7e4e501f5f7e9e297a5d
03.03.2020 00:07:46: _YourPlayerToken: q02255f7d27392a854508
03.03.2020 00:07:46: _TokenCT: i37722e4a0f9c92851a1245
03.03.2020 00:07:46: _AH_MAIN_BLOCK: x4533488f328a7d3e0c48803d77
03.03.2020 00:07:46: _AHKickOFF: o7070032f14973c2f4588
03.03.2020 00:07:46: _AHKickLog: j37850c191c4d3f45827d47
03.03.2020 00:07:46: _clientdo: d74950e656e837a4c59726e0a154c254c3e99590f89393c
03.03.2020 00:07:46: _AH_RunCheckENDVAR: n928e3e3e9f5e3f50892c122c5a835a6e9953
03.03.2020 00:07:46: _AH_RunCheckENDVAR_THREAD: w5d895a42588987675c321f27
03.03.2020 00:07:46: _AH_HackLogArrayRND: w4939421c497e15425a7f
03.03.2020 00:07:46: _AH_SurvLogArrayRND: x3c1e3a5a9f35555552925092929c93498f2e623a
03.03.2020 00:07:46: _AH_AdmiLogArrayRND: z6c493a130c126d7a42535d3c9e4e95430083
03.03.2020 00:07:47: _TMPBAN: w5887851767195c152e4a524538951952
03.03.2020 00:07:47: _massMessage: b6c327722135e359590224f7f022e9c2a37284e457287
03.03.2020 00:07:47: _massSysMessage: w351e2945953a5432822f
03.03.2020 00:07:47: _AHpos: o189a779e151e4c5245277c18270e5e733c
03.03.2020 00:07:47: _ninetwo: b4f427c524e2c736a140a4f472c5f8f2395
03.03.2020 00:07:47: _ninetwothread: k6c2e673f7a250e947d774a64422440792e536d07626f4e
03.03.2020 00:07:47: _adminsA: j283f3f45447a3e2085226e29353e12573a855367186a24
03.03.2020 00:07:47: _MC: v5a4d573534625c493f294e3e6c306a9c8832223d2d35
03.03.2020 00:07:47: _MCS: o657f6f6c6c7e2d4a757225323584622f
03.03.2020 00:07:47: _checkidicheckcheck: r983c2e8d651208392c2955251f1f35729c7f
03.03.2020 00:07:47: _lastshotmade: f397f8c9337851d438f208f1a7e746e428d2e0e90
03.03.2020 00:07:47: <infiSTAR.de> _fnc_RandomGen: {
_fnc_actualGen = {
_abc = ['z','y','x','w','v','u','t','s','r','q','p','o','n','m','l','k','j','i','h','g','f','e','d','c','b','a'];
_gen = _abc select (random ((count _abc)-1));
_arr = ['a','5','c','4','d','f','c','e','5','2','2','0','d','e','7','f','9','5','7','8','e','9','a','5','c','3','2','7','e','2','3'];
_randmax = {((round(random _randminval)) + (round(random _randmaxval))) max _randminval};
for '_i' from 0 to (call _randmax)do
{
_gen = _gen + str(round(random 9)) + (_arr select (random ((count _arr)-1)));
};
};
_gen = '';
while{_gen=='' || _gen in _allRandomGenVars}do{
call _fnc_actualGen;
};
_allRandomGenVars pushBack _gen;
_gen
}
03.03.2020 00:07:47: ----START-LINE----   (12-01-2020 22-45-36 - v0260)
03.03.2020 00:07:47: _adminbox: t538e224e27278f4e325c5c425559278f5c1d7054
03.03.2020 00:07:47: _fnc_mpPackets: p72276c6f122e8e82552d
03.03.2020 00:07:47: _FNC_AH_KICKLOG: b7039255f226c5f69693e
03.03.2020 00:07:47: _FNC_AH_KICKLOGSPAWN: s5f9e228c2e7e3f826987622c1c7d675e1c6587857c7c
03.03.2020 00:07:47: _FNC_PVAH_AdminReq: y428399652d4e823e5e00774c15203a22
03.03.2020 00:07:47: _token_by_uid: a5e92038045772c5c8e1519688e
03.03.2020 00:07:47: _uid_by_token: c8c721c44424d153c227e041f8969
03.03.2020 00:07:47: _server_setTokenR: y7e4e501f5f7e9e297a5d
03.03.2020 00:07:47: _YourPlayerToken: q02255f7d27392a854508
03.03.2020 00:07:47: _TokenCT: i37722e4a0f9c92851a1245
03.03.2020 00:07:47: _AH_MAIN_BLOCK: x4533488f328a7d3e0c48803d77
03.03.2020 00:07:47: _AHKickOFF: o7070032f14973c2f4588
03.03.2020 00:07:47: _AHKickLog: j37850c191c4d3f45827d47
03.03.2020 00:07:47: _clientdo: d74950e656e837a4c59726e0a154c254c3e99590f89393c
03.03.2020 00:07:47: _AH_RunCheckENDVAR: n928e3e3e9f5e3f50892c122c5a835a6e9953
03.03.2020 00:07:47: _AH_RunCheckENDVAR_THREAD: w5d895a42588987675c321f27
03.03.2020 00:07:47: _AH_HackLogArrayRND: w4939421c497e15425a7f
03.03.2020 00:07:47: _AH_SurvLogArrayRND: x3c1e3a5a9f35555552925092929c93498f2e623a
03.03.2020 00:07:47: _AH_AdmiLogArrayRND: z6c493a130c126d7a42535d3c9e4e95430083
03.03.2020 00:07:47: _TMPBAN: w5887851767195c152e4a524538951952
03.03.2020 00:07:47: _massMessage: b6c327722135e359590224f7f022e9c2a37284e457287
03.03.2020 00:07:47: _massSysMessage: w351e2945953a5432822f
03.03.2020 00:07:47: _AHpos: o189a779e151e4c5245277c18270e5e733c
03.03.2020 00:07:47: _ninetwo: b4f427c524e2c736a140a4f472c5f8f2395
03.03.2020 00:07:47: _ninetwothread: k6c2e673f7a250e947d774a64422440792e536d07626f4e
03.03.2020 00:07:47: _adminsA: j283f3f45447a3e2085226e29353e12573a855367186a24
03.03.2020 00:07:47: _MC: v5a4d573534625c493f294e3e6c306a9c8832223d2d35
03.03.2020 00:07:47: _MCS: o657f6f6c6c7e2d4a757225323584622f
03.03.2020 00:07:47: _checkidicheckcheck: r983c2e8d651208392c2955251f1f35729c7f
03.03.2020 00:07:47: _lastshotmade: f397f8c9337851d438f208f1a7e746e428d2e0e90
03.03.2020 00:07:47: _dellocveh: p3e72891705782505952e4e4e5229
03.03.2020 00:07:47: _inCombatTime: y7d1a7e1488235c6f374f7e4a19659229152782822a
03.03.2020 00:07:47: _inCombatArray: g89975d88391584652c5c325a93475a
03.03.2020 00:07:47: _fnc_infiKeyHandler: x9e6f3f307a4c87091a5280
03.03.2020 00:07:47: _vehicle_needs_check: i181e8a2958839c6d934c694f1369859d
03.03.2020 00:07:47: _MAKE_VAR_DUMP_RANDOM: p55938c19973a1e1d4299
03.03.2020 00:07:47: _MAKE_VAR_DUMP_CLIENT: k2c134a3715620e272532
03.03.2020 00:07:47: _DUMPINGPLAYERUIDARRAY: v1e097a2a8f830275496e459d29155925354c23
03.03.2020 00:07:47: _CURRENTLYDUMPING: i254d52451732895e9c2c3585509e252c57352c028f3e
03.03.2020 00:07:47: _antiantihack_rndvar: v893807458859547923629e6c297c878488
03.03.2020 00:07:47: _name_by_uid: h79897a2a5e6257274e4c5e496a6515493e1c4265
03.03.2020 00:07:47: _owner_by_uid: p2c3d53551f532289652f3524
03.03.2020 00:07:47: _customcommandingMenu: n82277e855e19855c773d7f058e1c677493837f457c357e
03.03.2020 00:07:47: _customcommandingMenuOpen: v155e55128c72184247357547851d1410822c0e40895234
03.03.2020 00:07:47: _AH_KICKLOG: PVAHR_4g9e4e9j7s1x
03.03.2020 00:07:47: ----END-LINE----   (12-01-2020 22-45-36 - v0260)
03.03.2020 00:19:37: <infiSTAR.de> _fnc_RandomGen: {
_fnc_actualGen = {
_abc = ['z','y','x','w','v','u','t','s','r','q','p','o','n','m','l','k','j','i','h','g','f','e','d','c','b','a'];
_gen = _abc select (random ((count _abc)-1));
_arr = ['a','5','c','4','d','f','c','e','5','2','2','0','d','e','7','f','9','5','7','8','e','9','a','5','c','3','2','7','e','2','3'];
_randmax = {((round(random _randminval)) + (round(random _randmaxval))) max _randminval};
for '_i' from 0 to (call _randmax)do
{
_gen = _gen + str(round(random 9)) + (_arr select (random ((count _arr)-1)));
};
};
_gen = '';
while{_gen=='' || _gen in _allRandomGenVars}do{
call _fnc_actualGen;
};
_allRandomGenVars pushBack _gen;
_gen
}
03.03.2020 00:19:37: ----START-LINE----   (12-01-2020 22-45-36 - v0260)
03.03.2020 00:19:37: _adminbox: f0e6c094e49029c1c4533
03.03.2020 00:19:37: _fnc_mpPackets: r734d959e708f2d7c658f733a072a653d05254a02
03.03.2020 00:19:37: _FNC_AH_KICKLOG: p12621967505d0e3d82885c3e026869
03.03.2020 00:19:37: _FNC_AH_KICKLOGSPAWN: v524a9225852e25027e77
03.03.2020 00:19:37: _FNC_PVAH_AdminReq: y0a8262846a6952538f3572781f88982c3c8e677045852055
03.03.2020 00:19:37: _token_by_uid: o6f7225523c791473394235420e143c731d137e653d524729478364
03.03.2020 00:19:37: _uid_by_token: h8d4e92032e2c55276499557d63659e03153a3d4c
03.03.2020 00:19:37: _server_setTokenR: m84051e65451a5f5735896e124512627e25879d35622a388e5e6e450842
03.03.2020 00:19:37: _YourPlayerToken: z175d7d2c08928c352e47
03.03.2020 00:19:37: _TokenCT: m4f325c873a6f3c5f5e806e9c8c1c6e2e69536e
03.03.2020 00:19:37: _AH_MAIN_BLOCK: h55146e80577c624e5d098e2e85
03.03.2020 00:19:37: _AHKickOFF: w7765556e58100377651e6569757c63121533
03.03.2020 00:19:37: _AHKickLog: j3d23824c1509850d0c13
03.03.2020 00:19:37: _clientdo: g8d3207991e726d37541d824e8e4d82346d5c9e2c549e3d222d
03.03.2020 00:19:37: _AH_RunCheckENDVAR: j4e5e8a251d4435852e63372a12
03.03.2020 00:19:37: _AH_RunCheckENDVAR_THREAD: r7e3e828a95179c058582
03.03.2020 00:19:37: _AH_HackLogArrayRND: v554505251e953748986e67856c8e1d2537322264796c39
03.03.2020 00:19:37: _AH_SurvLogArrayRND: r426c649e3427674c782467
03.03.2020 00:19:37: _AH_AdmiLogArrayRND: n32549543337788854512
03.03.2020 00:19:37: _TMPBAN: t009c7c5c3e322c5a4d4c7c128d4d40
03.03.2020 00:19:37: _massMessage: j7552736d392a806a3a176e523a
03.03.2020 00:19:37: _massSysMessage: v17826f75155c8d13252e8c572975
03.03.2020 00:19:37: _AHpos: g541c627a183e0d433a8c430d7d6f5f3454
03.03.2020 00:19:37: _ninetwo: b87598c8d8e8d9c4285220a826272931378557370
03.03.2020 00:19:37: _ninetwothread: d1e5d721c5e728a336c5c0e3e5e359e8e
03.03.2020 00:19:37: _adminsA: z1877893e452c3c8d8e69
03.03.2020 00:19:37: _MC: s2350744e72158c6f774c426f
03.03.2020 00:19:37: _MCS: b4c2e8a283c4835984d9c744c8f77
03.03.2020 00:19:37: _checkidicheckcheck: x373c152d32842c9e7a822e138e
03.03.2020 00:19:37: _lastshotmade: u3c343c8d7257723c1c25325219
03.03.2020 00:19:37: <infiSTAR.de> _fnc_RandomGen: {
_fnc_actualGen = {
_abc = ['z','y','x','w','v','u','t','s','r','q','p','o','n','m','l','k','j','i','h','g','f','e','d','c','b','a'];
_gen = _abc select (random ((count _abc)-1));
_arr = ['a','5','c','4','d','f','c','e','5','2','2','0','d','e','7','f','9','5','7','8','e','9','a','5','c','3','2','7','e','2','3'];
_randmax = {((round(random _randminval)) + (round(random _randmaxval))) max _randminval};
for '_i' from 0 to (call _randmax)do
{
_gen = _gen + str(round(random 9)) + (_arr select (random ((count _arr)-1)));
};
};
_gen = '';
while{_gen=='' || _gen in _allRandomGenVars}do{
call _fnc_actualGen;
};
_allRandomGenVars pushBack _gen;
_gen
}
03.03.2020 00:19:37: _adminbox: f0e6c094e49029c1c4533
03.03.2020 00:19:38: _FNC_AH_KICKLOG: p12621967505d0e3d82885c3e026869
03.03.2020 00:19:38: _FNC_AH_KICKLOGSPAWN: v524a9225852e25027e77
03.03.2020 00:19:38: _FNC_PVAH_AdminReq: y0a8262846a6952538f3572781f88982c3c8e677045852055
03.03.2020 00:19:38: _token_by_uid: o6f7225523c791473394235420e143c731d137e653d524729478364
03.03.2020 00:19:38: _uid_by_token: h8d4e92032e2c55276499557d63659e03153a3d4c
03.03.2020 00:19:38: _server_setTokenR: m84051e65451a5f5735896e124512627e25879d35622a388e5e6e450842
03.03.2020 00:19:38: _YourPlayerToken: z175d7d2c08928c352e47
03.03.2020 00:19:38: _TokenCT: m4f325c873a6f3c5f5e806e9c8c1c6e2e69536e
03.03.2020 00:19:38: _AH_MAIN_BLOCK: h55146e80577c624e5d098e2e85
03.03.2020 00:19:38: _AHKickOFF: w7765556e58100377651e6569757c63121533
03.03.2020 00:19:38: _AHKickLog: j3d23824c1509850d0c13
03.03.2020 00:19:38: _clientdo: g8d3207991e726d37541d824e8e4d82346d5c9e2c549e3d222d
03.03.2020 00:19:38: _AH_RunCheckENDVAR: j4e5e8a251d4435852e63372a12
03.03.2020 00:19:38: _AH_RunCheckENDVAR_THREAD: r7e3e828a95179c058582
03.03.2020 00:19:38: _AH_HackLogArrayRND: v554505251e953748986e67856c8e1d2537322264796c39
03.03.2020 00:19:38: _AH_SurvLogArrayRND: r426c649e3427674c782467
03.03.2020 00:19:38: _AH_AdmiLogArrayRND: n32549543337788854512
03.03.2020 00:19:38: _TMPBAN: t009c7c5c3e322c5a4d4c7c128d4d40
03.03.2020 00:19:38: _massMessage: j7552736d392a806a3a176e523a
03.03.2020 00:19:38: _massSysMessage: v17826f75155c8d13252e8c572975
03.03.2020 00:19:38: _AHpos: g541c627a183e0d433a8c430d7d6f5f3454
03.03.2020 00:19:38: _ninetwo: b87598c8d8e8d9c4285220a826272931378557370
03.03.2020 00:19:38: _ninetwothread: d1e5d721c5e728a336c5c0e3e5e359e8e
03.03.2020 00:19:38: _adminsA: z1877893e452c3c8d8e69
03.03.2020 00:19:38: _MC: s2350744e72158c6f774c426f
03.03.2020 00:19:38: _MCS: b4c2e8a283c4835984d9c744c8f77
03.03.2020 00:19:38: _checkidicheckcheck: x373c152d32842c9e7a822e138e
03.03.2020 00:19:38: _lastshotmade: u3c343c8d7257723c1c25325219
03.03.2020 00:19:38: _dellocveh: x4e34080242279e959e523e2c57058c399e62857329425290354c009e
03.03.2020 00:19:38: _inCombatTime: s8733888f2c9f05837e92035e1e7e871d395d70
03.03.2020 00:19:38: _inCombatArray: k6e32027c1c2782252875
03.03.2020 00:19:38: _fnc_infiKeyHandler: f2e34642e92299e1a62491c67528f3a628202488e44
03.03.2020 00:19:38: _FNC_AH_KICKLOG: p12621967505d0e3d82885c3e026869
03.03.2020 00:19:38: _FNC_AH_KICKLOGSPAWN: v524a9225852e25027e77
03.03.2020 00:19:38: _FNC_PVAH_AdminReq: y0a8262846a6952538f3572781f88982c3c8e677045852055
03.03.2020 00:19:38: _token_by_uid: o6f7225523c791473394235420e143c731d137e653d524729478364
03.03.2020 00:19:38: _uid_by_token: h8d4e92032e2c55276499557d63659e03153a3d4c
03.03.2020 00:19:38: _server_setTokenR: m84051e65451a5f5735896e124512627e25879d35622a388e5e6e450842
03.03.2020 00:19:38: _YourPlayerToken: z175d7d2c08928c352e47
03.03.2020 00:19:38: _TokenCT: m4f325c873a6f3c5f5e806e9c8c1c6e2e69536e
03.03.2020 00:19:38: _AH_MAIN_BLOCK: h55146e80577c624e5d098e2e85
03.03.2020 00:19:38: _AHKickOFF: w7765556e58100377651e6569757c63121533
03.03.2020 00:19:38: _AHKickLog: j3d23824c1509850d0c13
03.03.2020 00:19:38: _clientdo: g8d3207991e726d37541d824e8e4d82346d5c9e2c549e3d222d
03.03.2020 00:19:38: _AH_RunCheckENDVAR: j4e5e8a251d4435852e63372a12
03.03.2020 00:19:38: _AH_RunCheckENDVAR_THREAD: r7e3e828a95179c058582
03.03.2020 00:19:38: _AH_HackLogArrayRND: v554505251e953748986e67856c8e1d2537322264796c39
03.03.2020 00:19:38: _AH_SurvLogArrayRND: r426c649e3427674c782467
03.03.2020 00:19:38: _AH_AdmiLogArrayRND: n32549543337788854512
03.03.2020 00:19:38: _TMPBAN: t009c7c5c3e322c5a4d4c7c128d4d40
03.03.2020 00:19:38: _massMessage: j7552736d392a806a3a176e523a
03.03.2020 00:19:38: _massSysMessage: v17826f75155c8d13252e8c572975
03.03.2020 00:19:38: _AHpos: g541c627a183e0d433a8c430d7d6f5f3454
03.03.2020 00:19:38: _ninetwo: b87598c8d8e8d9c4285220a826272931378557370
03.03.2020 00:19:38: _ninetwothread: d1e5d721c5e728a336c5c0e3e5e359e8e
03.03.2020 00:19:38: _adminsA: z1877893e452c3c8d8e69
03.03.2020 00:19:38: _MC: s2350744e72158c6f774c426f
03.03.2020 00:19:38: _MCS: b4c2e8a283c4835984d9c744c8f77
03.03.2020 00:19:38: _checkidicheckcheck: x373c152d32842c9e7a822e138e
03.03.2020 00:19:38: _lastshotmade: u3c343c8d7257723c1c25325219
03.03.2020 00:19:38: _dellocveh: x4e34080242279e959e523e2c57058c399e62857329425290354c009e
03.03.2020 00:19:38: _inCombatTime: s8733888f2c9f05837e92035e1e7e871d395d70
03.03.2020 00:19:38: _inCombatArray: k6e32027c1c2782252875
03.03.2020 00:19:38: _fnc_infiKeyHandler: f2e34642e92299e1a62491c67528f3a628202488e44
03.03.2020 00:19:38: _vehicle_needs_check: s476c473f958d492e873d9465820e4e85172d6c776e0c7f1c87
03.03.2020 00:19:38: _MAKE_VAR_DUMP_RANDOM: g15077589451d9c934e854f7265527f59858225890962
03.03.2020 00:19:39: _MAKE_VAR_DUMP_CLIENT: l198782228f655e197c8f04
03.03.2020 00:19:39: _DUMPINGPLAYERUIDARRAY: c258f678e1a2a4e67275f05095e9e547e105202521c0469232457
03.03.2020 00:19:39: _CURRENTLYDUMPING: u62221013683529329e15026d6d608c
03.03.2020 00:19:39: _antiantihack_rndvar: y4c2e670f15575422337a3508329c1532953c4c7c777e
03.03.2020 00:19:39: _name_by_uid: x832f25448e843a7f825c0f4c8d226f2c786354
03.03.2020 00:19:39: _owner_by_uid: v1f3d323e623282355f3e4c9067528c77070367975c032e7568
03.03.2020 00:19:39: _customcommandingMenu: l88776c0d1d583580843f
03.03.2020 00:19:39: _customcommandingMenuOpen: v4c9a15428e759f756807271743
03.03.2020 00:19:39: _AH_KICKLOG: PVAHR_0b0h1l1c5t3p1g
03.03.2020 00:19:39: ----END-LINE----   (12-01-2020 22-45-36 - v0260)
03.03.2020 00:59:33: <infiSTAR.de> _fnc_RandomGen: {
_fnc_actualGen = {
_abc = ['z','y','x','w','v','u','t','s','r','q','p','o','n','m','l','k','j','i','h','g','f','e','d','c','b','a'];
_gen = _abc select (random ((count _abc)-1));
_arr = ['a','5','c','4','d','f','c','e','5','2','2','0','d','e','7','f','9','5','7','8','e','9','a','5','c','3','2','7','e','2','3'];
_randmax = {((round(random _randminval)) + (round(random _randmaxval))) max _randminval};
for '_i' from 0 to (call _randmax)do
{
_gen = _gen + str(round(random 9)) + (_arr select (random ((count _arr)-1)));
};
};
_gen = '';
while{_gen=='' || _gen in _allRandomGenVars}do{
call _fnc_actualGen;
};
_allRandomGenVars pushBack _gen;
_gen
}
03.03.2020 00:59:33: ----START-LINE----   (12-01-2020 22-45-36 - v0260)
03.03.2020 00:59:33: _adminbox: y3e62578f79856d382f871282132272134528695d65
03.03.2020 00:59:33: _fnc_mpPackets: p3c87288c4a52473e3369
03.03.2020 00:59:33: _FNC_AH_KICKLOG: u77653d7737657d3945536e22776577191d3469936e62379f19
03.03.2020 00:59:33: _FNC_AH_KICKLOGSPAWN: w4f170f2f49458970505e77
03.03.2020 00:59:33: _FNC_PVAH_AdminReq: l7e1e7f35675e429a0d288c653319
03.03.2020 00:59:33: _token_by_uid: d6e472463821900721c7e
03.03.2020 00:59:33: _uid_by_token: t0312656e4d825e594a551c7532028e6c938c0592042f17
03.03.2020 00:59:33: _server_setTokenR: n701e2029438283757e37
03.03.2020 00:59:33: _YourPlayerToken: x53024d3e7f895c3e8c3552
03.03.2020 00:59:33: _TokenCT: l5c2d854f0553137d574e578d
03.03.2020 00:59:33: _AH_MAIN_BLOCK: t607e7c5a4410674c4a52054e7c1942681c4e42226844
03.03.2020 00:59:33: _AHKickOFF: l490c6e3c9c4285073c55137c8f696d4d5702
03.03.2020 00:59:33: _AHKickLog: l172c78122f19621d334e3c8c4e155e
03.03.2020 00:59:33: _clientdo: c82957264726e9a159252
03.03.2020 00:59:33: _AH_RunCheckENDVAR: q357992555d525f67888f0f9e
03.03.2020 00:59:33: _AH_RunCheckENDVAR_THREAD: h7f4f796f274c8a875259797e855a6d652e3c129d0f15
03.03.2020 00:59:33: _AH_HackLogArrayRND: k429537658785654f37871c3c
03.03.2020 00:59:33: _AH_SurvLogArrayRND: m7535591d7903694f537f07
03.03.2020 00:59:33: _AH_AdmiLogArrayRND: p2d15333d522c5a159e3e
03.03.2020 00:59:33: _TMPBAN: x37893e34598f697e5a6f4225320f05376e35
03.03.2020 00:59:33: _massMessage: d25490c693063704e757e1f2e5e2e
03.03.2020 00:59:33: _massSysMessage: k0a9589386f1433957e7267228e5c673d3e4233328c1025
03.03.2020 00:59:33: _AHpos: z923385385c6347853e130f73874e324c3d8e27653529226e
03.03.2020 00:59:33: _ninetwo: o1d952d1c422962846a13821e6c5c52486f4f
03.03.2020 00:59:33: _ninetwothread: d573e69621c708f980c244c636a138e79
03.03.2020 00:59:33: _adminsA: o15758960521847055f02
03.03.2020 00:59:33: _MC: t2f1a4272692e551d628e
03.03.2020 00:59:33: _MCS: l8c391c22451a7e7d322c
03.03.2020 00:59:33: _checkidicheckcheck: t451574795752553e8c69732f88404e3f926e97
03.03.2020 00:59:33: _lastshotmade: t277f35250c4e246c175c8d4e9518889e4e687c121e4d6e
03.03.2020 00:59:33: <infiSTAR.de> _fnc_RandomGen: {
_fnc_actualGen = {
_abc = ['z','y','x','w','v','u','t','s','r','q','p','o','n','m','l','k','j','i','h','g','f','e','d','c','b','a'];
_gen = _abc select (random ((count _abc)-1));
_arr = ['a','5','c','4','d','f','c','e','5','2','2','0','d','e','7','f','9','5','7','8','e','9','a','5','c','3','2','7','e','2','3'];
_randmax = {((round(random _randminval)) + (round(random _randmaxval))) max _randminval};
for '_i' from 0 to (call _randmax)do
{
_gen = _gen + str(round(random 9)) + (_arr select (random ((count _arr)-1)));
};
};
_gen = '';
while{_gen=='' || _gen in _allRandomGenVars}do{
call _fnc_actualGen;
};
_allRandomGenVars pushBack _gen;
_gen
}
03.03.2020 00:59:33: ----START-LINE----   (12-01-2020 22-45-36 - v0260)
03.03.2020 00:59:33: _adminbox: y3e62578f79856d382f871282132272134528695d65
03.03.2020 00:59:33: _fnc_mpPackets: p3c87288c4a52473e3369
03.03.2020 00:59:33: _FNC_AH_KICKLOG: u77653d7737657d3945536e22776577191d3469936e62379f19
03.03.2020 00:59:33: _FNC_AH_KICKLOGSPAWN: w4f170f2f49458970505e77
03.03.2020 00:59:33: _FNC_PVAH_AdminReq: l7e1e7f35675e429a0d288c653319
03.03.2020 00:59:33: _token_by_uid: d6e472463821900721c7e
03.03.2020 00:59:33: _uid_by_token: t0312656e4d825e594a551c7532028e6c938c0592042f17
03.03.2020 00:59:33: _server_setTokenR: n701e2029438283757e37
03.03.2020 00:59:33: _YourPlayerToken: x53024d3e7f895c3e8c3552
03.03.2020 00:59:33: _TokenCT: l5c2d854f0553137d574e578d
03.03.2020 00:59:33: _AH_MAIN_BLOCK: t607e7c5a4410674c4a52054e7c1942681c4e42226844
03.03.2020 00:59:33: _AHKickOFF: l490c6e3c9c4285073c55137c8f696d4d5702
03.03.2020 00:59:33: _AHKickLog: l172c78122f19621d334e3c8c4e155e
03.03.2020 00:59:33: _clientdo: c82957264726e9a159252
03.03.2020 00:59:33: _AH_RunCheckENDVAR: q357992555d525f67888f0f9e
03.03.2020 00:59:33: _AH_RunCheckENDVAR_THREAD: h7f4f796f274c8a875259797e855a6d652e3c129d0f15
03.03.2020 00:59:33: _AH_HackLogArrayRND: k429537658785654f37871c3c
03.03.2020 00:59:33: _AH_SurvLogArrayRND: m7535591d7903694f537f07
03.03.2020 00:59:33: _AH_AdmiLogArrayRND: p2d15333d522c5a159e3e
03.03.2020 00:59:33: _TMPBAN: x37893e34598f697e5a6f4225320f05376e35
03.03.2020 00:59:33: _massMessage: d25490c693063704e757e1f2e5e2e
03.03.2020 00:59:33: _massSysMessage: k0a9589386f1433957e7267228e5c673d3e4233328c1025
03.03.2020 00:59:33: _AHpos: z923385385c6347853e130f73874e324c3d8e27653529226e
03.03.2020 00:59:33: _ninetwo: o1d952d1c422962846a13821e6c5c52486f4f
03.03.2020 00:59:33: _ninetwothread: d573e69621c708f980c244c636a138e79
03.03.2020 00:59:33: _adminsA: o15758960521847055f02
03.03.2020 00:59:33: _MC: t2f1a4272692e551d628e
03.03.2020 00:59:33: _MCS: l8c391c22451a7e7d322c
03.03.2020 00:59:33: _checkidicheckcheck: t451574795752553e8c69732f88404e3f926e97
03.03.2020 00:59:33: _lastshotmade: t277f35250c4e246c175c8d4e9518889e4e687c121e4d6e
03.03.2020 00:59:33: _dellocveh: s6c756a0d359c538c7535
03.03.2020 00:59:33: _inCombatTime: k825970175e6e729905521e9c322d7e97433c27
03.03.2020 00:59:33: _inCombatArray: u4c5527357c2d573e1c535a456e474f124553178f2505
03.03.2020 00:59:33: _fnc_infiKeyHandler: x2e727d12429c8d023e0d396d829f1773451c595295243d6a1285170d50
03.03.2020 00:59:33: _vehicle_needs_check: h7f35490e5e705577926d
03.03.2020 00:59:33: _MAKE_VAR_DUMP_RANDOM: l358c4a8c75487e45624a374e3f8e1e5032
03.03.2020 00:59:33: _MAKE_VAR_DUMP_CLIENT: k2e23572d02459e37893f3e6095176e272c121233303952
03.03.2020 00:59:33: _DUMPINGPLAYERUIDARRAY: o856c158320779217655f8e8a074d323a682e274d3212
03.03.2020 00:59:33: _CURRENTLYDUMPING: y1265622e4c3c198d382e
03.03.2020 00:59:33: _name_by_uid: y7d9e4e77138d321c2e9e1f198e12400d09158e6e721992229f
03.03.2020 00:59:34: _name_by_uid: y7d9e4e77138d321c2e9e1f198e12400d09158e6e721992229f
03.03.2020 00:59:34: _owner_by_uid: h55758d8e7035482e009f15271e1e772c
03.03.2020 00:59:34: _customcommandingMenu: a979c29326f9555792c6c
03.03.2020 00:59:34: _customcommandingMenuOpen: w323d4e156042528829836d1e55671c5e6c852d9c
03.03.2020 00:59:34: _AH_KICKLOG: PVAHR_8x8q7n1y8p3h
03.03.2020 00:59:34: ----END-LINE----   (12-01-2020 22-45-36 - v0260)
03.03.2020 01:19:56: <infiSTAR.de> _fnc_RandomGen: {
_fnc_actualGen = {
_abc = ['z','y','x','w','v','u','t','s','r','q','p','o','n','m','l','k','j','i','h','g','f','e','d','c','b','a'];
_gen = _abc select (random ((count _abc)-1));
_arr = ['a','5','c','4','d','f','c','e','5','2','2','0','d','e','7','f','9','5','7','8','e','9','a','5','c','3','2','7','e','2','3'];
_randmax = {((round(random _randminval)) + (round(random _randmaxval))) max _randminval};
for '_i' from 0 to (call _randmax)do
{
_gen = _gen + str(round(random 9)) + (_arr select (random ((count _arr)-1)));
};
};
_gen = '';
while{_gen=='' || _gen in _allRandomGenVars}do{
call _fnc_actualGen;
};
_allRandomGenVars pushBack _gen;
_gen
}
03.03.2020 01:19:56: ----START-LINE----   (12-01-2020 22-45-36 - v0260)
03.03.2020 01:19:56: _adminbox: j205d8e8e2d356f23626c2c8e3e30646c3f79902f657950
03.03.2020 01:19:56: _fnc_mpPackets: v3212875e2c474a277e6e732e1c28
03.03.2020 01:19:56: _FNC_AH_KICKLOG: t53197a75355d6d8c820977252c8e575e755e09271c129e4c
03.03.2020 01:19:56: _FNC_AH_KICKLOGSPAWN: p8f2c62535e6d851e428f8f7d05378c0d3c377f15
03.03.2020 01:19:56: _FNC_PVAH_AdminReq: b1f2c276c6d6592255f5f
03.03.2020 01:19:56: _token_by_uid: t4c232e8e5e43451f7f25
03.03.2020 01:19:56: _uid_by_token: o0793290c35326f497c52733c478f4e50
03.03.2020 01:19:56: _server_setTokenR: q4723959e9c7225347e478900174e
03.03.2020 01:19:56: _YourPlayerToken: y8e4e4c6c6757830e027e9923103c
03.03.2020 01:19:56: _TokenCT: f13853d8708026a5d286964
03.03.2020 01:19:56: _AH_MAIN_BLOCK: n78025f980e277c4702277c9725055c5429
03.03.2020 01:19:56: _AHKickOFF: b7f7d279a771e2567695c255c1e
03.03.2020 01:19:56: _AHKickLog: r252039954f7d274e397e872d8d
03.03.2020 01:19:56: _clientdo: x1e5067322329432e3e7d1f
03.03.2020 01:19:56: _AH_RunCheckENDVAR: b7c2752653525258515874d
03.03.2020 01:19:56: _AH_RunCheckENDVAR_THREAD: x4c325f788d756d8a7f65
03.03.2020 01:19:56: _AH_HackLogArrayRND: o1f4f4a1d478345256277775709
03.03.2020 01:19:56: _AH_SurvLogArrayRND: n9e6c023d7830379f8d3a8c47775d803a5e1c0c650c3c
03.03.2020 01:19:56: _AH_AdmiLogArrayRND: e8e1277575f753e7f2d1c433272
03.03.2020 01:19:56: _TMPBAN: a6267884c9a231c7565754f3715
03.03.2020 01:19:56: _massMessage: d4c522e75326912958a78
03.03.2020 01:19:56: _massSysMessage: p8255821f8a2e8e1e7c3c1d44589e53495f072940758e
03.03.2020 01:19:56: _AHpos: q40789e528d3f5a2c85792e686a
03.03.2020 01:19:56: _ninetwo: b15237e88673c547e5a306292
03.03.2020 01:19:56: _ninetwothread: g823d4989020a376f62472e4c63
03.03.2020 01:19:56: _adminsA: n3775855e8355223863371d37828c20325d65826a57543e2d
03.03.2020 01:19:56: _MC: k770e6f057f456f8f2575
03.03.2020 01:19:56: _MCS: i47274754325a576c8e1e757a6e872a802913557f
03.03.2020 01:19:56: _checkidicheckcheck: v25722260585c898f1c371d4f793d157e857f437a1e2539
03.03.2020 01:19:56: _lastshotmade: u7c750d07851432258d23427f
03.03.2020 01:19:56: <infiSTAR.de> _fnc_RandomGen: {
_fnc_actualGen = {
_abc = ['z','y','x','w','v','u','t','s','r','q','p','o','n','m','l','k','j','i','h','g','f','e','d','c','b','a'];
_gen = _abc select (random ((count _abc)-1));
_arr = ['a','5','c','4','d','f','c','e','5','2','2','0','d','e','7','f','9','5','7','8','e','9','a','5','c','3','2','7','e','2','3'];
_randmax = {((round(random _randminval)) + (round(random _randmaxval))) max _randminval};
for '_i' from 0 to (call _randmax)do
{
_gen = _gen + str(round(random 9)) + (_arr select (random ((count _arr)-1)));
};
};
_gen = '';
while{_gen=='' || _gen in _allRandomGenVars}do{
call _fnc_actualGen;
};
_allRandomGenVars pushBack _gen;
_gen
}
03.03.2020 01:19:56: ----START-LINE----   (12-01-2020 22-45-36 - v0260)
03.03.2020 01:19:56: _adminbox: j205d8e8e2d356f23626c2c8e3e30646c3f79902f657950
03.03.2020 01:19:57: _fnc_mpPackets: v3212875e2c474a277e6e732e1c28
03.03.2020 01:19:57: _FNC_AH_KICKLOG: t53197a75355d6d8c820977252c8e575e755e09271c129e4c
03.03.2020 01:19:57: _FNC_AH_KICKLOGSPAWN: p8f2c62535e6d851e428f8f7d05378c0d3c377f15
03.03.2020 01:19:57: _FNC_PVAH_AdminReq: b1f2c276c6d6592255f5f
03.03.2020 01:19:57: _token_by_uid: t4c232e8e5e43451f7f25
03.03.2020 01:19:57: _uid_by_token: o0793290c35326f497c52733c478f4e50
03.03.2020 01:19:57: _server_setTokenR: q4723959e9c7225347e478900174e
03.03.2020 01:19:57: _YourPlayerToken: y8e4e4c6c6757830e027e9923103c
03.03.2020 01:19:57: _TokenCT: f13853d8708026a5d286964
03.03.2020 01:19:57: _AH_MAIN_BLOCK: n78025f980e277c4702277c9725055c5429
03.03.2020 01:19:57: _AHKickOFF: b7f7d279a771e2567695c255c1e
03.03.2020 01:19:57: _AHKickLog: r252039954f7d274e397e872d8d
03.03.2020 01:19:57: _clientdo: x1e5067322329432e3e7d1f
03.03.2020 01:19:57: _AH_RunCheckENDVAR: b7c2752653525258515874d
03.03.2020 01:19:57: _AH_RunCheckENDVAR_THREAD: x4c325f788d756d8a7f65
03.03.2020 01:19:57: _AH_HackLogArrayRND: o1f4f4a1d478345256277775709
03.03.2020 01:19:57: _AH_SurvLogArrayRND: n9e6c023d7830379f8d3a8c47775d803a5e1c0c650c3c
03.03.2020 01:19:57: _AH_AdmiLogArrayRND: e8e1277575f753e7f2d1c433272
03.03.2020 01:19:57: _TMPBAN: a6267884c9a231c7565754f3715
03.03.2020 01:19:57: _massMessage: d4c522e75326912958a78
03.03.2020 01:19:57: _massSysMessage: p8255821f8a2e8e1e7c3c1d44589e53495f072940758e
03.03.2020 01:19:57: _AHpos: q40789e528d3f5a2c85792e686a
03.03.2020 01:19:57: _ninetwo: b15237e88673c547e5a306292
03.03.2020 01:19:57: _ninetwothread: g823d4989020a376f62472e4c63
03.03.2020 01:19:57: _adminsA: n3775855e8355223863371d37828c20325d65826a57543e2d
03.03.2020 01:19:57: _MC: k770e6f057f456f8f2575
03.03.2020 01:19:57: _MCS: i47274754325a576c8e1e757a6e872a802913557f
03.03.2020 01:19:57: _checkidicheckcheck: v25722260585c898f1c371d4f793d157e857f437a1e2539
03.03.2020 01:19:57: _lastshotmade: u7c750d07851432258d23427f
03.03.2020 01:19:57: _dellocveh: e9a23251e5e7f6e796097
03.03.2020 01:19:57: _inCombatTime: j390e8a9c1f2e5a9c1f6c
03.03.2020 01:19:57: _inCombatArray: g357e7787232203352f297d9a9392898e1323591d97696e
03.03.2020 01:19:57: _fnc_infiKeyHandler: e2d154a872859550a597f65120f151d7e1c278e726f4c
03.03.2020 01:19:57: _vehicle_needs_check: h7e670f7c47206c558c2d
03.03.2020 01:19:57: _MAKE_VAR_DUMP_RANDOM: y27675e2e4a771c6f1245657583958e2e3d5275723d227247741f1d
03.03.2020 01:19:57: _MAKE_VAR_DUMP_CLIENT: e15756a63533c428c0e27693e2552
03.03.2020 01:19:57: _DUMPINGPLAYERUIDARRAY: h8f3c427d276e4472384d
03.03.2020 01:19:57: _CURRENTLYDUMPING: h1582895e25422d427373153032106f799e5417225362978d
03.03.2020 01:19:57: _antiantihack_rndvar: y529d35597d8e124e382d428f8d92498240248e2c
03.03.2020 01:19:57: _name_by_uid: f25825d574e326f392c625c3542874c126c68221445031d5f6d2e3925
03.03.2020 01:19:57: _owner_by_uid: f5a408594759f7217279e
03.03.2020 01:19:57: _customcommandingMenu: e839d9a62155e5e270712
03.03.2020 01:19:57: _customcommandingMenuOpen: m7c6a5e4c07397d5a6519
03.03.2020 01:19:57: _AH_KICKLOG: PVAHR_4z6j4w2v7p5j6p6j
03.03.2020 01:19:57: ----END-LINE----   (12-01-2020 22-45-36 - v0260)
03.03.2020 12:02:00: <infiSTAR.de> _fnc_RandomGen: {
_fnc_actualGen = {
_abc = ['z','y','x','w','v','u','t','s','r','q','p','o','n','m','l','k','j','i','h','g','f','e','d','c','b','a'];
_gen = _abc select (random ((count _abc)-1));
_arr = ['a','5','c','4','d','f','c','e','5','2','2','0','d','e','7','f','9','5','7','8','e','9','a','5','c','3','2','7','e','2','3'];
_randmax = {((round(random _randminval)) + (round(random _randmaxval))) max _randminval};
for '_i' from 0 to (call _randmax)do
{
_gen = _gen + str(round(random 9)) + (_arr select (random ((count _arr)-1)));
};
};
_gen = '';
while{_gen=='' || _gen in _allRandomGenVars}do{
call _fnc_actualGen;
};
_allRandomGenVars pushBack _gen;
_gen
}
03.03.2020 12:02:00: ----START-LINE----   (12-01-2020 22-45-36 - v0260)
03.03.2020 12:02:00: _adminbox: v541a6d7d253d57494585
03.03.2020 12:02:00: _fnc_mpPackets: g59779214474d2820353f34457f12445c7f54
03.03.2020 12:02:00: _FNC_AH_KICKLOG: s3055825e823e2d4c1268
03.03.2020 12:02:00: _FNC_AH_KICKLOGSPAWN: g9c8879223d4d956d3c77325f302c55732e3e
03.03.2020 12:02:00: _FNC_PVAH_AdminReq: p553e4c72049235983a73122f1e
03.03.2020 12:02:00: _token_by_uid: o898e335f3e28256e657e324593540f1c4c55
03.03.2020 12:02:00: _uid_by_token: s4f390345872535329c057c7272393e23
03.03.2020 12:02:00: _server_setTokenR: l772c4a6a026e5e421e574c6512177383
03.03.2020 12:02:00: _YourPlayerToken: t922e687c73802c676f6a5a2f254a536f1d8222344209672c
03.03.2020 12:02:00: _TokenCT: d7a992257275c655e2e6d4509194f645c1e551f
03.03.2020 12:02:00: _AH_MAIN_BLOCK: j0243357c993272977a85382d2752250279825712339c4e
03.03.2020 12:02:00: _AHKickOFF: y8e8c9017491c1f656a42
03.03.2020 12:02:00: _AHKickLog: a4d6d2529774e088e651e5a
03.03.2020 12:02:00: _clientdo: d622775223c3f8c321e8c63387e
03.03.2020 12:02:00: _AH_RunCheckENDVAR: n2320777d8c5c4e15323e8d952e
03.03.2020 12:02:00: _AH_RunCheckENDVAR_THREAD: d9d47499d49225208356f1f7d19359a7c68636f
03.03.2020 12:02:00: _AH_HackLogArrayRND: c4c49626f4d1e131e3d17
03.03.2020 12:02:00: _AH_SurvLogArrayRND: q402e000a9749309f25887262
03.03.2020 12:02:00: _AH_AdmiLogArrayRND: x391225297e096519808e3c5c1c631e188089597e2c0737
03.03.2020 12:02:00: _TMPBAN: m3e9e155c2a152c6e2d571f5d9c0e50757e3e8e4f29
03.03.2020 12:02:00: _massMessage: k63537d854e373c8c5f6c
03.03.2020 12:02:00: _massSysMessage: y5c7d9f222e8c5502640f5267148c8d
03.03.2020 12:02:00: _AHpos: c3f726e625f4d754f684d372f3452558a
03.03.2020 12:02:00: _ninetwo: c8e2f4e0e79598222172575820c82724a671f
03.03.2020 12:02:00: _ninetwothread: n573782196595951c228c1f73108c174c2d9a533e1513
03.03.2020 12:02:00: _adminsA: c1f2a303a4f7e9f5c656c6f1f75
03.03.2020 12:02:00: _MC: x2269906f226c223e6217978e
03.03.2020 12:02:00: _MCS: e324770905e9e6877959e82892e6e
03.03.2020 12:02:00: _checkidicheckcheck: d5d5c4c4c1d4c2d791c454252828e3777
03.03.2020 12:02:00: _lastshotmade: v3d8e3a3235725715434235271c79
03.03.2020 12:02:00: <infiSTAR.de> _fnc_RandomGen: {
_fnc_actualGen = {
_abc = ['z','y','x','w','v','u','t','s','r','q','p','o','n','m','l','k','j','i','h','g','f','e','d','c','b','a'];
_gen = _abc select (random ((count _abc)-1));
_arr = ['a','5','c','4','d','f','c','e','5','2','2','0','d','e','7','f','9','5','7','8','e','9','a','5','c','3','2','7','e','2','3'];
_randmax = {((round(random _randminval)) + (round(random _randmaxval))) max _randminval};
for '_i' from 0 to (call _randmax)do
{
_gen = _gen + str(round(random 9)) + (_arr select (random ((count _arr)-1)));
};
};
_gen = '';
while{_gen=='' || _gen in _allRandomGenVars}do{
call _fnc_actualGen;
};
_allRandomGenVars pushBack _gen;
_gen
}
03.03.2020 12:02:00: ----START-LINE----   (12-01-2020 22-45-36 - v0260)
03.03.2020 12:02:00: _adminbox: v541a6d7d253d57494585
03.03.2020 12:02:00: _fnc_mpPackets: g59779214474d2820353f34457f12445c7f54
03.03.2020 12:02:00: _FNC_AH_KICKLOG: s3055825e823e2d4c1268
03.03.2020 12:02:00: _FNC_AH_KICKLOGSPAWN: g9c8879223d4d956d3c77325f302c55732e3e
03.03.2020 12:02:00: _FNC_PVAH_AdminReq: p553e4c72049235983a73122f1e
03.03.2020 12:02:00: _token_by_uid: o898e335f3e28256e657e324593540f1c4c55
03.03.2020 12:02:00: _uid_by_token: s4f390345872535329c057c7272393e23
03.03.2020 12:02:00: _server_setTokenR: l772c4a6a026e5e421e574c6512177383
03.03.2020 12:02:00: _YourPlayerToken: t922e687c73802c676f6a5a2f254a536f1d8222344209672c
03.03.2020 12:02:00: _TokenCT: d7a992257275c655e2e6d4509194f645c1e551f
03.03.2020 12:02:00: _AH_MAIN_BLOCK: j0243357c993272977a85382d2752250279825712339c4e
03.03.2020 12:02:00: _AHKickOFF: y8e8c9017491c1f656a42
03.03.2020 12:02:00: _AHKickLog: a4d6d2529774e088e651e5a
03.03.2020 12:02:00: _clientdo: d622775223c3f8c321e8c63387e
03.03.2020 12:02:00: _AH_RunCheckENDVAR: n2320777d8c5c4e15323e8d952e
03.03.2020 12:02:00: _AH_RunCheckENDVAR_THREAD: d9d47499d49225208356f1f7d19359a7c68636f
03.03.2020 12:02:00: _AH_HackLogArrayRND: c4c49626f4d1e131e3d17
03.03.2020 12:02:00: _AH_SurvLogArrayRND: q402e000a9749309f25887262
03.03.2020 12:02:00: _AH_AdmiLogArrayRND: x391225297e096519808e3c5c1c631e188089597e2c0737
03.03.2020 12:02:00: _TMPBAN: m3e9e155c2a152c6e2d571f5d9c0e50757e3e8e4f29
03.03.2020 12:02:00: _massMessage: k63537d854e373c8c5f6c
03.03.2020 12:02:00: _massSysMessage: y5c7d9f222e8c5502640f5267148c8d
03.03.2020 12:02:00: _AHpos: c3f726e625f4d754f684d372f3452558a
03.03.2020 12:02:00: _ninetwo: c8e2f4e0e79598222172575820c82724a671f
03.03.2020 12:02:00: _ninetwothread: n573782196595951c228c1f73108c174c2d9a533e1513
03.03.2020 12:02:00: _adminsA: c1f2a303a4f7e9f5c656c6f1f75
03.03.2020 12:02:00: _MC: x2269906f226c223e6217978e
03.03.2020 12:02:00: _MCS: e324770905e9e6877959e82892e6e
03.03.2020 12:02:00: _checkidicheckcheck: d5d5c4c4c1d4c2d791c454252828e3777
03.03.2020 12:02:00: _lastshotmade: v3d8e3a3235725715434235271c79
03.03.2020 12:02:00: _dellocveh: w452f722a0028573c145e523505972f2e7d6c408e48
03.03.2020 12:02:00: _inCombatTime: j4255699d6c821e122275
03.03.2020 12:02:00: _inCombatArray: f622532722c879c29384e1472577a3228158955523c1f24
03.03.2020 12:02:00: _fnc_infiKeyHandler: c4e10784e8c0529325255
03.03.2020 12:02:00: _vehicle_needs_check: s620e1954678a383f681e8e82642d623f6e1e5e7c65
03.03.2020 12:02:00: _MAKE_VAR_DUMP_RANDOM: t075938305e3c6505633e221e5d5c6c
03.03.2020 12:02:01: _MAKE_VAR_DUMP_CLIENT: t557559194f686f4d95395c026e3477408e6d8c
03.03.2020 12:02:01: _DUMPINGPLAYERUIDARRAY: u143c3d0e6e85881d220e6765278f139e88337887244e
03.03.2020 12:02:01: _CURRENTLYDUMPING: c2857983935587959928482659527748e259965123c3757271c926c
03.03.2020 12:02:01: _antiantihack_rndvar: c8f99324355483c871c4d
03.03.2020 12:02:01: _name_by_uid: g845a9c996d746d3c3f8e238a4e826c6d755e6e3c8524477d7542
03.03.2020 12:02:01: _owner_by_uid: y4a6e888c35997c5e68273028124d4e125997955f5e892a6e
03.03.2020 12:02:01: _customcommandingMenu: k6e27529c8719728a7762
03.03.2020 12:02:01: _customcommandingMenuOpen: f6293386e9e252e2e37973e55723a
03.03.2020 12:02:01: _AH_KICKLOG: PVAHR_6e3b7a3t7z
03.03.2020 12:02:01: ----END-LINE----   (12-01-2020 22-45-36 - v0260)
