31.01.2020 00:07:48: luke(76561198264871362) CLIENT OWNER ID [19], TOKEN [v61ssgftditf3f]
31.01.2020 00:27:56: Eriden Parker(76561198054085448) CLIENT OWNER ID [20], TOKEN [th5lq8pyyovzexje2]
31.01.2020 00:28:20: Eriden Parker(76561198054085448) CLIENT OWNER ID [20], TOKEN [tvzrhpjnr1c133fs]
31.01.2020 00:30:37: Eriden Parker(76561198054085448) CLIENT OWNER ID [20], TOKEN [swp334r8wisrklmbyk]
31.01.2020 00:30:59: Eriden Parker(76561198054085448) CLIENT OWNER ID [20], TOKEN [ru5nrsnswd8feri1y]
31.01.2020 00:33:30: luke(76561198264871362) CLIENT OWNER ID [19], TOKEN [segify8lj4jrusugba]
31.01.2020 00:47:10: Eriden Parker(76561198054085448) CLIENT OWNER ID [21], TOKEN [k5g8tun1tpivg8yugc]
31.01.2020 00:51:05: AL "BIG AL" GAMBINO(76561198361509989) CLIENT OWNER ID [22], TOKEN [cb7wrxd2xomek7dxu]
31.01.2020 01:03:18: Donnie Turbo(76561198041233395) CLIENT OWNER ID [23], TOKEN [w73usecheaw41h9x]
31.01.2020 01:46:15: Eriden Parker(76561198054085448) CLIENT OWNER ID [21], TOKEN [jn7r6swyb1dpiy7]
31.01.2020 01:50:41: Joe Montana(76561198368248470) CLIENT OWNER ID [16], TOKEN [m1wvoaulh1lqob1e1]
31.01.2020 01:51:12: luke(76561198264871362) CLIENT OWNER ID [19], TOKEN [hzhhed5iabg2wcmrg]
31.01.2020 01:52:38: luke(76561198264871362) CLIENT OWNER ID [24], TOKEN [tq3v00nvjhmqpc]
31.01.2020 02:03:42: luke(76561198264871362) CLIENT OWNER ID [25], TOKEN [o8ope6g2ym6dina3jqr]
31.01.2020 02:37:05: Rick Cheney(76561198860031547) CLIENT OWNER ID [28], TOKEN [qkamy9wpgbt690m]
31.01.2020 02:39:04: Zander Marino(76561198180893505) CLIENT OWNER ID [29], TOKEN [si1rmz006m6tbkej]
31.01.2020 02:58:43: Uriah Oxford(76561198027608434) CLIENT OWNER ID [30], TOKEN [mjd9net3z6ttlqk]
31.01.2020 03:07:48: luke(76561198264871362) CLIENT OWNER ID [31], TOKEN [m888lgbmlfdrcs6fxf6]
31.01.2020 03:20:40: Uriah Oxford(76561198027608434) CLIENT OWNER ID [33], TOKEN [mxnwjstkvwyou0g03]
31.01.2020 03:23:03: Donnie Turbo(76561198041233395) CLIENT OWNER ID [34], TOKEN [n3zaurw42f8k0xo]
31.01.2020 03:23:13: Uriah Oxford(76561198027608434) CLIENT OWNER ID [33], TOKEN [qou5cyd4cpj10jcm]
31.01.2020 03:47:09: Stanley Thompson [1K-75](76561198180893505) CLIENT OWNER ID [35], TOKEN [y5rwex5772nfxkx7]
31.01.2020 03:47:29: Uriah Oxford(76561198027608434) CLIENT OWNER ID [36], TOKEN [icxpvb9r6t6ppk]
31.01.2020 04:07:11: Harold Reginald(76561198355765034) CLIENT OWNER ID [37], TOKEN [fqsf6g2vjf4inq]
31.01.2020 04:24:35: Wyclef(76561198038112694) CLIENT OWNER ID [38], TOKEN [dll3uvdjt9hngsin2]
31.01.2020 04:53:49: [1K-12] J Shepard(76561198043298972) CLIENT OWNER ID [39], TOKEN [ma7qyehlbhtbn37e]
31.01.2020 05:02:10: Mike Hutchinson(76561198043298972) CLIENT OWNER ID [40], TOKEN [qia2rolug4kmqj7v1n]
31.01.2020 05:15:08: Jbo Marino[201](76561198206026112) CLIENT OWNER ID [41], TOKEN [uc0sy3mlrzkfngqrw81]
31.01.2020 05:32:44: Eriden Parker(76561198054085448) CLIENT OWNER ID [42], TOKEN [rcnvwg1e04qzyrqo]
31.01.2020 05:36:02: Robert Kennedy(76561198083728776) CLIENT OWNER ID [43], TOKEN [ggnexw7jb41ts2]
31.01.2020 05:49:47: AL "BIG AL" GAMBINO(76561198361509989) CLIENT OWNER ID [44], TOKEN [xvoekwj36357ls6sn]
31.01.2020 06:02:26: Uriah Oxford(76561198027608434) CLIENT OWNER ID [46], TOKEN [xoe6xx9coq2qoqchlvt]
31.01.2020 06:06:15: Uriah Oxford(76561198027608434) CLIENT OWNER ID [47], TOKEN [w425kdnsrja6jvmy]
31.01.2020 06:11:07: Richard Jones(76561198166473448) CLIENT OWNER ID [50], TOKEN [sg3ftl8m61sdgs7t]
31.01.2020 06:11:29: Mike Hutchinson(76561198043298972) CLIENT OWNER ID [40], TOKEN [j0gjf47w4qrvk0]
31.01.2020 06:11:55: Richard Jones(76561198166473448) CLIENT OWNER ID [50], TOKEN [j1zc0yb6dp57txu]
31.01.2020 06:19:43: Nino Marino(76561198206026112) CLIENT OWNER ID [51], TOKEN [s7itme5l1we4tiu8z6]
31.01.2020 06:39:15: Uriah Oxford(76561198041276439) CLIENT OWNER ID [53], TOKEN [gm3fxhd3422cm7wxs]
31.01.2020 06:43:19: Uriah Oxford(76561198041276439) CLIENT OWNER ID [55], TOKEN [l1so144ui47fj8je]
31.01.2020 06:46:46: Carlos F. Diaz(76561197999316388) CLIENT OWNER ID [49], TOKEN [aw6c7l62wew9uuf1ua]
31.01.2020 07:24:56: HoyoBani(76561198105940600) CLIENT OWNER ID [56], TOKEN [oahfsj4ynjpbx5l]
31.01.2020 07:28:12: [1K-12] J Shepard(76561198043298972) CLIENT OWNER ID [58], TOKEN [h74lrbcpukmp8dnoo0]
31.01.2020 07:30:03: Boyevik Butch-Mac Volkev(76561198089960350) CLIENT OWNER ID [59], TOKEN [wnnkpwocd7x02n]
31.01.2020 07:32:20: Uriah Oxford(76561198041276439) CLIENT OWNER ID [61], TOKEN [s65ripxbzebpueam]
31.01.2020 07:34:22: Wyclef(76561198038112694) CLIENT OWNER ID [62], TOKEN [vf2j60ryy35pcg4]
31.01.2020 07:40:28: Uriah Oxford(76561198041276439) CLIENT OWNER ID [64], TOKEN [xvx6qwu7l6zg8eigms]
31.01.2020 07:43:03: [RMC] Tabed(76561198123697713) CLIENT OWNER ID [65], TOKEN [soz8cpdq5isqw8l4]
31.01.2020 07:44:01: [RMC] Tabed(76561198123697713) CLIENT OWNER ID [65], TOKEN [i37kemngwodvnzz]
31.01.2020 07:51:22: Joe Montana(76561198368248470) CLIENT OWNER ID [66], TOKEN [ncclob1s8vq0a04y6t]
31.01.2020 07:52:23: Rick Cheney(76561198860031547) CLIENT OWNER ID [28], TOKEN [d0uvj2jhbnrdmsro6f]
31.01.2020 07:56:44: John Anderson(76561198180893505) CLIENT OWNER ID [69], TOKEN [p3t2h02253zk83r]
31.01.2020 08:14:54: John Howitzer(76561198135174268) CLIENT OWNER ID [70], TOKEN [nz5ewi45ldaf9il]
31.01.2020 08:21:39: John Howitzer(76561198135174268) CLIENT OWNER ID [71], TOKEN [wmwfsvlfxqjdcjgdi]
31.01.2020 08:25:55: John Howitzer(76561198135174268) CLIENT OWNER ID [72], TOKEN [nh3af604scpsqcx]
31.01.2020 08:30:48: John Howitzer(76561198135174268) CLIENT OWNER ID [72], TOKEN [g8by6aftklwkji77of5]
31.01.2020 09:30:20: Warren Blades(76561198281290777) CLIENT OWNER ID [73], TOKEN [arofrlb7hs4nb1yy]
31.01.2020 10:04:11: Robert Kennedy(76561198083728776) CLIENT OWNER ID [43], TOKEN [bsae70ebhcbg38]
31.01.2020 10:05:57: Rick Cheney(76561198860031547) CLIENT OWNER ID [28], TOKEN [l6088yms0tzneqmp78f]
31.01.2020 10:06:38: Warren Blades(76561198281290777) CLIENT OWNER ID [73], TOKEN [s7cw3qpvhmbdclg6u]
31.01.2020 10:19:41: Warren Blades(76561198281290777) CLIENT OWNER ID [73], TOKEN [k3uzaj0hl3hxc9nte]
31.01.2020 10:32:07: John Howitzer(76561198135174268) CLIENT OWNER ID [72], TOKEN [ykgcnwrh1ymukniqd5]
31.01.2020 11:13:25: John Jamison(76561198135174268) CLIENT OWNER ID [75], TOKEN [yoa0o237aks9yddcyg]
31.01.2020 12:10:42: Rick Cheney(76561198860031547) CLIENT OWNER ID [77], TOKEN [ruo8ufe207xrtkopk]
31.01.2020 12:11:28: Rick Cheney(76561198860031547) CLIENT OWNER ID [77], TOKEN [ge0gm4ptizg89e]
31.01.2020 12:12:13: Rick Cheney(76561198860031547) CLIENT OWNER ID [77], TOKEN [in8bvmz8q7hynvc47]
31.01.2020 12:17:06: Rick Cheney(76561198860031547) CLIENT OWNER ID [78], TOKEN [jqkv0q97n60f5v6v]
31.01.2020 12:27:56: John Anderson(76561198180893505) CLIENT OWNER ID [69], TOKEN [t3ozi4e8pj6gde7aa]
31.01.2020 14:03:26: John Jamison(76561198135174268) CLIENT OWNER ID [79], TOKEN [i35gz0pner22q3f24]
31.01.2020 18:52:59: George Clean(76561198130285673) CLIENT OWNER ID [80], TOKEN [qslsxbike5wez8w]
31.01.2020 19:34:29: thomas(76561198248187246) CLIENT OWNER ID [82], TOKEN [c46bx3gdy2uqzduh]
31.01.2020 19:38:35: deadrider41(76561198172486071) CLIENT OWNER ID [83], TOKEN [c871idpqlhbyswj5e]
31.01.2020 20:22:06: Thomas Woods(76561198174871239) CLIENT OWNER ID [84], TOKEN [hwtkq8xhrqxmw5b4q]
31.01.2020 20:28:09: Eriden Parker(76561198054085448) CLIENT OWNER ID [86], TOKEN [l5vg6zkdudnd2af]
31.01.2020 20:37:58: [1K-12] J Shepard(76561198043298972) CLIENT OWNER ID [87], TOKEN [hcvvkiadbmr2fzms]
31.01.2020 21:30:23: Robert Kennedy(76561198083728776) CLIENT OWNER ID [88], TOKEN [oh6rxbwmex6wct]
31.01.2020 21:30:41: [RMC] Tabed(76561198123697713) CLIENT OWNER ID [89], TOKEN [ak8feexe70xdu6]
31.01.2020 21:31:29: Robert Kennedy(76561198083728776) CLIENT OWNER ID [88], TOKEN [f2uzc5klx055je]
31.01.2020 21:35:19: Robert Kennedy(76561198083728776) CLIENT OWNER ID [90], TOKEN [p1vxits1fqmczce0o]
31.01.2020 21:37:05: [RMC] Tabed(76561198123697713) CLIENT OWNER ID [89], TOKEN [qbk2z2p8odgw76uc91]
31.01.2020 21:55:21: [220]Para.R.Tjay(76561198883479728) CLIENT OWNER ID [92], TOKEN [d7a7j8vqnc0h8j]
31.01.2020 22:16:05: Robert Kennedy(76561198083728776) CLIENT OWNER ID [90], TOKEN [xgyj0nn9bqb0szpm]
31.01.2020 22:25:40: Eriden Parker(76561198054085448) CLIENT OWNER ID [93], TOKEN [ct5315wjqn39aeijc]
31.01.2020 23:11:49: AL "BIG AL" GAMBINO(76561198361509989) CLIENT OWNER ID [94], TOKEN [hnc5yl58w7qh60sw]
31.01.2020 23:13:35: AL "BIG AL" GAMBINO(76561198361509989) CLIENT OWNER ID [95], TOKEN [xltszjyr17wttz]
31.01.2020 23:14:18: AL "BIG AL" GAMBINO(76561198361509989) CLIENT OWNER ID [95], TOKEN [afnq5riqo8pwct8]
31.01.2020 23:19:55: AL "BIG AL" GAMBINO(76561198361509989) CLIENT OWNER ID [96], TOKEN [iwz84d09688xcxln3w]
