14.01.2020 00:04:41: 15h 14min | Donnie Turbo(76561198041233395) | spawning 4-five .45 ACP (hgun_Pistol_heavy_01_snds_F)
14.01.2020 00:06:47: 15h 16min | Donnie Turbo(76561198041233395) | HealSelf
14.01.2020 00:06:49: 15h 16min | Donnie Turbo(76561198041233395) | HealSelf
14.01.2020 00:15:19: 15h 24min | Donnie Turbo(76561198041233395) | Added 5 cocaine_processeds to SEAGINATOR SUN :)!
14.01.2020 00:45:22: 15h 54min | Donnie Turbo(76561198041233395) | HealRepairNear
14.01.2020 00:45:25: 15h 55min | Donnie Turbo(76561198041233395) | HealRepairNear
14.01.2020 00:45:34: 15h 55min | Donnie Turbo(76561198041233395) | HealSelf
14.01.2020 00:45:36: 15h 55min | Donnie Turbo(76561198041233395) | HealSelf
14.01.2020 00:45:36: 15h 55min | Donnie Turbo(76561198041233395) | HealSelf
14.01.2020 00:45:36: 15h 55min | Donnie Turbo(76561198041233395) | HealSelf
14.01.2020 00:45:36: 15h 55min | Donnie Turbo(76561198041233395) | HealSelf
14.01.2020 00:45:36: 15h 55min | Donnie Turbo(76561198041233395) | HealSelf
14.01.2020 00:45:36: 15h 55min | Donnie Turbo(76561198041233395) | HealSelf
14.01.2020 00:45:36: 15h 55min | Donnie Turbo(76561198041233395) | HealSelf
14.01.2020 00:45:36: 15h 55min | Donnie Turbo(76561198041233395) | HealSelf
14.01.2020 00:45:37: 15h 55min | Donnie Turbo(76561198041233395) | HealSelf
14.01.2020 00:45:37: 15h 55min | Donnie Turbo(76561198041233395) | HealSelf
14.01.2020 00:45:37: 15h 55min | Donnie Turbo(76561198041233395) | HealSelf
14.01.2020 00:46:09: 15h 55min | Donnie Turbo(76561198041233395) | HealSelf
14.01.2020 00:58:27: 16h 8min | Jose Santana(76561198206026112) | God Mode - 1
14.01.2020 00:59:11: 16h 8min | Donnie Turbo(76561198041233395) | Killing Jose Santana(76561198206026112) @036004
14.01.2020 00:59:11: 16h 8min | Donnie Turbo(76561198041233395) | Kill - cop_1(76561198206026112)
14.01.2020 00:59:20: 16h 8min | Jose Santana(76561198206026112) | Revive - cop_1(76561198206026112)
14.01.2020 01:00:08: 16h 9min | Jose Santana(76561198206026112) | locked - [B_RangeMaster_F]
14.01.2020 01:00:09: 16h 9min | Jose Santana(76561198206026112) | locked - [B_RangeMaster_F]
14.01.2020 01:00:10: 16h 9min | Jose Santana(76561198206026112) | locked - [B_RangeMaster_F]
14.01.2020 01:00:29: 16h 10min | Jose Santana(76561198206026112) | locked - [C_man_1]
14.01.2020 01:00:30: 16h 10min | Jose Santana(76561198206026112) | locked - [C_man_1]
14.01.2020 01:00:41: 16h 10min | Jose Santana(76561198206026112) | locked - [d3s_q50_ER_14]
14.01.2020 01:00:48: 16h 10min | Jose Santana(76561198206026112) | unlocked - [d3s_q50_ER_14]
14.01.2020 01:00:52: 16h 10min | Jose Santana(76561198206026112) | locked - [d3s_q50_ER_14]
14.01.2020 01:00:52: 16h 10min | Jose Santana(76561198206026112) | unlocked - [d3s_q50_ER_14]
14.01.2020 01:00:53: 16h 10min | Jose Santana(76561198206026112) | locked - [d3s_q50_ER_14]
14.01.2020 01:00:53: 16h 10min | Jose Santana(76561198206026112) | unlocked - [d3s_q50_ER_14]
14.01.2020 01:00:53: 16h 10min | Jose Santana(76561198206026112) | locked - [d3s_q50_ER_14]
14.01.2020 01:00:54: 16h 10min | Jose Santana(76561198206026112) | unlocked - [d3s_q50_ER_14]
14.01.2020 01:00:54: 16h 10min | Jose Santana(76561198206026112) | locked - [d3s_q50_ER_14]
14.01.2020 01:00:54: 16h 10min | Jose Santana(76561198206026112) | unlocked - [d3s_q50_ER_14]
14.01.2020 01:00:55: 16h 10min | Jose Santana(76561198206026112) | locked - [d3s_q50_ER_14]
14.01.2020 01:00:55: 16h 10min | Jose Santana(76561198206026112) | unlocked - [d3s_q50_ER_14]
14.01.2020 01:02:24: 16h 12min | Jose Santana(76561198206026112) | Parachute Target - SEAGINATOR SUN :) [CIV](76561198883479728)
14.01.2020 01:03:24: 16h 13min | Jose Santana(76561198206026112) | Revive - civ_1(76561198883479728)
14.01.2020 01:03:44: 16h 13min | Jose Santana(76561198206026112) | Parachute Target - Jose Santana [WEST](76561198206026112)
14.01.2020 01:04:25: 16h 14min | Donnie Turbo(76561198041233395) | Zeus Jose Santana(76561198206026112) @035003
14.01.2020 01:04:25: 16h 14min | Donnie Turbo(76561198041233395) | Zeus - cop_1(76561198206026112)
14.01.2020 01:05:43: 16h 15min | Jose Santana(76561198206026112) | UnlimAmmo - 1
14.01.2020 01:06:17: 16h 15min | Jose Santana(76561198206026112) | UnlimAmmo - 0
14.01.2020 01:06:19: 16h 15min | Jose Santana(76561198206026112) | UnlimAmmo - 1
14.01.2020 01:06:44: 16h 16min | Donnie Turbo(76561198041233395) | UnlimAmmo - 1
14.01.2020 01:07:50: 16h 17min | Jose Santana(76561198206026112) | UnlimAmmo - 0
14.01.2020 01:07:57: 16h 17min | Jose Santana(76561198206026112) | God Mode - 0
14.01.2020 01:09:08: 16h 18min | Jose Santana(76561198206026112) | Deleting GroundWeaponHolder @036004..
14.01.2020 01:10:11: 16h 19min | Donnie Turbo(76561198041233395) | Teleport to [3612.32,3442.32,0](GPS: 036003)
14.01.2020 01:10:26: 16h 20min | Donnie Turbo(76561198041233395) | UnlimAmmo - 1
14.01.2020 01:12:02: 16h 21min | Donnie Turbo(76561198041233395) | Teleport to [3600.15,3029.95,0](GPS: 036999)
14.01.2020 01:12:26: 16h 22min | Jose Santana(76561198206026112) | Added 1 toolkits to Jose Santana!
14.01.2020 01:12:38: 16h 22min | Jose Santana(76561198206026112) | Added 1 cocaine_processeds to Jose Santana!
14.01.2020 01:13:49: 16h 23min | Jose Santana(76561198206026112) | spawning RPG-42 Alamut (launch_RPG32_F)
14.01.2020 01:13:49: 16h 23min | Jose Santana(76561198206026112) | spawning RPG-42 Alamut (launch_RPG32_F)
14.01.2020 01:14:34: 16h 24min | Jose Santana(76561198206026112) | Revive - cop_1(76561198206026112)
14.01.2020 01:14:38: 16h 24min | Jose Santana(76561198206026112) | Deleting GroundWeaponHolder @036004..
14.01.2020 01:14:39: 16h 24min | Donnie Turbo(76561198041233395) | Teleport to [3620.12,3455.63,0](GPS: 036003)
14.01.2020 01:14:46: 16h 24min | Jose Santana(76561198206026112) | Revive - civ_1(76561198883479728)
14.01.2020 01:16:12: 16h 25min | Jose Santana(76561198206026112) | Added 2 cocaine_processeds to Jose Santana!
14.01.2020 01:16:31: 16h 26min | Jose Santana(76561198206026112) | Deleting d3s_charger_15_CPP @036004..
14.01.2020 01:19:58: 16h 29min | Jose Santana(76561198206026112) | Deleting GroundWeaponHolder @035004..
14.01.2020 01:21:43: 16h 31min | Jose Santana(76561198206026112) | Teleport to [1709.84,3608.52,0](GPS: 017005)
14.01.2020 01:23:27: 16h 33min | Jose Santana(76561198206026112) | Teleport to [1968.1,6285.64,0](GPS: 019032)
14.01.2020 01:23:43: 16h 33min | Jose Santana(76561198206026112) | Teleport to [1789.35,3901.77,0](GPS: 017008)
14.01.2020 01:24:01: 16h 33min | Jose Santana(76561198206026112) | Teleport to [1968.54,6287.44,0](GPS: 019032)
14.01.2020 01:24:35: 16h 34min | Jose Santana(76561198206026112) | Teleport to [1419.33,1689.01,0](GPS: 014986)
14.01.2020 01:25:08: 16h 34min | Jose Santana(76561198206026112) | locked - [d3s_q50_ER_14]
14.01.2020 01:25:28: 16h 35min | Jose Santana(76561198206026112) | Revive - cop_1(76561198206026112)
14.01.2020 01:25:45: 16h 35min | Jose Santana(76561198206026112) | Teleport to [3847.26,3277.72,0](GPS: 038002)
14.01.2020 01:27:04: 16h 36min | Jose Santana(76561198206026112) | Added 1 defibrillators to Jose Santana!
14.01.2020 01:27:13: 16h 36min | Jose Santana(76561198206026112) | Added 1 toolkits to Jose Santana!
14.01.2020 01:27:39: 16h 37min | Jose Santana(76561198206026112) | Added 4 cocaine_processeds to Jose Santana!
14.01.2020 01:27:42: 16h 37min | Jose Santana(76561198206026112) | Added 4 marijuanas to Jose Santana!
14.01.2020 01:27:49: 16h 37min | Jose Santana(76561198206026112) | Added 4 coffees to Jose Santana!
14.01.2020 01:27:54: 16h 37min | Jose Santana(76561198206026112) | Added 4 tbacons to Jose Santana!
14.01.2020 01:31:00: 16h 40min | Jose Santana(76561198206026112) | SPECTATE - switchedCamera on SEAGINATOR SUN :)(76561198883479728) - d3s_q50_ER_14
14.01.2020 01:31:28: 16h 41min | Donnie Turbo(76561198041233395) | unlocked - [d3s_g500_18_EMS]
14.01.2020 01:31:30: 16h 41min | Donnie Turbo(76561198041233395) | locked - [d3s_g500_18_EMS]
14.01.2020 01:40:56: 16h 50min | Jose Santana(76561198206026112) | SPECTATE - switchedCamera on Zander Marino(76561198180893505) - C_man_1
14.01.2020 01:49:11: 16h 58min | Donnie Turbo(76561198041233395) | Revive - civ_1(76561198883479728)
14.01.2020 01:52:23: 17h 1min | Donnie Turbo(76561198041233395) | Give All Licenses
14.01.2020 01:52:26: 17h 2min | Donnie Turbo(76561198041233395) | Give All Licenses
14.01.2020 01:52:42: 17h 2min | Donnie Turbo(76561198041233395) | Teleport to [3825.01,3279.87,0](GPS: 038002)
14.01.2020 01:59:02: 17h 8min | Donnie Turbo(76561198041233395) | Teleport to [3853.35,3292.44,0](GPS: 038002)
14.01.2020 01:59:38: 17h 9min | Donnie Turbo(76561198041233395) | spawning Vermin SMG .45 ACP (SMG_01_Holo_F)
14.01.2020 02:00:40: 17h 10min | Donnie Turbo(76561198041233395) | Deleting WeaponHolderSimulated @038002..
14.01.2020 02:00:42: 17h 10min | Jose Santana(76561198206026112) | SPECTATE - switchedCamera on luke(76561198264871362) - C_man_1
14.01.2020 02:01:41: 17h 11min | Jose Santana(76561198206026112) | Deleting GroundWeaponHolder @038002..
14.01.2020 02:02:38: 17h 12min | Donnie Turbo(76561198041233395) | spawning Taurus Tracker 455 (RH_ttracker)
14.01.2020 02:02:56: 17h 12min | Jose Santana(76561198206026112) | Deleting GroundWeaponHolder @038002..
14.01.2020 02:03:36: 17h 13min | Donnie Turbo(76561198041233395) | spawning 4-five .45 ACP (hgun_Pistol_heavy_01_snds_F)
14.01.2020 02:04:16: 17h 13min | Donnie Turbo(76561198041233395) | UnlimAmmo - 1
14.01.2020 02:04:23: 17h 13min | Donnie Turbo(76561198041233395) | FastFire - 1
14.01.2020 02:04:49: 17h 14min | Donnie Turbo(76561198041233395) | FastFire - 0
14.01.2020 02:05:18: 17h 14min | Donnie Turbo(76561198041233395) | HealSelf
14.01.2020 02:05:20: 17h 14min | Donnie Turbo(76561198041233395) | HealRepairNear
14.01.2020 02:05:37: 17h 15min | Jose Santana(76561198206026112) | Revive - medic_2(76561198041233395)
14.01.2020 02:05:46: 17h 15min | Donnie Turbo(76561198041233395) | HealRepairNear
14.01.2020 02:06:04: 17h 15min | Donnie Turbo(76561198041233395) | Revive - medic_2(76561198041233395)
14.01.2020 02:06:21: 17h 15min | Donnie Turbo(76561198041233395) | HealSelf
14.01.2020 02:06:24: 17h 16min | Donnie Turbo(76561198041233395) | HealSelf
14.01.2020 02:06:31: 17h 16min | Donnie Turbo(76561198041233395) | HealRepairNear
14.01.2020 02:06:32: 17h 16min | Donnie Turbo(76561198041233395) | HealRepairNear
14.01.2020 02:06:33: 17h 16min | Donnie Turbo(76561198041233395) | HealSelf
14.01.2020 02:06:34: 17h 16min | Donnie Turbo(76561198041233395) | HealRepairNear
14.01.2020 02:13:52: 17h 23min | Donnie Turbo(76561198041233395) | spawning .45 ACP 30Rnd Vermin Mag (30Rnd_45ACP_Mag_SMG_01)
14.01.2020 02:13:53: 17h 23min | Donnie Turbo(76561198041233395) | spawning .45 ACP 30Rnd Vermin Mag (30Rnd_45ACP_Mag_SMG_01)
14.01.2020 02:13:53: 17h 23min | Donnie Turbo(76561198041233395) | spawning .45 ACP 30Rnd Vermin Mag (30Rnd_45ACP_Mag_SMG_01)
14.01.2020 02:15:50: 17h 25min | Donnie Turbo(76561198041233395) | Deleting GroundWeaponHolder @035999..
14.01.2020 02:16:17: 17h 25min | Donnie Turbo(76561198041233395) | spawning .45 ACP 11Rnd Mag (11Rnd_45ACP_Mag)
14.01.2020 02:16:17: 17h 25min | Donnie Turbo(76561198041233395) | spawning .45 ACP 11Rnd Mag (11Rnd_45ACP_Mag)
14.01.2020 02:16:18: 17h 25min | Donnie Turbo(76561198041233395) | spawning .45 ACP 11Rnd Mag (11Rnd_45ACP_Mag)
14.01.2020 02:16:18: 17h 25min | Donnie Turbo(76561198041233395) | spawning .45 ACP 11Rnd Mag (11Rnd_45ACP_Mag)
14.01.2020 02:16:19: 17h 25min | Donnie Turbo(76561198041233395) | spawning .45 ACP 11Rnd Mag (11Rnd_45ACP_Mag)
14.01.2020 02:16:19: 17h 25min | Donnie Turbo(76561198041233395) | spawning .45 ACP 11Rnd Mag (11Rnd_45ACP_Mag)
14.01.2020 02:16:19: 17h 25min | Donnie Turbo(76561198041233395) | spawning .45 ACP 11Rnd Mag (11Rnd_45ACP_Mag)
14.01.2020 02:16:53: 17h 26min | Jose Santana(76561198206026112) | SPECTATE - switchedCamera on luke(76561198264871362) - C_man_1
14.01.2020 02:21:41: 17h 31min | Donnie Turbo(76561198041233395) | Deleting d3s_q50_ER_14 @034011..
14.01.2020 02:23:38: 17h 33min | Jose Santana(76561198206026112) | SPECTATE - switchedCamera on Zander Marino(76561198180893505) - C_man_1
14.01.2020 02:25:48: 17h 35min | Donnie Turbo(76561198041233395) | Deleting GroundWeaponHolder @035999..
14.01.2020 02:26:08: 17h 35min | Donnie Turbo(76561198041233395) | Teleport to [3396.17,4168.8,0](GPS: 033010)
14.01.2020 02:28:33: 17h 38min | Donnie Turbo(76561198041233395) | Teleport to [3312.8,5126.66,0](GPS: 033020)
14.01.2020 02:28:56: 17h 38min | Jose Santana(76561198206026112) | SPECTATE - switchedCamera on Harold Reginald(76561198355765034) - d3s_cherokee_18_JPPV
14.01.2020 02:29:07: 17h 38min | Jose Santana(76561198206026112) | SPECTATE - switchedCamera on luke(76561198264871362) - C_man_1
14.01.2020 02:29:18: 17h 38min | Jose Santana(76561198206026112) | SPECTATE - switchedCamera on Donnie Turbo(76561198041233395) - B_RangeMaster_F
14.01.2020 02:29:24: 17h 38min | Jose Santana(76561198206026112) | SPECTATE - switchedCamera on Wyclef(76561198038112694) - C_man_1
14.01.2020 02:29:25: 17h 39min | Jose Santana(76561198206026112) | SPECTATE - switchedCamera on Zander Marino(76561198180893505) - C_man_1
14.01.2020 02:33:01: 17h 42min | Jose Santana(76561198206026112) | Added 1 spikeStrips to Jose Santana!
14.01.2020 02:38:05: 17h 47min | Jose Santana(76561198206026112) | SPECTATE - switchedCamera on Donnie Turbo(76561198041233395) - d3s_g500_18_EMS
14.01.2020 02:39:27: 17h 49min | Jose Santana(76561198206026112) | Revive - civ_3(76561198264871362)
14.01.2020 02:47:26: 17h 57min | Jose Santana(76561198206026112) | SPECTATE - switchedCamera on luke(76561198264871362) - d3s_charger_15
14.01.2020 02:47:32: 17h 57min | Jose Santana(76561198206026112) | SPECTATE - switchedCamera on Wyclef(76561198038112694) - d3s_luaz969m_2
14.01.2020 02:47:38: 17h 57min | Jose Santana(76561198206026112) | SPECTATE - switchedCamera on Donnie Turbo(76561198041233395) - d3s_g500_18_EMS
14.01.2020 02:47:41: 17h 57min | Jose Santana(76561198206026112) | SPECTATE - switchedCamera on Héctor "Lil Loco" Arturo(76561197999316388) - d3s_escalade_16
14.01.2020 02:56:28: 18h 6min | Jose Santana(76561198206026112) | SPECTATE - switchedCamera on Héctor "Lil Loco" Arturo(76561197999316388) - I_E_Heli_light_03_unarmed_F
14.01.2020 02:56:34: 18h 6min | Jose Santana(76561198206026112) | SPECTATE - switchedCamera on J. Daker(76561198038112694) - B_RangeMaster_F
14.01.2020 02:56:36: 18h 6min | Jose Santana(76561198206026112) | SPECTATE - switchedCamera on Donnie Turbo(76561198041233395) - B_RangeMaster_F
14.01.2020 02:56:38: 18h 6min | Jose Santana(76561198206026112) | SPECTATE - switchedCamera on Jose Santana(76561198206026112) - d3s_taurus_FPI_10
14.01.2020 02:56:39: 18h 6min | Jose Santana(76561198206026112) | SPECTATE - switchedCamera on luke(76561198264871362) - C_man_1
14.01.2020 02:56:45: 18h 6min | Jose Santana(76561198206026112) | SPECTATE - switchedCamera on Zander Marino(76561198180893505) - C_man_1
14.01.2020 02:56:48: 18h 6min | Jose Santana(76561198206026112) | SPECTATE - switchedCamera on Héctor "Lil Loco" Arturo(76561197999316388) - I_E_Heli_light_03_unarmed_F
14.01.2020 03:00:41: 18h 10min | Donnie Turbo(76561198041233395) | HealRepairNear
14.01.2020 03:00:43: 18h 10min | Donnie Turbo(76561198041233395) | HealRepairNear
14.01.2020 03:01:02: 18h 10min | Jose Santana(76561198206026112) | SPECTATE - switchedCamera on Héctor "Lil Loco" Arturo(76561197999316388) - I_E_Heli_light_03_unarmed_F
14.01.2020 03:01:16: 18h 10min | Jose Santana(76561198206026112) | SPECTATE - switchedCamera on J. Daker(76561198038112694) - d3s_taurus_FPI_10
14.01.2020 03:01:46: 18h 11min | Jose Santana(76561198206026112) | Teleport to [4107.14,2972.13,0](GPS: 041999)
14.01.2020 03:03:25: 18h 13min | Donnie Turbo(76561198041233395) | UnlimAmmo - 1
14.01.2020 03:27:18: 18h 36min | Jose Santana(76561198206026112) | SPECTATE - switchedCamera on Héctor "Lil Loco" Arturo(76561197999316388) - d3s_g63amg_18
14.01.2020 03:27:35: 18h 37min | Jose Santana(76561198206026112) | SPECTATE - switchedCamera on Davey Jones(76561198166473448) - C_man_1
14.01.2020 03:27:39: 18h 37min | Jose Santana(76561198206026112) | SPECTATE - switchedCamera on Héctor "Lil Loco" Arturo(76561197999316388) - C_man_1
14.01.2020 03:28:05: 18h 37min | Jose Santana(76561198206026112) | SPECTATE - switchedCamera on Davey Jones(76561198166473448) - C_man_1
14.01.2020 03:58:48: 19h 8min | Jose Santana(76561198206026112) | SPECTATE - switchedCamera on Davey Jones(76561198166473448) - V12_DIAVEL_NR
14.01.2020 03:58:55: 19h 8min | Jose Santana(76561198206026112) | SPECTATE - switchedCamera on luke(76561198264871362) - d3s_f80_14_EX3
14.01.2020 03:58:57: 19h 8min | Jose Santana(76561198206026112) | SPECTATE - switchedCamera on Zander Marino(76561198180893505) - d3s_f80_14_EX3
14.01.2020 04:01:38: 19h 11min | Jose Santana(76561198206026112) | SPECTATE - switchedCamera on luke(76561198264871362) - C_man_1
14.01.2020 04:01:46: 19h 11min | Jose Santana(76561198206026112) | SPECTATE - switchedCamera on Zander Marino(76561198180893505) - d3s_f80_14_EX3
14.01.2020 04:06:48: 19h 16min | Jose Santana(76561198206026112) | Revive - cop_1(76561198206026112)
14.01.2020 04:21:19: 19h 30min | Jose Santana(76561198206026112) | Deleting GroundWeaponHolder @034010..
14.01.2020 04:21:33: 19h 31min | Jose Santana(76561198206026112) | Deleting GroundWeaponHolder @034010..
14.01.2020 04:43:12: 19h 52min | Jose Santana(76561198206026112) | HealRepairNear
14.01.2020 04:43:31: 19h 53min | Jose Santana(76561198206026112) | Added 1 toolkits to Jose Santana!
14.01.2020 04:43:34: 19h 53min | Jose Santana(76561198206026112) | Added 1 spikeStrips to Jose Santana!
14.01.2020 04:43:44: 19h 53min | Jose Santana(76561198206026112) | Added 1 marijuanas to Jose Santana!
14.01.2020 04:43:46: 19h 53min | Jose Santana(76561198206026112) | Added 1 cocaine_processeds to Jose Santana!
14.01.2020 04:54:21: 20h 3min | Jose Santana(76561198206026112) | spawning Survivor Knife (Max_survivor_knife)
14.01.2020 04:57:20: 20h 6min | Jose Santana(76561198206026112) | Deleting GroundWeaponHolder @028015..
14.01.2020 04:57:25: 20h 7min | Jose Santana(76561198206026112) | Revive - civ_2(76561198180893505)
14.01.2020 04:58:55: 20h 8min | Jose Santana(76561198206026112) | spawning Survivor Knife (Max_survivor_knife)
14.01.2020 04:59:02: 20h 8min | Jose Santana(76561198206026112) | Deleting GroundWeaponHolder @028015..
14.01.2020 04:59:50: 20h 9min | Jose Santana(76561198206026112) | Revive - civ_1(76561198166473448)
14.01.2020 05:01:42: 20h 11min | Jose Santana(76561198206026112) | Teleport - Target To Me - Davey Jones [CIV](76561198166473448)
14.01.2020 05:02:09: 20h 11min | Jose Santana(76561198206026112) | SPECTATE - switchedCamera on Zander Marino(76561198180893505) - C_man_1
14.01.2020 05:06:33: 20h 16min | Jose Santana(76561198206026112) | SPECTATE - switchedCamera on Zander Marino(76561198180893505) - C_man_1
14.01.2020 05:06:45: 20h 16min | Jose Santana(76561198206026112) | SPECTATE - switchedCamera on luke(76561198264871362) - d3s_f80_14_EX3
14.01.2020 05:08:50: 20h 18min | Jose Santana(76561198206026112) | SPECTATE - switchedCamera on Zander Marino(76561198180893505) - C_man_1
14.01.2020 05:09:06: 20h 18min | Jose Santana(76561198206026112) | Teleport to [3146.2,3863.78,0](GPS: 031007)
14.01.2020 05:14:51: 20h 24min | Jose Santana(76561198206026112) | SPECTATE - switchedCamera on Pablo Escobar(76561198370210333) - C_man_1
14.01.2020 05:15:01: 20h 24min | Jose Santana(76561198206026112) | Teleport - Me To Target - Pablo Escobar [CIV](76561198370210333)
14.01.2020 05:15:03: 20h 24min | Jose Santana(76561198206026112) | Teleport - Me To Target - Pablo Escobar [CIV](76561198370210333)
14.01.2020 05:17:12: 20h 26min | Jose Santana(76561198206026112) | Teleport to [3579.23,4006.37,0](GPS: 035009)
14.01.2020 05:17:50: 20h 27min | Jose Santana(76561198206026112) | Teleport - Me To Target - Zander Marino [CIV](76561198180893505)
14.01.2020 05:20:41: 20h 30min | Jose Santana(76561198206026112) | Teleport to [3840.39,3279.91,0](GPS: 038002)
14.01.2020 05:33:06: 20h 42min | Jose Santana(76561198206026112) | SPECTATE - switchedCamera on Javier Escuella(76561198370210333) - d3s_wrx_sti_17
14.01.2020 05:33:11: 20h 42min | Jose Santana(76561198206026112) | SPECTATE - switchedCamera on Jose Santana(76561198206026112) - d3s_taurus_FPI_10
14.01.2020 05:33:13: 20h 42min | Jose Santana(76561198206026112) | SPECTATE - switchedCamera on Davey Jones(76561198166473448) - C_man_1
14.01.2020 05:33:16: 20h 42min | Jose Santana(76561198206026112) | SPECTATE - switchedCamera on Zander Marino(76561198180893505) - C_man_1
14.01.2020 05:34:41: 20h 44min | Jose Santana(76561198206026112) | Added 3 coffees to Jose Santana!
14.01.2020 05:34:44: 20h 44min | Jose Santana(76561198206026112) | Added 3 donutss to Jose Santana!
14.01.2020 06:02:00: 21h 11min | Jose Santana(76561198206026112) | Revive - civ_2(76561198180893505)
14.01.2020 06:02:17: 21h 11min | Jose Santana(76561198206026112) | Revive - civ_1(76561198166473448)
14.01.2020 06:08:43: 21h 18min | Jose Santana(76561198206026112) | Revive - civ_3(76561198370210333)
14.01.2020 06:09:11: 21h 18min | Jose Santana(76561198206026112) | Teleport to [3611.06,3997.58,0](GPS: 036009)
14.01.2020 06:11:14: 21h 20min | Jose Santana(76561198206026112) | Revive - civ_3(76561198370210333)
14.01.2020 06:15:34: 21h 25min | Jose Santana(76561198206026112) | HealRepairNear
14.01.2020 06:15:45: 21h 25min | Jose Santana(76561198206026112) | HealRepairNear
14.01.2020 06:17:10: 21h 26min | Jose Santana(76561198206026112) | HealRepairNear
14.01.2020 06:17:10: 21h 26min | Jose Santana(76561198206026112) | HealRepairNear
14.01.2020 23:02:15: 0h 17min | Nino Marino(76561198206026112) | Added 1 etablis to Nino Marino!
14.01.2020 23:04:41: 0h 19min | Nino Marino(76561198206026112) | Added 40 iron_refineds to Nino Marino!
14.01.2020 23:05:12: 0h 20min | Nino Marino(76561198206026112) | Added 34 copper_refineds to Nino Marino!
14.01.2020 23:05:50: 0h 20min | Nino Marino(76561198206026112) | Added 34 sands to Nino Marino!
14.01.2020 23:06:30: 0h 21min | Nino Marino(76561198206026112) | Added 34 titaniums to Nino Marino!
14.01.2020 23:13:11: 0h 28min | Donnie Turbo(76561198041233395) | Teleport to [3547.57,3015.74,0](GPS: 035999)
14.01.2020 23:14:44: 0h 29min | Donnie Turbo(76561198041233395) | Teleport to [3418.41,4159.97,0](GPS: 034010)
14.01.2020 23:16:06: 0h 31min | Donnie Turbo(76561198041233395) | Revive - civ_2(76561198041233395)
14.01.2020 23:22:17: 0h 37min | Donnie Turbo(76561198041233395) | Teleport to [3522.18,3081.94,0](GPS: 035000)
14.01.2020 23:29:16: 0h 44min | Donnie Turbo(76561198041233395) | spawning CMR-76 6.5 mm (Black) (srifle_DMR_07_blk_DMS_Snds_F)
14.01.2020 23:30:19: 0h 45min | Donnie Turbo(76561198041233395) | UnlimAmmo - 1
14.01.2020 23:49:18: 1h 4min | Donnie Turbo(76561198041233395) | Teleport to [3438.5,4098.48,0](GPS: 034010)
14.01.2020 23:52:02: 1h 7min | Donnie Turbo(76561198041233395) | Teleport to [3784.17,3006.51,0](GPS: 037999)
14.01.2020 23:54:45: 1h 9min | Donnie Turbo(76561198041233395) | Teleport to [4909.01,3352.83,0](GPS: 049002)
14.01.2020 23:56:05: 1h 11min | Nino Marino(76561198206026112) | Teleport to [4598.24,3854.49,0](GPS: 045007)
14.01.2020 23:56:22: 1h 11min | Nino Marino(76561198206026112) | Teleport to [4640.38,3753.59,0](GPS: 046006)
14.01.2020 23:56:40: 1h 11min | Nino Marino(76561198206026112) | Teleport to [4393.79,3866.67,0](GPS: 043007)
14.01.2020 23:56:50: 1h 11min | Nino Marino(76561198206026112) | Teleport to [4290.25,3775.38,0](GPS: 042007)
14.01.2020 23:57:08: 1h 12min | Nino Marino(76561198206026112) | Teleport to [4443.53,3691.18,0](GPS: 044006)
14.01.2020 23:57:27: 1h 12min | Nino Marino(76561198206026112) | Teleport to [2039.32,3740.13,0](GPS: 020006)
14.01.2020 23:58:06: 1h 13min | Nino Marino(76561198206026112) | Teleport to [7582.98,4176.15,0](GPS: 075011)
14.01.2020 23:59:03: 1h 14min | Nino Marino(76561198206026112) | Added 1 goldbars to Nino Marino!
14.01.2020 23:59:25: 1h 14min | Nino Marino(76561198206026112) | Teleport to [6915.13,3136.87,0](GPS: 069000)
14.01.2020 23:59:50: 1h 14min | Nino Marino(76561198206026112) | Teleport to [3635.88,3293.56,0](GPS: 036002)
