04.03.2020 00:01:59: <infiSTAR.de> _fnc_RandomGen: {
_fnc_actualGen = {
_abc = ['z','y','x','w','v','u','t','s','r','q','p','o','n','m','l','k','j','i','h','g','f','e','d','c','b','a'];
_gen = _abc select (random ((count _abc)-1));
_arr = ['a','5','c','4','d','f','c','e','5','2','2','0','d','e','7','f','9','5','7','8','e','9','a','5','c','3','2','7','e','2','3'];
_randmax = {((round(random _randminval)) + (round(random _randmaxval))) max _randminval};
for '_i' from 0 to (call _randmax)do
{
_gen = _gen + str(round(random 9)) + (_arr select (random ((count _arr)-1)));
};
};
_gen = '';
while{_gen=='' || _gen in _allRandomGenVars}do{
call _fnc_actualGen;
};
_allRandomGenVars pushBack _gen;
_gen
}
04.03.2020 00:01:59: ----START-LINE----   (12-01-2020 22-45-36 - v0260)
04.03.2020 00:01:59: _adminbox: z654d558f23228d424a5010
04.03.2020 00:01:59: _fnc_mpPackets: r24076e5582827c877d136e109e72093e
04.03.2020 00:01:59: _FNC_AH_KICKLOG: p677333554c1c02251c2e6c0519673e35153a69
04.03.2020 00:01:59: _FNC_AH_KICKLOGSPAWN: h021e5a5595590e7d375f79
04.03.2020 00:01:59: _FNC_PVAH_AdminReq: c59555c294d0e85526e6a59051e
04.03.2020 00:01:59: _token_by_uid: x2e8073975229979e1e404c298f8728253310322e3957487e12
04.03.2020 00:01:59: _uid_by_token: u2c8d72858c173e654f8c024513777c0253328042873c82
04.03.2020 00:01:59: _server_setTokenR: t8e1e8912488f120e177c45055f5c12871575023c3d851c0e
04.03.2020 00:01:59: _YourPlayerToken: d8d75351504244a3f7c1e
04.03.2020 00:01:59: _TokenCT: m833235459762444c2587486d7c588e3e4e225c1e
04.03.2020 00:01:59: _AH_MAIN_BLOCK: f5f524215130e8a27022e
04.03.2020 00:01:59: _AHKickOFF: p422e549c4d3c5d4c4e653532491547
04.03.2020 00:01:59: _AHKickLog: p4a991d372e624d541779
04.03.2020 00:01:59: _clientdo: s126e6d55226f344599552c8e453787926083
04.03.2020 00:01:59: _AH_RunCheckENDVAR: y724e535584773a84428d
04.03.2020 00:01:59: _AH_RunCheckENDVAR_THREAD: j25271593251e0d9e521c5a2d6d22756a6d15406e
04.03.2020 00:01:59: _AH_HackLogArrayRND: m755d7c0d7a7c55105c72252c25
04.03.2020 00:01:59: _AH_SurvLogArrayRND: y0f0e325e05372d833855792d1c
04.03.2020 00:01:59: _AH_AdmiLogArrayRND: c884c69892c6a6c3535376c7c108a351e4c24107c82
04.03.2020 00:01:59: _TMPBAN: u4f8e0e07687c87258f5c521729256f3c79325e1d12439f25
04.03.2020 00:02:00: _massMessage: h5e3c357d5e4528297e128d4737574495
04.03.2020 00:02:00: _massSysMessage: t73930d624e1c520c82885c1e30836e
04.03.2020 00:02:00: _AHpos: k3e63186d77372e8d45757f5c1d3219550a1f1c4569
04.03.2020 00:02:00: _ninetwo: d3f8255227e1c858c0d9c42
04.03.2020 00:02:00: _ninetwothread: k0c3937439352423a1f5e85
04.03.2020 00:02:00: _adminsA: d598c327e236c655e3e530c5c7c4d33835d57328f32433e
04.03.2020 00:02:00: _MC: b89827e2c6e75342f671a08158f428f255e2a703c4c4d5764
04.03.2020 00:02:00: _MCS: w3585637d571d6f4c8d9e
04.03.2020 00:02:00: _checkidicheckcheck: m6e7877871c52755d6915
04.03.2020 00:02:00: _lastshotmade: m237975450879158f9583021d5257027e4e236c6877757f3d
04.03.2020 00:02:00: _dellocveh: v825e0e4e7e1e8f2e4e455e5f
04.03.2020 00:02:00: _FNC_AH_KICKLOG: p677333554c1c02251c2e6c0519673e35153a69
04.03.2020 00:02:00: _FNC_AH_KICKLOGSPAWN: h021e5a5595590e7d375f79
04.03.2020 00:02:00: _FNC_PVAH_AdminReq: c59555c294d0e85526e6a59051e
04.03.2020 00:02:00: _token_by_uid: x2e8073975229979e1e404c298f8728253310322e3957487e12
04.03.2020 00:02:00: _uid_by_token: u2c8d72858c173e654f8c024513777c0253328042873c82
04.03.2020 00:02:00: _server_setTokenR: t8e1e8912488f120e177c45055f5c12871575023c3d851c0e
04.03.2020 00:02:00: _YourPlayerToken: d8d75351504244a3f7c1e
04.03.2020 00:02:00: _TokenCT: m833235459762444c2587486d7c588e3e4e225c1e
04.03.2020 00:02:00: _AH_MAIN_BLOCK: f5f524215130e8a27022e
04.03.2020 00:02:00: _AHKickOFF: p422e549c4d3c5d4c4e653532491547
04.03.2020 00:02:00: _AHKickLog: p4a991d372e624d541779
04.03.2020 00:02:00: _clientdo: s126e6d55226f344599552c8e453787926083
04.03.2020 00:02:00: _AH_RunCheckENDVAR: y724e535584773a84428d
04.03.2020 00:02:00: _AH_RunCheckENDVAR_THREAD: j25271593251e0d9e521c5a2d6d22756a6d15406e
04.03.2020 00:02:00: _AH_HackLogArrayRND: m755d7c0d7a7c55105c72252c25
04.03.2020 00:02:00: _AH_SurvLogArrayRND: y0f0e325e05372d833855792d1c
04.03.2020 00:02:00: _AH_AdmiLogArrayRND: c884c69892c6a6c3535376c7c108a351e4c24107c82
04.03.2020 00:02:00: _TMPBAN: u4f8e0e07687c87258f5c521729256f3c79325e1d12439f25
04.03.2020 00:02:00: _massMessage: h5e3c357d5e4528297e128d4737574495
04.03.2020 00:02:00: _massSysMessage: t73930d624e1c520c82885c1e30836e
04.03.2020 00:02:00: _AHpos: k3e63186d77372e8d45757f5c1d3219550a1f1c4569
04.03.2020 00:02:00: _ninetwo: d3f8255227e1c858c0d9c42
04.03.2020 00:02:00: _ninetwothread: k0c3937439352423a1f5e85
04.03.2020 00:02:00: _adminsA: d598c327e236c655e3e530c5c7c4d33835d57328f32433e
04.03.2020 00:02:00: _MC: b89827e2c6e75342f671a08158f428f255e2a703c4c4d5764
04.03.2020 00:02:00: _MCS: w3585637d571d6f4c8d9e
04.03.2020 00:02:00: _checkidicheckcheck: m6e7877871c52755d6915
04.03.2020 00:02:00: _lastshotmade: m237975450879158f9583021d5257027e4e236c6877757f3d
04.03.2020 00:02:00: _dellocveh: v825e0e4e7e1e8f2e4e455e5f
04.03.2020 00:02:00: _inCombatTime: c5c639e8715154e1f6512752387456969352c802c3f2e69
04.03.2020 00:02:00: _inCombatArray: i256f781c1d5e2c501e6515
04.03.2020 00:02:00: _fnc_infiKeyHandler: p25452742898587100c55944597252c
04.03.2020 00:02:00: _vehicle_needs_check: e84886e4f448e1e304c125425842580127d39
04.03.2020 00:02:00: _MAKE_VAR_DUMP_RANDOM: y5235479e6c1a871c04325e427c7a3e68757a282e
04.03.2020 00:02:00: _MAKE_VAR_DUMP_CLIENT: r5d826789527e1d338e8e
04.03.2020 00:02:00: _DUMPINGPLAYERUIDARRAY: g47074a0e55223f5e3532
04.03.2020 00:02:00: _CURRENTLYDUMPING: w7e2e701f4752590932079e32820a932c650985177d
04.03.2020 00:02:00: _antiantihack_rndvar: x1742790c69320a2c3c75
04.03.2020 00:02:00: _name_by_uid: v3d9d5f1f143f5e5e77523e65259e65294c2978840a6f
04.03.2020 00:02:00: _owner_by_uid: m05872a553e8752557d5965596f72
04.03.2020 00:02:00: _customcommandingMenu: v656c1e4524874c4c3f49472c19491f755d3e1c371e52
04.03.2020 00:02:00: _customcommandingMenuOpen: j799233423e4e72625c3c722783
04.03.2020 00:02:00: _AH_KICKLOG: PVAHR_3j1j8c6y2x4l
04.03.2020 00:02:00: ----END-LINE----   (12-01-2020 22-45-36 - v0260)
04.03.2020 12:02:01: <infiSTAR.de> _fnc_RandomGen: {
_fnc_actualGen = {
_abc = ['z','y','x','w','v','u','t','s','r','q','p','o','n','m','l','k','j','i','h','g','f','e','d','c','b','a'];
_gen = _abc select (random ((count _abc)-1));
_arr = ['a','5','c','4','d','f','c','e','5','2','2','0','d','e','7','f','9','5','7','8','e','9','a','5','c','3','2','7','e','2','3'];
_randmax = {((round(random _randminval)) + (round(random _randmaxval))) max _randminval};
for '_i' from 0 to (call _randmax)do
{
_gen = _gen + str(round(random 9)) + (_arr select (random ((count _arr)-1)));
};
};
_gen = '';
while{_gen=='' || _gen in _allRandomGenVars}do{
call _fnc_actualGen;
};
_allRandomGenVars pushBack _gen;
_gen
}
04.03.2020 12:02:01: ----START-LINE----   (12-01-2020 22-45-36 - v0260)
04.03.2020 12:02:01: _adminbox: s95726e645252196e0f4a9e893398870d3e82036f372e
04.03.2020 12:02:01: _fnc_mpPackets: f3552624e8f232c2e2712354d6e6f1245
04.03.2020 12:02:01: _FNC_AH_KICKLOG: j931c598c0235852e802e
04.03.2020 12:02:01: _FNC_AH_KICKLOGSPAWN: v69621c488e55457e72657d
04.03.2020 12:02:01: _FNC_PVAH_AdminReq: k2747221a4919344d5d57451e
04.03.2020 12:02:01: _token_by_uid: x1f7782753e82536a2e92606e387c0f821c
04.03.2020 12:02:01: _uid_by_token: x70401e977277573c7527
04.03.2020 12:02:01: _server_setTokenR: j0e82990f80957e9a383e
04.03.2020 12:02:01: _YourPlayerToken: r1a453248877e446c1e658d6d3552784f1e
04.03.2020 12:02:01: _TokenCT: p426c3c4425777c3f32551c6c12156f0d2825175912574d2a9e
04.03.2020 12:02:02: _AH_MAIN_BLOCK: w85143e5243832d8433254373308a1f5a2e8f52
04.03.2020 12:02:02: _AHKickOFF: f4e772f3a192302431f422e7e3d
04.03.2020 12:02:02: _AHKickLog: v3a12859797752e09798a0a323f4c5e9e8f7a37
04.03.2020 12:02:02: _clientdo: n344d785f473c6c7922731e52326a7e
04.03.2020 12:02:02: _AH_RunCheckENDVAR: x7e6e757745123e556c2053452d6f933d
04.03.2020 12:02:02: _AH_RunCheckENDVAR_THREAD: y826a4c3c1715351c8e15
04.03.2020 12:02:02: _AH_HackLogArrayRND: e0d3c82392e7e4f7e2e92
04.03.2020 12:02:02: _AH_SurvLogArrayRND: w2a552a5e5f59556862733d637c
04.03.2020 12:02:02: _AH_AdmiLogArrayRND: g434f7e8537281e3a3f05
04.03.2020 12:02:02: _TMPBAN: r3a551e393e204a7e5c024a256e5f7e6e1e2e75
04.03.2020 12:02:02: _massMessage: e4c4a2d752e28035c4d829562375f42754c12676d02
04.03.2020 12:02:02: _massSysMessage: n375e1d7f889c4f253e24273749086552
04.03.2020 12:02:02: _AHpos: h1c3954245075191c5f5d558e7d1d72236762291d5e5e1a4d6d20473385
04.03.2020 12:02:02: _ninetwo: v5c778582388d5942502a2d55232e8c2f254479
04.03.2020 12:02:02: _ninetwothread: b073e254c2c7f796e027e4d2f7d9e024244205545774e6d9a4c23
04.03.2020 12:02:02: <infiSTAR.de> _fnc_RandomGen: {
_fnc_actualGen = {
_abc = ['z','y','x','w','v','u','t','s','r','q','p','o','n','m','l','k','j','i','h','g','f','e','d','c','b','a'];
_gen = _abc select (random ((count _abc)-1));
_arr = ['a','5','c','4','d','f','c','e','5','2','2','0','d','e','7','f','9','5','7','8','e','9','a','5','c','3','2','7','e','2','3'];
_randmax = {((round(random _randminval)) + (round(random _randmaxval))) max _randminval};
for '_i' from 0 to (call _randmax)do
{
_gen = _gen + str(round(random 9)) + (_arr select (random ((count _arr)-1)));
};
};
_gen = '';
while{_gen=='' || _gen in _allRandomGenVars}do{
call _fnc_actualGen;
};
_allRandomGenVars pushBack _gen;
_gen
}
04.03.2020 12:02:02: ----START-LINE----   (12-01-2020 22-45-36 - v0260)
04.03.2020 12:02:02: _adminbox: s95726e645252196e0f4a9e893398870d3e82036f372e
04.03.2020 12:02:02: _fnc_mpPackets: f3552624e8f232c2e2712354d6e6f1245
04.03.2020 12:02:02: _FNC_AH_KICKLOG: j931c598c0235852e802e
04.03.2020 12:02:02: _FNC_AH_KICKLOGSPAWN: v69621c488e55457e72657d
04.03.2020 12:02:02: _FNC_PVAH_AdminReq: k2747221a4919344d5d57451e
04.03.2020 12:02:02: _token_by_uid: x1f7782753e82536a2e92606e387c0f821c
04.03.2020 12:02:02: _uid_by_token: x70401e977277573c7527
04.03.2020 12:02:02: _server_setTokenR: j0e82990f80957e9a383e
04.03.2020 12:02:02: _YourPlayerToken: r1a453248877e446c1e658d6d3552784f1e
04.03.2020 12:02:02: _TokenCT: p426c3c4425777c3f32551c6c12156f0d2825175912574d2a9e
04.03.2020 12:02:02: _AH_MAIN_BLOCK: w85143e5243832d8433254373308a1f5a2e8f52
04.03.2020 12:02:02: _AHKickOFF: f4e772f3a192302431f422e7e3d
04.03.2020 12:02:02: _AHKickLog: v3a12859797752e09798a0a323f4c5e9e8f7a37
04.03.2020 12:02:02: _clientdo: n344d785f473c6c7922731e52326a7e
04.03.2020 12:02:02: _AH_RunCheckENDVAR: x7e6e757745123e556c2053452d6f933d
04.03.2020 12:02:02: _AH_RunCheckENDVAR_THREAD: y826a4c3c1715351c8e15
04.03.2020 12:02:02: _AH_HackLogArrayRND: e0d3c82392e7e4f7e2e92
04.03.2020 12:02:02: _AH_SurvLogArrayRND: w2a552a5e5f59556862733d637c
04.03.2020 12:02:02: _AH_AdmiLogArrayRND: g434f7e8537281e3a3f05
04.03.2020 12:02:02: _TMPBAN: r3a551e393e204a7e5c024a256e5f7e6e1e2e75
04.03.2020 12:02:02: _massMessage: e4c4a2d752e28035c4d829562375f42754c12676d02
04.03.2020 12:02:02: _massSysMessage: n375e1d7f889c4f253e24273749086552
04.03.2020 12:02:02: _AHpos: h1c3954245075191c5f5d558e7d1d72236762291d5e5e1a4d6d20473385
04.03.2020 12:02:02: _ninetwo: v5c778582388d5942502a2d55232e8c2f254479
04.03.2020 12:02:02: _ninetwothread: b073e254c2c7f796e027e4d2f7d9e024244205545774e6d9a4c23
04.03.2020 12:02:02: _adminsA: o5f173c35056545540e0983532e35
04.03.2020 12:02:02: _MC: w4c457a7a0f75572c59234f5f4e2c538a6e2a397a
04.03.2020 12:02:02: _MCS: q05827e3f7a5555731e8e
04.03.2020 12:02:02: _checkidicheckcheck: c2747371d3e8c623e9e3973
04.03.2020 12:02:02: _lastshotmade: a1d8d3f350d8e5c0703775e9e
04.03.2020 12:02:02: _dellocveh: x6273958d9d1c305e6a5525827d878c94758e8f77336c5a6d
04.03.2020 12:02:02: _inCombatTime: z337e5f520c6d3e337f651e9f27
04.03.2020 12:02:02: _inCombatArray: u527d9c63726d3272428d2525051e95793a1f
04.03.2020 12:02:02: _fnc_infiKeyHandler: h041f872373823d6c5d70
04.03.2020 12:02:02: _vehicle_needs_check: g5e707e750f3e8e99721422
04.03.2020 12:02:02: _MAKE_VAR_DUMP_RANDOM: e60427a893834276c6e8e
04.03.2020 12:02:02: _MAKE_VAR_DUMP_CLIENT: r6e026e15423f8e331992783735631f2522
04.03.2020 12:02:02: _DUMPINGPLAYERUIDARRAY: i0e5a676f924e254224455c198d05147847759e
04.03.2020 12:02:02: _CURRENTLYDUMPING: w652225697f1757379c2c6d6e23477220127293530a2725724a8e32
04.03.2020 12:02:02: _antiantihack_rndvar: t1e0d3d6d1a537277453d7e9d35736c
04.03.2020 12:02:02: _name_by_uid: l6e559e149317828c5c6e
04.03.2020 12:02:02: _owner_by_uid: x1c6582729772155f13427975435e338d59420d623972
04.03.2020 12:02:02: _customcommandingMenu: q472232053c28871254322d839249
04.03.2020 12:02:02: _customcommandingMenuOpen: k555e7c956a1a7a6a8518475e6a346e1d
04.03.2020 12:02:02: _AH_KICKLOG: PVAHR_8x3u0m1b9p5j
04.03.2020 12:02:02: ----END-LINE----   (12-01-2020 22-45-36 - v0260)
