04.02.2020 00:39:32: Robert Kennedy(76561198083728776) CLIENT OWNER ID [31], TOKEN [l0z5kt9vnt562mr]
04.02.2020 00:59:09: Héctor "Lil Loco" Arturo(76561197999316388) CLIENT OWNER ID [32], TOKEN [ydgbwq647dj6rffuo]
04.02.2020 00:59:11: Doug Dimmadont(76561198083728776) CLIENT OWNER ID [33], TOKEN [njgquennk1fukoy]
04.02.2020 01:20:27: Eddie Spaghetti(76561198046997779) CLIENT OWNER ID [34], TOKEN [roehfid8osi13zh5]
04.02.2020 01:25:17: Boyevik Butch-Mac Volkev(76561198089960350) CLIENT OWNER ID [35], TOKEN [ypxcdyguf2g3cdpn]
04.02.2020 02:44:13: [1K-12] J Shepard(76561198043298972) CLIENT OWNER ID [22], TOKEN [u2ek3v0r1z6tohr3l]
04.02.2020 02:46:00: Zander Marino(76561198180893505) CLIENT OWNER ID [37], TOKEN [tn1e0uk5cazhvte]
04.02.2020 02:50:31: Zander Marino(76561198180893505) CLIENT OWNER ID [38], TOKEN [lqcjkme47ul6ygrbo7]
04.02.2020 02:51:36: luke(76561198264871362) CLIENT OWNER ID [28], TOKEN [hki4yu8o9m0xw6klqr]
04.02.2020 03:11:58: Eriden Parker(76561198054085448) CLIENT OWNER ID [42], TOKEN [p0gk45ourh3yhte833w]
04.02.2020 03:19:44: Wyclef(76561198038112694) CLIENT OWNER ID [43], TOKEN [ikt34llpmfsksidmk9]
04.02.2020 03:25:05: Zander Marino(76561198180893505) CLIENT OWNER ID [38], TOKEN [u2jehe95otheieqb6l]
04.02.2020 04:20:12: Zander Marino(76561198180893505) CLIENT OWNER ID [38], TOKEN [fmb4wtmcsm6anfiy2]
04.02.2020 04:20:17: luke(76561198264871362) CLIENT OWNER ID [28], TOKEN [qwoho5by54jqpugj]
04.02.2020 04:27:28: Jbo Marino[201](76561198206026112) CLIENT OWNER ID [46], TOKEN [r5okxqh29dfk54mt]
04.02.2020 04:53:20: HoyoBani(76561198105940600) CLIENT OWNER ID [47], TOKEN [x7h1m6c3cf49k218]
04.02.2020 06:25:16: Alexander.Rios(76561198037915534) CLIENT OWNER ID [49], TOKEN [levit7s6ndxrjr]
04.02.2020 06:30:20: Wyclef(76561198038112694) CLIENT OWNER ID [50], TOKEN [aneyjy46tdmgixcey]
04.02.2020 06:56:38: HoyoBani(76561198105940600) CLIENT OWNER ID [4], TOKEN [mrp97hut7jeemnq]
04.02.2020 07:12:57: HoyoBani(76561198105940600) CLIENT OWNER ID [6], TOKEN [cveqmdh6jafk33ic]
04.02.2020 07:21:16: Alexander.Rios(76561198037915534) CLIENT OWNER ID [7], TOKEN [dclpuxancaeo9fs8cs]
04.02.2020 07:25:36: Wyclef(76561198038112694) CLIENT OWNER ID [8], TOKEN [tktc9rb7yz8tbz]
04.02.2020 07:44:19: Wyclef(76561198038112694) CLIENT OWNER ID [5], TOKEN [b9c4gwprf26zkde]
04.02.2020 07:55:26: Alexander.Rios(76561198037915534) CLIENT OWNER ID [7], TOKEN [rvu18pbv6ad01k]
04.02.2020 08:05:06: Nino Marino(76561198206026112) CLIENT OWNER ID [8], TOKEN [wubjc5hsyglr7yis9m]
04.02.2020 09:23:57: Alexander.Rios(76561198037915534) CLIENT OWNER ID [7], TOKEN [wan5c0f6ciek3cgpo]
04.02.2020 09:24:47: Alexander.Rios(76561198037915534) CLIENT OWNER ID [7], TOKEN [lmbjsrlp391r0y3u]
04.02.2020 15:48:45: Wyclef(76561198038112694) CLIENT OWNER ID [4], TOKEN [g2v9duowfr0j6okbt]
04.02.2020 16:55:54: Wyclef(76561198038112694) CLIENT OWNER ID [4], TOKEN [qxwstkhngezrs386n]
04.02.2020 17:10:09: Wyclef(76561198038112694) CLIENT OWNER ID [4], TOKEN [lnvkriw044qx1fqgi]
04.02.2020 17:21:31: Wyclef(76561198038112694) CLIENT OWNER ID [5], TOKEN [vd9j3mrok4u3gw2qhv]
04.02.2020 17:34:21: Wyclef(76561198038112694) CLIENT OWNER ID [6], TOKEN [hbpgot2v5srbghz]
04.02.2020 17:42:33: Wyclef(76561198038112694) CLIENT OWNER ID [4], TOKEN [tk2b4rxt2s2je7dvqx]
04.02.2020 17:52:19: Wyclef(76561198038112694) CLIENT OWNER ID [4], TOKEN [ndr53e6p2k7qw2dw]
04.02.2020 20:43:34: Donnie Turbo(76561198041233395) CLIENT OWNER ID [6], TOKEN [wxq2bdhfxhwe5b05]
04.02.2020 20:47:01: Nino Marino(76561198206026112) CLIENT OWNER ID [5], TOKEN [n4p3ksh8f0f0cdj8]
04.02.2020 20:48:19: Donnie Turbo(76561198041233395) CLIENT OWNER ID [6], TOKEN [tpm4nku7qrogqhfp8k]
04.02.2020 21:02:28: adelp(76561198180893505) CLIENT OWNER ID [8], TOKEN [nsaw2uoli9rb4h]
04.02.2020 22:16:51: Donnie Turbo(76561198041233395) CLIENT OWNER ID [6], TOKEN [oysvnaw1ooi1gf]
04.02.2020 22:26:33: Zander Marino(76561198180893505) CLIENT OWNER ID [10], TOKEN [tt9qr2gcgq5w6gei]
04.02.2020 22:53:23: Donnie Turbo(76561198041233395) CLIENT OWNER ID [6], TOKEN [u2u0b5yvbto1q5n8wb]
04.02.2020 23:05:34: Zander Marino(76561198180893505) CLIENT OWNER ID [11], TOKEN [rc05xnp2jl1l8tgvy]
04.02.2020 23:06:51: Boyevik Butch-Mac Volkev(76561198089960350) CLIENT OWNER ID [12], TOKEN [dm101vni6wza1bhau]
04.02.2020 23:20:56: Donnie Turbo(76561198041233395) CLIENT OWNER ID [6], TOKEN [a5t54tq91xcpomq]
04.02.2020 23:27:54: Alexander.Rios(76561198037915534) CLIENT OWNER ID [13], TOKEN [mfzicm7zwvmktgy]
04.02.2020 23:42:44: mr.bean(76561198883479728) CLIENT OWNER ID [14], TOKEN [quk4g1uhprig5p]
04.02.2020 23:51:19: Boyevik Butch-Mac Volkev(76561198089960350) CLIENT OWNER ID [7], TOKEN [h3mxwf0jx5nb7fxalg]
04.02.2020 23:52:30: Donnie Turbo(76561198041233395) CLIENT OWNER ID [8], TOKEN [y0766pn0vvc6otys]
04.02.2020 23:55:33: Zander Marino(76561198180893505) CLIENT OWNER ID [4], TOKEN [se4yij3slgzn5ohw4p]
04.02.2020 23:56:24: mr.bean(76561198883479728) CLIENT OWNER ID [14], TOKEN [wkh4z234gt8f7ej8]
04.02.2020 23:58:33: Alexander.Rios(76561198037915534) CLIENT OWNER ID [15], TOKEN [mptbk3zcgpqqii8hjn]
