13.01.2020 00:02:46: 1h 4min | Disconnected: Mr Chang(76561198158342072 - 6) - time: 3769.92 - serverFPS: 45.3258
13.01.2020 00:16:59: 1h 18min | Disconnected: Donnie Turbo(76561198041233395 - 12) - time: 4623.32 - serverFPS: 45.4545
13.01.2020 00:19:37: 1h 21min | Connected: Donnie Turbo(76561198041233395 - 14) - time: 4780.47 - serverFPS: 45.7143
13.01.2020 00:58:18: 1h 60min | Disconnected: Eddie Spaghetti(76561198046997779 - 8) - time: 7102.12 - serverFPS: 45.7143
13.01.2020 01:00:38: 2h 2min | Connected: Vincent Fisher(76561198158342072 - 16) - time: 7241.62 - serverFPS: 45.584
13.01.2020 01:01:13: 2h 3min | Disconnected: Bob Lee Swagger(76561198318724805 - 4) - time: 7276.52 - serverFPS: 45.7143
13.01.2020 01:09:47: 2h 11min | Disconnected: Harold Reginald(76561198355765034 - 11) - time: 7790.19 - serverFPS: 45.3258
13.01.2020 01:14:06: 2h 15min | Disconnected: [1K-33] R. Tjay(76561198883479728 - 5) - time: 8049.46 - serverFPS: 45.8453
13.01.2020 01:15:23: 2h 17min | Connected: [1K-33] R. Tjay(76561198883479728 - 5) - time: 8125.76 - serverFPS: 45.8453
13.01.2020 01:15:47: 2h 17min | Connected: Harold Reginald(76561198355765034 - 18) - time: 8149.53 - serverFPS: 45.7143
13.01.2020 01:28:41: 2h 30min | Disconnected: Harold Reginald(76561198355765034 - 18) - time: 8923.8 - serverFPS: 46.1095
13.01.2020 01:29:04: 2h 30min | Connected: Harold Reginald(76561198355765034 - 18) - time: 8946.78 - serverFPS: 45.8453
13.01.2020 01:29:20: 2h 31min | Disconnected: Harold Reginald(76561198355765034 - 18) - time: 8962.52 - serverFPS: 45.1977
13.01.2020 01:29:34: 2h 31min | Connected: Harold Reginald(76561198355765034 - 18) - time: 8976.71 - serverFPS: 45.3258
13.01.2020 01:29:49: 2h 31min | Disconnected: Harold Reginald(76561198355765034 - 18) - time: 8991.36 - serverFPS: 45.977
13.01.2020 01:31:50: 2h 33min | Connected: Harold Reginald(76561198355765034 - 18) - time: 9113.2 - serverFPS: 45.3258
13.01.2020 01:32:06: 2h 33min | Disconnected: Harold Reginald(76561198355765034 - 18) - time: 9128.66 - serverFPS: 45.977
13.01.2020 01:34:10: 2h 35min | Connected: Zander Marino(76561198180893505 - 22) - time: 9252.17 - serverFPS: 45.7143
13.01.2020 01:34:32: 2h 36min | Disconnected: Zander Marino(76561198180893505 - 22) - time: 9273.94 - serverFPS: 45.7143
13.01.2020 01:40:36: 2h 42min | Connected: Zander Marino(76561198180893505 - 23) - time: 9638.33 - serverFPS: 46.2428
13.01.2020 01:46:50: 2h 48min | Connected: luke(76561198264871362 - 24) - time: 10011.7 - serverFPS: 45.4545
13.01.2020 01:47:07: 2h 48min | Disconnected: luke(76561198264871362 - 24) - time: 10028.9 - serverFPS: 46.1095
13.01.2020 01:47:21: 2h 49min | Connected: luke(76561198264871362 - 24) - time: 10043 - serverFPS: 45.7143
13.01.2020 01:51:41: 2h 53min | Disconnected: Boyevik Butch-Mac Volkev(76561198089960350 - 10) - time: 10302 - serverFPS: 45.8453
13.01.2020 01:53:10: 2h 54min | Disconnected: Donnie Turbo(76561198041233395 - 14) - time: 10391.5 - serverFPS: 46.1095
13.01.2020 01:55:41: 2h 57min | Disconnected: luke(76561198264871362 - 24) - time: 10542.4 - serverFPS: 45.3258
13.01.2020 01:56:28: 2h 58min | Connected: Donnie Turbo(76561198041233395 - 25) - time: 10589.7 - serverFPS: 46.1095
13.01.2020 02:01:29: 3h 3min | Connected: luke(76561198264871362 - 26) - time: 10890.8 - serverFPS: 45.3258
13.01.2020 02:02:56: 3h 4min | Disconnected: luke(76561198264871362 - 26) - time: 10977.1 - serverFPS: 45.584
13.01.2020 02:04:31: 3h 6min | Disconnected: [1K-33] R. Tjay(76561198883479728 - 5) - time: 11071.9 - serverFPS: 45.4545
13.01.2020 02:07:50: 3h 9min | Connected: luke(76561198264871362 - 27) - time: 11271.5 - serverFPS: 45.7143
13.01.2020 02:08:09: 3h 9min | Disconnected: Vincent Fisher(76561198158342072 - 16) - time: 11290.4 - serverFPS: 45.4545
13.01.2020 02:12:47: 3h 14min | Disconnected: luke(76561198264871362 - 27) - time: 11567.5 - serverFPS: 45.4545
13.01.2020 02:13:22: 3h 15min | Connected: luke(76561198264871362 - 27) - time: 11602.8 - serverFPS: 45.4545
13.01.2020 02:26:50: 3h 28min | Disconnected: luke(76561198264871362 - 27) - time: 12410.9 - serverFPS: 45.3258
13.01.2020 02:27:25: 3h 29min | Connected: luke(76561198264871362 - 27) - time: 12445.2 - serverFPS: 45.977
13.01.2020 02:47:37: infiSTAR_PlayerConnected_id: 1
13.01.2020 02:47:37: infiSTAR_PlayerDisconnected_id: 0
13.01.2020 02:47:53: 0h 1min | Connected: Donnie Turbo(76561198041233395 - 4) - time: 20.686 - serverFPS: 45.1977
13.01.2020 03:05:24: 0h 19min | Connected: Bob Lee Swagger(76561198318724805 - 8) - time: 1070.07 - serverFPS: 45.3258
13.01.2020 03:06:15: 0h 20min | Connected: luke(76561198264871362 - 9) - time: 1120.57 - serverFPS: 45.7143
13.01.2020 03:10:50: 0h 24min | Connected: Zander Marino(76561198180893505 - 10) - time: 1395.53 - serverFPS: 45.7143
13.01.2020 03:30:34: 0h 44min | Connected: Nino Marino(76561198206026112 - 11) - time: 2579.31 - serverFPS: 45.7143
13.01.2020 03:32:01: 0h 46min | Disconnected: Nino Marino(76561198206026112 - 11) - time: 2665.48 - serverFPS: 42.4403
13.01.2020 03:33:32: 0h 47min | Connected: Nino Marino(76561198206026112 - 13) - time: 2756.54 - serverFPS: 46.2428
13.01.2020 03:52:43: 1h 6min | Connected: Harold Reginald(76561198355765034 - 14) - time: 3907.25 - serverFPS: 45.7143
13.01.2020 03:53:00: 1h 7min | Disconnected: Harold Reginald(76561198355765034 - 14) - time: 3924.4 - serverFPS: 45.977
13.01.2020 03:53:42: 1h 7min | Connected: Harold Reginald(76561198355765034 - 14) - time: 3965.97 - serverFPS: 46.3768
13.01.2020 03:57:23: 1h 11min | Disconnected: Bob Lee Swagger(76561198318724805 - 8) - time: 4187.48 - serverFPS: 46.1095
13.01.2020 03:59:23: 1h 13min | Disconnected: Harold Reginald(76561198355765034 - 14) - time: 4306.92 - serverFPS: 46.2428
13.01.2020 04:01:14: 1h 15min | Connected: Bob Lee Swagger(76561198318724805 - 8) - time: 4417.95 - serverFPS: 46.2428
13.01.2020 04:09:13: 1h 23min | Connected: William Jones(76561198166473448 - 15) - time: 4896.89 - serverFPS: 45.584
13.01.2020 05:12:14: 2h 26min | Connected: Boyevik Butch-Mac Volkev(76561198089960350 - 16) - time: 8677.29 - serverFPS: 45.8453
13.01.2020 05:55:07: 3h 9min | Disconnected: luke(76561198264871362 - 9) - time: 11250.6 - serverFPS: 45.8453
13.01.2020 06:01:38: 3h 15min | Disconnected: Donnie Turbo(76561198041233395 - 4) - time: 11641.3 - serverFPS: 45.1977
13.01.2020 06:10:50: 3h 24min | Connected: luke(76561198264871362 - 17) - time: 12193.8 - serverFPS: 45.8453
13.01.2020 06:29:58: 3h 44min | Connected: Wyclef(76561198038112694 - 18) - time: 13341.3 - serverFPS: 45.4545
13.01.2020 07:08:02: 4h 22min | Disconnected: William Jones(76561198166473448 - 15) - time: 15624.1 - serverFPS: 45.7143
13.01.2020 07:26:27: 4h 40min | Disconnected: Boyevik Butch-Mac Volkev(76561198089960350 - 16) - time: 16729.8 - serverFPS: 45.7143
13.01.2020 07:26:31: 4h 40min | Disconnected: Wyclef(76561198038112694 - 18) - time: 16733.6 - serverFPS: 45.977
13.01.2020 07:27:37: 4h 41min | Connected: Héctor "Lil Loco" Arturo(76561197999316388 - 19) - time: 16799.1 - serverFPS: 45.8453
13.01.2020 07:28:17: 4h 42min | Disconnected: Héctor "Lil Loco" Arturo(76561197999316388 - 19) - time: 16838.8 - serverFPS: 46.1095
13.01.2020 07:33:50: 4h 47min | Disconnected: Nino Marino(76561198206026112 - 13) - time: 17172.2 - serverFPS: 45.8453
13.01.2020 07:34:08: 4h 48min | Disconnected: luke(76561198264871362 - 17) - time: 17189.8 - serverFPS: 45.584
13.01.2020 07:34:21: 4h 48min | Disconnected: Zander Marino(76561198180893505 - 10) - time: 17203.1 - serverFPS: 45.977
13.01.2020 07:34:56: 4h 48min | Connected: Héctor "Lil Loco" Arturo(76561197999316388 - 20) - time: 17238.2 - serverFPS: 45.584
13.01.2020 07:36:05: 4h 50min | Disconnected: Bob Lee Swagger(76561198318724805 - 8) - time: 17307.1 - serverFPS: 45.8453
13.01.2020 07:36:37: 4h 50min | Disconnected: Héctor "Lil Loco" Arturo(76561197999316388 - 20) - time: 17339.2 - serverFPS: 46.1095
13.01.2020 07:36:56: 4h 50min | Connected: Héctor "Lil Loco" Arturo(76561197999316388 - 20) - time: 17358.5 - serverFPS: 45.8453
13.01.2020 07:46:15: 4h 60min | Disconnected: Héctor "Lil Loco" Arturo(76561197999316388 - 20) - time: 17916.4 - serverFPS: 45.4545
13.01.2020 08:39:41: infiSTAR_PlayerConnected_id: 1
13.01.2020 08:39:41: infiSTAR_PlayerDisconnected_id: 0
13.01.2020 08:42:46: 0h 4min | Connected: HoyoBani(76561198105940600 - 4) - time: 186.838 - serverFPS: 45.8453
13.01.2020 08:45:00: 0h 7min | Connected: Boyevik Butch-Mac Volkev(76561198089960350 - 5) - time: 321.452 - serverFPS: 45.7143
13.01.2020 08:52:07: infiSTAR_PlayerConnected_id: 1
13.01.2020 08:52:07: infiSTAR_PlayerDisconnected_id: 0
13.01.2020 08:53:55: 0h 3min | Connected: HoyoBani(76561198105940600 - 5) - time: 111.408 - serverFPS: 45.8453
13.01.2020 08:56:53: 0h 6min | Connected: Boyevik Butch-Mac Volkev(76561198089960350 - 6) - time: 289.132 - serverFPS: 45.7143
13.01.2020 08:57:16: 0h 6min | Disconnected: Boyevik Butch-Mac Volkev(76561198089960350 - 6) - time: 311.259 - serverFPS: 45.7143
13.01.2020 09:14:09: 0h 23min | Connected: Boyevik Butch-Mac Volkev(76561198089960350 - 7) - time: 1324.64 - serverFPS: 45.3258
13.01.2020 09:14:16: 0h 23min | Disconnected: HoyoBani(76561198105940600 - 5) - time: 1331.39 - serverFPS: 45.1977
13.01.2020 09:16:25: 0h 26min | Disconnected: Boyevik Butch-Mac Volkev(76561198089960350 - 7) - time: 1460.11 - serverFPS: 45.584
13.01.2020 23:07:10: 14h 16min | Connected: Donnie Turbo(76561198041233395 - 8) - time: 51305.7 - serverFPS: 46.3768
13.01.2020 23:18:32: 14h 28min | Disconnected: Donnie Turbo(76561198041233395 - 8) - time: 51987.6 - serverFPS: 45.4545
13.01.2020 23:21:19: 14h 30min | Connected: Donnie Turbo(76561198041233395 - 12) - time: 52154 - serverFPS: 45.7143
13.01.2020 23:33:48: 14h 43min | Disconnected: Donnie Turbo(76561198041233395 - 12) - time: 52902.4 - serverFPS: 45.8453
13.01.2020 23:48:25: 14h 58min | Connected: SEAGINATOR SUN :)(76561198883479728 - 14) - time: 53779.3 - serverFPS: 45.4545
