20.02.2020 00:01:58: 0h 36min | Connected: Robert Kennedy(76561198083728776 - 7) - time: 2074.79 - serverFPS: 45.0704
20.02.2020 00:19:16: 0h 53min | Disconnected: Robert Kennedy(76561198083728776 - 7) - time: 3113.37 - serverFPS: 45.1977
20.02.2020 00:24:39: 0h 58min | Connected: Nino Marino(76561198206026112 - 10) - time: 3436.19 - serverFPS: 46.2428
20.02.2020 00:51:28: 1h 25min | Disconnected: Nino Marino(76561198206026112 - 10) - time: 5044.37 - serverFPS: 45.584
20.02.2020 01:04:11: 1h 38min | Connected: Sherman(76561198038112694 - 11) - time: 5807.22 - serverFPS: 45.3258
20.02.2020 01:13:41: 1h 47min | Disconnected: Sherman(76561198038112694 - 11) - time: 6377.09 - serverFPS: 46.7836
20.02.2020 01:19:13: infiSTAR_PlayerConnected_id: 1
20.02.2020 01:19:13: infiSTAR_PlayerDisconnected_id: 0
20.02.2020 01:24:23: 0h 6min | Connected: Sherman(76561198038112694 - 4) - time: 312.104 - serverFPS: 45.7143
20.02.2020 01:33:02: 0h 15min | Connected: Donnie Turbo(76561198041233395 - 5) - time: 830.441 - serverFPS: 45.584
20.02.2020 01:38:08: 0h 20min | Connected: S.Kingston(76561198046640450 - 6) - time: 1135.5 - serverFPS: 45.7143
20.02.2020 01:45:12: 0h 27min | Connected: [3k-66] W.Blades(76561198281290777 - 9) - time: 1559.38 - serverFPS: 45.4545
20.02.2020 01:50:21: 0h 32min | Connected: Zander Marino(76561198180893505 - 8) - time: 1868.1 - serverFPS: 45.977
20.02.2020 01:52:04: 0h 34min | Disconnected: Zander Marino(76561198180893505 - 8) - time: 1971.24 - serverFPS: 45.584
20.02.2020 01:53:59: 0h 36min | Connected: Rogue Tjay(76561198883479728 - 10) - time: 2085.04 - serverFPS: 45.584
20.02.2020 02:04:29: 0h 46min | Disconnected: Rogue Tjay(76561198883479728 - 10) - time: 2713.82 - serverFPS: 45.977
20.02.2020 02:06:33: 0h 49min | Connected: luke(76561198264871362 - 12) - time: 2838.14 - serverFPS: 45.4545
20.02.2020 02:08:45: 0h 51min | Connected: Amado Carrillo fuentes(76561198354844800 - 14) - time: 2970.03 - serverFPS: 46.6472
20.02.2020 02:13:39: 0h 56min | Connected: John Anderson(76561198180893505 - 13) - time: 3263.07 - serverFPS: 45.584
20.02.2020 02:22:31: 1h 4min | Connected: Peppe Valachi(76561198272370927 - 18) - time: 3794.84 - serverFPS: 45.1977
20.02.2020 02:25:16: 1h 7min | Connected: Low_Poly_Man(76561198137223112 - 19) - time: 3959.38 - serverFPS: 46.2428
20.02.2020 02:58:47: 1h 41min | Connected: Nino Marino(76561198206026112 - 20) - time: 5969.81 - serverFPS: 45.3258
20.02.2020 03:07:08: 1h 49min | Disconnected: S.Kingston(76561198046640450 - 6) - time: 6470.73 - serverFPS: 45.4545
20.02.2020 03:09:04: 1h 51min | Disconnected: [3k-66] W.Blades(76561198281290777 - 9) - time: 6587.11 - serverFPS: 46.9208
20.02.2020 03:14:04: 1h 56min | Disconnected: luke(76561198264871362 - 12) - time: 6886.2 - serverFPS: 45.584
20.02.2020 03:14:51: 1h 57min | Disconnected: Low_Poly_Man(76561198137223112 - 19) - time: 6933.27 - serverFPS: 45.4545
20.02.2020 03:52:16: 2h 34min | Disconnected: Sherman(76561198038112694 - 4) - time: 9178.02 - serverFPS: 45.7143
20.02.2020 04:16:15: 2h 58min | Disconnected: Nino Marino(76561198206026112 - 20) - time: 10616.4 - serverFPS: 35.4767
20.02.2020 04:17:43: 2h 60min | Disconnected: Amado Carrillo fuentes(76561198354844800 - 14) - time: 10705.4 - serverFPS: 45.584
20.02.2020 04:26:36: 3h 9min | Connected: AL "BIG AL" GAMBINO(76561198361509989 - 21) - time: 11237.9 - serverFPS: 45.3258
20.02.2020 05:22:54: 4h 5min | Disconnected: Donnie Turbo(76561198041233395 - 5) - time: 14614.2 - serverFPS: 46.2428
20.02.2020 05:22:58: 4h 5min | Disconnected: AL "BIG AL" GAMBINO(76561198361509989 - 21) - time: 14618.7 - serverFPS: 45.3258
20.02.2020 05:26:38: 4h 9min | Disconnected: John Anderson(76561198180893505 - 13) - time: 14838.2 - serverFPS: 45.4545
20.02.2020 05:27:25: 4h 9min | Connected: John Anderson(76561198180893505 - 22) - time: 14885.3 - serverFPS: 45.4545
20.02.2020 05:28:28: 4h 10min | Disconnected: Peppe Valachi(76561198272370927 - 18) - time: 14948.1 - serverFPS: 45.584
20.02.2020 06:18:21: infiSTAR_PlayerConnected_id: 1
20.02.2020 06:18:21: infiSTAR_PlayerDisconnected_id: 0
20.02.2020 07:12:49: 0h 56min | Connected: Robert Kennedy(76561198083728776 - 4) - time: 3270.51 - serverFPS: 45.4545
20.02.2020 07:28:57: 1h 12min | Disconnected: Robert Kennedy(76561198083728776 - 4) - time: 4237.36 - serverFPS: 45.7143
20.02.2020 07:30:53: 1h 14min | Connected: Robert Kennedy(76561198083728776 - 4) - time: 4353.73 - serverFPS: 47.3373
20.02.2020 07:31:34: 1h 14min | Disconnected: Robert Kennedy(76561198083728776 - 4) - time: 4394.62 - serverFPS: 45.7143
20.02.2020 21:00:07: 14h 43min | Connected: AL "BIG AL" GAMBINO(76561198361509989 - 5) - time: 52907.1 - serverFPS: 45.584
20.02.2020 21:39:14: 15h 22min | Connected: Alexander.Rios(76561198037915534 - 6) - time: 55254.3 - serverFPS: 45.977
20.02.2020 21:44:28: 15h 27min | Disconnected: Alexander.Rios(76561198037915534 - 6) - time: 55568 - serverFPS: 45.584
20.02.2020 21:44:41: 15h 28min | Connected: Alexander.Rios(76561198037915534 - 6) - time: 55580.1 - serverFPS: 45.584
20.02.2020 21:48:31: 15h 31min | Connected: Firefox(76561198091328447 - 8) - time: 55810.2 - serverFPS: 45.584
20.02.2020 21:53:43: 15h 37min | Connected: K-12 J Shepard(76561198043298972 - 9) - time: 56122.4 - serverFPS: 46.5116
20.02.2020 21:57:43: 15h 41min | Connected: Sherman(76561198038112694 - 10) - time: 56359.4 - serverFPS: 45.7143
20.02.2020 21:57:58: 15h 41min | Disconnected: K-12 J Shepard(76561198043298972 - 9) - time: 56374 - serverFPS: 46.7836
20.02.2020 21:58:22: 15h 41min | Connected: K-12 J Shepard(76561198043298972 - 9) - time: 56398.3 - serverFPS: 45.0704
20.02.2020 22:06:04: 15h 49min | Disconnected: AL "BIG AL" GAMBINO(76561198361509989 - 5) - time: 56859.6 - serverFPS: 45.4545
20.02.2020 22:14:47: 15h 58min | Connected: Donnie Turbo(76561198041233395 - 11) - time: 57382.6 - serverFPS: 45.977
20.02.2020 22:31:32: 16h 14min | Disconnected: Sherman(76561198038112694 - 10) - time: 58387 - serverFPS: 46.1095
20.02.2020 23:06:07: 16h 49min | Disconnected: Firefox(76561198091328447 - 8) - time: 60462.1 - serverFPS: 46.9208
20.02.2020 23:08:26: 16h 51min | Connected: Firefox(76561198091328447 - 8) - time: 60601 - serverFPS: 45.3258
20.02.2020 23:24:50: 17h 8min | Connected: AL "BIG AL" GAMBINO(76561198361509989 - 13) - time: 61585.1 - serverFPS: 46.1095
20.02.2020 23:52:42: 17h 36min | Disconnected: Donnie Turbo(76561198041233395 - 11) - time: 63256 - serverFPS: 45.7143
20.02.2020 23:53:45: 17h 37min | Connected: Donnie Turbo(76561198041233395 - 11) - time: 63319.9 - serverFPS: 46.2428
