05.02.2020 00:00:02: 0h 14min | Connected: Doug Dimmadont(76561198083728776 - 16) - time: 768.171 - serverFPS: 45.4545
05.02.2020 00:06:19: 0h 20min | Connected: Dan Dimmadont(76561198860031547 - 18) - time: 1143.58 - serverFPS: 46.3768
05.02.2020 00:14:35: 0h 28min | Connected: AL "BIG AL" GAMBINO(76561198361509989 - 19) - time: 1639.44 - serverFPS: 46.3768
05.02.2020 00:15:14: 0h 29min | Disconnected: Alexander.Rios(76561198037915534 - 15) - time: 1678.76 - serverFPS: 46.1095
05.02.2020 00:16:30: 0h 30min | Connected: Nino Marino(76561198206026112 - 20) - time: 1754.61 - serverFPS: 46.1095
05.02.2020 00:25:51: 0h 40min | Connected: Joe Montana(76561198368248470 - 21) - time: 2314.7 - serverFPS: 45.7143
05.02.2020 00:33:08: 0h 47min | Disconnected: Zander Marino(76561198180893505 - 4) - time: 2751.58 - serverFPS: 45.7143
05.02.2020 00:33:51: 0h 48min | Disconnected: Boyevik Butch-Mac Volkev(76561198089960350 - 7) - time: 2794.15 - serverFPS: 45.1977
05.02.2020 00:35:20: 0h 49min | Connected: John Anderson(76561198180893505 - 22) - time: 2883.06 - serverFPS: 45.3258
05.02.2020 00:35:24: 0h 49min | Disconnected: mr.bean(76561198883479728 - 14) - time: 2886.97 - serverFPS: 45.1977
05.02.2020 00:38:35: 0h 52min | Connected: Alexander.Rios(76561198037915534 - 23) - time: 3077.97 - serverFPS: 46.1095
05.02.2020 00:44:34: 0h 58min | Connected: [1K-33] R. Tjay(76561198883479728 - 24) - time: 3436.56 - serverFPS: 45.584
05.02.2020 00:44:42: 0h 59min | Connected: Harold Reginald(76561198355765034 - 25) - time: 3444.57 - serverFPS: 45.977
05.02.2020 00:45:18: 0h 59min | Disconnected: Harold Reginald(76561198355765034 - 25) - time: 3480.37 - serverFPS: 45.4545
05.02.2020 00:59:49: 1h 14min | Disconnected: Dan Dimmadont(76561198860031547 - 18) - time: 4350.68 - serverFPS: 45.584
05.02.2020 01:00:34: 1h 14min | Connected: luke(76561198264871362 - 26) - time: 4395.53 - serverFPS: 45.1977
05.02.2020 01:14:41: 1h 29min | Connected: S.Kingston(76561198046640450 - 29) - time: 5242.92 - serverFPS: 46.9208
05.02.2020 01:29:17: 1h 43min | Disconnected: AL "BIG AL" GAMBINO(76561198361509989 - 19) - time: 6117.74 - serverFPS: 45.8453
05.02.2020 01:36:43: 1h 51min | Disconnected: Doug Dimmadont(76561198083728776 - 16) - time: 6563.2 - serverFPS: 45.584
05.02.2020 01:45:13: 1h 59min | Connected: HoyoBani(76561198105940600 - 30) - time: 7073.8 - serverFPS: 45.4545
05.02.2020 01:50:06: 2h 4min | Disconnected: Alexander.Rios(76561198037915534 - 23) - time: 7357.62 - serverFPS: 46.2428
05.02.2020 01:50:29: 2h 4min | Connected: Alexander.Rios(76561198037915534 - 23) - time: 7380.84 - serverFPS: 46.6472
05.02.2020 01:52:51: 2h 7min | Disconnected: Joe Montana(76561198368248470 - 21) - time: 7521.53 - serverFPS: 46.3768
05.02.2020 02:04:02: 2h 18min | Connected: Dan Dimmadont(76561198860031547 - 18) - time: 8193.2 - serverFPS: 45.977
05.02.2020 02:19:48: 2h 34min | Disconnected: [1K-33] R. Tjay(76561198883479728 - 24) - time: 9138.3 - serverFPS: 46.3768
05.02.2020 02:36:43: 2h 51min | Disconnected: S.Kingston(76561198046640450 - 29) - time: 10153 - serverFPS: 46.1095
05.02.2020 02:39:23: 2h 53min | Disconnected: Donnie Turbo(76561198041233395 - 8) - time: 10313.3 - serverFPS: 45.584
05.02.2020 02:42:15: 2h 56min | Connected: Robert Kennedy(76561198083728776 - 32) - time: 10485.7 - serverFPS: 45.8453
05.02.2020 02:42:17: 2h 56min | Disconnected: Robert Kennedy(76561198083728776 - 32) - time: 10487.3 - serverFPS: 45.4545
05.02.2020 02:49:16: 3h 3min | Connected: Robert Kennedy(76561198083728776 - 33) - time: 10906 - serverFPS: 45.3258
05.02.2020 02:58:00: 3h 12min | Connected: Eddie Spaghetti(76561198046997779 - 34) - time: 11430.2 - serverFPS: 46.2428
05.02.2020 03:03:56: 3h 18min | Disconnected: Dan Dimmadont(76561198860031547 - 18) - time: 11788.2 - serverFPS: 45.584
05.02.2020 03:09:31: 3h 23min | Disconnected: Robert Kennedy(76561198083728776 - 33) - time: 12122.8 - serverFPS: 45.4545
05.02.2020 03:24:07: 3h 38min | Disconnected: HoyoBani(76561198105940600 - 30) - time: 12998.7 - serverFPS: 45.4545
05.02.2020 03:48:37: 4h 2min | Disconnected: Alexander.Rios(76561198037915534 - 23) - time: 14467.9 - serverFPS: 45.7143
05.02.2020 03:51:51: 4h 6min | Disconnected: Eddie Spaghetti(76561198046997779 - 34) - time: 14661.7 - serverFPS: 45.977
05.02.2020 04:14:05: 4h 28min | Disconnected: Nino Marino(76561198206026112 - 20) - time: 15996 - serverFPS: 45.4545
05.02.2020 04:14:13: 4h 28min | Disconnected: luke(76561198264871362 - 26) - time: 16003.7 - serverFPS: 46.3768
05.02.2020 04:15:49: 4h 30min | Disconnected: John Anderson(76561198180893505 - 22) - time: 16099.5 - serverFPS: 45.4545
05.02.2020 04:50:49: 5h 5min | Connected: AL "BIG AL" GAMBINO(76561198361509989 - 36) - time: 18199.9 - serverFPS: 45.4545
05.02.2020 04:56:35: 5h 10min | Connected: Wyclef(76561198038112694 - 37) - time: 18545.8 - serverFPS: 46.1095
05.02.2020 05:23:00: 5h 37min | Disconnected: Wyclef(76561198038112694 - 37) - time: 20130.4 - serverFPS: 45.8453
05.02.2020 05:25:14: 5h 39min | Connected: Joe Montana(76561198368248470 - 39) - time: 20264.1 - serverFPS: 45.4545
05.02.2020 06:02:28: 6h 16min | Connected: Nino Marino(76561198206026112 - 40) - time: 22497.4 - serverFPS: 47.0588
05.02.2020 06:11:31: 6h 25min | Disconnected: AL "BIG AL" GAMBINO(76561198361509989 - 36) - time: 23040.8 - serverFPS: 45.4545
05.02.2020 06:12:00: 6h 26min | Connected: AL "BIG AL" GAMBINO(76561198361509989 - 36) - time: 23069.8 - serverFPS: 45.3258
05.02.2020 06:12:42: 6h 27min | Disconnected: Nino Marino(76561198206026112 - 40) - time: 23111.3 - serverFPS: 45.3258
05.02.2020 06:12:47: 6h 27min | Disconnected: Joe Montana(76561198368248470 - 39) - time: 23116 - serverFPS: 45.4545
05.02.2020 06:13:22: 6h 27min | Connected: Joe Montana(76561198368248470 - 39) - time: 23151.2 - serverFPS: 45.3258
05.02.2020 06:13:51: 6h 28min | Connected: Nino Marino(76561198206026112 - 40) - time: 23180.1 - serverFPS: 45.4545
05.02.2020 06:55:54: 7h 10min | Disconnected: AL "BIG AL" GAMBINO(76561198361509989 - 36) - time: 25702.3 - serverFPS: 46.9208
05.02.2020 06:56:29: 7h 10min | Connected: AL "BIG AL" GAMBINO(76561198361509989 - 36) - time: 25737.7 - serverFPS: 45.7143
05.02.2020 06:58:14: 7h 12min | Disconnected: AL "BIG AL" GAMBINO(76561198361509989 - 36) - time: 25842.9 - serverFPS: 45.584
05.02.2020 07:07:17: 7h 21min | Connected: AL "BIG AL" GAMBINO(76561198361509989 - 41) - time: 26385.3 - serverFPS: 45.977
05.02.2020 07:42:34: infiSTAR_PlayerConnected_id: 1
05.02.2020 07:42:34: infiSTAR_PlayerDisconnected_id: 0
05.02.2020 07:45:44: 0h 4min | Connected: Boyevik Butch-Mac Volkev(76561198089960350 - 4) - time: 192.537 - serverFPS: 45.977
05.02.2020 07:58:45: infiSTAR_PlayerConnected_id: 1
05.02.2020 07:58:45: infiSTAR_PlayerDisconnected_id: 0
05.02.2020 08:02:02: 0h 4min | Connected: Boyevik Butch-Mac Volkev(76561198089960350 - 5) - time: 200.407 - serverFPS: 45.977
05.02.2020 08:09:24: infiSTAR_PlayerConnected_id: 1
05.02.2020 08:09:24: infiSTAR_PlayerDisconnected_id: 0
05.02.2020 08:24:58: 0h 17min | Connected: Nino Marino(76561198206026112 - 4) - time: 937.145 - serverFPS: 45.4545
05.02.2020 08:28:29: 0h 20min | Disconnected: Nino Marino(76561198206026112 - 4) - time: 1148.08 - serverFPS: 45.7143
05.02.2020 08:28:56: 0h 21min | Connected: Nino Marino(76561198206026112 - 4) - time: 1174.57 - serverFPS: 45.8453
05.02.2020 08:31:32: infiSTAR_PlayerConnected_id: 1
05.02.2020 08:31:32: infiSTAR_PlayerDisconnected_id: 0
05.02.2020 08:39:01: 0h 9min | Connected: Nino Marino(76561198206026112 - 4) - time: 452.242 - serverFPS: 45.977
05.02.2020 09:03:22: 0h 33min | Disconnected: Nino Marino(76561198206026112 - 4) - time: 1911.94 - serverFPS: 46.2428
05.02.2020 13:37:21: 5h 7min | Connected: George Clean(76561198130285673 - 5) - time: 18251.3 - serverFPS: 45.4545
05.02.2020 13:37:23: 5h 7min | Connected: thomas(76561198248187246 - 6) - time: 18253.8 - serverFPS: 37.8251
05.02.2020 15:33:27: 7h 3min | Disconnected: thomas(76561198248187246 - 6) - time: 25216.3 - serverFPS: 46.9208
05.02.2020 15:37:59: 7h 8min | Disconnected: George Clean(76561198130285673 - 5) - time: 25489 - serverFPS: 46.1095
05.02.2020 19:37:18: 11h 7min | Connected: George Clean(76561198130285673 - 7) - time: 39844.5 - serverFPS: 46.7836
05.02.2020 19:42:50: 11h 12min | Connected: deadrider41(76561198172486071 - 9) - time: 40176.5 - serverFPS: 47.0588
05.02.2020 19:44:40: 11h 14min | Connected: thomas(76561198248187246 - 10) - time: 40286.4 - serverFPS: 46.5116
05.02.2020 20:19:01: 11h 49min | Connected: Donnie Turbo(76561198041233395 - 11) - time: 42347.6 - serverFPS: 47.3373
05.02.2020 20:33:48: 12h 3min | Connected: AL "BIG AL" GAMBINO(76561198361509989 - 12) - time: 43233.3 - serverFPS: 45.977
05.02.2020 20:57:57: 12h 28min | Connected: Joe Montana(76561198368248470 - 14) - time: 44680.7 - serverFPS: 46.2428
05.02.2020 21:20:19: 12h 50min | Connected: Nino Marino(76561198206026112 - 15) - time: 46022.1 - serverFPS: 45.7143
05.02.2020 21:32:01: 13h 2min | Disconnected: deadrider41(76561198172486071 - 9) - time: 46723.1 - serverFPS: 46.5116
05.02.2020 21:39:01: 13h 9min | Connected: HoyoBani(76561198105940600 - 16) - time: 47143.7 - serverFPS: 45.8453
05.02.2020 21:39:33: 13h 9min | Disconnected: thomas(76561198248187246 - 10) - time: 47175.2 - serverFPS: 46.1095
05.02.2020 21:45:02: 13h 15min | Disconnected: George Clean(76561198130285673 - 7) - time: 47503.9 - serverFPS: 45.977
05.02.2020 21:56:07: 13h 26min | Connected: [1K-33] R. Tjay(76561198883479728 - 17) - time: 48169.5 - serverFPS: 46.3768
05.02.2020 22:22:35: 13h 52min | Disconnected: HoyoBani(76561198105940600 - 16) - time: 49757 - serverFPS: 45.1977
05.02.2020 22:23:05: 13h 53min | Connected: HoyoBani(76561198105940600 - 16) - time: 49787 - serverFPS: 45.8453
05.02.2020 22:27:03: 13h 57min | Connected: Bob Lee Swagger(76561198318724805 - 18) - time: 50024.6 - serverFPS: 45.3258
05.02.2020 22:29:27: 13h 59min | Connected: George Clean(76561198130285673 - 7) - time: 50168.4 - serverFPS: 45.8453
05.02.2020 23:08:16: 14h 38min | Connected: Wyclef(76561198038112694 - 19) - time: 52497.1 - serverFPS: 46.1095
05.02.2020 23:09:13: 14h 39min | Disconnected: HoyoBani(76561198105940600 - 16) - time: 52553.8 - serverFPS: 45.7143
05.02.2020 23:22:47: 14h 52min | Disconnected: [1K-33] R. Tjay(76561198883479728 - 17) - time: 53366.6 - serverFPS: 45.8453
05.02.2020 23:25:48: 14h 55min | Disconnected: George Clean(76561198130285673 - 7) - time: 53547.8 - serverFPS: 45.977
05.02.2020 23:44:27: 15h 14min | Connected: Robert Kennedy(76561198083728776 - 20) - time: 54666.9 - serverFPS: 46.2428
05.02.2020 23:45:02: 15h 15min | Disconnected: Joe Montana(76561198368248470 - 14) - time: 54701.1 - serverFPS: 46.6472
05.02.2020 23:50:54: 15h 20min | Disconnected: Bob Lee Swagger(76561198318724805 - 18) - time: 55052.8 - serverFPS: 46.3768
05.02.2020 23:56:20: 15h 26min | Disconnected: Robert Kennedy(76561198083728776 - 20) - time: 55378.1 - serverFPS: 45.4545
