28.01.2020 00:07:08: Mike Hutchinson(76561198043298972) CLIENT OWNER ID [13], TOKEN [g21e67z6y0mfze0]
28.01.2020 00:46:31: xMADxHATERx(76561198281126215) CLIENT OWNER ID [15], TOKEN [ggjysxijqnf9mht]
28.01.2020 00:52:11: Wyclef(76561198038112694) CLIENT OWNER ID [16], TOKEN [iiq9x8xs3j2q0bbfe]
28.01.2020 00:54:38: Wyclef(76561198038112694) CLIENT OWNER ID [18], TOKEN [a7owqlkjo55dyxwv4i]
28.01.2020 01:02:42: [1k-40] Jose Santana(76561198206026112) CLIENT OWNER ID [19], TOKEN [uietu22p6n6vwri2i]
28.01.2020 01:03:52: Donnie Turbo(76561198041233395) CLIENT OWNER ID [20], TOKEN [g89uyouiy24zrivreo]
28.01.2020 01:06:13: Mike Hutchinson(76561198043298972) CLIENT OWNER ID [13], TOKEN [ow38n7kwmp4i5vvys]
28.01.2020 01:22:23: Héctor "Lil Loco" Arturo(76561197999316388) CLIENT OWNER ID [14], TOKEN [ehl5k9pks7aokahc1]
28.01.2020 01:31:46: Thomas Woods(76561198174871239) CLIENT OWNER ID [5], TOKEN [s03mdcx7t18p4h]
28.01.2020 01:33:21: Donnie Turbo(76561198041233395) CLIENT OWNER ID [7], TOKEN [pkdq5js542g2lq7b3]
28.01.2020 01:34:08: Héctor "Lil Loco" Arturo(76561197999316388) CLIENT OWNER ID [4], TOKEN [ulnxe0m7d73to3s]
28.01.2020 01:34:48: Javier Escuella(76561198370210333) CLIENT OWNER ID [9], TOKEN [bl8tmrshof8xs5]
28.01.2020 01:35:30: Wyclef(76561198038112694) CLIENT OWNER ID [10], TOKEN [ogze74caeqbsfget]
28.01.2020 01:38:09: Donnie Turbo(76561198041233395) CLIENT OWNER ID [7], TOKEN [no168eyg8bul3ztetd]
28.01.2020 01:40:02: Zander Marino(76561198180893505) CLIENT OWNER ID [6], TOKEN [y0zmfh3myihxojfw]
28.01.2020 01:49:02: Boyevik Butch-Mac Volkev(76561198089960350) CLIENT OWNER ID [8], TOKEN [vz4so7l9euct5bedg]
28.01.2020 02:02:58: Jon(76561198000920219) CLIENT OWNER ID [5], TOKEN [vu6dnywlcrdz60]
28.01.2020 02:05:28: Héctor "Lil Loco" Arturo(76561197999316388) CLIENT OWNER ID [7], TOKEN [bvzohcchuobz4cr]
28.01.2020 02:07:14: Donnie Turbo(76561198041233395) CLIENT OWNER ID [8], TOKEN [ywdngowwukrfjxfx53]
28.01.2020 02:08:12: Boyevik Butch-Mac Volkev(76561198089960350) CLIENT OWNER ID [9], TOKEN [mo5p961yugo1mq06iz]
28.01.2020 02:08:58: Zander Marino(76561198180893505) CLIENT OWNER ID [6], TOKEN [fqbtj30yxc1gj15p]
28.01.2020 02:12:59: [1k-40] Jose Santana(76561198206026112) CLIENT OWNER ID [11], TOKEN [yz9g2tnspwnjxh2m28e]
28.01.2020 02:15:29: Wyclef(76561198038112694) CLIENT OWNER ID [12], TOKEN [sbrcrus2y5llpo]
28.01.2020 02:25:51: Mike Hutchinson(76561198043298972) CLIENT OWNER ID [13], TOKEN [qyzp4dxu71zb5kznlh]
28.01.2020 02:27:30: [ION]Eriden Parker(76561198054085448) CLIENT OWNER ID [14], TOKEN [llnvt4r53fvhgq65hr]
28.01.2020 02:54:32: Abduwale Muse(76561198033160260) CLIENT OWNER ID [15], TOKEN [cx1h09p3hwsq5el374]
28.01.2020 03:10:42: Mike Hutchinson(76561198043298972) CLIENT OWNER ID [16], TOKEN [jandvvjqleuk10n58]
28.01.2020 03:12:03: [ION]Eriden Parker(76561198054085448) CLIENT OWNER ID [14], TOKEN [m8ejgi0dsj5hyfad]
28.01.2020 03:18:16: Donnie Turbo(76561198041233395) CLIENT OWNER ID [8], TOKEN [ytu2l245y1e8gt1bb1]
28.01.2020 04:12:47: Anthony Webbie(76561198255727127) CLIENT OWNER ID [17], TOKEN [bx624cz8wobcsd5j56d]
28.01.2020 04:18:04: Rick Cheney(76561198860031547) CLIENT OWNER ID [18], TOKEN [m5wwy2rmg0dx3tj]
28.01.2020 04:19:30: Robert Kennedy(76561198083728776) CLIENT OWNER ID [19], TOKEN [o1e79hjl0u4oi7s65]
28.01.2020 04:29:35: HoyoBani(76561198105940600) CLIENT OWNER ID [20], TOKEN [tcqixpclkw1awnd]
28.01.2020 04:38:33: Robert Kennedy(76561198083728776) CLIENT OWNER ID [22], TOKEN [hhyerhdiewkws573dk]
28.01.2020 04:39:18: Robert Kennedy(76561198083728776) CLIENT OWNER ID [22], TOKEN [ykg6o76jn1273o]
28.01.2020 04:39:27: Chief Blades(76561198281290777) CLIENT OWNER ID [21], TOKEN [n6c1x41n1cdm332rcj]
28.01.2020 04:39:45: Robert Kennedy(76561198083728776) CLIENT OWNER ID [22], TOKEN [im2gm6bgy0zf3jvq]
28.01.2020 04:40:37: Robert Kennedy(76561198083728776) CLIENT OWNER ID [22], TOKEN [ykuxq114sm5nk0]
28.01.2020 04:43:03: Robert Kennedy(76561198083728776) CLIENT OWNER ID [23], TOKEN [s3mcbqc4aj0w81dz3nh]
28.01.2020 04:46:02: Chief Blades(76561198281290777) CLIENT OWNER ID [24], TOKEN [qc6hwsj0z675bfcx]
28.01.2020 04:52:01: Kermit(76561198043298972) CLIENT OWNER ID [26], TOKEN [f3md5p8xgio841]
28.01.2020 05:17:32: Wyclef(76561198038112694) CLIENT OWNER ID [27], TOKEN [kr6s8uyn6oxwcjlobx]
28.01.2020 05:33:41: Stanley Thompson [1K-75](76561198180893505) CLIENT OWNER ID [28], TOKEN [nmmij70d6lr8a9]
28.01.2020 06:29:49: Warren Blades(76561198281290777) CLIENT OWNER ID [30], TOKEN [p32967lvspgxo8b]
28.01.2020 06:30:14: Warren Blades(76561198281290777) CLIENT OWNER ID [30], TOKEN [cuwlxxpamlvbsnj5]
28.01.2020 06:33:34: Warren Blades(76561198281290777) CLIENT OWNER ID [30], TOKEN [vk2ffwk1jyren6qxcd]
28.01.2020 06:38:41: Warren Blades(76561198281290777) CLIENT OWNER ID [31], TOKEN [gymkhay50opkf3g3]
28.01.2020 06:49:15: Stanley Thompson [1K-75](76561198180893505) CLIENT OWNER ID [32], TOKEN [upqklkhs2a325lf4r]
28.01.2020 07:25:50: Stanley Thompson [1K-75](76561198180893505) CLIENT OWNER ID [32], TOKEN [yj00l6qe9u1cwo7sg]
28.01.2020 07:27:07: Nino Marino(76561198206026112) CLIENT OWNER ID [33], TOKEN [bct09ygyppxchvc]
28.01.2020 07:31:08: John Anderson(76561198180893505) CLIENT OWNER ID [35], TOKEN [h2tviddyc0fpdil8vh]
28.01.2020 07:32:35: Robert Kennedy(76561198083728776) CLIENT OWNER ID [36], TOKEN [ugibulj9mf7pcn2]
28.01.2020 07:35:02: Rick Cheney(76561198860031547) CLIENT OWNER ID [37], TOKEN [r43utroxy0tbdy4]
28.01.2020 07:50:06: Kermit(76561198043298972) CLIENT OWNER ID [38], TOKEN [v1mb88cwi2yi0ch]
28.01.2020 08:22:54: HoyoBani(76561198105940600) CLIENT OWNER ID [5], TOKEN [v5y6o1jee2jfck]
28.01.2020 08:27:50: John Anderson(76561198180893505) CLIENT OWNER ID [4], TOKEN [nrlgoem1f7xoq55]
28.01.2020 08:35:11: Nino Marino(76561198206026112) CLIENT OWNER ID [6], TOKEN [bpnb5w3lzz4ka2prec5]
28.01.2020 08:47:10: John Anderson(76561198180893505) CLIENT OWNER ID [6], TOKEN [akk1d549ktbwjk2]
28.01.2020 08:47:45: Nino Marino(76561198206026112) CLIENT OWNER ID [4], TOKEN [nhf1dp026wid6urqn]
28.01.2020 08:48:00: HoyoBani(76561198105940600) CLIENT OWNER ID [5], TOKEN [cai671tot18pz9u2v8]
28.01.2020 12:22:25: Warren Blades(76561198281290777) CLIENT OWNER ID [4], TOKEN [hp4wblhotp4hh3l]
28.01.2020 15:17:47: Boyevik Butch-Mac Volkev(76561198089960350) CLIENT OWNER ID [4], TOKEN [p4q3omyq0jte0l]
28.01.2020 16:06:16: Boyevik Butch-Mac Volkev(76561198089960350) CLIENT OWNER ID [4], TOKEN [kmcqo5grb3lpexx]
28.01.2020 16:07:02: Boyevik Butch-Mac Volkev(76561198089960350) CLIENT OWNER ID [4], TOKEN [wl0x16e44nse360y4nv]
28.01.2020 16:08:18: Boyevik Butch-Mac Volkev(76561198089960350) CLIENT OWNER ID [4], TOKEN [jopgivwwwbd86gb]
28.01.2020 16:13:22: Boyevik Butch-Mac Volkev(76561198089960350) CLIENT OWNER ID [4], TOKEN [kzik5r6hi1xmhc]
28.01.2020 16:14:38: Boyevik Butch-Mac Volkev(76561198089960350) CLIENT OWNER ID [4], TOKEN [xd4zmw3fvhqv2dm093]
28.01.2020 16:20:47: Boyevik Butch-Mac Volkev(76561198089960350) CLIENT OWNER ID [4], TOKEN [v00rebsz4h6slxln]
28.01.2020 16:48:29: Boyevik Butch-Mac Volkev(76561198089960350) CLIENT OWNER ID [4], TOKEN [endck8c1x2760xox]
28.01.2020 16:56:01: Boyevik Butch-Mac Volkev(76561198089960350) CLIENT OWNER ID [4], TOKEN [fjytf22ct2pb77vryjw]
28.01.2020 17:49:33: Wyclef(76561198038112694) CLIENT OWNER ID [4], TOKEN [n4ontsaecnkssqtp]
28.01.2020 17:53:02: Wyclef(76561198038112694) CLIENT OWNER ID [4], TOKEN [psehp8y7v0sfl5o1j2]
28.01.2020 17:55:43: Wyclef(76561198038112694) CLIENT OWNER ID [4], TOKEN [w29pc5vwfg39sxjq90]
28.01.2020 18:16:39: Boyevik Butch-Mac Volkev(76561198089960350) CLIENT OWNER ID [4], TOKEN [n1ozsh08ow6ez1]
28.01.2020 18:32:14: Wyclef(76561198038112694) CLIENT OWNER ID [5], TOKEN [ffwc24vfbvnky1lro]
28.01.2020 20:04:15: Abduwale Muse(76561198033160260) CLIENT OWNER ID [6], TOKEN [xc4fmnqjfau54u5]
28.01.2020 20:20:33: Thomas Woods(76561198174871239) CLIENT OWNER ID [7], TOKEN [ovkdszwfqbh525e]
28.01.2020 20:21:07: Thomas Woods(76561198174871239) CLIENT OWNER ID [7], TOKEN [hhh8w6jgmh7d5jmysd]
28.01.2020 21:21:26: AL "BIG AL" GAMBINO(76561198361509989) CLIENT OWNER ID [9], TOKEN [opmx8i8np9hbif6]
28.01.2020 21:21:50: AL "BIG AL" GAMBINO(76561198361509989) CLIENT OWNER ID [9], TOKEN [q24zuu68uy1jbz70]
28.01.2020 21:22:46: AL "BIG AL" GAMBINO(76561198361509989) CLIENT OWNER ID [10], TOKEN [hh4o3sgtb2hyaz5hin]
28.01.2020 21:39:45: AL "BIG AL" GAMBINO(76561198361509989) CLIENT OWNER ID [12], TOKEN [syt3bz6dpvyvx6c9843]
28.01.2020 21:47:07: Nino Marino(76561198206026112) CLIENT OWNER ID [13], TOKEN [uywmuig6br2176]
28.01.2020 22:17:35: Kermit(76561198043298972) CLIENT OWNER ID [14], TOKEN [yf5dxtpcr93l6mmrq]
28.01.2020 22:21:02: Kermit(76561198043298972) CLIENT OWNER ID [19], TOKEN [xc38txgsz5dz82x5]
28.01.2020 22:23:47: alexs(76561198002867764) CLIENT OWNER ID [20], TOKEN [jxk3b657pu23s5wpx]
28.01.2020 22:30:04: [1K-33] R. Tjay(76561198883479728) CLIENT OWNER ID [21], TOKEN [p50djtjqhhbtuv9nfz]
28.01.2020 22:31:23: [ION]Eriden Parker(76561198054085448) CLIENT OWNER ID [16], TOKEN [vcmrgirtb2rthq7ipq8]
28.01.2020 22:34:30: Wyclef(76561198038112694) CLIENT OWNER ID [22], TOKEN [wq3eev20d1jhcrz]
28.01.2020 22:54:56: Larry Henry(76561198054085448) CLIENT OWNER ID [25], TOKEN [n25txuv2lquhvgk3t]
28.01.2020 22:55:12: Thomas Woods(76561198174871239) CLIENT OWNER ID [26], TOKEN [vyqii08f61vcx2y81]
28.01.2020 22:59:44: AL "BIG AL" GAMBINO(76561198361509989) CLIENT OWNER ID [28], TOKEN [he3b85d1m0uv1z085]
28.01.2020 23:07:21: Donnie Turbo(76561198041233395) CLIENT OWNER ID [29], TOKEN [kr2jp6xewcm7j2x]
28.01.2020 23:08:01: Robert Kennedy(76561198083728776) CLIENT OWNER ID [30], TOKEN [b3zji1cggkvrvg1]
28.01.2020 23:12:28: Donnie Turbo(76561198041233395) CLIENT OWNER ID [31], TOKEN [x18dabo267ty0xt]
28.01.2020 23:19:25: Eriden Parker(76561198054085448) CLIENT OWNER ID [32], TOKEN [bfv27hychv7svp5]
28.01.2020 23:22:14: Harold Reginald(76561198355765034) CLIENT OWNER ID [33], TOKEN [mr65giibameo3efqx2]
28.01.2020 23:28:33: Harold Reginald(76561198355765034) CLIENT OWNER ID [34], TOKEN [dqhf2uxtsg80cv7]
28.01.2020 23:33:25: Donnie Turbo(76561198041233395) CLIENT OWNER ID [38], TOKEN [j2h9nqy2ninvpcica4]
28.01.2020 23:47:17: John Ross(76561198340640216) CLIENT OWNER ID [40], TOKEN [avubnvfb3q2mkryq4j3]
