27.02.2020 00:17:41: Donnie Turbo(76561198041233395) CLIENT OWNER ID [5], TOKEN [d7qjey4ue4m3mj4]
27.02.2020 00:20:05: AL "BIG AL" GAMBINO(76561198361509989) CLIENT OWNER ID [6], TOKEN [ymsmcypspu2ekd70]
27.02.2020 00:25:49: John Anderson(76561198180893505) CLIENT OWNER ID [9], TOKEN [dref4itd1hu6n1xjqsp]
27.02.2020 00:27:33: Amado Carrillo fuentes(76561198354844800) CLIENT OWNER ID [8], TOKEN [am7nj2uda207bhehm]
27.02.2020 00:46:44: luke(76561198264871362) CLIENT OWNER ID [10], TOKEN [ovgjcx54dqmhurq12v]
27.02.2020 00:52:00: luke(76561198264871362) CLIENT OWNER ID [11], TOKEN [r5x2nofcq5fhjavn]
27.02.2020 01:11:39: Sherman(76561198038112694) CLIENT OWNER ID [13], TOKEN [ri3strexu1ghp6]
27.02.2020 01:13:34: luke(76561198264871362) CLIENT OWNER ID [16], TOKEN [f45xe25plgdpq7jzx]
27.02.2020 01:14:09: John Anderson(76561198180893505) CLIENT OWNER ID [17], TOKEN [jlve6wkc10x1cuc8gh]
27.02.2020 01:22:42: luke(76561198264871362) CLIENT OWNER ID [18], TOKEN [koth33lndtzq0n]
27.02.2020 01:28:15: luke(76561198264871362) CLIENT OWNER ID [19], TOKEN [fqq7vnpxe4lwg0yf1z]
27.02.2020 01:34:35: Rogue Tjay(76561198883479728) CLIENT OWNER ID [20], TOKEN [ipsva5nvpt2t1m6]
27.02.2020 01:41:08: Rogue Tjay(76561198883479728) CLIENT OWNER ID [21], TOKEN [v5nbrx7xhcq1q53]
27.02.2020 01:50:11: luke(76561198264871362) CLIENT OWNER ID [22], TOKEN [xtqqxzj26hlrc25eo]
27.02.2020 02:25:33: Stanley Thompson [1K-75](76561198180893505) CLIENT OWNER ID [24], TOKEN [lzx3f4xg5l68shr]
27.02.2020 02:50:10: luke(76561198264871362) CLIENT OWNER ID [25], TOKEN [xlnrel50lfw7veyf58y]
27.02.2020 03:23:51: Stanley Thompson [1K-75](76561198180893505) CLIENT OWNER ID [26], TOKEN [l3ec3dqq6kf50cg8]
27.02.2020 03:30:36: Stanley Thompson [1K-75](76561198180893505) CLIENT OWNER ID [26], TOKEN [fjg0jniju70junp]
27.02.2020 03:33:25: John Anderson(76561198180893505) CLIENT OWNER ID [27], TOKEN [pdjft59i70egp6]
27.02.2020 03:51:33: luke(76561198264871362) CLIENT OWNER ID [28], TOKEN [ww9xpvtw52sxsvpuobk]
27.02.2020 03:53:26: John Anderson(76561198180893505) CLIENT OWNER ID [32], TOKEN [bbplgbgncx7jpdzf76s]
27.02.2020 04:53:58: luke(76561198264871362) CLIENT OWNER ID [33], TOKEN [fezm1vg4ssejvxg]
27.02.2020 05:29:09: Sherman(76561198038112694) CLIENT OWNER ID [4], TOKEN [injh04wzs80rbp0p]
27.02.2020 05:42:38: Jbo Marino[201](76561198206026112) CLIENT OWNER ID [5], TOKEN [ed6nwtqg5mdarpd]
27.02.2020 05:54:31: Jbo Marino[201](76561198206026112) CLIENT OWNER ID [6], TOKEN [rfvdnlepae0tpji6]
27.02.2020 06:14:37: Sherman(76561198038112694) CLIENT OWNER ID [7], TOKEN [gsrs8ofsf7ljlw1why]
27.02.2020 06:24:14: Sherman(76561198038112694) CLIENT OWNER ID [4], TOKEN [dibcd5eb4d4t3l]
27.02.2020 07:36:05: Nino Marino(76561198206026112) CLIENT OWNER ID [8], TOKEN [c9a6hvug70hcxc]
27.02.2020 07:57:32: Robert Kennedy(76561198083728776) CLIENT OWNER ID [9], TOKEN [q1ekv32slwp6pmo9]
27.02.2020 08:38:20: Sternn(76561198087299936) CLIENT OWNER ID [10], TOKEN [isnzpt3rk6jennzwb]
27.02.2020 20:56:24: Donnie Turbo(76561198041233395) CLIENT OWNER ID [5], TOKEN [ijp192q8m5lu4frb]
27.02.2020 21:28:25: WarFire(76561198150464364) CLIENT OWNER ID [6], TOKEN [wdfclutvyw74twp]
27.02.2020 22:13:20: Axel Jones(76561198091943121) CLIENT OWNER ID [8], TOKEN [xyy59mssvpdbncsbmc]
27.02.2020 22:18:50: Axel Jones(76561198091943121) CLIENT OWNER ID [9], TOKEN [xn810kwsf2slw66]
