15.02.2020 00:05:05: 17h 39min | Donnie Turbo(76561198041233395) | spawning Smoke Grenade (Red) (SmokeShellRed)
15.02.2020 00:05:07: 17h 39min | Nino Marino(76561198206026112) | SPECTATE - switchedCamera on Donnie Turbo(76561198041233395) - I_soldier_UAV_06_medical_F
15.02.2020 00:05:07: 17h 39min | Donnie Turbo(76561198041233395) | spawning Smoke Grenade (Red) (SmokeShellRed)
15.02.2020 00:05:08: 17h 39min | Donnie Turbo(76561198041233395) | spawning Smoke Grenade (Red) (SmokeShellRed)
15.02.2020 00:05:09: 17h 39min | Donnie Turbo(76561198041233395) | spawning Smoke Grenade (Red) (SmokeShellRed)
15.02.2020 00:05:09: 17h 39min | Donnie Turbo(76561198041233395) | spawning Smoke Grenade (Red) (SmokeShellRed)
15.02.2020 00:05:22: 17h 39min | Nino Marino(76561198206026112) | SPECTATE - switchedCamera on Alexander.Rios(76561198037915534) - d3s_huracan_18_SPD_P
15.02.2020 00:06:48: 17h 40min | Donnie Turbo(76561198041233395) | Teleport - Target To Me - Robert Kennedy [CIV](76561198083728776)
15.02.2020 00:07:00: 17h 41min | Nino Marino(76561198206026112) | SPECTATE - switchedCamera on Robert Kennedy(76561198083728776) - C_man_1
15.02.2020 00:07:58: 17h 42min | Nino Marino(76561198206026112) | God Mode - 1
15.02.2020 00:17:16: 17h 51min | Donnie Turbo(76561198041233395) | locked - [d3s_fseries_17]
15.02.2020 00:19:04: 17h 53min | Donnie Turbo(76561198041233395) | unlocked - [d3s_fseries_17]
15.02.2020 00:19:40: 17h 53min | Donnie Turbo(76561198041233395) | HealRepairNear
15.02.2020 00:19:42: 17h 53min | Donnie Turbo(76561198041233395) | HealRepairNear
15.02.2020 00:22:20: 17h 56min | Donnie Turbo(76561198041233395) | Teleport to [5270.83,4277.25,0](GPS: 052012)
15.02.2020 00:23:13: 17h 57min | Donnie Turbo(76561198041233395) | Teleport to [1508.8,1352.69,0](GPS: 015982)
15.02.2020 00:25:32: 17h 59min | Donnie Turbo(76561198041233395) | Teleport to [3513.61,2805.1,0](GPS: 035997)
15.02.2020 00:27:04: 18h 1min | Donnie Turbo(76561198041233395) | locked - [d3s_fseries_17]
15.02.2020 00:30:42: 18h 4min | Donnie Turbo(76561198041233395) | Teleport to [7482.72,3696.71,0](GPS: 074006)
15.02.2020 00:35:21: 18h 9min | Donnie Turbo(76561198041233395) | Teleport - Me To Target - Alexander.Rios [CIV](76561198037915534)
15.02.2020 00:39:56: 18h 14min | Donnie Turbo(76561198041233395) | Added 23 iron_refineds to Alexander.Rios!
15.02.2020 00:40:12: 18h 14min | Donnie Turbo(76561198041233395) | Teleport to [3512.18,3019.29,0](GPS: 035999)
15.02.2020 00:50:50: 18h 24min | Nino Marino(76561198206026112) | God Mode - 0
15.02.2020 00:50:52: 18h 24min | Nino Marino(76561198206026112) | SPECTATE - switchedCamera on Donnie Turbo(76561198041233395) - I_soldier_UAV_06_medical_F
15.02.2020 00:50:54: 18h 24min | Nino Marino(76561198206026112) | SPECTATE - switchedCamera on Alexander.Rios(76561198037915534) - C_man_1
15.02.2020 00:50:59: 18h 25min | Nino Marino(76561198206026112) | SPECTATE - switchedCamera on Sherman(76561198038112694) - C_man_1
15.02.2020 00:51:29: 18h 25min | Sherman(76561198038112694) | Teleport to [3666.87,3238.79,0](GPS: 036001)
15.02.2020 00:51:55: 18h 25min | Donnie Turbo(76561198041233395) | spawning Smoke Grenade (Red) (SmokeShellRed)
15.02.2020 00:51:55: 18h 25min | Donnie Turbo(76561198041233395) | spawning Smoke Grenade (Red) (SmokeShellRed)
15.02.2020 00:51:56: 18h 26min | Donnie Turbo(76561198041233395) | spawning Smoke Grenade (Red) (SmokeShellRed)
15.02.2020 00:51:57: 18h 26min | Donnie Turbo(76561198041233395) | spawning Smoke Grenade (Red) (SmokeShellRed)
15.02.2020 00:51:57: 18h 26min | Donnie Turbo(76561198041233395) | spawning Smoke Grenade (Red) (SmokeShellRed)
15.02.2020 00:51:58: 18h 26min | Donnie Turbo(76561198041233395) | spawning Smoke Grenade (Red) (SmokeShellRed)
15.02.2020 00:51:58: 18h 26min | Donnie Turbo(76561198041233395) | spawning Smoke Grenade (Red) (SmokeShellRed)
15.02.2020 00:51:58: 18h 26min | Donnie Turbo(76561198041233395) | spawning Smoke Grenade (Red) (SmokeShellRed)
15.02.2020 00:51:59: 18h 26min | Donnie Turbo(76561198041233395) | spawning Smoke Grenade (Red) (SmokeShellRed)
15.02.2020 00:52:27: 18h 26min | Sherman(76561198038112694) | HealRepairNear
15.02.2020 00:52:46: 18h 26min | Donnie Turbo(76561198041233395) | spawning Smoke Grenade (Red) (SmokeShellRed)
15.02.2020 00:52:47: 18h 26min | Donnie Turbo(76561198041233395) | spawning Smoke Grenade (Red) (SmokeShellRed)
15.02.2020 00:52:47: 18h 26min | Donnie Turbo(76561198041233395) | spawning Smoke Grenade (Red) (SmokeShellRed)
15.02.2020 00:52:48: 18h 26min | Donnie Turbo(76561198041233395) | spawning Smoke Grenade (Red) (SmokeShellRed)
15.02.2020 00:53:40: 18h 27min | Sherman(76561198038112694) | HealRepairNear
15.02.2020 01:09:32: 18h 43min | Sherman(76561198038112694) | unlocked - [d3s_vv222_18]
15.02.2020 01:09:35: 18h 43min | Sherman(76561198038112694) | locked - [d3s_vv222_18]
15.02.2020 01:10:02: 18h 44min | Sherman(76561198038112694) | unlocked - [d3s_vv222_18]
15.02.2020 01:10:03: 18h 44min | Sherman(76561198038112694) | locked - [d3s_vv222_18]
15.02.2020 01:22:43: 18h 56min | Donnie Turbo(76561198041233395) | Teleport to [3492.2,4237.32,0](GPS: 034011)
15.02.2020 01:23:42: 18h 57min | Sherman(76561198038112694) | spawning HARLEY DAVIDSON CUSTOM BOBBER Brosser Gris (V12_HARLEYBOBBER_BrosserG)
15.02.2020 01:24:24: 18h 58min | Sherman(76561198038112694) | Deleting V12_HARLEYBOBBER_BrosserG @035000..
15.02.2020 01:59:44: 19h 33min | Sherman(76561198038112694) | HealRepairNear
15.02.2020 02:26:43: 20h 0min | Sherman(76561198038112694) | spawning Bottle of Bitters (plp_bo_inv_BottleTequila)
15.02.2020 02:26:43: 20h 0min | Sherman(76561198038112694) | spawning Bottle of Bitters (plp_bo_inv_BottleTequila)
15.02.2020 02:26:44: 20h 0min | Sherman(76561198038112694) | spawning Bottle of Bitters (plp_bo_inv_BottleTequila)
15.02.2020 02:26:44: 20h 0min | Sherman(76561198038112694) | spawning Bottle of Bitters (plp_bo_inv_BottleTequila)
15.02.2020 02:27:02: 20h 1min | Sherman(76561198038112694) | spawning Alcohol (pop_alcohol)
15.02.2020 02:27:03: 20h 1min | Sherman(76561198038112694) | spawning Alcohol (pop_alcohol)
15.02.2020 02:39:22: 20h 13min | Donnie Turbo(76561198041233395) | Teleport to [3443.75,3352.04,0](GPS: 034002)
15.02.2020 02:56:12: 20h 30min | K-12 J Shepard(76561198043298972) | spawning Dodge Durango Police Unmarked'18 (d3s_durango_18_UNM)
15.02.2020 02:56:22: 20h 30min | K-12 J Shepard(76561198043298972) | locked - [d3s_durango_18_UNM]
15.02.2020 02:58:47: 20h 32min | K-12 J Shepard(76561198043298972) | spawning Lamborghini LM002'92 MAW Camo (d3s_lm002_MAW)
15.02.2020 02:58:50: 20h 32min | K-12 J Shepard(76561198043298972) | Deleting d3s_lm002_MAW @036002..
15.02.2020 02:59:33: 20h 33min | K-12 J Shepard(76561198043298972) | spawning BMW M5 Unmarked(F10)'14 GOV 2 (d3s_amazing_f10_12_UNM_GOV2)
15.02.2020 02:59:49: 20h 33min | K-12 J Shepard(76561198043298972) | Deleting Sherman(76561198038112694) vehicle: d3s_amazing_f10_12_UNM_GOV2 @036002..
15.02.2020 03:00:16: 20h 34min | K-12 J Shepard(76561198043298972) | spawning BMW M5 Unmarked(F10)'14 GOV (d3s_amazing_f10_12_UNM_GOV1)
15.02.2020 03:00:26: 20h 34min | K-12 J Shepard(76561198043298972) | Deleting d3s_amazing_f10_12_UNM_GOV1 @036002..
15.02.2020 03:00:35: 20h 34min | K-12 J Shepard(76561198043298972) | spawning BMW M5 Unmarked(F10)'14 (d3s_amazing_f10_12_UNM)
15.02.2020 03:00:43: 20h 34min | K-12 J Shepard(76561198043298972) | Deleting d3s_amazing_f10_12_UNM @036002..
15.02.2020 03:00:55: 20h 34min | K-12 J Shepard(76561198043298972) | spawning Chrysler 300 Police Unmarked'15 (d3s_300_12_UNM)
15.02.2020 03:02:49: 20h 36min | K-12 J Shepard(76561198043298972) | locked - [d3s_300_12_UNM]
15.02.2020 03:03:53: 20h 37min | K-12 J Shepard(76561198043298972) | unlocked - [d3s_300_12_UNM]
15.02.2020 03:07:39: 20h 41min | Sherman(76561198038112694) | HealRepairNear
15.02.2020 03:10:34: 20h 44min | K-12 J Shepard(76561198043298972) | locked - [d3s_amazing_ACS8_17]
15.02.2020 03:10:35: 20h 44min | K-12 J Shepard(76561198043298972) | unlocked - [d3s_amazing_ACS8_17]
15.02.2020 03:11:29: 20h 45min | Donnie Turbo(76561198041233395) | Teleport to [3744.09,4142.14,0](GPS: 037010)
15.02.2020 03:11:39: 20h 45min | Nino Marino(76561198206026112) | Added 1 defibrillators to K-12 J Shepard!
15.02.2020 03:14:16: 20h 48min | K-12 J Shepard(76561198043298972) | locked - [d3s_300_12_UNM]
15.02.2020 03:15:19: 20h 49min | K-12 J Shepard(76561198043298972) | Teleport to [6624.27,6044.26,0](GPS: 066029)
15.02.2020 03:15:44: 20h 49min | Sherman(76561198038112694) | Teleport to [3334.11,3251.54,0](GPS: 033001)
15.02.2020 03:29:08: 21h 3min | Donnie Turbo(76561198041233395) | HealRepairNear
15.02.2020 03:29:09: 21h 3min | Donnie Turbo(76561198041233395) | HealRepairNear
15.02.2020 03:38:00: 21h 12min | Nino Marino(76561198206026112) | God Mode - 1
15.02.2020 03:38:09: 21h 12min | Sherman(76561198038112694) | Teleport to [3659.06,3237.49,0](GPS: 036001)
15.02.2020 03:41:53: 21h 15min | Donnie Turbo(76561198041233395) | spawning Scientist Outfit (Formal, White) (U_C_Uniform_Scientist_01_F)
15.02.2020 03:42:01: 21h 16min | Donnie Turbo(76561198041233395) | spawning Scientist Outfit (Formal, White) (U_C_Uniform_Scientist_01_F)
15.02.2020 03:51:06: 21h 25min | K-12 J Shepard(76561198043298972) | Teleport to [2795.21,4104.35,0](GPS: 027010)
15.02.2020 03:52:05: 21h 26min | Donnie Turbo(76561198041233395) | spawning Dodge Challenger Police Undercover'15 (d3s_challenger_15_CPU)
15.02.2020 03:52:41: 21h 26min | Donnie Turbo(76561198041233395) | locked - [d3s_challenger_15_CPU]
15.02.2020 03:52:52: 21h 26min | K-12 J Shepard(76561198043298972) | Deleting d3s_300_12_UNM @027010..
15.02.2020 03:53:42: 21h 27min | Donnie Turbo(76561198041233395) | Deleting d3s_challenger_15_CPU @034011..
15.02.2020 03:54:16: 21h 28min | K-12 J Shepard(76561198043298972) | Teleport to [3659.34,3244.94,0](GPS: 036001)
15.02.2020 04:01:29: 21h 35min | Sherman(76561198038112694) | Teleport to [3650.71,3239.96,0](GPS: 036001)
15.02.2020 04:01:42: 21h 35min | Sherman(76561198038112694) | Teleport to [3469.25,4111.63,0](GPS: 034010)
15.02.2020 04:12:53: 21h 46min | Nino Marino(76561198206026112) | God Mode - 0
15.02.2020 04:30:19: 22h 4min | Nino Marino(76561198206026112) | spawning A3L Traffic Vest (A3L_ttfvest)
15.02.2020 04:30:21: 22h 4min | Nino Marino(76561198206026112) | spawning A3L DoJ Vest (A3L_deptjvest1)
15.02.2020 04:31:31: 22h 5min | Donnie Turbo(76561198041233395) | Deleting GroundWeaponHolder @034011..
15.02.2020 04:34:12: 22h 8min | Sherman(76561198038112694) | unlocked - [d3s_mclaren_18]
15.02.2020 04:34:16: 22h 8min | Sherman(76561198038112694) | locked - [d3s_mclaren_18]
15.02.2020 04:34:29: 22h 8min | Sherman(76561198038112694) | Teleport to [2079.76,3664.75,0](GPS: 020005)
15.02.2020 04:34:32: 22h 8min | Sherman(76561198038112694) | Teleport to [3648.56,3239.38,0](GPS: 036001)
15.02.2020 04:35:14: 22h 9min | Sherman(76561198038112694) | Teleport to [2425.55,3321.76,0](GPS: 024002)
15.02.2020 04:35:17: 22h 9min | Sherman(76561198038112694) | Teleport to [2636.51,3387.3,0](GPS: 026003)
15.02.2020 04:35:52: 22h 9min | Sherman(76561198038112694) | unlocked - [d3s_mclaren_18]
15.02.2020 04:36:46: 22h 10min | Sherman(76561198038112694) | HealRepairNear
15.02.2020 04:38:42: 22h 12min | Nino Marino(76561198206026112) | spawning Carroceria (Fapret_Carroceria)
15.02.2020 04:39:20: 22h 13min | Sherman(76561198038112694) | locked - [d3s_mclaren_18]
15.02.2020 04:39:40: 22h 13min | Nino Marino(76561198206026112) | Deleting GroundWeaponHolder @034011..
15.02.2020 04:39:47: 22h 13min | Sherman(76561198038112694) | unlocked - [d3s_mclaren_18]
15.02.2020 04:39:49: 22h 13min | Donnie Turbo(76561198041233395) | spawning Dodge Challenger Police Undercover'15 (d3s_challenger_15_CPU)
15.02.2020 04:40:11: 22h 14min | Donnie Turbo(76561198041233395) | locked - [d3s_challenger_15_CPU]
15.02.2020 04:40:15: 22h 14min | Donnie Turbo(76561198041233395) | Deleting d3s_challenger_15_CPU @034011..
15.02.2020 04:40:25: 22h 14min | Nino Marino(76561198206026112) | spawning Tarjeta de seguridad (pop_tarjeta_s)
15.02.2020 04:40:26: 22h 14min | Nino Marino(76561198206026112) | spawning Tarjeta de seguridad 2 (pop_tarjeta_s2)
15.02.2020 04:40:27: 22h 14min | Nino Marino(76561198206026112) | spawning Tarjeta de seguridad 2 (pop_tarjeta_s2)
15.02.2020 04:42:15: 22h 16min | Donnie Turbo(76561198041233395) | spawning Offroad (Comms) (C_Offroad_01_comms_F)
15.02.2020 04:42:24: 22h 16min | Nino Marino(76561198206026112) | spawning RT-1523G (ASIP) Green (tf_rt1523g_green)
15.02.2020 04:42:27: 22h 16min | Nino Marino(76561198206026112) | spawning MR6000L (tf_mr6000l)
15.02.2020 04:42:28: 22h 16min | Nino Marino(76561198206026112) | spawning AN/ARC-164 (tf_anarc164)
15.02.2020 04:42:30: 22h 16min | Nino Marino(76561198206026112) | spawning AN/ARC-210 (tf_anarc210)
15.02.2020 04:42:30: 22h 16min | Nino Marino(76561198206026112) | spawning Assault Pack Bussole (tf_bussole)
15.02.2020 04:43:12: 22h 17min | Donnie Turbo(76561198041233395) | Deleting C_Offroad_01_comms_F @034011..
15.02.2020 04:43:30: 22h 17min | Sherman(76561198038112694) | Teleport to [4959.19,1871.53,0](GPS: 049987)
15.02.2020 04:44:18: 22h 18min | Nino Marino(76561198206026112) | SPECTATE - switchedCamera on Sherman(76561198038112694) - C_man_1
15.02.2020 04:44:39: 22h 18min | Nino Marino(76561198206026112) | Deleting GroundWeaponHolder @034011..
15.02.2020 04:44:40: 22h 18min | Nino Marino(76561198206026112) | Deleting GroundWeaponHolder @034011..
15.02.2020 04:44:41: 22h 18min | Nino Marino(76561198206026112) | Deleting GroundWeaponHolder @034011..
15.02.2020 04:44:42: 22h 18min | Nino Marino(76561198206026112) | Deleting GroundWeaponHolder @034011..
15.02.2020 04:44:43: 22h 18min | Nino Marino(76561198206026112) | Deleting GroundWeaponHolder @034011..
15.02.2020 04:45:11: 22h 19min | Donnie Turbo(76561198041233395) | spawning Concrete ramp (RampConcrete)
15.02.2020 04:45:25: 22h 19min | Sherman(76561198038112694) | unlocked - [d3s_camaro_zl1_1le_18]
15.02.2020 04:46:22: 22h 20min | Sherman(76561198038112694) | Revive - civ_3(76561198043298972)
15.02.2020 04:46:55: 22h 20min | K-12 J Shepard(76561198043298972) | Teleport to [4666.51,2137.12,0](GPS: 046990)
15.02.2020 04:46:57: 22h 21min | Donnie Turbo(76561198041233395) | Deleting RampConcrete @033011..
15.02.2020 04:47:51: 22h 21min | K-12 J Shepard(76561198043298972) | Teleport to [4710.04,2237.61,0](GPS: 047991)
15.02.2020 04:48:03: 22h 22min | K-12 J Shepard(76561198043298972) | Teleport to [4665.64,2141.28,0](GPS: 046990)
15.02.2020 04:51:05: 22h 25min | Sherman(76561198038112694) | Teleport to [3402.48,4134.95,0](GPS: 034010)
15.02.2020 04:51:35: 22h 25min | K-12 J Shepard(76561198043298972) | Teleport to [5556.42,4323.18,0](GPS: 055012)
15.02.2020 04:51:59: 22h 26min | K-12 J Shepard(76561198043298972) | Teleport to [3411.02,4166.59,0](GPS: 034010)
15.02.2020 04:52:35: 22h 26min | Sherman(76561198038112694) | Teleport to [4665.84,2138.69,0](GPS: 046990)
15.02.2020 04:52:41: 22h 26min | K-12 J Shepard(76561198043298972) | Teleport to [4667.04,2140.02,0](GPS: 046990)
15.02.2020 04:52:42: 22h 26min | Sherman(76561198038112694) | Teleport - Target To Me - Nino Marino [CIV](76561198206026112)
15.02.2020 04:52:45: 22h 26min | Sherman(76561198038112694) | Teleport - Target To Me - Donnie Turbo [CIV](76561198041233395)
15.02.2020 04:53:59: 22h 28min | K-12 J Shepard(76561198043298972) | Teleport to [4013.91,2407.72,0](GPS: 040993)
15.02.2020 04:54:02: 22h 28min | K-12 J Shepard(76561198043298972) | Teleport to [4018.69,2424.29,0](GPS: 040993)
15.02.2020 04:54:04: 22h 28min | K-12 J Shepard(76561198043298972) | Teleport to [4061.07,2476.87,0](GPS: 040994)
15.02.2020 04:54:27: 22h 28min | K-12 J Shepard(76561198043298972) | Teleport to [3965.97,5253.22,0](GPS: 039021)
15.02.2020 04:55:58: 22h 30min | K-12 J Shepard(76561198043298972) | Teleport to [4667.56,2142.14,0](GPS: 046990)
15.02.2020 04:56:01: 22h 30min | Sherman(76561198038112694) | Deleting GroundWeaponHolder @046990..
15.02.2020 04:57:38: 22h 31min | Nino Marino(76561198206026112) | Teleport to [3124.86,5082.41,0](GPS: 031020)
15.02.2020 04:58:33: 22h 32min | Sherman(76561198038112694) | HealRepairNear
15.02.2020 04:59:13: 22h 33min | K-12 J Shepard(76561198043298972) | Teleport to [3136.48,5060.29,0](GPS: 031019)
15.02.2020 04:59:19: 22h 33min | Sherman(76561198038112694) | Teleport to [3127.45,5050.17,0](GPS: 031019)
15.02.2020 04:59:38: 22h 33min | Donnie Turbo(76561198041233395) | Teleport to [3515.74,3018.7,0](GPS: 035999)
15.02.2020 04:59:45: 22h 33min | Sherman(76561198038112694) | Deleting GroundWeaponHolder @031019..
15.02.2020 05:02:42: 22h 36min | Sherman(76561198038112694) | Teleport to [3342.73,3248.8,0](GPS: 033001)
15.02.2020 05:03:03: 22h 37min | K-12 J Shepard(76561198043298972) | SPECTATE - switchedCamera on K-12 J Shepard(76561198043298972) - C_man_1
15.02.2020 05:03:05: 22h 37min | K-12 J Shepard(76561198043298972) | SPECTATE - switchedCamera on K-12 J Shepard(76561198043298972) - C_man_1
15.02.2020 05:03:43: 22h 37min | K-12 J Shepard(76561198043298972) | SPECTATE - switchedCamera on Sherman(76561198038112694) - C_man_1
15.02.2020 05:03:48: 22h 37min | Sherman(76561198038112694) | Added 5 titaniums to Sherman!
15.02.2020 05:03:59: 22h 38min | K-12 J Shepard(76561198043298972) | SPECTATE - switchedCamera on K-12 J Shepard(76561198043298972) - C_man_1
15.02.2020 05:04:00: 22h 38min | Sherman(76561198038112694) | Added 1 gunframes to Sherman!
15.02.2020 05:04:01: 22h 38min | K-12 J Shepard(76561198043298972) | SPECTATE - switchedCamera on K-12 J Shepard(76561198043298972) - C_man_1
15.02.2020 05:04:07: 22h 38min | Sherman(76561198038112694) | Added 1 barrels to Sherman!
15.02.2020 05:04:12: 22h 38min | Nino Marino(76561198206026112) | Teleport to [4776.83,3308.89,0](GPS: 047002)
15.02.2020 05:04:17: 22h 38min | Sherman(76561198038112694) | Added 1 stocks to Sherman!
15.02.2020 05:04:42: 22h 38min | Nino Marino(76561198206026112) | Teleport to [4754.44,3482.43,0](GPS: 047004)
15.02.2020 05:04:56: 22h 38min | Nino Marino(76561198206026112) | Teleport to [5163.08,3210.93,0](GPS: 051001)
15.02.2020 05:10:49: 22h 44min | Nino Marino(76561198206026112) | HealRepairNear
15.02.2020 05:10:56: 22h 45min | Nino Marino(76561198206026112) | Teleport to [3435.8,4217.55,0](GPS: 034011)
15.02.2020 05:18:39: 22h 52min | HoyoBani(76561198105940600) | infiSTAR Player ESP 1 - 1
15.02.2020 05:18:39: 22h 52min | HoyoBani(76561198105940600) | infiSTAR MapIcons - 1
15.02.2020 05:18:39: 22h 52min | HoyoBani(76561198105940600) | noRecoil - 1
15.02.2020 05:20:19: 22h 54min | HoyoBani(76561198105940600) | SPECTATE - switchedCamera on Nino Marino(76561198206026112) - C_man_1
15.02.2020 05:20:25: 22h 54min | HoyoBani(76561198105940600) | Teleport - Me To Target - Nino Marino [CIV](76561198206026112)
15.02.2020 05:21:07: 22h 55min | HoyoBani(76561198105940600) | Revive - civ_3(76561198043298972)
15.02.2020 05:22:06: 22h 56min | HoyoBani(76561198105940600) | Teleport to [3124.7,5078.94,0](GPS: 031020)
15.02.2020 05:24:17: 22h 58min | K-12 J Shepard(76561198043298972) | Teleport to [5953.82,2514.04,0](GPS: 059994)
15.02.2020 05:24:19: 22h 58min | K-12 J Shepard(76561198043298972) | Teleport to [5925.37,2547.14,0](GPS: 059994)
15.02.2020 05:24:24: 22h 58min | K-12 J Shepard(76561198043298972) | Teleport to [5948.01,2540.75,0](GPS: 059994)
15.02.2020 05:24:27: 22h 58min | K-12 J Shepard(76561198043298972) | Teleport to [5944.53,2534.36,0](GPS: 059994)
15.02.2020 05:25:05: 22h 59min | K-12 J Shepard(76561198043298972) | Teleport to [3971.96,2396.61,0](GPS: 039993)
15.02.2020 05:26:26: 23h 0min | K-12 J Shepard(76561198043298972) | Teleport to [5926.38,2529.28,0](GPS: 059994)
15.02.2020 05:27:00: 23h 1min | K-12 J Shepard(76561198043298972) | Teleport to [3499.36,3026.27,0](GPS: 034999)
15.02.2020 05:28:37: 23h 2min | K-12 J Shepard(76561198043298972) | Teleport to [3513.84,3078.72,0](GPS: 035000)
15.02.2020 05:29:19: 23h 3min | K-12 J Shepard(76561198043298972) | Teleport to [5069.61,1995.12,0](GPS: 050989)
15.02.2020 05:37:21: 23h 11min | HoyoBani(76561198105940600) | AdminConsole
15.02.2020 05:38:29: 23h 12min | HoyoBani(76561198105940600) | Deleting GroundWeaponHolder @031019..
15.02.2020 05:40:14: 23h 14min | HoyoBani(76561198105940600) | AdminConsole
15.02.2020 05:40:42: 23h 14min | HoyoBani(76561198105940600) | Deleting WeaponHolderSimulated @031019..
15.02.2020 05:40:43: 23h 14min | HoyoBani(76561198105940600) | AdminConsole
15.02.2020 05:41:01: 23h 15min | HoyoBani(76561198105940600) | HealSelf
15.02.2020 05:41:04: 23h 15min | HoyoBani(76561198105940600) | AdminConsole
15.02.2020 05:46:14: 23h 20min | HoyoBani(76561198105940600) | Teleport to [3654.63,3242.86,0](GPS: 036001)
15.02.2020 05:48:41: 23h 22min | HoyoBani(76561198105940600) | Revive - civ_1(76561198105940600)
15.02.2020 05:49:00: 23h 23min | K-12 J Shepard(76561198043298972) | Revive - civ_1(76561198105940600)
15.02.2020 05:49:00: 23h 23min | HoyoBani(76561198105940600) | Teleport to [3523.96,3109.71,0](GPS: 035000)
15.02.2020 05:51:43: 23h 25min | K-12 J Shepard(76561198043298972) | Teleport to [-569.035,3566.55,0](GPS: 994004)
15.02.2020 05:51:53: 23h 25min | K-12 J Shepard(76561198043298972) | Teleport to [3600.91,3166.87,0](GPS: 036000)
15.02.2020 05:52:07: 23h 26min | K-12 J Shepard(76561198043298972) | Teleport to [6002.92,3657.23,0](GPS: 060005)
15.02.2020 05:52:34: 23h 26min | HoyoBani(76561198105940600) | Teleport to [3593.62,3174.25,0](GPS: 035001)
15.02.2020 05:53:14: 23h 27min | K-12 J Shepard(76561198043298972) | spawning To-201 Shikra (Stealth) (O_Plane_Fighter_02_Stealth_F)
15.02.2020 05:53:16: 23h 27min | HoyoBani(76561198105940600) | Teleport to [3603.08,3164.64,0](GPS: 036000)
15.02.2020 05:54:28: 23h 28min | HoyoBani(76561198105940600) | Teleport to [6032.76,3601.91,0](GPS: 060005)
15.02.2020 05:54:49: 23h 28min | HoyoBani(76561198105940600) | spawning F/A-181 Black Wasp II (B_Plane_Fighter_01_F)
15.02.2020 05:59:18: 23h 33min | K-12 J Shepard(76561198043298972) | Revive - civ_3(76561198043298972)
15.02.2020 05:59:26: 23h 33min | K-12 J Shepard(76561198043298972) | Teleport to [6004.86,3683.63,0](GPS: 060006)
15.02.2020 06:07:51: 23h 41min | HoyoBani(76561198105940600) | HealSelf
15.02.2020 06:19:33: 0h 4min | HoyoBani(76561198105940600) | infiSTAR Player ESP 1 - 1
15.02.2020 06:19:33: 0h 4min | HoyoBani(76561198105940600) | infiSTAR MapIcons - 1
15.02.2020 06:19:33: 0h 4min | HoyoBani(76561198105940600) | noRecoil - 1
15.02.2020 06:19:49: 0h 4min | HoyoBani(76561198105940600) | HealRepairNear
15.02.2020 06:21:16: 0h 5min | HoyoBani(76561198105940600) | Teleport to [3635.87,3152.69,0](GPS: 036000)
15.02.2020 06:21:47: 0h 6min | HoyoBani(76561198105940600) | HealSelf
15.02.2020 06:21:47: 0h 6min | HoyoBani(76561198105940600) | HealRepairNear
15.02.2020 06:23:22: 0h 7min | HoyoBani(76561198105940600) | HealRepairNear
15.02.2020 06:24:09: 0h 8min | HoyoBani(76561198105940600) | HealSelf
15.02.2020 06:25:29: 0h 9min | HoyoBani(76561198105940600) | HealRepairNear
15.02.2020 06:27:37: 0h 12min | HoyoBani(76561198105940600) | Revive - civ_1(76561198105940600)
15.02.2020 06:27:45: 0h 12min | HoyoBani(76561198105940600) | Teleport to [3573.04,3183.64,0](GPS: 035001)
15.02.2020 06:27:56: 0h 12min | HoyoBani(76561198105940600) | Teleport - Me To Target - Nino Marino [CIV](76561198206026112)
15.02.2020 06:40:12: 0h 24min | HoyoBani(76561198105940600) | Added 5 scoobydooBandaids to HoyoBani!
15.02.2020 06:40:18: 0h 24min | HoyoBani(76561198105940600) | Added 5 cuddlesBandaids to HoyoBani!
15.02.2020 06:41:45: 0h 26min | HoyoBani(76561198105940600) | Added 5 bandagess to HoyoBani!
15.02.2020 06:45:02: 0h 29min | HoyoBani(76561198105940600) | Added 2 drPeppers to HoyoBani!
15.02.2020 06:56:16: 0h 2min | HoyoBani(76561198105940600) | infiSTAR Player ESP 1 - 1
15.02.2020 06:56:16: 0h 2min | HoyoBani(76561198105940600) | infiSTAR MapIcons - 1
15.02.2020 06:56:16: 0h 2min | HoyoBani(76561198105940600) | noRecoil - 1
15.02.2020 06:56:40: 0h 3min | HoyoBani(76561198105940600) | Teleport to [3455.18,4228.54,0](GPS: 034011)
15.02.2020 07:04:28: 0h 11min | HoyoBani(76561198105940600) | Added 2 batmanBandaids to HoyoBani!
15.02.2020 07:04:30: 0h 11min | HoyoBani(76561198105940600) | Added 2 cuddlesBandaids to HoyoBani!
15.02.2020 07:05:50: 0h 12min | HoyoBani(76561198105940600) | Added 5 bandagess to HoyoBani!
15.02.2020 07:06:30: 0h 13min | HoyoBani(76561198105940600) | HealSelf
15.02.2020 07:06:51: 0h 13min | HoyoBani(76561198105940600) | HealRepairNear
15.02.2020 07:11:18: 0h 17min | Nino Marino(76561198206026112) | Added 1 stocks to Nino Marino!
15.02.2020 07:11:20: 0h 17min | Nino Marino(76561198206026112) | Added 1 barrels to Nino Marino!
15.02.2020 07:11:22: 0h 17min | Nino Marino(76561198206026112) | Added 1 gunframes to Nino Marino!
15.02.2020 07:11:26: 0h 17min | Nino Marino(76561198206026112) | Added 11 titaniums to Nino Marino!
15.02.2020 08:16:24: 1h 22min | K-12 J Shepard(76561198043298972) | Teleport to [5263.93,4269.64,0](GPS: 052011)
15.02.2020 08:21:56: 1h 28min | K-12 J Shepard(76561198043298972) | Teleport to [6043.04,3622.39,0](GPS: 060005)
15.02.2020 08:23:04: 1h 29min | K-12 J Shepard(76561198043298972) | Teleport to [6019.81,3675.13,0](GPS: 060006)
15.02.2020 08:24:41: 1h 31min | K-12 J Shepard(76561198043298972) | spawning MQ-4A Greyhawk (CAS) (B_UAV_02_CAS_F)
15.02.2020 08:31:51: 1h 38min | K-12 J Shepard(76561198043298972) | Teleport to [3677.3,3225.29,0](GPS: 036001)
15.02.2020 08:31:54: 1h 38min | K-12 J Shepard(76561198043298972) | Teleport to [3669.61,3238.56,0](GPS: 036001)
15.02.2020 08:33:13: 1h 39min | K-12 J Shepard(76561198043298972) | Teleport to [3648.46,3218.17,0](GPS: 036001)
15.02.2020 08:37:14: 1h 43min | K-12 J Shepard(76561198043298972) | Teleport to [3656.19,3207.57,0](GPS: 036001)
15.02.2020 08:39:30: 1h 46min | K-12 J Shepard(76561198043298972) | Teleport to [3303.07,3255.89,0](GPS: 033001)
15.02.2020 08:43:13: 1h 49min | K-12 J Shepard(76561198043298972) | Teleport to [6019.23,3648,0](GPS: 060005)
15.02.2020 08:43:52: 1h 50min | K-12 J Shepard(76561198043298972) | spawning UCAV Sentinel (B_UAV_05_F)
15.02.2020 08:46:41: 1h 53min | K-12 J Shepard(76561198043298972) | Teleport to [5700.63,3703.41,0](GPS: 057006)
15.02.2020 08:48:51: 1h 55min | K-12 J Shepard(76561198043298972) | Teleport to [5745.14,2893.58,0](GPS: 057998)
15.02.2020 08:50:45: 1h 57min | K-12 J Shepard(76561198043298972) | spawning Van (Cargo) (C_Van_02_vehicle_F)
15.02.2020 08:50:50: 1h 57min | K-12 J Shepard(76561198043298972) | Deleting C_Van_02_vehicle_F @057996..
15.02.2020 08:50:57: 1h 57min | K-12 J Shepard(76561198043298972) | spawning Ford F-150 Raptor SuperCrew'17 (d3s_raptor_17)
15.02.2020 08:51:06: 1h 57min | K-12 J Shepard(76561198043298972) | Teleport to [5245.3,2942.04,0](GPS: 052998)
15.02.2020 08:51:47: 1h 58min | K-12 J Shepard(76561198043298972) | Teleport to [5262.33,2891.65,0](GPS: 052998)
15.02.2020 08:56:05: 2h 2min | K-12 J Shepard(76561198043298972) | Deleting d3s_raptor_17 @035000..
15.02.2020 08:56:15: 2h 2min | K-12 J Shepard(76561198043298972) | spawning Lamborghini Huracan Performante Spyder'18 (d3s_huracan_18_SPD_P)
15.02.2020 20:43:38: 3h 3min | Donnie Turbo(76561198041233395) | Teleport to [3488.45,4239.01,0](GPS: 034011)
15.02.2020 21:38:40: 3h 58min | Donnie Turbo(76561198041233395) | Teleport to [4091.34,3194.25,0](GPS: 040001)
15.02.2020 21:39:08: 3h 59min | Donnie Turbo(76561198041233395) | Teleport to [3491.41,4234.36,0](GPS: 034011)
15.02.2020 21:55:10: 4h 15min | Donnie Turbo(76561198041233395) | Teleport to [3824.05,3254.63,0](GPS: 038001)
15.02.2020 22:20:57: 4h 41min | Donnie Turbo(76561198041233395) | Teleport to [4379.92,3864.65,0](GPS: 043007)
15.02.2020 22:27:13: 4h 47min | Nino Marino(76561198206026112) | SPECTATE - switchedCamera on [1K-33] R. Tjay(76561198883479728) - d3s_cherokee_18_JPPV
15.02.2020 22:27:16: 4h 47min | Nino Marino(76561198206026112) | SPECTATE - switchedCamera on S.Kingston(76561198046640450) - d3s_cherokee_18_JPPV
15.02.2020 22:27:31: 4h 47min | Nino Marino(76561198206026112) | Stealth / Invisible - 1
15.02.2020 22:27:31: 4h 47min | Nino Marino(76561198206026112) | God Mode - 1
15.02.2020 22:27:37: 4h 47min | Nino Marino(76561198206026112) | Move In Target Vehicle - [1K-33] R. Tjay [WEST](76561198883479728)
15.02.2020 22:27:40: 4h 47min | Nino Marino(76561198206026112) | Move In Target Vehicle - [1K-33] R. Tjay [WEST](76561198883479728)
15.02.2020 22:27:50: 4h 48min | Nino Marino(76561198206026112) | Move In Target Vehicle - [1K-33] R. Tjay [WEST](76561198883479728)
15.02.2020 22:27:53: 4h 48min | Nino Marino(76561198206026112) | Move In Target Vehicle - [1K-33] R. Tjay [WEST](76561198883479728)
15.02.2020 22:27:56: 4h 48min | Nino Marino(76561198206026112) | Teleport - Me To Target - [1K-33] R. Tjay [WEST](76561198883479728)
15.02.2020 22:28:00: 4h 48min | Nino Marino(76561198206026112) | Move In Target Vehicle - [1K-33] R. Tjay [WEST](76561198883479728)
15.02.2020 22:28:01: 4h 48min | Nino Marino(76561198206026112) | Move In Target Vehicle - [1K-33] R. Tjay [WEST](76561198883479728)
15.02.2020 22:28:03: 4h 48min | Nino Marino(76561198206026112) | Teleport - Me To Target - [1K-33] R. Tjay [WEST](76561198883479728)
15.02.2020 22:28:04: 4h 48min | Nino Marino(76561198206026112) | Teleport - Me To Target - [1K-33] R. Tjay [WEST](76561198883479728)
15.02.2020 22:28:05: 4h 48min | Nino Marino(76561198206026112) | Teleport - Me To Target - [1K-33] R. Tjay [WEST](76561198883479728)
15.02.2020 22:28:25: 4h 48min | Nino Marino(76561198206026112) | Teleport - Me To Target - Low_Poly_Man [CIV](76561198137223112)
15.02.2020 22:28:56: 4h 49min | Nino Marino(76561198206026112) | Move In Target Vehicle - [1K-33] R. Tjay [WEST](76561198883479728)
15.02.2020 22:28:57: 4h 49min | Nino Marino(76561198206026112) | Move In Target Vehicle - [1K-33] R. Tjay [WEST](76561198883479728)
15.02.2020 22:29:05: 4h 49min | Nino Marino(76561198206026112) | Move In Target Vehicle - S.Kingston [WEST](76561198046640450)
15.02.2020 22:29:06: 4h 49min | Nino Marino(76561198206026112) | Move In Target Vehicle - S.Kingston [WEST](76561198046640450)
15.02.2020 22:29:27: 4h 49min | Nino Marino(76561198206026112) | Move In Target Vehicle - S.Kingston [WEST](76561198046640450)
15.02.2020 22:29:33: 4h 49min | Nino Marino(76561198206026112) | Teleport - Me To Target - Robert Kennedy [WEST](76561198083728776)
15.02.2020 22:31:00: 4h 51min | Donnie Turbo(76561198041233395) | Teleport to [3839.01,3263.12,0](GPS: 038001)
15.02.2020 22:31:07: 4h 51min | Nino Marino(76561198206026112) | Stealth / Invisible - 0
15.02.2020 22:31:08: 4h 51min | Nino Marino(76561198206026112) | Stealth / Invisible - 1
15.02.2020 22:32:19: 4h 52min | Donnie Turbo(76561198041233395) | Teleport - Me To Target - [1K-33] R. Tjay [WEST](76561198883479728)
15.02.2020 22:34:40: 4h 54min | Donnie Turbo(76561198041233395) | Heal - cop_1(76561198883479728)
15.02.2020 22:36:05: 4h 56min | Donnie Turbo(76561198041233395) | Teleport to [3546.89,3018.39,0](GPS: 035999)
15.02.2020 22:36:30: 4h 56min | Nino Marino(76561198206026112) | Teleport to [3549.37,3068.04,0](GPS: 035999)
15.02.2020 22:40:26: 5h 0min | Nino Marino(76561198206026112) | Teleport to [3313.42,3218.41,0](GPS: 033001)
15.02.2020 22:40:37: 5h 0min | Nino Marino(76561198206026112) | Teleport to [3624.32,3180.85,0](GPS: 036001)
15.02.2020 22:42:56: 5h 3min | Nino Marino(76561198206026112) | Teleport to [3532.77,3117.41,0](GPS: 035000)
15.02.2020 22:43:36: 5h 3min | Nino Marino(76561198206026112) | Move In Target Vehicle - Low_Poly_Man [CIV](76561198137223112)
15.02.2020 22:46:41: 5h 6min | Nino Marino(76561198206026112) | Teleport to [4013.44,4463.6,0](GPS: 040013)
15.02.2020 22:47:00: 5h 7min | Nino Marino(76561198206026112) | Teleport to [4023.09,4228.9,0](GPS: 040011)
15.02.2020 22:48:42: 5h 8min | Nino Marino(76561198206026112) | unlocked - [d3s_actros_14]
15.02.2020 22:48:58: 5h 9min | Nino Marino(76561198206026112) | unlocked - [d3s_actros_14]
15.02.2020 22:49:30: 5h 9min | Nino Marino(76561198206026112) | unlocked - [d3s_actros_14]
15.02.2020 22:51:30: 5h 11min | Nino Marino(76561198206026112) | unlocked - [d3s_actros_14]
15.02.2020 22:55:34: 5h 15min | Nino Marino(76561198206026112) | unlocked - [d3s_actros_14]
15.02.2020 22:55:36: 5h 15min | Nino Marino(76561198206026112) | locked - [d3s_actros_14]
15.02.2020 22:55:48: 5h 16min | Nino Marino(76561198206026112) | Stealth / Invisible - 0
15.02.2020 22:55:49: 5h 16min | Nino Marino(76561198206026112) | God Mode - 0
15.02.2020 23:07:31: 5h 27min | Nino Marino(76561198206026112) | Teleport to [4026.21,4210.58,0](GPS: 040011)
15.02.2020 23:09:00: 5h 29min | Nino Marino(76561198206026112) | Teleport to [3426.9,4186.06,0](GPS: 034011)
15.02.2020 23:09:41: 5h 29min | Nino Marino(76561198206026112) | God Mode - 1
15.02.2020 23:09:42: 5h 29min | Nino Marino(76561198206026112) | Stealth / Invisible - 1
15.02.2020 23:21:47: 5h 42min | Nino Marino(76561198206026112) | HealRepairNear
15.02.2020 23:21:47: 5h 42min | Nino Marino(76561198206026112) | HealRepairNear
15.02.2020 23:28:37: 5h 48min | Donnie Turbo(76561198041233395) | HealRepairNear
15.02.2020 23:28:37: 5h 48min | Donnie Turbo(76561198041233395) | HealRepairNear
15.02.2020 23:32:20: 5h 52min | Nino Marino(76561198206026112) | Stealth / Invisible - 0
15.02.2020 23:32:21: 5h 52min | Nino Marino(76561198206026112) | Stealth / Invisible - 1
15.02.2020 23:37:14: 5h 57min | Nino Marino(76561198206026112) | Stealth / Invisible - 0
15.02.2020 23:37:15: 5h 57min | Nino Marino(76561198206026112) | God Mode - 0
