15.01.2020 00:01:17: 1h 16min | Disconnected: Donnie Turbo(76561198041233395 - 7) - time: 4480.24 - serverFPS: 45.7143
15.01.2020 00:03:48: 1h 18min | Connected: Zander Marino(76561198180893505 - 9) - time: 4630.71 - serverFPS: 45.7143
15.01.2020 00:04:23: 1h 19min | Connected: Donnie Turbo(76561198041233395 - 10) - time: 4665.85 - serverFPS: 46.1095
15.01.2020 00:08:38: 1h 23min | Connected: Boyevik Butch-Mac Volkev(76561198089960350 - 11) - time: 4919.92 - serverFPS: 45.8453
15.01.2020 00:30:44: 1h 45min | Connected: [220]Para.R.Tjay(76561198883479728 - 13) - time: 6245.61 - serverFPS: 45.7143
15.01.2020 00:31:05: 1h 46min | Disconnected: [220]Para.R.Tjay(76561198883479728 - 13) - time: 6266.25 - serverFPS: 45.7143
15.01.2020 00:33:37: 1h 48min | Connected: [220]Para.R.Tjay(76561198883479728 - 14) - time: 6418.59 - serverFPS: 45.8453
15.01.2020 00:36:49: 1h 51min | Disconnected: [220]Para.R.Tjay(76561198883479728 - 14) - time: 6611.17 - serverFPS: 45.8453
15.01.2020 00:36:54: 1h 51min | Disconnected: Boyevik Butch-Mac Volkev(76561198089960350 - 11) - time: 6616.13 - serverFPS: 45.7143
15.01.2020 00:37:31: 1h 52min | Connected: [220]Para.R.Tjay(76561198883479728 - 14) - time: 6651.9 - serverFPS: 46.1095
15.01.2020 00:49:45: 2h 4min | Disconnected: [220]Para.R.Tjay(76561198883479728 - 14) - time: 7386.69 - serverFPS: 46.3768
15.01.2020 00:54:09: 2h 9min | Connected: [1K-33] R. Tjay(76561198883479728 - 15) - time: 7650.64 - serverFPS: 45.977
15.01.2020 01:53:49: infiSTAR_PlayerConnected_id: 1
15.01.2020 01:53:49: infiSTAR_PlayerDisconnected_id: 0
15.01.2020 02:02:02: 0h 9min | Connected: Nino Marino(76561198206026112 - 4) - time: 495.374 - serverFPS: 46.2428
15.01.2020 02:02:24: 0h 10min | Connected: Zander Marino(76561198180893505 - 5) - time: 517.042 - serverFPS: 46.2428
15.01.2020 02:04:00: 0h 11min | Connected: Donnie Turbo(76561198041233395 - 6) - time: 612.421 - serverFPS: 46.6472
15.01.2020 02:53:09: 1h 1min | Disconnected: Donnie Turbo(76561198041233395 - 6) - time: 3560.74 - serverFPS: 47.0588
15.01.2020 02:55:22: 1h 3min | Connected: Donnie Turbo(76561198041233395 - 7) - time: 3694.64 - serverFPS: 45.977
15.01.2020 03:40:01: 1h 47min | Disconnected: Donnie Turbo(76561198041233395 - 7) - time: 6372.93 - serverFPS: 46.1095
15.01.2020 03:41:18: 1h 49min | Disconnected: Zander Marino(76561198180893505 - 5) - time: 6450.15 - serverFPS: 46.5116
15.01.2020 03:41:21: 1h 49min | Disconnected: Nino Marino(76561198206026112 - 4) - time: 6452.55 - serverFPS: 45.7143
15.01.2020 22:51:44: 20h 59min | Connected: Rogue Tjay(76561198883479728 - 11) - time: 75472.9 - serverFPS: 46.1095
15.01.2020 22:52:50: 21h 0min | Disconnected: Rogue Tjay(76561198883479728 - 11) - time: 75538.7 - serverFPS: 45.7143
15.01.2020 22:57:03: 21h 4min | Connected: Jose Santana(76561198206026112 - 13) - time: 75791.7 - serverFPS: 45.8453
15.01.2020 23:20:08: 21h 28min | Connected: alexs(76561198002867764 - 22) - time: 77176 - serverFPS: 46.5116
15.01.2020 23:20:10: 21h 28min | Disconnected: alexs(76561198002867764 - 22) - time: 77177.9 - serverFPS: 45.977
15.01.2020 23:21:13: 21h 29min | Connected: alexs(76561198002867764 - 22) - time: 77240.8 - serverFPS: 46.5116
15.01.2020 23:21:18: 21h 29min | Disconnected: alexs(76561198002867764 - 22) - time: 77245.3 - serverFPS: 46.1095
15.01.2020 23:26:02: 21h 33min | Connected: alexs(76561198002867764 - 23) - time: 77529.5 - serverFPS: 46.1095
15.01.2020 23:27:19: 21h 35min | Connected: Rogue Tjay(76561198883479728 - 24) - time: 77606.1 - serverFPS: 46.6472
