17.01.2020 00:02:45: 14h 23min | Connected: Donnie Turbo(76561198041233395 - 4) - time: 51730 - serverFPS: 46.5116
17.01.2020 00:18:14: 14h 39min | Disconnected: Donnie Turbo(76561198041233395 - 4) - time: 52658 - serverFPS: 45.977
17.01.2020 00:20:29: 14h 41min | Connected: Donnie Turbo(76561198041233395 - 5) - time: 52792.7 - serverFPS: 46.5116
17.01.2020 00:21:31: 14h 42min | Disconnected: Donnie Turbo(76561198041233395 - 5) - time: 52855 - serverFPS: 46.1095
17.01.2020 00:23:59: 14h 44min | Connected: Donnie Turbo(76561198041233395 - 6) - time: 53002.8 - serverFPS: 46.3768
17.01.2020 00:28:52: 14h 49min | Disconnected: Donnie Turbo(76561198041233395 - 6) - time: 53295.4 - serverFPS: 45.977
17.01.2020 00:29:15: 14h 50min | Connected: Donnie Turbo(76561198041233395 - 6) - time: 53318.2 - serverFPS: 46.5116
17.01.2020 01:00:54: 15h 21min | Disconnected: Donnie Turbo(76561198041233395 - 6) - time: 55217.3 - serverFPS: 45.7143
17.01.2020 01:03:15: 15h 24min | Connected: Donnie Turbo(76561198041233395 - 8) - time: 55358.5 - serverFPS: 46.6472
17.01.2020 01:04:31: 15h 25min | Connected: Jbo Marino[201](76561198206026112 - 7) - time: 55433.5 - serverFPS: 45.4545
17.01.2020 01:47:30: 16h 8min | Disconnected: Donnie Turbo(76561198041233395 - 8) - time: 58012 - serverFPS: 45.977
17.01.2020 01:48:03: 16h 9min | Connected: Donnie Turbo(76561198041233395 - 8) - time: 58045.6 - serverFPS: 46.1095
17.01.2020 01:52:31: 16h 13min | Disconnected: Donnie Turbo(76561198041233395 - 8) - time: 58312.5 - serverFPS: 46.2428
17.01.2020 01:52:47: 16h 13min | Connected: Donnie Turbo(76561198041233395 - 8) - time: 58328.5 - serverFPS: 46.1095
17.01.2020 02:06:27: 16h 27min | Connected: Zander Marino(76561198180893505 - 9) - time: 59148.7 - serverFPS: 45.977
17.01.2020 02:06:48: 16h 27min | Disconnected: Zander Marino(76561198180893505 - 9) - time: 59169 - serverFPS: 46.2428
17.01.2020 02:07:13: 16h 28min | Connected: Zander Marino(76561198180893505 - 9) - time: 59194.7 - serverFPS: 46.7836
17.01.2020 02:07:57: 16h 28min | Disconnected: Zander Marino(76561198180893505 - 9) - time: 59237.8 - serverFPS: 46.3768
17.01.2020 02:08:12: 16h 29min | Connected: Zander Marino(76561198180893505 - 9) - time: 59253.3 - serverFPS: 46.5116
17.01.2020 02:20:01: 16h 40min | Disconnected: Zander Marino(76561198180893505 - 9) - time: 59961.7 - serverFPS: 45.8453
17.01.2020 02:40:58: 17h 1min | Connected: Zander Marino(76561198180893505 - 10) - time: 61219.4 - serverFPS: 46.3768
17.01.2020 03:11:34: 17h 32min | Connected: Rogue Tjay(76561198883479728 - 11) - time: 63054.5 - serverFPS: 45.584
17.01.2020 03:51:14: 18h 12min | Connected: Pablo Escobar(76561198370210333 - 13) - time: 65433.4 - serverFPS: 45.4545
17.01.2020 03:51:16: 18h 12min | Disconnected: Pablo Escobar(76561198370210333 - 13) - time: 65435.3 - serverFPS: 45.3258
17.01.2020 03:51:37: 18h 12min | Connected: Pablo Escobar(76561198370210333 - 13) - time: 65456.5 - serverFPS: 46.5116
17.01.2020 03:51:39: 18h 12min | Disconnected: Pablo Escobar(76561198370210333 - 13) - time: 65458.6 - serverFPS: 46.2428
17.01.2020 03:52:00: 18h 12min | Connected: Pablo Escobar(76561198370210333 - 13) - time: 65480.1 - serverFPS: 45.1977
17.01.2020 03:52:03: 18h 13min | Disconnected: Pablo Escobar(76561198370210333 - 13) - time: 65482.4 - serverFPS: 45.977
17.01.2020 03:52:51: 18h 13min | Connected: Pablo Escobar(76561198370210333 - 13) - time: 65530.3 - serverFPS: 45.8453
17.01.2020 03:53:00: 18h 13min | Disconnected: Pablo Escobar(76561198370210333 - 13) - time: 65539.8 - serverFPS: 45.977
17.01.2020 03:58:42: 18h 19min | Connected: Pablo Escobar(76561198370210333 - 14) - time: 65880.1 - serverFPS: 46.6472
17.01.2020 03:58:45: 18h 19min | Disconnected: Jbo Marino[201](76561198206026112 - 7) - time: 65883.7 - serverFPS: 46.6472
17.01.2020 04:02:41: 18h 23min | Connected: Davey Jones(76561198166473448 - 15) - time: 66118.8 - serverFPS: 45.4545
17.01.2020 04:10:43: infiSTAR_PlayerConnected_id: 1
17.01.2020 04:10:43: infiSTAR_PlayerDisconnected_id: 0
17.01.2020 04:11:29: 0h 3min | Connected: Davey Jones(76561198166473448 - 4) - time: 47.181 - serverFPS: 47.3373
17.01.2020 04:12:23: 0h 4min | Connected: Donnie Turbo(76561198041233395 - 5) - time: 100.821 - serverFPS: 46.1095
17.01.2020 04:12:33: 0h 4min | Connected: Zander Marino(76561198180893505 - 7) - time: 110.484 - serverFPS: 45.977
17.01.2020 04:13:01: 0h 5min | Connected: Rogue Tjay(76561198883479728 - 6) - time: 138.491 - serverFPS: 45.1977
17.01.2020 04:13:40: 0h 5min | Connected: Pablo Escobar(76561198370210333 - 8) - time: 176.742 - serverFPS: 45.3258
17.01.2020 04:19:54: infiSTAR_PlayerConnected_id: 1
17.01.2020 04:19:54: infiSTAR_PlayerDisconnected_id: 0
17.01.2020 04:20:16: 0h 2min | Connected: Davey Jones(76561198166473448 - 4) - time: 25.272 - serverFPS: 46.1095
17.01.2020 04:20:31: 0h 2min | Connected: Rogue Tjay(76561198883479728 - 7) - time: 39.051 - serverFPS: 45.3258
17.01.2020 04:20:41: 0h 2min | Connected: Donnie Turbo(76561198041233395 - 8) - time: 49.644 - serverFPS: 45.7143
17.01.2020 04:20:55: 0h 2min | Connected: Pablo Escobar(76561198370210333 - 6) - time: 62.87 - serverFPS: 46.2428
17.01.2020 04:21:35: 0h 3min | Connected: Zander Marino(76561198180893505 - 9) - time: 102.054 - serverFPS: 46.3768
17.01.2020 04:27:34: 0h 9min | Connected: Eriden Parker(76561198054085448 - 5) - time: 460.992 - serverFPS: 46.6472
17.01.2020 04:28:04: 0h 10min | Connected: Jbo Marino[201](76561198206026112 - 10) - time: 490.51 - serverFPS: 46.1095
17.01.2020 04:39:06: 0h 21min | Connected: [1A-02] J. Daker(76561198038112694 - 11) - time: 1152.44 - serverFPS: 45.977
17.01.2020 04:39:25: 0h 21min | Disconnected: [1A-02] J. Daker(76561198038112694 - 11) - time: 1170.98 - serverFPS: 45.3258
17.01.2020 04:40:13: 0h 22min | Connected: Wyclef(76561198038112694 - 12) - time: 1219.17 - serverFPS: 46.1095
17.01.2020 04:49:10: 0h 31min | Disconnected: Donnie Turbo(76561198041233395 - 8) - time: 1755.15 - serverFPS: 45.7143
17.01.2020 04:52:22: 0h 34min | Connected: Donnie Turbo(76561198041233395 - 14) - time: 1947.69 - serverFPS: 45.8453
17.01.2020 04:53:29: 0h 35min | Connected: Alexander.Rios(76561198037915534 - 13) - time: 2014.81 - serverFPS: 45.4545
17.01.2020 04:53:46: 0h 35min | Disconnected: Alexander.Rios(76561198037915534 - 13) - time: 2031.69 - serverFPS: 45.4545
17.01.2020 04:53:54: 0h 35min | Connected: Boyevik Butch-Mac Volkev(76561198089960350 - 15) - time: 2039.56 - serverFPS: 45.7143
17.01.2020 04:54:22: 0h 36min | Connected: Alexander.Rios(76561198037915534 - 13) - time: 2066.72 - serverFPS: 46.2428
17.01.2020 04:55:03: 0h 37min | Disconnected: Alexander.Rios(76561198037915534 - 13) - time: 2107.75 - serverFPS: 44.1989
17.01.2020 04:56:27: 0h 38min | Disconnected: Donnie Turbo(76561198041233395 - 14) - time: 2191.45 - serverFPS: 45.7143
17.01.2020 04:57:47: 0h 39min | Connected: Alexander.Rios(76561198037915534 - 16) - time: 2272.12 - serverFPS: 45.8453
17.01.2020 05:01:17: 0h 43min | Disconnected: Rogue Tjay(76561198883479728 - 7) - time: 2481.79 - serverFPS: 45.584
17.01.2020 05:26:11: 1h 8min | Disconnected: Alexander.Rios(76561198037915534 - 16) - time: 3974.11 - serverFPS: 46.2428
17.01.2020 05:26:37: 1h 8min | Connected: Alexander.Rios(76561198037915534 - 16) - time: 4000.68 - serverFPS: 45.7143
17.01.2020 05:26:53: 1h 8min | Disconnected: Alexander.Rios(76561198037915534 - 16) - time: 4016.9 - serverFPS: 45.584
17.01.2020 05:29:15: 1h 11min | Connected: Alexander.Rios(76561198037915534 - 16) - time: 4158.21 - serverFPS: 45.584
17.01.2020 05:34:14: 1h 16min | Disconnected: Alexander.Rios(76561198037915534 - 16) - time: 4457.29 - serverFPS: 46.1095
17.01.2020 05:34:27: 1h 16min | Connected: Alexander.Rios(76561198037915534 - 16) - time: 4470.64 - serverFPS: 45.8453
17.01.2020 05:39:31: 1h 21min | Disconnected: Zander Marino(76561198180893505 - 9) - time: 4773.44 - serverFPS: 45.977
17.01.2020 05:40:00: 1h 22min | Connected: Zander Marino(76561198180893505 - 9) - time: 4802.71 - serverFPS: 45.7143
17.01.2020 06:21:51: 2h 3min | Disconnected: Boyevik Butch-Mac Volkev(76561198089960350 - 15) - time: 7313.17 - serverFPS: 41.7755
17.01.2020 06:22:15: 2h 4min | Disconnected: Wyclef(76561198038112694 - 12) - time: 7337.49 - serverFPS: 45.584
17.01.2020 06:25:56: 2h 7min | Disconnected: Jbo Marino[201](76561198206026112 - 10) - time: 7558.29 - serverFPS: 46.1095
17.01.2020 06:26:17: 2h 8min | Connected: Boyevik Butch-Mac Volkev(76561198089960350 - 21) - time: 7579.35 - serverFPS: 45.7143
17.01.2020 06:35:00: 2h 17min | Disconnected: Boyevik Butch-Mac Volkev(76561198089960350 - 21) - time: 8102.49 - serverFPS: 45.584
17.01.2020 06:44:12: 2h 26min | Disconnected: Alexander.Rios(76561198037915534 - 16) - time: 8653.75 - serverFPS: 46.2428
17.01.2020 06:50:40: 2h 32min | Disconnected: Davey Jones(76561198166473448 - 4) - time: 9042.61 - serverFPS: 46.5116
17.01.2020 06:51:18: 2h 33min | Disconnected: Pablo Escobar(76561198370210333 - 6) - time: 9079.41 - serverFPS: 46.3768
17.01.2020 06:51:38: 2h 33min | Connected: Davey Jones(76561198166473448 - 4) - time: 9099.64 - serverFPS: 45.977
17.01.2020 06:52:07: 2h 34min | Connected: Javier Escuella(76561198370210333 - 22) - time: 9128.73 - serverFPS: 46.2428
17.01.2020 06:53:44: 2h 35min | Connected: Jbo Marino[201](76561198206026112 - 10) - time: 9225.71 - serverFPS: 46.2428
17.01.2020 08:35:49: infiSTAR_PlayerConnected_id: 1
17.01.2020 08:35:49: infiSTAR_PlayerDisconnected_id: 0
17.01.2020 08:37:56: 0h 3min | Connected: HoyoBani(76561198105940600 - 4) - time: 130.536 - serverFPS: 46.1095
17.01.2020 08:41:12: infiSTAR_PlayerConnected_id: 1
17.01.2020 08:41:12: infiSTAR_PlayerDisconnected_id: 0
17.01.2020 08:41:51: 0h 2min | Connected: HoyoBani(76561198105940600 - 4) - time: 42.368 - serverFPS: 46.5116
17.01.2020 08:43:31: 0h 4min | Connected: Boyevik Butch-Mac Volkev(76561198089960350 - 5) - time: 142.15 - serverFPS: 46.6472
17.01.2020 08:47:56: 0h 8min | Disconnected: Boyevik Butch-Mac Volkev(76561198089960350 - 5) - time: 406.762 - serverFPS: 45.0704
17.01.2020 08:48:06: 0h 8min | Connected: Boyevik Butch-Mac Volkev(76561198089960350 - 5) - time: 416.032 - serverFPS: 45.8453
17.01.2020 09:01:35: infiSTAR_PlayerDisconnected_id: 0
17.01.2020 09:01:35: infiSTAR_PlayerDisconnected_id: 0
17.01.2020 09:07:15: infiSTAR_PlayerConnected_id: 1
17.01.2020 09:07:15: infiSTAR_PlayerDisconnected_id: 0
17.01.2020 09:07:33: 0h 1min | Connected: HoyoBani(76561198105940600 - 4) - time: 21.559 - serverFPS: 45.8453
17.01.2020 09:09:33: 0h 3min | Connected: Boyevik Butch-Mac Volkev(76561198089960350 - 5) - time: 141.569 - serverFPS: 45.977
17.01.2020 09:24:40: infiSTAR_PlayerConnected_id: 1
17.01.2020 09:24:40: infiSTAR_PlayerDisconnected_id: 0
17.01.2020 09:25:47: 0h 2min | Connected: HoyoBani(76561198105940600 - 4) - time: 70.219 - serverFPS: 46.2428
17.01.2020 09:27:59: 0h 4min | Connected: Boyevik Butch-Mac Volkev(76561198089960350 - 5) - time: 201.792 - serverFPS: 46.1095
17.01.2020 09:36:08: 0h 13min | Disconnected: HoyoBani(76561198105940600 - 4) - time: 691.376 - serverFPS: 46.2428
17.01.2020 09:40:01: 0h 16min | Disconnected: Boyevik Butch-Mac Volkev(76561198089960350 - 5) - time: 923.756 - serverFPS: 45.977
17.01.2020 11:30:20: infiSTAR_PlayerConnected_id: 1
17.01.2020 11:30:20: infiSTAR_PlayerDisconnected_id: 0
17.01.2020 12:08:29: infiSTAR_PlayerConnected_id: 1
17.01.2020 12:08:29: infiSTAR_PlayerDisconnected_id: 0
17.01.2020 12:18:37: infiSTAR_PlayerConnected_id: 1
17.01.2020 12:18:37: infiSTAR_PlayerDisconnected_id: 0
17.01.2020 12:27:37: infiSTAR_PlayerConnected_id: 1
17.01.2020 12:27:37: infiSTAR_PlayerDisconnected_id: 0
17.01.2020 13:01:22: infiSTAR_PlayerConnected_id: 1
17.01.2020 13:01:22: infiSTAR_PlayerDisconnected_id: 0
17.01.2020 13:36:26: infiSTAR_PlayerConnected_id: 1
17.01.2020 13:36:26: infiSTAR_PlayerDisconnected_id: 0
17.01.2020 18:05:31: 4h 30min | Connected: Eriden Parker(76561198054085448 - 5) - time: 16148 - serverFPS: 47.0588
17.01.2020 20:41:18: 7h 6min | Connected: Rogue Tjay(76561198883479728 - 9) - time: 25494.8 - serverFPS: 46.2428
17.01.2020 20:47:35: 7h 12min | Connected: alexs(76561198002867764 - 10) - time: 25870.8 - serverFPS: 45.8453
17.01.2020 20:53:31: 7h 18min | Disconnected: Eriden Parker(76561198054085448 - 5) - time: 26226.3 - serverFPS: 45.8453
17.01.2020 21:07:10: 7h 32min | Connected: Dilan(76561198381615280 - 15) - time: 27045.7 - serverFPS: 46.1095
17.01.2020 21:08:46: 7h 33min | Disconnected: Dilan(76561198381615280 - 15) - time: 27141.8 - serverFPS: 46.2428
17.01.2020 21:12:47: 7h 38min | Connected: Dilan(76561198381615280 - 16) - time: 27382.9 - serverFPS: 45.7143
17.01.2020 22:01:04: 8h 26min | Connected: Donnie Turbo(76561198041233395 - 19) - time: 30279.4 - serverFPS: 46.2428
17.01.2020 22:16:07: 8h 41min | Connected: desti(76561198294090911 - 22) - time: 31181 - serverFPS: 46.6472
17.01.2020 22:16:22: 8h 41min | Disconnected: desti(76561198294090911 - 22) - time: 31196.5 - serverFPS: 45.977
17.01.2020 22:17:43: 8h 42min | Connected: desti(76561198294090911 - 22) - time: 31277.4 - serverFPS: 46.2428
17.01.2020 22:21:58: 8h 47min | Disconnected: Dilan(76561198381615280 - 16) - time: 31532.3 - serverFPS: 46.6472
17.01.2020 22:24:45: 8h 49min | Disconnected: desti(76561198294090911 - 22) - time: 31699.3 - serverFPS: 46.5116
17.01.2020 22:43:58: 9h 9min | Connected: Dilan(76561198381615280 - 23) - time: 32852.3 - serverFPS: 46.2428
17.01.2020 22:53:20: 9h 18min | Disconnected: Rogue Tjay(76561198883479728 - 9) - time: 33414.4 - serverFPS: 46.3768
17.01.2020 22:57:51: 9h 23min | Connected: Boyevik Butch-Mac Volkev(76561198089960350 - 24) - time: 33684.2 - serverFPS: 45.7143
17.01.2020 23:01:07: 9h 26min | Connected: Rogue Tjay(76561198883479728 - 25) - time: 33880.8 - serverFPS: 46.2428
17.01.2020 23:07:11: 9h 32min | Disconnected: Dilan(76561198381615280 - 23) - time: 34244.6 - serverFPS: 45.4545
17.01.2020 23:10:51: 9h 36min | Disconnected: alexs(76561198002867764 - 10) - time: 34464.3 - serverFPS: 47.1976
17.01.2020 23:15:58: 9h 41min | Connected: alexs(76561198002867764 - 27) - time: 34771.5 - serverFPS: 45.584
17.01.2020 23:37:44: 10h 2min | Disconnected: Boyevik Butch-Mac Volkev(76561198089960350 - 24) - time: 36077.1 - serverFPS: 45.4545
17.01.2020 23:50:48: 10h 16min | Connected: Jbo Marino[201](76561198206026112 - 30) - time: 36861.3 - serverFPS: 45.584
