25.01.2020 06:44:40: <infiSTAR.de> _fnc_RandomGen: {
_fnc_actualGen = {
_abc = ['z','y','x','w','v','u','t','s','r','q','p','o','n','m','l','k','j','i','h','g','f','e','d','c','b','a'];
_gen = _abc select (random ((count _abc)-1));
_arr = ['a','5','c','4','d','f','c','e','5','2','2','0','d','e','7','f','9','5','7','8','e','9','a','5','c','3','2','7','e','2','3'];
_randmax = {((round(random _randminval)) + (round(random _randmaxval))) max _randminval};
for '_i' from 0 to (call _randmax)do
{
_gen = _gen + str(round(random 9)) + (_arr select (random ((count _arr)-1)));
};
};
_gen = '';
while{_gen=='' || _gen in _allRandomGenVars}do{
call _fnc_actualGen;
};
_allRandomGenVars pushBack _gen;
_gen
}
25.01.2020 06:44:40: ----START-LINE----   (12-01-2020 22-45-36 - v0260)
25.01.2020 06:44:40: _adminbox: n520e1e0e459c325225426e2a75558e8234008752883725597e79
25.01.2020 06:44:40: _fnc_mpPackets: n27125360357f02384c8e
25.01.2020 06:44:41: _FNC_AH_KICKLOG: k4e5f3c532e5f05150d221e2d65654755924c752d7d35
25.01.2020 06:44:41: _FNC_AH_KICKLOGSPAWN: y251c7c4202577f702518673e60
25.01.2020 06:44:41: _FNC_PVAH_AdminReq: c53484737138e1423352c824219323e598f7a226014
25.01.2020 06:44:41: _token_by_uid: x205395757917191a2e5f356f7c558f
25.01.2020 06:44:41: _uid_by_token: j2597693f025d557e857c0f1d9f459e3c
25.01.2020 06:44:41: _server_setTokenR: d1e298972254c9a193d158e125d
25.01.2020 06:44:41: _YourPlayerToken: h049e2922727e7e0552997c101e
25.01.2020 06:44:41: _TokenCT: f3c955552535e4e0e374d
25.01.2020 06:44:41: _AH_MAIN_BLOCK: p023d543c22971e372e627c4c6297073812401e2e7c1d
25.01.2020 06:44:41: _AHKickOFF: t1c446220622e6f374532352c150e82705000
25.01.2020 06:44:41: _AHKickLog: o2c4d45473d3967328c055e3e4a22
25.01.2020 06:44:41: _clientdo: f836275974957553d353f
25.01.2020 06:44:41: _AH_RunCheckENDVAR: x722565595c79454732726d
25.01.2020 06:44:41: _AH_RunCheckENDVAR_THREAD: f35521e4e59275375428a
25.01.2020 06:44:41: _AH_HackLogArrayRND: s751457922c1e2a9e2c35
25.01.2020 06:44:41: _AH_SurvLogArrayRND: e546572777a4e353e393859555c3c9c4a785202476c3c7c
25.01.2020 06:44:41: _AH_AdmiLogArrayRND: d4745045c625515524d995d17227a19628c83574e494c3c35354489
25.01.2020 06:44:41: _TMPBAN: k508539250422795f0772721d537c1952572c2a057943
25.01.2020 06:44:41: _massMessage: y887f2922126982322c8213
25.01.2020 06:44:41: _massSysMessage: l8f170582624982222567207c353868773e1c
25.01.2020 06:44:41: _AHpos: s356a9e356a2d2a55671d3e6f4e2512
25.01.2020 06:44:41: _ninetwo: n1f2e35592a1343727f4c654e87
25.01.2020 06:44:41: _ninetwothread: c25993c730d523e7e72308343
25.01.2020 06:44:41: _adminsA: v75728d4d2c1c8d028d3f3f852d97203d
25.01.2020 06:44:41: _MC: o65971a37622255657c65321e0c852f884247
25.01.2020 06:44:41: _MCS: y737d2512188c5709851d1f1c2e8d698d7e85
25.01.2020 06:44:41: _checkidicheckcheck: h32228565625727050e2c676e156e4e228e8767
25.01.2020 06:44:41: _lastshotmade: p526e196245397f721512
25.01.2020 06:44:41: <infiSTAR.de> _fnc_RandomGen: {
_fnc_actualGen = {
_abc = ['z','y','x','w','v','u','t','s','r','q','p','o','n','m','l','k','j','i','h','g','f','e','d','c','b','a'];
_gen = _abc select (random ((count _abc)-1));
_arr = ['a','5','c','4','d','f','c','e','5','2','2','0','d','e','7','f','9','5','7','8','e','9','a','5','c','3','2','7','e','2','3'];
_randmax = {((round(random _randminval)) + (round(random _randmaxval))) max _randminval};
for '_i' from 0 to (call _randmax)do
{
_gen = _gen + str(round(random 9)) + (_arr select (random ((count _arr)-1)));
};
};
_gen = '';
while{_gen=='' || _gen in _allRandomGenVars}do{
call _fnc_actualGen;
};
_allRandomGenVars pushBack _gen;
_gen
}
25.01.2020 06:44:41: ----START-LINE----   (12-01-2020 22-45-36 - v0260)
25.01.2020 06:44:41: _adminbox: n520e1e0e459c325225426e2a75558e8234008752883725597e79
25.01.2020 06:44:41: _fnc_mpPackets: n27125360357f02384c8e
25.01.2020 06:44:41: _FNC_AH_KICKLOG: k4e5f3c532e5f05150d221e2d65654755924c752d7d35
25.01.2020 06:44:41: _FNC_AH_KICKLOGSPAWN: y251c7c4202577f702518673e60
25.01.2020 06:44:41: _FNC_PVAH_AdminReq: c53484737138e1423352c824219323e598f7a226014
25.01.2020 06:44:41: _token_by_uid: x205395757917191a2e5f356f7c558f
25.01.2020 06:44:41: _uid_by_token: j2597693f025d557e857c0f1d9f459e3c
25.01.2020 06:44:41: _server_setTokenR: d1e298972254c9a193d158e125d
25.01.2020 06:44:41: _YourPlayerToken: h049e2922727e7e0552997c101e
25.01.2020 06:44:41: _TokenCT: f3c955552535e4e0e374d
25.01.2020 06:44:41: _AH_MAIN_BLOCK: p023d543c22971e372e627c4c6297073812401e2e7c1d
25.01.2020 06:44:41: _AHKickOFF: t1c446220622e6f374532352c150e82705000
25.01.2020 06:44:41: _AHKickLog: o2c4d45473d3967328c055e3e4a22
25.01.2020 06:44:41: _clientdo: f836275974957553d353f
25.01.2020 06:44:41: _AH_RunCheckENDVAR: x722565595c79454732726d
25.01.2020 06:44:41: _AH_RunCheckENDVAR_THREAD: f35521e4e59275375428a
25.01.2020 06:44:41: _AH_HackLogArrayRND: s751457922c1e2a9e2c35
25.01.2020 06:44:41: _AH_SurvLogArrayRND: e546572777a4e353e393859555c3c9c4a785202476c3c7c
25.01.2020 06:44:41: _AH_AdmiLogArrayRND: d4745045c625515524d995d17227a19628c83574e494c3c35354489
25.01.2020 06:44:41: _TMPBAN: k508539250422795f0772721d537c1952572c2a057943
25.01.2020 06:44:41: _massMessage: y887f2922126982322c8213
25.01.2020 06:44:41: _massSysMessage: l8f170582624982222567207c353868773e1c
25.01.2020 06:44:41: _AHpos: s356a9e356a2d2a55671d3e6f4e2512
25.01.2020 06:44:41: _ninetwo: n1f2e35592a1343727f4c654e87
25.01.2020 06:44:41: _ninetwothread: c25993c730d523e7e72308343
25.01.2020 06:44:41: _adminsA: v75728d4d2c1c8d028d3f3f852d97203d
25.01.2020 06:44:41: _MC: o65971a37622255657c65321e0c852f884247
25.01.2020 06:44:41: _MCS: y737d2512188c5709851d1f1c2e8d698d7e85
25.01.2020 06:44:41: _checkidicheckcheck: h32228565625727050e2c676e156e4e228e8767
25.01.2020 06:44:41: _lastshotmade: p526e196245397f721512
25.01.2020 06:44:41: _dellocveh: z0d370f4e385e92053f8763295f373837533e552754528e654730124918
25.01.2020 06:44:41: _inCombatTime: c159e926e9e8517103d451c784212
25.01.2020 06:44:41: _inCombatArray: l1e27835e895932075a6e47855d993595657c
25.01.2020 06:44:41: _fnc_infiKeyHandler: h4e7f196e827e82750215320238175e47108735
25.01.2020 06:44:41: _vehicle_needs_check: q5f5262421f1f27125c921f578c89495e79223c39
25.01.2020 06:44:41: _MAKE_VAR_DUMP_RANDOM: i5d1e703a25954a1e23872f49
25.01.2020 06:44:41: _MAKE_VAR_DUMP_CLIENT: k440569101e65773e3c8c2c2428678e475c2e9c0f1f3f4a6562
25.01.2020 06:44:41: _DUMPINGPLAYERUIDARRAY: f352e63778c7a5227153f
25.01.2020 06:44:41: _CURRENTLYDUMPING: b32895d496a6e5544573e7f426e47795f538f986c153295140e7745
25.01.2020 06:44:41: _antiantihack_rndvar: t7e5e723f14151e223575424e5d296e15
25.01.2020 06:44:41: _name_by_uid: j827c02822e574325392e45123e22973c593f4404
25.01.2020 06:44:41: _owner_by_uid: h258e5e406d5e17025769
25.01.2020 06:44:41: _customcommandingMenu: s277c47721932531e3515
25.01.2020 06:44:41: _customcommandingMenuOpen: g654265235c140d5a7c323f
25.01.2020 06:44:41: _AH_KICKLOG: PVAHR_5e7w8q7k2b
25.01.2020 06:44:41: ----END-LINE----   (12-01-2020 22-45-36 - v0260)
