15.02.2020 06:17:08: <infiSTAR.de> _fnc_RandomGen: {
_fnc_actualGen = {
_abc = ['z','y','x','w','v','u','t','s','r','q','p','o','n','m','l','k','j','i','h','g','f','e','d','c','b','a'];
_gen = _abc select (random ((count _abc)-1));
_arr = ['a','5','c','4','d','f','c','e','5','2','2','0','d','e','7','f','9','5','7','8','e','9','a','5','c','3','2','7','e','2','3'];
_randmax = {((round(random _randminval)) + (round(random _randmaxval))) max _randminval};
for '_i' from 0 to (call _randmax)do
{
_gen = _gen + str(round(random 9)) + (_arr select (random ((count _arr)-1)));
};
};
_gen = '';
while{_gen=='' || _gen in _allRandomGenVars}do{
call _fnc_actualGen;
};
_allRandomGenVars pushBack _gen;
_gen
}
15.02.2020 06:17:08: ----START-LINE----   (12-01-2020 22-45-36 - v0260)
15.02.2020 06:17:08: _adminbox: c2c128e8a443840151c6c6d8c793370
15.02.2020 06:17:08: _fnc_mpPackets: y5445895c6e0c275e899c2a035472828a095e7e8f2d353332
15.02.2020 06:17:08: _FNC_AH_KICKLOG: l62457e6d1a2a39152f05
15.02.2020 06:17:09: _FNC_AH_KICKLOGSPAWN: s23306c426e073a434e28755c
15.02.2020 06:17:09: _FNC_PVAH_AdminReq: y3e472e755c121e7c63775f9a151c1f63
15.02.2020 06:17:09: _token_by_uid: c150e474a7d8d27357d3e820267551543236a25
15.02.2020 06:17:09: _uid_by_token: b721e4325759c6c7f4d177f976f124c4229877c
15.02.2020 06:17:09: _server_setTokenR: y2f696422127f494c4f526c646a520e4e3f259d32771942
15.02.2020 06:17:09: _YourPlayerToken: k8f5e7e3989552537472e
15.02.2020 06:17:09: _TokenCT: l971c2373453c6c4d5219026d
15.02.2020 06:17:09: _AH_MAIN_BLOCK: y9e40159a6792124a946a
15.02.2020 06:17:09: _AHKickOFF: v752e2947923a8d090c6e
15.02.2020 06:17:09: _AHKickLog: u652f1f3e37558e125a7f6755
15.02.2020 06:17:09: _clientdo: q429c6f27204a7c82151e
15.02.2020 06:17:09: _AH_RunCheckENDVAR: y6d37276f784d8a49555e
15.02.2020 06:17:09: _AH_RunCheckENDVAR_THREAD: g2e6e1a02245c77992d25291a3c4e255c97749f43
15.02.2020 06:17:09: _AH_HackLogArrayRND: e42878e5a853830570c79247379953e3e7e726c33651e30427f0067
15.02.2020 06:17:09: _AH_SurvLogArrayRND: n32058c27753d43401769436f801588
15.02.2020 06:17:09: _AH_AdmiLogArrayRND: l6e15158d6d4e472e6f97
15.02.2020 06:17:09: _TMPBAN: h1f15647549650e4572652d9c
15.02.2020 06:17:09: _massMessage: k55124910005382226972
15.02.2020 06:17:09: _massSysMessage: s8c47354e3d299e1f2518858885
15.02.2020 06:17:09: _AHpos: r356a4e4e8822637e877e346d484543094a1555323925540a
15.02.2020 06:17:09: _ninetwo: b851e5e754e350f0d2e5225250d5e42
15.02.2020 06:17:09: _ninetwothread: a42405e325222148a5a4f57026972
15.02.2020 06:17:09: _adminsA: h37525e729215328d50686d8782
15.02.2020 06:17:09: _MC: p6a877215255e629a7207
15.02.2020 06:17:09: _MCS: t17576362054f6c598a8d294d851e8e69424213
15.02.2020 06:17:09: _checkidicheckcheck: d425e241c274e425528435d52004f30
15.02.2020 06:17:09: _lastshotmade: u7e3a7a4a886212458e6f
15.02.2020 06:17:09: <infiSTAR.de> _fnc_RandomGen: {
_fnc_actualGen = {
_abc = ['z','y','x','w','v','u','t','s','r','q','p','o','n','m','l','k','j','i','h','g','f','e','d','c','b','a'];
_gen = _abc select (random ((count _abc)-1));
_arr = ['a','5','c','4','d','f','c','e','5','2','2','0','d','e','7','f','9','5','7','8','e','9','a','5','c','3','2','7','e','2','3'];
_randmax = {((round(random _randminval)) + (round(random _randmaxval))) max _randminval};
for '_i' from 0 to (call _randmax)do
{
_gen = _gen + str(round(random 9)) + (_arr select (random ((count _arr)-1)));
};
};
_gen = '';
while{_gen=='' || _gen in _allRandomGenVars}do{
call _fnc_actualGen;
};
_allRandomGenVars pushBack _gen;
_gen
}
15.02.2020 06:17:09: ----START-LINE----   (12-01-2020 22-45-36 - v0260)
15.02.2020 06:17:09: _adminbox: c2c128e8a443840151c6c6d8c793370
15.02.2020 06:17:09: _fnc_mpPackets: y5445895c6e0c275e899c2a035472828a095e7e8f2d353332
15.02.2020 06:17:09: _FNC_AH_KICKLOG: l62457e6d1a2a39152f05
15.02.2020 06:17:09: _FNC_AH_KICKLOGSPAWN: s23306c426e073a434e28755c
15.02.2020 06:17:09: _FNC_PVAH_AdminReq: y3e472e755c121e7c63775f9a151c1f63
15.02.2020 06:17:09: _token_by_uid: c150e474a7d8d27357d3e820267551543236a25
15.02.2020 06:17:09: _uid_by_token: b721e4325759c6c7f4d177f976f124c4229877c
15.02.2020 06:17:09: _server_setTokenR: y2f696422127f494c4f526c646a520e4e3f259d32771942
15.02.2020 06:17:09: _YourPlayerToken: k8f5e7e3989552537472e
15.02.2020 06:17:09: _TokenCT: l971c2373453c6c4d5219026d
15.02.2020 06:17:09: _AH_MAIN_BLOCK: y9e40159a6792124a946a
15.02.2020 06:17:09: _AHKickOFF: v752e2947923a8d090c6e
15.02.2020 06:17:09: _AHKickLog: u652f1f3e37558e125a7f6755
15.02.2020 06:17:09: _clientdo: q429c6f27204a7c82151e
15.02.2020 06:17:09: _AH_RunCheckENDVAR: y6d37276f784d8a49555e
15.02.2020 06:17:09: _AH_RunCheckENDVAR_THREAD: g2e6e1a02245c77992d25291a3c4e255c97749f43
15.02.2020 06:17:09: _AH_SurvLogArrayRND: n32058c27753d43401769436f801588
15.02.2020 06:17:09: _MAKE_VAR_DUMP_CLIENT: n82407827631d998c5d6c5c171e255c9e8532
15.02.2020 06:17:09: _DUMPINGPLAYERUIDARRAY: b52993775548f7d2d4e354575423285525e4d574374
15.02.2020 06:17:09: _CURRENTLYDUMPING: v452509152e3c65293f63
15.02.2020 06:17:09: _antiantihack_rndvar: g2e424f52229c5772470d
15.02.2020 06:17:09: _name_by_uid: f1a157c797a636f7c6e822d2217776a98587a
15.02.2020 06:17:10: _owner_by_uid: t6950659d271e856235753c
15.02.2020 06:17:10: _customcommandingMenu: u635e85239c15572d4a87
15.02.2020 06:17:10: _customcommandingMenuOpen: q1d57643c9a1d65701d3a542d627782594e89228c498e
15.02.2020 06:17:10: _AH_KICKLOG: PVAHR_0k0u2t1m2q5i
15.02.2020 06:17:10: ----END-LINE----   (12-01-2020 22-45-36 - v0260)
15.02.2020 06:55:05: <infiSTAR.de> _fnc_RandomGen: {
_fnc_actualGen = {
_abc = ['z','y','x','w','v','u','t','s','r','q','p','o','n','m','l','k','j','i','h','g','f','e','d','c','b','a'];
_gen = _abc select (random ((count _abc)-1));
_arr = ['a','5','c','4','d','f','c','e','5','2','2','0','d','e','7','f','9','5','7','8','e','9','a','5','c','3','2','7','e','2','3'];
_randmax = {((round(random _randminval)) + (round(random _randmaxval))) max _randminval};
for '_i' from 0 to (call _randmax)do
{
_gen = _gen + str(round(random 9)) + (_arr select (random ((count _arr)-1)));
};
};
_gen = '';
while{_gen=='' || _gen in _allRandomGenVars}do{
call _fnc_actualGen;
};
_allRandomGenVars pushBack _gen;
_gen
}
15.02.2020 06:55:05: ----START-LINE----   (12-01-2020 22-45-36 - v0260)
15.02.2020 06:55:05: _adminbox: x5e82652a128e6e5d0a1f8e6f471c0a0e3e5732
15.02.2020 06:55:05: _fnc_mpPackets: v9285352a107c227c7f931c6c3c447d855789424f650c272c355232820572
15.02.2020 06:55:05: _FNC_AH_KICKLOG: n995d389e4d27055e273259208d9a02
15.02.2020 06:55:05: _FNC_AH_KICKLOGSPAWN: j5e4a5c7e1a578d8a572e456845579e1c0d779d
15.02.2020 06:55:05: _FNC_PVAH_AdminReq: w1f5967578f3c4c1c224e2d
15.02.2020 06:55:05: _token_by_uid: b33650245624c6c157917826c
15.02.2020 06:55:05: _uid_by_token: x3227653f2c3d5e154c038d
15.02.2020 06:55:05: _server_setTokenR: g3c733328653f374a151c2064335e653f285c4e2e85504e60223c0a
15.02.2020 06:55:05: _YourPlayerToken: w0c4e8f424c052c2d123e6e8882649c5e101e
15.02.2020 06:55:05: _TokenCT: y3f7e12255575494c428019033d1e34
15.02.2020 06:55:05: _AH_MAIN_BLOCK: p5257894e6355651f170a1e054562321545
15.02.2020 06:55:05: _AHKickOFF: v4c8e18925c524e102d6e
15.02.2020 06:55:05: _AHKickLog: w50878d150e65633572854d0a
15.02.2020 06:55:05: _clientdo: n53503c8e394e6552505d287c
15.02.2020 06:55:05: _AH_RunCheckENDVAR: b1553799e158c78179c124969225e5e5f6a52300d5e8c
15.02.2020 06:55:05: _AH_RunCheckENDVAR_THREAD: h431a10601e72753d435f
15.02.2020 06:55:05: _AH_HackLogArrayRND: k2a7805475e7f958510328c53
15.02.2020 06:55:05: _AH_SurvLogArrayRND: k2f43922d2232776f6e7e6744855589222e772e
15.02.2020 06:55:05: _AH_AdmiLogArrayRND: m5d2c9f8c2c6c5e3c1287256f
15.02.2020 06:55:05: _TMPBAN: i12527a5284053a0f6f8e1e523937
15.02.2020 06:55:05: _massMessage: w1e2257427e527a7d0222331e3350558c920527825574
15.02.2020 06:55:05: _massSysMessage: n5f2c95629e1277255f9e4e305d1f6e3c8f0a8a2f8e15
15.02.2020 06:55:05: _AHpos: s3225837202671789537f
15.02.2020 06:55:05: _ninetwo: i2015828c6e0d355d527565225d828e1d4c3c8758
15.02.2020 06:55:05: _ninetwothread: f256f891c5d2215973330827f7c
15.02.2020 06:55:05: _adminsA: r557a3559152c673762747e1d4e65059d35227584057d4e0f8e2d
15.02.2020 06:55:05: _MC: g7947550c659d5963338a05090d5c0f44
15.02.2020 06:55:05: _MCS: q1a124e7447153070656e8755553d15123e975e092f830e74420e
15.02.2020 06:55:05: <infiSTAR.de> _fnc_RandomGen: {
_fnc_actualGen = {
_abc = ['z','y','x','w','v','u','t','s','r','q','p','o','n','m','l','k','j','i','h','g','f','e','d','c','b','a'];
_gen = _abc select (random ((count _abc)-1));
_arr = ['a','5','c','4','d','f','c','e','5','2','2','0','d','e','7','f','9','5','7','8','e','9','a','5','c','3','2','7','e','2','3'];
_randmax = {((round(random _randminval)) + (round(random _randmaxval))) max _randminval};
for '_i' from 0 to (call _randmax)do
{
_gen = _gen + str(round(random 9)) + (_arr select (random ((count _arr)-1)));
};
};
_gen = '';
while{_gen=='' || _gen in _allRandomGenVars}do{
call _fnc_actualGen;
};
_allRandomGenVars pushBack _gen;
_gen
}
15.02.2020 06:55:05: ----START-LINE----   (12-01-2020 22-45-36 - v0260)
15.02.2020 06:55:05: _adminbox: x5e82652a128e6e5d0a1f8e6f471c0a0e3e5732
15.02.2020 06:55:05: _fnc_mpPackets: v9285352a107c227c7f931c6c3c447d855789424f650c272c355232820572
15.02.2020 06:55:05: _FNC_AH_KICKLOG: n995d389e4d27055e273259208d9a02
15.02.2020 06:55:05: _FNC_AH_KICKLOGSPAWN: j5e4a5c7e1a578d8a572e456845579e1c0d779d
15.02.2020 06:55:05: _FNC_PVAH_AdminReq: w1f5967578f3c4c1c224e2d
15.02.2020 06:55:05: _token_by_uid: b33650245624c6c157917826c
15.02.2020 06:55:05: _uid_by_token: x3227653f2c3d5e154c038d
15.02.2020 06:55:05: _server_setTokenR: g3c733328653f374a151c2064335e653f285c4e2e85504e60223c0a
15.02.2020 06:55:05: _YourPlayerToken: w0c4e8f424c052c2d123e6e8882649c5e101e
15.02.2020 06:55:05: _TokenCT: y3f7e12255575494c428019033d1e34
15.02.2020 06:55:05: _AH_MAIN_BLOCK: p5257894e6355651f170a1e054562321545
15.02.2020 06:55:05: _AHKickOFF: v4c8e18925c524e102d6e
15.02.2020 06:55:05: _AHKickLog: w50878d150e65633572854d0a
15.02.2020 06:55:05: _clientdo: n53503c8e394e6552505d287c
15.02.2020 06:55:05: _AH_RunCheckENDVAR: b1553799e158c78179c124969225e5e5f6a52300d5e8c
15.02.2020 06:55:05: _AH_RunCheckENDVAR_THREAD: h431a10601e72753d435f
15.02.2020 06:55:05: _AH_HackLogArrayRND: k2a7805475e7f958510328c53
15.02.2020 06:55:05: _AH_SurvLogArrayRND: k2f43922d2232776f6e7e6744855589222e772e
15.02.2020 06:55:05: _AH_AdmiLogArrayRND: m5d2c9f8c2c6c5e3c1287256f
15.02.2020 06:55:05: _TMPBAN: i12527a5284053a0f6f8e1e523937
15.02.2020 06:55:05: _massMessage: w1e2257427e527a7d0222331e3350558c920527825574
15.02.2020 06:55:05: _massSysMessage: n5f2c95629e1277255f9e4e305d1f6e3c8f0a8a2f8e15
15.02.2020 06:55:05: _AHpos: s3225837202671789537f
15.02.2020 06:55:05: _ninetwo: i2015828c6e0d355d527565225d828e1d4c3c8758
15.02.2020 06:55:05: _ninetwothread: f256f891c5d2215973330827f7c
15.02.2020 06:55:06: _adminsA: r557a3559152c673762747e1d4e65059d35227584057d4e0f8e2d
15.02.2020 06:55:06: _MC: g7947550c659d5963338a05090d5c0f44
15.02.2020 06:55:06: _MCS: q1a124e7447153070656e8755553d15123e975e092f830e74420e
15.02.2020 06:55:06: _checkidicheckcheck: n17777062676f752947692922730f12996357550e246e2c276c794d2e52
15.02.2020 06:55:06: _lastshotmade: r5d12804e826f3a629c2e296e653d3564
15.02.2020 06:55:06: _dellocveh: c7a9e8e6e35091527871c2e356f5c3243685c
15.02.2020 06:55:06: _inCombatTime: g050e556c851e5e45138572658537555c6c822a421d8c394c
15.02.2020 06:55:06: _inCombatArray: u4d288d3c524e2d158757828219305e624f8c472a35476a
15.02.2020 06:55:06: _fnc_infiKeyHandler: l0c526a2e591c8e738c7c5792374c1c1a3c4e825f
15.02.2020 06:55:06: _vehicle_needs_check: g5e8e821c0e376f9e3455234e
15.02.2020 06:55:06: _MAKE_VAR_DUMP_RANDOM: k2304225575490e292e59
15.02.2020 06:55:06: _MAKE_VAR_DUMP_CLIENT: y070e158c8e7e3a293e8c2f9580
15.02.2020 06:55:06: _DUMPINGPLAYERUIDARRAY: o8c876382434e297c648d255567
15.02.2020 06:55:06: _CURRENTLYDUMPING: i392f1d420e6c3d3d194723785e4f823c7e7e8d6a570c2d
15.02.2020 06:55:06: _antiantihack_rndvar: n522277248e4e998e3713102e229882605229
15.02.2020 06:55:06: _name_by_uid: y5f3d4e3c1f755d3c6e12909253781d57100d6f2782850e2c
15.02.2020 06:55:06: _owner_by_uid: c8c6f052e8c59753a591f730a634e1f649e6e62
15.02.2020 06:55:06: _customcommandingMenu: y538e574e0d2a32194c456e52259a5d2559188d656e675e2e7e
15.02.2020 06:55:06: _customcommandingMenuOpen: o15704f258869928d537712375225330f6c4547
15.02.2020 06:55:06: _AH_KICKLOG: PVAHR_6u2q7m8j3e
15.02.2020 06:55:06: ----END-LINE----   (12-01-2020 22-45-36 - v0260)
15.02.2020 17:41:21: <infiSTAR.de> _fnc_RandomGen: {
_fnc_actualGen = {
_abc = ['z','y','x','w','v','u','t','s','r','q','p','o','n','m','l','k','j','i','h','g','f','e','d','c','b','a'];
_gen = _abc select (random ((count _abc)-1));
_arr = ['a','5','c','4','d','f','c','e','5','2','2','0','d','e','7','f','9','5','7','8','e','9','a','5','c','3','2','7','e','2','3'];
_randmax = {((round(random _randminval)) + (round(random _randmaxval))) max _randminval};
for '_i' from 0 to (call _randmax)do
{
_gen = _gen + str(round(random 9)) + (_arr select (random ((count _arr)-1)));
};
};
_gen = '';
while{_gen=='' || _gen in _allRandomGenVars}do{
call _fnc_actualGen;
};
_allRandomGenVars pushBack _gen;
_gen
}
15.02.2020 17:41:21: ----START-LINE----   (12-01-2020 22-45-36 - v0260)
15.02.2020 17:41:21: _adminbox: i2c12354d0a0a3e0217423f4c985415201e524d7e6273773c
15.02.2020 17:41:21: _fnc_mpPackets: w2e621485175f686e15941e8e35793e8c1a
15.02.2020 17:41:21: _FNC_AH_KICKLOG: l527c3e690c95452c1217
15.02.2020 17:41:21: _FNC_AH_KICKLOGSPAWN: d773822777d2d1249646e5a4e1f3d37825203293f4e48127c
15.02.2020 17:41:21: _FNC_PVAH_AdminReq: j37256019224d6a191c2f5770273269525c5f93651c
15.02.2020 17:41:21: _token_by_uid: s2e9d4f7f7f3d7c184e72
15.02.2020 17:41:21: _uid_by_token: d9c5c207a958d9f13474d0c699c6c695e78776572141d8e
15.02.2020 17:41:21: _server_setTokenR: f9e3c855c700f0a9d7e1c1f4e3967
15.02.2020 17:41:21: _YourPlayerToken: b87757e250f22453c5f1d6e7e
15.02.2020 17:41:21: _TokenCT: e238e2945793e771f3e7c
15.02.2020 17:41:21: _AH_MAIN_BLOCK: z175e9e0a72959205274f827f73256f653f342255599782
15.02.2020 17:41:21: _AHKickOFF: j306d85156a7a5d780477
15.02.2020 17:41:21: _AHKickLog: t7575326753127a4e3215822e5e255e8f6e746c1420
15.02.2020 17:41:21: _clientdo: f629e979e748270088c09493f42253a470e6740
15.02.2020 17:41:21: _AH_RunCheckENDVAR: c8f5d5c8a2f3e0258823f5c7d29825a8c276728
15.02.2020 17:41:21: _AH_RunCheckENDVAR_THREAD: c652e32775717243a1a4475097e
15.02.2020 17:41:21: _AH_HackLogArrayRND: x67259e1c374d85777a15427d1f524d9f0e22573e3d70142d
15.02.2020 17:41:21: _AH_SurvLogArrayRND: p893c1c9f17183a6597223e793263208e2e3a6c
15.02.2020 17:41:21: _AH_AdmiLogArrayRND: u3e6c6e071827122582124d1705453e451224329022
15.02.2020 17:41:21: _TMPBAN: k542c7312634c84225554
15.02.2020 17:41:21: _massMessage: n2c491e351f0d1e19899e9a407a
15.02.2020 17:41:21: _massSysMessage: y3775891e1e7c057e92651a3d2c3c791f824e388c823d8a3d
15.02.2020 17:41:21: _AHpos: i83654c726d0c0c3f7515121a375c09324d92246a551e5c
15.02.2020 17:41:21: _ninetwo: e8e370e32950f0a7c7e7a9e5a72551e8065
15.02.2020 17:41:21: _ninetwothread: j9d880455479343577a7c305c342c
15.02.2020 17:41:21: _adminsA: o49439925294845233e4e524565249a7a951c
15.02.2020 17:41:21: _MC: f20575e1a873772242467
15.02.2020 17:41:21: _MCS: b0e5347958e178c196e7e67575a3c125e70
15.02.2020 17:41:21: _checkidicheckcheck: m15653737497e43391d158c9e374a
15.02.2020 17:41:21: _lastshotmade: d7d4d524227745a054f223c4e
15.02.2020 17:41:21: <infiSTAR.de> _fnc_RandomGen: {
_fnc_actualGen = {
_abc = ['z','y','x','w','v','u','t','s','r','q','p','o','n','m','l','k','j','i','h','g','f','e','d','c','b','a'];
_gen = _abc select (random ((count _abc)-1));
_arr = ['a','5','c','4','d','f','c','e','5','2','2','0','d','e','7','f','9','5','7','8','e','9','a','5','c','3','2','7','e','2','3'];
_randmax = {((round(random _randminval)) + (round(random _randmaxval))) max _randminval};
for '_i' from 0 to (call _randmax)do
{
_gen = _gen + str(round(random 9)) + (_arr select (random ((count _arr)-1)));
};
};
_gen = '';
while{_gen=='' || _gen in _allRandomGenVars}do{
call _fnc_actualGen;
};
_allRandomGenVars pushBack _gen;
_gen
}
15.02.2020 17:41:21: ----START-LINE----   (12-01-2020 22-45-36 - v0260)
15.02.2020 17:41:21: _adminbox: i2c12354d0a0a3e0217423f4c985415201e524d7e6273773c
15.02.2020 17:41:21: _fnc_mpPackets: w2e621485175f686e15941e8e35793e8c1a
15.02.2020 17:41:21: _FNC_AH_KICKLOG: l527c3e690c95452c1217
15.02.2020 17:41:21: _FNC_AH_KICKLOGSPAWN: d773822777d2d1249646e5a4e1f3d37825203293f4e48127c
15.02.2020 17:41:21: _FNC_PVAH_AdminReq: j37256019224d6a191c2f5770273269525c5f93651c
15.02.2020 17:41:21: _token_by_uid: s2e9d4f7f7f3d7c184e72
15.02.2020 17:41:21: _uid_by_token: d9c5c207a958d9f13474d0c699c6c695e78776572141d8e
15.02.2020 17:41:21: _server_setTokenR: f9e3c855c700f0a9d7e1c1f4e3967
15.02.2020 17:41:21: _YourPlayerToken: b87757e250f22453c5f1d6e7e
15.02.2020 17:41:21: _TokenCT: e238e2945793e771f3e7c
15.02.2020 17:41:21: _AH_MAIN_BLOCK: z175e9e0a72959205274f827f73256f653f342255599782
15.02.2020 17:41:21: _AHKickOFF: j306d85156a7a5d780477
15.02.2020 17:41:21: _AHKickLog: t7575326753127a4e3215822e5e255e8f6e746c1420
15.02.2020 17:41:21: _clientdo: f629e979e748270088c09493f42253a470e6740
15.02.2020 17:41:21: _AH_RunCheckENDVAR: c8f5d5c8a2f3e0258823f5c7d29825a8c276728
15.02.2020 17:41:21: _AH_RunCheckENDVAR_THREAD: c652e32775717243a1a4475097e
15.02.2020 17:41:21: _AH_HackLogArrayRND: x67259e1c374d85777a15427d1f524d9f0e22573e3d70142d
15.02.2020 17:41:22: _AH_SurvLogArrayRND: p893c1c9f17183a6597223e793263208e2e3a6c
15.02.2020 17:41:22: _AH_AdmiLogArrayRND: u3e6c6e071827122582124d1705453e451224329022
15.02.2020 17:41:22: _TMPBAN: k542c7312634c84225554
15.02.2020 17:41:22: _massMessage: n2c491e351f0d1e19899e9a407a
15.02.2020 17:41:22: _massSysMessage: y3775891e1e7c057e92651a3d2c3c791f824e388c823d8a3d
15.02.2020 17:41:22: _AHpos: i83654c726d0c0c3f7515121a375c09324d92246a551e5c
15.02.2020 17:41:22: _ninetwo: e8e370e32950f0a7c7e7a9e5a72551e8065
15.02.2020 17:41:22: _ninetwothread: j9d880455479343577a7c305c342c
15.02.2020 17:41:22: _adminsA: o49439925294845233e4e524565249a7a951c
15.02.2020 17:41:22: _MC: f20575e1a873772242467
15.02.2020 17:41:22: _MCS: b0e5347958e178c196e7e67575a3c125e70
15.02.2020 17:41:22: _checkidicheckcheck: m15653737497e43391d158c9e374a
15.02.2020 17:41:22: _lastshotmade: d7d4d524227745a054f223c4e
15.02.2020 17:41:22: _dellocveh: g8a85097c2d2c825c4c8e
15.02.2020 17:41:22: _inCombatTime: g5a17395539732722434a
15.02.2020 17:41:22: _inCombatArray: y34836a070e4a6e7562772c632e
15.02.2020 17:41:22: _fnc_infiKeyHandler: a8f6d42274e020e39127e5c02271e5c024a6c8f45750e
15.02.2020 17:41:22: _vehicle_needs_check: i3c521e576c1219472547
15.02.2020 17:41:22: _MAKE_VAR_DUMP_RANDOM: e6e526495245e843c7532
15.02.2020 17:41:22: _MAKE_VAR_DUMP_CLIENT: n37992a7582772c6c95857f7e3e073c775f951d22
15.02.2020 17:41:22: _DUMPINGPLAYERUIDARRAY: w1f65177a759c49656a5e6c8e671925657d7217595c6f8535
15.02.2020 17:41:22: _CURRENTLYDUMPING: l25075c856a2e409d5217
15.02.2020 17:41:22: _antiantihack_rndvar: g9c1d75202f4c7c78675c
15.02.2020 17:41:22: _name_by_uid: d233f8a72096e6e5a9e85633c
15.02.2020 17:41:22: _owner_by_uid: p7765257e328568945a2d80573e2e658237
15.02.2020 17:41:22: _customcommandingMenu: t4437629e3c6e124f35855c4e1309946e1e1945823f4e903235
15.02.2020 17:41:22: _customcommandingMenuOpen: d2969254d4307725e32891f285a9c2e594073335e
15.02.2020 17:41:22: _AH_KICKLOG: PVAHR_5i5w6g1j0s6i
15.02.2020 17:41:22: ----END-LINE----   (12-01-2020 22-45-36 - v0260)
