10.02.2020 00:03:46: 1h 31min | Disconnected: Nino Marino(76561198206026112 - 6) - time: 5401.59 - serverFPS: 47.3373
10.02.2020 00:35:55: 2h 3min | Disconnected: Donnie Turbo(76561198041233395 - 10) - time: 7330.02 - serverFPS: 45.3258
10.02.2020 00:36:26: 2h 4min | Connected: Donnie Turbo(76561198041233395 - 10) - time: 7361.05 - serverFPS: 45.977
10.02.2020 00:46:20: 2h 14min | Disconnected: Donnie Turbo(76561198041233395 - 10) - time: 7954.08 - serverFPS: 46.2428
10.02.2020 00:46:42: 2h 14min | Connected: Donnie Turbo(76561198041233395 - 10) - time: 7976.73 - serverFPS: 45.584
10.02.2020 00:55:46: 2h 23min | Disconnected: Donnie Turbo(76561198041233395 - 10) - time: 8519.86 - serverFPS: 45.7143
10.02.2020 00:56:03: 2h 24min | Connected: Donnie Turbo(76561198041233395 - 10) - time: 8537.29 - serverFPS: 45.584
10.02.2020 01:01:24: 2h 29min | Connected: WarFire(76561198150464364 - 11) - time: 8858.12 - serverFPS: 47.0588
10.02.2020 01:18:28: 2h 46min | Connected: Jackz(76561198391774624 - 12) - time: 9880.81 - serverFPS: 45.4545
10.02.2020 01:26:56: 2h 54min | Disconnected: Donnie Turbo(76561198041233395 - 10) - time: 10388.6 - serverFPS: 45.4545
10.02.2020 01:30:10: 2h 58min | Disconnected: SEAGINATOR  :)(76561198883479728 - 8) - time: 10582.9 - serverFPS: 45.1977
10.02.2020 01:32:29: 2h 60min | Connected: Rogue Tjay(76561198883479728 - 13) - time: 10722.3 - serverFPS: 45.4545
10.02.2020 01:44:49: 3h 12min | Connected: Low_Poly_Man(76561198137223112 - 14) - time: 11461.4 - serverFPS: 45.4545
10.02.2020 01:50:51: 3h 18min | Connected: Mike Hutchinson(76561198043298972 - 15) - time: 11822.8 - serverFPS: 45.7143
10.02.2020 01:59:28: 3h 27min | Connected: Donnie Turbo(76561198041233395 - 16) - time: 12339.5 - serverFPS: 45.3258
10.02.2020 02:01:38: 3h 29min | Connected: [1k-40] Jose Santana(76561198206026112 - 18) - time: 12468.5 - serverFPS: 46.1095
10.02.2020 02:02:32: 3h 30min | Connected: Sherman(76561198038112694 - 20) - time: 12523 - serverFPS: 45.8453
10.02.2020 02:11:24: 3h 39min | Connected: [3k-66] W.Blades(76561198281290777 - 21) - time: 13054.4 - serverFPS: 46.3768
10.02.2020 02:11:38: 3h 39min | Disconnected: Rogue Tjay(76561198883479728 - 13) - time: 13067.8 - serverFPS: 45.584
10.02.2020 02:14:12: 3h 42min | Disconnected: Mike Hutchinson(76561198043298972 - 15) - time: 13222 - serverFPS: 45.7143
10.02.2020 02:18:08: 3h 46min | Connected: Rogue Tjay(76561198883479728 - 22) - time: 13458.3 - serverFPS: 45.584
10.02.2020 02:47:37: 4h 15min | Connected: Mike Hutchinson(76561198043298972 - 15) - time: 15226.2 - serverFPS: 47.0588
10.02.2020 03:00:35: 4h 28min | Disconnected: Jackz(76561198391774624 - 12) - time: 16003.5 - serverFPS: 45.584
10.02.2020 03:01:04: 4h 29min | Connected: Jackz(76561198391774624 - 12) - time: 16033 - serverFPS: 45.4545
10.02.2020 03:23:21: 4h 51min | Connected: Zander Marino(76561198180893505 - 25) - time: 17370 - serverFPS: 46.9208
10.02.2020 03:27:14: 4h 55min | Connected: Héctor "Lil Loco" Arturo(76561197999316388 - 26) - time: 17602.2 - serverFPS: 45.4545
10.02.2020 03:28:10: 4h 56min | Disconnected: Héctor "Lil Loco" Arturo(76561197999316388 - 26) - time: 17657.7 - serverFPS: 46.7836
10.02.2020 03:43:24: 5h 11min | Connected: luke(76561198264871362 - 28) - time: 18571.5 - serverFPS: 46.1095
10.02.2020 03:49:50: 5h 17min | Connected: Héctor "Lil Loco" Arturo(76561197999316388 - 29) - time: 18958.1 - serverFPS: 46.6472
10.02.2020 03:50:17: 5h 18min | Disconnected: Héctor "Lil Loco" Arturo(76561197999316388 - 29) - time: 18983.6 - serverFPS: 45.584
10.02.2020 03:50:19: 5h 18min | Disconnected: luke(76561198264871362 - 28) - time: 18986.1 - serverFPS: 46.5116
10.02.2020 03:53:21: 5h 21min | Connected: luke(76561198264871362 - 30) - time: 19168.1 - serverFPS: 46.6472
10.02.2020 03:57:28: 5h 25min | Disconnected: luke(76561198264871362 - 30) - time: 19415.2 - serverFPS: 46.1095
10.02.2020 03:58:39: 5h 26min | Connected: luke(76561198264871362 - 31) - time: 19486.3 - serverFPS: 45.7143
10.02.2020 03:59:47: 5h 27min | Disconnected: Rogue Tjay(76561198883479728 - 22) - time: 19553.7 - serverFPS: 45.4545
10.02.2020 04:04:31: 5h 32min | Disconnected: WarFire(76561198150464364 - 11) - time: 19837.4 - serverFPS: 45.7143
10.02.2020 04:04:51: 5h 32min | Disconnected: Zander Marino(76561198180893505 - 25) - time: 19857.2 - serverFPS: 46.2428
10.02.2020 04:07:30: 5h 35min | Disconnected: Low_Poly_Man(76561198137223112 - 14) - time: 20016.7 - serverFPS: 46.5116
10.02.2020 04:08:16: 5h 36min | Connected: Zander Marino(76561198180893505 - 33) - time: 20062.7 - serverFPS: 45.977
10.02.2020 04:08:33: 5h 36min | Disconnected: Jackz(76561198391774624 - 12) - time: 20079.4 - serverFPS: 45.1977
10.02.2020 04:26:34: 5h 54min | Connected: HoyoBani(76561198105940600 - 36) - time: 21159.7 - serverFPS: 45.977
10.02.2020 04:26:35: 5h 54min | Connected: Harold Reginald(76561198355765034 - 35) - time: 21160.6 - serverFPS: 45.584
10.02.2020 04:33:48: 6h 1min | Disconnected: Harold Reginald(76561198355765034 - 35) - time: 21593.6 - serverFPS: 45.7143
10.02.2020 04:34:02: 6h 1min | Connected: Harold Reginald(76561198355765034 - 35) - time: 21608.1 - serverFPS: 46.7836
10.02.2020 04:42:57: 6h 10min | Disconnected: Sherman(76561198038112694 - 20) - time: 22141.6 - serverFPS: 45.4545
10.02.2020 04:45:05: 6h 13min | Connected: Sherman(76561198038112694 - 37) - time: 22269.4 - serverFPS: 45.584
10.02.2020 04:58:04: 6h 26min | Connected: Rick Cheney(76561198860031547 - 38) - time: 23049.2 - serverFPS: 45.1977
10.02.2020 04:58:44: 6h 26min | Connected: Javier Escuella(76561198370210333 - 39) - time: 23088.4 - serverFPS: 45.4545
10.02.2020 05:09:51: 6h 37min | Disconnected: [3k-66] W.Blades(76561198281290777 - 21) - time: 23754.8 - serverFPS: 45.3258
10.02.2020 05:11:24: 6h 39min | Disconnected: Mike Hutchinson(76561198043298972 - 15) - time: 23847.7 - serverFPS: 45.8453
10.02.2020 05:14:29: 6h 42min | Connected: Sergei Kovacic(76561198043298972 - 42) - time: 24032.3 - serverFPS: 45.4545
10.02.2020 05:17:03: 6h 44min | Disconnected: Harold Reginald(76561198355765034 - 35) - time: 24185.6 - serverFPS: 45.584
10.02.2020 05:35:38: 7h 3min | Connected: Joe Montana(76561198368248470 - 43) - time: 25301 - serverFPS: 45.4545
10.02.2020 05:44:22: 7h 12min | Disconnected: Joe Montana(76561198368248470 - 43) - time: 25823.9 - serverFPS: 45.0704
10.02.2020 05:59:37: 7h 27min | Disconnected: luke(76561198264871362 - 31) - time: 26739.2 - serverFPS: 45.7143
10.02.2020 06:22:15: 7h 50min | Disconnected: Donnie Turbo(76561198041233395 - 16) - time: 28097 - serverFPS: 45.0704
10.02.2020 06:22:53: 7h 50min | Connected: AL "BIG AL" GAMBINO(76561198361509989 - 47) - time: 28135.3 - serverFPS: 45.584
10.02.2020 06:49:44: 8h 17min | Disconnected: Sherman(76561198038112694 - 37) - time: 29744.5 - serverFPS: 45.4545
10.02.2020 07:04:48: 8h 32min | Disconnected: HoyoBani(76561198105940600 - 36) - time: 30649 - serverFPS: 45.3258
10.02.2020 07:23:15: 8h 51min | Disconnected: Rick Cheney(76561198860031547 - 38) - time: 31756 - serverFPS: 45.977
10.02.2020 07:23:16: 8h 51min | Disconnected: [1k-40] Jose Santana(76561198206026112 - 18) - time: 31756.5 - serverFPS: 45.7143
10.02.2020 07:23:30: 8h 51min | Disconnected: Zander Marino(76561198180893505 - 33) - time: 31770.3 - serverFPS: 45.3258
10.02.2020 07:26:26: 8h 54min | Connected: John Anderson(76561198180893505 - 48) - time: 31946.7 - serverFPS: 45.584
10.02.2020 07:26:47: 8h 54min | Disconnected: Sergei Kovacic(76561198043298972 - 42) - time: 31966.7 - serverFPS: 45.3258
10.02.2020 07:27:02: 8h 54min | Disconnected: Javier Escuella(76561198370210333 - 39) - time: 31982.2 - serverFPS: 45.3258
10.02.2020 07:33:10: 9h 1min | Connected: Nino Marino(76561198206026112 - 49) - time: 32350.1 - serverFPS: 45.584
10.02.2020 07:40:44: 9h 8min | Disconnected: Nino Marino(76561198206026112 - 49) - time: 32803.3 - serverFPS: 46.3768
10.02.2020 07:41:32: 9h 9min | Connected: Nino Marino(76561198206026112 - 49) - time: 32851.6 - serverFPS: 45.4545
10.02.2020 07:43:47: 9h 11min | Disconnected: Nino Marino(76561198206026112 - 49) - time: 32986.4 - serverFPS: 45.8453
10.02.2020 07:44:25: 9h 12min | Connected: Nino Marino(76561198206026112 - 49) - time: 33024.1 - serverFPS: 45.8453
10.02.2020 08:14:08: 9h 42min | Disconnected: AL "BIG AL" GAMBINO(76561198361509989 - 47) - time: 34806.9 - serverFPS: 46.1095
10.02.2020 08:48:25: 10h 16min | Disconnected: Nino Marino(76561198206026112 - 49) - time: 36864.2 - serverFPS: 45.3258
10.02.2020 09:43:06: 11h 11min | Disconnected: John Anderson(76561198180893505 - 48) - time: 40145.5 - serverFPS: 45.584
10.02.2020 09:43:38: 11h 11min | Connected: John Anderson(76561198180893505 - 48) - time: 40177.5 - serverFPS: 45.4545
10.02.2020 09:53:02: 11h 20min | Disconnected: John Anderson(76561198180893505 - 48) - time: 40740.7 - serverFPS: 45.4545
10.02.2020 17:22:30: 18h 50min | Connected: WarFire(76561198150464364 - 51) - time: 67707.3 - serverFPS: 45.3258
10.02.2020 19:01:05: 20h 29min | Connected: Melvin Bush(76561198083728776 - 52) - time: 73621.4 - serverFPS: 46.9208
10.02.2020 19:11:28: 20h 39min | Connected: AL "BIG AL" GAMBINO(76561198361509989 - 53) - time: 74243.3 - serverFPS: 41.8848
10.02.2020 19:21:52: 20h 49min | Disconnected: Melvin Bush(76561198083728776 - 52) - time: 74867.5 - serverFPS: 45.8453
10.02.2020 19:23:04: 20h 51min | Connected: Rogue Tjay(76561198883479728 - 54) - time: 74939.5 - serverFPS: 45.4545
10.02.2020 19:58:47: 21h 26min | Connected: Sherman(76561198038112694 - 55) - time: 77082.3 - serverFPS: 45.4545
10.02.2020 19:59:08: 21h 27min | Disconnected: Sherman(76561198038112694 - 55) - time: 77103.2 - serverFPS: 45.7143
10.02.2020 19:59:28: 21h 27min | Connected: Sherman(76561198038112694 - 55) - time: 77122.6 - serverFPS: 46.2428
10.02.2020 20:05:04: 21h 33min | Connected: [1k-12] J. Shepard(76561198043298972 - 57) - time: 77458 - serverFPS: 45.584
10.02.2020 20:10:03: 21h 37min | Disconnected: AL "BIG AL" GAMBINO(76561198361509989 - 53) - time: 77756.6 - serverFPS: 45.1977
10.02.2020 20:47:44: 22h 15min | Disconnected: Rogue Tjay(76561198883479728 - 54) - time: 80017 - serverFPS: 47.4777
10.02.2020 20:47:47: 22h 15min | Disconnected: Sherman(76561198038112694 - 55) - time: 80020.7 - serverFPS: 45.3258
10.02.2020 20:48:03: 22h 15min | Disconnected: WarFire(76561198150464364 - 51) - time: 80036.3 - serverFPS: 45.1977
10.02.2020 20:48:21: 22h 16min | Disconnected: [1k-12] J. Shepard(76561198043298972 - 57) - time: 80054.2 - serverFPS: 45.4545
10.02.2020 20:53:57: infiSTAR_PlayerConnected_id: 1
10.02.2020 20:53:57: infiSTAR_PlayerDisconnected_id: 0
10.02.2020 21:06:04: 0h 13min | Connected: AL "BIG AL" GAMBINO(76561198361509989 - 9) - time: 729.826 - serverFPS: 45.584
10.02.2020 21:06:15: 0h 13min | Connected: WarFire(76561198150464364 - 8) - time: 740.173 - serverFPS: 45.3258
10.02.2020 21:11:36: 0h 19min | Connected: Rogue Tjay(76561198883479728 - 10) - time: 1059.93 - serverFPS: 46.5116
10.02.2020 21:34:21: 0h 42min | Disconnected: AL "BIG AL" GAMBINO(76561198361509989 - 9) - time: 2423.89 - serverFPS: 45.7143
10.02.2020 21:43:03: 0h 50min | Connected: AL "BIG AL" GAMBINO(76561198361509989 - 13) - time: 2946.23 - serverFPS: 45.3258
10.02.2020 22:11:20: 1h 19min | Connected: Low_Poly_Man(76561198137223112 - 14) - time: 4642.94 - serverFPS: 45.584
10.02.2020 22:12:23: 1h 20min | Connected: Jbo Marino[201](76561198206026112 - 16) - time: 4705.25 - serverFPS: 45.1977
10.02.2020 22:21:27: 1h 29min | Connected: Joe Montana(76561198368248470 - 17) - time: 5249.06 - serverFPS: 46.1095
10.02.2020 22:29:13: 1h 36min | Connected: Donnie Turbo(76561198041233395 - 18) - time: 5714.49 - serverFPS: 45.977
10.02.2020 23:02:36: 2h 10min | Disconnected: WarFire(76561198150464364 - 8) - time: 7716.51 - serverFPS: 45.7143
10.02.2020 23:17:12: 2h 24min | Connected: Jackz(76561198391774624 - 19) - time: 8592.53 - serverFPS: 45.1977
10.02.2020 23:19:47: 2h 27min | Disconnected: Rogue Tjay(76561198883479728 - 10) - time: 8746.82 - serverFPS: 45.584
10.02.2020 23:22:46: 2h 30min | Connected: WarFire(76561198150464364 - 20) - time: 8926.72 - serverFPS: 45.584
10.02.2020 23:33:16: 2h 40min | Disconnected: Jbo Marino[201](76561198206026112 - 16) - time: 9556.1 - serverFPS: 45.8453
10.02.2020 23:37:37: 2h 45min | Connected: [1k-40] Jose Santana(76561198206026112 - 22) - time: 9817.06 - serverFPS: 45.8453
10.02.2020 23:40:56: 2h 48min | Disconnected: AL "BIG AL" GAMBINO(76561198361509989 - 13) - time: 10015.2 - serverFPS: 46.6472
10.02.2020 23:41:04: 2h 48min | Connected: Amado Carrillo fuentes(76561198354844800 - 23) - time: 10023.2 - serverFPS: 45.977
10.02.2020 23:43:47: 2h 51min | Connected: AL "BIG AL" GAMBINO(76561198361509989 - 24) - time: 10186.3 - serverFPS: 45.584
10.02.2020 23:44:34: 2h 52min | Disconnected: [1k-40] Jose Santana(76561198206026112 - 22) - time: 10232.7 - serverFPS: 45.4545
10.02.2020 23:49:38: 2h 57min | Disconnected: Joe Montana(76561198368248470 - 17) - time: 10536.8 - serverFPS: 45.7143
10.02.2020 23:56:50: 3h 4min | Connected: Joe Montana(76561198368248470 - 25) - time: 10968.8 - serverFPS: 46.2428
