30.01.2020 00:20:28: Wyclef(76561198038112694) CLIENT OWNER ID [18], TOKEN [xmmanx22c56bt4y]
30.01.2020 00:24:12: Eriden Parker(76561198054085448) CLIENT OWNER ID [10], TOKEN [a0yyi5iigekzq4qv3t6]
30.01.2020 00:24:53: Wyclef(76561198038112694) CLIENT OWNER ID [20], TOKEN [pt5lggvz8plcjxx]
30.01.2020 00:36:01: Eriden Parker(76561198054085448) CLIENT OWNER ID [10], TOKEN [pcmc4gm3tyjkqx1]
30.01.2020 00:43:06: Zander Marino(76561198180893505) CLIENT OWNER ID [21], TOKEN [jo9d43rlvwmx835mbyd]
30.01.2020 00:54:22: John Anderson(76561198180893505) CLIENT OWNER ID [23], TOKEN [m7h4wfkfjucqerph]
30.01.2020 00:59:32: AL "BIG AL" GAMBINO(76561198361509989) CLIENT OWNER ID [24], TOKEN [knkh1fjymj5fvnuai]
30.01.2020 01:01:59: Harold Reginald(76561198355765034) CLIENT OWNER ID [26], TOKEN [opfnhpo6vqt3ao4]
30.01.2020 01:17:34: Harold Reginald(76561198355765034) CLIENT OWNER ID [32], TOKEN [h7no7ge3ehhnmta4fj]
30.01.2020 01:22:51: Eriden Parker(76561198054085448) CLIENT OWNER ID [10], TOKEN [ikl5dvbcxqcnbssod]
30.01.2020 01:24:35: Eriden Parker(76561198054085448) CLIENT OWNER ID [10], TOKEN [wtbso7dx2p4h8e071w]
30.01.2020 01:26:08: Eriden Parker(76561198054085448) CLIENT OWNER ID [10], TOKEN [ab8dy65vd75h7xj1qv]
30.01.2020 01:26:32: Boyevik Butch-Mac Volkev(76561198089960350) CLIENT OWNER ID [33], TOKEN [bcf85ek2v8zlp4mtqed]
30.01.2020 01:36:49: Javier Escuella(76561198370210333) CLIENT OWNER ID [35], TOKEN [v4pth231hqkcek]
30.01.2020 01:36:56: [1K-33] R. Tjay(76561198883479728) CLIENT OWNER ID [37], TOKEN [oo7lgt6zttrxumq5qr]
30.01.2020 01:45:27: [1k-40] Jose Santana(76561198206026112) CLIENT OWNER ID [38], TOKEN [tnn4ch28c7br3c2roem]
30.01.2020 01:50:48: Héctor "Lil Loco" Arturo(76561197999316388) CLIENT OWNER ID [34], TOKEN [owm5vmzug8t77l]
30.01.2020 02:00:17: Eddie Spaghetti(76561198046997779) CLIENT OWNER ID [39], TOKEN [coqvd7z87eceefhet]
30.01.2020 02:02:15: Davey Jones(76561198166473448) CLIENT OWNER ID [40], TOKEN [spd302mftpiumy5]
30.01.2020 02:03:36: Javier Escuella(76561198370210333) CLIENT OWNER ID [41], TOKEN [p7tducxtgcpyvw3]
30.01.2020 02:33:55: Jbo Marino[201](76561198206026112) CLIENT OWNER ID [42], TOKEN [iacjcgo7unjow06a]
30.01.2020 02:36:25: [1K-12] J Shepard(76561198043298972) CLIENT OWNER ID [44], TOKEN [u47prakmt3f1wcpqmr]
30.01.2020 02:48:45: Uriah Oxford(76561198027608434) CLIENT OWNER ID [45], TOKEN [xf21lroeog9c8n]
30.01.2020 02:58:15: Stanley Thompson [1K-75](76561198180893505) CLIENT OWNER ID [46], TOKEN [ift4lnxms9xjf1hqe8]
30.01.2020 03:30:19: Matt Volz(76561198119525732) CLIENT OWNER ID [48], TOKEN [hx3x0jog4y4fm6e9xfy]
30.01.2020 03:37:11: Héctor "Lil Loco" Arturo(76561197999316388) CLIENT OWNER ID [49], TOKEN [y20c2bpdu7h7kt8o]
30.01.2020 03:38:33: Carlos F. Diaz(76561197999316388) CLIENT OWNER ID [50], TOKEN [byigl78b3znkgheiy]
30.01.2020 05:32:24: luke(76561198264871362) CLIENT OWNER ID [53], TOKEN [u3d5gunryv4y1wmc48]
30.01.2020 06:25:26: HoyoBani(76561198105940600) CLIENT OWNER ID [56], TOKEN [wei5hr1dzvs3wnoj]
30.01.2020 06:53:56: Nino Marino(76561198206026112) CLIENT OWNER ID [58], TOKEN [k45mj1snz2t9j5w]
30.01.2020 06:58:37: luke(76561198264871362) CLIENT OWNER ID [53], TOKEN [letkujp4yxfl4r0fs]
30.01.2020 07:07:06: Warren Blades(76561198281290777) CLIENT OWNER ID [59], TOKEN [cyi523e14wip2smfa4]
30.01.2020 07:22:34: AL "BIG AL" GAMBINO(76561198361509989) CLIENT OWNER ID [61], TOKEN [xf2a5ttcu1lux7146y]
30.01.2020 07:28:53: luke(76561198264871362) CLIENT OWNER ID [53], TOKEN [pym1mx6tzigrayz2]
30.01.2020 07:31:10: John Anderson(76561198180893505) CLIENT OWNER ID [62], TOKEN [orbnbquwzzt1rk8]
30.01.2020 18:17:22: Eriden Parker(76561198054085448) CLIENT OWNER ID [4], TOKEN [kqsg1vlhyukplvx6]
30.01.2020 18:40:20: George Clean(76561198130285673) CLIENT OWNER ID [5], TOKEN [jfboqh51glz1dyupw3]
30.01.2020 19:45:11: deadrider41(76561198172486071) CLIENT OWNER ID [6], TOKEN [hlf19ci101ytub]
30.01.2020 19:45:33: deadrider41(76561198172486071) CLIENT OWNER ID [6], TOKEN [crpi6u98x8giel7yf]
30.01.2020 19:51:38: deadrider41(76561198172486071) CLIENT OWNER ID [7], TOKEN [b8tz5b3nr7nubox0wja]
30.01.2020 20:32:48: Armed  | on my momma(76561198365314871) CLIENT OWNER ID [9], TOKEN [g72vvu5ktgk3d05jv]
30.01.2020 21:34:03: Donnie Turbo(76561198041233395) CLIENT OWNER ID [10], TOKEN [y1zb41on8pzorpjt]
30.01.2020 22:04:08: Rogue Tjay(76561198883479728) CLIENT OWNER ID [12], TOKEN [nemffjqyv5yx04g0nt]
30.01.2020 22:18:37: Nino Marino(76561198206026112) CLIENT OWNER ID [13], TOKEN [v43wuxfi4ffqcfnc0]
30.01.2020 22:31:08: Donnie Turbo(76561198041233395) CLIENT OWNER ID [10], TOKEN [otjrp5jdztjkzgeh]
30.01.2020 22:42:26: Rogue Tjay(76561198883479728) CLIENT OWNER ID [12], TOKEN [qbt4yubbqow58pyf64]
30.01.2020 22:45:38: Alexander.Rios(76561198037915534) CLIENT OWNER ID [14], TOKEN [adytw1ilzr6lo81r]
30.01.2020 22:50:26: Alexander.Rios(76561198037915534) CLIENT OWNER ID [14], TOKEN [tlhgqtoxygnqwmt6]
30.01.2020 23:16:06: Joe Montana(76561198368248470) CLIENT OWNER ID [16], TOKEN [ps5rpk4uwwduqmxkihx]
30.01.2020 23:27:36: Boyevik Butch-Mac Volkev(76561198089960350) CLIENT OWNER ID [17], TOKEN [nhmwh1slrq98zkjtut8]
30.01.2020 23:34:00: [1K-12] J Shepard(76561198043298972) CLIENT OWNER ID [18], TOKEN [yrkh3bxs7463ziwoh]
