02.03.2020 05:01:59: infiSTAR_PlayerConnected_id: 1
02.03.2020 05:01:59: infiSTAR_PlayerDisconnected_id: 0
02.03.2020 15:33:56: 10h 33min | Connected: Axel Wolfe(76561198091943121 - 9) - time: 37919.1 - serverFPS: 46.2428
02.03.2020 15:36:53: 10h 36min | Disconnected: Axel Wolfe(76561198091943121 - 9) - time: 38096.6 - serverFPS: 45.584
02.03.2020 15:38:15: 10h 37min | Connected: Axel Wolfe(76561198091943121 - 10) - time: 38177.4 - serverFPS: 46.1095
02.03.2020 16:01:31: 11h 1min | Disconnected: Axel Wolfe(76561198091943121 - 10) - time: 39573.7 - serverFPS: 45.4545
02.03.2020 16:24:27: 11h 24min | Connected: WarFire(76561198150464364 - 11) - time: 40949.4 - serverFPS: 46.1095
02.03.2020 16:30:21: 11h 30min | Connected: Low_Poly_Man(76561198137223112 - 12) - time: 41303.1 - serverFPS: 47.1976
02.03.2020 16:55:48: 11h 55min | Connected: Robert Kennedy(76561198083728776 - 16) - time: 42829.8 - serverFPS: 45.4545
02.03.2020 16:55:52: 11h 55min | Disconnected: WarFire(76561198150464364 - 11) - time: 42833.2 - serverFPS: 44.8179
02.03.2020 16:55:55: 11h 55min | Disconnected: Low_Poly_Man(76561198137223112 - 12) - time: 42836.8 - serverFPS: 45.4545
02.03.2020 16:56:33: 11h 56min | Connected: William(76561198213286991 - 17) - time: 42874 - serverFPS: 45.7143
02.03.2020 16:57:31: 11h 57min | Disconnected: Robert Kennedy(76561198083728776 - 16) - time: 42932.2 - serverFPS: 45.7143
02.03.2020 16:58:50: 11h 58min | Disconnected: William(76561198213286991 - 17) - time: 43010.4 - serverFPS: 45.7143
02.03.2020 17:02:01: infiSTAR_PlayerConnected_id: 1
02.03.2020 17:02:01: infiSTAR_PlayerDisconnected_id: 0
02.03.2020 17:14:57: 0h 14min | Connected: William Romano(76561198149474498 - 5) - time: 778.386 - serverFPS: 46.3768
02.03.2020 17:27:08: 0h 26min | Connected: Donnie Turbo(76561198041233395 - 6) - time: 1509.38 - serverFPS: 45.7143
02.03.2020 17:27:19: 0h 26min | Connected: John Anderson(76561198180893505 - 7) - time: 1519.72 - serverFPS: 45.4545
02.03.2020 17:28:23: 0h 28min | Disconnected: William Romano(76561198149474498 - 5) - time: 1583.56 - serverFPS: 45.4545
02.03.2020 17:28:41: 0h 28min | Connected: William Romano(76561198149474498 - 5) - time: 1601.24 - serverFPS: 45.7143
02.03.2020 17:31:38: 0h 31min | Connected: Low_Poly_Man(76561198137223112 - 8) - time: 1777.9 - serverFPS: 47.1976
02.03.2020 17:32:00: 0h 31min | Connected: WarFire(76561198150464364 - 9) - time: 1790.24 - serverFPS: 45.7143
02.03.2020 17:37:54: 0h 37min | Connected: [1k-40] Jose Santana(76561198206026112 - 10) - time: 2136.47 - serverFPS: 46.3768
02.03.2020 17:56:35: 0h 56min | Connected: Chee Ghost(76561199028114643 - 11) - time: 3251.2 - serverFPS: 46.5116
02.03.2020 18:05:52: 1h 5min | Connected: S.Kingston(76561198046640450 - 12) - time: 3799.91 - serverFPS: 45.4545
02.03.2020 18:06:18: 1h 5min | Connected: Peppe Valachi(76561198272370927 - 13) - time: 3825.92 - serverFPS: 46.3768
02.03.2020 18:08:30: 1h 8min | Disconnected: Chee Ghost(76561199028114643 - 11) - time: 3957.96 - serverFPS: 33.9703
02.03.2020 18:09:01: 1h 8min | Connected: William(76561198213286991 - 14) - time: 3988.08 - serverFPS: 45.8453
02.03.2020 18:11:20: 1h 10min | Connected: Chee Ghost(76561199028114643 - 15) - time: 4123.36 - serverFPS: 45.584
02.03.2020 18:18:04: 1h 17min | Disconnected: Peppe Valachi(76561198272370927 - 13) - time: 4526.4 - serverFPS: 46.3768
02.03.2020 18:21:30: 1h 21min | Connected: Ryan Johnson(76561198272370927 - 16) - time: 4730.38 - serverFPS: 23.3236
02.03.2020 18:21:31: 1h 21min | Disconnected: John Anderson(76561198180893505 - 7) - time: 4731.93 - serverFPS: 46.2428
02.03.2020 18:23:58: 1h 23min | Connected: Zander Marino(76561198180893505 - 18) - time: 4876.78 - serverFPS: 45.8453
02.03.2020 18:24:28: 1h 24min | Connected: Axel Wolfe(76561198091943121 - 17) - time: 4906.92 - serverFPS: 46.7836
02.03.2020 18:31:19: 1h 30min | Disconnected: Chee Ghost(76561199028114643 - 15) - time: 5313.62 - serverFPS: 46.6472
02.03.2020 18:34:37: 1h 34min | Connected: Chee Ghost(76561199028114643 - 19) - time: 5507 - serverFPS: 45.7143
02.03.2020 18:36:43: 1h 36min | Connected: luke(76561198264871362 - 20) - time: 5631.27 - serverFPS: 46.1095
02.03.2020 18:38:44: 1h 38min | Disconnected: luke(76561198264871362 - 20) - time: 5743.61 - serverFPS: 46.2428
02.03.2020 18:46:41: 1h 46min | Disconnected: Zander Marino(76561198180893505 - 18) - time: 6215.4 - serverFPS: 45.584
02.03.2020 18:50:23: 1h 50min | Connected: Zander Marino(76561198180893505 - 22) - time: 6436.21 - serverFPS: 45.7143
02.03.2020 18:52:31: 1h 52min | Connected: luke(76561198264871362 - 23) - time: 6564.02 - serverFPS: 46.2428
02.03.2020 18:55:36: 1h 55min | Disconnected: luke(76561198264871362 - 23) - time: 6748.09 - serverFPS: 45.8453
02.03.2020 19:00:23: 1h 60min | Connected: luke(76561198264871362 - 25) - time: 7034.15 - serverFPS: 46.3768
02.03.2020 19:00:25: 1h 60min | Connected: Amado Carrillo fuentes(76561198354844800 - 24) - time: 7035.56 - serverFPS: 46.2428
02.03.2020 19:23:00: 2h 22min | Disconnected: luke(76561198264871362 - 25) - time: 8388.9 - serverFPS: 45.4545
02.03.2020 19:29:31: 2h 29min | Connected: luke(76561198264871362 - 27) - time: 8780.04 - serverFPS: 45.584
02.03.2020 19:32:03: 2h 31min | Disconnected: Amado Carrillo fuentes(76561198354844800 - 24) - time: 8931.3 - serverFPS: 45.8453
02.03.2020 19:32:21: 2h 32min | Connected: Amado Carrillo fuentes(76561198354844800 - 24) - time: 8949.49 - serverFPS: 45.584
02.03.2020 19:34:00: 2h 33min | Disconnected: Amado Carrillo fuentes(76561198354844800 - 24) - time: 9048.34 - serverFPS: 45.3258
02.03.2020 19:35:49: 2h 35min | Disconnected: Chee Ghost(76561199028114643 - 19) - time: 9157.43 - serverFPS: 45.584
02.03.2020 19:38:25: 2h 38min | Connected: Chee Ghost(76561199028114643 - 28) - time: 9312.98 - serverFPS: 46.2428
02.03.2020 19:45:46: 2h 45min | Connected: Amado Carrillo fuentes(76561198354844800 - 29) - time: 9753.61 - serverFPS: 45.584
02.03.2020 20:00:58: 3h 0min | Disconnected: Chee Ghost(76561199028114643 - 28) - time: 10664.6 - serverFPS: 45.8453
02.03.2020 20:01:00: 3h 0min | Disconnected: WarFire(76561198150464364 - 9) - time: 10667.1 - serverFPS: 45.8453
02.03.2020 20:03:47: 3h 3min | Connected: Chee Ghost(76561199028114643 - 30) - time: 10833.9 - serverFPS: 45.0704
02.03.2020 20:05:58: 3h 5min | Disconnected: Chee Ghost(76561199028114643 - 30) - time: 10964.6 - serverFPS: 45.4545
02.03.2020 20:06:51: 3h 6min | Connected: Harold Reginald(76561198355765034 - 32) - time: 11018.1 - serverFPS: 45.7143
02.03.2020 20:07:08: 3h 6min | Disconnected: Axel Wolfe(76561198091943121 - 17) - time: 11034.9 - serverFPS: 46.6472
02.03.2020 20:08:01: 3h 7min | Disconnected: Harold Reginald(76561198355765034 - 32) - time: 11087.5 - serverFPS: 45.3258
02.03.2020 20:08:16: 3h 7min | Connected: K-12 J. Shepard(76561198043298972 - 33) - time: 11102.4 - serverFPS: 45.584
02.03.2020 20:17:36: 3h 17min | Disconnected: K-12 J. Shepard(76561198043298972 - 33) - time: 11661.2 - serverFPS: 45.7143
02.03.2020 20:25:55: 3h 25min | Disconnected: Low_Poly_Man(76561198137223112 - 8) - time: 12161 - serverFPS: 45.7143
02.03.2020 20:41:42: 3h 41min | Disconnected: [1k-40] Jose Santana(76561198206026112 - 10) - time: 13107.7 - serverFPS: 46.2428
02.03.2020 20:47:57: 3h 47min | Disconnected: William Romano(76561198149474498 - 5) - time: 13482.6 - serverFPS: 45.8453
02.03.2020 20:53:38: 3h 53min | Connected: Nino Marino(76561198206026112 - 34) - time: 13823.5 - serverFPS: 46.3768
02.03.2020 21:27:55: 4h 27min | Disconnected: Amado Carrillo fuentes(76561198354844800 - 29) - time: 15878.2 - serverFPS: 46.2428
02.03.2020 21:38:22: 4h 38min | Disconnected: S.Kingston(76561198046640450 - 12) - time: 16506 - serverFPS: 46.3768
02.03.2020 21:39:03: 4h 38min | Disconnected: William(76561198213286991 - 14) - time: 16546.6 - serverFPS: 46.1095
02.03.2020 21:42:00: 4h 41min | Disconnected: Nino Marino(76561198206026112 - 34) - time: 16723.3 - serverFPS: 46.3768
02.03.2020 21:49:27: 4h 49min | Disconnected: Ryan Johnson(76561198272370927 - 16) - time: 17168.6 - serverFPS: 45.977
02.03.2020 22:10:13: 5h 9min | Disconnected: luke(76561198264871362 - 27) - time: 18414.4 - serverFPS: 46.1095
02.03.2020 22:42:01: 5h 41min | Disconnected: Zander Marino(76561198180893505 - 22) - time: 20322.2 - serverFPS: 47.0588
02.03.2020 22:49:16: 5h 48min | Disconnected: Donnie Turbo(76561198041233395 - 6) - time: 20756.9 - serverFPS: 46.5116
02.03.2020 22:49:54: 5h 49min | Connected: Donnie Turbo(76561198041233395 - 6) - time: 20795.2 - serverFPS: 45.977
02.03.2020 23:16:28: 6h 16min | Disconnected: Donnie Turbo(76561198041233395 - 6) - time: 22388.9 - serverFPS: 45.7143
