24.01.2020 01:36:06: 27h 56min | Disconnected: Donnie Turbo(76561198041233395 - 15) - time: 100491 - serverFPS: 46.1095
24.01.2020 01:36:44: 27h 57min | Connected: Donnie Turbo(76561198041233395 - 15) - time: 100528 - serverFPS: 45.584
24.01.2020 01:39:21: 27h 59min | Disconnected: Donnie Turbo(76561198041233395 - 15) - time: 100685 - serverFPS: 46.2428
24.01.2020 01:39:39: 27h 60min | Connected: Donnie Turbo(76561198041233395 - 15) - time: 100703 - serverFPS: 45.3258
24.01.2020 01:58:37: 28h 19min | Disconnected: Donnie Turbo(76561198041233395 - 15) - time: 101841 - serverFPS: 46.3768
24.01.2020 01:59:19: 28h 19min | Disconnected: [1k-40] Jose Santana(76561198206026112 - 17) - time: 101883 - serverFPS: 45.3258
24.01.2020 20:48:28: 47h 9min | Connected: jase poopyhead(76561198033160260 - 18) - time: 169626 - serverFPS: 46.5116
24.01.2020 21:47:24: 48h 7min | Disconnected: jase poopyhead(76561198033160260 - 18) - time: 173161 - serverFPS: 45.977
24.01.2020 21:49:14: 48h 9min | Connected: jase poopyhead(76561198033160260 - 18) - time: 173272 - serverFPS: 46.3768
24.01.2020 21:49:34: 48h 10min | Disconnected: jase poopyhead(76561198033160260 - 18) - time: 173291 - serverFPS: 46.6472
24.01.2020 22:00:56: 48h 21min | Connected: jase poopyhead(76561198033160260 - 18) - time: 173973 - serverFPS: 46.9208
24.01.2020 22:27:23: 48h 47min | Connected: Donnie Turbo(76561198041233395 - 19) - time: 175560 - serverFPS: 45.8453
24.01.2020 22:32:02: infiSTAR_PlayerConnected_id: 1
24.01.2020 22:32:02: infiSTAR_PlayerDisconnected_id: 0
24.01.2020 22:36:56: 0h 6min | Connected: Donnie Turbo(76561198041233395 - 4) - time: 296.497 - serverFPS: 46.1095
24.01.2020 22:41:18: 0h 10min | Connected: Boyevik Butch-Mac Volkev(76561198089960350 - 6) - time: 558.892 - serverFPS: 46.1095
24.01.2020 22:43:28: 0h 13min | Connected: jase poopyhead(76561198033160260 - 7) - time: 688.023 - serverFPS: 45.4545
24.01.2020 22:46:41: 0h 16min | Connected: luke(76561198264871362 - 5) - time: 881.293 - serverFPS: 45.3258
24.01.2020 22:47:48: 0h 17min | Disconnected: luke(76561198264871362 - 5) - time: 947.639 - serverFPS: 45.8453
24.01.2020 22:56:07: 0h 25min | Connected: luke(76561198264871362 - 9) - time: 1446.21 - serverFPS: 45.4545
24.01.2020 22:58:48: 0h 28min | Connected: [1k-40] Jose Santana(76561198206026112 - 11) - time: 1606.89 - serverFPS: 47.0588
24.01.2020 23:06:34: 0h 36min | Connected: HoyoBani(76561198105940600 - 12) - time: 2073.13 - serverFPS: 46.1095
24.01.2020 23:09:19: 0h 38min | Disconnected: luke(76561198264871362 - 9) - time: 2237.49 - serverFPS: 45.8453
24.01.2020 23:11:59: 0h 41min | Connected: Rogue Tjay(76561198883479728 - 14) - time: 2397.41 - serverFPS: 45.7143
24.01.2020 23:30:44: 0h 60min | Connected: luke(76561198264871362 - 15) - time: 3521.85 - serverFPS: 45.7143
24.01.2020 23:35:19: 1h 4min | Disconnected: Donnie Turbo(76561198041233395 - 4) - time: 3796.77 - serverFPS: 46.1095
24.01.2020 23:38:06: 1h 7min | Connected: Donnie Turbo(76561198041233395 - 17) - time: 3964.06 - serverFPS: 45.584
24.01.2020 23:55:28: 1h 25min | Disconnected: luke(76561198264871362 - 15) - time: 5004.94 - serverFPS: 45.4545
24.01.2020 23:55:49: 1h 25min | Connected: luke(76561198264871362 - 15) - time: 5026.51 - serverFPS: 45.7143
