22.01.2020 00:58:25: 17h 0min | Disconnected: Alexander.Rios(76561198037915534 - 6) - time: 61160.3 - serverFPS: 46.1095
22.01.2020 01:19:46: 17h 22min | Connected: Donnie Turbo(76561198041233395 - 8) - time: 62442.3 - serverFPS: 46.7836
22.01.2020 01:35:12: 17h 37min | Connected: Nino Marino(76561198206026112 - 9) - time: 63367.2 - serverFPS: 46.7836
22.01.2020 01:46:10: 17h 48min | Connected: [1K-33] R. Tjay(76561198883479728 - 11) - time: 64024.9 - serverFPS: 46.5116
22.01.2020 01:58:56: 18h 1min | Connected: Stanley Thompson [1K-75](76561198180893505 - 12) - time: 64790.6 - serverFPS: 46.2428
22.01.2020 02:26:10: 18h 28min | Connected: luke(76561198264871362 - 17) - time: 66423.7 - serverFPS: 45.8453
22.01.2020 02:30:13: 18h 32min | Disconnected: [1K-33] R. Tjay(76561198883479728 - 11) - time: 66665.5 - serverFPS: 45.7143
22.01.2020 02:38:44: 18h 41min | Disconnected: Stanley Thompson [1K-75](76561198180893505 - 12) - time: 67176.9 - serverFPS: 45.3258
22.01.2020 03:04:59: 19h 7min | Disconnected: luke(76561198264871362 - 17) - time: 68751.4 - serverFPS: 46.5116
22.01.2020 03:10:40: 19h 13min | Connected: Stanley Thompson [1K-75](76561198180893505 - 19) - time: 69092.8 - serverFPS: 45.4545
22.01.2020 03:14:30: 19h 17min | Connected: luke(76561198264871362 - 20) - time: 69322.2 - serverFPS: 45.977
22.01.2020 03:24:00: 19h 26min | Connected: William Jones(76561198166473448 - 22) - time: 69891.4 - serverFPS: 46.9208
22.01.2020 03:29:40: 19h 32min | Disconnected: luke(76561198264871362 - 20) - time: 70230.6 - serverFPS: 45.584
22.01.2020 03:31:29: 19h 34min | Connected: luke(76561198264871362 - 23) - time: 70339.9 - serverFPS: 46.3768
22.01.2020 03:35:38: 19h 38min | Disconnected: William Jones(76561198166473448 - 22) - time: 70589.1 - serverFPS: 45.4545
22.01.2020 03:36:37: 19h 39min | Disconnected: luke(76561198264871362 - 23) - time: 70647.5 - serverFPS: 45.977
22.01.2020 03:37:12: 19h 39min | Connected: William Jones(76561198166473448 - 24) - time: 70682.3 - serverFPS: 46.5116
22.01.2020 03:39:23: 19h 41min | Connected: luke(76561198264871362 - 25) - time: 70812.7 - serverFPS: 46.5116
22.01.2020 03:40:35: 19h 43min | Connected: Eriden Parker(76561198054085448 - 26) - time: 70884.9 - serverFPS: 45.8453
22.01.2020 03:46:04: 19h 48min | Disconnected: Nino Marino(76561198206026112 - 9) - time: 71213.5 - serverFPS: 45.7143
22.01.2020 03:47:17: 19h 49min | Connected: [1k-40] Jose Santana(76561198206026112 - 27) - time: 71286.7 - serverFPS: 45.4545
22.01.2020 04:11:39: 20h 14min | Disconnected: William Jones(76561198166473448 - 24) - time: 72748.8 - serverFPS: 45.4545
22.01.2020 04:54:57: 20h 57min | Disconnected: Donnie Turbo(76561198041233395 - 8) - time: 75346.2 - serverFPS: 46.2428
22.01.2020 04:56:27: 20h 58min | Disconnected: [1k-40] Jose Santana(76561198206026112 - 27) - time: 75435.9 - serverFPS: 46.3768
22.01.2020 04:56:57: 20h 59min | Disconnected: Stanley Thompson [1K-75](76561198180893505 - 19) - time: 75466.3 - serverFPS: 46.9208
22.01.2020 04:57:15: 20h 59min | Disconnected: luke(76561198264871362 - 25) - time: 75484.3 - serverFPS: 45.977
22.01.2020 21:41:02: infiSTAR_PlayerConnected_id: 1
22.01.2020 21:41:02: infiSTAR_PlayerDisconnected_id: 0
22.01.2020 23:54:27: 2h 15min | Connected: Donnie Turbo(76561198041233395 - 4) - time: 8008.16 - serverFPS: 45.584
