03.02.2020 00:21:56: 2h 57min | Connected: [1K-12] J Shepard(76561198043298972 - 26) - time: 10566.5 - serverFPS: 45.7143
03.02.2020 00:24:40: 2h 60min | Connected: AL "BIG AL" GAMBINO(76561198361509989 - 27) - time: 10729.6 - serverFPS: 45.584
03.02.2020 00:25:12: 3h 1min | Disconnected: Zander Marino(76561198180893505 - 22) - time: 10762.1 - serverFPS: 45.8453
03.02.2020 00:32:12: 3h 8min | Disconnected: Thomas Woods(76561198174871239 - 14) - time: 11182 - serverFPS: 45.7143
03.02.2020 00:33:25: 3h 9min | Connected: Thomas Woods(76561198174871239 - 14) - time: 11254.3 - serverFPS: 45.4545
03.02.2020 00:36:00: 3h 11min | Disconnected: luke(76561198264871362 - 17) - time: 11408.4 - serverFPS: 47.0588
03.02.2020 00:36:27: 3h 12min | Connected: Zander Marino(76561198180893505 - 29) - time: 11436.3 - serverFPS: 45.7143
03.02.2020 00:36:34: 3h 12min | Connected: luke(76561198264871362 - 17) - time: 11442.9 - serverFPS: 45.584
03.02.2020 00:39:18: 3h 15min | Disconnected: Zander Marino(76561198180893505 - 29) - time: 11607 - serverFPS: 45.8453
03.02.2020 00:41:48: 3h 17min | Connected: Zander Marino(76561198180893505 - 30) - time: 11756.3 - serverFPS: 45.7143
03.02.2020 00:51:53: 3h 27min | Connected: mr.bean(76561198883479728 - 31) - time: 12361.3 - serverFPS: 45.7143
03.02.2020 00:53:11: 3h 29min | Disconnected: [1K-12] J Shepard(76561198043298972 - 26) - time: 12438.9 - serverFPS: 45.4545
03.02.2020 00:56:31: 3h 32min | Disconnected: Zander Marino(76561198180893505 - 30) - time: 12638.6 - serverFPS: 45.7143
03.02.2020 01:11:30: 3h 47min | Disconnected: Donnie Turbo(76561198041233395 - 24) - time: 13538.1 - serverFPS: 45.8453
03.02.2020 01:13:48: 3h 49min | Connected: Donnie Turbo(76561198041233395 - 32) - time: 13675.4 - serverFPS: 46.1095
03.02.2020 01:19:09: 3h 54min | Connected: Alexander.Rios(76561198037915534 - 33) - time: 13995.5 - serverFPS: 46.3768
03.02.2020 01:23:10: 3h 58min | Disconnected: [RMC] Tabed(76561198123697713 - 9) - time: 14236.5 - serverFPS: 46.1095
03.02.2020 01:24:28: 3h 60min | Connected: Joe Montana(76561198368248470 - 34) - time: 14314.2 - serverFPS: 45.7143
03.02.2020 01:28:35: 4h 4min | Connected: [RMC] Tabed(76561198123697713 - 35) - time: 14561.2 - serverFPS: 45.3258
03.02.2020 01:32:11: 4h 7min | Connected: Zander Marino(76561198180893505 - 30) - time: 14776.1 - serverFPS: 45.3258
03.02.2020 01:52:44: 4h 28min | Disconnected: Alexander.Rios(76561198037915534 - 33) - time: 16009 - serverFPS: 45.7143
03.02.2020 01:53:10: 4h 28min | Connected: Alexander.Rios(76561198037915534 - 33) - time: 16034.8 - serverFPS: 45.584
03.02.2020 01:56:43: 4h 32min | Disconnected: Thomas Woods(76561198174871239 - 14) - time: 16248 - serverFPS: 39.312
03.02.2020 02:11:36: 4h 47min | Disconnected: Joe Montana(76561198368248470 - 34) - time: 17140.3 - serverFPS: 45.4545
03.02.2020 02:14:37: 4h 50min | Disconnected: AL "BIG AL" GAMBINO(76561198361509989 - 27) - time: 17321.3 - serverFPS: 45.977
03.02.2020 02:15:35: 4h 51min | Disconnected: mr.bean(76561198883479728 - 31) - time: 17379.7 - serverFPS: 45.1977
03.02.2020 02:17:14: 4h 53min | Disconnected: Zander Marino(76561198180893505 - 30) - time: 17478.6 - serverFPS: 46.2428
03.02.2020 02:18:10: 4h 53min | Disconnected: Robert Kennedy(76561198083728776 - 4) - time: 17534.6 - serverFPS: 45.3258
03.02.2020 02:20:26: 4h 56min | Connected: John Anderson(76561198180893505 - 38) - time: 17670.5 - serverFPS: 45.584
03.02.2020 02:50:11: 5h 26min | Connected: [1K-12] J Shepard(76561198043298972 - 39) - time: 19454.1 - serverFPS: 46.5116
03.02.2020 03:18:56: 5h 54min | Disconnected: Nino Marino(76561198206026112 - 12) - time: 21178.3 - serverFPS: 46.3768
03.02.2020 03:20:11: 5h 56min | Connected: [1k-40] Jose Santana(76561198206026112 - 40) - time: 21254 - serverFPS: 45.584
03.02.2020 03:48:08: 6h 23min | Disconnected: [1K-12] J Shepard(76561198043298972 - 39) - time: 22930.9 - serverFPS: 45.4545
03.02.2020 03:50:18: 6h 26min | Connected: [1K-12] J Shepard(76561198043298972 - 41) - time: 23059.8 - serverFPS: 45.977
03.02.2020 04:04:38: 6h 40min | Disconnected: Alexander.Rios(76561198037915534 - 33) - time: 23919.7 - serverFPS: 45.4545
03.02.2020 04:08:07: 6h 43min | Connected: Alexander.Rios(76561198037915534 - 42) - time: 24128.5 - serverFPS: 46.1095
03.02.2020 04:10:46: 6h 46min | Disconnected: S.Kingston(76561198046640450 - 23) - time: 24287 - serverFPS: 46.2428
03.02.2020 04:11:03: 6h 46min | Disconnected: luke(76561198264871362 - 17) - time: 24304.4 - serverFPS: 45.584
03.02.2020 04:18:12: 6h 54min | Connected: luke(76561198264871362 - 43) - time: 24733.2 - serverFPS: 45.977
03.02.2020 04:31:50: 7h 7min | Connected: Doug Dimmadont(76561198083728776 - 45) - time: 25550.6 - serverFPS: 46.1095
03.02.2020 04:36:56: 7h 12min | Connected: Dan Dimmadont(76561198860031547 - 46) - time: 25856.5 - serverFPS: 45.1977
03.02.2020 04:37:00: 7h 12min | Disconnected: Dan Dimmadont(76561198860031547 - 46) - time: 25860.3 - serverFPS: 45.977
03.02.2020 04:45:29: 7h 21min | Connected: Dan Dimmadont(76561198860031547 - 49) - time: 26368.7 - serverFPS: 45.584
03.02.2020 04:45:31: 7h 21min | Disconnected: Dan Dimmadont(76561198860031547 - 49) - time: 26371.5 - serverFPS: 46.2428
03.02.2020 04:46:20: 7h 22min | Connected: Dan Dimmadont(76561198860031547 - 49) - time: 26420.4 - serverFPS: 45.584
03.02.2020 04:46:22: 7h 22min | Disconnected: Dan Dimmadont(76561198860031547 - 49) - time: 26422.4 - serverFPS: 45.0704
03.02.2020 04:49:52: 7h 25min | Connected: Javier Escuella(76561198370210333 - 50) - time: 26632.3 - serverFPS: 45.977
03.02.2020 04:53:20: 7h 29min | Connected: Dan Dimmadont(76561198860031547 - 51) - time: 26839.7 - serverFPS: 45.4545
03.02.2020 05:23:13: 7h 59min | Disconnected: Alexander.Rios(76561198037915534 - 42) - time: 28631.2 - serverFPS: 45.584
03.02.2020 05:36:26: 8h 12min | Disconnected: luke(76561198264871362 - 43) - time: 29424.4 - serverFPS: 46.6472
03.02.2020 05:39:03: 8h 14min | Disconnected: Donnie Turbo(76561198041233395 - 32) - time: 29580.7 - serverFPS: 46.1095
03.02.2020 05:44:58: 8h 20min | Disconnected: [RMC] Tabed(76561198123697713 - 35) - time: 29935.4 - serverFPS: 45.4545
03.02.2020 05:46:28: 8h 22min | Connected: [RMC] Tabed(76561198123697713 - 54) - time: 30025.9 - serverFPS: 46.5116
03.02.2020 05:47:10: 8h 22min | Disconnected: [RMC] Tabed(76561198123697713 - 54) - time: 30068 - serverFPS: 46.1095
03.02.2020 05:52:18: 8h 28min | Connected: [RMC] Tabed(76561198123697713 - 55) - time: 30375.7 - serverFPS: 45.977
03.02.2020 05:52:38: 8h 28min | Connected: HoyoBani(76561198105940600 - 56) - time: 30395.5 - serverFPS: 46.2428
03.02.2020 06:36:18: 9h 12min | Connected: AL "BIG AL" GAMBINO(76561198361509989 - 57) - time: 33015.7 - serverFPS: 45.7143
03.02.2020 06:41:51: 9h 17min | Connected: Wyclef(76561198038112694 - 58) - time: 33348.1 - serverFPS: 45.4545
03.02.2020 07:10:56: 9h 46min | Connected: Warren Blades(76561198281290777 - 59) - time: 35092.2 - serverFPS: 46.3768
03.02.2020 07:14:55: 9h 50min | Disconnected: [RMC] Tabed(76561198123697713 - 55) - time: 35330.8 - serverFPS: 45.584
03.02.2020 07:40:08: 10h 15min | Disconnected: [1K-12] J Shepard(76561198043298972 - 41) - time: 36844.3 - serverFPS: 45.584
03.02.2020 07:43:37: 10h 19min | Disconnected: AL "BIG AL" GAMBINO(76561198361509989 - 57) - time: 37052.1 - serverFPS: 46.1095
03.02.2020 07:45:13: 10h 21min | Disconnected: Javier Escuella(76561198370210333 - 50) - time: 37148.9 - serverFPS: 45.8453
03.02.2020 07:58:03: 10h 33min | Disconnected: Wyclef(76561198038112694 - 58) - time: 37918.6 - serverFPS: 45.977
03.02.2020 08:00:36: 10h 36min | Disconnected: Doug Dimmadont(76561198083728776 - 45) - time: 38072.1 - serverFPS: 45.4545
03.02.2020 08:06:04: 10h 41min | Disconnected: Dan Dimmadont(76561198860031547 - 51) - time: 38399.2 - serverFPS: 45.584
03.02.2020 08:12:47: 10h 48min | Disconnected: HoyoBani(76561198105940600 - 56) - time: 38802.1 - serverFPS: 45.584
03.02.2020 08:25:25: 11h 1min | Disconnected: John Anderson(76561198180893505 - 38) - time: 39560.4 - serverFPS: 45.584
03.02.2020 08:25:26: 11h 1min | Disconnected: [1k-40] Jose Santana(76561198206026112 - 40) - time: 39561.1 - serverFPS: 45.8453
03.02.2020 08:25:33: 11h 1min | Disconnected: Warren Blades(76561198281290777 - 59) - time: 39568.1 - serverFPS: 45.8453
03.02.2020 09:14:21: infiSTAR_PlayerConnected_id: 1
03.02.2020 09:14:21: infiSTAR_PlayerDisconnected_id: 0
03.02.2020 09:18:50: infiSTAR_PlayerConnected_id: 1
03.02.2020 09:18:50: infiSTAR_PlayerDisconnected_id: 0
03.02.2020 09:19:45: 0h 2min | Connected: HoyoBani(76561198105940600 - 4) - time: 58.54 - serverFPS: 46.2428
03.02.2020 09:26:12: 0h 8min | Connected: Boyevik Butch-Mac Volkev(76561198089960350 - 5) - time: 443.725 - serverFPS: 47.0588
03.02.2020 09:46:20: 0h 29min | Disconnected: HoyoBani(76561198105940600 - 4) - time: 1650.97 - serverFPS: 45.3258
03.02.2020 09:51:30: infiSTAR_PlayerConnected_id: 1
03.02.2020 09:51:30: infiSTAR_PlayerDisconnected_id: 0
03.02.2020 18:18:00: 8h 28min | Connected: S.Kingston(76561198046640450 - 4) - time: 30392.7 - serverFPS: 45.584
03.02.2020 18:35:47: 8h 45min | Disconnected: S.Kingston(76561198046640450 - 4) - time: 31459.9 - serverFPS: 47.3373
03.02.2020 18:36:05: 8h 46min | Connected: S.Kingston(76561198046640450 - 4) - time: 31477.2 - serverFPS: 45.7143
03.02.2020 19:09:31: 9h 19min | Disconnected: S.Kingston(76561198046640450 - 4) - time: 33483.2 - serverFPS: 41.8848
03.02.2020 19:19:15: 9h 29min | Connected: S.Kingston(76561198046640450 - 5) - time: 34036.7 - serverFPS: 45.584
03.02.2020 19:33:05: 9h 43min | Disconnected: S.Kingston(76561198046640450 - 5) - time: 34866.4 - serverFPS: 45.977
03.02.2020 19:33:19: 9h 43min | Connected: S.Kingston(76561198046640450 - 5) - time: 34880.3 - serverFPS: 46.1095
03.02.2020 19:42:14: 9h 52min | Disconnected: S.Kingston(76561198046640450 - 5) - time: 35415.7 - serverFPS: 46.2428
03.02.2020 20:11:11: 10h 21min | Connected: George Clean(76561198130285673 - 6) - time: 37152.8 - serverFPS: 45.7143
03.02.2020 20:13:24: 10h 23min | Connected: deadrider41(76561198172486071 - 7) - time: 37285.4 - serverFPS: 45.7143
03.02.2020 21:21:18: 11h 31min | Connected: AL "BIG AL" GAMBINO(76561198361509989 - 9) - time: 41358.9 - serverFPS: 45.8453
03.02.2020 21:37:14: 11h 47min | Disconnected: AL "BIG AL" GAMBINO(76561198361509989 - 9) - time: 42314.6 - serverFPS: 46.3768
03.02.2020 21:37:41: 11h 47min | Connected: AL "BIG AL" GAMBINO(76561198361509989 - 9) - time: 42341.5 - serverFPS: 45.8453
03.02.2020 21:38:19: 11h 48min | Disconnected: AL "BIG AL" GAMBINO(76561198361509989 - 9) - time: 42378.6 - serverFPS: 45.7143
03.02.2020 21:39:26: 11h 49min | Connected: Wyclef(76561198038112694 - 11) - time: 42445.8 - serverFPS: 46.7836
03.02.2020 21:41:08: 11h 51min | Connected: AL "BIG AL" GAMBINO(76561198361509989 - 12) - time: 42547.3 - serverFPS: 45.584
03.02.2020 21:41:33: 11h 51min | Disconnected: Wyclef(76561198038112694 - 11) - time: 42572.3 - serverFPS: 46.5116
03.02.2020 21:41:43: 11h 51min | Connected: Wyclef(76561198038112694 - 11) - time: 42582.8 - serverFPS: 45.8453
03.02.2020 21:43:34: 11h 53min | Disconnected: Wyclef(76561198038112694 - 11) - time: 42693 - serverFPS: 46.5116
03.02.2020 21:44:12: 11h 54min | Disconnected: George Clean(76561198130285673 - 6) - time: 42731.5 - serverFPS: 46.2428
03.02.2020 21:46:28: 11h 56min | Connected: George Clean(76561198130285673 - 15) - time: 42867.2 - serverFPS: 45.7143
03.02.2020 21:46:36: 11h 56min | Connected: Jbo Marino[201](76561198206026112 - 14) - time: 42875.3 - serverFPS: 46.3768
03.02.2020 21:51:14: infiSTAR_PlayerConnected_id: 1
03.02.2020 21:51:14: infiSTAR_PlayerDisconnected_id: 0
03.02.2020 21:56:00: 0h 6min | Connected: Wyclef(76561198038112694 - 5) - time: 287.819 - serverFPS: 45.3258
03.02.2020 21:56:55: 0h 7min | Disconnected: Wyclef(76561198038112694 - 5) - time: 342.897 - serverFPS: 45.584
03.02.2020 21:57:02: 0h 7min | Connected: Wyclef(76561198038112694 - 5) - time: 349.896 - serverFPS: 46.9208
03.02.2020 21:58:43: 0h 9min | Connected: mr.bean(76561198883479728 - 4) - time: 450.713 - serverFPS: 45.1977
03.02.2020 22:02:27: 0h 12min | Disconnected: Wyclef(76561198038112694 - 5) - time: 673.924 - serverFPS: 45.977
03.02.2020 22:04:56: 0h 15min | Disconnected: mr.bean(76561198883479728 - 4) - time: 823.433 - serverFPS: 45.8453
03.02.2020 22:10:12: 0h 20min | Connected: AL "BIG AL" GAMBINO(76561198361509989 - 8) - time: 1139.05 - serverFPS: 47.4777
03.02.2020 22:10:23: 0h 20min | Disconnected: AL "BIG AL" GAMBINO(76561198361509989 - 8) - time: 1149.74 - serverFPS: 45.584
03.02.2020 22:17:14: 0h 27min | Connected: AL "BIG AL" GAMBINO(76561198361509989 - 10) - time: 1559.8 - serverFPS: 46.3768
03.02.2020 22:29:34: 0h 39min | Connected: Dan Dimmadont(76561198860031547 - 12) - time: 2300.32 - serverFPS: 47.0588
03.02.2020 22:40:21: 0h 50min | Connected: Jbo Marino[201](76561198206026112 - 11) - time: 2946.6 - serverFPS: 45.584
03.02.2020 22:53:23: 1h 3min | Connected: Alexander.Rios(76561198037915534 - 13) - time: 3727.9 - serverFPS: 45.584
03.02.2020 22:55:41: 1h 6min | Disconnected: Dan Dimmadont(76561198860031547 - 12) - time: 3865.09 - serverFPS: 45.4545
03.02.2020 22:56:25: 1h 6min | Connected: Dan Dimmadont(76561198860031547 - 12) - time: 3909.37 - serverFPS: 46.1095
03.02.2020 22:57:19: 1h 7min | Disconnected: Alexander.Rios(76561198037915534 - 13) - time: 3963.73 - serverFPS: 45.7143
03.02.2020 22:57:52: 1h 8min | Connected: Alexander.Rios(76561198037915534 - 14) - time: 3995.97 - serverFPS: 45.4545
03.02.2020 23:03:56: 1h 14min | Connected: Eddie Spaghetti(76561198046997779 - 15) - time: 4359.44 - serverFPS: 45.7143
03.02.2020 23:05:31: 1h 15min | Disconnected: Dan Dimmadont(76561198860031547 - 12) - time: 4454.73 - serverFPS: 45.8453
03.02.2020 23:08:00: 1h 18min | Connected: Donnie Turbo(76561198041233395 - 17) - time: 4603.22 - serverFPS: 45.977
03.02.2020 23:08:16: 1h 18min | Disconnected: Donnie Turbo(76561198041233395 - 17) - time: 4619.47 - serverFPS: 45.7143
03.02.2020 23:12:56: 1h 23min | Connected: Donnie Turbo(76561198041233395 - 18) - time: 4899.21 - serverFPS: 45.3258
03.02.2020 23:15:01: 1h 25min | Connected: Wyclef(76561198038112694 - 19) - time: 5023.63 - serverFPS: 45.977
03.02.2020 23:18:05: 1h 28min | Connected: mr.bean(76561198883479728 - 20) - time: 5207.31 - serverFPS: 45.584
03.02.2020 23:24:40: 1h 35min | Disconnected: Donnie Turbo(76561198041233395 - 18) - time: 5602.28 - serverFPS: 45.4545
03.02.2020 23:25:06: 1h 35min | Connected: Donnie Turbo(76561198041233395 - 18) - time: 5627.96 - serverFPS: 45.3258
03.02.2020 23:27:28: 1h 37min | Connected: [1K-12] J Shepard(76561198043298972 - 21) - time: 5769.77 - serverFPS: 47.0588
03.02.2020 23:27:56: 1h 38min | Disconnected: [1K-12] J Shepard(76561198043298972 - 21) - time: 5797.21 - serverFPS: 47.1976
03.02.2020 23:31:52: 1h 42min | Connected: [1K-12] J Shepard(76561198043298972 - 22) - time: 6033.16 - serverFPS: 45.4545
03.02.2020 23:34:13: 1h 44min | Connected: Rick Cheney(76561198860031547 - 23) - time: 6173.95 - serverFPS: 46.3768
03.02.2020 23:35:52: 1h 46min | Disconnected: Wyclef(76561198038112694 - 19) - time: 6272.88 - serverFPS: 47.619
03.02.2020 23:40:05: 1h 50min | Connected: Wyclef(76561198038112694 - 24) - time: 6526.34 - serverFPS: 46.6472
03.02.2020 23:43:41: 1h 54min | Disconnected: Wyclef(76561198038112694 - 24) - time: 6741.77 - serverFPS: 45.8453
03.02.2020 23:45:08: 1h 55min | Disconnected: mr.bean(76561198883479728 - 20) - time: 6828.1 - serverFPS: 45.584
03.02.2020 23:46:53: 1h 57min | Connected: Wyclef(76561198038112694 - 27) - time: 6933.15 - serverFPS: 45.4545
03.02.2020 23:50:41: 2h 1min | Connected: luke(76561198264871362 - 28) - time: 7161.64 - serverFPS: 45.1977
03.02.2020 23:50:56: 2h 1min | Connected: Zander Marino(76561198180893505 - 26) - time: 7175.63 - serverFPS: 45.7143
03.02.2020 23:55:38: 2h 6min | Disconnected: Zander Marino(76561198180893505 - 26) - time: 7457.53 - serverFPS: 45.7143
03.02.2020 23:58:10: 2h 8min | Connected: Stanley Thompson [1K-75](76561198180893505 - 29) - time: 7609.74 - serverFPS: 45.7143
