06.02.2020 00:03:12: 15h 33min | Disconnected: AL "BIG AL" GAMBINO(76561198361509989 - 12) - time: 55791.3 - serverFPS: 45.7143
06.02.2020 00:46:41: 16h 16min | Connected: John Anderson(76561198180893505 - 23) - time: 58398.9 - serverFPS: 46.2428
06.02.2020 00:49:08: 16h 19min | Disconnected: John Anderson(76561198180893505 - 23) - time: 58546 - serverFPS: 45.977
06.02.2020 01:00:37: 16h 30min | Disconnected: Nino Marino(76561198206026112 - 15) - time: 59234.7 - serverFPS: 46.3768
06.02.2020 01:02:04: 16h 32min | Disconnected: Wyclef(76561198038112694 - 19) - time: 59322.3 - serverFPS: 45.7143
06.02.2020 01:05:46: infiSTAR_PlayerConnected_id: 1
06.02.2020 01:05:47: infiSTAR_PlayerConnected_id: 1
06.02.2020 01:05:47: infiSTAR_PlayerDisconnected_id: 0
06.02.2020 01:06:06: 0h 2min | Connected: Wyclef(76561198038112694 - 4) - time: 23.489 - serverFPS: 46.7836
06.02.2020 01:23:03: infiSTAR_PlayerConnected_id: 1
06.02.2020 01:23:03: infiSTAR_PlayerDisconnected_id: 0
06.02.2020 01:33:46: 0h 12min | Connected: Wyclef(76561198038112694 - 5) - time: 646.041 - serverFPS: 46.2428
06.02.2020 01:54:35: 0h 33min | Connected: AL "BIG AL" GAMBINO(76561198361509989 - 6) - time: 1895.37 - serverFPS: 45.977
06.02.2020 02:32:53: 1h 11min | Connected: Nino Marino(76561198206026112 - 7) - time: 4191.26 - serverFPS: 45.4545
06.02.2020 02:33:14: 1h 11min | Connected: [1K-33] R. Tjay(76561198883479728 - 8) - time: 4211.74 - serverFPS: 46.2428
06.02.2020 02:37:34: 1h 16min | Connected: luke(76561198264871362 - 10) - time: 4471.27 - serverFPS: 46.1095
06.02.2020 02:41:14: 1h 19min | Connected: John Anderson(76561198180893505 - 9) - time: 4691.04 - serverFPS: 45.7143
06.02.2020 03:13:23: 1h 51min | Disconnected: AL "BIG AL" GAMBINO(76561198361509989 - 6) - time: 6619.87 - serverFPS: 45.8453
06.02.2020 03:17:08: 1h 55min | Disconnected: John Anderson(76561198180893505 - 9) - time: 6844.54 - serverFPS: 45.8453
06.02.2020 03:46:10: 2h 24min | Disconnected: luke(76561198264871362 - 10) - time: 8586.11 - serverFPS: 41.1311
06.02.2020 03:58:34: 2h 37min | Disconnected: Wyclef(76561198038112694 - 5) - time: 9330.54 - serverFPS: 45.977
06.02.2020 04:07:03: 2h 45min | Connected: HoyoBani(76561198105940600 - 14) - time: 9839.17 - serverFPS: 45.3258
06.02.2020 04:12:53: 2h 51min | Connected: AL "BIG AL" GAMBINO(76561198361509989 - 15) - time: 10188.6 - serverFPS: 45.8453
06.02.2020 04:15:19: 2h 53min | Connected: John Anderson(76561198180893505 - 13) - time: 10334.8 - serverFPS: 45.8453
06.02.2020 04:18:50: 2h 57min | Disconnected: [1K-33] R. Tjay(76561198883479728 - 8) - time: 10545.7 - serverFPS: 46.5116
06.02.2020 04:28:42: 3h 7min | Connected: luke(76561198264871362 - 16) - time: 11137.2 - serverFPS: 45.8453
06.02.2020 04:48:18: 3h 26min | Connected: Wyclef(76561198038112694 - 17) - time: 12313.2 - serverFPS: 45.977
06.02.2020 04:48:27: 3h 27min | Disconnected: HoyoBani(76561198105940600 - 14) - time: 12322.1 - serverFPS: 45.977
06.02.2020 04:49:06: 3h 27min | Disconnected: luke(76561198264871362 - 16) - time: 12361 - serverFPS: 46.3768
06.02.2020 05:19:27: infiSTAR_PlayerConnected_id: 1
06.02.2020 05:19:27: infiSTAR_PlayerDisconnected_id: 0
06.02.2020 05:21:20: 0h 4min | Connected: HoyoBani(76561198105940600 - 4) - time: 115.467 - serverFPS: 45.4545
06.02.2020 05:26:06: 0h 9min | Connected: Wyclef(76561198038112694 - 6) - time: 400.582 - serverFPS: 46.2428
06.02.2020 05:29:31: 0h 13min | Connected: AL "BIG AL" GAMBINO(76561198361509989 - 8) - time: 605.465 - serverFPS: 45.584
06.02.2020 05:39:12: 0h 22min | Connected: Nino Marino(76561198206026112 - 9) - time: 1185.29 - serverFPS: 45.977
06.02.2020 05:45:47: 0h 29min | Connected: Joe Montana(76561198368248470 - 10) - time: 1579.17 - serverFPS: 45.8453
06.02.2020 05:47:18: 0h 30min | Disconnected: HoyoBani(76561198105940600 - 4) - time: 1670.28 - serverFPS: 45.584
06.02.2020 05:47:19: 0h 30min | Disconnected: Wyclef(76561198038112694 - 6) - time: 1671.72 - serverFPS: 45.977
06.02.2020 05:48:41: 0h 32min | Connected: John Anderson(76561198180893505 - 7) - time: 1753.16 - serverFPS: 45.7143
06.02.2020 05:53:07: 0h 36min | Connected: Wyclef(76561198038112694 - 11) - time: 2019.5 - serverFPS: 45.977
06.02.2020 07:02:06: 1h 45min | Disconnected: AL "BIG AL" GAMBINO(76561198361509989 - 8) - time: 6157.27 - serverFPS: 46.3768
06.02.2020 07:06:22: 1h 49min | Disconnected: Joe Montana(76561198368248470 - 10) - time: 6413.48 - serverFPS: 46.6472
06.02.2020 07:07:40: 1h 51min | Disconnected: Wyclef(76561198038112694 - 11) - time: 6490.78 - serverFPS: 45.7143
06.02.2020 07:31:52: 2h 15min | Disconnected: John Anderson(76561198180893505 - 7) - time: 7943.16 - serverFPS: 45.977
06.02.2020 07:32:12: 2h 15min | Disconnected: Nino Marino(76561198206026112 - 9) - time: 7963.28 - serverFPS: 46.2428
06.02.2020 09:05:28: infiSTAR_PlayerConnected_id: 1
06.02.2020 09:05:28: infiSTAR_PlayerDisconnected_id: 0
06.02.2020 09:09:17: infiSTAR_PlayerConnected_id: 1
06.02.2020 09:09:18: infiSTAR_PlayerDisconnected_id: 0
06.02.2020 09:14:58: 0h 7min | Connected: Wyclef(76561198038112694 - 4) - time: 343.561 - serverFPS: 45.4545
06.02.2020 09:18:24: 0h 10min | Disconnected: Wyclef(76561198038112694 - 4) - time: 549.729 - serverFPS: 46.7836
06.02.2020 09:32:30: infiSTAR_PlayerConnected_id: 1
06.02.2020 09:32:30: infiSTAR_PlayerDisconnected_id: 0
06.02.2020 09:35:12: 0h 4min | Connected: Wyclef(76561198038112694 - 4) - time: 164.698 - serverFPS: 45.584
06.02.2020 09:47:03: 0h 16min | Disconnected: Wyclef(76561198038112694 - 4) - time: 875.115 - serverFPS: 45.584
06.02.2020 10:02:02: infiSTAR_PlayerConnected_id: 1
06.02.2020 10:02:02: infiSTAR_PlayerDisconnected_id: 0
06.02.2020 10:06:32: 0h 6min | Connected: Boyevik Butch-Mac Volkev(76561198089960350 - 4) - time: 272.675 - serverFPS: 45.4545
06.02.2020 10:23:01: 0h 22min | Disconnected: Boyevik Butch-Mac Volkev(76561198089960350 - 4) - time: 1260.47 - serverFPS: 46.9208
06.02.2020 10:23:15: 0h 22min | Connected: Boyevik Butch-Mac Volkev(76561198089960350 - 4) - time: 1274.62 - serverFPS: 45.977
06.02.2020 10:25:01: 0h 24min | Disconnected: Boyevik Butch-Mac Volkev(76561198089960350 - 4) - time: 1380.07 - serverFPS: 45.7143
06.02.2020 10:31:34: infiSTAR_PlayerConnected_id: 1
06.02.2020 10:31:34: infiSTAR_PlayerDisconnected_id: 0
06.02.2020 10:35:06: 0h 5min | Connected: Boyevik Butch-Mac Volkev(76561198089960350 - 4) - time: 216.226 - serverFPS: 45.7143
06.02.2020 10:44:10: 0h 14min | Disconnected: Boyevik Butch-Mac Volkev(76561198089960350 - 4) - time: 759.911 - serverFPS: 46.5116
06.02.2020 10:44:21: 0h 14min | Connected: Boyevik Butch-Mac Volkev(76561198089960350 - 4) - time: 770.664 - serverFPS: 45.8453
06.02.2020 10:47:07: 0h 17min | Disconnected: Boyevik Butch-Mac Volkev(76561198089960350 - 4) - time: 935.82 - serverFPS: 45.3258
06.02.2020 10:47:18: 0h 17min | Connected: Boyevik Butch-Mac Volkev(76561198089960350 - 4) - time: 946.353 - serverFPS: 45.584
06.02.2020 11:06:55: 0h 36min | Disconnected: Boyevik Butch-Mac Volkev(76561198089960350 - 4) - time: 2123.27 - serverFPS: 45.8453
06.02.2020 11:09:01: infiSTAR_PlayerConnected_id: 1
06.02.2020 11:09:01: infiSTAR_PlayerDisconnected_id: 0
06.02.2020 20:36:34: 9h 29min | Connected: Robert Kennedy(76561198083728776 - 4) - time: 34054.8 - serverFPS: 45.584
06.02.2020 20:39:50: 9h 32min | Connected: Wyclef(76561198038112694 - 5) - time: 34250.5 - serverFPS: 46.7836
06.02.2020 20:41:31: 9h 34min | Disconnected: Wyclef(76561198038112694 - 5) - time: 34350.8 - serverFPS: 46.2428
06.02.2020 20:56:57: 9h 49min | Disconnected: Robert Kennedy(76561198083728776 - 4) - time: 35276.6 - serverFPS: 46.2428
06.02.2020 21:02:15: 9h 54min | Connected: Doug Dimmadont(76561198083728776 - 6) - time: 35595.1 - serverFPS: 45.3258
06.02.2020 21:17:06: 10h 9min | Disconnected: Doug Dimmadont(76561198083728776 - 6) - time: 36486.1 - serverFPS: 45.8453
06.02.2020 22:30:10: 11h 22min | Connected: Nino Marino(76561198206026112 - 7) - time: 40869.7 - serverFPS: 46.6472
06.02.2020 22:40:47: 11h 33min | Disconnected: Nino Marino(76561198206026112 - 7) - time: 41506.3 - serverFPS: 45.584
06.02.2020 23:31:08: infiSTAR_PlayerConnected_id: 1
06.02.2020 23:31:08: infiSTAR_PlayerDisconnected_id: 0
06.02.2020 23:38:17: 0h 8min | Connected: Donnie Turbo(76561198041233395 - 4) - time: 431.156 - serverFPS: 45.4545
06.02.2020 23:53:59: 0h 24min | Disconnected: Donnie Turbo(76561198041233395 - 4) - time: 1373.23 - serverFPS: 46.1095
06.02.2020 23:54:21: 0h 24min | Connected: Donnie Turbo(76561198041233395 - 4) - time: 1395.06 - serverFPS: 46.6472
06.02.2020 23:56:50: 0h 27min | Disconnected: Donnie Turbo(76561198041233395 - 4) - time: 1544.08 - serverFPS: 46.2428
06.02.2020 23:57:08: 0h 27min | Connected: Donnie Turbo(76561198041233395 - 4) - time: 1561.52 - serverFPS: 46.3768
06.02.2020 23:57:30: 0h 28min | Disconnected: Donnie Turbo(76561198041233395 - 4) - time: 1584.08 - serverFPS: 46.5116
