19.02.2020 00:47:46: luke(76561198264871362) CLIENT OWNER ID [26], TOKEN [jdnw5o1843pfhog24m]
19.02.2020 01:15:50: John Anderson(76561198180893505) CLIENT OWNER ID [27], TOKEN [smysnfx7o83v1bp]
19.02.2020 01:34:19: S.Kingston(76561198046640450) CLIENT OWNER ID [31], TOKEN [j9xudf5esmg66qor]
19.02.2020 01:34:20: AL "BIG AL" GAMBINO(76561198361509989) CLIENT OWNER ID [30], TOKEN [ufilpg19ijbtcy4ji]
19.02.2020 01:34:25: K-12 J Shepard(76561198043298972) CLIENT OWNER ID [28], TOKEN [l7ykuzgnshftnwkb04]
19.02.2020 01:37:16: AL "BIG AL" GAMBINO(76561198361509989) CLIENT OWNER ID [32], TOKEN [cel85wkxtpbmhnl16u]
19.02.2020 01:39:43: Melvin Bush(76561198083728776) CLIENT OWNER ID [34], TOKEN [fzcxm0b1sw5s1ccpnry]
19.02.2020 01:40:12: [3k-66] W.Blades(76561198281290777) CLIENT OWNER ID [33], TOKEN [vk6czfirma1yv7seo7]
19.02.2020 01:44:39: Rick Cheney(76561198860031547) CLIENT OWNER ID [35], TOKEN [rvvm889ojsmonkzvqo]
19.02.2020 01:47:47: Robert Kennedy(76561198083728776) CLIENT OWNER ID [36], TOKEN [prietkjuiy24uuou48]
19.02.2020 01:56:31: S.Kingston(76561198046640450) CLIENT OWNER ID [31], TOKEN [t3pq70cm74x3s78]
19.02.2020 02:21:05: HoyoBani(76561198105940600) CLIENT OWNER ID [37], TOKEN [wzvzyaqe0pleqrt88]
19.02.2020 03:25:01: Kyatt Demon(76561198159595292) CLIENT OWNER ID [40], TOKEN [v2447cyxsgesf7]
19.02.2020 03:32:36: Amado Carrillo fuentes(76561198354844800) CLIENT OWNER ID [41], TOKEN [ltnmt8c5rm3unavnm]
19.02.2020 03:34:53: luke(76561198264871362) CLIENT OWNER ID [42], TOKEN [j4czwi1v1xee2j]
19.02.2020 03:38:29: Amado Carrillo fuentes(76561198354844800) CLIENT OWNER ID [43], TOKEN [yx4lw33gn2mos6gcsx]
19.02.2020 04:08:50: Sherman(76561198038112694) CLIENT OWNER ID [44], TOKEN [ia6t25z4oxqrcfidsr]
19.02.2020 04:18:55: Harold Reginald(76561198355765034) CLIENT OWNER ID [38], TOKEN [r73sgqbwhh315ddd]
19.02.2020 04:30:26: Jbo Marino[201](76561198206026112) CLIENT OWNER ID [46], TOKEN [e9ocefzqvmq0prl]
19.02.2020 07:06:14: Sherman(76561198038112694) CLIENT OWNER ID [48], TOKEN [rnm5gju4zzyxyb3]
19.02.2020 07:38:32: Sherman(76561198038112694) CLIENT OWNER ID [4], TOKEN [h2auns6bc8cg92a]
19.02.2020 07:42:06: Sherman(76561198038112694) CLIENT OWNER ID [5], TOKEN [lj7j3r4sgooef9fkl]
19.02.2020 08:13:30: Kyatt Demon(76561198159595292) CLIENT OWNER ID [6], TOKEN [q96d7697qw3y03zfac]
19.02.2020 09:29:50: Kyatt Demon(76561198159595292) CLIENT OWNER ID [6], TOKEN [oligyu7piznkqcbx]
19.02.2020 19:55:41: AL "BIG AL" GAMBINO(76561198361509989) CLIENT OWNER ID [7], TOKEN [f3o2lsnyoi1hcc95rgl]
19.02.2020 20:11:39: Sherman(76561198038112694) CLIENT OWNER ID [8], TOKEN [ozi76nn25h2cki4r0f2]
19.02.2020 21:59:26: HoyoBani(76561198105940600) CLIENT OWNER ID [9], TOKEN [d6paiofy3ju25sb8h]
