17.02.2020 00:02:27: Donnie Turbo(76561198041233395) CLIENT OWNER ID [6], TOKEN [b1m0p0gjvsplsot]
17.02.2020 00:07:30: Nino Marino(76561198206026112) CLIENT OWNER ID [7], TOKEN [bjzvamztyzpih1u]
17.02.2020 00:18:57: AL "BIG AL" GAMBINO(76561198361509989) CLIENT OWNER ID [8], TOKEN [cfdjmrdz60s04t1]
17.02.2020 00:29:25: Zander Marino(76561198180893505) CLIENT OWNER ID [10], TOKEN [uj8umr6eh14duy]
17.02.2020 00:59:56: S.Kingston(76561198046640450) CLIENT OWNER ID [11], TOKEN [p3cv9fbp3jy8lyy]
17.02.2020 01:05:08: S.Kingston(76561198046640450) CLIENT OWNER ID [12], TOKEN [t0d9gp0c9wmhfutb8]
17.02.2020 01:26:11: Robert Kennedy(76561198083728776) CLIENT OWNER ID [13], TOKEN [tsl4d4of3mv6jz8]
17.02.2020 01:32:36: Melvin Bush(76561198083728776) CLIENT OWNER ID [14], TOKEN [xmq2j0enpxw4sa948]
17.02.2020 01:51:52: HoyoBani(76561198105940600) CLIENT OWNER ID [15], TOKEN [llkyamsssymjhh28r]
17.02.2020 01:58:40: Sherman(76561198038112694) CLIENT OWNER ID [16], TOKEN [c0rz3vp7ze3ozmh]
17.02.2020 02:12:10: Judge Whinehoe(76561198206026112) CLIENT OWNER ID [17], TOKEN [gac5z8yi31o4dn1dv]
17.02.2020 02:13:47: Rick Cheney(76561198860031547) CLIENT OWNER ID [18], TOKEN [hjnphb6wy8xufa]
17.02.2020 02:19:12: Harold Reginald(76561198355765034) CLIENT OWNER ID [19], TOKEN [nk1hvhrdo7igycg]
17.02.2020 02:25:16: Ted Kennedy(76561198042633029) CLIENT OWNER ID [20], TOKEN [jtra5dbtdghfzgzpbcp]
17.02.2020 02:33:03: K-12 J Shepard(76561198043298972) CLIENT OWNER ID [21], TOKEN [aijzr5j7rgrt6r6i]
17.02.2020 02:40:35: Harold Reginald(76561198355765034) CLIENT OWNER ID [22], TOKEN [cq4y9mltl40v1d7rjn9]
17.02.2020 03:02:02: M. Sherman(76561198038112694) CLIENT OWNER ID [23], TOKEN [tnmxqwgh5nkhbjmfe]
17.02.2020 03:05:46: Rick Cheney(76561198860031547) CLIENT OWNER ID [18], TOKEN [dx5sg0ad0ntuwk]
17.02.2020 03:08:04: John Anderson(76561198180893505) CLIENT OWNER ID [25], TOKEN [gttjcxpxv0jjrapr1]
17.02.2020 03:12:45: Sherman(76561198038112694) CLIENT OWNER ID [26], TOKEN [my0ayr2ovkigee]
17.02.2020 03:25:17: AL "BIG AL" GAMBINO(76561198361509989) CLIENT OWNER ID [28], TOKEN [l6zddbhkdp1505ezi]
17.02.2020 03:37:59: John Anderson(76561198180893505) CLIENT OWNER ID [29], TOKEN [swn4m7wg6x93pgoxe9e]
17.02.2020 03:57:38: Jbo Marino[201](76561198206026112) CLIENT OWNER ID [30], TOKEN [uxu7d1swwsls1l1p]
17.02.2020 12:57:30: Ted Kennedy(76561198042633029) CLIENT OWNER ID [35], TOKEN [lug0t0iemwdwewoxq]
17.02.2020 15:44:04: Papa Khan (76561198153547715) CLIENT OWNER ID [38], TOKEN [mxuxm88xbzg6ljjpy]
17.02.2020 16:22:40: Papa Khan (76561198153547715) CLIENT OWNER ID [38], TOKEN [fascc4hx44mn658uk]
17.02.2020 21:39:10: Donnie Turbo(76561198041233395) CLIENT OWNER ID [4], TOKEN [ajcsurz710lrz4tg7n]
17.02.2020 21:43:52: AL "BIG AL" GAMBINO(76561198361509989) CLIENT OWNER ID [5], TOKEN [m6q0t0lczyhrl0dl3]
17.02.2020 22:12:13: Donnie Turbo(76561198041233395) CLIENT OWNER ID [6], TOKEN [h2a26u6qdt1oqdx0un]
17.02.2020 22:42:38: S.Kingston(76561198046640450) CLIENT OWNER ID [7], TOKEN [jfytbnvjlxbhegsn]
