
extDB3: https://bitbucket.org/torndeco/extdb3/wiki/Home
extDB3: Version: 1.031
extDB3: Windows Version
Message: All development for extDB3 is done on a Linux Dedicated Server
Message: If you would like to Donate to extDB3 Development
Message: https://www.paypal.com/cgi-bin/webscr?cmd=_s-xclick&hosted_button_id=2SUEFTGABTAM2
Message: Also leave a message if there is any particular feature you would like to see added.
Message: Thanks for all the people that have donated.
Message: Torndeco: 18/05/15


extDB3: Found extdb3-conf.ini
extDB3: Detected 8 Cores, Setting up 6 Worker Threads
extDB3: ...
extDB3: ...
extDB3: ...
extDB3: ...
extDB3: ...
extDB3: ...


[20:53:55:914392 +01:00] [Thread 10288] extDB3: SQL: Initialized: Add Quotes around TEXT Datatypes mode: 2
[20:53:55:914445 +01:00] [Thread 10288] extDB3: SQL: Initialized: NULL = ""
[20:53:55:914458 +01:00] [Thread 10288] extDB3: Locked
[02:48:28:713399 +01:00] [Thread 7384] extDB3: SQL: Error MariaDBQueryException: Unknown column 'playerid' in 'where clause'
[02:48:28:713419 +01:00] [Thread 7384] extDB3: SQL: Error MariaDBQueryException: Input: UPDATE players SET jail_time='8' WHERE playerid='76561197999316388'
[02:58:03:593815 +01:00] [Thread 7384] extDB3: SQL: Error MariaDBQueryException: Unknown column 'playerid' in 'where clause'
[02:58:03:593834 +01:00] [Thread 7384] extDB3: SQL: Error MariaDBQueryException: Input: UPDATE players SET jail_time='5' WHERE playerid='76561198038112694'
[04:02:08:633072 +01:00] [Thread 4708] extDB3: SQL: Error MariaDBQueryException: Unknown column 'playerid' in 'where clause'
[04:02:08:633090 +01:00] [Thread 4708] extDB3: SQL: Error MariaDBQueryException: Input: UPDATE players SET jail_time='5' WHERE playerid='76561198368248470'
[05:31:47:798952 +01:00] [Thread 10836] extDB3: SQL: Error MariaDBQueryException: Unknown column 'playerid' in 'where clause'
[05:31:47:798971 +01:00] [Thread 10836] extDB3: SQL: Error MariaDBQueryException: Input: UPDATE players SET jail_time='5' WHERE playerid='76561198370210333'
