
extDB3: https://bitbucket.org/torndeco/extdb3/wiki/Home
extDB3: Version: 1.031
extDB3: Windows Version
Message: All development for extDB3 is done on a Linux Dedicated Server
Message: If you would like to Donate to extDB3 Development
Message: https://www.paypal.com/cgi-bin/webscr?cmd=_s-xclick&hosted_button_id=2SUEFTGABTAM2
Message: Also leave a message if there is any particular feature you would like to see added.
Message: Thanks for all the people that have donated.
Message: Torndeco: 18/05/15


extDB3: Found extdb3-conf.ini
extDB3: Detected 8 Cores, Setting up 6 Worker Threads
extDB3: ...
extDB3: ...
extDB3: ...
extDB3: ...
extDB3: ...
extDB3: ...


[00:01:57:750107 +01:00] [Thread 5632] extDB3: SQL: Initialized: Add Quotes around TEXT Datatypes mode: 2
[00:01:57:750182 +01:00] [Thread 5632] extDB3: SQL: Initialized: NULL = ""
[00:01:57:750210 +01:00] [Thread 5632] extDB3: Locked
[04:26:52:822244 +01:00] [Thread 5516] extDB3: SQL: Error MariaDBQueryException: Data too long for column 'civ_position' at row 1
[04:26:52:822268 +01:00] [Thread 5516] extDB3: SQL: Error MariaDBQueryException: Input: UPDATE players SET name='Stanley Thompson [1K75]', cash='0', bankacc='2115370', civ_licenses='"[[`license_civ_driver`,0],[`license_civ_restrictedlicense`,0],[`license_civ_SurplusShop`,0],[`license_civ_repair`,0],[`license_civ_sport`,0],[`license_civ_bike`,1],[`license_civ_tow`,1],[`license_civ_boat`,1],[`license_civ_pilot`,1],[`license_civ_trucking`,1],[`license_civ_gun`,0],[`license_civ_gundealer`,0],[`license_civ_rifle`,0],[`license_civ_dive`,1],[`license_civ_home`,1],[`license_civ_business`,0],[`license_civ_oil`,0],[`license_civ_diamond`,1],[`license_civ_salt`,0],[`license_civ_sand`,0],[`license_civ_iron`,1],[`license_civ_copper`,1],[`license_civ_cement`,0],[`license_civ_medmarijuana`,0],[`license_civ_cocaine`,1],[`license_civ_heroin`,1],[`license_civ_marijuana`,1],[`license_civ_rebel`,1]]"', civ_gear='"[`U_C_Poloshirt_stripped`,``,``,``,``,[`ItemMap`,`ItemCompass`,`tf_microdagr`],``,``,[],[],[],[],[],[],[``,``,``,``],[``,``,``,``],[]]"', arrested='0', civ_stats='"[100,100,0]"', civ_alive='1', civ_position='"[5010.55,4467.71,-5.43594e-005]"', playtime='"[1770,2977,6456]"' WHERE pid='76561198180893505'
