
extDB3: https://bitbucket.org/torndeco/extdb3/wiki/Home
extDB3: Version: 1.031
extDB3: Windows Version
Message: All development for extDB3 is done on a Linux Dedicated Server
Message: If you would like to Donate to extDB3 Development
Message: https://www.paypal.com/cgi-bin/webscr?cmd=_s-xclick&hosted_button_id=2SUEFTGABTAM2
Message: Also leave a message if there is any particular feature you would like to see added.
Message: Thanks for all the people that have donated.
Message: Torndeco: 18/05/15


extDB3: Found extdb3-conf.ini
extDB3: Detected 8 Cores, Setting up 6 Worker Threads
extDB3: ...
extDB3: ...
extDB3: ...
extDB3: ...
extDB3: ...
extDB3: ...


[07:37:35:974289 +01:00] [Thread 5452] extDB3: SQL: Initialized: Add Quotes around TEXT Datatypes mode: 2
[07:37:35:974341 +01:00] [Thread 5452] extDB3: SQL: Initialized: NULL = ""
[07:37:35:974354 +01:00] [Thread 5452] extDB3: Locked
[20:10:05:896010 +01:00] [Thread 4508] extDB3: SQL: Error MariaDBQueryException: DELETE command denied to user 'arma3'@'localhost' for table 'crafting_stations'
[20:10:05:896033 +01:00] [Thread 4508] extDB3: SQL: Error MariaDBQueryException: Input: DELETE FROM crafting_stations WHERE id='20'
