
extDB3: https://bitbucket.org/torndeco/extdb3/wiki/Home
extDB3: Version: 1.031
extDB3: Windows Version
Message: All development for extDB3 is done on a Linux Dedicated Server
Message: If you would like to Donate to extDB3 Development
Message: https://www.paypal.com/cgi-bin/webscr?cmd=_s-xclick&hosted_button_id=2SUEFTGABTAM2
Message: Also leave a message if there is any particular feature you would like to see added.
Message: Thanks for all the people that have donated.
Message: Torndeco: 18/05/15


extDB3: Found extdb3-conf.ini
extDB3: Detected 8 Cores, Setting up 6 Worker Threads
extDB3: ...
extDB3: ...
extDB3: ...
extDB3: ...
extDB3: ...
extDB3: ...


[01:56:00:082042 +01:00] [Thread 7260] extDB3: SQL: Initialized: Add Quotes around TEXT Datatypes mode: 2
[01:56:00:082088 +01:00] [Thread 7260] extDB3: SQL: Initialized: NULL = ""
[01:56:00:082101 +01:00] [Thread 7260] extDB3: Locked
[03:24:06:517282 +01:00] [Thread 2480] extDB3: SQL: Error MariaDBQueryException: Table 'altislife.locker' doesn't exist
[03:24:06:517303 +01:00] [Thread 2480] extDB3: SQL: Error MariaDBQueryException: Input: UPDATE locker SET active='0' WHERE uid='-1' AND side='GANG' AND active='1'
[04:01:53:998844 +01:00] [Thread 5568] extDB3: SQL: Error MariaDBQueryException: Unknown column 'playerid' in 'where clause'
[04:01:53:998863 +01:00] [Thread 5568] extDB3: SQL: Error MariaDBQueryException: Input: UPDATE players SET jail_time='5' WHERE playerid='76561198355765034'
[05:19:24:285488 +01:00] [Thread 5752] extDB3: SQL: Error MariaDBQueryException: Unknown column 'playerid' in 'where clause'
[05:19:24:285507 +01:00] [Thread 5752] extDB3: SQL: Error MariaDBQueryException: Input: UPDATE players SET jail_time='5' WHERE playerid='76561198370210333'
