
extDB3: https://bitbucket.org/torndeco/extdb3/wiki/Home
extDB3: Version: 1.031
extDB3: Windows Version
Message: All development for extDB3 is done on a Linux Dedicated Server
Message: If you would like to Donate to extDB3 Development
Message: https://www.paypal.com/cgi-bin/webscr?cmd=_s-xclick&hosted_button_id=2SUEFTGABTAM2
Message: Also leave a message if there is any particular feature you would like to see added.
Message: Thanks for all the people that have donated.
Message: Torndeco: 18/05/15


extDB3: Found extdb3-conf.ini
extDB3: Detected 8 Cores, Setting up 6 Worker Threads
extDB3: ...
extDB3: ...
extDB3: ...
extDB3: ...
extDB3: ...
extDB3: ...


[02:00:53:023524 +01:00] [Thread 8148] extDB3: SQL: Initialized: Add Quotes around TEXT Datatypes mode: 2
[02:00:53:023584 +01:00] [Thread 8148] extDB3: SQL: Initialized: NULL = ""
[02:00:53:023599 +01:00] [Thread 8148] extDB3: Locked
[05:14:01:002785 +01:00] [Thread 4952] extDB3: SQL: Error MariaDBQueryException: DELETE command denied to user 'arma3'@'localhost' for table 'interpol_crimes'
[05:14:01:002817 +01:00] [Thread 4952] extDB3: SQL: Error MariaDBQueryException: Input: DELETE FROM interpol_crimes WHERE id='68'
[05:14:06:180978 +01:00] [Thread 4952] extDB3: SQL: Error MariaDBQueryException: DELETE command denied to user 'arma3'@'localhost' for table 'interpol_crimes'
[05:14:06:180999 +01:00] [Thread 4952] extDB3: SQL: Error MariaDBQueryException: Input: DELETE FROM interpol_crimes WHERE id='68'
[05:14:12:895856 +01:00] [Thread 4952] extDB3: SQL: Error MariaDBQueryException: DELETE command denied to user 'arma3'@'localhost' for table 'interpol_crimes'
[05:14:12:895874 +01:00] [Thread 4952] extDB3: SQL: Error MariaDBQueryException: Input: DELETE FROM interpol_crimes WHERE id='32'
[05:14:17:279041 +01:00] [Thread 4952] extDB3: SQL: Error MariaDBQueryException: DELETE command denied to user 'arma3'@'localhost' for table 'interpol_crimes'
[05:14:17:279059 +01:00] [Thread 4952] extDB3: SQL: Error MariaDBQueryException: Input: DELETE FROM interpol_crimes WHERE id='30'
[05:14:58:853730 +01:00] [Thread 5260] extDB3: SQL: Error MariaDBQueryException: DELETE command denied to user 'arma3'@'localhost' for table 'interpol_crimes'
[05:14:58:853763 +01:00] [Thread 5260] extDB3: SQL: Error MariaDBQueryException: Input: DELETE FROM interpol_crimes WHERE id='68'
[05:15:10:922826 +01:00] [Thread 5260] extDB3: SQL: Error MariaDBQueryException: DELETE command denied to user 'arma3'@'localhost' for table 'interpol_crimes'
[05:15:10:922848 +01:00] [Thread 5260] extDB3: SQL: Error MariaDBQueryException: Input: DELETE FROM interpol_crimes WHERE id='32'
[08:07:10:347127 +01:00] [Thread 2616] extDB3: SQL: Error MariaDBQueryException: Unknown column 'playerid' in 'where clause'
[08:07:10:347148 +01:00] [Thread 2616] extDB3: SQL: Error MariaDBQueryException: Input: UPDATE players SET jail_time='5' WHERE playerid='76561198206026112'
