
extDB3: https://bitbucket.org/torndeco/extdb3/wiki/Home
extDB3: Version: 1.031
extDB3: Windows Version
Message: All development for extDB3 is done on a Linux Dedicated Server
Message: If you would like to Donate to extDB3 Development
Message: https://www.paypal.com/cgi-bin/webscr?cmd=_s-xclick&hosted_button_id=2SUEFTGABTAM2
Message: Also leave a message if there is any particular feature you would like to see added.
Message: Thanks for all the people that have donated.
Message: Torndeco: 18/05/15


extDB3: Found extdb3-conf.ini
extDB3: Detected 8 Cores, Setting up 6 Worker Threads
extDB3: ...
extDB3: ...
extDB3: ...
extDB3: ...
extDB3: ...
extDB3: ...


[22:22:01:748241 +01:00] [Thread 4588] extDB3: SQL: Initialized: Add Quotes around TEXT Datatypes mode: 2
[22:22:01:748295 +01:00] [Thread 4588] extDB3: SQL: Initialized: NULL = ""
[22:22:01:748308 +01:00] [Thread 4588] extDB3: Locked
[02:05:55:142808 +01:00] [Thread 5432] extDB3: SQL: Error MariaDBQueryException: Unknown column 'playerid' in 'where clause'
[02:05:55:142826 +01:00] [Thread 5432] extDB3: SQL: Error MariaDBQueryException: Input: UPDATE players SET jail_time='24' WHERE playerid='76561198272370927'
[02:23:31:008282 +01:00] [Thread 5256] extDB3: SQL: Error MariaDBQueryException: Unknown column 'playerid' in 'where clause'
[02:23:31:008301 +01:00] [Thread 5256] extDB3: SQL: Error MariaDBQueryException: Input: UPDATE players SET jail_time='8' WHERE playerid='76561198354844800'
[00:20:21:981083 +01:00] [Thread 5432] extDB3: SQL: Error MariaDBQueryException: Unknown column 'playerid' in 'where clause'
[00:20:21:981103 +01:00] [Thread 5432] extDB3: SQL: Error MariaDBQueryException: Input: UPDATE players SET jail_time='5' WHERE playerid='76561198883479728'
[01:48:48:954639 +01:00] [Thread 5148] extDB3: SQL: Error MariaDBQueryException: Unknown column 'playerid' in 'where clause'
[01:48:48:954658 +01:00] [Thread 5148] extDB3: SQL: Error MariaDBQueryException: Input: UPDATE players SET jail_time='16' WHERE playerid='76561198883479728'
[02:23:25:678920 +01:00] [Thread 5148] extDB3: SQL: Error MariaDBQueryException: Unknown column 'playerid' in 'where clause'
[02:23:25:678937 +01:00] [Thread 5148] extDB3: SQL: Error MariaDBQueryException: Input: UPDATE players SET jail_time='5' WHERE playerid='76561198043298972'
[02:37:45:667437 +01:00] [Thread 5256] extDB3: SQL: Error MariaDBQueryException: Unknown column 'playerid' in 'where clause'
[02:37:45:667457 +01:00] [Thread 5256] extDB3: SQL: Error MariaDBQueryException: Input: UPDATE players SET jail_time='6' WHERE playerid='76561198354844800'
