
extDB3: https://bitbucket.org/torndeco/extdb3/wiki/Home
extDB3: Version: 1.031
extDB3: Windows Version
Message: All development for extDB3 is done on a Linux Dedicated Server
Message: If you would like to Donate to extDB3 Development
Message: https://www.paypal.com/cgi-bin/webscr?cmd=_s-xclick&hosted_button_id=2SUEFTGABTAM2
Message: Also leave a message if there is any particular feature you would like to see added.
Message: Thanks for all the people that have donated.
Message: Torndeco: 18/05/15


extDB3: Found extdb3-conf.ini
extDB3: Detected 8 Cores, Setting up 6 Worker Threads
extDB3: ...
extDB3: ...
extDB3: ...
extDB3: ...
extDB3: ...
extDB3: ...


[23:11:46:516600 +01:00] [Thread 2680] extDB3: SQL: Initialized: Add Quotes around TEXT Datatypes mode: 2
[23:11:46:516653 +01:00] [Thread 2680] extDB3: SQL: Initialized: NULL = ""
[23:11:46:516666 +01:00] [Thread 2680] extDB3: Locked
[02:15:00:224950 +01:00] [Thread 1104] extDB3: SQL: Error MariaDBQueryException: DELETE command denied to user 'arma3'@'localhost' for table 'interpol_crimes'
[02:15:00:224970 +01:00] [Thread 1104] extDB3: SQL: Error MariaDBQueryException: Input: DELETE FROM interpol_crimes WHERE id='48'
[02:15:05:807475 +01:00] [Thread 1104] extDB3: SQL: Error MariaDBQueryException: DELETE command denied to user 'arma3'@'localhost' for table 'interpol_crimes'
[02:15:05:807506 +01:00] [Thread 1104] extDB3: SQL: Error MariaDBQueryException: Input: DELETE FROM interpol_crimes WHERE id='46'
[02:15:15:003211 +01:00] [Thread 1104] extDB3: SQL: Error MariaDBQueryException: DELETE command denied to user 'arma3'@'localhost' for table 'interpol_crimes'
[02:15:15:003232 +01:00] [Thread 1104] extDB3: SQL: Error MariaDBQueryException: Input: DELETE FROM interpol_crimes WHERE id='42'
[02:15:27:673185 +01:00] [Thread 1104] extDB3: SQL: Error MariaDBQueryException: DELETE command denied to user 'arma3'@'localhost' for table 'interpol_crimes'
[02:15:27:673204 +01:00] [Thread 1104] extDB3: SQL: Error MariaDBQueryException: Input: DELETE FROM interpol_crimes WHERE id='48'
[02:16:33:120731 +01:00] [Thread 1104] extDB3: SQL: Error MariaDBQueryException: DELETE command denied to user 'arma3'@'localhost' for table 'interpol_crimes'
[02:16:33:120767 +01:00] [Thread 1104] extDB3: SQL: Error MariaDBQueryException: Input: DELETE FROM interpol_crimes WHERE id='42'
[02:16:35:071857 +01:00] [Thread 1104] extDB3: SQL: Error MariaDBQueryException: DELETE command denied to user 'arma3'@'localhost' for table 'interpol_crimes'
[02:16:35:071875 +01:00] [Thread 1104] extDB3: SQL: Error MariaDBQueryException: Input: DELETE FROM interpol_crimes WHERE id='43'
[02:16:44:433084 +01:00] [Thread 1104] extDB3: SQL: Error MariaDBQueryException: DELETE command denied to user 'arma3'@'localhost' for table 'interpol_crimes'
[02:16:44:433105 +01:00] [Thread 1104] extDB3: SQL: Error MariaDBQueryException: Input: DELETE FROM interpol_crimes WHERE id='47'
[02:16:46:902842 +01:00] [Thread 1104] extDB3: SQL: Error MariaDBQueryException: DELETE command denied to user 'arma3'@'localhost' for table 'interpol_crimes'
[02:16:46:902859 +01:00] [Thread 1104] extDB3: SQL: Error MariaDBQueryException: Input: DELETE FROM interpol_crimes WHERE id='46'
[02:16:49:396089 +01:00] [Thread 1104] extDB3: SQL: Error MariaDBQueryException: DELETE command denied to user 'arma3'@'localhost' for table 'interpol_crimes'
[02:16:49:396107 +01:00] [Thread 1104] extDB3: SQL: Error MariaDBQueryException: Input: DELETE FROM interpol_crimes WHERE id='44'
[02:17:30:250834 +01:00] [Thread 1104] extDB3: SQL: Error MariaDBQueryException: DELETE command denied to user 'arma3'@'localhost' for table 'interpol_crimes'
[02:17:30:250852 +01:00] [Thread 1104] extDB3: SQL: Error MariaDBQueryException: Input: DELETE FROM interpol_crimes WHERE id='1'
[02:17:36:218232 +01:00] [Thread 1104] extDB3: SQL: Error MariaDBQueryException: DELETE command denied to user 'arma3'@'localhost' for table 'interpol_crimes'
[02:17:36:218260 +01:00] [Thread 1104] extDB3: SQL: Error MariaDBQueryException: Input: DELETE FROM interpol_crimes WHERE id='44'
[02:17:41:454719 +01:00] [Thread 1104] extDB3: SQL: Error MariaDBQueryException: DELETE command denied to user 'arma3'@'localhost' for table 'interpol_crimes'
[02:17:41:454751 +01:00] [Thread 1104] extDB3: SQL: Error MariaDBQueryException: Input: DELETE FROM interpol_crimes WHERE id='1'
[02:20:35:938458 +01:00] [Thread 1104] extDB3: SQL: Error MariaDBQueryException: Unknown column 'playerid' in 'where clause'
[02:20:35:938478 +01:00] [Thread 1104] extDB3: SQL: Error MariaDBQueryException: Input: UPDATE players SET jail_time='20' WHERE playerid='76561198206026112'
