
extDB3: https://bitbucket.org/torndeco/extdb3/wiki/Home
extDB3: Version: 1.031
extDB3: Windows Version
Message: All development for extDB3 is done on a Linux Dedicated Server
Message: If you would like to Donate to extDB3 Development
Message: https://www.paypal.com/cgi-bin/webscr?cmd=_s-xclick&hosted_button_id=2SUEFTGABTAM2
Message: Also leave a message if there is any particular feature you would like to see added.
Message: Thanks for all the people that have donated.
Message: Torndeco: 18/05/15


extDB3: Found extdb3-conf.ini
extDB3: Detected 8 Cores, Setting up 6 Worker Threads
extDB3: ...
extDB3: ...
extDB3: ...
extDB3: ...
extDB3: ...
extDB3: ...


[21:51:13:440461 +01:00] [Thread 9276] extDB3: SQL: Initialized: Add Quotes around TEXT Datatypes mode: 2
[21:51:13:440515 +01:00] [Thread 9276] extDB3: SQL: Initialized: NULL = ""
[21:51:13:440528 +01:00] [Thread 9276] extDB3: Locked
[01:07:10:098810 +01:00] [Thread 8620] extDB3: SQL: Error MariaDBQueryException: Table 'altislife.locker' doesn't exist
[01:07:10:098830 +01:00] [Thread 8620] extDB3: SQL: Error MariaDBQueryException: Input: UPDATE locker SET active='0' WHERE uid='2' AND side='GANG' AND active='1'
[02:58:40:187639 +01:00] [Thread 4404] extDB3: SQL: Error MariaDBQueryException: Unknown column 'playerid' in 'where clause'
[02:58:40:187658 +01:00] [Thread 4404] extDB3: SQL: Error MariaDBQueryException: Input: UPDATE players SET jail_time='5' WHERE playerid='76561197999316388'
