
extDB3: https://bitbucket.org/torndeco/extdb3/wiki/Home
extDB3: Version: 1.031
extDB3: Windows Version
Message: All development for extDB3 is done on a Linux Dedicated Server
Message: If you would like to Donate to extDB3 Development
Message: https://www.paypal.com/cgi-bin/webscr?cmd=_s-xclick&hosted_button_id=2SUEFTGABTAM2
Message: Also leave a message if there is any particular feature you would like to see added.
Message: Thanks for all the people that have donated.
Message: Torndeco: 18/05/15


extDB3: Found extdb3-conf.ini
extDB3: Detected 8 Cores, Setting up 6 Worker Threads
extDB3: ...
extDB3: ...
extDB3: ...
extDB3: ...
extDB3: ...
extDB3: ...


[12:01:59:741772 -06:00] [Thread 6844] extDB3: SQL: Initialized: Add Quotes around TEXT Datatypes mode: 2
[12:01:59:741826 -06:00] [Thread 6844] extDB3: SQL: Initialized: NULL = ""
[12:01:59:741840 -06:00] [Thread 6844] extDB3: Locked
[22:35:44:561865 -06:00] [Thread 4016] extDB3: SQL: Error MariaDBQueryException: Unknown column 'playerid' in 'where clause'
[22:35:44:561886 -06:00] [Thread 4016] extDB3: SQL: Error MariaDBQueryException: Input: UPDATE players SET jail_time='5' WHERE playerid='76561198180893505'
[22:42:56:213609 -06:00] [Thread 4016] extDB3: SQL: Error MariaDBQueryException: Unknown column 'playerid' in 'where clause'
[22:42:56:213625 -06:00] [Thread 4016] extDB3: SQL: Error MariaDBQueryException: Input: UPDATE players SET jail_time='10' WHERE playerid='76561198206026112'
[22:50:05:476918 -06:00] [Thread 6208] extDB3: SQL: Error MariaDBQueryException: Unknown column 'playerid' in 'where clause'
[22:50:05:476953 -06:00] [Thread 6208] extDB3: SQL: Error MariaDBQueryException: Input: UPDATE players SET jail_time='5' WHERE playerid='76561198264871362'
