
extDB3: https://bitbucket.org/torndeco/extdb3/wiki/Home
extDB3: Version: 1.031
extDB3: Windows Version
Message: All development for extDB3 is done on a Linux Dedicated Server
Message: If you would like to Donate to extDB3 Development
Message: https://www.paypal.com/cgi-bin/webscr?cmd=_s-xclick&hosted_button_id=2SUEFTGABTAM2
Message: Also leave a message if there is any particular feature you would like to see added.
Message: Thanks for all the people that have donated.
Message: Torndeco: 18/05/15


extDB3: Found extdb3-conf.ini
extDB3: Detected 8 Cores, Setting up 6 Worker Threads
extDB3: ...
extDB3: ...
extDB3: ...
extDB3: ...
extDB3: ...
extDB3: ...


[13:36:25:227527 +01:00] [Thread 3652] extDB3: SQL: Initialized: Add Quotes around TEXT Datatypes mode: 2
[13:36:25:236948 +01:00] [Thread 3652] extDB3: SQL: Initialized: NULL = ""
[13:36:25:236996 +01:00] [Thread 3652] extDB3: Locked
[20:41:25:687789 +01:00] [Thread 9116] extDB3: SQL: Error MariaDBQueryException: Unknown column 'playerid' in 'where clause'
[20:41:25:687810 +01:00] [Thread 9116] extDB3: SQL: Error MariaDBQueryException: Input: SELECT jail_time FROM players WHERE playerid='76561198883479728'
[20:47:29:533396 +01:00] [Thread 4812] extDB3: SQL: Error MariaDBQueryException: Unknown column 'playerid' in 'where clause'
[20:47:29:533419 +01:00] [Thread 4812] extDB3: SQL: Error MariaDBQueryException: Input: SELECT jail_time FROM players WHERE playerid='76561198883479728'
[05:26:00:680957 +01:00] [Thread 7064] extDB3: SQL: Error MariaDBQueryException: Unknown column 'playerid' in 'where clause'
[05:26:00:680980 +01:00] [Thread 7064] extDB3: SQL: Error MariaDBQueryException: Input: UPDATE players SET jail_time='25' WHERE playerid='76561198089960350'
[06:10:36:935871 +01:00] [Thread 9036] extDB3: SQL: Error MariaDBQueryException: Data too long for column 'civ_position' at row 1
[06:10:36:935902 +01:00] [Thread 9036] extDB3: SQL: Error MariaDBQueryException: Input: UPDATE players SET name='HoyoBani', cash='44895', bankacc='7816', civ_licenses='"[[`license_civ_driver`,1],[`license_civ_SurplusShop`,0],[`license_civ_repair`,0],[`license_civ_sport`,0],[`license_civ_bike`,0],[`license_civ_tow`,0],[`license_civ_boat`,1],[`license_civ_pilot`,1],[`license_civ_trucking`,1],[`license_civ_gun`,0],[`license_civ_gundealer`,0],[`license_civ_rifle`,0],[`license_civ_dive`,0],[`license_civ_home`,1],[`license_civ_oil`,0],[`license_civ_diamond`,0],[`license_civ_salt`,0],[`license_civ_sand`,0],[`license_civ_iron`,0],[`license_civ_copper`,0],[`license_civ_cement`,0],[`license_civ_medmarijuana`,0],[`license_civ_cocaine`,0],[`license_civ_heroin`,0],[`license_civ_marijuana`,0],[`license_civ_rebel`,0]]"', civ_gear='"[`niedobity_ems_captain`,`V_Chestrig_blk`,`TRYK_B_Belt`,`TRYK_Beard_BK3`,`TRYK_H_headsetcap`,[`ItemMap`,`ItemCompass`,`Itemwatch`,`tf_anprc148jem_11`,`B_UavTerminal`,`Binocular`],``,`CSW_FN57`,[],[`30Rnd_9x21_Mag_SMG_02`,`30Rnd_9x21_Mag_SMG_02`],[`TRYK_shirts_DENIM_WH`,`TRYK_H_wig`],[],[],[`CSW_20Rnd_57x28_SS190`],[``,``,``,``],[`CSW_FN57_silencer1`,`CSW_FN57_flashlight_normal_2`,``,``],[]]"', arrested='0', civ_stats='"[90,80,0]"', civ_alive='1', civ_position='"[-0.0800381,1.63077e-008,14.0532]"', playtime='"[0,0,97]"' WHERE pid='76561198105940600'
