
extDB3: https://bitbucket.org/torndeco/extdb3/wiki/Home
extDB3: Version: 1.031
extDB3: Windows Version
Message: All development for extDB3 is done on a Linux Dedicated Server
Message: If you would like to Donate to extDB3 Development
Message: https://www.paypal.com/cgi-bin/webscr?cmd=_s-xclick&hosted_button_id=2SUEFTGABTAM2
Message: Also leave a message if there is any particular feature you would like to see added.
Message: Thanks for all the people that have donated.
Message: Torndeco: 18/05/15


extDB3: Found extdb3-conf.ini
extDB3: Detected 8 Cores, Setting up 6 Worker Threads
extDB3: ...
extDB3: ...
extDB3: ...
extDB3: ...
extDB3: ...
extDB3: ...


[08:35:48:515954 +01:00] [Thread 4364] extDB3: SQL: Initialized: Add Quotes around TEXT Datatypes mode: 2
[08:35:48:516007 +01:00] [Thread 4364] extDB3: SQL: Initialized: NULL = ""
[08:35:48:516022 +01:00] [Thread 4364] extDB3: Locked
[08:35:48:668249 +01:00] [Thread 1812] extDB3: SQL: Error MariaDBQueryException: Table 'altislife.gang_info' doesn't exist
[08:35:48:668265 +01:00] [Thread 1812] extDB3: SQL: Error MariaDBQueryException: Input: SELECT value FROM gang_info WHERE name in ('hideout1','hideout2','hideout3')
[08:35:48:668650 +01:00] [Thread 1812] extDB3: SQL: Error MariaDBQueryException: PROCEDURE altislife.deactivateTempGangs does not exist
[08:35:48:668660 +01:00] [Thread 1812] extDB3: SQL: Error MariaDBQueryException: Input: CALL deactivateTempGangs
