
extDB3: https://bitbucket.org/torndeco/extdb3/wiki/Home
extDB3: Version: 1.031
extDB3: Windows Version
Message: All development for extDB3 is done on a Linux Dedicated Server
Message: If you would like to Donate to extDB3 Development
Message: https://www.paypal.com/cgi-bin/webscr?cmd=_s-xclick&hosted_button_id=2SUEFTGABTAM2
Message: Also leave a message if there is any particular feature you would like to see added.
Message: Thanks for all the people that have donated.
Message: Torndeco: 18/05/15


extDB3: Found extdb3-conf.ini
extDB3: Detected 8 Cores, Setting up 6 Worker Threads
extDB3: ...
extDB3: ...
extDB3: ...
extDB3: ...
extDB3: ...
extDB3: ...


[21:30:27:227178 +01:00] [Thread 4300] extDB3: SQL: Initialized: Add Quotes around TEXT Datatypes mode: 2
[21:30:27:227229 +01:00] [Thread 4300] extDB3: SQL: Initialized: NULL = ""
[21:30:27:227243 +01:00] [Thread 4300] extDB3: Locked
[03:05:54:202856 +01:00] [Thread 3416] extDB3: SQL: Error MariaDBQueryException: Unknown column 'playerid' in 'where clause'
[03:05:54:202878 +01:00] [Thread 3416] extDB3: SQL: Error MariaDBQueryException: Input: UPDATE players SET jail_time='5' WHERE playerid='76561198105940600'
[05:05:00:888635 +01:00] [Thread 3916] extDB3: SQL: Error MariaDBQueryException: Unknown column 'playerid' in 'where clause'
[05:05:00:888655 +01:00] [Thread 3916] extDB3: SQL: Error MariaDBQueryException: Input: UPDATE players SET jail_time='5' WHERE playerid='76561198355765034'
[05:29:11:554040 +01:00] [Thread 4832] extDB3: SQL: Error MariaDBQueryException: DELETE command denied to user 'arma3'@'localhost' for table 'interpol_crimes'
[05:29:11:554062 +01:00] [Thread 4832] extDB3: SQL: Error MariaDBQueryException: Input: DELETE FROM interpol_crimes WHERE id='30'
