
extDB3: https://bitbucket.org/torndeco/extdb3/wiki/Home
extDB3: Version: 1.031
extDB3: Windows Version
Message: All development for extDB3 is done on a Linux Dedicated Server
Message: If you would like to Donate to extDB3 Development
Message: https://www.paypal.com/cgi-bin/webscr?cmd=_s-xclick&hosted_button_id=2SUEFTGABTAM2
Message: Also leave a message if there is any particular feature you would like to see added.
Message: Thanks for all the people that have donated.
Message: Torndeco: 18/05/15


extDB3: Found extdb3-conf.ini
extDB3: Detected 8 Cores, Setting up 6 Worker Threads
extDB3: ...
extDB3: ...
extDB3: ...
extDB3: ...
extDB3: ...
extDB3: ...


[12:01:57:930569 -06:00] [Thread 7120] extDB3: SQL: Initialized: Add Quotes around TEXT Datatypes mode: 2
[12:01:57:930621 -06:00] [Thread 7120] extDB3: SQL: Initialized: NULL = ""
[12:01:57:930634 -06:00] [Thread 7120] extDB3: Locked
[13:04:47:887264 -06:00] [Thread 2556] extDB3: SQL: Error MariaDBQueryException: Data too long for column 'damage' at row 1
[13:04:47:887287 -06:00] [Thread 2556] extDB3: SQL: Error MariaDBQueryException: Input: UPDATE vehicles SET active='0', inventory='"[[],0]"', gear='"[]"', fuel='0.88817', damage='"[0.370079,0.015748,0.846457,0.0275591,0,0.0984252,0,0,0,0,0,0,0,0,0,0,0,0,0,0,0.133858,0.133858,0.145669,0.145669,0.145669,0.133858,0.015748,0.011811,0,0,0,0.145669,0.0984252,0.0551181,0.0354331,0.023622,0.015748,0.011811,0.145669,0.145669,0.145669,0.145669,0,0,0,0]"', entreprise_id='0' WHERE pid='76561198108391247' AND plate='668733'
[18:20:27:070383 -06:00] [Thread 6428] extDB3: SQL: Error MariaDBQueryException: Unknown column 'playerid' in 'where clause'
[18:20:27:070400 -06:00] [Thread 6428] extDB3: SQL: Error MariaDBQueryException: Input: UPDATE players SET jail_time='20' WHERE playerid='76561198354844800'
[18:30:20:954724 -06:00] [Thread 6428] extDB3: SQL: Error MariaDBQueryException: DELETE command denied to user 'arma3'@'localhost' for table 'interpol_crimes'
[18:30:20:954743 -06:00] [Thread 6428] extDB3: SQL: Error MariaDBQueryException: Input: DELETE FROM interpol_crimes WHERE id='247'
