
extDB3: https://bitbucket.org/torndeco/extdb3/wiki/Home
extDB3: Version: 1.031
extDB3: Windows Version
Message: All development for extDB3 is done on a Linux Dedicated Server
Message: If you would like to Donate to extDB3 Development
Message: https://www.paypal.com/cgi-bin/webscr?cmd=_s-xclick&hosted_button_id=2SUEFTGABTAM2
Message: Also leave a message if there is any particular feature you would like to see added.
Message: Thanks for all the people that have donated.
Message: Torndeco: 18/05/15


extDB3: Found extdb3-conf.ini
extDB3: Detected 8 Cores, Setting up 6 Worker Threads
extDB3: ...
extDB3: ...
extDB3: ...
extDB3: ...
extDB3: ...
extDB3: ...


[12:03:06:723088 +01:00] [Thread 4516] extDB3: SQL: Initialized: Add Quotes around TEXT Datatypes mode: 2
[12:03:06:723140 +01:00] [Thread 4516] extDB3: SQL: Initialized: NULL = ""
[12:03:06:723152 +01:00] [Thread 4516] extDB3: Locked
[23:28:03:291013 +01:00] [Thread 724] extDB3: SQL: Error MariaDBQueryException: DELETE command denied to user 'arma3'@'localhost' for table 'crafting_stations'
[23:28:03:291033 +01:00] [Thread 724] extDB3: SQL: Error MariaDBQueryException: Input: DELETE FROM crafting_stations WHERE id='21'
[23:28:41:649114 +01:00] [Thread 724] extDB3: SQL: Error MariaDBQueryException: DELETE command denied to user 'arma3'@'localhost' for table 'crafting_stations'
[23:28:41:649134 +01:00] [Thread 724] extDB3: SQL: Error MariaDBQueryException: Input: DELETE FROM crafting_stations WHERE id='20'
[23:29:34:322086 +01:00] [Thread 724] extDB3: SQL: Error MariaDBQueryException: DELETE command denied to user 'arma3'@'localhost' for table 'crafting_stations'
[23:29:34:322105 +01:00] [Thread 724] extDB3: SQL: Error MariaDBQueryException: Input: DELETE FROM crafting_stations WHERE id='10'
